Started by user [8mha:////4CxdUWQECjdXMwyVgfqeFaIP/aI9EkxHsnLryzaOJrJlAAAAmx+LCAAAAAAAAP9b85aBtbiIQTGjNKU4P08vOT+vOD8nVc83PyU1x6OyILUoJzMv2y+/JJUBAhiZGBgqihhk0NSjKDWzXb3RdlLBUSYGJk8GtpzUvPSSDB8G5tKinBIGIZ+sxLJE/ZzEvHT94JKizLx0a6BxUmjGOUNodHsLgAzmEgZ+/dLi1CL9nMzKxLyc/Lx0AJMuWZLEAAAA[0mÊùéÁÇéÈæô
Rebuilds build #[8mha:////4LeWxW1cVIOtYkSguPq2rw6Z3kVFljS8EttU1znI0D86AAAAsB+LCAAAAAAAAP9b85aBtbiIQTGjNKU4P08vOT+vOD8nVc83PyU1x6OyILUoJzMv2y+/JJUBAhiZGBgqihhk0NSjKDWzXb3RdlLBUSYGJk8GtpzUvPSSDB8G5tKinBIGIZ+sxLJE/ZzEvHT94JKizLx0a6BxUmjGOUNodHsLgAzmEgZV/bLM1HL94pRs/az8JP2S1OIS3aLSpKRKXaCQrrGpmZm+saE5AGX8owraAAAA[0m317
Running as SYSTEM
Building remotely on [8mha:////4GJECaSXI5jaa88kGHMmbEkdCg31N4g4yVAlsCFwflHgAAAAmR+LCAAAAAAAAP9b85aBtbiIQTGjNKU4P08vOT+vOD8nVc83PyU1x6OyILUoJzMv2y+/JJUBAhiZGBgqihhk0NSjKDWzXb3RdlLBUSYGJk8GtpzUvPSSDB8G5tKinBIGIZ+sxLJE/ZzEvHT94JKizLx0a6BxUmjGOUNodHsLgAzmEgZe/eT83ILSktQifUNLQwA4ziQnwgAAAA==[0m191 (192.168.50.191) in workspace /home/indemind/.jenkins_slave/workspace/test-rubby-sdk-3566
[WS-CLEANUP] Clean-up disabled, skipping workspace deletion.
No emails were triggered.
[test-rubby-sdk-3566] $ /bin/sh -xe /tmp/jenkins6023948227436237261.sh
+ bash /home/indemind/myscript/build/build.sh
++ export MYSQL_PWD=123
++ MYSQL_PWD=123
++ export -f cmdb_mysql
+ set -ex
+ export -f public_project_update
+ export -f project_build
+ init_project_env
++ date +%Y%m%d
+ DT=20231214
+ UserName=jenkins
+ API_TOKEN=11b65309c9835de9579d9c9038853d9eb7
+ GIT_PRIVATE_TOKEN=emEDrsaJVjxKK5gSWrf-
+ GIT_HOST=192.168.50.191
++ echo abby/integration/sdk
++ awk -F/ '{print $1"%2F"$2}'
+ CONVERT_TARGET_PROJECT=abby%2Fintegration
++ curl -XGET -H 'Content-Type: application/json' --header 'PRIVATE-TOKEN: emEDrsaJVjxKK5gSWrf-' http://192.168.50.191:85/api/v4/projects/abby%2Fintegration
++ python -c 'import sys, json; print(json.load(sys.stdin)["id"])'
  % Total    % Received % Xferd  Average Speed   Time    Time     Time  Current
                                 Dload  Upload   Total   Spent    Left  Speed
  0     0    0     0    0     0      0      0 --:--:-- --:--:-- --:--:--     0100    35  100    35    0     0    776      0 --:--:-- --:--:-- --:--:--   795
Traceback (most recent call last):
  File "<string>", line 1, in <module>
KeyError: 'id'
+ SUB_PROJECT_ID=
+ true
+ '[' -z ']'
+ SOURCE_DIR=/home/indemind/.jenkins_slave/workspace/test-rubby-sdk-3566/sdk_plubins
+ TARGET_DIR=/home/indemind/.jenkins_slave/workspace/test-rubby-sdk-3566/sdk
+ prepare_env
++ uname -m
+ system_platform=x86_64
+ :
++ cat /proc/cpuinfo
++ sort
++ grep processor
++ wc -l
++ uniq
+ mt=-j4
+ export COMMIT_ID_FILE=/home/indemind/.jenkins_slave/workspace/test-rubby-sdk-3566/_last_build_id
+ COMMIT_ID_FILE=/home/indemind/.jenkins_slave/workspace/test-rubby-sdk-3566/_last_build_id
+ export COMMIT_MSG_FILE=/home/indemind/.jenkins_slave/workspace/test-rubby-sdk-3566/_commit-msg
+ COMMIT_MSG_FILE=/home/indemind/.jenkins_slave/workspace/test-rubby-sdk-3566/_commit-msg
+ export COMMIT_MSG_FILE_TMP=/home/indemind/.jenkins_slave/workspace/test-rubby-sdk-3566/_commit-msg.tmp
+ COMMIT_MSG_FILE_TMP=/home/indemind/.jenkins_slave/workspace/test-rubby-sdk-3566/_commit-msg.tmp
+ rm -f /home/indemind/.jenkins_slave/workspace/test-rubby-sdk-3566/_last_build_id
+ rm -f /home/indemind/.jenkins_slave/workspace/test-rubby-sdk-3566/_commit-msg
+ rm -f /home/indemind/.jenkins_slave/workspace/test-rubby-sdk-3566/_commit-msg.tmp
+ rm -f /home/indemind/.jenkins_slave/workspace/test-rubby-sdk-3566/result.log
+ rm -f /home/indemind/.jenkins_slave/workspace/test-rubby-sdk-3566/no_code_change.log
+ CLONE_DEPTH=--depth=1
+ PUBLICBASETYPES_DIR=/home/indemind/system/I18RPublicBaseTypes
+ cmdb_mysql 'insert into prebuild(job_name,source_project,source_branch,target_project,target_branch,time,build_url,node_name,build_user) values ('\''test-rubby-sdk-3566'\'','\''abby/source/sdk_plubins'\'','\''CAF-66'\'','\''abby/integration/sdk'\'','\''dev'\'',now(),'\''http://192.168.50.191:8088/job/test-rubby-sdk-3566/318/'\'','\''191'\'','\''liyanlong'\'')'
+ set +x
+ DOCKER_CONTAINER_I18=build-x64-18.04
+ DOCKER_CONTAINER_RUBBY=c405
+ DOCKER_CONTAINER_RUBBY_INSIDE=c3566
+ DOCKER_CONTAINER_JAVA=node
+ JENKINS_JOB_A=mind
+ JENKINS_JOB_B=rbn
+ JENKINS_JOB_C=mark-check-tools
+ JENKINS_JOB_D=java
+ JENKINS_JOB_E=clean_recorder
+ JENKINS_JOB_F=i18r
+ JENKINS_JOB_G=nodejs
+ JENKINS_JOB_H=_ui
+ JENKINS_JOB_L=i12r
+ [[ test-rubby-sdk-3566 =~ mind ]]
+ '[' false = false ']'
+ source_project_update
+ '[' -d /home/indemind/.jenkins_slave/workspace/test-rubby-sdk-3566/sdk_plubins ']'
+ pushd /home/indemind/.jenkins_slave/workspace/test-rubby-sdk-3566/sdk_plubins
~/.jenkins_slave/workspace/test-rubby-sdk-3566/sdk_plubins ~/.jenkins_slave/workspace/test-rubby-sdk-3566
+ git checkout ./
+ git pull --rebase
Warning: Permanently added '[192.168.50.191]:222' (ECDSA) to the list of known hosts.
Êù•Ëá™ ssh://192.168.50.191:222/abby/source/sdk_plubins
   a67c8b7..8f57b90  CAF-66     -> origin/CAF-66
È¶ñÂÖàÔºåÂõûÈÄÄÂàÜÊîØ‰ª•‰æøÂú®‰∏äÈù¢ÈáçÊîæÊÇ®ÁöÑÂ∑•‰Ωú...
Âø´Ëøõ CAF-66 Ëá≥ 8f57b90534cbea5f30bbc9585f5b25a1f0d16a99„ÄÇ
+ popd
~/.jenkins_slave/workspace/test-rubby-sdk-3566
+ target_project_update
+ rm -rf /home/indemind/.jenkins_slave/workspace/test-rubby-sdk-3566/sdk
+ target_project_fetch
+ git clone ssh://git@192.168.50.191:222/abby/integration/sdk -b dev --depth=1
Ê≠£ÂÖãÈöÜÂà∞ 'sdk'...
Warning: Permanently added '[192.168.50.191]:222' (ECDSA) to the list of known hosts.
+ insert_db
+ pushd /home/indemind/.jenkins_slave/workspace/test-rubby-sdk-3566/sdk_plubins
~/.jenkins_slave/workspace/test-rubby-sdk-3566/sdk_plubins ~/.jenkins_slave/workspace/test-rubby-sdk-3566
++ cmdb_mysql 'SELECT first_commit_id FROM prebuild where source_project='\''abby/source/sdk_plubins'\'' and source_branch='\''CAF-66'\'' and target_project='\''abby/integration/sdk'\'' and target_branch='\''dev'\'' and status='\''0'\'' and job_name='\''test-rubby-sdk-3566'\'' order by id desc limit 1;'
++ set +x
+ version='first_commit_id
a67c8b7'
++ echo first_commit_id a67c8b7
++ awk -F ' ' '{print $2}'
+ version=a67c8b7
++ git log -1 --pretty=format:%h
+ first_commit_id_now=8f57b90
+ cmdb_mysql 'update prebuild set first_commit_id='\''8f57b90'\'' where build_url='\''http://192.168.50.191:8088/job/test-rubby-sdk-3566/318/'\'';'
+ set +x
+ popd
~/.jenkins_slave/workspace/test-rubby-sdk-3566
+ [[ x86_64 =~ x86_64 ]]
+ docker exec -i c3566 /bin/bash
+ [[ c3566 == c405 ]]
+ [[ c3566 == c3566 ]]
+ echo 'rubby project building in c3566......'
rubby project building in c3566......
+ pushd /root/system/abby_msg
~/system/abby_msg /
+ git checkout ./
+ git clean -xdf ./
+ git pull origin master
From ssh://192.168.50.191:222/abby/source/abby_msg
 * branch            master     -> FETCH_HEAD
Already up to date.
+ popd
/
+ pushd /home/indemind/.jenkins_slave/workspace/test-rubby-sdk-3566/sdk_plubins
/home/indemind/.jenkins_slave/workspace/test-rubby-sdk-3566/sdk_plubins /
+ git submodule update --init --recursive
Submodule path 'submodules/abby_msg': checked out '4a3bd0b2809445746bc10d8f3820cc82f4cadc53'
Submodule path 'submodules/protocol': checked out '4527abc9c59a9cb79178eff819923c633de5bddb'
+ git submodule update --remote
Submodule path 'submodules/abby_msg': checked out '5b864f9dfb33102df1eb7d37bf5399cd45a62230'
Submodule path 'submodules/protocol': checked out '7702afd9f992d3449feae9a23de3dc434cb394f0'
+ sed -i 's/make -j[0-9].*/make -j4/g' build.sh
+ '[' x8f57b90 == xa67c8b7 ']'
+ source /opt/ros/melodic/setup.bash
+ bash -ex build.sh
+ set -ex
+ git submodule update --init --recursive
Submodule path 'submodules/abby_msg': checked out '4a3bd0b2809445746bc10d8f3820cc82f4cadc53'
Submodule path 'submodules/protocol': checked out '4527abc9c59a9cb79178eff819923c633de5bddb'
+ git submodule update --remote
Submodule path 'submodules/abby_msg': checked out '5b864f9dfb33102df1eb7d37bf5399cd45a62230'
Submodule path 'submodules/protocol': checked out '7702afd9f992d3449feae9a23de3dc434cb394f0'
+ BuildDir=build
+ '[' -d build ']'
+ echo 'build is exist.'
build is exist.
+ cd build
+ cmake -DBUILD_ROS_NODE=ON -DUSE_ZK_ROBOT=OFF -DUSE_HMI_SIMULATOR=OFF ..
-- HOST_ARCH: armv8
-- Found OpenCV: /usr/local (found version "3.4.3") 
-- Found OpenCV: /usr/local (found suitable version "3.4.3", minimum required is "3.4") 
-- Boost version: 1.65.1
-- Found the following Boost libraries:
--   filesystem
--   system
boost found
-- info:/home/indemind/.jenkins_slave/workspace/test-rubby-sdk-3566/sdk_plubins/submodules/
-- BUILD_ROS_NODE=ON
-- Using CATKIN_DEVEL_PREFIX: /home/indemind/.jenkins_slave/workspace/test-rubby-sdk-3566/sdk_plubins/build/devel
-- Using CMAKE_PREFIX_PATH: /opt/ros/melodic
-- This workspace overlays: /opt/ros/melodic
-- Found PythonInterp: /usr/bin/python2 (found suitable version "2.7.17", minimum required is "2") 
-- Using PYTHON_EXECUTABLE: /usr/bin/python2
-- Using Debian Python package layout
-- Using empy: /usr/bin/empy
-- Using CATKIN_ENABLE_TESTING: ON
-- Call enable_testing()
-- Using CATKIN_TEST_RESULTS_DIR: /home/indemind/.jenkins_slave/workspace/test-rubby-sdk-3566/sdk_plubins/build/test_results
-- Found gtest sources under '/usr/src/googletest': gtests will be built
-- Found gmock sources under '/usr/src/googletest': gmock will be built
CMake Warning (dev) at /usr/src/googletest/CMakeLists.txt:3 (project):
  Policy CMP0048 is not set: project() command manages VERSION variables.
  Run "cmake --help-policy CMP0048" for policy details.  Use the cmake_policy
  command to set the policy and suppress this warning.

  The following variable(s) would be set to empty:

    PROJECT_VERSION
    PROJECT_VERSION_MAJOR
    PROJECT_VERSION_MINOR
This warning is for project developers.  Use -Wno-dev to suppress it.

CMake Warning (dev) at /usr/src/googletest/googlemock/CMakeLists.txt:40 (project):
  Policy CMP0048 is not set: project() command manages VERSION variables.
  Run "cmake --help-policy CMP0048" for policy details.  Use the cmake_policy
  command to set the policy and suppress this warning.

  The following variable(s) would be set to empty:

    PROJECT_VERSION
    PROJECT_VERSION_MAJOR
    PROJECT_VERSION_MINOR
This warning is for project developers.  Use -Wno-dev to suppress it.

CMake Warning (dev) at /usr/src/googletest/googletest/CMakeLists.txt:47 (project):
  Policy CMP0048 is not set: project() command manages VERSION variables.
  Run "cmake --help-policy CMP0048" for policy details.  Use the cmake_policy
  command to set the policy and suppress this warning.

  The following variable(s) would be set to empty:

    PROJECT_VERSION
    PROJECT_VERSION_MAJOR
    PROJECT_VERSION_MINOR
This warning is for project developers.  Use -Wno-dev to suppress it.

-- Found PythonInterp: /usr/bin/python2 (found version "2.7.17") 
-- Using Python nosetests: /usr/bin/nosetests-2.7
-- catkin 0.7.29
-- BUILD_SHARED_LIBS is on
-- Using these message generators: gencpp;geneus;genlisp;gennodejs;genpy
-- CONFIG_USE_ZK_ROBOT = 0
-- CONFIG_USE_HMI_SIMULATOR = 0
-- Configuring done
-- Generating done
-- Build files have been written to: /home/indemind/.jenkins_slave/workspace/test-rubby-sdk-3566/sdk_plubins/build
+ make -j4
Scanning dependencies of target bag_recorder_plugin
Scanning dependencies of target bag_player_plugin
[  1%] Building CXX object plugins/bag_player/CMakeFiles/bag_player_plugin.dir/src/player/PlayerManager.cpp.o
[  2%] Building CXX object plugins/bag_recorder/CMakeFiles/bag_recorder_plugin.dir/src/record/Recorder.cpp.o
Scanning dependencies of target hmi_plugin
[  3%] Building CXX object plugins/hmi/CMakeFiles/hmi_plugin.dir/src/HMINode.cpp.o
Scanning dependencies of target state_plugin
[  4%] Building CXX object plugins/state/CMakeFiles/state_plugin.dir/src/Context.cpp.o
[  5%] Building CXX object plugins/state/CMakeFiles/state_plugin.dir/src/StateNode.cpp.o
[  6%] Linking CXX shared library ../../../lib/arm/libbag_player_plugin.so
[  7%] Built target bag_player_plugin
[  8%] Building CXX object plugins/hmi/CMakeFiles/hmi_plugin.dir/src/hmi/hmi_manager.cpp.o
[ 10%] Linking CXX shared library ../../../lib/arm/libbag_recorder_plugin.so
[ 12%] Built target bag_recorder_plugin
[ 13%] Building CXX object plugins/hmi/CMakeFiles/hmi_plugin.dir/src/hmi/manual/manual_control.cpp.o
[ 15%] Built target monitor_resource_plugin
Scanning dependencies of target monitor_topic_plugin
[ 16%] Building CXX object plugins/monitor_topic/CMakeFiles/monitor_topic_plugin.dir/src/TopicMonitorNode.cpp.o
/home/indemind/.jenkins_slave/workspace/test-rubby-sdk-3566/sdk_plubins/plugins/hmi/src/hmi/hmi_manager.cpp: In member function 'void abby::HmiManager::Start()':
/home/indemind/.jenkins_slave/workspace/test-rubby-sdk-3566/sdk_plubins/plugins/hmi/src/hmi/hmi_manager.cpp:36:5: error: 'subCleanInfo' was not declared in this scope
     subCleanInfo= nh.subscribe<nav_msgs::CleanInfo>("/cleaninfo",
     ^~~~~~~~~~~~
/home/indemind/.jenkins_slave/workspace/test-rubby-sdk-3566/sdk_plubins/plugins/hmi/src/hmi/hmi_manager.cpp:36:5: note: suggested alternative: 'OnCleanInfo'
     subCleanInfo= nh.subscribe<nav_msgs::CleanInfo>("/cleaninfo",
     ^~~~~~~~~~~~
     OnCleanInfo
[ 17%] Building CXX object plugins/monitor_topic/CMakeFiles/monitor_topic_plugin.dir/src/TopicMonitor/TopicMonitor.cpp.o
[ 18%] Building CXX object plugins/state/CMakeFiles/state_plugin.dir/src/state/state/fault/FaultState.cpp.o
[ 18%] Building CXX object plugins/hmi/CMakeFiles/hmi_plugin.dir/src/hmi/auto/auto_control.cpp.o
plugins/hmi/CMakeFiles/hmi_plugin.dir/build.make:86: recipe for target 'plugins/hmi/CMakeFiles/hmi_plugin.dir/src/hmi/hmi_manager.cpp.o' failed
make[2]: *** [plugins/hmi/CMakeFiles/hmi_plugin.dir/src/hmi/hmi_manager.cpp.o] Error 1
make[2]: *** Waiting for unfinished jobs....
[ 25%] Built target sys_plugin
[ 26%] Building CXX object plugins/state/CMakeFiles/state_plugin.dir/src/state/state/fault2/Fault2State.cpp.o
[ 32%] Built target test_sys_plugin
[ 33%] Building CXX object plugins/state/CMakeFiles/state_plugin.dir/src/state/state/clean/CleaningState.cpp.o
[ 34%] Linking CXX shared library ../../../lib/arm/libmonitor_topic_plugin.so
[ 34%] Built target monitor_topic_plugin
[ 35%] Building CXX object plugins/state/CMakeFiles/state_plugin.dir/src/state/state/mapping_clean/MapCleaningState.cpp.o
Build was aborted
Aborted by [8mha:////4CxdUWQECjdXMwyVgfqeFaIP/aI9EkxHsnLryzaOJrJlAAAAmx+LCAAAAAAAAP9b85aBtbiIQTGjNKU4P08vOT+vOD8nVc83PyU1x6OyILUoJzMv2y+/JJUBAhiZGBgqihhk0NSjKDWzXb3RdlLBUSYGJk8GtpzUvPSSDB8G5tKinBIGIZ+sxLJE/ZzEvHT94JKizLx0a6BxUmjGOUNodHsLgAzmEgZ+/dLi1CL9nMzKxLyc/Lx0AJMuWZLEAAAA[0mÊùéÁÇéÈæô
/home/indemind/myscript/build/build.sh: Ë°å 411: 24835 Â∑≤ÁªàÊ≠¢               docker exec -i ${DOCKER_CONTAINER:-$DOCKER_CONTAINER_I18} /bin/bash  <<EOF
    set -x
    if  [[ ${DOCKER_CONTAINER:-$DOCKER_CONTAINER_I18} == $DOCKER_CONTAINER_RUBBY ]] || [[ ${DOCKER_CONTAINER:-$DOCKER_CONTAINER_I18} == $DOCKER_CONTAINER_RUBBY_INSIDE ]];then
        echo "rubby project building in ${DOCKER_CONTAINER:-$DOCKER_CONTAINER_I18}......"
	pushd ~/system/abby_msg
    	git checkout ./ && git clean -xdf ./
    	git pull origin master
    	popd
    elif [[ ${JOB_NAME} =~ "$JENKINS_JOB_A"  ]] || [[ ${DOCKER_CONTAINER:-$DOCKER_CONTAINER_I18} == $DOCKER_CONTAINER_JAVA ]];then
        echo "-------------------------------------"
    else
    	pushd ~/system/I18RPublicBaseTypes
    	git checkout ./ && git clean -xdf ./
    	git pull origin develop
    	./install.sh
    	popd

    	pushd ~/system/i18rutilitysubmodule
    	git checkout ./ && git clean -xdf ./
    	git pull origin develop
   	./install.sh
    	popd
    fi

    pushd $SOURCE_DIR
    (
        git submodule update --init --recursive
        git submodule update --remote
    ) || true
    sed -i "s/make -j[0-9].*/make $mt/g" $BUILD_SCRIPT
    if ! [ "x${first_commit_id_now// /}" == "x${version// /}" ];then
       source /opt/ros/melodic/setup.bash &> /dev/null
       bash -ex  $BUILD_SCRIPT $nub || echo $? > $WORKSPACE/result.log
    elif [ "$KEEP_BUILD" = true ];then
       source /opt/ros/melodic/setup.bash &> /dev/null
       bash -ex  $BUILD_SCRIPT $nub || echo $? > $WORKSPACE/result.log
    else
	echo  > $WORKSPACE/no_code_change.log
    fi
    popd
    exit
EOF

No emails were triggered.
Finished: ABORTED
