Started by upstream project "[8mha:////4NiYoXo/Z3Av0U47DRMegFK/RrcR+eu2G6oZkksFA1fBAAAAnR+LCAAAAAAAAP9b85aBtbiIQTGjNKU4P08vOT+vOD8nVc83PyU1x6OyILUoJzMv2y+/JJUBAhiZGBgqihhk0NSjKDWzXb3RdlLBUSYGJk8GtpzUvPSSDB8G5tKinBIGIZ+sxLJE/ZzEvHT94JKizLx0a6BxUmjGOUNodHsLgAzuEgZB/az8JP1MQ4ui+HQj3aL8Yn0AzriuhcYAAAA=[0mi18r_g2-ros" build number [8mha:////4O538nsug2ubFA/zih3AjocmCfcgxoNvA2793z0r+51SAAAAnx+LCAAAAAAAAP9b85aBtbiIQTGjNKU4P08vOT+vOD8nVc83PyU1x6OyILUoJzMv2y+/JJUBAhiZGBgqihhk0NSjKDWzXb3RdlLBUSYGJk8GtpzUvPSSDB8G5tKinBIGIZ+sxLJE/ZzEvHT94JKizLx0a6BxUmjGOUNodHsLgAymEgZh/az8JP1MQ4ui+HQj3aL8Yn0TQwCceupqyAAAAA==[0m41
originally caused by:
 Started by user [8mha:////4FnlWQBsNc1kE46sb6wQIYm1OYOndm3xNctGmRrlBdNSAAAAmB+LCAAAAAAAAP9b85aBtbiIQTGjNKU4P08vOT+vOD8nVc83PyU1x6OyILUoJzMv2y+/JJUBAhiZGBgqihhk0NSjKDWzXb3RdlLBUSYGJk8GtpzUvPSSDB8G5tKinBIGIZ+sxLJE/ZzEvHT94JKizLx0a6BxUmjGOUNodHsLgAyOEgYe/dLi1CL9nMz8vNQcAEVUqZfBAAAA[0mLiuziwen
 Started by upstream project "[8mha:////4K5UfDZnmVVGNhdwY2rD0GJOpred+4I3O7+AOdEYYpVNAAAApB+LCAAAAAAAAP9b85aBtbiIQTGjNKU4P08vOT+vOD8nVc83PyU1x6OyILUoJzMv2y+/JJUBAhiZGBgqihhk0NSjKDWzXb3RdlLBUSYGJk8GtpzUvPSSDB8G5tKinBIGIZ+sxLJE/ZzEvHT94JKizLx0a6BxUmjGOUNodHsLgAzuEgYp/bLM1HL9ovxi/az8JP1MQ4ui+HQjXRAfACq0wujPAAAA[0mi18r_g2-ros" build number [8mha:////4BDn6LDWd56dDZxVqU/jPyWgPB6ef9+pFFrDO8DJC5LvAAAAph+LCAAAAAAAAP9b85aBtbiIQTGjNKU4P08vOT+vOD8nVc83PyU1x6OyILUoJzMv2y+/JJUBAhiZGBgqihhk0NSjKDWzXb3RdlLBUSYGJk8GtpzUvPSSDB8G5tKinBIGIZ+sxLJE/ZzEvHT94JKizLx0a6BxUmjGOUNodHsLgAymEgYZ/bLM1HL9ovxi/az8JP1MQ4ui+HQjXRDfxAAAvGPi/NEAAAA=[0m40
 originally caused by:
  Started by user [8mha:////4GZLdJ3zYVtTaCml8iVum++M0lnTj7l+sRg8SaQVn3p2AAAAlR+LCAAAAAAAAP9b85aBtbiIQTGjNKU4P08vOT+vOD8nVc83PyU1x6OyILUoJzMv2y+/JJUBAhiZGBgqihhk0NSjKDWzXb3RdlLBUSYGJk8GtpzUvPSSDB8G5tKinBIGIZ+sxLJE/ZzEvHT94JKizLx0a6BxUmjGOUNodHsLgAy+EgZO/dLi1CL98uJiAKhZb0u+AAAA[0mwangshuaishuai
Started by user [8mha:////4FnlWQBsNc1kE46sb6wQIYm1OYOndm3xNctGmRrlBdNSAAAAmB+LCAAAAAAAAP9b85aBtbiIQTGjNKU4P08vOT+vOD8nVc83PyU1x6OyILUoJzMv2y+/JJUBAhiZGBgqihhk0NSjKDWzXb3RdlLBUSYGJk8GtpzUvPSSDB8G5tKinBIGIZ+sxLJE/ZzEvHT94JKizLx0a6BxUmjGOUNodHsLgAyOEgYe/dLi1CL9nMz8vNQcAEVUqZfBAAAA[0mLiuziwen
Rebuilds build #[8mha:////4CczKvFYAyikrS3HUulNw5P06bAELj4axA1kMQoS/FzeAAAArR+LCAAAAAAAAP9b85aBtbiIQTGjNKU4P08vOT+vOD8nVc83PyU1x6OyILUoJzMv2y+/JJUBAhiZGBgqihhk0NSjKDWzXb3RdlLBUSYGJk8GtpzUvPSSDB8G5tKinBIGIZ+sxLJE/ZzEvHT94JKizLx0a6BxUmjGOUNodHsLgAymEgZl/bLM1HL9ovxi/az8JP1MQ4ui+HSj+JTUgpz8yniQsLkRAE6Y7/vYAAAA[0m72
Running as SYSTEM
Building remotely on [8mha:////4P1a+jSCm2+jQZ3VRdJij7cRjyhx4PB7el9tXnyqLu2zAAAAoR+LCAAAAAAAAP9b85aBtbiIQTGjNKU4P08vOT+vOD8nVc83PyU1x6OyILUoJzMv2y+/JJUBAhiZGBgqihhk0NSjKDWzXb3RdlLBUSYGJk8GtpzUvPSSDB8G5tKinBIGIZ+sxLJE/ZzEvHT94JKizLx0a6BxUmjGOUNodHsLgAzuEgZR/eT83ILSktQi/eyMxJTEYt3kxCITAOR6YlPKAAAA[0mkhadas-car4 (car4) in workspace /root/workspace/workspace/i18r_g2_deploy_ros
[WS-CLEANUP] Clean-up disabled, skipping workspace deletion.
[i18r_g2_deploy_ros] $ /bin/sh -xe /tmp/jenkins12962598281156065033.sh
+ bash /root/myscript/build/build.sh
++ export MYSQL_PWD=123
++ MYSQL_PWD=123
++ export -f cmdb_mysql
+ set -ex
+ export -f public_project_update
+ export -f project_build
+ init_project_env
++ date +%Y%m%d
+ DT=20231201
+ UserName=jenkins
+ API_TOKEN=11b65309c9835de9579d9c9038853d9eb7
+ GIT_PRIVATE_TOKEN=emEDrsaJVjxKK5gSWrf-
+ GIT_HOST=192.168.50.191
++ echo repid_deploy/integration/navigation_plugins
++ awk -F/ '{print $1"%2F"$2}'
+ CONVERT_TARGET_PROJECT=repid_deploy%2Fintegration
++ python -c 'import sys, json; print(json.load(sys.stdin)["id"])'
++ curl -XGET -H 'Content-Type: application/json' --header 'PRIVATE-TOKEN: emEDrsaJVjxKK5gSWrf-' http://192.168.50.191:85/api/v4/projects/repid_deploy%2Fintegration
  % Total    % Received % Xferd  Average Speed   Time    Time     Time  Current
                                 Dload  Upload   Total   Spent    Left  Speed
  0     0    0     0    0     0      0      0 --:--:-- --:--:-- --:--:--     0100    35  100    35    0     0    744      0 --:--:-- --:--:-- --:--:--   744
Traceback (most recent call last):
  File "<string>", line 1, in <module>
KeyError: 'id'
+ SUB_PROJECT_ID=
+ true
+ '[' -z sp ']'
+ SOURCE_DIR=/root/workspace/workspace/i18r_g2_deploy_ros/sp
+ TARGET_DIR=/root/workspace/workspace/i18r_g2_deploy_ros/navigation_plugins
+ prepare_env
++ uname -m
+ system_platform=aarch64
+ :
++ cat /proc/cpuinfo
++ grep processor
++ wc -l
++ sort
++ uniq
+ mt=-j4
+ export COMMIT_ID_FILE=/root/workspace/workspace/i18r_g2_deploy_ros/_last_build_id
+ COMMIT_ID_FILE=/root/workspace/workspace/i18r_g2_deploy_ros/_last_build_id
+ export COMMIT_MSG_FILE=/root/workspace/workspace/i18r_g2_deploy_ros/_commit-msg
+ COMMIT_MSG_FILE=/root/workspace/workspace/i18r_g2_deploy_ros/_commit-msg
+ export COMMIT_MSG_FILE_TMP=/root/workspace/workspace/i18r_g2_deploy_ros/_commit-msg.tmp
+ COMMIT_MSG_FILE_TMP=/root/workspace/workspace/i18r_g2_deploy_ros/_commit-msg.tmp
+ rm -f /root/workspace/workspace/i18r_g2_deploy_ros/_last_build_id
+ rm -f /root/workspace/workspace/i18r_g2_deploy_ros/_commit-msg
+ rm -f /root/workspace/workspace/i18r_g2_deploy_ros/_commit-msg.tmp
+ rm -f /root/workspace/workspace/i18r_g2_deploy_ros/result.log
+ rm -f /root/workspace/workspace/i18r_g2_deploy_ros/no_code_change.log
+ CLONE_DEPTH=--depth=1
+ PUBLICBASETYPES_DIR=/root/system/I18RPublicBaseTypes
+ cmdb_mysql 'insert into prebuild(job_name,source_project,source_branch,target_project,target_branch,time,build_url,node_name,build_user) values ('\''i18r_g2_deploy_ros'\'','\''repid_deploy/source/navigation_plugins'\'','\''i18r_g2'\'','\''repid_deploy/integration/navigation_plugins'\'','\''i18r_g2'\'',now(),'\''http://192.168.50.191:8088/job/i18r_g2_deploy_ros/73/'\'','\''khadas-car4'\'','\''lionel'\'')'
+ set +x
+ DOCKER_CONTAINER_I18=build-x64-18.04
+ DOCKER_CONTAINER_RUBBY=c405
+ DOCKER_CONTAINER_RUBBY_INSIDE=c3566
+ DOCKER_CONTAINER_JAVA=node
+ JENKINS_JOB_A=mind
+ JENKINS_JOB_B=rbn
+ JENKINS_JOB_C=mark-check-tools
+ JENKINS_JOB_D=java
+ JENKINS_JOB_E=clean_recorder
+ JENKINS_JOB_F=i18r
+ JENKINS_JOB_G=nodejs
+ JENKINS_JOB_H=_ui
+ JENKINS_JOB_L=i12r
+ [[ i18r_g2_deploy_ros =~ mind ]]
+ '[' false = false ']'
+ source_project_update
+ '[' -d /root/workspace/workspace/i18r_g2_deploy_ros/sp ']'
+ pushd /root/workspace/workspace/i18r_g2_deploy_ros/sp
~/workspace/workspace/i18r_g2_deploy_ros/sp ~/workspace/workspace/i18r_g2_deploy_ros
+ git checkout ./
+ git pull --rebase
Êù•Ëá™ ssh://192.168.50.191:222/repid_deploy/source/navigation_plugins
   4be15d3..5bade81  i18r_g2    -> origin/i18r_g2
Êõ¥Êñ∞ 4be15d3..5bade81
Fast-forward
 src/plugins/navigation/src/NavigationNode.cpp | 2 +-
 1 file changed, 1 insertion(+), 1 deletion(-)
ÂΩìÂâçÂàÜÊîØ i18r_g2 ÊòØÊúÄÊñ∞ÁöÑ„ÄÇ
+ popd
~/workspace/workspace/i18r_g2_deploy_ros
+ target_project_update
+ rm -rf /root/workspace/workspace/i18r_g2_deploy_ros/navigation_plugins
+ target_project_fetch
+ git clone ssh://git@192.168.50.191:222/repid_deploy/integration/navigation_plugins -b i18r_g2 --depth=1
Ê≠£ÂÖãÈöÜÂà∞ 'navigation_plugins'...
+ insert_db
+ pushd /root/workspace/workspace/i18r_g2_deploy_ros/sp
~/workspace/workspace/i18r_g2_deploy_ros/sp ~/workspace/workspace/i18r_g2_deploy_ros
++ cmdb_mysql 'SELECT first_commit_id FROM prebuild where source_project='\''repid_deploy/source/navigation_plugins'\'' and source_branch='\''i18r_g2'\'' and target_project='\''repid_deploy/integration/navigation_plugins'\'' and target_branch='\''i18r_g2'\'' and status='\''0'\'' and job_name='\''i18r_g2_deploy_ros'\'' order by id desc limit 1;'
++ set +x
+ version='first_commit_id
4be15d3'
++ awk -F ' ' '{print $2}'
++ echo first_commit_id 4be15d3
+ version=4be15d3
++ git log -1 --pretty=format:%h
+ first_commit_id_now=5bade81
+ cmdb_mysql 'update prebuild set first_commit_id='\''5bade81'\'' where build_url='\''http://192.168.50.191:8088/job/i18r_g2_deploy_ros/73/'\'';'
+ set +x
+ popd
~/workspace/workspace/i18r_g2_deploy_ros
+ [[ aarch64 =~ x86_64 ]]
+ [[ i18r_g2_deploy_ros =~ rbn ]]
+ [[ i18r_g2_deploy_ros =~ mind ]]
+ public_project_update
+ rm -rf /root/system/I18RPublicBaseTypes
+ [[ i18r_g2_deploy_ros =~ nodejs ]]
+ [[ i18r_g2_deploy_ros =~ clean_recorder ]]
+ [[ i18r_g2_deploy_ros =~ i18r ]]
+ git clone ssh://git@192.168.50.191:222/AroundI18RProject/I18RPublicBaseTypes.git /root/system/I18RPublicBaseTypes -b develop --depth=1
Ê≠£ÂÖãÈöÜÂà∞ '/root/system/I18RPublicBaseTypes'...
+ public_project_todo
+ pushd /root/system/I18RPublicBaseTypes
~/system/I18RPublicBaseTypes ~/workspace/workspace/i18r_g2_deploy_ros
+ ./install.sh
-- The C compiler identification is GNU 7.5.0
-- The CXX compiler identification is GNU 7.5.0
-- Check for working C compiler: /usr/bin/cc
-- Check for working C compiler: /usr/bin/cc -- works
-- Detecting C compiler ABI info
-- Detecting C compiler ABI info - done
-- Detecting C compile features
-- Detecting C compile features - done
-- Check for working CXX compiler: /usr/bin/c++
-- Check for working CXX compiler: /usr/bin/c++ -- works
-- Detecting CXX compiler ABI info
-- Detecting CXX compiler ABI info - done
-- Detecting CXX compile features
-- Detecting CXX compile features - done
-- CMAKE_INSTALL_PREFIX: /usr/local.
-- I18R_INCLUDE_INSTALL_DIR: /usr/local/include/I18RPublicBaseTypes.
-- CMAKE_CURRENT_SOURCE_DIR: /root/system/I18RPublicBaseTypes.
-- Configuring done
-- Generating done
-- Build files have been written to: /root/system/I18RPublicBaseTypes/build
sudo: Êó†Ê≥ïËß£Êûê‰∏ªÊú∫Ôºöcar4
Install the project...
-- Install configuration: "Release"
-- Installing: /usr/local/include/I18RPublicBaseTypes/base_types.h
-- Installing: /usr/local/include/I18RPublicBaseTypes/calibr_types.h
-- Installing: /usr/local/include/I18RPublicBaseTypes/cloud_types.h
-- Installing: /usr/local/include/I18RPublicBaseTypes/control_types.h
-- Installing: /usr/local/include/I18RPublicBaseTypes/depth_types.h
-- Installing: /usr/local/include/I18RPublicBaseTypes/detector_types.h
-- Installing: /usr/local/include/I18RPublicBaseTypes/error_types.h
-- Installing: /usr/local/include/I18RPublicBaseTypes/geometry_types.h
-- Installing: /usr/local/include/I18RPublicBaseTypes/hmi_types.h
-- Installing: /usr/local/include/I18RPublicBaseTypes/imsee_types.h
-- Installing: /usr/local/include/I18RPublicBaseTypes/marker_types.h
-- Installing: /usr/local/include/I18RPublicBaseTypes/msg_types.h
-- Installing: /usr/local/include/I18RPublicBaseTypes/old_hmi_types.h
-- Installing: /usr/local/include/I18RPublicBaseTypes/sensor_types.h
-- Installing: /usr/local/include/I18RPublicBaseTypes/server_types.h
-- Installing: /usr/local/include/I18RPublicBaseTypes/slam_types.h
-- Installing: /usr/local/include/I18RPublicBaseTypes/swr_types.h
-- Installing: /usr/local/include/I18RPublicBaseTypes/README.md
-- Installing: /usr/local/include/I18RPublicBaseTypes/base/Data.h
-- Installing: /usr/local/include/I18RPublicBaseTypes/base/ErrorInfo.h
-- Installing: /usr/local/include/I18RPublicBaseTypes/base/ErrorMessage.h
-- Installing: /usr/local/include/I18RPublicBaseTypes/base/FormatData.h
-- Installing: /usr/local/include/I18RPublicBaseTypes/base/InternalErrorCode.h
-- Installing: /usr/local/include/I18RPublicBaseTypes/base/Module.h
-- Installing: /usr/local/include/I18RPublicBaseTypes/base/README.md
-- Installing: /usr/local/include/I18RPublicBaseTypes/base/ThreadInfo.h
-- Installing: /usr/local/include/I18RPublicBaseTypes/base/Time.h
-- Installing: /usr/local/include/I18RPublicBaseTypes/base/WorkStatus.h
-- Installing: /usr/local/include/I18RPublicBaseTypes/calibr/Cameara2Camera.h
-- Installing: /usr/local/include/I18RPublicBaseTypes/calibr/Camera2Lidar.h
-- Installing: /usr/local/include/I18RPublicBaseTypes/calibr/Camera2Odometry.h
-- Installing: /usr/local/include/I18RPublicBaseTypes/calibr/Camera2Tof.h
-- Installing: /usr/local/include/I18RPublicBaseTypes/calibr/Imu2Odometry.h
-- Installing: /usr/local/include/I18RPublicBaseTypes/calibr/README.md
-- Installing: /usr/local/include/I18RPublicBaseTypes/calibr/Transform.h
-- Installing: /usr/local/include/I18RPublicBaseTypes/cloud/README.md
-- Installing: /usr/local/include/I18RPublicBaseTypes/control/PointCloud.h
-- Installing: /usr/local/include/I18RPublicBaseTypes/control/README.md
-- Installing: /usr/local/include/I18RPublicBaseTypes/control/autoClean_property.h
-- Installing: /usr/local/include/I18RPublicBaseTypes/control/clean_path.h
-- Installing: /usr/local/include/I18RPublicBaseTypes/control/current_type.h
-- Installing: /usr/local/include/I18RPublicBaseTypes/control/drop_event.h
-- Installing: /usr/local/include/I18RPublicBaseTypes/control/grass_boundary.h
-- Installing: /usr/local/include/I18RPublicBaseTypes/control/pose.h
-- Installing: /usr/local/include/I18RPublicBaseTypes/control/robot_event.h
-- Installing: /usr/local/include/I18RPublicBaseTypes/control/robot_status.h
-- Installing: /usr/local/include/I18RPublicBaseTypes/control/work_mode.h
-- Installing: /usr/local/include/I18RPublicBaseTypes/control/work_runs.h
-- Installing: /usr/local/include/I18RPublicBaseTypes/depth/CalibrationImage.h
-- Installing: /usr/local/include/I18RPublicBaseTypes/depth/DepthMatrix.h
-- Installing: /usr/local/include/I18RPublicBaseTypes/depth/DepthPointCloud.h
-- Installing: /usr/local/include/I18RPublicBaseTypes/depth/GrassBoundary.h
-- Installing: /usr/local/include/I18RPublicBaseTypes/depth/LightAdjustment.h
-- Installing: /usr/local/include/I18RPublicBaseTypes/depth/README.md
-- Installing: /usr/local/include/I18RPublicBaseTypes/depth/SourceImage.h
-- Installing: /usr/local/include/I18RPublicBaseTypes/detector/DetectorResult.h
-- Installing: /usr/local/include/I18RPublicBaseTypes/detector/README.md
-- Installing: /usr/local/include/I18RPublicBaseTypes/detector/class.h
-- Installing: /usr/local/include/I18RPublicBaseTypes/detector/detect_types.h
-- Installing: /usr/local/include/I18RPublicBaseTypes/detector/detector_param.h
-- Installing: /usr/local/include/I18RPublicBaseTypes/detector/error_code.h
-- Installing: /usr/local/include/I18RPublicBaseTypes/detector/instance.h
-- Installing: /usr/local/include/I18RPublicBaseTypes/detector/map.h
-- Installing: /usr/local/include/I18RPublicBaseTypes/geometry/EulerAngle.h
-- Installing: /usr/local/include/I18RPublicBaseTypes/geometry/Point.h
-- Installing: /usr/local/include/I18RPublicBaseTypes/geometry/Quaternion.h
-- Installing: /usr/local/include/I18RPublicBaseTypes/hmi/README.md
-- Installing: /usr/local/include/I18RPublicBaseTypes/hmi/gen.sh
-- Installing: /usr/local/include/I18RPublicBaseTypes/hmi/public.fbs
-- Installing: /usr/local/include/I18RPublicBaseTypes/hmi/report.fbs
-- Installing: /usr/local/include/I18RPublicBaseTypes/hmi/request.fbs
-- Installing: /usr/local/include/I18RPublicBaseTypes/hmi/response.fbs
-- Installing: /usr/local/include/I18RPublicBaseTypes/hmi/public_generated.h
-- Installing: /usr/local/include/I18RPublicBaseTypes/hmi/report_generated.h
-- Installing: /usr/local/include/I18RPublicBaseTypes/hmi/request_generated.h
-- Installing: /usr/local/include/I18RPublicBaseTypes/hmi/response_generated.h
-- Installing: /usr/local/include/I18RPublicBaseTypes/hmi/public.h
-- Installing: /usr/local/include/I18RPublicBaseTypes/hmi/report.h
-- Installing: /usr/local/include/I18RPublicBaseTypes/hmi/request.h
-- Installing: /usr/local/include/I18RPublicBaseTypes/hmi/response.h
-- Installing: /usr/local/include/I18RPublicBaseTypes/imsee/CImseeImage.h
-- Installing: /usr/local/include/I18RPublicBaseTypes/imsee/CImseeImu.h
-- Installing: /usr/local/include/I18RPublicBaseTypes/imsee/CImseeMsgHotplug.h
-- Installing: /usr/local/include/I18RPublicBaseTypes/imsee/CImseeMsgImage.h
-- Installing: /usr/local/include/I18RPublicBaseTypes/imsee/CImseeMsgImu.h
-- Installing: /usr/local/include/I18RPublicBaseTypes/imsee/CImseeMsgParam.h
-- Installing: /usr/local/include/I18RPublicBaseTypes/imsee/CameraParameter.h
-- Installing: /usr/local/include/I18RPublicBaseTypes/imsee/CameraParameterOld.h
-- Installing: /usr/local/include/I18RPublicBaseTypes/imsee/IMUParameter.h
-- Installing: /usr/local/include/I18RPublicBaseTypes/imsee/ModuleInfo.h
-- Installing: /usr/local/include/I18RPublicBaseTypes/imsee/MoudleAllParam.h
-- Installing: /usr/local/include/I18RPublicBaseTypes/imsee/Resolution.h
-- Installing: /usr/local/include/I18RPublicBaseTypes/imsee/SDebugSet.h
-- Installing: /usr/local/include/I18RPublicBaseTypes/imsee/SlamParameter.h
-- Installing: /usr/local/include/I18RPublicBaseTypes/imsee/StreamType.h
-- Installing: /usr/local/include/I18RPublicBaseTypes/marker/MarkerState.h
-- Installing: /usr/local/include/I18RPublicBaseTypes/marker/state.h
-- Installing: /usr/local/include/I18RPublicBaseTypes/msg/AFI.h
-- Installing: /usr/local/include/I18RPublicBaseTypes/msg/Basic.h
-- Installing: /usr/local/include/I18RPublicBaseTypes/msg/Config.h
-- Installing: /usr/local/include/I18RPublicBaseTypes/msg/Log.h
-- Installing: /usr/local/include/I18RPublicBaseTypes/msg/Route.h
-- Installing: /usr/local/include/I18RPublicBaseTypes/msg/Work.h
-- Installing: /usr/local/include/I18RPublicBaseTypes/sensor/BumperEvent.h
-- Installing: /usr/local/include/I18RPublicBaseTypes/sensor/CleanEvent.h
-- Installing: /usr/local/include/I18RPublicBaseTypes/sensor/CliffData.h
-- Installing: /usr/local/include/I18RPublicBaseTypes/sensor/CliffEvent.h
-- Installing: /usr/local/include/I18RPublicBaseTypes/sensor/CtrlType.h
-- Installing: /usr/local/include/I18RPublicBaseTypes/sensor/DropEvent.h
-- Installing: /usr/local/include/I18RPublicBaseTypes/sensor/EncoderData.h
-- Installing: /usr/local/include/I18RPublicBaseTypes/sensor/LaserScan.h
-- Installing: /usr/local/include/I18RPublicBaseTypes/sensor/PointCloud2.h
-- Installing: /usr/local/include/I18RPublicBaseTypes/sensor/RobotChassisEvent.h
-- Installing: /usr/local/include/I18RPublicBaseTypes/sensor/SonyCamera.h
-- Installing: /usr/local/include/I18RPublicBaseTypes/sensor/StartStopSwitchEvent.h
-- Installing: /usr/local/include/I18RPublicBaseTypes/sensor/TofDepthData.h
-- Installing: /usr/local/include/I18RPublicBaseTypes/sensor/TofDepthImg.h
-- Installing: /usr/local/include/I18RPublicBaseTypes/sensor/TofGrayImg.h
-- Installing: /usr/local/include/I18RPublicBaseTypes/sensor/TofPointCloud.h
-- Installing: /usr/local/include/I18RPublicBaseTypes/sensor/UltraData.h
-- Installing: /usr/local/include/I18RPublicBaseTypes/sensor/UsbHotplug.h
-- Installing: /usr/local/include/I18RPublicBaseTypes/sensor/VelocityCmd.h
-- Installing: /usr/local/include/I18RPublicBaseTypes/sensor/VelocityData.h
-- Installing: /usr/local/include/I18RPublicBaseTypes/server/DataRateState.h
-- Installing: /usr/local/include/I18RPublicBaseTypes/server/SystemState.h
-- Installing: /usr/local/include/I18RPublicBaseTypes/server/UserOperation.h
-- Installing: /usr/local/include/I18RPublicBaseTypes/slam/Pose.h
-- Installing: /usr/local/include/I18RPublicBaseTypes/slam/README.md
-- Installing: /usr/local/include/I18RPublicBaseTypes/slam/SlamResult.h
-- Installing: /usr/local/include/I18RPublicBaseTypes/slam/SlamState.h
-- Installing: /usr/local/include/I18RPublicBaseTypes/error/ErrorCode.h
-- Installing: /usr/local/include/I18RPublicBaseTypes/error/ErrorEvent.h
-- Installing: /usr/local/include/I18RPublicBaseTypes/error/ErrorMessage.h
-- Installing: /usr/local/include/I18RPublicBaseTypes/error/ErrorTable.h
-- Installing: /usr/local/include/I18RPublicBaseTypes/error/IceErrorCode.h
-- Installing: /usr/local/include/I18RPublicBaseTypes/error/error_maps.yaml
sudo: Êó†Ê≥ïËß£Êûê‰∏ªÊú∫Ôºöcar4
+ popd
~/workspace/workspace/i18r_g2_deploy_ros
+ public_i18rutilitysubmodule_update
+ pushd /root/system/i18rutilitysubmodule
~/system/i18rutilitysubmodule ~/workspace/workspace/i18r_g2_deploy_ros
+ git checkout ./
+ git clean -xdf ./
+ git pull origin develop
Êù•Ëá™ ssh://192.168.50.191:222/AroundI18RProject/i18rutilitysubmodule
 * branch            develop    -> FETCH_HEAD
Â∑≤ÁªèÊòØÊúÄÊñ∞ÁöÑ„ÄÇ
+ ./install.sh
sudo: Êó†Ê≥ïËß£Êûê‰∏ªÊú∫Ôºöcar4
+ popd
~/workspace/workspace/i18r_g2_deploy_ros
+ project_build
+ pushd /root/workspace/workspace/i18r_g2_deploy_ros/sp
~/workspace/workspace/i18r_g2_deploy_ros/sp ~/workspace/workspace/i18r_g2_deploy_ros
+ project_init_remote
++ find -type f -name sync_submodules.sh
+ sf=
+ '[' -z ']'
+ git submodule update --init --recursive
Â≠êÊ®°ÁªÑË∑ØÂæÑ 'submodules/I18RNavigationSubmodule'ÔºöÊ£ÄÂá∫ '26c08925ed401334fe89cb70640b096daeecad96'
Â≠êÊ®°ÁªÑË∑ØÂæÑ 'submodules/i18rconfig'ÔºöÊ£ÄÂá∫ 'a3084e05c1883478147b9148cc1fbd082399a34c'
Â≠êÊ®°ÁªÑË∑ØÂæÑ 'submodules/messages'ÔºöÊ£ÄÂá∫ 'ccd3dc69e33b55eeabc7884b89d5d438dff1b8ee'
+ git submodule update --remote
Êù•Ëá™ http://192.168.50.191:85/AroundI18RProject/I18RNavigationSubmodule
   e40e47fa..842a868d  i18r_gx    -> origin/i18r_gx
Â≠êÊ®°ÁªÑË∑ØÂæÑ 'submodules/I18RNavigationSubmodule'ÔºöÊ£ÄÂá∫ 'd5bbc253101fe0eb5064915709c661c946281dc9'
Êù•Ëá™ ssh://192.168.50.191:222/AroundI18RProject/i18rconfig
   081fb92..05150a5  dev        -> origin/dev
   517a216..51fabfa  i18r_g2    -> origin/i18r_g2
Â≠êÊ®°ÁªÑË∑ØÂæÑ 'submodules/i18rconfig'ÔºöÊ£ÄÂá∫ '51fabfa559f536cf67c486ad55c7dde9216231b3'
Â≠êÊ®°ÁªÑË∑ØÂæÑ 'submodules/messages'ÔºöÊ£ÄÂá∫ 'df38ded6eb6ca1b439fc327729ab8585abcf03f0'
+ sed -i 's/make -j[0-9].*/make -j4/g' scripts/compile.sh
+ '[' -z ']'
+ '[' x5bade81 == x4be15d3 ']'
+ bash -ex scripts/compile.sh
+ main
+ git submodule update --init --recursive
Â≠êÊ®°ÁªÑË∑ØÂæÑ 'submodules/I18RNavigationSubmodule'ÔºöÊ£ÄÂá∫ '26c08925ed401334fe89cb70640b096daeecad96'
Â≠êÊ®°ÁªÑË∑ØÂæÑ 'submodules/i18rconfig'ÔºöÊ£ÄÂá∫ 'a3084e05c1883478147b9148cc1fbd082399a34c'
Â≠êÊ®°ÁªÑË∑ØÂæÑ 'submodules/messages'ÔºöÊ£ÄÂá∫ 'ccd3dc69e33b55eeabc7884b89d5d438dff1b8ee'
+ git submodule update --remote
Â≠êÊ®°ÁªÑË∑ØÂæÑ 'submodules/I18RNavigationSubmodule'ÔºöÊ£ÄÂá∫ 'd5bbc253101fe0eb5064915709c661c946281dc9'
Â≠êÊ®°ÁªÑË∑ØÂæÑ 'submodules/i18rconfig'ÔºöÊ£ÄÂá∫ '51fabfa559f536cf67c486ad55c7dde9216231b3'
Â≠êÊ®°ÁªÑË∑ØÂæÑ 'submodules/messages'ÔºöÊ£ÄÂá∫ 'df38ded6eb6ca1b439fc327729ab8585abcf03f0'
++ GetProjectPath
++++ dirname scripts/compile.sh
+++ cd scripts
+++ pwd
++ local scriptsDir=/root/workspace/workspace/i18r_g2_deploy_ros/sp/scripts
+++ dirname /root/workspace/workspace/i18r_g2_deploy_ros/sp/scripts
++ echo /root/workspace/workspace/i18r_g2_deploy_ros/sp
+ local projectPath=/root/workspace/workspace/i18r_g2_deploy_ros/sp
+ cd /root/workspace/workspace/i18r_g2_deploy_ros/sp
+ rm -rf /root/workspace/workspace/i18r_g2_deploy_ros/sp/build
+ mkdir build
+ cd build
+ cmake ..
-- The C compiler identification is GNU 7.5.0
-- The CXX compiler identification is GNU 7.5.0
-- Check for working C compiler: /usr/bin/cc
-- Check for working C compiler: /usr/bin/cc -- works
-- Detecting C compiler ABI info
-- Detecting C compiler ABI info - done
-- Detecting C compile features
-- Detecting C compile features - done
-- Check for working CXX compiler: /usr/bin/c++
-- Check for working CXX compiler: /usr/bin/c++ -- works
-- Detecting CXX compiler ABI info
-- Detecting CXX compiler ABI info - done
-- Detecting CXX compile features
-- Detecting CXX compile features - done
-- HOST_ARCH: armv8
-- /root/workspace/workspace/i18r_g2_deploy_ros/sp/submodules
arm64
-- Found OpenCV: /usr/local (found version "3.4.3") 
/root/workspace/workspace/i18r_g2_deploy_ros/sp/submodules/I18RNavigationSubmodule/arm64/lib/libpath_planning.so
-- Configuring done
-- Generating done
-- Build files have been written to: /root/workspace/workspace/i18r_g2_deploy_ros/sp/build
+ make clean
+ make
Scanning dependencies of target navigation_plugin
[ 50%] Building CXX object src/plugins/navigation/CMakeFiles/navigation_plugin.dir/src/NavigationNode.cpp.o
In file included from /root/workspace/workspace/i18r_g2_deploy_ros/sp/submodules/mind_os/a311d/include/mind_os/mind_os.h:1:0,
                 from /root/workspace/workspace/i18r_g2_deploy_ros/sp/src/plugins/navigation/src/NavigationNode.cpp:3:
/root/workspace/workspace/i18r_g2_deploy_ros/sp/submodules/mind_os/a311d/include/mind_os/node_handle.h: In instantiation of ‚Äòmind_os::NodeHandle::subscribe(std::__cxx11::string, FUNC, OBJECT*)::<lambda(std::any&)> [with MSG = swr::sensor_types::DropEvent; FUNC = void (NavigationNode::*)(const std::shared_ptr<const swr::control_types::DropEvent>&); OBJECT = NavigationNode; TYPE_GUARD = void]‚Äô:
/root/workspace/workspace/i18r_g2_deploy_ros/sp/submodules/mind_os/a311d/include/mind_os/node_handle.h:70:37:   required from ‚Äòstruct mind_os::NodeHandle::subscribe(std::__cxx11::string, FUNC, OBJECT*) [with MSG = swr::sensor_types::DropEvent; FUNC = void (NavigationNode::*)(const std::shared_ptr<const swr::control_types::DropEvent>&); OBJECT = NavigationNode; TYPE_GUARD = void; std::__cxx11::string = std::__cxx11::basic_string<char>]::<lambda(class std::any&)>‚Äô
/root/workspace/workspace/i18r_g2_deploy_ros/sp/submodules/mind_os/a311d/include/mind_os/node_handle.h:70:14:   required from ‚Äòmind_os::Subscriber mind_os::NodeHandle::subscribe(std::__cxx11::string, FUNC, OBJECT*) [with MSG = swr::sensor_types::DropEvent; FUNC = void (NavigationNode::*)(const std::shared_ptr<const swr::control_types::DropEvent>&); OBJECT = NavigationNode; TYPE_GUARD = void; std::__cxx11::string = std::__cxx11::basic_string<char>]‚Äô
/root/workspace/workspace/i18r_g2_deploy_ros/sp/src/plugins/navigation/src/NavigationNode.cpp:76:109:   required from here
/root/workspace/workspace/i18r_g2_deploy_ros/sp/submodules/mind_os/a311d/include/mind_os/node_handle.h:72:26: error: no match for call to ‚Äò(const std::_Bind<void (NavigationNode::*(NavigationNode*, std::_Placeholder<1>))(const std::shared_ptr<const swr::control_types::DropEvent>&)>) (const std::shared_ptr<const swr::sensor_types::DropEvent>)‚Äô
             funcOnMessage(std::any_cast<ConstPtr<MSG>>(msg));
             ~~~~~~~~~~~~~^~~~~~~~~~~~~~~~~~~~~~~~~~~~~~~~~~~
In file included from /root/workspace/workspace/i18r_g2_deploy_ros/sp/submodules/mind_os/a311d/include/mind_os/message_core.h:3:0,
                 from /root/workspace/workspace/i18r_g2_deploy_ros/sp/submodules/mind_os/a311d/include/mind_os/node_handle.h:4,
                 from /root/workspace/workspace/i18r_g2_deploy_ros/sp/submodules/mind_os/a311d/include/mind_os/mind_os.h:1,
                 from /root/workspace/workspace/i18r_g2_deploy_ros/sp/src/plugins/navigation/src/NavigationNode.cpp:3:
/usr/include/c++/7/functional:547:2: note: candidate: template<class ... _Args, class _Result> _Result std::_Bind<_Functor(_Bound_args ...)>::operator()(_Args&& ...) [with _Args = {_Args ...}; _Result = _Result; _Functor = void (NavigationNode::*)(const std::shared_ptr<const swr::control_types::DropEvent>&); _Bound_args = {NavigationNode*, std::_Placeholder<1>}]
  operator()(_Args&&... __args)
  ^~~~~~~~
/usr/include/c++/7/functional:547:2: note:   template argument deduction/substitution failed:
/usr/include/c++/7/functional:558:2: note: candidate: template<class ... _Args, class _Result> _Result std::_Bind<_Functor(_Bound_args ...)>::operator()(_Args&& ...) const [with _Args = {_Args ...}; _Result = _Result; _Functor = void (NavigationNode::*)(const std::shared_ptr<const swr::control_types::DropEvent>&); _Bound_args = {NavigationNode*, std::_Placeholder<1>}]
  operator()(_Args&&... __args) const
  ^~~~~~~~
/usr/include/c++/7/functional:558:2: note:   template argument deduction/substitution failed:
/usr/include/c++/7/functional:576:2: note: candidate: template<class ... _Args, class _Result> _Result std::_Bind<_Functor(_Bound_args ...)>::operator()(_Args&& ...) volatile [with _Args = {_Args ...}; _Result = _Result; _Functor = void (NavigationNode::*)(const std::shared_ptr<const swr::control_types::DropEvent>&); _Bound_args = {NavigationNode*, std::_Placeholder<1>}]
  operator()(_Args&&... __args) volatile
  ^~~~~~~~
/usr/include/c++/7/functional:576:2: note:   template argument deduction/substitution failed:
/usr/include/c++/7/functional:588:2: note: candidate: template<class ... _Args, class _Result> _Result std::_Bind<_Functor(_Bound_args ...)>::operator()(_Args&& ...) const volatile [with _Args = {_Args ...}; _Result = _Result; _Functor = void (NavigationNode::*)(const std::shared_ptr<const swr::control_types::DropEvent>&); _Bound_args = {NavigationNode*, std::_Placeholder<1>}]
  operator()(_Args&&... __args) const volatile
  ^~~~~~~~
/usr/include/c++/7/functional:588:2: note:   template argument deduction/substitution failed:
In file included from /usr/include/c++/7/functional:58:0,
                 from /root/workspace/workspace/i18r_g2_deploy_ros/sp/submodules/mind_os/a311d/include/mind_os/message_core.h:3,
                 from /root/workspace/workspace/i18r_g2_deploy_ros/sp/submodules/mind_os/a311d/include/mind_os/node_handle.h:4,
                 from /root/workspace/workspace/i18r_g2_deploy_ros/sp/submodules/mind_os/a311d/include/mind_os/mind_os.h:1,
                 from /root/workspace/workspace/i18r_g2_deploy_ros/sp/src/plugins/navigation/src/NavigationNode.cpp:3:
/usr/include/c++/7/bits/std_function.h:685:7: error: ‚Äòstd::function<_Res(_ArgTypes ...)>::function(_Functor) [with _Functor = mind_os::NodeHandle::subscribe(std::__cxx11::string, FUNC, OBJECT*) [with MSG = swr::sensor_types::DropEvent; FUNC = void (NavigationNode::*)(const std::shared_ptr<const swr::control_types::DropEvent>&); OBJECT = NavigationNode; TYPE_GUARD = void; std::__cxx11::string = std::__cxx11::basic_string<char>]::<lambda(mind_os::BytesBuffer&, std::any&)>; <template-parameter-2-2> = void; <template-parameter-2-3> = void; _Res = void; _ArgTypes = {mind_os::BytesBuffer&, std::any&}]‚Äô, declared using local type ‚Äòmind_os::NodeHandle::subscribe(std::__cxx11::string, FUNC, OBJECT*) [with MSG = swr::sensor_types::DropEvent; FUNC = void (NavigationNode::*)(const std::shared_ptr<const swr::control_types::DropEvent>&); OBJECT = NavigationNode; TYPE_GUARD = void; std::__cxx11::string = std::__cxx11::basic_string<char>]::<lambda(mind_os::BytesBuffer&, std::any&)>‚Äô, is used but never defined [-fpermissive]
       function<_Res(_ArgTypes...)>::
       ^~~~~~~~~~~~~~~~~~~~~~~~~~~~
/usr/include/c++/7/bits/std_function.h:685:7: error: ‚Äòstd::function<_Res(_ArgTypes ...)>::function(_Functor) [with _Functor = mind_os::NodeHandle::subscribe(std::__cxx11::string, FUNC, OBJECT*) [with MSG = swr::sensor_types::DropEvent; FUNC = void (NavigationNode::*)(const std::shared_ptr<const swr::control_types::DropEvent>&); OBJECT = NavigationNode; TYPE_GUARD = void; std::__cxx11::string = std::__cxx11::basic_string<char>]::<lambda(std::any&)>; <template-parameter-2-2> = void; <template-parameter-2-3> = void; _Res = void; _ArgTypes = {std::any&}]‚Äô, declared using local type ‚Äòmind_os::NodeHandle::subscribe(std::__cxx11::string, FUNC, OBJECT*) [with MSG = swr::sensor_types::DropEvent; FUNC = void (NavigationNode::*)(const std::shared_ptr<const swr::control_types::DropEvent>&); OBJECT = NavigationNode; TYPE_GUARD = void; std::__cxx11::string = std::__cxx11::basic_string<char>]::<lambda(std::any&)>‚Äô, is used but never defined [-fpermissive]
src/plugins/navigation/CMakeFiles/navigation_plugin.dir/build.make:62: recipe for target 'src/plugins/navigation/CMakeFiles/navigation_plugin.dir/src/NavigationNode.cpp.o' failed
make[2]: *** [src/plugins/navigation/CMakeFiles/navigation_plugin.dir/src/NavigationNode.cpp.o] Error 1
CMakeFiles/Makefile2:85: recipe for target 'src/plugins/navigation/CMakeFiles/navigation_plugin.dir/all' failed
make[1]: *** [src/plugins/navigation/CMakeFiles/navigation_plugin.dir/all] Error 2
Makefile:83: recipe for target 'all' failed
make: *** [all] Error 2
Build step 'Execute shell' marked build as failure
Finished: FAILURE
