Started by user [8mha:////4FnlWQBsNc1kE46sb6wQIYm1OYOndm3xNctGmRrlBdNSAAAAmB+LCAAAAAAAAP9b85aBtbiIQTGjNKU4P08vOT+vOD8nVc83PyU1x6OyILUoJzMv2y+/JJUBAhiZGBgqihhk0NSjKDWzXb3RdlLBUSYGJk8GtpzUvPSSDB8G5tKinBIGIZ+sxLJE/ZzEvHT94JKizLx0a6BxUmjGOUNodHsLgAyOEgYe/dLi1CL9nMz8vNQcAEVUqZfBAAAA[0mLiuziwen
Rebuilds build #[8mha:////4ADD1nYTuNXq/7Ep4wu7ujgqRh1rDdFCSR/dPDK/yNzuAAAAvh+LCAAAAAAAAP9b85aBtbiIQTGjNKU4P08vOT+vOD8nVc83PyU1x6OyILUoJzMv2y+/JJUBAhiZGBgqihhk0NSjKDWzXb3RdlLBUSYGJk8GtpzUvPSSDB8G5tKinBIGIZ+sxLJE/ZzEvHT94JKizLx0a6BxUmjGOUNodHsLgAzmEgZT/bLM1HL9ovxi/az8JP2S1OKSeKDOkqL8HN0CoMlAQ3UzDS2KdIvzdUsLcvITU/SNDA0ASdx3FOoAAAA=[0m210
Running as SYSTEM
Building remotely on [8mha:////4J8M8M4pLAVsr5HsUCuoFBwpyiajxV9VrGbWj66EbYmPAAAAoR+LCAAAAAAAAP9b85aBtbiIQTGjNKU4P08vOT+vOD8nVc83PyU1x6OyILUoJzMv2y+/JJUBAhiZGBgqihhk0NSjKDWzXb3RdlLBUSYGJk8GtpzUvPSSDB8G5tKinBIGIZ+sxLJE/ZzEvHT94JKizLx0a6BxUmjGOUNodHsLgAzuEgZR/eT83ILSktQi/eyMxJTEYt3kxCJjAEfvBs3KAAAA[0mkhadas-car3 (car3) in workspace /root/workspace/workspace/test_control-planing-i18r-so-upload
[WS-CLEANUP] Deleting project workspace...
[WS-CLEANUP] Deferred wipeout is used...
[WS-CLEANUP] Done
No emails were triggered.
[test_control-planing-i18r-so-upload] $ /bin/sh -xe /tmp/jenkins6562466399341294183.sh
+ bash /root/myscript/build/build.sh
++ export MYSQL_PWD=123
++ MYSQL_PWD=123
++ export -f cmdb_mysql
+ set -ex
+ export -f public_project_update
+ export -f project_build
+ init_project_env
++ date +%Y%m%d
+ DT=20231007
+ UserName=jenkins
+ API_TOKEN=11b65309c9835de9579d9c9038853d9eb7
+ GIT_PRIVATE_TOKEN=emEDrsaJVjxKK5gSWrf-
+ GIT_HOST=192.168.50.191
++ awk -F/ '{print $1"%2F"$2}'
++ echo AroundI18RProject/I18RNavigationSubmodule
+ CONVERT_TARGET_PROJECT=AroundI18RProject%2FI18RNavigationSubmodule
++ python -c 'import sys, json; print(json.load(sys.stdin)["id"])'
++ curl -XGET -H 'Content-Type: application/json' --header 'PRIVATE-TOKEN: emEDrsaJVjxKK5gSWrf-' http://192.168.50.191:85/api/v4/projects/AroundI18RProject%2FI18RNavigationSubmodule
  % Total    % Received % Xferd  Average Speed   Time    Time     Time  Current
                                 Dload  Upload   Total   Spent    Left  Speed
  0     0    0     0    0     0      0      0 --:--:-- --:--:-- --:--:--     0100  3480    0  3480    0     0  34455      0 --:--:-- --:--:-- --:--:-- 34455
+ SUB_PROJECT_ID=291
+ '[' -z ']'
+ SOURCE_DIR=/root/workspace/workspace/test_control-planing-i18r-so-upload/i18r_robot
+ TARGET_DIR=/root/workspace/workspace/test_control-planing-i18r-so-upload/I18RNavigationSubmodule
+ prepare_env
++ uname -m
+ system_platform=aarch64
+ :
++ grep processor
++ uniq
++ wc -l
++ sort
++ cat /proc/cpuinfo
+ mt=-j4
+ export COMMIT_ID_FILE=/root/workspace/workspace/test_control-planing-i18r-so-upload/_last_build_id
+ COMMIT_ID_FILE=/root/workspace/workspace/test_control-planing-i18r-so-upload/_last_build_id
+ export COMMIT_MSG_FILE=/root/workspace/workspace/test_control-planing-i18r-so-upload/_commit-msg
+ COMMIT_MSG_FILE=/root/workspace/workspace/test_control-planing-i18r-so-upload/_commit-msg
+ export COMMIT_MSG_FILE_TMP=/root/workspace/workspace/test_control-planing-i18r-so-upload/_commit-msg.tmp
+ COMMIT_MSG_FILE_TMP=/root/workspace/workspace/test_control-planing-i18r-so-upload/_commit-msg.tmp
+ rm -f /root/workspace/workspace/test_control-planing-i18r-so-upload/_last_build_id
+ rm -f /root/workspace/workspace/test_control-planing-i18r-so-upload/_commit-msg
+ rm -f /root/workspace/workspace/test_control-planing-i18r-so-upload/_commit-msg.tmp
+ rm -f /root/workspace/workspace/test_control-planing-i18r-so-upload/result.log
+ rm -f /root/workspace/workspace/test_control-planing-i18r-so-upload/no_code_change.log
+ CLONE_DEPTH=--depth=1
+ PUBLICBASETYPES_DIR=/root/system/I18RPublicBaseTypes
+ cmdb_mysql 'insert into prebuild(job_name,source_project,source_branch,target_project,target_branch,time,build_url,node_name,build_user) values ('\''test_control-planing-i18r-so-upload'\'','\''wss/i18r_robot'\'','\''test'\'','\''AroundI18RProject/I18RNavigationSubmodule'\'','\''test'\'',now(),'\''http://192.168.50.191:8088/job/test_control-planing-i18r-so-upload/211/'\'','\''khadas-car3'\'','\''lionel'\'')'
+ set +x
+ DOCKER_CONTAINER_I18=build-x64-18.04
+ DOCKER_CONTAINER_RUBBY=c405
+ DOCKER_CONTAINER_RUBBY_INSIDE=c3566
+ DOCKER_CONTAINER_JAVA=node
+ JENKINS_JOB_A=mind
+ JENKINS_JOB_B=rbn
+ JENKINS_JOB_C=mark-check-tools
+ JENKINS_JOB_D=java
+ JENKINS_JOB_E=nodejs
+ JENKINS_JOB_F=_ui
+ JENKINS_JOB_G=i12r
+ JENKINS_JOB_E=clean_recorder
+ JENKINS_JOB_F=i18r
+ [[ test_control-planing-i18r-so-upload =~ mind ]]
+ '[' true = false ']'
+ source_project_fetch
+ git clone ssh://git@192.168.50.191:222/wss/i18r_robot -b test --depth=1
æ­£å…‹éš†åˆ° 'i18r_robot'...
+ target_project_update
+ rm -rf /root/workspace/workspace/test_control-planing-i18r-so-upload/I18RNavigationSubmodule
+ target_project_fetch
+ git clone ssh://git@192.168.50.191:222/AroundI18RProject/I18RNavigationSubmodule -b test --depth=1
æ­£å…‹éš†åˆ° 'I18RNavigationSubmodule'...
+ insert_db
+ pushd /root/workspace/workspace/test_control-planing-i18r-so-upload/i18r_robot
~/workspace/workspace/test_control-planing-i18r-so-upload/i18r_robot ~/workspace/workspace/test_control-planing-i18r-so-upload
++ cmdb_mysql 'SELECT first_commit_id FROM prebuild where source_project='\''wss/i18r_robot'\'' and source_branch='\''test'\'' and target_project='\''AroundI18RProject/I18RNavigationSubmodule'\'' and target_branch='\''test'\'' and status='\''0'\'' and job_name='\''test_control-planing-i18r-so-upload'\'' order by id desc limit 1;'
++ set +x
+ version='first_commit_id
118ede5'
++ awk -F ' ' '{print $2}'
++ echo first_commit_id 118ede5
+ version=118ede5
++ git log -1 --pretty=format:%h
+ first_commit_id_now=f4cf011
+ cmdb_mysql 'update prebuild set first_commit_id='\''f4cf011'\'' where build_url='\''http://192.168.50.191:8088/job/test_control-planing-i18r-so-upload/211/'\'';'
+ set +x
+ popd
~/workspace/workspace/test_control-planing-i18r-so-upload
+ [[ aarch64 =~ x86_64 ]]
+ [[ test_control-planing-i18r-so-upload =~ rbn ]]
+ [[ test_control-planing-i18r-so-upload =~ mind ]]
+ public_project_update
+ rm -rf /root/system/I18RPublicBaseTypes
+ [[ test_control-planing-i18r-so-upload =~ i12r ]]
+ [[ test_control-planing-i18r-so-upload =~ clean_recorder ]]
+ [[ test_control-planing-i18r-so-upload =~ i18r ]]
+ git clone ssh://git@192.168.50.191:222/AroundI18RProject/I18RPublicBaseTypes.git /root/system/I18RPublicBaseTypes -b develop --depth=1
æ­£å…‹éš†åˆ° '/root/system/I18RPublicBaseTypes'...
+ public_project_todo
+ pushd /root/system/I18RPublicBaseTypes
~/system/I18RPublicBaseTypes ~/workspace/workspace/test_control-planing-i18r-so-upload
+ ./install.sh
-- The C compiler identification is GNU 7.5.0
-- The CXX compiler identification is GNU 7.5.0
-- Check for working C compiler: /usr/bin/cc
-- Check for working C compiler: /usr/bin/cc -- works
-- Detecting C compiler ABI info
-- Detecting C compiler ABI info - done
-- Detecting C compile features
-- Detecting C compile features - done
-- Check for working CXX compiler: /usr/bin/c++
-- Check for working CXX compiler: /usr/bin/c++ -- works
-- Detecting CXX compiler ABI info
-- Detecting CXX compiler ABI info - done
-- Detecting CXX compile features
-- Detecting CXX compile features - done
-- CMAKE_INSTALL_PREFIX: /usr/local.
-- I18R_INCLUDE_INSTALL_DIR: /usr/local/include/I18RPublicBaseTypes.
-- CMAKE_CURRENT_SOURCE_DIR: /root/system/I18RPublicBaseTypes.
-- Configuring done
-- Generating done
-- Build files have been written to: /root/system/I18RPublicBaseTypes/build
sudo: æ— æ³•è§£æžä¸»æœºï¼šcar3
Install the project...
-- Install configuration: "Release"
-- Installing: /usr/local/include/I18RPublicBaseTypes/base_types.h
-- Installing: /usr/local/include/I18RPublicBaseTypes/calibr_types.h
-- Installing: /usr/local/include/I18RPublicBaseTypes/cloud_types.h
-- Installing: /usr/local/include/I18RPublicBaseTypes/control_types.h
-- Installing: /usr/local/include/I18RPublicBaseTypes/depth_types.h
-- Installing: /usr/local/include/I18RPublicBaseTypes/detector_types.h
-- Installing: /usr/local/include/I18RPublicBaseTypes/error_types.h
-- Installing: /usr/local/include/I18RPublicBaseTypes/geometry_types.h
-- Installing: /usr/local/include/I18RPublicBaseTypes/hmi_types.h
-- Installing: /usr/local/include/I18RPublicBaseTypes/imsee_types.h
-- Installing: /usr/local/include/I18RPublicBaseTypes/marker_types.h
-- Installing: /usr/local/include/I18RPublicBaseTypes/msg_types.h
-- Installing: /usr/local/include/I18RPublicBaseTypes/old_hmi_types.h
-- Installing: /usr/local/include/I18RPublicBaseTypes/sensor_types.h
-- Installing: /usr/local/include/I18RPublicBaseTypes/server_types.h
-- Installing: /usr/local/include/I18RPublicBaseTypes/slam_types.h
-- Installing: /usr/local/include/I18RPublicBaseTypes/swr_types.h
-- Installing: /usr/local/include/I18RPublicBaseTypes/README.md
-- Installing: /usr/local/include/I18RPublicBaseTypes/base/Data.h
-- Installing: /usr/local/include/I18RPublicBaseTypes/base/ErrorInfo.h
-- Installing: /usr/local/include/I18RPublicBaseTypes/base/ErrorMessage.h
-- Installing: /usr/local/include/I18RPublicBaseTypes/base/FormatData.h
-- Installing: /usr/local/include/I18RPublicBaseTypes/base/InternalErrorCode.h
-- Installing: /usr/local/include/I18RPublicBaseTypes/base/Module.h
-- Installing: /usr/local/include/I18RPublicBaseTypes/base/README.md
-- Installing: /usr/local/include/I18RPublicBaseTypes/base/ThreadInfo.h
-- Installing: /usr/local/include/I18RPublicBaseTypes/base/Time.h
-- Installing: /usr/local/include/I18RPublicBaseTypes/base/WorkStatus.h
-- Installing: /usr/local/include/I18RPublicBaseTypes/calibr/Cameara2Camera.h
-- Installing: /usr/local/include/I18RPublicBaseTypes/calibr/Camera2Lidar.h
-- Installing: /usr/local/include/I18RPublicBaseTypes/calibr/Camera2Odometry.h
-- Installing: /usr/local/include/I18RPublicBaseTypes/calibr/Camera2Tof.h
-- Installing: /usr/local/include/I18RPublicBaseTypes/calibr/Imu2Odometry.h
-- Installing: /usr/local/include/I18RPublicBaseTypes/calibr/README.md
-- Installing: /usr/local/include/I18RPublicBaseTypes/calibr/Transform.h
-- Installing: /usr/local/include/I18RPublicBaseTypes/cloud/README.md
-- Installing: /usr/local/include/I18RPublicBaseTypes/control/PointCloud.h
-- Installing: /usr/local/include/I18RPublicBaseTypes/control/README.md
-- Installing: /usr/local/include/I18RPublicBaseTypes/control/autoClean_property.h
-- Installing: /usr/local/include/I18RPublicBaseTypes/control/clean_path.h
-- Installing: /usr/local/include/I18RPublicBaseTypes/control/current_type.h
-- Installing: /usr/local/include/I18RPublicBaseTypes/control/drop_event.h
-- Installing: /usr/local/include/I18RPublicBaseTypes/control/grass_boundary.h
-- Installing: /usr/local/include/I18RPublicBaseTypes/control/pose.h
-- Installing: /usr/local/include/I18RPublicBaseTypes/control/robot_event.h
-- Installing: /usr/local/include/I18RPublicBaseTypes/control/robot_status.h
-- Installing: /usr/local/include/I18RPublicBaseTypes/control/work_mode.h
-- Installing: /usr/local/include/I18RPublicBaseTypes/control/work_runs.h
-- Installing: /usr/local/include/I18RPublicBaseTypes/depth/CalibrationImage.h
-- Installing: /usr/local/include/I18RPublicBaseTypes/depth/DepthMatrix.h
-- Installing: /usr/local/include/I18RPublicBaseTypes/depth/DepthPointCloud.h
-- Installing: /usr/local/include/I18RPublicBaseTypes/depth/GrassBoundary.h
-- Installing: /usr/local/include/I18RPublicBaseTypes/depth/LightAdjustment.h
-- Installing: /usr/local/include/I18RPublicBaseTypes/depth/README.md
-- Installing: /usr/local/include/I18RPublicBaseTypes/depth/SourceImage.h
-- Installing: /usr/local/include/I18RPublicBaseTypes/detector/DetectorResult.h
-- Installing: /usr/local/include/I18RPublicBaseTypes/detector/README.md
-- Installing: /usr/local/include/I18RPublicBaseTypes/detector/class.h
-- Installing: /usr/local/include/I18RPublicBaseTypes/detector/detect_types.h
-- Installing: /usr/local/include/I18RPublicBaseTypes/detector/detector_param.h
-- Installing: /usr/local/include/I18RPublicBaseTypes/detector/error_code.h
-- Installing: /usr/local/include/I18RPublicBaseTypes/detector/instance.h
-- Installing: /usr/local/include/I18RPublicBaseTypes/detector/map.h
-- Installing: /usr/local/include/I18RPublicBaseTypes/geometry/EulerAngle.h
-- Installing: /usr/local/include/I18RPublicBaseTypes/geometry/Point.h
-- Installing: /usr/local/include/I18RPublicBaseTypes/geometry/Quaternion.h
-- Installing: /usr/local/include/I18RPublicBaseTypes/hmi/README.md
-- Installing: /usr/local/include/I18RPublicBaseTypes/hmi/gen.sh
-- Installing: /usr/local/include/I18RPublicBaseTypes/hmi/public.fbs
-- Installing: /usr/local/include/I18RPublicBaseTypes/hmi/report.fbs
-- Installing: /usr/local/include/I18RPublicBaseTypes/hmi/request.fbs
-- Installing: /usr/local/include/I18RPublicBaseTypes/hmi/response.fbs
-- Installing: /usr/local/include/I18RPublicBaseTypes/hmi/public_generated.h
-- Installing: /usr/local/include/I18RPublicBaseTypes/hmi/report_generated.h
-- Installing: /usr/local/include/I18RPublicBaseTypes/hmi/request_generated.h
-- Installing: /usr/local/include/I18RPublicBaseTypes/hmi/response_generated.h
-- Installing: /usr/local/include/I18RPublicBaseTypes/hmi/public.h
-- Installing: /usr/local/include/I18RPublicBaseTypes/hmi/report.h
-- Installing: /usr/local/include/I18RPublicBaseTypes/hmi/request.h
-- Installing: /usr/local/include/I18RPublicBaseTypes/hmi/response.h
-- Installing: /usr/local/include/I18RPublicBaseTypes/imsee/CImseeImage.h
-- Installing: /usr/local/include/I18RPublicBaseTypes/imsee/CImseeImu.h
-- Installing: /usr/local/include/I18RPublicBaseTypes/imsee/CImseeMsgHotplug.h
-- Installing: /usr/local/include/I18RPublicBaseTypes/imsee/CImseeMsgImage.h
-- Installing: /usr/local/include/I18RPublicBaseTypes/imsee/CImseeMsgImu.h
-- Installing: /usr/local/include/I18RPublicBaseTypes/imsee/CImseeMsgParam.h
-- Installing: /usr/local/include/I18RPublicBaseTypes/imsee/CameraParameter.h
-- Installing: /usr/local/include/I18RPublicBaseTypes/imsee/CameraParameterOld.h
-- Installing: /usr/local/include/I18RPublicBaseTypes/imsee/IMUParameter.h
-- Installing: /usr/local/include/I18RPublicBaseTypes/imsee/ModuleInfo.h
-- Installing: /usr/local/include/I18RPublicBaseTypes/imsee/MoudleAllParam.h
-- Installing: /usr/local/include/I18RPublicBaseTypes/imsee/Resolution.h
-- Installing: /usr/local/include/I18RPublicBaseTypes/imsee/SDebugSet.h
-- Installing: /usr/local/include/I18RPublicBaseTypes/imsee/SlamParameter.h
-- Installing: /usr/local/include/I18RPublicBaseTypes/imsee/StreamType.h
-- Installing: /usr/local/include/I18RPublicBaseTypes/marker/MarkerState.h
-- Installing: /usr/local/include/I18RPublicBaseTypes/marker/state.h
-- Installing: /usr/local/include/I18RPublicBaseTypes/msg/AFI.h
-- Installing: /usr/local/include/I18RPublicBaseTypes/msg/Basic.h
-- Installing: /usr/local/include/I18RPublicBaseTypes/msg/Config.h
-- Installing: /usr/local/include/I18RPublicBaseTypes/msg/Log.h
-- Installing: /usr/local/include/I18RPublicBaseTypes/msg/Route.h
-- Installing: /usr/local/include/I18RPublicBaseTypes/msg/Work.h
-- Installing: /usr/local/include/I18RPublicBaseTypes/sensor/BumperEvent.h
-- Installing: /usr/local/include/I18RPublicBaseTypes/sensor/CleanEvent.h
-- Installing: /usr/local/include/I18RPublicBaseTypes/sensor/CliffData.h
-- Installing: /usr/local/include/I18RPublicBaseTypes/sensor/CliffEvent.h
-- Installing: /usr/local/include/I18RPublicBaseTypes/sensor/CtrlType.h
-- Installing: /usr/local/include/I18RPublicBaseTypes/sensor/DropEvent.h
-- Installing: /usr/local/include/I18RPublicBaseTypes/sensor/EncoderData.h
-- Installing: /usr/local/include/I18RPublicBaseTypes/sensor/LaserScan.h
-- Installing: /usr/local/include/I18RPublicBaseTypes/sensor/PointCloud2.h
-- Installing: /usr/local/include/I18RPublicBaseTypes/sensor/RobotChassisEvent.h
-- Installing: /usr/local/include/I18RPublicBaseTypes/sensor/SonyCamera.h
-- Installing: /usr/local/include/I18RPublicBaseTypes/sensor/StartStopSwitchEvent.h
-- Installing: /usr/local/include/I18RPublicBaseTypes/sensor/TofDepthData.h
-- Installing: /usr/local/include/I18RPublicBaseTypes/sensor/TofDepthImg.h
-- Installing: /usr/local/include/I18RPublicBaseTypes/sensor/TofGrayImg.h
-- Installing: /usr/local/include/I18RPublicBaseTypes/sensor/TofPointCloud.h
-- Installing: /usr/local/include/I18RPublicBaseTypes/sensor/UltraData.h
-- Installing: /usr/local/include/I18RPublicBaseTypes/sensor/UsbHotplug.h
-- Installing: /usr/local/include/I18RPublicBaseTypes/sensor/VelocityCmd.h
-- Installing: /usr/local/include/I18RPublicBaseTypes/sensor/VelocityData.h
-- Installing: /usr/local/include/I18RPublicBaseTypes/server/DataRateState.h
-- Installing: /usr/local/include/I18RPublicBaseTypes/server/SystemState.h
-- Installing: /usr/local/include/I18RPublicBaseTypes/server/UserOperation.h
-- Installing: /usr/local/include/I18RPublicBaseTypes/slam/Pose.h
-- Installing: /usr/local/include/I18RPublicBaseTypes/slam/README.md
-- Installing: /usr/local/include/I18RPublicBaseTypes/slam/SlamResult.h
-- Installing: /usr/local/include/I18RPublicBaseTypes/slam/SlamState.h
-- Installing: /usr/local/include/I18RPublicBaseTypes/error/ErrorCode.h
-- Installing: /usr/local/include/I18RPublicBaseTypes/error/ErrorEvent.h
-- Installing: /usr/local/include/I18RPublicBaseTypes/error/ErrorMessage.h
-- Installing: /usr/local/include/I18RPublicBaseTypes/error/ErrorTable.h
-- Installing: /usr/local/include/I18RPublicBaseTypes/error/IceErrorCode.h
-- Installing: /usr/local/include/I18RPublicBaseTypes/error/error_maps.yaml
sudo: æ— æ³•è§£æžä¸»æœºï¼šcar3
+ popd
~/workspace/workspace/test_control-planing-i18r-so-upload
+ public_i18rutilitysubmodule_update
+ pushd /root/system/i18rutilitysubmodule
~/system/i18rutilitysubmodule ~/workspace/workspace/test_control-planing-i18r-so-upload
+ git checkout ./
+ git clean -xdf ./
+ git pull origin develop
æ¥è‡ª ssh://192.168.50.191:222/AroundI18RProject/i18rutilitysubmodule
 * branch            develop    -> FETCH_HEAD
å·²ç»æ˜¯æœ€æ–°çš„ã€‚
+ ./install.sh
sudo: æ— æ³•è§£æžä¸»æœºï¼šcar3
+ popd
~/workspace/workspace/test_control-planing-i18r-so-upload
+ project_build
+ pushd /root/workspace/workspace/test_control-planing-i18r-so-upload/i18r_robot
~/workspace/workspace/test_control-planing-i18r-so-upload/i18r_robot ~/workspace/workspace/test_control-planing-i18r-so-upload
+ project_init_remote
++ find -type f -name sync_submodules.sh
+ sf=
+ '[' -z ']'
+ git submodule update --init --recursive
å­æ¨¡ç»„ 'src/indemind_clean_robot/include/I18RPublicBaseTypes'ï¼ˆssh://git@192.168.50.191:222/AroundI18RProject/I18RPublicBaseTypes.gitï¼‰æœªå¯¹è·¯å¾„ 'src/indemind_clean_robot/include/I18RPublicBaseTypes' æ³¨å†Œ
æ­£å…‹éš†åˆ° '/root/workspace/workspace/test_control-planing-i18r-so-upload/i18r_robot/src/indemind_clean_robot/include/I18RPublicBaseTypes'...
å­æ¨¡ç»„è·¯å¾„ 'src/indemind_clean_robot/include/I18RPublicBaseTypes'ï¼šæ£€å‡º '9a6d5248f102c6e8ad70fca8c7c7484d09a0b4d0'
+ git submodule update --remote
+ sed -i 's/make -j[0-9].*/make -j4/g' compile.sh
+ '[' xf4cf011 == x118ede5 ']'
+ '[' -z ']'
+ bash -ex compile.sh
+ catkin_make -DCMAKE_BUILD_TYPE=RELEASE install -j5
-- The C compiler identification is GNU 7.5.0
-- The CXX compiler identification is GNU 7.5.0
-- Check for working C compiler: /usr/bin/cc
-- Check for working C compiler: /usr/bin/cc -- works
-- Detecting C compiler ABI info
-- Detecting C compiler ABI info - done
-- Detecting C compile features
-- Detecting C compile features - done
-- Check for working CXX compiler: /usr/bin/c++
-- Check for working CXX compiler: /usr/bin/c++ -- works
-- Detecting CXX compiler ABI info
-- Detecting CXX compiler ABI info - done
-- Detecting CXX compile features
-- Detecting CXX compile features - done
-- Using CATKIN_DEVEL_PREFIX: /root/workspace/workspace/test_control-planing-i18r-so-upload/i18r_robot/devel
-- Using CMAKE_PREFIX_PATH: /opt/ros/melodic
-- This workspace overlays: /opt/ros/melodic
-- Found PythonInterp: /usr/bin/python2 (found suitable version "2.7.17", minimum required is "2") 
-- Using PYTHON_EXECUTABLE: /usr/bin/python2
-- Using Debian Python package layout
-- Using empy: /usr/bin/empy
-- Using CATKIN_ENABLE_TESTING: ON
-- Call enable_testing()
-- Using CATKIN_TEST_RESULTS_DIR: /root/workspace/workspace/test_control-planing-i18r-so-upload/i18r_robot/build/test_results
-- Found gtest sources under '/usr/src/googletest': gtests will be built
-- Found gmock sources under '/usr/src/googletest': gmock will be built
-- Found PythonInterp: /usr/bin/python2 (found version "2.7.17") 
-- Looking for pthread.h
-- Looking for pthread.h - found
-- Looking for pthread_create
-- Looking for pthread_create - not found
-- Looking for pthread_create in pthreads
-- Looking for pthread_create in pthreads - not found
-- Looking for pthread_create in pthread
-- Looking for pthread_create in pthread - found
-- Found Threads: TRUE  
-- Using Python nosetests: /usr/bin/nosetests-2.7
-- catkin 0.7.29
-- BUILD_SHARED_LIBS is on
-- BUILD_SHARED_LIBS is on
-- ~~~~~~~~~~~~~~~~~~~~~~~~~~~~~~~~~~~~~~~~~~~~~~~~~
-- ~~  traversing 15 packages in topological order:
-- ~~  - i18r_msgs
-- ~~  - wsbot_navigation
-- ~~  - cv_bridge
-- ~~  - interactive_markers
-- ~~  - costmap_2d
-- ~~  - costmap_converter
-- ~~  - nav_core
-- ~~  - clear_costmap_recovery
-- ~~  - navfn
-- ~~  - global_planner
-- ~~  - base_local_planner
-- ~~  - rotate_recovery
-- ~~  - clean_robot
-- ~~  - teb_local_planner
-- ~~  - wsfake_localization
-- ~~~~~~~~~~~~~~~~~~~~~~~~~~~~~~~~~~~~~~~~~~~~~~~~~
-- +++ processing catkin package: 'i18r_msgs'
-- ==> add_subdirectory(i18r_msgs)
-- Using these message generators: gencpp;geneus;genlisp;gennodejs;genpy
-- i18r_msgs: 5 messages, 0 services
-- +++ processing catkin package: 'wsbot_navigation'
-- ==> add_subdirectory(wsbot_navigation)
-- +++ processing catkin package: 'cv_bridge'
-- ==> add_subdirectory(navigation/cv_bridge)
-- Found PythonLibs: /usr/lib/aarch64-linux-gnu/libpython2.7.so (found version "2.7.17") 
-- Boost version: 1.65.1
-- Found the following Boost libraries:
--   python
-- Found OpenCV: /usr/local (found suitable version "3.4.3", minimum required is "3.4.3") found components:  opencv_core opencv_imgproc opencv_imgcodecs 
-- Found PythonLibs: /usr/lib/aarch64-linux-gnu/libpython2.7.so (found suitable version "2.7.17", minimum required is "2.7") 
-- +++ processing catkin package: 'interactive_markers'
-- ==> add_subdirectory(navigation/interactive_markers)
-- Using these message generators: gencpp;geneus;genlisp;gennodejs;genpy
-- +++ processing catkin package: 'costmap_2d'
-- ==> add_subdirectory(navigation/costmap_2d)
-- Using these message generators: gencpp;geneus;genlisp;gennodejs;genpy
-- Boost version: 1.65.1
-- Found the following Boost libraries:
--   system
--   thread
--   chrono
--   date_time
--   atomic
-- Found OpenCV: /usr/local (found suitable version "3.4.3", minimum required is "3.4.3") 
-- costmap_2d: 1 messages, 0 services
-- +++ processing catkin package: 'costmap_converter'
-- ==> add_subdirectory(navigation/costmap_converter)
-- Using these message generators: gencpp;geneus;genlisp;gennodejs;genpy
-- Performing Test COMPILER_SUPPORTS_CXX11
-- Performing Test COMPILER_SUPPORTS_CXX11 - Success
-- Performing Test COMPILER_SUPPORTS_CXX0X
-- Performing Test COMPILER_SUPPORTS_CXX0X - Success
-- costmap_converter: 2 messages, 0 services
-- +++ processing catkin package: 'nav_core'
-- ==> add_subdirectory(navigation/nav_core)
-- Using these message generators: gencpp;geneus;genlisp;gennodejs;genpy
-- +++ processing catkin package: 'clear_costmap_recovery'
-- ==> add_subdirectory(navigation/clear_costmap_recovery)
-- Using these message generators: gencpp;geneus;genlisp;gennodejs;genpy
-- +++ processing catkin package: 'navfn'
-- ==> add_subdirectory(navigation/navfn)
-- Using these message generators: gencpp;geneus;genlisp;gennodejs;genpy
-- navfn: 0 messages, 2 services
-- Looking for sys/time.h
-- Looking for sys/time.h - found
-- Looking for C++ include FL/Fl.H
-- Looking for C++ include FL/Fl.H - found
-- Looking for C++ include pgm.h
-- Looking for C++ include pgm.h - not found
-- NAVFN_HAVE_FLTK: 1, NETPBM: 
-- FLTK orf NETPBM not found: cannot build navtest
-- +++ processing catkin package: 'global_planner'
-- ==> add_subdirectory(navigation/global_planner)
-- Using these message generators: gencpp;geneus;genlisp;gennodejs;genpy
-- +++ processing catkin package: 'base_local_planner'
-- ==> add_subdirectory(navigation/base_local_planner)
-- Using these message generators: gencpp;geneus;genlisp;gennodejs;genpy
-- Boost version: 1.65.1
-- Found the following Boost libraries:
--   thread
--   chrono
--   system
--   date_time
--   atomic
-- base_local_planner: 1 messages, 0 services
-- +++ processing catkin package: 'rotate_recovery'
-- ==> add_subdirectory(navigation/rotate_recovery)
-- Using these message generators: gencpp;geneus;genlisp;gennodejs;genpy
-- +++ processing catkin package: 'clean_robot'
-- ==> add_subdirectory(indemind_clean_robot)
-- Using these message generators: gencpp;geneus;genlisp;gennodejs;genpy
-- Found OpenCV: /usr/local (found version "3.4.3") 
-- Boost version: 1.65.1
-- Found the following Boost libraries:
--   system
--   thread
--   chrono
--   date_time
--   atomic
-- +++ processing catkin package: 'teb_local_planner'
-- ==> add_subdirectory(navigation/teb_local_planner)
-- Using these message generators: gencpp;geneus;genlisp;gennodejs;genpy
-- System: Linux-4.9.230
-- /opt/ros/melodic/share/cmake_modules/cmake/../../../share/cmake_modules/cmake/Modules;/root/workspace/workspace/test_control-planing-i18r-so-upload/i18r_robot/src/navigation/teb_local_planner/cmake_modules
-- Boost version: 1.65.1
-- Found the following Boost libraries:
--   system
--   thread
--   graph
--   chrono
--   date_time
--   atomic
-- Found SuiteSparse
-- Searching for g2o ...
-- Found g2o headers in: /opt/ros/melodic/include/g2o
-- Found libg2o: /opt/ros/melodic/lib/libg2o_csparse_extension.so;/opt/ros/melodic/lib/libg2o_core.so;/opt/ros/melodic/lib/libg2o_stuff.so;/opt/ros/melodic/lib/libg2o_types_slam2d.so;/opt/ros/melodic/lib/libg2o_types_slam3d.so;/opt/ros/melodic/lib/libg2o_solver_cholmod.so;/opt/ros/melodic/lib/libg2o_solver_pcg.so;/opt/ros/melodic/lib/libg2o_solver_csparse.so;/opt/ros/melodic/lib/libg2o_incremental.so
-- teb_local_planner: 3 messages, 0 services
-- +++ processing catkin package: 'wsfake_localization'
-- ==> add_subdirectory(navigation/wsfake_localization)
-- Using these message generators: gencpp;geneus;genlisp;gennodejs;genpy
-- Boost version: 1.65.1
-- Configuring done
-- Generating done
-- Build files have been written to: /root/workspace/workspace/test_control-planing-i18r-so-upload/i18r_robot/build
Scanning dependencies of target std_msgs_generate_messages_eus
Scanning dependencies of target _i18r_msgs_generate_messages_check_deps_MotorPower
Scanning dependencies of target _i18r_msgs_generate_messages_check_deps_CliffEvent
Scanning dependencies of target actionlib_msgs_generate_messages_eus
Scanning dependencies of target _i18r_msgs_generate_messages_check_deps_KeyboardInput
[  0%] Built target std_msgs_generate_messages_eus
[  0%] Built target actionlib_msgs_generate_messages_eus
Scanning dependencies of target _i18r_msgs_generate_messages_check_deps_WheelDropEvent
Scanning dependencies of target _i18r_msgs_generate_messages_check_deps_BumperEvent
[  0%] Built target _i18r_msgs_generate_messages_check_deps_CliffEvent
[  0%] Built target _i18r_msgs_generate_messages_check_deps_KeyboardInput
[  0%] Built target _i18r_msgs_generate_messages_check_deps_MotorPower
Scanning dependencies of target std_msgs_generate_messages_nodejs
Scanning dependencies of target std_msgs_generate_messages_py
Scanning dependencies of target actionlib_msgs_generate_messages_py
[  0%] Built target std_msgs_generate_messages_py
[  0%] Built target std_msgs_generate_messages_nodejs
[  0%] Built target _i18r_msgs_generate_messages_check_deps_WheelDropEvent
[  0%] Built target _i18r_msgs_generate_messages_check_deps_BumperEvent
[  0%] Built target actionlib_msgs_generate_messages_py
Scanning dependencies of target std_msgs_generate_messages_lisp
Scanning dependencies of target actionlib_msgs_generate_messages_nodejs
Scanning dependencies of target actionlib_msgs_generate_messages_lisp
Scanning dependencies of target std_msgs_generate_messages_cpp
Scanning dependencies of target actionlib_msgs_generate_messages_cpp
[  0%] Built target actionlib_msgs_generate_messages_lisp
[  0%] Built target std_msgs_generate_messages_lisp
[  0%] Built target actionlib_msgs_generate_messages_nodejs
[  0%] Built target std_msgs_generate_messages_cpp
[  0%] Built target actionlib_msgs_generate_messages_cpp
Scanning dependencies of target geometry_msgs_generate_messages_eus
Scanning dependencies of target sensor_msgs_generate_messages_py
Scanning dependencies of target sensor_msgs_generate_messages_nodejs
Scanning dependencies of target sensor_msgs_generate_messages_cpp
[  0%] Built target geometry_msgs_generate_messages_eus
Scanning dependencies of target geometry_msgs_generate_messages_cpp
[  0%] Built target sensor_msgs_generate_messages_nodejs
[  0%] Built target sensor_msgs_generate_messages_py
[  0%] Built target geometry_msgs_generate_messages_cpp
[  0%] Built target sensor_msgs_generate_messages_cpp
Scanning dependencies of target sensor_msgs_generate_messages_lisp
Scanning dependencies of target sensor_msgs_generate_messages_eus
Scanning dependencies of target geometry_msgs_generate_messages_nodejs
Scanning dependencies of target geometry_msgs_generate_messages_lisp
[  0%] Built target sensor_msgs_generate_messages_eus
Scanning dependencies of target geometry_msgs_generate_messages_py
[  0%] Built target sensor_msgs_generate_messages_lisp
[  0%] Built target geometry_msgs_generate_messages_nodejs
[  0%] Built target geometry_msgs_generate_messages_py
[  0%] Built target geometry_msgs_generate_messages_lisp
Scanning dependencies of target visualization_msgs_generate_messages_py
Scanning dependencies of target dynamic_reconfigure_generate_messages_nodejs
Scanning dependencies of target visualization_msgs_generate_messages_eus
[  0%] Built target visualization_msgs_generate_messages_py
Scanning dependencies of target visualization_msgs_generate_messages_nodejs
[  0%] Built target dynamic_reconfigure_generate_messages_nodejs
[  0%] Built target visualization_msgs_generate_messages_eus
Scanning dependencies of target visualization_msgs_generate_messages_cpp
[  0%] Built target visualization_msgs_generate_messages_nodejs
Scanning dependencies of target interactive_markers
Scanning dependencies of target tf2_msgs_generate_messages_py
Scanning dependencies of target tf2_msgs_generate_messages_nodejs
Scanning dependencies of target tf2_msgs_generate_messages_lisp
[  0%] Built target visualization_msgs_generate_messages_cpp
[  0%] Built target tf2_msgs_generate_messages_nodejs
[  0%] Built target tf2_msgs_generate_messages_py
[  0%] Building CXX object navigation/interactive_markers/CMakeFiles/interactive_markers.dir/src/interactive_marker_server.cpp.o
[  0%] Built target tf2_msgs_generate_messages_lisp
Scanning dependencies of target visualization_msgs_generate_messages_lisp
Scanning dependencies of target actionlib_generate_messages_lisp
Scanning dependencies of target roscpp_generate_messages_py
[  0%] Built target visualization_msgs_generate_messages_lisp
Scanning dependencies of target roscpp_generate_messages_nodejs
[  0%] Built target actionlib_generate_messages_lisp
[  0%] Built target roscpp_generate_messages_py
[  0%] Built target roscpp_generate_messages_nodejs
Scanning dependencies of target tf2_msgs_generate_messages_eus
Scanning dependencies of target roscpp_generate_messages_lisp
Scanning dependencies of target roscpp_generate_messages_eus
[  0%] Built target tf2_msgs_generate_messages_eus
Scanning dependencies of target actionlib_generate_messages_eus
[  0%] Built target roscpp_generate_messages_lisp
[  0%] Built target roscpp_generate_messages_eus
[  0%] Building CXX object navigation/interactive_markers/CMakeFiles/interactive_markers.dir/src/tools.cpp.o
[  0%] Built target actionlib_generate_messages_eus
Scanning dependencies of target rosgraph_msgs_generate_messages_cpp
Scanning dependencies of target roscpp_generate_messages_cpp
Scanning dependencies of target rosgraph_msgs_generate_messages_eus
[  0%] Built target rosgraph_msgs_generate_messages_cpp
[  0%] Built target roscpp_generate_messages_cpp
[  0%] Built target rosgraph_msgs_generate_messages_eus
Scanning dependencies of target actionlib_generate_messages_nodejs
Scanning dependencies of target rosgraph_msgs_generate_messages_nodejs
[  0%] Built target actionlib_generate_messages_nodejs
Scanning dependencies of target rosgraph_msgs_generate_messages_py
[  0%] Built target rosgraph_msgs_generate_messages_nodejs
[  1%] Building CXX object navigation/interactive_markers/CMakeFiles/interactive_markers.dir/src/menu_handler.cpp.o
Scanning dependencies of target rosgraph_msgs_generate_messages_lisp
[  1%] Built target rosgraph_msgs_generate_messages_py
[  1%] Built target rosgraph_msgs_generate_messages_lisp
Scanning dependencies of target actionlib_generate_messages_cpp
[  1%] Built target actionlib_generate_messages_cpp
Scanning dependencies of target actionlib_generate_messages_py
Scanning dependencies of target tf2_msgs_generate_messages_cpp
[  1%] Built target actionlib_generate_messages_py
[  1%] Built target tf2_msgs_generate_messages_cpp
Scanning dependencies of target map_msgs_generate_messages_py
Scanning dependencies of target tf_generate_messages_py
[  1%] Built target tf_generate_messages_py
[  1%] Built target map_msgs_generate_messages_py
Scanning dependencies of target tf_generate_messages_cpp
Scanning dependencies of target map_msgs_generate_messages_cpp
[  1%] Built target tf_generate_messages_cpp
[  1%] Built target map_msgs_generate_messages_cpp
Scanning dependencies of target tf_generate_messages_nodejs
[  1%] Building CXX object navigation/interactive_markers/CMakeFiles/interactive_markers.dir/src/interactive_marker_client.cpp.o
[  1%] Built target tf_generate_messages_nodejs
[  1%] Building CXX object navigation/interactive_markers/CMakeFiles/interactive_markers.dir/src/single_client.cpp.o
Scanning dependencies of target _costmap_2d_generate_messages_check_deps_PubMap
[  1%] Built target _costmap_2d_generate_messages_check_deps_PubMap
Scanning dependencies of target tf_generate_messages_eus
[  1%] Built target tf_generate_messages_eus
Scanning dependencies of target map_msgs_generate_messages_nodejs
[  1%] Built target map_msgs_generate_messages_nodejs
Scanning dependencies of target nav_msgs_generate_messages_nodejs
[  1%] Built target nav_msgs_generate_messages_nodejs
[  2%] Building CXX object navigation/interactive_markers/CMakeFiles/interactive_markers.dir/src/message_context.cpp.o
Scanning dependencies of target dynamic_reconfigure_generate_messages_eus
[  2%] Built target dynamic_reconfigure_generate_messages_eus
Scanning dependencies of target tf_generate_messages_lisp
[  2%] Built target tf_generate_messages_lisp
Scanning dependencies of target nav_msgs_generate_messages_lisp
[  2%] Built target nav_msgs_generate_messages_lisp
Scanning dependencies of target map_msgs_generate_messages_eus
[  2%] Built target map_msgs_generate_messages_eus
Scanning dependencies of target dynamic_reconfigure_generate_messages_lisp
[  2%] Built target dynamic_reconfigure_generate_messages_lisp
Scanning dependencies of target costmap_2d_generate_messages_py
[  2%] Generating Python from MSG costmap_2d/PubMap
[  2%] Generating Python msg __init__.py for costmap_2d
[  2%] Built target costmap_2d_generate_messages_py
Scanning dependencies of target dynamic_reconfigure_generate_messages_cpp
[  2%] Built target dynamic_reconfigure_generate_messages_cpp
Scanning dependencies of target dynamic_reconfigure_generate_messages_py
[  2%] Built target dynamic_reconfigure_generate_messages_py
Scanning dependencies of target dynamic_reconfigure_gencfg
[  2%] Built target dynamic_reconfigure_gencfg
Scanning dependencies of target nav_msgs_generate_messages_eus
[  2%] Built target nav_msgs_generate_messages_eus
Scanning dependencies of target nav_msgs_generate_messages_cpp
[  2%] Built target nav_msgs_generate_messages_cpp
Scanning dependencies of target nav_msgs_generate_messages_py
[  2%] Built target nav_msgs_generate_messages_py
Scanning dependencies of target costmap_2d_generate_messages_cpp
[  3%] Generating C++ code from costmap_2d/PubMap.msg
[  3%] Built target costmap_2d_generate_messages_cpp
Scanning dependencies of target map_msgs_generate_messages_lisp
Scanning dependencies of target costmap_2d_generate_messages_eus
[  3%] Built target map_msgs_generate_messages_lisp
Scanning dependencies of target costmap_2d_generate_messages_lisp
[  3%] Generating EusLisp code from costmap_2d/PubMap.msg
[  4%] Generating Lisp code from costmap_2d/PubMap.msg
[  4%] Built target costmap_2d_generate_messages_lisp
[  4%] Generating EusLisp manifest code for costmap_2d
Scanning dependencies of target costmap_2d_gencfg
[  4%] Generating dynamic reconfigure files from cfg/Costmap2D.cfg: /root/workspace/workspace/test_control-planing-i18r-so-upload/i18r_robot/devel/include/costmap_2d/Costmap2DConfig.h /root/workspace/workspace/test_control-planing-i18r-so-upload/i18r_robot/devel/lib/python2.7/dist-packages/costmap_2d/cfg/Costmap2DConfig.py
Generating reconfiguration files for Costmap2D in costmap_2d
Wrote header file in /root/workspace/workspace/test_control-planing-i18r-so-upload/i18r_robot/devel/include/costmap_2d/Costmap2DConfig.h
[  5%] Generating dynamic reconfigure files from cfg/ObstaclePlugin.cfg: /root/workspace/workspace/test_control-planing-i18r-so-upload/i18r_robot/devel/include/costmap_2d/ObstaclePluginConfig.h /root/workspace/workspace/test_control-planing-i18r-so-upload/i18r_robot/devel/lib/python2.7/dist-packages/costmap_2d/cfg/ObstaclePluginConfig.py
Generating reconfiguration files for ObstaclePlugin in costmap_2d
Wrote header file in /root/workspace/workspace/test_control-planing-i18r-so-upload/i18r_robot/devel/include/costmap_2d/ObstaclePluginConfig.h
[  5%] Generating dynamic reconfigure files from cfg/GenericPlugin.cfg: /root/workspace/workspace/test_control-planing-i18r-so-upload/i18r_robot/devel/include/costmap_2d/GenericPluginConfig.h /root/workspace/workspace/test_control-planing-i18r-so-upload/i18r_robot/devel/lib/python2.7/dist-packages/costmap_2d/cfg/GenericPluginConfig.py
Generating reconfiguration files for GenericPlugin in costmap_2d
Wrote header file in /root/workspace/workspace/test_control-planing-i18r-so-upload/i18r_robot/devel/include/costmap_2d/GenericPluginConfig.h
[  5%] Generating dynamic reconfigure files from cfg/InflationPlugin.cfg: /root/workspace/workspace/test_control-planing-i18r-so-upload/i18r_robot/devel/include/costmap_2d/InflationPluginConfig.h /root/workspace/workspace/test_control-planing-i18r-so-upload/i18r_robot/devel/lib/python2.7/dist-packages/costmap_2d/cfg/InflationPluginConfig.py
Generating reconfiguration files for InflationPlugin in costmap_2d
Wrote header file in /root/workspace/workspace/test_control-planing-i18r-so-upload/i18r_robot/devel/include/costmap_2d/InflationPluginConfig.h
[  5%] Generating dynamic reconfigure files from cfg/KinameticPlugin.cfg: /root/workspace/workspace/test_control-planing-i18r-so-upload/i18r_robot/devel/include/costmap_2d/KinameticPluginConfig.h /root/workspace/workspace/test_control-planing-i18r-so-upload/i18r_robot/devel/lib/python2.7/dist-packages/costmap_2d/cfg/KinameticPluginConfig.py
Generating reconfiguration files for KinameticPlugin in costmap_2d
Wrote header file in /root/workspace/workspace/test_control-planing-i18r-so-upload/i18r_robot/devel/include/costmap_2d/KinameticPluginConfig.h
[  5%] Built target costmap_2d_generate_messages_eus
Scanning dependencies of target _costmap_converter_generate_messages_check_deps_ObstacleArrayMsg
[  6%] Generating dynamic reconfigure files from cfg/CliffPlugin.cfg: /root/workspace/workspace/test_control-planing-i18r-so-upload/i18r_robot/devel/include/costmap_2d/CliffPluginConfig.h /root/workspace/workspace/test_control-planing-i18r-so-upload/i18r_robot/devel/lib/python2.7/dist-packages/costmap_2d/cfg/CliffPluginConfig.py
[  6%] Built target _costmap_converter_generate_messages_check_deps_ObstacleArrayMsg
Scanning dependencies of target _costmap_converter_generate_messages_check_deps_ObstacleMsg
Generating reconfiguration files for CliffPlugin in costmap_2d
Wrote header file in /root/workspace/workspace/test_control-planing-i18r-so-upload/i18r_robot/devel/include/costmap_2d/CliffPluginConfig.h
[  6%] Generating dynamic reconfigure files from cfg/DynamicStaticPlugin.cfg: /root/workspace/workspace/test_control-planing-i18r-so-upload/i18r_robot/devel/include/costmap_2d/DynamicStaticPluginConfig.h /root/workspace/workspace/test_control-planing-i18r-so-upload/i18r_robot/devel/lib/python2.7/dist-packages/costmap_2d/cfg/DynamicStaticPluginConfig.py
[  6%] Built target _costmap_converter_generate_messages_check_deps_ObstacleMsg
[  6%] Generating dynamic reconfigure files from cfg/HighestPlugin.cfg: /root/workspace/workspace/test_control-planing-i18r-so-upload/i18r_robot/devel/include/costmap_2d/HighestPluginConfig.h /root/workspace/workspace/test_control-planing-i18r-so-upload/i18r_robot/devel/lib/python2.7/dist-packages/costmap_2d/cfg/HighestPluginConfig.py
Generating reconfiguration files for DynamicStaticPlugin in costmap_2d
Wrote header file in /root/workspace/workspace/test_control-planing-i18r-so-upload/i18r_robot/devel/include/costmap_2d/DynamicStaticPluginConfig.h
[  7%] Generating dynamic reconfigure files from cfg/LaserPlugin.cfg: /root/workspace/workspace/test_control-planing-i18r-so-upload/i18r_robot/devel/include/costmap_2d/LaserPluginConfig.h /root/workspace/workspace/test_control-planing-i18r-so-upload/i18r_robot/devel/lib/python2.7/dist-packages/costmap_2d/cfg/LaserPluginConfig.py
Generating reconfiguration files for HighestPlugin in costmap_2d
Wrote header file in /root/workspace/workspace/test_control-planing-i18r-so-upload/i18r_robot/devel/include/costmap_2d/HighestPluginConfig.h
[  7%] Generating dynamic reconfigure files from cfg/UltraPlugin.cfg: /root/workspace/workspace/test_control-planing-i18r-so-upload/i18r_robot/devel/include/costmap_2d/UltraPluginConfig.h /root/workspace/workspace/test_control-planing-i18r-so-upload/i18r_robot/devel/lib/python2.7/dist-packages/costmap_2d/cfg/UltraPluginConfig.py
Generating reconfiguration files for LaserPlugin in costmap_2d
Wrote header file in /root/workspace/workspace/test_control-planing-i18r-so-upload/i18r_robot/devel/include/costmap_2d/LaserPluginConfig.h
[  7%] Generating dynamic reconfigure files from cfg/HighReflexivityPlugin.cfg: /root/workspace/workspace/test_control-planing-i18r-so-upload/i18r_robot/devel/include/costmap_2d/HighReflexivityPluginConfig.h /root/workspace/workspace/test_control-planing-i18r-so-upload/i18r_robot/devel/lib/python2.7/dist-packages/costmap_2d/cfg/HighReflexivityPluginConfig.py
Generating reconfiguration files for UltraPlugin in costmap_2d
Wrote header file in /root/workspace/workspace/test_control-planing-i18r-so-upload/i18r_robot/devel/include/costmap_2d/UltraPluginConfig.h
Scanning dependencies of target costmap_converter_gencfg
[  7%] Generating dynamic reconfigure files from cfg/dynamic_reconfigure/CostmapToPolygonsDBSMCCH.cfg: /root/workspace/workspace/test_control-planing-i18r-so-upload/i18r_robot/devel/include/costmap_converter/CostmapToPolygonsDBSMCCHConfig.h /root/workspace/workspace/test_control-planing-i18r-so-upload/i18r_robot/devel/lib/python2.7/dist-packages/costmap_converter/cfg/CostmapToPolygonsDBSMCCHConfig.py
Generating reconfiguration files for HighReflexivityPlugin in costmap_2d
Wrote header file in /root/workspace/workspace/test_control-planing-i18r-so-upload/i18r_robot/devel/include/costmap_2d/HighReflexivityPluginConfig.h
Scanning dependencies of target _catkin_empty_exported_target
[  7%] Built target _catkin_empty_exported_target
[  7%] Generating dynamic reconfigure files from cfg/dynamic_reconfigure/CostmapToPolygonsDBSConcaveHull.cfg: /root/workspace/workspace/test_control-planing-i18r-so-upload/i18r_robot/devel/include/costmap_converter/CostmapToPolygonsDBSConcaveHullConfig.h /root/workspace/workspace/test_control-planing-i18r-so-upload/i18r_robot/devel/lib/python2.7/dist-packages/costmap_converter/cfg/CostmapToPolygonsDBSConcaveHullConfig.py
Generating reconfiguration files for CostmapToPolygonsDBSMCCH in costmap_converter
Wrote header file in /root/workspace/workspace/test_control-planing-i18r-so-upload/i18r_robot/devel/include/costmap_converter/CostmapToPolygonsDBSMCCHConfig.h
[  9%] Generating dynamic reconfigure files from cfg/dynamic_reconfigure/CostmapToLinesDBSMCCH.cfg: /root/workspace/workspace/test_control-planing-i18r-so-upload/i18r_robot/devel/include/costmap_converter/CostmapToLinesDBSMCCHConfig.h /root/workspace/workspace/test_control-planing-i18r-so-upload/i18r_robot/devel/lib/python2.7/dist-packages/costmap_converter/cfg/CostmapToLinesDBSMCCHConfig.py
Generating reconfiguration files for CostmapToPolygonsDBSConcaveHull in costmap_converter
Wrote header file in /root/workspace/workspace/test_control-planing-i18r-so-upload/i18r_robot/devel/include/costmap_converter/CostmapToPolygonsDBSConcaveHullConfig.h
[  9%] Generating dynamic reconfigure files from cfg/dynamic_reconfigure/CostmapToLinesDBSRANSAC.cfg: /root/workspace/workspace/test_control-planing-i18r-so-upload/i18r_robot/devel/include/costmap_converter/CostmapToLinesDBSRANSACConfig.h /root/workspace/workspace/test_control-planing-i18r-so-upload/i18r_robot/devel/lib/python2.7/dist-packages/costmap_converter/cfg/CostmapToLinesDBSRANSACConfig.py
Generating reconfiguration files for CostmapToLinesDBSMCCH in costmap_converter
Wrote header file in /root/workspace/workspace/test_control-planing-i18r-so-upload/i18r_robot/devel/include/costmap_converter/CostmapToLinesDBSMCCHConfig.h
Scanning dependencies of target _navfn_generate_messages_check_deps_MakeNavPlan
Generating reconfiguration files for CostmapToLinesDBSRANSAC in costmap_converter
Wrote header file in /root/workspace/workspace/test_control-planing-i18r-so-upload/i18r_robot/devel/include/costmap_converter/CostmapToLinesDBSRANSACConfig.h
[  9%] Generating dynamic reconfigure files from cfg/dynamic_reconfigure/CostmapToDynamicObstacles.cfg: /root/workspace/workspace/test_control-planing-i18r-so-upload/i18r_robot/devel/include/costmap_converter/CostmapToDynamicObstaclesConfig.h /root/workspace/workspace/test_control-planing-i18r-so-upload/i18r_robot/devel/lib/python2.7/dist-packages/costmap_converter/cfg/CostmapToDynamicObstaclesConfig.py
[  9%] Built target _navfn_generate_messages_check_deps_MakeNavPlan
Scanning dependencies of target _navfn_generate_messages_check_deps_SetCostmap
Generating reconfiguration files for CostmapToDynamicObstacles in costmap_converter
Wrote header file in /root/workspace/workspace/test_control-planing-i18r-so-upload/i18r_robot/devel/include/costmap_converter/CostmapToDynamicObstaclesConfig.h
[  9%] Built target _navfn_generate_messages_check_deps_SetCostmap
[  9%] Built target costmap_2d_gencfg
Scanning dependencies of target global_planner_gencfg
Scanning dependencies of target _base_local_planner_generate_messages_check_deps_Position2DInt
[  9%] Generating dynamic reconfigure files from cfg/GlobalPlanner.cfg: /root/workspace/workspace/test_control-planing-i18r-so-upload/i18r_robot/devel/include/global_planner/GlobalPlannerConfig.h /root/workspace/workspace/test_control-planing-i18r-so-upload/i18r_robot/devel/lib/python2.7/dist-packages/global_planner/cfg/GlobalPlannerConfig.py
[  9%] Built target _base_local_planner_generate_messages_check_deps_Position2DInt
Scanning dependencies of target base_local_planner_gencfg
[  9%] Generating dynamic reconfigure files from cfg/BaseLocalPlanner.cfg: /root/workspace/workspace/test_control-planing-i18r-so-upload/i18r_robot/devel/include/base_local_planner/BaseLocalPlannerConfig.h /root/workspace/workspace/test_control-planing-i18r-so-upload/i18r_robot/devel/lib/python2.7/dist-packages/base_local_planner/cfg/BaseLocalPlannerConfig.py
Generating reconfiguration files for GlobalPlanner in global_planner
Wrote header file in /root/workspace/workspace/test_control-planing-i18r-so-upload/i18r_robot/devel/include/global_planner/GlobalPlannerConfig.h
Scanning dependencies of target clean_robot_gencfg
[  9%] Generating dynamic reconfigure files from cfg/MoveBase.cfg: /root/workspace/workspace/test_control-planing-i18r-so-upload/i18r_robot/devel/include/clean_robot/MoveBaseConfig.h /root/workspace/workspace/test_control-planing-i18r-so-upload/i18r_robot/devel/lib/python2.7/dist-packages/clean_robot/cfg/MoveBaseConfig.py
[  9%] Built target costmap_converter_gencfg
Scanning dependencies of target std_srvs_generate_messages_eus
[  9%] Built target std_srvs_generate_messages_eus
Generating reconfiguration files for BaseLocalPlanner in base_local_planner
Wrote header file in /root/workspace/workspace/test_control-planing-i18r-so-upload/i18r_robot/devel/include/base_local_planner/BaseLocalPlannerConfig.h
[  9%] Built target global_planner_gencfg
Scanning dependencies of target std_srvs_generate_messages_cpp
Scanning dependencies of target move_base_msgs_generate_messages_py
[  9%] Built target std_srvs_generate_messages_cpp
Generating reconfiguration files for MoveBase in move_base
Wrote header file in /root/workspace/workspace/test_control-planing-i18r-so-upload/i18r_robot/devel/include/clean_robot/MoveBaseConfig.h
[  9%] Built target move_base_msgs_generate_messages_py
Scanning dependencies of target move_base_msgs_generate_messages_lisp
Scanning dependencies of target move_base_msgs_generate_messages_eus
[  9%] Built target move_base_msgs_generate_messages_lisp
[  9%] Built target base_local_planner_gencfg
Scanning dependencies of target std_srvs_generate_messages_lisp
[  9%] Built target move_base_msgs_generate_messages_eus
Scanning dependencies of target move_base_msgs_generate_messages_nodejs
[  9%] Built target std_srvs_generate_messages_lisp
Scanning dependencies of target move_base_msgs_generate_messages_cpp
[  9%] Built target move_base_msgs_generate_messages_nodejs
Scanning dependencies of target std_srvs_generate_messages_py
[  9%] Built target clean_robot_gencfg
[  9%] Built target move_base_msgs_generate_messages_cpp
[  9%] Built target std_srvs_generate_messages_py
Scanning dependencies of target std_srvs_generate_messages_nodejs
Scanning dependencies of target _teb_local_planner_generate_messages_check_deps_FeedbackMsg
Scanning dependencies of target _teb_local_planner_generate_messages_check_deps_TrajectoryMsg
Scanning dependencies of target _teb_local_planner_generate_messages_check_deps_TrajectoryPointMsg
[  9%] Built target std_srvs_generate_messages_nodejs
Scanning dependencies of target teb_local_planner_gencfg
[  9%] Built target _teb_local_planner_generate_messages_check_deps_FeedbackMsg
[ 10%] Generating dynamic reconfigure files from cfg/TebLocalPlannerReconfigure.cfg: /root/workspace/workspace/test_control-planing-i18r-so-upload/i18r_robot/devel/include/teb_local_planner/TebLocalPlannerReconfigureConfig.h /root/workspace/workspace/test_control-planing-i18r-so-upload/i18r_robot/devel/lib/python2.7/dist-packages/teb_local_planner/cfg/TebLocalPlannerReconfigureConfig.py
[ 10%] Built target _teb_local_planner_generate_messages_check_deps_TrajectoryMsg
[ 10%] Built target _teb_local_planner_generate_messages_check_deps_TrajectoryPointMsg
Scanning dependencies of target i18r_msgs_generate_messages_eus
Scanning dependencies of target i18r_msgs_generate_messages_py
Scanning dependencies of target wsfake_localization
[ 10%] Generating EusLisp code from i18r_msgs/KeyboardInput.msg
[ 10%] Generating Python from MSG i18r_msgs/KeyboardInput
[ 10%] Building CXX object navigation/wsfake_localization/CMakeFiles/wsfake_localization.dir/fake_localization.cpp.o
Generating reconfiguration files for TebLocalPlannerReconfigure in teb_local_planner
Wrote header file in /root/workspace/workspace/test_control-planing-i18r-so-upload/i18r_robot/devel/include/teb_local_planner/TebLocalPlannerReconfigureConfig.h
[ 11%] Generating EusLisp code from i18r_msgs/WheelDropEvent.msg
[ 11%] Built target teb_local_planner_gencfg
Scanning dependencies of target i18r_msgs_generate_messages_nodejs
[ 11%] Generating Python from MSG i18r_msgs/WheelDropEvent
[ 11%] Generating EusLisp code from i18r_msgs/BumperEvent.msg
[ 12%] Generating Javascript code from i18r_msgs/KeyboardInput.msg
[ 12%] Generating Javascript code from i18r_msgs/WheelDropEvent.msg
[ 12%] Generating EusLisp code from i18r_msgs/MotorPower.msg
[ 12%] Generating Javascript code from i18r_msgs/BumperEvent.msg
[ 13%] Generating Python from MSG i18r_msgs/BumperEvent
[ 14%] Generating EusLisp code from i18r_msgs/CliffEvent.msg
[ 15%] Generating Javascript code from i18r_msgs/MotorPower.msg
[ 15%] Generating EusLisp manifest code for i18r_msgs
[ 15%] Generating Javascript code from i18r_msgs/CliffEvent.msg
[ 15%] Generating Python from MSG i18r_msgs/MotorPower
[ 15%] Built target i18r_msgs_generate_messages_nodejs
Scanning dependencies of target i18r_msgs_generate_messages_lisp
[ 15%] Generating Lisp code from i18r_msgs/KeyboardInput.msg
[ 15%] Generating Python from MSG i18r_msgs/CliffEvent
[ 15%] Generating Lisp code from i18r_msgs/WheelDropEvent.msg
[ 17%] Generating Lisp code from i18r_msgs/BumperEvent.msg
[ 17%] Generating Lisp code from i18r_msgs/MotorPower.msg
[ 18%] Generating Python msg __init__.py for i18r_msgs
[ 18%] Generating Lisp code from i18r_msgs/CliffEvent.msg
[ 18%] Built target i18r_msgs_generate_messages_lisp
Scanning dependencies of target i18r_msgs_generate_messages_cpp
[ 18%] Generating C++ code from i18r_msgs/KeyboardInput.msg
[ 18%] Built target i18r_msgs_generate_messages_py
[ 18%] Generating C++ code from i18r_msgs/WheelDropEvent.msg
[ 18%] Built target i18r_msgs_generate_messages_eus
[ 18%] Generating C++ code from i18r_msgs/BumperEvent.msg
[ 19%] Generating C++ code from i18r_msgs/MotorPower.msg
[ 19%] Generating C++ code from i18r_msgs/CliffEvent.msg
Scanning dependencies of target costmap_2d_generate_messages_nodejs
[ 19%] Generating Javascript code from costmap_2d/PubMap.msg
Scanning dependencies of target cv_bridge
[ 19%] Building CXX object navigation/cv_bridge/src/CMakeFiles/cv_bridge.dir/cv_bridge.cpp.o
[ 19%] Built target i18r_msgs_generate_messages_cpp
[ 19%] Built target costmap_2d_generate_messages_nodejs
Scanning dependencies of target costmap_converter_generate_messages_py
Scanning dependencies of target costmap_converter_generate_messages_eus
[ 19%] Generating Python from MSG costmap_converter/ObstacleMsg
[ 19%] Linking CXX shared library /root/workspace/workspace/test_control-planing-i18r-so-upload/i18r_robot/devel/lib/libinteractive_markers.so
[ 19%] Generating EusLisp code from costmap_converter/ObstacleMsg.msg
[ 19%] Generating EusLisp code from costmap_converter/ObstacleArrayMsg.msg
[ 20%] Generating Python from MSG costmap_converter/ObstacleArrayMsg
[ 21%] Generating EusLisp manifest code for costmap_converter
[ 21%] Built target interactive_markers
Scanning dependencies of target costmap_converter_generate_messages_cpp
[ 22%] Generating C++ code from costmap_converter/ObstacleMsg.msg
[ 22%] Generating Python msg __init__.py for costmap_converter
[ 22%] Generating C++ code from costmap_converter/ObstacleArrayMsg.msg
[ 22%] Built target costmap_converter_generate_messages_py
Scanning dependencies of target costmap_converter_generate_messages_nodejs
[ 23%] Generating Javascript code from costmap_converter/ObstacleMsg.msg
[ 23%] Built target costmap_converter_generate_messages_cpp
[ 23%] Generating Javascript code from costmap_converter/ObstacleArrayMsg.msg
[ 25%] Building CXX object navigation/cv_bridge/src/CMakeFiles/cv_bridge.dir/rgb_colors.cpp.o
[ 25%] Built target costmap_converter_generate_messages_nodejs
Scanning dependencies of target costmap_converter_generate_messages_lisp
[ 25%] Generating Lisp code from costmap_converter/ObstacleMsg.msg
[ 25%] Generating Lisp code from costmap_converter/ObstacleArrayMsg.msg
[ 25%] Built target costmap_converter_generate_messages_eus
Scanning dependencies of target navfn_generate_messages_cpp
[ 25%] Built target costmap_converter_generate_messages_lisp
[ 25%] Generating C++ code from navfn/MakeNavPlan.srv
Scanning dependencies of target navfn_generate_messages_eus
[ 25%] Generating EusLisp code from navfn/MakeNavPlan.srv
[ 25%] Generating EusLisp code from navfn/SetCostmap.srv
[ 26%] Generating C++ code from navfn/SetCostmap.srv
[ 26%] Generating EusLisp manifest code for navfn
[ 26%] Built target navfn_generate_messages_cpp
Scanning dependencies of target navfn_generate_messages_lisp
[ 27%] Generating Lisp code from navfn/MakeNavPlan.srv
[ 27%] Generating Lisp code from navfn/SetCostmap.srv
[ 27%] Built target navfn_generate_messages_lisp
Scanning dependencies of target navfn_generate_messages_nodejs
[ 27%] Generating Javascript code from navfn/MakeNavPlan.srv
[ 28%] Generating Javascript code from navfn/SetCostmap.srv
[ 28%] Built target navfn_generate_messages_nodejs
Scanning dependencies of target navfn_generate_messages_py
[ 28%] Generating Python code from SRV navfn/MakeNavPlan
[ 28%] Built target navfn_generate_messages_eus
Scanning dependencies of target base_local_planner_generate_messages_py
[ 29%] Generating Python from MSG base_local_planner/Position2DInt
[ 29%] Generating Python code from SRV navfn/SetCostmap
[ 29%] Generating Python msg __init__.py for base_local_planner
[ 30%] Generating Python srv __init__.py for navfn
[ 30%] Built target base_local_planner_generate_messages_py
Scanning dependencies of target base_local_planner_generate_messages_eus
[ 30%] Generating EusLisp code from base_local_planner/Position2DInt.msg
[ 30%] Built target navfn_generate_messages_py
Scanning dependencies of target base_local_planner_generate_messages_cpp
[ 30%] Generating C++ code from base_local_planner/Position2DInt.msg
[ 31%] Generating EusLisp manifest code for base_local_planner
[ 31%] Built target base_local_planner_generate_messages_cpp
Scanning dependencies of target base_local_planner_generate_messages_lisp
[ 31%] Generating Lisp code from base_local_planner/Position2DInt.msg
[ 31%] Built target base_local_planner_generate_messages_lisp
Scanning dependencies of target teb_local_planner_generate_messages_cpp
Scanning dependencies of target base_local_planner_generate_messages_nodejs
[ 31%] Generating Javascript code from base_local_planner/Position2DInt.msg
[ 31%] Generating C++ code from teb_local_planner/TrajectoryPointMsg.msg
[ 31%] Built target base_local_planner_generate_messages_nodejs
[ 31%] Generating C++ code from teb_local_planner/TrajectoryMsg.msg
Scanning dependencies of target teb_local_planner_generate_messages_nodejs
[ 31%] Generating Javascript code from teb_local_planner/TrajectoryPointMsg.msg
[ 32%] Generating C++ code from teb_local_planner/FeedbackMsg.msg
[ 32%] Generating Javascript code from teb_local_planner/TrajectoryMsg.msg
[ 32%] Built target base_local_planner_generate_messages_eus
[ 34%] Generating Javascript code from teb_local_planner/FeedbackMsg.msg
Scanning dependencies of target teb_local_planner_generate_messages_py
[ 34%] Built target teb_local_planner_generate_messages_nodejs
[ 34%] Generating Python from MSG teb_local_planner/TrajectoryPointMsg
[ 34%] Generating Python from MSG teb_local_planner/TrajectoryMsg
[ 34%] Built target teb_local_planner_generate_messages_cpp
Scanning dependencies of target teb_local_planner_generate_messages_eus
[ 34%] Generating EusLisp code from teb_local_planner/TrajectoryPointMsg.msg
[ 34%] Generating EusLisp code from teb_local_planner/TrajectoryMsg.msg
[ 34%] Generating Python from MSG teb_local_planner/FeedbackMsg
[ 34%] Generating EusLisp code from teb_local_planner/FeedbackMsg.msg
[ 35%] Generating EusLisp manifest code for teb_local_planner
Scanning dependencies of target teb_local_planner_generate_messages_lisp
[ 35%] Generating Lisp code from teb_local_planner/TrajectoryPointMsg.msg
[ 36%] Generating Python msg __init__.py for teb_local_planner
[ 36%] Generating Lisp code from teb_local_planner/TrajectoryMsg.msg
[ 37%] Generating Lisp code from teb_local_planner/FeedbackMsg.msg
[ 37%] Built target teb_local_planner_generate_messages_py
Scanning dependencies of target i18r_msgs_generate_messages
[ 37%] Built target i18r_msgs_generate_messages
[ 37%] Built target teb_local_planner_generate_messages_lisp
Scanning dependencies of target costmap_2d_generate_messages
[ 37%] Built target costmap_2d_generate_messages
Scanning dependencies of target costmap_converter_generate_messages
[ 37%] Built target costmap_converter_generate_messages
Scanning dependencies of target navfn_generate_messages
[ 37%] Built target navfn_generate_messages
Scanning dependencies of target base_local_planner_generate_messages
[ 37%] Built target base_local_planner_generate_messages
Scanning dependencies of target costmap_2d
[ 37%] Building CXX object navigation/costmap_2d/CMakeFiles/costmap_2d.dir/src/array_parser.cpp.o
[ 37%] Built target teb_local_planner_generate_messages_eus
Scanning dependencies of target teb_local_planner_generate_messages
[ 37%] Built target teb_local_planner_generate_messages
[ 37%] Building CXX object navigation/costmap_2d/CMakeFiles/costmap_2d.dir/src/costmap_2d.cpp.o
[ 38%] Building CXX object navigation/costmap_2d/CMakeFiles/costmap_2d.dir/src/observation_buffer.cpp.o
[ 39%] Linking CXX executable /root/workspace/workspace/test_control-planing-i18r-so-upload/i18r_robot/devel/lib/wsfake_localization/wsfake_localization
Scanning dependencies of target path_planning
[ 39%] Built target wsfake_localization
[ 39%] Building CXX object navigation/costmap_2d/CMakeFiles/costmap_2d.dir/src/layer.cpp.o
[ 39%] Building CXX object indemind_clean_robot/CMakeFiles/path_planning.dir/src/advsensor.cpp.o
[ 39%] Linking CXX shared library /root/workspace/workspace/test_control-planing-i18r-so-upload/i18r_robot/devel/lib/libcv_bridge.so
[ 39%] Built target cv_bridge
[ 39%] Building CXX object navigation/costmap_2d/CMakeFiles/costmap_2d.dir/src/layered_costmap.cpp.o
[ 40%] Building CXX object indemind_clean_robot/CMakeFiles/path_planning.dir/src/clean_robot.cpp.o
[ 40%] Building CXX object indemind_clean_robot/CMakeFiles/path_planning.dir/src/clstate.cpp.o
[ 40%] Building CXX object indemind_clean_robot/CMakeFiles/path_planning.dir/src/global_reaction.cpp.o
[ 40%] Building CXX object navigation/costmap_2d/CMakeFiles/costmap_2d.dir/src/costmap_2d_ros.cpp.o
[ 42%] Building CXX object navigation/costmap_2d/CMakeFiles/costmap_2d.dir/src/costmap_2d_publisher.cpp.o
[ 42%] Building CXX object navigation/costmap_2d/CMakeFiles/costmap_2d.dir/src/costmap_math.cpp.o
[ 42%] Building CXX object navigation/costmap_2d/CMakeFiles/costmap_2d.dir/src/footprint.cpp.o
[ 43%] Building CXX object navigation/costmap_2d/CMakeFiles/costmap_2d.dir/src/costmap_layer.cpp.o
[ 44%] Building CXX object indemind_clean_robot/CMakeFiles/path_planning.dir/src/indemind_map.cpp.o
[ 44%] Building CXX object indemind_clean_robot/CMakeFiles/path_planning.dir/src/manual_ros.cpp.o
[ 44%] Building CXX object indemind_clean_robot/CMakeFiles/path_planning.dir/src/nav.cpp.o
[ 44%] Linking CXX shared library /root/workspace/workspace/test_control-planing-i18r-so-upload/i18r_robot/devel/lib/libcostmap_2d.so
[ 44%] Built target costmap_2d
[ 45%] Building CXX object indemind_clean_robot/CMakeFiles/path_planning.dir/src/path_planning.cpp.o
Scanning dependencies of target cv_bridge_boost
[ 45%] Building CXX object navigation/cv_bridge/src/CMakeFiles/cv_bridge_boost.dir/module.cpp.o
[ 45%] Building CXX object navigation/cv_bridge/src/CMakeFiles/cv_bridge_boost.dir/module_opencv3.cpp.o
Scanning dependencies of target layers
[ 45%] Building CXX object navigation/costmap_2d/CMakeFiles/layers.dir/plugins/inflation_layer.cpp.o
[ 45%] Building CXX object navigation/costmap_2d/CMakeFiles/layers.dir/plugins/kinametic_constraints_layer.cpp.o
[ 46%] Building CXX object navigation/costmap_2d/CMakeFiles/layers.dir/plugins/obstacle_layer.cpp.o
[ 47%] Linking CXX shared library /root/workspace/workspace/test_control-planing-i18r-so-upload/i18r_robot/devel/lib/python2.7/dist-packages/cv_bridge/boost/cv_bridge_boost.so
[ 47%] Built target cv_bridge_boost
[ 47%] Building CXX object indemind_clean_robot/CMakeFiles/path_planning.dir/src/sensors.cpp.o
[ 47%] Building CXX object navigation/costmap_2d/CMakeFiles/layers.dir/plugins/static_layer.cpp.o
[ 47%] Building CXX object indemind_clean_robot/CMakeFiles/path_planning.dir/src/ultra_mapping.cpp.o
[ 47%] Building CXX object navigation/costmap_2d/CMakeFiles/layers.dir/plugins/cliff_layer.cpp.o
[ 48%] Building CXX object navigation/costmap_2d/CMakeFiles/layers.dir/plugins/dynamic_static_layer.cpp.o
[ 48%] Building CXX object navigation/costmap_2d/CMakeFiles/layers.dir/plugins/highest_layer.cpp.o
[ 48%] Building CXX object indemind_clean_robot/CMakeFiles/path_planning.dir/src/state/context.cpp.o
[ 50%] Building CXX object indemind_clean_robot/CMakeFiles/path_planning.dir/src/state/state.cpp.o
[ 50%] Building CXX object navigation/costmap_2d/CMakeFiles/layers.dir/plugins/laser_layer.cpp.o
[ 50%] Building CXX object indemind_clean_robot/CMakeFiles/path_planning.dir/src/public/back_normal_state.cpp.o
[ 50%] Building CXX object indemind_clean_robot/CMakeFiles/path_planning.dir/src/public/bumper_state.cpp.o
[ 51%] Building CXX object navigation/costmap_2d/CMakeFiles/layers.dir/plugins/ultra_layer.cpp.o
[ 51%] Building CXX object navigation/costmap_2d/CMakeFiles/layers.dir/plugins/high_reflexivity_layer.cpp.o
[ 52%] Building CXX object indemind_clean_robot/CMakeFiles/path_planning.dir/src/public/check_footprint.cpp.o
[ 52%] Building CXX object indemind_clean_robot/CMakeFiles/path_planning.dir/src/public/cliff_state.cpp.o
[ 52%] Building CXX object navigation/costmap_2d/CMakeFiles/layers.dir/src/observation_buffer.cpp.o
[ 53%] Building CXX object indemind_clean_robot/CMakeFiles/path_planning.dir/src/public/load_para.cpp.o
[ 53%] Building CXX object indemind_clean_robot/CMakeFiles/path_planning.dir/src/public/cpu_check.cpp.o
[ 53%] Building CXX object indemind_clean_robot/CMakeFiles/path_planning.dir/src/public/path_save.cpp.o
[ 53%] Building CXX object indemind_clean_robot/CMakeFiles/path_planning.dir/src/task_based/defedge_state.cpp.o
[ 53%] Building CXX object indemind_clean_robot/CMakeFiles/path_planning.dir/src/task_based/optimize_path.cpp.o
[ 54%] Building CXX object indemind_clean_robot/CMakeFiles/path_planning.dir/src/task_based/task_based_path.cpp.o
[ 54%] Building CXX object indemind_clean_robot/CMakeFiles/path_planning.dir/src/task_based/taskbp_state.cpp.o
[ 54%] Building CXX object indemind_clean_robot/CMakeFiles/path_planning.dir/src/auto_clean/arrow_clean.cpp.o
[ 55%] Building CXX object indemind_clean_robot/CMakeFiles/path_planning.dir/src/auto_clean/autoc_state.cpp.o
[ 55%] Building CXX object indemind_clean_robot/CMakeFiles/path_planning.dir/src/tracking_path/base_track_planner.cpp.o
[ 55%] Building CXX object indemind_clean_robot/CMakeFiles/path_planning.dir/src/tracking_path/check_obstacle.cpp.o
[ 55%] Linking CXX shared library /root/workspace/workspace/test_control-planing-i18r-so-upload/i18r_robot/devel/lib/liblayers.so
[ 55%] Built target layers
[ 56%] Building CXX object indemind_clean_robot/CMakeFiles/path_planning.dir/src/tracking_path/check_pedestrian.cpp.o
Scanning dependencies of target clear_costmap_recovery
[ 57%] Building CXX object navigation/clear_costmap_recovery/CMakeFiles/clear_costmap_recovery.dir/src/clear_costmap_recovery.cpp.o
Scanning dependencies of target costmap_converter
[ 59%] Building CXX object navigation/costmap_converter/CMakeFiles/costmap_converter.dir/src/costmap_to_polygons.cpp.o
[ 59%] Building CXX object navigation/costmap_converter/CMakeFiles/costmap_converter.dir/src/costmap_to_polygons_concave.cpp.o
Scanning dependencies of target navfn
[ 59%] Building CXX object navigation/navfn/CMakeFiles/navfn.dir/src/navfn.cpp.o
[ 60%] Building CXX object navigation/navfn/CMakeFiles/navfn.dir/src/navfn_ros.cpp.o
[ 60%] Linking CXX shared library /root/workspace/workspace/test_control-planing-i18r-so-upload/i18r_robot/devel/lib/libclear_costmap_recovery.so
[ 60%] Built target clear_costmap_recovery
[ 60%] Building CXX object navigation/costmap_converter/CMakeFiles/costmap_converter.dir/src/costmap_to_lines_convex_hull.cpp.o
[ 60%] Building CXX object indemind_clean_robot/CMakeFiles/path_planning.dir/src/tracking_path/execute.cpp.o
[ 60%] Building CXX object indemind_clean_robot/CMakeFiles/path_planning.dir/src/tracking_path/get_path_virtual_wall.cpp.o
Scanning dependencies of target base_local_planner
[ 60%] Building CXX object navigation/base_local_planner/CMakeFiles/base_local_planner.dir/src/footprint_helper.cpp.o
[ 60%] Linking CXX shared library /root/workspace/workspace/test_control-planing-i18r-so-upload/i18r_robot/devel/lib/libnavfn.so
[ 60%] Built target navfn
[ 61%] Building CXX object indemind_clean_robot/CMakeFiles/path_planning.dir/src/tracking_path/normal_tool.cpp.o
[ 61%] Building CXX object navigation/base_local_planner/CMakeFiles/base_local_planner.dir/src/goal_functions.cpp.o
[ 61%] Building CXX object navigation/base_local_planner/CMakeFiles/base_local_planner.dir/src/map_cell.cpp.o
[ 62%] Building CXX object navigation/base_local_planner/CMakeFiles/base_local_planner.dir/src/map_grid.cpp.o
[ 62%] Building CXX object navigation/base_local_planner/CMakeFiles/base_local_planner.dir/src/map_grid_visualizer.cpp.o
[ 62%] Building CXX object navigation/base_local_planner/CMakeFiles/base_local_planner.dir/src/map_grid_cost_function.cpp.o
[ 62%] Building CXX object indemind_clean_robot/CMakeFiles/path_planning.dir/src/tracking_path/to_scan_marker.cpp.o
[ 63%] Building CXX object navigation/costmap_converter/CMakeFiles/costmap_converter.dir/src/costmap_to_lines_ransac.cpp.o
[ 63%] Building CXX object navigation/costmap_converter/CMakeFiles/costmap_converter.dir/src/costmap_to_dynamic_obstacles/costmap_to_dynamic_obstacles.cpp.o
[ 63%] Building CXX object navigation/costmap_converter/CMakeFiles/costmap_converter.dir/src/costmap_to_dynamic_obstacles/background_subtractor.cpp.o
[ 64%] Building CXX object navigation/base_local_planner/CMakeFiles/base_local_planner.dir/src/latched_stop_rotate_controller.cpp.o
[ 64%] Building CXX object indemind_clean_robot/CMakeFiles/path_planning.dir/src/tracking_path/track_plan.cpp.o
[ 64%] Building CXX object navigation/base_local_planner/CMakeFiles/base_local_planner.dir/src/local_planner_util.cpp.o
[ 64%] Building CXX object indemind_clean_robot/CMakeFiles/path_planning.dir/src/tracking_path/trpath_state.cpp.o
[ 65%] Building CXX object navigation/costmap_converter/CMakeFiles/costmap_converter.dir/src/costmap_to_dynamic_obstacles/blob_detector.cpp.o
Scanning dependencies of target navfn_node
[ 65%] Building CXX object navigation/navfn/CMakeFiles/navfn_node.dir/src/navfn_node.cpp.o
[ 65%] Building CXX object navigation/costmap_converter/CMakeFiles/costmap_converter.dir/src/costmap_to_dynamic_obstacles/multitarget_tracker/Ctracker.cpp.o
[ 65%] Building CXX object navigation/base_local_planner/CMakeFiles/base_local_planner.dir/src/odometry_helper_ros.cpp.o
[ 67%] Building CXX object indemind_clean_robot/CMakeFiles/path_planning.dir/src/move_base/move_base.cpp.o
[ 67%] Building CXX object navigation/costmap_converter/CMakeFiles/costmap_converter.dir/src/costmap_to_dynamic_obstacles/multitarget_tracker/Kalman.cpp.o
[ 68%] Building CXX object navigation/base_local_planner/CMakeFiles/base_local_planner.dir/src/obstacle_cost_function.cpp.o
[ 68%] Building CXX object navigation/costmap_converter/CMakeFiles/costmap_converter.dir/src/costmap_to_dynamic_obstacles/multitarget_tracker/HungarianAlg.cpp.o
[ 68%] Linking CXX executable /root/workspace/workspace/test_control-planing-i18r-so-upload/i18r_robot/devel/lib/navfn/navfn_node
[ 68%] Built target navfn_node
[ 68%] Building CXX object indemind_clean_robot/CMakeFiles/path_planning.dir/src/ccpp_planner/bow/bow.cpp.o
[ 68%] Building CXX object navigation/base_local_planner/CMakeFiles/base_local_planner.dir/src/oscillation_cost_function.cpp.o
[ 69%] Linking CXX shared library /root/workspace/workspace/test_control-planing-i18r-so-upload/i18r_robot/devel/lib/libcostmap_converter.so
Scanning dependencies of target global_planner
[ 69%] Building CXX object navigation/global_planner/CMakeFiles/global_planner.dir/src/quadratic_calculator.cpp.o
[ 69%] Building CXX object navigation/global_planner/CMakeFiles/global_planner.dir/src/dijkstra.cpp.o
[ 69%] Built target costmap_converter
[ 69%] Building CXX object indemind_clean_robot/CMakeFiles/path_planning.dir/src/ccpp_planner/bow/bow_planner.cpp.o
[ 69%] Building CXX object navigation/base_local_planner/CMakeFiles/base_local_planner.dir/src/prefer_forward_cost_function.cpp.o
[ 69%] Building CXX object navigation/base_local_planner/CMakeFiles/base_local_planner.dir/src/point_grid.cpp.o
[ 70%] Building CXX object navigation/base_local_planner/CMakeFiles/base_local_planner.dir/src/costmap_model.cpp.o
[ 70%] Building CXX object navigation/global_planner/CMakeFiles/global_planner.dir/src/astar.cpp.o
[ 71%] Building CXX object navigation/global_planner/CMakeFiles/global_planner.dir/src/grid_path.cpp.o
[ 71%] Building CXX object navigation/base_local_planner/CMakeFiles/base_local_planner.dir/src/simple_scored_sampling_planner.cpp.o
Scanning dependencies of target standalone_converter
[ 71%] Building CXX object navigation/costmap_converter/CMakeFiles/standalone_converter.dir/src/costmap_converter_node.cpp.o
[ 71%] Building CXX object navigation/base_local_planner/CMakeFiles/base_local_planner.dir/src/simple_trajectory_generator.cpp.o
[ 72%] Building CXX object navigation/base_local_planner/CMakeFiles/base_local_planner.dir/src/trajectory.cpp.o
[ 72%] Building CXX object navigation/base_local_planner/CMakeFiles/base_local_planner.dir/src/twirling_cost_function.cpp.o
[ 72%] Building CXX object navigation/base_local_planner/CMakeFiles/base_local_planner.dir/src/voxel_grid_model.cpp.o
[ 73%] Linking CXX shared library /root/workspace/workspace/test_control-planing-i18r-so-upload/i18r_robot/devel/lib/libbase_local_planner.so
[ 73%] Built target base_local_planner
[ 73%] Building CXX object navigation/global_planner/CMakeFiles/global_planner.dir/src/gradient_path.cpp.o
[ 73%] Building CXX object navigation/global_planner/CMakeFiles/global_planner.dir/src/orientation_filter.cpp.o
[ 75%] Building CXX object indemind_clean_robot/CMakeFiles/path_planning.dir/src/ccpp_planner/bow/edge_def.cpp.o
[ 76%] Building CXX object navigation/global_planner/CMakeFiles/global_planner.dir/src/planner_core.cpp.o
[ 76%] Linking CXX executable /root/workspace/workspace/test_control-planing-i18r-so-upload/i18r_robot/devel/lib/costmap_converter/standalone_converter
[ 76%] Built target standalone_converter
[ 76%] Building CXX object indemind_clean_robot/CMakeFiles/path_planning.dir/src/ccpp_planner/gyriform/AnnularCleaningPath.cpp.o
[ 76%] Building CXX object indemind_clean_robot/CMakeFiles/path_planning.dir/src/ccpp_planner/gyriform/PathSmoothing.cpp.o
Scanning dependencies of target point_grid
[ 77%] Building CXX object navigation/base_local_planner/CMakeFiles/point_grid.dir/src/point_grid_node.cpp.o
[ 77%] Linking CXX executable /root/workspace/workspace/test_control-planing-i18r-so-upload/i18r_robot/devel/lib/base_local_planner/point_grid
[ 77%] Built target point_grid
[ 77%] Building CXX object navigation/global_planner/CMakeFiles/global_planner.dir/src/potential_calculator.cpp.o
Scanning dependencies of target trajectory_planner_ros
[ 77%] Building CXX object navigation/base_local_planner/CMakeFiles/trajectory_planner_ros.dir/src/trajectory_planner.cpp.o
[ 79%] Building CXX object indemind_clean_robot/CMakeFiles/path_planning.dir/src/ccpp_planner/gyriform/gyriform_planner.cpp.o
[ 79%] Building CXX object navigation/base_local_planner/CMakeFiles/trajectory_planner_ros.dir/src/trajectory_planner_ros.cpp.o
[ 79%] Building CXX object navigation/global_planner/CMakeFiles/global_planner.dir/src/expander.cpp.o
[ 80%] Building CXX object navigation/global_planner/CMakeFiles/global_planner.dir/src/traceback.cpp.o
[ 80%] Linking CXX shared library /root/workspace/workspace/test_control-planing-i18r-so-upload/i18r_robot/devel/lib/libglobal_planner.so
[ 80%] Built target global_planner
[ 80%] Building CXX object indemind_clean_robot/CMakeFiles/path_planning.dir/src/mode/error_state.cpp.o
Scanning dependencies of target planner
[ 80%] Building CXX object navigation/global_planner/CMakeFiles/planner.dir/src/plan_node.cpp.o
[ 80%] Linking CXX executable /root/workspace/workspace/test_control-planing-i18r-so-upload/i18r_robot/devel/lib/global_planner/planner
[ 80%] Building CXX object indemind_clean_robot/CMakeFiles/path_planning.dir/src/mode/idle_state.cpp.o
[ 80%] Built target planner
[ 80%] Building CXX object indemind_clean_robot/CMakeFiles/path_planning.dir/src/mode/manual_state.cpp.o
[ 81%] Building CXX object indemind_clean_robot/CMakeFiles/path_planning.dir/src/mode/robot_status.cpp.o
[ 81%] Linking CXX shared library /root/workspace/workspace/test_control-planing-i18r-so-upload/i18r_robot/devel/lib/libtrajectory_planner_ros.so
[ 81%] Built target trajectory_planner_ros
[ 81%] Building CXX object indemind_clean_robot/CMakeFiles/path_planning.dir/src/mode/working_mode.cpp.o
[ 81%] Building CXX object indemind_clean_robot/CMakeFiles/path_planning.dir/src/controller/auto_slow.cpp.o
Scanning dependencies of target rotate_recovery
[ 81%] Building CXX object navigation/rotate_recovery/CMakeFiles/rotate_recovery.dir/src/rotate_recovery.cpp.o
Scanning dependencies of target teb_local_planner
[ 82%] Building CXX object navigation/teb_local_planner/CMakeFiles/teb_local_planner.dir/src/timed_elastic_band.cpp.o
[ 82%] Building CXX object navigation/teb_local_planner/CMakeFiles/teb_local_planner.dir/src/optimal_planner.cpp.o
[ 82%] Building CXX object navigation/teb_local_planner/CMakeFiles/teb_local_planner.dir/src/obstacles.cpp.o
[ 84%] Linking CXX shared library /root/workspace/workspace/test_control-planing-i18r-so-upload/i18r_robot/devel/lib/librotate_recovery.so
[ 84%] Built target rotate_recovery
[ 85%] Building CXX object navigation/teb_local_planner/CMakeFiles/teb_local_planner.dir/src/visualization.cpp.o
[ 86%] Building CXX object indemind_clean_robot/CMakeFiles/path_planning.dir/src/controller/emergency_slow.cpp.o
[ 86%] Building CXX object indemind_clean_robot/CMakeFiles/path_planning.dir/src/controller/vel_control.cpp.o
[ 86%] Building CXX object navigation/teb_local_planner/CMakeFiles/teb_local_planner.dir/src/recovery_behaviors.cpp.o
[ 86%] Building CXX object navigation/teb_local_planner/CMakeFiles/teb_local_planner.dir/src/teb_config.cpp.o
[ 86%] Building CXX object indemind_clean_robot/CMakeFiles/path_planning.dir/src/utility/butterworth_filter.cpp.o
[ 86%] Building CXX object navigation/teb_local_planner/CMakeFiles/teb_local_planner.dir/src/homotopy_class_planner.cpp.o
[ 87%] Building CXX object navigation/teb_local_planner/CMakeFiles/teb_local_planner.dir/src/teb_local_planner_ros.cpp.o
[ 88%] Building CXX object indemind_clean_robot/CMakeFiles/path_planning.dir/src/utility/cal_grids.cpp.o
[ 88%] Building CXX object indemind_clean_robot/CMakeFiles/path_planning.dir/src/utility/cal_time.cpp.o
In file included from /root/workspace/workspace/test_control-planing-i18r-so-upload/i18r_robot/src/navigation/teb_local_planner/src/teb_local_planner_ros.cpp:39:0:
/root/workspace/workspace/test_control-planing-i18r-so-upload/i18r_robot/src/navigation/teb_local_planner/include/teb_local_planner/teb_local_planner_ros.h:477:23: error: â€˜path_tracking_controllerâ€™ was not declared in this scope
     boost::shared_ptr<path_tracking_controller::PathTrackingController> ptc_;
                       ^~~~~~~~~~~~~~~~~~~~~~~~
/root/workspace/workspace/test_control-planing-i18r-so-upload/i18r_robot/src/navigation/teb_local_planner/include/teb_local_planner/teb_local_planner_ros.h:477:23: note: suggested alternative: â€˜AbstractControllerâ€™
     boost::shared_ptr<path_tracking_controller::PathTrackingController> ptc_;
                       ^~~~~~~~~~~~~~~~~~~~~~~~
                       AbstractController
/root/workspace/workspace/test_control-planing-i18r-so-upload/i18r_robot/src/navigation/teb_local_planner/include/teb_local_planner/teb_local_planner_ros.h:477:71: error: template argument 1 is invalid
     boost::shared_ptr<path_tracking_controller::PathTrackingController> ptc_;
                                                                       ^
/root/workspace/workspace/test_control-planing-i18r-so-upload/i18r_robot/src/navigation/teb_local_planner/src/teb_local_planner_ros.cpp: In member function â€˜void teb_local_planner::TebLocalPlannerROS::PTCInit(double)â€™:
/root/workspace/workspace/test_control-planing-i18r-so-upload/i18r_robot/src/navigation/teb_local_planner/src/teb_local_planner_ros.cpp:1439:104: error: cannot convert â€˜boost::shared_ptr<path_tracking_controller::PathTrackingController>â€™ to â€˜intâ€™ in assignment
                         cfg_ptr, teb_ptr, odom_ptr, costmap_ptr, global_plan_ptr, controller_frequency));
                                                                                                        ^
[ 88%] Building CXX object navigation/teb_local_planner/CMakeFiles/teb_local_planner.dir/src/graph_search.cpp.o
[ 88%] Building CXX object indemind_clean_robot/CMakeFiles/path_planning.dir/src/utility/clean_area.cpp.o
[ 88%] Building CXX object indemind_clean_robot/CMakeFiles/path_planning.dir/src/utility/freq_check.cpp.o
[ 89%] Building CXX object indemind_clean_robot/CMakeFiles/path_planning.dir/src/utility/narrow_check.cpp.o
In file included from /usr/include/boost/bind/mem_fn.hpp:215:0,
                 from /usr/include/boost/mem_fn.hpp:22,
                 from /usr/include/boost/function/detail/prologue.hpp:18,
                 from /usr/include/boost/function.hpp:24,
                 from /opt/ros/melodic/include/ros/forwards.h:40,
                 from /opt/ros/melodic/include/ros/common.h:37,
                 from /opt/ros/melodic/include/ros/ros.h:43,
                 from /root/workspace/workspace/test_control-planing-i18r-so-upload/i18r_robot/src/navigation/teb_local_planner/include/teb_local_planner/teb_local_planner_ros.h:42,
                 from /root/workspace/workspace/test_control-planing-i18r-so-upload/i18r_robot/src/navigation/teb_local_planner/src/teb_local_planner_ros.cpp:39:
/usr/include/boost/bind/mem_fn_template.hpp: In instantiation of â€˜R boost::_mfi::mf0<R, T>::call(U&, const void*) const [with U = int; R = void; T = path_tracking_controller::PathTrackingController]â€™:
/usr/include/boost/bind/mem_fn_template.hpp:55:33:   required from â€˜R boost::_mfi::mf0<R, T>::operator()(U&) const [with U = int; R = void; T = path_tracking_controller::PathTrackingController]â€™
/usr/include/boost/bind/bind.hpp:259:35:   required from â€˜void boost::_bi::list1<A1>::operator()(boost::_bi::type<void>, F&, A&, int) [with F = boost::_mfi::mf0<void, path_tracking_controller::PathTrackingController>; A = boost::_bi::list0; A1 = boost::_bi::value<int>]â€™
/usr/include/boost/bind/bind.hpp:1294:50:   required from â€˜boost::_bi::bind_t<R, F, L>::result_type boost::_bi::bind_t<R, F, L>::operator()() [with R = void; F = boost::_mfi::mf0<void, path_tracking_controller::PathTrackingController>; L = boost::_bi::list1<boost::_bi::value<int> >; boost::_bi::bind_t<R, F, L>::result_type = void]â€™
/usr/include/boost/thread/detail/thread.hpp:116:17:   required from â€˜void boost::detail::thread_data<F>::run() [with F = boost::_bi::bind_t<void, boost::_mfi::mf0<void, path_tracking_controller::PathTrackingController>, boost::_bi::list1<boost::_bi::value<int> > >]â€™
/root/workspace/workspace/test_control-planing-i18r-so-upload/i18r_robot/src/navigation/teb_local_planner/src/teb_local_planner_ros.cpp:1455:1:   required from here
/usr/include/boost/bind/mem_fn_template.hpp:40:41: error: no matching function for call to â€˜get_pointer(int&)â€™
         BOOST_MEM_FN_RETURN (get_pointer(u)->*f_)();
                              ~~~~~~~~~~~^~~
In file included from /usr/include/boost/shared_ptr.hpp:17:0,
                 from /opt/ros/melodic/include/ros/forwards.h:37,
                 from /opt/ros/melodic/include/ros/common.h:37,
                 from /opt/ros/melodic/include/ros/ros.h:43,
                 from /root/workspace/workspace/test_control-planing-i18r-so-upload/i18r_robot/src/navigation/teb_local_planner/include/teb_local_planner/teb_local_planner_ros.h:42,
                 from /root/workspace/workspace/test_control-planing-i18r-so-upload/i18r_robot/src/navigation/teb_local_planner/src/teb_local_planner_ros.cpp:39:
/usr/include/boost/smart_ptr/shared_ptr.hpp:964:65: note: candidate: template<class T> typename boost::shared_ptr<T>::element_type* boost::get_pointer(const boost::shared_ptr<X>&)
 template<class T> inline typename shared_ptr<T>::element_type * get_pointer(shared_ptr<T> const & p) BOOST_SP_NOEXCEPT
                                                                 ^~~~~~~~~~~
/usr/include/boost/smart_ptr/shared_ptr.hpp:964:65: note:   template argument deduction/substitution failed:
In file included from /usr/include/boost/bind/mem_fn.hpp:215:0,
                 from /usr/include/boost/mem_fn.hpp:22,
                 from /usr/include/boost/function/detail/prologue.hpp:18,
                 from /usr/include/boost/function.hpp:24,
                 from /opt/ros/melodic/include/ros/forwards.h:40,
                 from /opt/ros/melodic/include/ros/common.h:37,
                 from /opt/ros/melodic/include/ros/ros.h:43,
                 from /root/workspace/workspace/test_control-planing-i18r-so-upload/i18r_robot/src/navigation/teb_local_planner/include/teb_local_planner/teb_local_planner_ros.h:42,
                 from /root/workspace/workspace/test_control-planing-i18r-so-upload/i18r_robot/src/navigation/teb_local_planner/src/teb_local_planner_ros.cpp:39:
/usr/include/boost/bind/mem_fn_template.hpp:40:41: note:   mismatched types â€˜const boost::shared_ptr<X>â€™ and â€˜intâ€™
         BOOST_MEM_FN_RETURN (get_pointer(u)->*f_)();
                              ~~~~~~~~~~~^~~
In file included from /usr/include/boost/ref.hpp:15:0,
                 from /usr/include/boost/function/function_base.hpp:28,
                 from /usr/include/boost/function/detail/prologue.hpp:17,
                 from /usr/include/boost/function.hpp:24,
                 from /opt/ros/melodic/include/ros/forwards.h:40,
                 from /opt/ros/melodic/include/ros/common.h:37,
                 from /opt/ros/melodic/include/ros/ros.h:43,
                 from /root/workspace/workspace/test_control-planing-i18r-so-upload/i18r_robot/src/navigation/teb_local_planner/include/teb_local_planner/teb_local_planner_ros.h:42,
                 from /root/workspace/workspace/test_control-planing-i18r-so-upload/i18r_robot/src/navigation/teb_local_planner/src/teb_local_planner_ros.cpp:39:
/usr/include/boost/core/ref.hpp:291:40: note: candidate: template<class T> T* boost::get_pointer(const boost::reference_wrapper<T>&)
 template<class T> BOOST_FORCEINLINE T* get_pointer( reference_wrapper<T> const & r )
                                        ^~~~~~~~~~~
/usr/include/boost/core/ref.hpp:291:40: note:   template argument deduction/substitution failed:
In file included from /usr/include/boost/bind/mem_fn.hpp:215:0,
                 from /usr/include/boost/mem_fn.hpp:22,
                 from /usr/include/boost/function/detail/prologue.hpp:18,
                 from /usr/include/boost/function.hpp:24,
                 from /opt/ros/melodic/include/ros/forwards.h:40,
                 from /opt/ros/melodic/include/ros/common.h:37,
                 from /opt/ros/melodic/include/ros/ros.h:43,
                 from /root/workspace/workspace/test_control-planing-i18r-so-upload/i18r_robot/src/navigation/teb_local_planner/include/teb_local_planner/teb_local_planner_ros.h:42,
                 from /root/workspace/workspace/test_control-planing-i18r-so-upload/i18r_robot/src/navigation/teb_local_planner/src/teb_local_planner_ros.cpp:39:
/usr/include/boost/bind/mem_fn_template.hpp:40:41: note:   mismatched types â€˜const boost::reference_wrapper<T>â€™ and â€˜intâ€™
         BOOST_MEM_FN_RETURN (get_pointer(u)->*f_)();
                              ~~~~~~~~~~~^~~
In file included from /usr/include/boost/bind/mem_fn.hpp:25:0,
                 from /usr/include/boost/mem_fn.hpp:22,
                 from /usr/include/boost/function/detail/prologue.hpp:18,
                 from /usr/include/boost/function.hpp:24,
                 from /opt/ros/melodic/include/ros/forwards.h:40,
                 from /opt/ros/melodic/include/ros/common.h:37,
                 from /opt/ros/melodic/include/ros/ros.h:43,
                 from /root/workspace/workspace/test_control-planing-i18r-so-upload/i18r_robot/src/navigation/teb_local_planner/include/teb_local_planner/teb_local_planner_ros.h:42,
                 from /root/workspace/workspace/test_control-planing-i18r-so-upload/i18r_robot/src/navigation/teb_local_planner/src/teb_local_planner_ros.cpp:39:
/usr/include/boost/get_pointer.hpp:20:23: note: candidate: template<class T> T* boost::get_pointer(T*)
 template<class T> T * get_pointer(T * p)
                       ^~~~~~~~~~~
/usr/include/boost/get_pointer.hpp:20:23: note:   template argument deduction/substitution failed:
In file included from /usr/include/boost/bind/mem_fn.hpp:215:0,
                 from /usr/include/boost/mem_fn.hpp:22,
                 from /usr/include/boost/function/detail/prologue.hpp:18,
                 from /usr/include/boost/function.hpp:24,
                 from /opt/ros/melodic/include/ros/forwards.h:40,
                 from /opt/ros/melodic/include/ros/common.h:37,
                 from /opt/ros/melodic/include/ros/ros.h:43,
                 from /root/workspace/workspace/test_control-planing-i18r-so-upload/i18r_robot/src/navigation/teb_local_planner/include/teb_local_planner/teb_local_planner_ros.h:42,
                 from /root/workspace/workspace/test_control-planing-i18r-so-upload/i18r_robot/src/navigation/teb_local_planner/src/teb_local_planner_ros.cpp:39:
/usr/include/boost/bind/mem_fn_template.hpp:40:41: note:   mismatched types â€˜T*â€™ and â€˜intâ€™
         BOOST_MEM_FN_RETURN (get_pointer(u)->*f_)();
                              ~~~~~~~~~~~^~~
In file included from /usr/include/boost/bind/mem_fn.hpp:25:0,
                 from /usr/include/boost/mem_fn.hpp:22,
                 from /usr/include/boost/function/detail/prologue.hpp:18,
                 from /usr/include/boost/function.hpp:24,
                 from /opt/ros/melodic/include/ros/forwards.h:40,
                 from /opt/ros/melodic/include/ros/common.h:37,
                 from /opt/ros/melodic/include/ros/ros.h:43,
                 from /root/workspace/workspace/test_control-planing-i18r-so-upload/i18r_robot/src/navigation/teb_local_planner/include/teb_local_planner/teb_local_planner_ros.h:42,
                 from /root/workspace/workspace/test_control-planing-i18r-so-upload/i18r_robot/src/navigation/teb_local_planner/src/teb_local_planner_ros.cpp:39:
/usr/include/boost/get_pointer.hpp:48:23: note: candidate: template<class T> T* boost::get_pointer(const std::auto_ptr<Y>&)
 template<class T> T * get_pointer(std::auto_ptr<T> const& p)
                       ^~~~~~~~~~~
/usr/include/boost/get_pointer.hpp:48:23: note:   template argument deduction/substitution failed:
In file included from /usr/include/boost/bind/mem_fn.hpp:215:0,
                 from /usr/include/boost/mem_fn.hpp:22,
                 from /usr/include/boost/function/detail/prologue.hpp:18,
                 from /usr/include/boost/function.hpp:24,
                 from /opt/ros/melodic/include/ros/forwards.h:40,
                 from /opt/ros/melodic/include/ros/common.h:37,
                 from /opt/ros/melodic/include/ros/ros.h:43,
                 from /root/workspace/workspace/test_control-planing-i18r-so-upload/i18r_robot/src/navigation/teb_local_planner/include/teb_local_planner/teb_local_planner_ros.h:42,
                 from /root/workspace/workspace/test_control-planing-i18r-so-upload/i18r_robot/src/navigation/teb_local_planner/src/teb_local_planner_ros.cpp:39:
/usr/include/boost/bind/mem_fn_template.hpp:40:41: note:   mismatched types â€˜const std::auto_ptr<Y>â€™ and â€˜intâ€™
         BOOST_MEM_FN_RETURN (get_pointer(u)->*f_)();
                              ~~~~~~~~~~~^~~
In file included from /usr/include/boost/bind/mem_fn.hpp:25:0,
                 from /usr/include/boost/mem_fn.hpp:22,
                 from /usr/include/boost/function/detail/prologue.hpp:18,
                 from /usr/include/boost/function.hpp:24,
                 from /opt/ros/melodic/include/ros/forwards.h:40,
                 from /opt/ros/melodic/include/ros/common.h:37,
                 from /opt/ros/melodic/include/ros/ros.h:43,
                 from /root/workspace/workspace/test_control-planing-i18r-so-upload/i18r_robot/src/navigation/teb_local_planner/include/teb_local_planner/teb_local_planner_ros.h:42,
                 from /root/workspace/workspace/test_control-planing-i18r-so-upload/i18r_robot/src/navigation/teb_local_planner/src/teb_local_planner_ros.cpp:39:
/usr/include/boost/get_pointer.hpp:62:23: note: candidate: template<class T> T* boost::get_pointer(const std::unique_ptr<_Codecvt>&)
 template<class T> T * get_pointer( std::unique_ptr<T> const& p )
                       ^~~~~~~~~~~
/usr/include/boost/get_pointer.hpp:62:23: note:   template argument deduction/substitution failed:
In file included from /usr/include/boost/bind/mem_fn.hpp:215:0,
                 from /usr/include/boost/mem_fn.hpp:22,
                 from /usr/include/boost/function/detail/prologue.hpp:18,
                 from /usr/include/boost/function.hpp:24,
                 from /opt/ros/melodic/include/ros/forwards.h:40,
                 from /opt/ros/melodic/include/ros/common.h:37,
                 from /opt/ros/melodic/include/ros/ros.h:43,
                 from /root/workspace/workspace/test_control-planing-i18r-so-upload/i18r_robot/src/navigation/teb_local_planner/include/teb_local_planner/teb_local_planner_ros.h:42,
                 from /root/workspace/workspace/test_control-planing-i18r-so-upload/i18r_robot/src/navigation/teb_local_planner/src/teb_local_planner_ros.cpp:39:
/usr/include/boost/bind/mem_fn_template.hpp:40:41: note:   mismatched types â€˜const std::unique_ptr<_Codecvt>â€™ and â€˜intâ€™
         BOOST_MEM_FN_RETURN (get_pointer(u)->*f_)();
                              ~~~~~~~~~~~^~~
In file included from /usr/include/boost/bind/mem_fn.hpp:25:0,
                 from /usr/include/boost/mem_fn.hpp:22,
                 from /usr/include/boost/function/detail/prologue.hpp:18,
                 from /usr/include/boost/function.hpp:24,
                 from /opt/ros/melodic/include/ros/forwards.h:40,
                 from /opt/ros/melodic/include/ros/common.h:37,
                 from /opt/ros/melodic/include/ros/ros.h:43,
                 from /root/workspace/workspace/test_control-planing-i18r-so-upload/i18r_robot/src/navigation/teb_local_planner/include/teb_local_planner/teb_local_planner_ros.h:42,
                 from /root/workspace/workspace/test_control-planing-i18r-so-upload/i18r_robot/src/navigation/teb_local_planner/src/teb_local_planner_ros.cpp:39:
/usr/include/boost/get_pointer.hpp:67:23: note: candidate: template<class T> T* boost::get_pointer(const std::shared_ptr<_Tp>&)
 template<class T> T * get_pointer( std::shared_ptr<T> const& p )
                       ^~~~~~~~~~~
/usr/include/boost/get_pointer.hpp:67:23: note:   template argument deduction/substitution failed:
In file included from /usr/include/boost/bind/mem_fn.hpp:215:0,
                 from /usr/include/boost/mem_fn.hpp:22,
                 from /usr/include/boost/function/detail/prologue.hpp:18,
                 from /usr/include/boost/function.hpp:24,
                 from /opt/ros/melodic/include/ros/forwards.h:40,
                 from /opt/ros/melodic/include/ros/common.h:37,
                 from /opt/ros/melodic/include/ros/ros.h:43,
                 from /root/workspace/workspace/test_control-planing-i18r-so-upload/i18r_robot/src/navigation/teb_local_planner/include/teb_local_planner/teb_local_planner_ros.h:42,
                 from /root/workspace/workspace/test_control-planing-i18r-so-upload/i18r_robot/src/navigation/teb_local_planner/src/teb_local_planner_ros.cpp:39:
/usr/include/boost/bind/mem_fn_template.hpp:40:41: note:   mismatched types â€˜const std::shared_ptr<_Tp>â€™ and â€˜intâ€™
         BOOST_MEM_FN_RETURN (get_pointer(u)->*f_)();
                              ~~~~~~~~~~~^~~
/usr/include/boost/bind/mem_fn_template.hpp:40:51: error: return-statement with a value, in function returning 'void' [-fpermissive]
         BOOST_MEM_FN_RETURN (get_pointer(u)->*f_)();
                                                   ^
[ 89%] Building CXX object indemind_clean_robot/CMakeFiles/path_planning.dir/src/utility/operate_water_pump.cpp.o
[ 89%] Building CXX object indemind_clean_robot/CMakeFiles/path_planning.dir/src/utility/rem_rtpath.cpp.o
[ 90%] Building CXX object indemind_clean_robot/CMakeFiles/path_planning.dir/src/auto_track/auto_track.cpp.o
[ 90%] Building CXX object indemind_clean_robot/CMakeFiles/path_planning.dir/src/semantic/lift_map.cpp.o
[ 90%] Building CXX object indemind_clean_robot/CMakeFiles/path_planning.dir/src/semantic/pedestrian_map.cpp.o
[ 92%] Building CXX object indemind_clean_robot/CMakeFiles/path_planning.dir/src/semantic/semantic_map.cpp.o
[ 92%] Building CXX object indemind_clean_robot/CMakeFiles/path_planning.dir/src/clean_equipment/brush_operate.cpp.o
[ 92%] Building CXX object indemind_clean_robot/CMakeFiles/path_planning.dir/src/clean_equipment/clean_eqpt.cpp.o
[ 92%] Building CXX object indemind_clean_robot/CMakeFiles/path_planning.dir/src/trap/surround_detect.cpp.o
[ 93%] Building CXX object indemind_clean_robot/CMakeFiles/path_planning.dir/src/clean_equipment/finish_operate.cpp.o
[ 93%] Building CXX object indemind_clean_robot/CMakeFiles/path_planning.dir/src/back_charging/back_charging.cpp.o
[ 94%] Building CXX object indemind_clean_robot/CMakeFiles/path_planning.dir/src/abnormal/backing_recorder.cpp.o
[ 94%] Building CXX object indemind_clean_robot/CMakeFiles/path_planning.dir/src/abnormal/abnormal_center.cpp.o
[ 94%] Building CXX object indemind_clean_robot/CMakeFiles/path_planning.dir/src/abnormal/bumper_abnormal.cpp.o
navigation/teb_local_planner/CMakeFiles/teb_local_planner.dir/build.make:230: recipe for target 'navigation/teb_local_planner/CMakeFiles/teb_local_planner.dir/src/teb_local_planner_ros.cpp.o' failed
make[2]: *** [navigation/teb_local_planner/CMakeFiles/teb_local_planner.dir/src/teb_local_planner_ros.cpp.o] Error 1
make[2]: *** æ­£åœ¨ç­‰å¾…æœªå®Œæˆçš„ä»»åŠ¡....
[ 94%] Building CXX object indemind_clean_robot/CMakeFiles/path_planning.dir/src/abnormal/cliff_abnormal.cpp.o
[ 95%] Building CXX object indemind_clean_robot/CMakeFiles/path_planning.dir/src/abnormal/narrow_abnromal.cpp.o
[ 95%] Building CXX object indemind_clean_robot/CMakeFiles/path_planning.dir/src/abnormal/curent_abnormal.cpp.o
[ 95%] Building CXX object indemind_clean_robot/CMakeFiles/path_planning.dir/src/abnormal/drop_observation.cpp.o
[ 96%] Building CXX object indemind_clean_robot/CMakeFiles/path_planning.dir/src/abnormal/obs_intrusion_abnormal.cpp.o
[ 96%] Building CXX object indemind_clean_robot/CMakeFiles/path_planning.dir/src/abnormal/overcurent_abnormal.cpp.o
[ 96%] Building CXX object indemind_clean_robot/CMakeFiles/path_planning.dir/src/abnormal/speeding_taskbp.cpp.o
[ 96%] Building CXX object indemind_clean_robot/CMakeFiles/path_planning.dir/src/abnormal/still.cpp.o
[ 97%] Building CXX object indemind_clean_robot/CMakeFiles/path_planning.dir/src/abnormal/tilt_observation.cpp.o
[ 97%] Building CXX object indemind_clean_robot/CMakeFiles/path_planning.dir/src/error/error_message_filter.cpp.o
[ 97%] Building CXX object indemind_clean_robot/CMakeFiles/path_planning.dir/src/error/error_handle_autoslow.cpp.o
[ 98%] Building CXX object indemind_clean_robot/CMakeFiles/path_planning.dir/src/learning/avoid_learning.cpp.o
[ 98%] Building CXX object indemind_clean_robot/CMakeFiles/path_planning.dir/src/learning/learning_centre.cpp.o
[ 98%] Building CXX object indemind_clean_robot/CMakeFiles/path_planning.dir/src/learning/ployfit_cleanarea.cpp.o
[100%] Building CXX object indemind_clean_robot/CMakeFiles/path_planning.dir/src/learning/record_bumper_cliff.cpp.o
[100%] Linking CXX shared library /root/workspace/workspace/test_control-planing-i18r-so-upload/i18r_robot/devel/lib/libpath_planning.so
[100%] Built target path_planning
CMakeFiles/Makefile2:9180: recipe for target 'navigation/teb_local_planner/CMakeFiles/teb_local_planner.dir/all' failed
make[1]: *** [navigation/teb_local_planner/CMakeFiles/teb_local_planner.dir/all] Error 2
Makefile:140: recipe for target 'all' failed
make: *** [all] Error 2
Base path: /root/workspace/workspace/test_control-planing-i18r-so-upload/i18r_robot
Source space: /root/workspace/workspace/test_control-planing-i18r-so-upload/i18r_robot/src
Build space: /root/workspace/workspace/test_control-planing-i18r-so-upload/i18r_robot/build
Devel space: /root/workspace/workspace/test_control-planing-i18r-so-upload/i18r_robot/devel
Install space: /root/workspace/workspace/test_control-planing-i18r-so-upload/i18r_robot/install
####
#### Running command: "cmake /root/workspace/workspace/test_control-planing-i18r-so-upload/i18r_robot/src -DCMAKE_BUILD_TYPE=RELEASE -DCATKIN_DEVEL_PREFIX=/root/workspace/workspace/test_control-planing-i18r-so-upload/i18r_robot/devel -DCMAKE_INSTALL_PREFIX=/root/workspace/workspace/test_control-planing-i18r-so-upload/i18r_robot/install -G Unix Makefiles" in "/root/workspace/workspace/test_control-planing-i18r-so-upload/i18r_robot/build"
####
####
#### Running command: "make install -j5" in "/root/workspace/workspace/test_control-planing-i18r-so-upload/i18r_robot/build"
####
Invoking "make install -j5" failed
Build step 'Execute shell' marked build as failure
Email was triggered for: Failure - Any
Sending email for trigger: Failure - Any
Sending email to: qishanqing@indemind.cn wangshuaishuai@indemind.cn liuziwen@indemind.cn
Finished: FAILURE
