Started by user [8mha:////4MzersSP/9cKUovrzPMuoS/kLqxVF8zd8yb1BUJ8RGIAAAAAmh+LCAAAAAAAAP9b85aBtbiIQTGjNKU4P08vOT+vOD8nVc83PyU1x6OyILUoJzMv2y+/JJUBAhiZGBgqihhk0NSjKDWzXb3RdlLBUSYGJk8GtpzUvPSSDB8G5tKinBIGIZ+sxLJE/ZzEvHT94JKizLx0a6BxUmjGOUNodHsLgAzuEgYB/dLi1CL9nMzSXKDZQJMAv/Rqu8UAAAA=[0mliumengyang
Rebuilds build #[8mha:////4D3xoygO9cPg0uSDEyGybD9tEFxOsbW7iBvbZRcPG3+nAAAAqR+LCAAAAAAAAP9b85aBtbiIQTGjNKU4P08vOT+vOD8nVc83PyU1x6OyILUoJzMv2y+/JJUBAhiZGBgqihhk0NSjKDWzXb3RdlLBUSYGJk8GtpzUvPSSDB8G5tKinBIGIZ+sxLJE/ZzEvHT94JKizLx0a6BxUmjGOUNodHsLgAzmEgZl/bLM1HL91Nyk1JTUFP2s/CT99NSiokpdmIihgSUANjoAb9gAAAA=[0m109
Running as SYSTEM
Building remotely on [8mha:////4Mv+1wvIWl3OXIDGu6w3unSREX/fT0xpLFWon9eyySx4AAAAoR+LCAAAAAAAAP9b85aBtbiIQTGjNKU4P08vOT+vOD8nVc83PyU1x6OyILUoJzMv2y+/JJUBAhiZGBgqihhk0NSjKDWzXb3RdlLBUSYGJk8GtpzUvPSSDB8G5tKinBIGIZ+sxLJE/ZzEvHT94JKizLx0a6BxUmjGOUNodHsLgAzuEgZR/eT83ILSktQi/eyMxJTEYt3kxCJzAF4ra8rKAAAA[0mkhadas-car7 (car7) in workspace /root/workspace/workspace/gerry-embeded
[WS-CLEANUP] Clean-up disabled, skipping workspace deletion.
[gerry-embeded] $ /bin/sh -xe /tmp/jenkins8995879230986450782.sh
+ bash /root/myscript/build/build.sh
++ export MYSQL_PWD=123
++ MYSQL_PWD=123
++ export -f cmdb_mysql
+ . /root/myscript/build/../sh/version-update.sh
++ . /root/.bashrc
+++ '[' -z '' ']'
+++ return
+ set -ex
+ export -f public_project_update
+ export -f project_build
+ init_project_env
++ date +%Y%m%d
+ DT=20240731
+ UserName=jenkins
+ API_TOKEN=11b65309c9835de9579d9c9038853d9eb7
+ GIT_PRIVATE_TOKEN=emEDrsaJVjxKK5gSWrf-
+ GIT_HOST=192.168.50.191
++ echo wukong/integration/embedded
++ awk -F/ '{print $1"%2F"$2}'
+ CONVERT_TARGET_PROJECT=wukong%2Fintegration
++ curl -XGET -H 'Content-Type: application/json' --header 'PRIVATE-TOKEN: emEDrsaJVjxKK5gSWrf-' http://192.168.50.191:85/api/v4/projects/wukong%2Fintegration
++ python -c 'import sys, json; print(json.load(sys.stdin)["id"])'
/root/myscript/build/build.sh: line 15: python: command not found
  % Total    % Received % Xferd  Average Speed   Time    Time     Time  Current
                                 Dload  Upload   Total   Spent    Left  Speed
  0     0    0     0    0     0      0      0 --:--:-- --:--:-- --:--:--     0100    35  100    35    0     0    875      0 --:--:-- --:--:-- --:--:--   875
(23) Failed writing body
+ SUB_PROJECT_ID=
+ true
+ '[' -z ']'
+ SOURCE_DIR=/root/workspace/workspace/gerry-embeded/gerry
+ TARGET_DIR=/root/workspace/workspace/gerry-embeded/embedded
+ prepare_env
++ uname -m
+ system_platform=aarch64
+ :
++ cat /proc/cpuinfo
++ grep processor
++ sort
++ wc -l
++ uniq
+ mt=-j4
+ export COMMIT_ID_FILE=/root/workspace/workspace/gerry-embeded/_last_build_id
+ COMMIT_ID_FILE=/root/workspace/workspace/gerry-embeded/_last_build_id
+ export COMMIT_MSG_FILE=/root/workspace/workspace/gerry-embeded/_commit-msg
+ COMMIT_MSG_FILE=/root/workspace/workspace/gerry-embeded/_commit-msg
+ export COMMIT_MSG_FILE_TMP=/root/workspace/workspace/gerry-embeded/_commit-msg.tmp
+ COMMIT_MSG_FILE_TMP=/root/workspace/workspace/gerry-embeded/_commit-msg.tmp
+ rm -f /root/workspace/workspace/gerry-embeded/_last_build_id
+ rm -f /root/workspace/workspace/gerry-embeded/_commit-msg
+ rm -f /root/workspace/workspace/gerry-embeded/_commit-msg.tmp
+ rm -f /root/workspace/workspace/gerry-embeded/result.log
+ rm -f /root/workspace/workspace/gerry-embeded/no_code_change.log
+ sign_env
+ CONFIG_DIR_SET=/root/system
+ CONFIG_BRANCH=mind_os
+ CLONE_DEPTH=--depth=1
+ CONFIG_DIR=/root/system/i18rconfig
+ CONFIG_REMOTE='git clone ssh://git@192.168.50.191:222/AroundI18RProject/i18rconfig /root/system/i18rconfig -b mind_os --depth=1'
+ [[ aarch64 =~ x86_64 ]]
+ ENCRYPTION_TOOL=/root/system/i18rconfig/encrypt
+ CLONE_DEPTH=--depth=1
+ PUBLICBASETYPES_DIR=/root/system/I18RPublicBaseTypes
+ cmdb_mysql 'insert into prebuild(job_name,source_project,source_branch,target_project,target_branch,time,build_url,node_name,build_user) values ('\''gerry-embeded'\'','\''EmbeddedGroup/gerry/gerry'\'','\''master'\'','\''wukong/integration/embedded'\'','\''master'\'',now(),'\''http://192.168.50.191:8088/job/gerry-embeded/110/'\'','\''khadas-car7'\'','\''liumengang'\'')'
+ set +x
+ DOCKER_CONTAINER_I18=build-x64-18.04
+ DOCKER_CONTAINER_RUBBY=c405
+ DOCKER_CONTAINER_RUBBY_INSIDE=c3566
+ DOCKER_CONTAINER_JAVA=node
+ JENKINS_JOB_A=mind
+ JENKINS_JOB_B=rbn
+ JENKINS_JOB_C=mark-check-tools
+ JENKINS_JOB_D=java
+ JENKINS_JOB_E=clean_recorder
+ JENKINS_JOB_F=i18r
+ JENKINS_JOB_G=nodejs
+ JENKINS_JOB_H=_ui
+ JENKINS_JOB_L=i12r
+ [[ gerry-embeded =~ mind ]]
+ '[' false = false ']'
+ source_project_update
+ '[' -d /root/workspace/workspace/gerry-embeded/gerry ']'
+ pushd /root/workspace/workspace/gerry-embeded/gerry
~/workspace/workspace/gerry-embeded/gerry ~/workspace/workspace/gerry-embeded
+ git checkout ./
Updated 1 path from the index
+ git pull --rebase
From ssh://192.168.50.191:222/EmbeddedGroup/gerry/gerry
   15e345f..643a61b  master     -> origin/master
Updating 15e345f..643a61b
Fast-forward
 sensor/core/imsee/src/imsee.hpp | 4 ++--
 1 file changed, 2 insertions(+), 2 deletions(-)
Current branch master is up to date.
+ popd
~/workspace/workspace/gerry-embeded
+ target_project_update
+ rm -rf /root/workspace/workspace/gerry-embeded/embedded
+ target_project_fetch
+ git clone ssh://git@192.168.50.191:222/wukong/integration/embedded -b master --depth=1
Cloning into 'embedded'...
+ insert_db
+ pushd /root/workspace/workspace/gerry-embeded/gerry
~/workspace/workspace/gerry-embeded/gerry ~/workspace/workspace/gerry-embeded
++ cmdb_mysql 'SELECT first_commit_id FROM prebuild where source_project='\''EmbeddedGroup/gerry/gerry'\'' and source_branch='\''master'\'' and target_project='\''wukong/integration/embedded'\'' and target_branch='\''master'\'' and status='\''0'\'' and job_name='\''gerry-embeded'\'' order by id desc limit 1;'
++ set +x
+ version='first_commit_id
15e345f'
++ awk -F ' ' '{print $2}'
++ echo first_commit_id 15e345f
+ version=15e345f
++ git log -1 --pretty=format:%h
+ first_commit_id_now=643a61b
+ cmdb_mysql 'update prebuild set first_commit_id='\''643a61b'\'' where build_url='\''http://192.168.50.191:8088/job/gerry-embeded/110/'\'';'
+ set +x
+ popd
~/workspace/workspace/gerry-embeded
+ [[ aarch64 =~ x86_64 ]]
+ [[ gerry-embeded =~ i18r ]]
+ project_build
+ pushd /root/workspace/workspace/gerry-embeded/gerry
~/workspace/workspace/gerry-embeded/gerry ~/workspace/workspace/gerry-embeded
+ project_init_remote
++ find -type f -name sync_submodules.sh
+ sf=
+ '[' -z ']'
+ git submodule update --init --recursive
Submodule path 'messages': checked out 'befadb66d459b1ef804315e5a3bca53a116e4b74'
+ git submodule update --remote
Submodule path 'messages': checked out 'c7ce2588758572a9f70a6bdf6099074e5ba5a659'
+ sed -i 's/make -j[0-9].*/make -j4/g' build.sh
+ '[' -z ']'
+ '[' x643a61b == x15e345f ']'
+ bash -ex build.sh
++ wc -l
++ grep processor
++ cat /proc/cpuinfo
+ NR=6
++ uname -m
+ PLATFORM=aarch64
+ echo 'now platform is aarch64 ...'
now platform is aarch64 ...
+ [[ 0 -gt 0 ]]
+ '[' aarch64 = x86_64 ']'
+ '[' aarch64 = aarch64 ']'
+ arm64_compile_arm64
+ '[' '!' -d build_arm64 ']'
+ cd build_arm64
+ cmake -DCOMPILE_FOR_SDK=OFF -DCROSS_COMPILE_ENABLE=OFF ..
LIBRARY_OUTPUT_PATH /root/workspace/workspace/gerry-embeded/gerry/install/lib/arm ..................
EXECUTABLE_OUTPUT_PATH /root/workspace/workspace/gerry-embeded/gerry/install/bin/arm .....................
-- BUILD_ROS_NODE=OFF
-- emb_common version is 1.0.3
-- imsee version is 1.0.3
-- KeyBoard version is 1.0.3
-- McuData version is 1.0.3
-- multimodule version is 1.0.3
-- sensorControl version is 1.0.3
third lib ---------/root/workspace/workspace/gerry-embeded/gerry/sensor/core/tof_module/third_lib/arm64
-- tof_module version is 1.0.3
-- sensor_plugin version is 1.0.3
-- test_plugin version is 1.0.3
-- sensor_subscriber_plugin version is 1.0.3
-- Configuring done
-- Generating done
-- Build files have been written to: /root/workspace/workspace/gerry-embeded/gerry/build_arm64
+ make -j6
[ 16%] Built target emb_common
[ 20%] Built target KeyBoard
[ 23%] Built target monitor_node
[ 26%] Built target sensorControl
[ 28%] Built target test_plugin
[ 30%] Built target sensor_subscriber_plugin
[ 33%] Built target multimodule
[ 40%] Built target McuData
[ 44%] Built target multi_main
Scanning dependencies of target imsee
[ 69%] Built target tof_module
[ 70%] Building CXX object sensor/core/imsee/src/CMakeFiles/imsee.dir/ImseeModule.cpp.o
[ 71%] Building CXX object sensor/core/imsee/src/CMakeFiles/imsee.dir/imsee.cpp.o
/root/workspace/workspace/gerry-embeded/gerry/sensor/core/imsee/src/imsee.cpp:1596: warning: "MAC_MODE_INCLUDE_OTP_88" redefined
 1596 | #define MAC_MODE_INCLUDE_OTP_88 ((uint8_t)0x10)     //!< MAC mode bit   4: include first 88 OTP bits
      | 
In file included from /root/workspace/workspace/gerry-embeded/gerry/sensor/core/imsee/src/imsee.cpp:24:
/root/workspace/workspace/gerry-embeded/gerry/sensor/core/imsee/src/../library/sha256.h:104: note: this is the location of the previous definition
  104 | #define MAC_MODE_INCLUDE_OTP_88 ((uint8)0x10)     //!< MAC mode bit   4: include first 88 OTP bits
      | 
/root/workspace/workspace/gerry-embeded/gerry/sensor/core/imsee/src/imsee.cpp:1597: warning: "MAC_MODE_INCLUDE_OTP_64" redefined
 1597 | #define MAC_MODE_INCLUDE_OTP_64 ((uint8_t)0x20)     //!< MAC mode bit   5: include first 64 OTP bits
      | 
In file included from /root/workspace/workspace/gerry-embeded/gerry/sensor/core/imsee/src/imsee.cpp:24:
/root/workspace/workspace/gerry-embeded/gerry/sensor/core/imsee/src/../library/sha256.h:105: note: this is the location of the previous definition
  105 | #define MAC_MODE_INCLUDE_OTP_64 ((uint8)0x20)     //!< MAC mode bit   5: include first 64 OTP bits
      | 
/root/workspace/workspace/gerry-embeded/gerry/sensor/core/imsee/src/imsee.cpp:1603: warning: "MAC_MODE_CHALLENGE" redefined
 1603 | #define MAC_MODE_CHALLENGE ((uint8_t)0x00)          //!< MAC mode       0: first SHA block from data slot
      | 
In file included from /root/workspace/workspace/gerry-embeded/gerry/sensor/core/imsee/src/imsee.cpp:24:
/root/workspace/workspace/gerry-embeded/gerry/sensor/core/imsee/src/../library/sha256.h:99: note: this is the location of the previous definition
   99 | #define MAC_MODE_CHALLENGE ((uint8)0x00)          //!< MAC mode       0: first SHA block from data slot
      | 
/root/workspace/workspace/gerry-embeded/gerry/sensor/core/imsee/src/imsee.cpp:1604: warning: "MAC_MODE_BLOCK2_TEMPKEY" redefined
 1604 | #define MAC_MODE_BLOCK2_TEMPKEY ((uint8_t)0x01)     //!< MAC mode bit   0: second SHA block from TempKey
      | 
In file included from /root/workspace/workspace/gerry-embeded/gerry/sensor/core/imsee/src/imsee.cpp:24:
/root/workspace/workspace/gerry-embeded/gerry/sensor/core/imsee/src/../library/sha256.h:100: note: this is the location of the previous definition
  100 | #define MAC_MODE_BLOCK2_TEMPKEY ((uint8)0x01)     //!< MAC mode bit   0: second SHA block from TempKey
      | 
/root/workspace/workspace/gerry-embeded/gerry/sensor/core/imsee/src/imsee.cpp:1605: warning: "MAC_MODE_BLOCK1_TEMPKEY" redefined
 1605 | #define MAC_MODE_BLOCK1_TEMPKEY ((uint8_t)0x02)     //!< MAC mode bit   1: first SHA block from TempKey
      | 
In file included from /root/workspace/workspace/gerry-embeded/gerry/sensor/core/imsee/src/imsee.cpp:24:
/root/workspace/workspace/gerry-embeded/gerry/sensor/core/imsee/src/../library/sha256.h:101: note: this is the location of the previous definition
  101 | #define MAC_MODE_BLOCK1_TEMPKEY ((uint8)0x02)     //!< MAC mode bit   1: first SHA block from TempKey
      | 
/root/workspace/workspace/gerry-embeded/gerry/sensor/core/imsee/src/imsee.cpp:1606: warning: "MAC_MODE_SOURCE_FLAG_MATCH" redefined
 1606 | #define MAC_MODE_SOURCE_FLAG_MATCH ((uint8_t)0x04)  //!< MAC mode bit   2: match TempKey.SourceFlag
      | 
In file included from /root/workspace/workspace/gerry-embeded/gerry/sensor/core/imsee/src/imsee.cpp:24:
/root/workspace/workspace/gerry-embeded/gerry/sensor/core/imsee/src/../library/sha256.h:102: note: this is the location of the previous definition
  102 | #define MAC_MODE_SOURCE_FLAG_MATCH ((uint8)0x04)  //!< MAC mode bit   2: match TempKey.SourceFlag
      | 
/root/workspace/workspace/gerry-embeded/gerry/sensor/core/imsee/src/imsee.cpp:1607: warning: "MAC_MODE_PASSTHROUGH" redefined
 1607 | #define MAC_MODE_PASSTHROUGH ((uint8_t)0x07)        //!< MAC mode bit 0-2: pass-through mode
      | 
In file included from /root/workspace/workspace/gerry-embeded/gerry/sensor/core/imsee/src/imsee.cpp:24:
/root/workspace/workspace/gerry-embeded/gerry/sensor/core/imsee/src/../library/sha256.h:103: note: this is the location of the previous definition
  103 | #define MAC_MODE_PASSTHROUGH ((uint8)0x07)        //!< MAC mode bit 0-2: pass-through mode
      | 
/root/workspace/workspace/gerry-embeded/gerry/sensor/core/imsee/src/imsee.cpp:1610: warning: "MAC_MODE_INCLUDE_SN" redefined
 1610 | #define MAC_MODE_INCLUDE_SN ((uint8_t)0x40)         //!< MAC mode bit   6: include serial number
      | 
In file included from /root/workspace/workspace/gerry-embeded/gerry/sensor/core/imsee/src/imsee.cpp:24:
/root/workspace/workspace/gerry-embeded/gerry/sensor/core/imsee/src/../library/sha256.h:106: note: this is the location of the previous definition
  106 | #define MAC_MODE_INCLUDE_SN ((uint8)0x40)         //!< MAC mode bit   6: include serial number
      | 
/root/workspace/workspace/gerry-embeded/gerry/sensor/core/imsee/src/imsee.cpp:1612: warning: "MAC_MODE_MASK" redefined
 1612 | #define MAC_MODE_MASK ((uint8_t)0x77)               //!< MAC mode bits 3 and 7 are 0.
      | 
In file included from /root/workspace/workspace/gerry-embeded/gerry/sensor/core/imsee/src/imsee.cpp:24:
/root/workspace/workspace/gerry-embeded/gerry/sensor/core/imsee/src/../library/sha256.h:108: note: this is the location of the previous definition
  108 | #define MAC_MODE_MASK ((uint8)0x77)               //!< MAC mode bits 3 and 7 are 0.
      | 
In file included from /root/workspace/workspace/gerry-embeded/gerry/sensor/core/imsee/src/imsee.cpp:1:
/root/workspace/workspace/gerry-embeded/gerry/sensor/core/imsee/src/imsee.hpp:193:8: error: â€˜void imsee_module::IMSEE::RegisterCallBack(std::function<void(std::shared_ptr<sensor_msgs::ColorImg>)>)â€™ cannot be overloaded with â€˜void imsee_module::IMSEE::RegisterCallBack(std::function<void(std::shared_ptr<sensor_msgs::ColorImg>)>)â€™
  193 |   void RegisterCallBack(std::function<void (std::shared_ptr<sensor_msgs::ColorImg>)>cb);
      |        ^~~~~~~~~~~~~~~~
/root/workspace/workspace/gerry-embeded/gerry/sensor/core/imsee/src/imsee.hpp:191:8: note: previous declaration â€˜void imsee_module::IMSEE::RegisterCallBack(std::function<void(std::shared_ptr<sensor_msgs::ColorImg>)>)â€™
  191 |   void RegisterCallBack(std::function<void (std::shared_ptr<sensor_msgs::ColorImg>)>cb) {pColorImg = cb;};
      |        ^~~~~~~~~~~~~~~~
In file included from /root/workspace/workspace/gerry-embeded/gerry/sensor/core/imsee/src/ImseeModule.cpp:11:
/root/workspace/workspace/gerry-embeded/gerry/sensor/core/imsee/src/imsee.hpp:193:8: error: â€˜void imsee_module::IMSEE::RegisterCallBack(std::function<void(std::shared_ptr<sensor_msgs::ColorImg>)>)â€™ cannot be overloaded with â€˜void imsee_module::IMSEE::RegisterCallBack(std::function<void(std::shared_ptr<sensor_msgs::ColorImg>)>)â€™
  193 |   void RegisterCallBack(std::function<void (std::shared_ptr<sensor_msgs::ColorImg>)>cb);
      |        ^~~~~~~~~~~~~~~~
/root/workspace/workspace/gerry-embeded/gerry/sensor/core/imsee/src/imsee.hpp:191:8: note: previous declaration â€˜void imsee_module::IMSEE::RegisterCallBack(std::function<void(std::shared_ptr<sensor_msgs::ColorImg>)>)â€™
  191 |   void RegisterCallBack(std::function<void (std::shared_ptr<sensor_msgs::ColorImg>)>cb) {pColorImg = cb;};
      |        ^~~~~~~~~~~~~~~~
/root/workspace/workspace/gerry-embeded/gerry/sensor/core/imsee/src/imsee.cpp: In constructor â€˜imsee_module::IMSEE::IMSEE()â€™:
/root/workspace/workspace/gerry-embeded/gerry/sensor/core/imsee/src/imsee.cpp:101:45: warning: â€˜void* memset(void*, int, size_t)â€™ clearing an object of non-trivial type â€˜struct imsee_module::ImseeDeviceâ€™; use assignment or value-initialization instead [-Wclass-memaccess]
  101 |   memset(&deviceInfo, 0, sizeof(ImseeDevice));
      |                                             ^
In file included from /root/workspace/workspace/gerry-embeded/gerry/sensor/core/imsee/src/imsee.hpp:9,
                 from /root/workspace/workspace/gerry-embeded/gerry/sensor/core/imsee/src/imsee.cpp:1:
/root/workspace/workspace/gerry-embeded/gerry/sensor/core/imsee/src/ImseeModule.hpp:21:8: note: â€˜struct imsee_module::ImseeDeviceâ€™ declared here
   21 | struct ImseeDevice {
      |        ^~~~~~~~~~~
/root/workspace/workspace/gerry-embeded/gerry/sensor/core/imsee/src/imsee.cpp:132:46: warning: â€˜void* memset(void*, int, size_t)â€™ clearing an object of non-trivial type â€˜struct imsee_module::ImgDataTypeâ€™; use assignment or value-initialization instead [-Wclass-memaccess]
  132 |   memset(&camera_data, 0, sizeof(ImgDataType));
      |                                              ^
In file included from /root/workspace/workspace/gerry-embeded/gerry/sensor/core/imsee/src/imsee.cpp:1:
/root/workspace/workspace/gerry-embeded/gerry/sensor/core/imsee/src/imsee.hpp:51:8: note: â€˜struct imsee_module::ImgDataTypeâ€™ declared here
   51 | struct ImgDataType {
      |        ^~~~~~~~~~~
/root/workspace/workspace/gerry-embeded/gerry/sensor/core/imsee/src/imsee.cpp:133:43: warning: â€˜void* memset(void*, int, size_t)â€™ clearing an object of non-trivial type â€˜struct imsee_module::ImuDataTypeâ€™; use assignment or value-initialization instead [-Wclass-memaccess]
  133 |   memset(&imu_data, 0, sizeof(ImuDataType));
      |                                           ^
In file included from /root/workspace/workspace/gerry-embeded/gerry/sensor/core/imsee/src/imsee.cpp:1:
/root/workspace/workspace/gerry-embeded/gerry/sensor/core/imsee/src/imsee.hpp:72:8: note: â€˜struct imsee_module::ImuDataTypeâ€™ declared here
   72 | struct ImuDataType {
      |        ^~~~~~~~~~~
/root/workspace/workspace/gerry-embeded/gerry/sensor/core/imsee/src/imsee.cpp: In constructor â€˜imsee_module::IMSEE::IMSEE(imsee_module::ImseeDevice)â€™:
/root/workspace/workspace/gerry-embeded/gerry/sensor/core/imsee/src/imsee.cpp:146:45: warning: â€˜void* memset(void*, int, size_t)â€™ clearing an object of non-trivial type â€˜struct imsee_module::ImseeDeviceâ€™; use assignment or value-initialization instead [-Wclass-memaccess]
  146 |   memset(&deviceInfo, 0, sizeof(ImseeDevice));
      |                                             ^
In file included from /root/workspace/workspace/gerry-embeded/gerry/sensor/core/imsee/src/imsee.hpp:9,
                 from /root/workspace/workspace/gerry-embeded/gerry/sensor/core/imsee/src/imsee.cpp:1:
/root/workspace/workspace/gerry-embeded/gerry/sensor/core/imsee/src/ImseeModule.hpp:21:8: note: â€˜struct imsee_module::ImseeDeviceâ€™ declared here
   21 | struct ImseeDevice {
      |        ^~~~~~~~~~~
/root/workspace/workspace/gerry-embeded/gerry/sensor/core/imsee/src/imsee.cpp:174:46: warning: â€˜void* memset(void*, int, size_t)â€™ clearing an object of non-trivial type â€˜struct imsee_module::ImgDataTypeâ€™; use assignment or value-initialization instead [-Wclass-memaccess]
  174 |   memset(&camera_data, 0, sizeof(ImgDataType));
      |                                              ^
In file included from /root/workspace/workspace/gerry-embeded/gerry/sensor/core/imsee/src/imsee.cpp:1:
/root/workspace/workspace/gerry-embeded/gerry/sensor/core/imsee/src/imsee.hpp:51:8: note: â€˜struct imsee_module::ImgDataTypeâ€™ declared here
   51 | struct ImgDataType {
      |        ^~~~~~~~~~~
/root/workspace/workspace/gerry-embeded/gerry/sensor/core/imsee/src/imsee.cpp:175:43: warning: â€˜void* memset(void*, int, size_t)â€™ clearing an object of non-trivial type â€˜struct imsee_module::ImuDataTypeâ€™; use assignment or value-initialization instead [-Wclass-memaccess]
  175 |   memset(&imu_data, 0, sizeof(ImuDataType));
      |                                           ^
In file included from /root/workspace/workspace/gerry-embeded/gerry/sensor/core/imsee/src/imsee.cpp:1:
/root/workspace/workspace/gerry-embeded/gerry/sensor/core/imsee/src/imsee.hpp:72:8: note: â€˜struct imsee_module::ImuDataTypeâ€™ declared here
   72 | struct ImuDataType {
      |        ^~~~~~~~~~~
/root/workspace/workspace/gerry-embeded/gerry/sensor/core/imsee/src/imsee.cpp: In member function â€˜int imsee_module::IMSEE::CopyParams(std::shared_ptr<sensor_srvs::ImseeParamSrv::Response>, unsigned char*)â€™:
/root/workspace/workspace/gerry-embeded/gerry/sensor/core/imsee/src/imsee.cpp:419:1: warning: no return statement in function returning non-void [-Wreturn-type]
  419 | }
      | ^
/root/workspace/workspace/gerry-embeded/gerry/sensor/core/imsee/src/imsee.cpp: In member function â€˜virtual int imsee_module::IMSEE::GetParams(std::shared_ptr<sensor_srvs::ImseeParamSrv::Response>)â€™:
/root/workspace/workspace/gerry-embeded/gerry/sensor/core/imsee/src/imsee.cpp:458:16: warning: comparison of integer expressions of different signedness: â€˜intâ€™ and â€˜size_tâ€™ {aka â€˜long unsigned intâ€™} [-Wsign-compare]
  458 |     if (retLen != len) {
      |         ~~~~~~~^~~~~~
/root/workspace/workspace/gerry-embeded/gerry/sensor/core/imsee/src/ImseeModule.cpp: In static member function â€˜static imsee_module::ImseeModule* imsee_module::ImseeModule::Create(std::string)â€™:
/root/workspace/workspace/gerry-embeded/gerry/sensor/core/imsee/src/ImseeModule.cpp:203:43: warning: â€˜void* memset(void*, int, size_t)â€™ clearing an object of non-trivial type â€˜struct imsee_module::ImseeDeviceâ€™; use assignment or value-initialization instead [-Wclass-memaccess]
  203 |     memset(&device, 0, sizeof(ImseeDevice));
      |                                           ^
In file included from /root/workspace/workspace/gerry-embeded/gerry/sensor/core/imsee/src/imsee.hpp:9,
                 from /root/workspace/workspace/gerry-embeded/gerry/sensor/core/imsee/src/ImseeModule.cpp:11:
/root/workspace/workspace/gerry-embeded/gerry/sensor/core/imsee/src/ImseeModule.hpp:21:8: note: â€˜struct imsee_module::ImseeDeviceâ€™ declared here
   21 | struct ImseeDevice {
      |        ^~~~~~~~~~~
/root/workspace/workspace/gerry-embeded/gerry/sensor/core/imsee/src/imsee.cpp: In member function â€˜int imsee_module::IMSEE::UnexportGpio()â€™:
/root/workspace/workspace/gerry-embeded/gerry/sensor/core/imsee/src/imsee.cpp:782:7: warning: unused variable â€˜retâ€™ [-Wunused-variable]
  782 |   int ret = system("echo 0 > /sys/class/gpio/gpio422/value");
      |       ^~~
/root/workspace/workspace/gerry-embeded/gerry/sensor/core/imsee/src/imsee.cpp: In member function â€˜int imsee_module::IMSEE::OpenCamera(int, int, int)â€™:
/root/workspace/workspace/gerry-embeded/gerry/sensor/core/imsee/src/imsee.cpp:1181:46: warning: â€˜void* memset(void*, int, size_t)â€™ clearing an object of non-trivial type â€˜struct imsee_module::ImgDataTypeâ€™; use assignment or value-initialization instead [-Wclass-memaccess]
 1181 |   memset(&camera_data, 0, sizeof(ImgDataType));
      |                                              ^
In file included from /root/workspace/workspace/gerry-embeded/gerry/sensor/core/imsee/src/imsee.cpp:1:
/root/workspace/workspace/gerry-embeded/gerry/sensor/core/imsee/src/imsee.hpp:51:8: note: â€˜struct imsee_module::ImgDataTypeâ€™ declared here
   51 | struct ImgDataType {
      |        ^~~~~~~~~~~
In file included from /root/workspace/workspace/gerry-embeded/gerry/sensor/core/imsee/../common/TimeUsedCheck.hpp:5,
                 from /root/workspace/workspace/gerry-embeded/gerry/sensor/core/imsee/../common/EmbLib.hpp:10,
                 from /root/workspace/workspace/gerry-embeded/gerry/sensor/core/imsee/src/imsee.hpp:8,
                 from /root/workspace/workspace/gerry-embeded/gerry/sensor/core/imsee/src/imsee.cpp:1:
/root/workspace/workspace/gerry-embeded/gerry/sensor/core/imsee/src/imsee.cpp: In member function â€˜void imsee_module::IMSEE::ImgRecieveTask()â€™:
/root/workspace/workspace/gerry-embeded/gerry/sensor/core/imsee/../common/RobotDebug.hpp:109:155: warning: format â€˜%dâ€™ expects argument of type â€˜intâ€™, but argument 7 has type â€˜size_tâ€™ {aka â€˜long unsigned intâ€™} [-Wformat=]
  109 | #define RobotWARN(format, ...) {if(EmbLog::GetInstance()->GetLogSwitch() && (LOG_LEVEL_WARN >= EmbLog::GetInstance()->GetLogMinLevel()))  fprintf(stdout, "%lu [%s:%d/%s] [sensors] " LOG_COLOR_BOLDYELLOW format LOG_COLOR_RESET "\n", GetSystimeMs(), basename((char *)__FILE__), __LINE__, __FUNCTION__, ##__VA_ARGS__);}
      |                                                                                                                                                           ^~~~~~~~~~~~~~~~~~~~~~~~~~~~~~~~~~~~~~~~~~~~~~~~~~~~~~~~~~~~~~~~~~~~~~~~~~~~
/root/workspace/workspace/gerry-embeded/gerry/sensor/core/imsee/src/imsee.cpp:1263:9: note: in expansion of macro â€˜RobotWARNâ€™
 1263 |         RobotWARN("the img will be droped for data lost %d<%d", frame->data_bytes, imagesize);
      |         ^~~~~~~~~
/root/workspace/workspace/gerry-embeded/gerry/sensor/core/imsee/src/imsee.cpp:1263:58: note: format string is defined here
 1263 |         RobotWARN("the img will be droped for data lost %d<%d", frame->data_bytes, imagesize);
      |                                                         ~^
      |                                                          |
      |                                                          int
      |                                                         %ld
/root/workspace/workspace/gerry-embeded/gerry/sensor/core/imsee/src/imsee.cpp: In member function â€˜int imsee_module::IMSEE::GetEncryptSerialNum(uint8_t*)â€™:
/root/workspace/workspace/gerry-embeded/gerry/sensor/core/imsee/src/imsee.cpp:2087:11: warning: unused variable â€˜valâ€™ [-Wunused-variable]
 2087 |   uint8_t val = 0;
      |           ^~~
make[2]: *** [sensor/core/imsee/src/CMakeFiles/imsee.dir/build.make:76: sensor/core/imsee/src/CMakeFiles/imsee.dir/ImseeModule.cpp.o] Error 1
make[2]: *** Waiting for unfinished jobs....
make[2]: *** [sensor/core/imsee/src/CMakeFiles/imsee.dir/build.make:89: sensor/core/imsee/src/CMakeFiles/imsee.dir/imsee.cpp.o] Error 1
make[1]: *** [CMakeFiles/Makefile2:460: sensor/core/imsee/src/CMakeFiles/imsee.dir/all] Error 2
make: *** [Makefile:84: all] Error 2
Build step 'Execute shell' marked build as failure
Finished: FAILURE
