Started by user [8mha:////4FF5KPHqJqbeIDeZ76doXUfMYV02a7OsuJCCP1lw3YyiAAAAmh+LCAAAAAAAAP9b85aBtbiIQTGjNKU4P08vOT+vOD8nVc83PyU1x6OyILUoJzMv2y+/JJUBAhiZGBgqihhk0NSjKDWzXb3RdlLBUSYGJk8GtpzUvPSSDB8G5tKinBIGIZ+sxLJE/ZzEvHT94JKizLx0a6BxUmjGOUNodHsLgAzmEgY+/dLi1CL9ytLkjNK01EwAfQFN6MMAAAA=[0mäºŽæ¥šé£ž
Rebuilds build #[8mha:////4OAb+MxnYb7MQ6pq6dZIzh1nsTKZjDWIdc/VCn2CEog8AAAAsx+LCAAAAAAAAP9b85aBtbiIQTGjNKU4P08vOT+vOD8nVc83PyU1x6OyILUoJzMv2y+/JJUBAhiZGBgqihhk0NSjKDWzXb3RdlLBUSYGJk8GtpzUvPSSDB8G5tKinBIGIZ+sxLJE/ZzEvHT94JKizLx0a6BxUmjGOUNodHsLgAzmEgZ1/bLM1HL9lNSCkgz9rPwk/eTEtLTUovji1NzEvJLM5PjcxAJ9E0NjAO3h5WbcAAAA[0m413
Running as SYSTEM
Building remotely on [8mha:////4JiinonVqRVUq+0157MFNdoHlSrLzLyDeg8j8rfRwRzcAAAAmx+LCAAAAAAAAP9b85aBtbiIQTGjNKU4P08vOT+vOD8nVc83PyU1x6OyILUoJzMv2y+/JJUBAhiZGBgqihhk0NSjKDWzXb3RdlLBUSYGJk8GtpzUvPSSDB8G5tKinBIGIZ+sxLJE/ZzEvHT94JKizLx0a6BxUmjGOUNodHsLgAzWEgZ+/eT83ILSktQi/WRjUzMzABiYJ1zEAAAA[0mc3566 (car8) in workspace /root/workspace/workspace/caffer_semantic_map
[WS-CLEANUP] Deleting project workspace...
[WS-CLEANUP] Deferred wipeout is used...
[WS-CLEANUP] Done
[caffer_semantic_map] $ /bin/sh -xe /tmp/jenkins15583803369039298648.sh
+ bash /root/myscript/build/build.sh
++ export MYSQL_PWD=123
++ MYSQL_PWD=123
++ export -f cmdb_mysql
+ . /root/myscript/build/../sh/version-update.sh
++ . /root/.bashrc
+++ '[' -z '' ']'
+++ return
+ set -ex
+ export -f public_project_update
+ export -f project_build
+ init_project_env
++ date +%Y%m%d
+ DT=20241016
+ UserName=jenkins
+ API_TOKEN=11b65309c9835de9579d9c9038853d9eb7
+ GIT_PRIVATE_TOKEN=emEDrsaJVjxKK5gSWrf-
+ GIT_HOST=192.168.50.191
++ echo wukong/integration/semantic_map
++ awk -F/ '{print $1"%2F"$2}'
+ CONVERT_TARGET_PROJECT=wukong%2Fintegration
++ curl -XGET -H 'Content-Type: application/json' --header 'PRIVATE-TOKEN: emEDrsaJVjxKK5gSWrf-' http://192.168.50.191:85/api/v4/projects/wukong%2Fintegration
++ python -c 'import sys, json; print(json.load(sys.stdin)["id"])'
  % Total    % Received % Xferd  Average Speed   Time    Time     Time  Current
                                 Dload  Upload   Total   Spent    Left  Speed
  0     0    0     0    0     0      0      0 --:--:-- --:--:-- --:--:--     0100    35  100    35    0     0    700      0 --:--:-- --:--:-- --:--:--   714
Traceback (most recent call last):
  File "<string>", line 1, in <module>
KeyError: 'id'
+ SUB_PROJECT_ID=
+ true
+ '[' -z ']'
+ SOURCE_DIR=/root/workspace/workspace/caffer_semantic_map/SemanticMap
+ TARGET_DIR=/root/workspace/workspace/caffer_semantic_map/semantic_map
+ prepare_env
++ uname -m
+ system_platform=aarch64
+ :
++ cat /proc/cpuinfo
++ grep processor
++ sort
++ uniq
++ wc -l
+ mt=-j4
+ export COMMIT_ID_FILE=/root/workspace/workspace/caffer_semantic_map/_last_build_id
+ COMMIT_ID_FILE=/root/workspace/workspace/caffer_semantic_map/_last_build_id
+ export COMMIT_MSG_FILE=/root/workspace/workspace/caffer_semantic_map/_commit-msg
+ COMMIT_MSG_FILE=/root/workspace/workspace/caffer_semantic_map/_commit-msg
+ export COMMIT_MSG_FILE_TMP=/root/workspace/workspace/caffer_semantic_map/_commit-msg.tmp
+ COMMIT_MSG_FILE_TMP=/root/workspace/workspace/caffer_semantic_map/_commit-msg.tmp
+ rm -f /root/workspace/workspace/caffer_semantic_map/_last_build_id
+ rm -f /root/workspace/workspace/caffer_semantic_map/_commit-msg
+ rm -f /root/workspace/workspace/caffer_semantic_map/_commit-msg.tmp
+ rm -f /root/workspace/workspace/caffer_semantic_map/result.log
+ rm -f /root/workspace/workspace/caffer_semantic_map/no_code_change.log
+ sign_env
+ CONFIG_DIR_SET=/root/system
+ CONFIG_BRANCH=mind_os
+ CLONE_DEPTH=--depth=1
+ CONFIG_DIR=/root/system/i18rconfig
+ CONFIG_REMOTE='git clone ssh://git@192.168.50.191:222/AroundI18RProject/i18rconfig /root/system/i18rconfig -b mind_os --depth=1'
+ [[ aarch64 =~ x86_64 ]]
+ ENCRYPTION_TOOL=/root/system/i18rconfig/encrypt
+ CLONE_DEPTH=--depth=1
+ PUBLICBASETYPES_DIR=/root/system/I18RPublicBaseTypes
+ cmdb_mysql 'insert into prebuild(job_name,source_project,source_branch,target_project,target_branch,time,build_url,node_name,build_user) values ('\''caffer_semantic_map'\'','\''DepthModules/projects/SemanticMap'\'','\''wukong_dev'\'','\''wukong/integration/semantic_map'\'','\''test'\'',now(),'\''http://192.168.50.191:8088/job/caffer_semantic_map/414/'\'','\''c3566'\'','\''yuchufei'\'')'
+ set +x
+ DOCKER_CONTAINER_I18=build-x64-18.04
+ DOCKER_CONTAINER_RUBBY=c405
+ DOCKER_CONTAINER_RUBBY_INSIDE=c3566
+ DOCKER_CONTAINER_JAVA=node
+ JENKINS_JOB_A=mind
+ JENKINS_JOB_B=rbn
+ JENKINS_JOB_C=mark-check-tools
+ JENKINS_JOB_D=java
+ JENKINS_JOB_E=clean_recorder
+ JENKINS_JOB_F=i18r
+ JENKINS_JOB_G=nodejs
+ JENKINS_JOB_H=_ui
+ JENKINS_JOB_L=i12r
+ [[ caffer_semantic_map =~ mind ]]
+ '[' true = false ']'
+ source_project_fetch
+ git clone ssh://git@192.168.50.191:222/DepthModules/projects/SemanticMap -b wukong_dev --depth=1
Cloning into 'SemanticMap'...
+ target_project_update
+ rm -rf /root/workspace/workspace/caffer_semantic_map/semantic_map
+ target_project_fetch
+ git clone ssh://git@192.168.50.191:222/wukong/integration/semantic_map -b test --depth=1
Cloning into 'semantic_map'...
+ insert_db
+ pushd /root/workspace/workspace/caffer_semantic_map/SemanticMap
~/workspace/workspace/caffer_semantic_map/SemanticMap ~/workspace/workspace/caffer_semantic_map
++ cmdb_mysql 'SELECT first_commit_id FROM prebuild where source_project='\''DepthModules/projects/SemanticMap'\'' and source_branch='\''wukong_dev'\'' and target_project='\''wukong/integration/semantic_map'\'' and target_branch='\''test'\'' and status='\''0'\'' and job_name='\''caffer_semantic_map'\'' order by id desc limit 1;'
++ set +x
+ version='first_commit_id
b3a68ec'
++ echo first_commit_id b3a68ec
++ awk -F ' ' '{print $2}'
+ version=b3a68ec
++ git log -1 --pretty=format:%h
+ first_commit_id_now=3f8a0d7
+ cmdb_mysql 'update prebuild set first_commit_id='\''3f8a0d7'\'' where build_url='\''http://192.168.50.191:8088/job/caffer_semantic_map/414/'\'';'
+ set +x
+ popd
~/workspace/workspace/caffer_semantic_map
+ [[ aarch64 =~ x86_64 ]]
+ [[ caffer_semantic_map =~ i18r ]]
+ project_build
+ pushd /root/workspace/workspace/caffer_semantic_map/SemanticMap
~/workspace/workspace/caffer_semantic_map/SemanticMap ~/workspace/workspace/caffer_semantic_map
+ project_init_remote
++ find -type f -name sync_submodules.sh
+ sf=
+ '[' -z ']'
+ git submodule update --init --recursive
Submodule 'submodules/messages' (ssh://git@192.168.50.191:222/wukong/source/messages.git) registered for path 'submodules/messages'
Cloning into '/root/workspace/workspace/caffer_semantic_map/SemanticMap/submodules/messages'...
Submodule path 'submodules/messages': checked out '107a8db184fdf4d051eaa196d6a6d9e826f00d4c'
+ git submodule update --remote
+ sed -i 's/make -j[0-9].*/make -j4/g' scripts/compile.sh
+ '[' -z ']'
+ '[' x3f8a0d7 == xb3a68ec ']'
+ bash -ex scripts/compile.sh
+ main
+ git submodule update --init --recursive
+ git submodule update --remote
++ GetProjectPath
++++ dirname scripts/compile.sh
+++ cd scripts
+++ pwd
++ local scriptsDir=/root/workspace/workspace/caffer_semantic_map/SemanticMap/scripts
+++ dirname /root/workspace/workspace/caffer_semantic_map/SemanticMap/scripts
++ echo /root/workspace/workspace/caffer_semantic_map/SemanticMap
+ local projectPath=/root/workspace/workspace/caffer_semantic_map/SemanticMap
+ cd /root/workspace/workspace/caffer_semantic_map/SemanticMap
+ mkdir build
+ true
+ cd build
+ cmake .. -DCMAKE_BUILD_TYPE=Release
-- The C compiler identification is GNU 7.5.0
-- The CXX compiler identification is GNU 7.5.0
-- Detecting C compiler ABI info
-- Detecting C compiler ABI info - done
-- Check for working C compiler: /usr/bin/cc - skipped
-- Detecting C compile features
-- Detecting C compile features - done
-- Detecting CXX compiler ABI info
-- Detecting CXX compiler ABI info - done
-- Check for working CXX compiler: /usr/bin/c++ - skipped
-- Detecting CXX compile features
-- Detecting CXX compile features - done
-- PCL_DIR=/root/workspace/workspace/caffer_semantic_map/SemanticMap/thirdparty/arm64/pcl
-- Checking for module 'eigen3'
--   Found eigen3, version 3.3.7
-- Found Eigen: /usr/local/include/eigen3 (Required is at least version "3.1") 
-- Eigen found (include: /usr/local/include/eigen3, version: 3.3.7)
-- Found Boost: /usr/include (found suitable version "1.65.1", minimum required is "1.55.0") found components: system filesystem date_time iostreams serialization regex 
-- Checking for module 'flann'
--   No package 'flann' found
-- Found FLANN: /root/workspace/workspace/caffer_semantic_map/SemanticMap/thirdparty/arm64/flann/lib/libflann.so  
** WARNING ** io features related to pcap will be disabled
** WARNING ** io features related to png will be disabled
CMake Warning (dev) at /usr/local/share/cmake-3.22/Modules/FindPackageHandleStandardArgs.cmake:438 (message):
  The package name passed to `find_package_handle_standard_args` (libusb-1.0)
  does not match the name of the calling package (PCL).  This can lead to
  problems in calling code that expects `find_package` result variables
  (e.g., `_FOUND`) to follow a certain pattern.
Call Stack (most recent call first):
  thirdparty/arm64/pcl/share/pcl-1.10/PCLConfig.cmake:278 (find_package_handle_standard_args)
  thirdparty/arm64/pcl/share/pcl-1.10/PCLConfig.cmake:325 (find_libusb)
  thirdparty/arm64/pcl/share/pcl-1.10/PCLConfig.cmake:521 (find_external_library)
  CMakeLists.txt:31 (find_package)
This warning is for project developers.  Use -Wno-dev to suppress it.

-- LIBUSB_1_LIBRARY (missing: LIBUSB_1_INCLUDE_DIR) 
** WARNING ** io features related to libusb-1.0 will be disabled
-- Found Qhull: optimized;/root/workspace/pcl-1.10.1/thirdparty/qhull/lib/libqhull_p.so;debug;/root/workspace/pcl-1.10.1/thirdparty/qhull/lib/libqhull_p.so  
-- QHULL found (include: /root/workspace/pcl-1.10.1/thirdparty/qhull/include, lib: optimized;/root/workspace/pcl-1.10.1/thirdparty/qhull/lib/libqhull_p.so;debug;/root/workspace/pcl-1.10.1/thirdparty/qhull/lib/libqhull_p.so)
-- looking for PCL_COMMON
CMake Warning (dev) at /usr/local/share/cmake-3.22/Modules/FindPackageHandleStandardArgs.cmake:438 (message):
  The package name passed to `find_package_handle_standard_args` (PCL_COMMON)
  does not match the name of the calling package (PCL).  This can lead to
  problems in calling code that expects `find_package` result variables
  (e.g., `_FOUND`) to follow a certain pattern.
Call Stack (most recent call first):
  thirdparty/arm64/pcl/share/pcl-1.10/PCLConfig.cmake:589 (find_package_handle_standard_args)
  CMakeLists.txt:31 (find_package)
This warning is for project developers.  Use -Wno-dev to suppress it.

-- Found PCL_COMMON: /root/workspace/workspace/caffer_semantic_map/SemanticMap/thirdparty/arm64/pcl/lib/libpcl_common.so  
-- looking for PCL_KDTREE
CMake Warning (dev) at /usr/local/share/cmake-3.22/Modules/FindPackageHandleStandardArgs.cmake:438 (message):
  The package name passed to `find_package_handle_standard_args` (PCL_KDTREE)
  does not match the name of the calling package (PCL).  This can lead to
  problems in calling code that expects `find_package` result variables
  (e.g., `_FOUND`) to follow a certain pattern.
Call Stack (most recent call first):
  thirdparty/arm64/pcl/share/pcl-1.10/PCLConfig.cmake:589 (find_package_handle_standard_args)
  CMakeLists.txt:31 (find_package)
This warning is for project developers.  Use -Wno-dev to suppress it.

-- Found PCL_KDTREE: /root/workspace/workspace/caffer_semantic_map/SemanticMap/thirdparty/arm64/pcl/lib/libpcl_kdtree.so  
-- looking for PCL_OCTREE
CMake Warning (dev) at /usr/local/share/cmake-3.22/Modules/FindPackageHandleStandardArgs.cmake:438 (message):
  The package name passed to `find_package_handle_standard_args` (PCL_OCTREE)
  does not match the name of the calling package (PCL).  This can lead to
  problems in calling code that expects `find_package` result variables
  (e.g., `_FOUND`) to follow a certain pattern.
Call Stack (most recent call first):
  thirdparty/arm64/pcl/share/pcl-1.10/PCLConfig.cmake:589 (find_package_handle_standard_args)
  CMakeLists.txt:31 (find_package)
This warning is for project developers.  Use -Wno-dev to suppress it.

-- Found PCL_OCTREE: /root/workspace/workspace/caffer_semantic_map/SemanticMap/thirdparty/arm64/pcl/lib/libpcl_octree.so  
-- looking for PCL_SEARCH
CMake Warning (dev) at /usr/local/share/cmake-3.22/Modules/FindPackageHandleStandardArgs.cmake:438 (message):
  The package name passed to `find_package_handle_standard_args` (PCL_SEARCH)
  does not match the name of the calling package (PCL).  This can lead to
  problems in calling code that expects `find_package` result variables
  (e.g., `_FOUND`) to follow a certain pattern.
Call Stack (most recent call first):
  thirdparty/arm64/pcl/share/pcl-1.10/PCLConfig.cmake:589 (find_package_handle_standard_args)
  CMakeLists.txt:31 (find_package)
This warning is for project developers.  Use -Wno-dev to suppress it.

-- Found PCL_SEARCH: /root/workspace/workspace/caffer_semantic_map/SemanticMap/thirdparty/arm64/pcl/lib/libpcl_search.so  
-- looking for PCL_SAMPLE_CONSENSUS
CMake Warning (dev) at /usr/local/share/cmake-3.22/Modules/FindPackageHandleStandardArgs.cmake:438 (message):
  The package name passed to `find_package_handle_standard_args`
  (PCL_SAMPLE_CONSENSUS) does not match the name of the calling package
  (PCL).  This can lead to problems in calling code that expects
  `find_package` result variables (e.g., `_FOUND`) to follow a certain
  pattern.
Call Stack (most recent call first):
  thirdparty/arm64/pcl/share/pcl-1.10/PCLConfig.cmake:589 (find_package_handle_standard_args)
  CMakeLists.txt:31 (find_package)
This warning is for project developers.  Use -Wno-dev to suppress it.

-- Found PCL_SAMPLE_CONSENSUS: /root/workspace/workspace/caffer_semantic_map/SemanticMap/thirdparty/arm64/pcl/lib/libpcl_sample_consensus.so  
-- looking for PCL_FILTERS
CMake Warning (dev) at /usr/local/share/cmake-3.22/Modules/FindPackageHandleStandardArgs.cmake:438 (message):
  The package name passed to `find_package_handle_standard_args`
  (PCL_FILTERS) does not match the name of the calling package (PCL).  This
  can lead to problems in calling code that expects `find_package` result
  variables (e.g., `_FOUND`) to follow a certain pattern.
Call Stack (most recent call first):
  thirdparty/arm64/pcl/share/pcl-1.10/PCLConfig.cmake:589 (find_package_handle_standard_args)
  CMakeLists.txt:31 (find_package)
This warning is for project developers.  Use -Wno-dev to suppress it.

-- Found PCL_FILTERS: /root/workspace/workspace/caffer_semantic_map/SemanticMap/thirdparty/arm64/pcl/lib/libpcl_filters.so  
-- looking for PCL_2D
CMake Warning (dev) at /usr/local/share/cmake-3.22/Modules/FindPackageHandleStandardArgs.cmake:438 (message):
  The package name passed to `find_package_handle_standard_args` (PCL_2D)
  does not match the name of the calling package (PCL).  This can lead to
  problems in calling code that expects `find_package` result variables
  (e.g., `_FOUND`) to follow a certain pattern.
Call Stack (most recent call first):
  thirdparty/arm64/pcl/share/pcl-1.10/PCLConfig.cmake:592 (find_package_handle_standard_args)
  CMakeLists.txt:31 (find_package)
This warning is for project developers.  Use -Wno-dev to suppress it.

-- Found PCL_2D: /root/workspace/workspace/caffer_semantic_map/SemanticMap/thirdparty/arm64/pcl/include/pcl-1.10  
-- looking for PCL_GEOMETRY
CMake Warning (dev) at /usr/local/share/cmake-3.22/Modules/FindPackageHandleStandardArgs.cmake:438 (message):
  The package name passed to `find_package_handle_standard_args`
  (PCL_GEOMETRY) does not match the name of the calling package (PCL).  This
  can lead to problems in calling code that expects `find_package` result
  variables (e.g., `_FOUND`) to follow a certain pattern.
Call Stack (most recent call first):
  thirdparty/arm64/pcl/share/pcl-1.10/PCLConfig.cmake:592 (find_package_handle_standard_args)
  CMakeLists.txt:31 (find_package)
This warning is for project developers.  Use -Wno-dev to suppress it.

-- Found PCL_GEOMETRY: /root/workspace/workspace/caffer_semantic_map/SemanticMap/thirdparty/arm64/pcl/include/pcl-1.10  
-- looking for PCL_IO
CMake Warning (dev) at /usr/local/share/cmake-3.22/Modules/FindPackageHandleStandardArgs.cmake:438 (message):
  The package name passed to `find_package_handle_standard_args` (PCL_IO)
  does not match the name of the calling package (PCL).  This can lead to
  problems in calling code that expects `find_package` result variables
  (e.g., `_FOUND`) to follow a certain pattern.
Call Stack (most recent call first):
  thirdparty/arm64/pcl/share/pcl-1.10/PCLConfig.cmake:589 (find_package_handle_standard_args)
  CMakeLists.txt:31 (find_package)
This warning is for project developers.  Use -Wno-dev to suppress it.

-- Found PCL_IO: /root/workspace/workspace/caffer_semantic_map/SemanticMap/thirdparty/arm64/pcl/lib/libpcl_io.so  
-- looking for PCL_ML
CMake Warning (dev) at /usr/local/share/cmake-3.22/Modules/FindPackageHandleStandardArgs.cmake:438 (message):
  The package name passed to `find_package_handle_standard_args` (PCL_ML)
  does not match the name of the calling package (PCL).  This can lead to
  problems in calling code that expects `find_package` result variables
  (e.g., `_FOUND`) to follow a certain pattern.
Call Stack (most recent call first):
  thirdparty/arm64/pcl/share/pcl-1.10/PCLConfig.cmake:589 (find_package_handle_standard_args)
  CMakeLists.txt:31 (find_package)
This warning is for project developers.  Use -Wno-dev to suppress it.

-- Found PCL_ML: /root/workspace/workspace/caffer_semantic_map/SemanticMap/thirdparty/arm64/pcl/lib/libpcl_ml.so  
-- looking for PCL_SURFACE
CMake Warning (dev) at /usr/local/share/cmake-3.22/Modules/FindPackageHandleStandardArgs.cmake:438 (message):
  The package name passed to `find_package_handle_standard_args`
  (PCL_SURFACE) does not match the name of the calling package (PCL).  This
  can lead to problems in calling code that expects `find_package` result
  variables (e.g., `_FOUND`) to follow a certain pattern.
Call Stack (most recent call first):
  thirdparty/arm64/pcl/share/pcl-1.10/PCLConfig.cmake:589 (find_package_handle_standard_args)
  CMakeLists.txt:31 (find_package)
This warning is for project developers.  Use -Wno-dev to suppress it.

-- Found PCL_SURFACE: /root/workspace/workspace/caffer_semantic_map/SemanticMap/thirdparty/arm64/pcl/lib/libpcl_surface.so  
-- Found PCL: pcl_common;pcl_kdtree;pcl_octree;pcl_search;pcl_sample_consensus;pcl_filters;pcl_io;pcl_ml;pcl_surface;/usr/lib/aarch64-linux-gnu/libboost_system.so;/usr/lib/aarch64-linux-gnu/libboost_filesystem.so;/usr/lib/aarch64-linux-gnu/libboost_date_time.so;/usr/lib/aarch64-linux-gnu/libboost_iostreams.so;/usr/lib/aarch64-linux-gnu/libboost_serialization.so;/usr/lib/aarch64-linux-gnu/libboost_regex.so;optimized;/root/workspace/pcl-1.10.1/thirdparty/qhull/lib/libqhull_p.so;debug;/root/workspace/pcl-1.10.1/thirdparty/qhull/lib/libqhull_p.so;FLANN::FLANN (Required is at least version "1.10") 
-- Found Boost: /usr/include (found version "1.65.1") found components: system serialization filesystem 
-- Found Boost: /usr/include (found version "1.65.1") found components: system filesystem 
-- Configuring done
-- Generating done
-- Build files have been written to: /root/workspace/workspace/caffer_semantic_map/SemanticMap/build
+ make -j4
[  4%] Building CXX object source/CMakeFiles/semantic_map.dir/src/basic/get_time.cpp.o
[ 13%] Building CXX object source/CMakeFiles/semantic_map.dir/src/internal/kalman_filter.cpp.o
[ 13%] Building CXX object source/CMakeFiles/semantic_map.dir/src/basic/math.cpp.o
[ 18%] Building CXX object source/CMakeFiles/semantic_map.dir/src/internal/occupancy_category.cpp.o
[ 22%] Building CXX object source/CMakeFiles/semantic_map.dir/src/internal/occupancy_map.cpp.o
[ 27%] Building CXX object source/CMakeFiles/semantic_map.dir/src/internal/occupancy_object.cpp.o
[ 31%] Building CXX object source/CMakeFiles/semantic_map.dir/src/internal/point_cloud_extractor.cpp.o
[ 36%] Building CXX object source/CMakeFiles/semantic_map.dir/src/internal/point_cloud_processor.cpp.o
[ 40%] Building CXX object source/CMakeFiles/semantic_map.dir/src/internal/probability_map.cpp.o
[ 45%] Building CXX object source/CMakeFiles/semantic_map.dir/src/internal/trajectory_category.cpp.o
[ 50%] Building CXX object source/CMakeFiles/semantic_map.dir/src/internal/trajectory_map.cpp.o
[ 54%] Building CXX object source/CMakeFiles/semantic_map.dir/src/internal/trajectory_object.cpp.o
In file included from /root/workspace/workspace/caffer_semantic_map/SemanticMap/source/src/internal/trajectory_category.cpp:15:0:
/root/workspace/workspace/caffer_semantic_map/SemanticMap/source/src/internal/trajectory_object.h:74:8: error: â€˜listâ€™ in namespace â€˜stdâ€™ does not name a template type
   std::list<ObjectPosition> temporal_positions_;
        ^~~~
[ 59%] Building CXX object source/CMakeFiles/semantic_map.dir/src/monitor.cpp.o
In file included from /root/workspace/workspace/caffer_semantic_map/SemanticMap/source/src/internal/trajectory_object.cpp:10:0:
/root/workspace/workspace/caffer_semantic_map/SemanticMap/source/src/internal/trajectory_object.h:74:8: error: â€˜listâ€™ in namespace â€˜stdâ€™ does not name a template type
   std::list<ObjectPosition> temporal_positions_;
        ^~~~
/root/workspace/workspace/caffer_semantic_map/SemanticMap/source/src/internal/trajectory_object.cpp: In member function â€˜void semantic_map::internal::trajectory_map::Object::Add(uint64_t, float, bool, float, const Vector3f&, const std::shared_ptr<semantic_map::internal::FramePose>&)â€™:
/root/workspace/workspace/caffer_semantic_map/SemanticMap/source/src/internal/trajectory_object.cpp:63:11: error: â€˜temporal_positions_â€™ was not declared in this scope
   while (!temporal_positions_.empty()) {
           ^~~~~~~~~~~~~~~~~~~
/root/workspace/workspace/caffer_semantic_map/SemanticMap/source/src/internal/trajectory_object.cpp:69:3: error: â€˜temporal_positions_â€™ was not declared in this scope
   temporal_positions_.emplace_back(ObjectPosition{timestamp, cv::Point2f(position.x(), position.y())});
   ^~~~~~~~~~~~~~~~~~~
/root/workspace/workspace/caffer_semantic_map/SemanticMap/source/src/internal/trajectory_object.cpp: In member function â€˜bool semantic_map::internal::trajectory_map::Object::CheckStationaryStatus() constâ€™:
/root/workspace/workspace/caffer_semantic_map/SemanticMap/source/src/internal/trajectory_object.cpp:92:21: error: â€˜temporal_positions_â€™ was not declared in this scope
   if (!IsValid() || temporal_positions_.size() < 3) return false;
                     ^~~~~~~~~~~~~~~~~~~
/root/workspace/workspace/caffer_semantic_map/SemanticMap/source/src/internal/trajectory_object.cpp:95:26: error: â€˜temporal_positions_â€™ was not declared in this scope
   for (const auto &pos : temporal_positions_) {
                          ^~~~~~~~~~~~~~~~~~~
[ 63%] Building CXX object source/CMakeFiles/semantic_map.dir/src/recorder.cpp.o
source/CMakeFiles/semantic_map.dir/build.make:229: recipe for target 'source/CMakeFiles/semantic_map.dir/src/internal/trajectory_object.cpp.o' failed
make[2]: *** [source/CMakeFiles/semantic_map.dir/src/internal/trajectory_object.cpp.o] Error 1
make[2]: *** Waiting for unfinished jobs....
source/CMakeFiles/semantic_map.dir/build.make:201: recipe for target 'source/CMakeFiles/semantic_map.dir/src/internal/trajectory_category.cpp.o' failed
make[2]: *** [source/CMakeFiles/semantic_map.dir/src/internal/trajectory_category.cpp.o] Error 1
CMakeFiles/Makefile2:133: recipe for target 'source/CMakeFiles/semantic_map.dir/all' failed
make[1]: *** [source/CMakeFiles/semantic_map.dir/all] Error 2
Makefile:90: recipe for target 'all' failed
make: *** [all] Error 2
Build step 'Execute shell' marked build as failure
Finished: FAILURE
