Started by user [8mha:////4FCKJYn7TntWy0E9yb5LbOYOQzMY6AUmHbbeMtYcoOkhAAAAmx+LCAAAAAAAAP9b85aBtbiIQTGjNKU4P08vOT+vOD8nVc83PyU1x6OyILUoJzMv2y+/JJUBAhiZGBgqihhk0NSjKDWzXb3RdlLBUSYGJk8GtpzUvPSSDB8G5tKinBIGIZ+sxLJE/ZzEvHT94JKizLx0a6BxUmjGOUNodHsLgAzmEgYB/dLi1CL9wszijMS8QqARAJgVRoDFAAAA[0mÁ•ÅÂñÑÂ∫Ü
Running as SYSTEM
Building remotely on [8mha:////4JiinonVqRVUq+0157MFNdoHlSrLzLyDeg8j8rfRwRzcAAAAmx+LCAAAAAAAAP9b85aBtbiIQTGjNKU4P08vOT+vOD8nVc83PyU1x6OyILUoJzMv2y+/JJUBAhiZGBgqihhk0NSjKDWzXb3RdlLBUSYGJk8GtpzUvPSSDB8G5tKinBIGIZ+sxLJE/ZzEvHT94JKizLx0a6BxUmjGOUNodHsLgAzWEgZ+/eT83ILSktQi/WRjUzMzABiYJ1zEAAAA[0mc3566 (car8) in workspace /root/workspace/workspace/rubby-depth-test
[WS-CLEANUP] Deleting project workspace...
[WS-CLEANUP] Deferred wipeout is used...
No emails were triggered.
[rubby-depth-test] $ /bin/sh -xe /tmp/jenkins17547744936860395843.sh
+ bash -ex /root/myscript/build/build.sh
+++ dirname /root/myscript/build/build.sh
++ cd /root/myscript/build
++ pwd
+ project_path=/root/myscript/build
+ . /root/myscript/build/../sh/cmdb
++ set -x
++ export MYSQL_PWD=123
++ MYSQL_PWD=123
++ export -f cmdb_mysql
+ . /root/myscript/build/../sh/version-update.sh
++ . /root/.bashrc
+++ '[' -z '' ']'
+++ return
+ set -ex
+ export -f public_project_update
+ export -f project_build
+ init_project_env
++ date +%Y%m%d
+ DT=20240723
+ UserName=jenkins
+ API_TOKEN=11b65309c9835de9579d9c9038853d9eb7
+ GIT_PRIVATE_TOKEN=emEDrsaJVjxKK5gSWrf-
+ GIT_HOST=192.168.50.191
++ awk -F/ '{print $1"%2F"$2}'
++ echo abby/integration/depth
+ CONVERT_TARGET_PROJECT=abby%2Fintegration
++ curl -XGET -H 'Content-Type: application/json' --header 'PRIVATE-TOKEN: emEDrsaJVjxKK5gSWrf-' http://192.168.50.191:85/api/v4/projects/abby%2Fintegration
++ python -c 'import sys, json; print(json.load(sys.stdin)["id"])'
  % Total    % Received % Xferd  Average Speed   Time    Time     Time  Current
                                 Dload  Upload   Total   Spent    Left  Speed
  0     0    0     0    0     0      0      0 --:--:-- --:--:-- --:--:--     0100    35  100    35    0     0    777      0 --:--:-- --:--:-- --:--:--   813
Traceback (most recent call last):
  File "<string>", line 1, in <module>
KeyError: 'id'
+ SUB_PROJECT_ID=
+ true
+ '[' -z ']'
+ SOURCE_DIR=/root/workspace/workspace/rubby-depth-test/DepthModuleForRubby
+ TARGET_DIR=/root/workspace/workspace/rubby-depth-test/depth
+ prepare_env
++ uname -m
+ system_platform=aarch64
+ :
++ sort
++ wc -l
++ grep processor
++ cat /proc/cpuinfo
++ uniq
+ mt=-j4
+ export COMMIT_ID_FILE=/root/workspace/workspace/rubby-depth-test/_last_build_id
+ COMMIT_ID_FILE=/root/workspace/workspace/rubby-depth-test/_last_build_id
+ export COMMIT_MSG_FILE=/root/workspace/workspace/rubby-depth-test/_commit-msg
+ COMMIT_MSG_FILE=/root/workspace/workspace/rubby-depth-test/_commit-msg
+ export COMMIT_MSG_FILE_TMP=/root/workspace/workspace/rubby-depth-test/_commit-msg.tmp
+ COMMIT_MSG_FILE_TMP=/root/workspace/workspace/rubby-depth-test/_commit-msg.tmp
+ rm -f /root/workspace/workspace/rubby-depth-test/_last_build_id
+ rm -f /root/workspace/workspace/rubby-depth-test/_commit-msg
+ rm -f /root/workspace/workspace/rubby-depth-test/_commit-msg.tmp
+ rm -f /root/workspace/workspace/rubby-depth-test/result.log
+ rm -f /root/workspace/workspace/rubby-depth-test/no_code_change.log
+ sign_env
+ CONFIG_DIR_SET=/root/system
+ CONFIG_BRANCH=mind_os
+ CLONE_DEPTH=--depth=1
+ CONFIG_DIR=/root/system/i18rconfig
+ CONFIG_REMOTE='git clone ssh://git@192.168.50.191:222/AroundI18RProject/i18rconfig /root/system/i18rconfig -b mind_os --depth=1'
+ [[ aarch64 =~ x86_64 ]]
+ ENCRYPTION_TOOL=/root/system/i18rconfig/encrypt
+ CLONE_DEPTH=--depth=1
+ PUBLICBASETYPES_DIR=/root/system/I18RPublicBaseTypes
+ cmdb_mysql 'insert into prebuild(job_name,source_project,source_branch,target_project,target_branch,time,build_url,node_name,build_user) values ('\''rubby-depth-test'\'','\''qiuliru/DepthModuleForRubby'\'','\''test_arm'\'','\''abby/integration/depth'\'','\''test'\'',now(),'\''http://192.168.50.191:8088/job/rubby-depth-test/213/'\'','\''c3566'\'','\''qishanqing'\'')'
+ set +x
+ DOCKER_CONTAINER_I18=build-x64-18.04
+ DOCKER_CONTAINER_RUBBY=c405
+ DOCKER_CONTAINER_RUBBY_INSIDE=c3566
+ DOCKER_CONTAINER_JAVA=node
+ JENKINS_JOB_A=mind
+ JENKINS_JOB_B=rbn
+ JENKINS_JOB_C=mark-check-tools
+ JENKINS_JOB_D=java
+ JENKINS_JOB_E=clean_recorder
+ JENKINS_JOB_F=i18r
+ JENKINS_JOB_G=nodejs
+ JENKINS_JOB_H=_ui
+ JENKINS_JOB_L=i12r
+ [[ rubby-depth-test =~ mind ]]
+ '[' true = false ']'
+ source_project_fetch
+ git clone ssh://git@192.168.50.191:222/qiuliru/DepthModuleForRubby -b test_arm --depth=1
Cloning into 'DepthModuleForRubby'...
+ target_project_update
+ rm -rf /root/workspace/workspace/rubby-depth-test/depth
+ target_project_fetch
+ git clone ssh://git@192.168.50.191:222/abby/integration/depth -b test --depth=1
Cloning into 'depth'...
+ insert_db
+ pushd /root/workspace/workspace/rubby-depth-test/DepthModuleForRubby
~/workspace/workspace/rubby-depth-test/DepthModuleForRubby ~/workspace/workspace/rubby-depth-test
++ cmdb_mysql 'SELECT first_commit_id FROM prebuild where source_project='\''qiuliru/DepthModuleForRubby'\'' and source_branch='\''test_arm'\'' and target_project='\''abby/integration/depth'\'' and target_branch='\''test'\'' and status='\''0'\'' and job_name='\''rubby-depth-test'\'' order by id desc limit 1;'
++ set +x
+ version='first_commit_id
86087ae'
++ echo first_commit_id 86087ae
++ awk -F ' ' '{print $2}'
+ version=86087ae
++ git log -1 --pretty=format:%h
+ first_commit_id_now=7713721
+ cmdb_mysql 'update prebuild set first_commit_id='\''7713721'\'' where build_url='\''http://192.168.50.191:8088/job/rubby-depth-test/213/'\'';'
+ set +x
+ popd
~/workspace/workspace/rubby-depth-test
+ [[ aarch64 =~ x86_64 ]]
+ [[ rubby-depth-test =~ i18r ]]
+ project_build
+ pushd /root/workspace/workspace/rubby-depth-test/DepthModuleForRubby
~/workspace/workspace/rubby-depth-test/DepthModuleForRubby ~/workspace/workspace/rubby-depth-test
+ project_init_remote
++ find -type f -name sync_submodules.sh
+ sf=
+ '[' -z ']'
+ git submodule update --init --recursive
+ git submodule update --remote
+ sed -i 's/make -j[0-9].*/make -j4/g' compile.sh
+ '[' -z ']'
+ '[' x7713721 == x86087ae ']'
+ bash -ex compile.sh
+ main
+++ dirname compile.sh
++ cd .
++ pwd
+ local projectPath=/root/workspace/workspace/rubby-depth-test/DepthModuleForRubby
+ local libPath=
++ arch
+ '[' aarch64 = x86_64 ']'
+ libPath=/root/workspace/workspace/rubby-depth-test/DepthModuleForRubby/install/lib/arm
+ echo 'libpath: /root/workspace/workspace/rubby-depth-test/DepthModuleForRubby/install/lib/arm'
libpath: /root/workspace/workspace/rubby-depth-test/DepthModuleForRubby/install/lib/arm
+ cd /root/workspace/workspace/rubby-depth-test/DepthModuleForRubby/source
+ rm -rf build
+ rm -rf lib
+ mkdir build
+ cd build
+ cmake ..
-- The C compiler identification is GNU 7.5.0
-- The CXX compiler identification is GNU 7.5.0
-- Detecting C compiler ABI info
-- Detecting C compiler ABI info - done
-- Check for working C compiler: /usr/bin/cc - skipped
-- Detecting C compile features
-- Detecting C compile features - done
-- Detecting CXX compiler ABI info
-- Detecting CXX compiler ABI info - done
-- Check for working CXX compiler: /usr/bin/c++ - skipped
-- Detecting CXX compile features
-- Detecting CXX compile features - done
Build type: Release
Detected armv8  -D__ARM_PLATFORM__ -D__ARM_NEON__ -DENABLE_NEON -Ofast -std=c++17 -Wno-unused-result
-- Performing Test COMPILER_SUPPORTS_CXX17
-- Performing Test COMPILER_SUPPORTS_CXX17 - Success
-- Performing Test COMPILER_SUPPORTS_CXX0X
-- Performing Test COMPILER_SUPPORTS_CXX0X - Success
-- Using flag -std=c++17.
-- CONFIG_BUILD_ROS=OFF
-- Found Boost: /usr/include (found suitable version "1.65.1", minimum required is "1.55.0") found components: system filesystem 
CMake Warning at CMakeLists.txt:98 (message):
  OpenMP found.


-- CONFIG_BUILD_I18R=OFF
-- CONFIG_BUILD_I26R=OFF
-- CONFIG_BUILD_RUBBY=ON
-- CONFIG_BUILD_TOF=ON
-- CONFIG_BUILD_OPENCV_CONTRIB=OFF
-- config path="/root/workspace/workspace/rubby-depth-test/DepthModuleForRubby/source/../config/"
-- BUILD_TEST_NODE=ON
-- BUILD_TOF_CAM_TEST_NODE=OFF
-- Configuring done
-- Generating done
-- Build files have been written to: /root/workspace/workspace/rubby-depth-test/DepthModuleForRubby/source/build
+ make -j4
[  7%] Building CXX object CMakeFiles/depth.dir/modules/common/cloud_quality.cpp.o
[  7%] Building CXX object CMakeFiles/depth.dir/modules/calibration/calibration.cpp.o
[ 14%] Building CXX object CMakeFiles/depth.dir/modules/common/filter.cpp.o
[ 14%] Building CXX object CMakeFiles/depth.dir/modules/common/math.cpp.o
Build was aborted
Aborted by [8mha:////4CxdUWQECjdXMwyVgfqeFaIP/aI9EkxHsnLryzaOJrJlAAAAmx+LCAAAAAAAAP9b85aBtbiIQTGjNKU4P08vOT+vOD8nVc83PyU1x6OyILUoJzMv2y+/JJUBAhiZGBgqihhk0NSjKDWzXb3RdlLBUSYGJk8GtpzUvPSSDB8G5tKinBIGIZ+sxLJE/ZzEvHT94JKizLx0a6BxUmjGOUNodHsLgAzmEgZ+/dLi1CL9nMzKxLyc/Lx0AJMuWZLEAAAA[0mÊùéÁÇéÈæô
c++: internal compiler error: Terminated (program cc1plus)
Please submit a full bug report,
with preprocessed source if appropriate.
See <file:///usr/share/doc/gcc-7/README.Bugs> for instructions.
CMakeFiles/depth.dir/build.make:89: recipe for target 'CMakeFiles/depth.dir/modules/common/cloud_quality.cpp.o' failed
make[2]: *** [CMakeFiles/depth.dir/modules/common/cloud_quality.cpp.o] Error 4
make[2]: *** Waiting for unfinished jobs....
No emails were triggered.
Finished: ABORTED
