Started by user [8mha:////4Hr/xdFmTLt5KnrTe8trZK2TESQ/V/NsI0vaVi1tHUXnAAAAmx+LCAAAAAAAAP9b85aBtbiIQTGjNKU4P08vOT+vOD8nVc83PyU1x6OyILUoJzMv2y+/JJUBAhiZGBgqihhk0NSjKDWzXb3RdlLBUSYGJk8GtpzUvPSSDB8G5tKinBIGIZ+sxLJE/ZzEvHT94JKizLx0a6BxUmjGOUNodHsLgAyuEgYB/dLi1CL9qgygIcUZpYmZAFPXC9zFAAAA[0mzhangshuai
Rebuilds build #[8mha:////4OwQg3KLk0VpLSajpNs3QZERfbjEDKS9fIRnV5sgijdSAAAApx+LCAAAAAAAAP9b85aBtbiIQTGjNKU4P08vOT+vOD8nVc83PyU1x6OyILUoJzMv2y+/JJUBAhiZGBgqihhk0NSjKDWzXb3RdlLBUSYGJk8GtpzUvPSSDB8G5tKinBIGIZ+sxLJE/ZzEvHT94JKizLx0a6BxUmjGOUNodHsLQIwSBhn9sszUcv3cxKLs1CL9rPwk/ZLU4hJdY1MzM30LAEhpT2zRAAAA[0m8
Running as SYSTEM
Building remotely on [8mha:////4EAHxU1/vouSQFHA074V3njukDD0XLY2N2KT0Qes+PscAAAAoB+LCAAAAAAAAP9b85aBtbiIQTGjNKU4P08vOT+vOD8nVc83PyU1x6OyILUoJzMv2y+/JJUBAhiZGBgqihhk0NSjKDWzXb3RdlLBUSYGJk8GtpzUvPSSDB8G5tKinBIGIZ+sxLJE/ZzEvHT94JKizLx0a6BxUmjGOUNodHsLgAyuEgYR/eT83ILSktQi/eSc/NIU3ZLU4hIAjN+VrskAAAA=[0mcloud-test (cloud) in workspace /home/indemind/.jenkins/workspace/test-3566
[WS-CLEANUP] Deleting project workspace...
[WS-CLEANUP] Deferred wipeout is used...
[WS-CLEANUP] Done
No emails were triggered.
[test-3566] $ /bin/sh -xe /tmp/jenkins2018659857197748781.sh
+ bash /home/indemind/myscript/build/build.sh
++ export MYSQL_PWD=123
++ MYSQL_PWD=123
++ export -f cmdb_mysql
+ . /home/indemind/myscript/build/../sh/version-update.sh
++ . /home/indemind/.bashrc
+++ case $- in
+++ return
+ set -ex
+ export -f public_project_update
+ export -f project_build
+ init_project_env
++ date +%Y%m%d
+ DT=20240820
+ UserName=jenkins
+ API_TOKEN=11b65309c9835de9579d9c9038853d9eb7
+ GIT_PRIVATE_TOKEN=emEDrsaJVjxKK5gSWrf-
+ GIT_HOST=192.168.50.191
++ echo camera_module/depth
++ awk -F/ '{print $1"%2F"$2}'
+ CONVERT_TARGET_PROJECT=camera_module%2Fdepth
++ curl -XGET -H 'Content-Type: application/json' --header 'PRIVATE-TOKEN: emEDrsaJVjxKK5gSWrf-' http://192.168.50.191:85/api/v4/projects/camera_module%2Fdepth
++ python -c 'import sys, json; print(json.load(sys.stdin)["id"])'
  % Total    % Received % Xferd  Average Speed   Time    Time     Time  Current
                                 Dload  Upload   Total   Spent    Left  Speed
  0     0    0     0    0     0      0      0 --:--:-- --:--:-- --:--:--     0100  3150    0  3150    0     0  13695      0 --:--:-- --:--:-- --:--:-- 13695
+ SUB_PROJECT_ID=1126
+ '[' -z dd ']'
+ SOURCE_DIR=/home/indemind/.jenkins/workspace/test-3566/dd
+ TARGET_DIR=/home/indemind/.jenkins/workspace/test-3566/depth
+ prepare_env
++ uname -m
+ system_platform=x86_64
+ :
++ cat /proc/cpuinfo
++ grep processor
++ sort
++ uniq
++ wc -l
+ mt=-j4
+ export COMMIT_ID_FILE=/home/indemind/.jenkins/workspace/test-3566/_last_build_id
+ COMMIT_ID_FILE=/home/indemind/.jenkins/workspace/test-3566/_last_build_id
+ export COMMIT_MSG_FILE=/home/indemind/.jenkins/workspace/test-3566/_commit-msg
+ COMMIT_MSG_FILE=/home/indemind/.jenkins/workspace/test-3566/_commit-msg
+ export COMMIT_MSG_FILE_TMP=/home/indemind/.jenkins/workspace/test-3566/_commit-msg.tmp
+ COMMIT_MSG_FILE_TMP=/home/indemind/.jenkins/workspace/test-3566/_commit-msg.tmp
+ rm -f /home/indemind/.jenkins/workspace/test-3566/_last_build_id
+ rm -f /home/indemind/.jenkins/workspace/test-3566/_commit-msg
+ rm -f /home/indemind/.jenkins/workspace/test-3566/_commit-msg.tmp
+ rm -f /home/indemind/.jenkins/workspace/test-3566/result.log
+ rm -f /home/indemind/.jenkins/workspace/test-3566/no_code_change.log
+ sign_env
+ CONFIG_DIR_SET=/home/indemind/system
+ CONFIG_BRANCH=mind_os
+ CLONE_DEPTH=--depth=1
+ CONFIG_DIR=/home/indemind/system/i18rconfig
+ CONFIG_REMOTE='git clone ssh://git@192.168.50.191:222/AroundI18RProject/i18rconfig /home/indemind/system/i18rconfig -b mind_os --depth=1'
+ [[ x86_64 =~ x86_64 ]]
+ ENCRYPTION_TOOL=/home/indemind/system/i18rconfig/encrypt_x64
+ CLONE_DEPTH=--depth=1
+ PUBLICBASETYPES_DIR=/home/indemind/system/I18RPublicBaseTypes
+ cmdb_mysql 'insert into prebuild(job_name,source_project,source_branch,target_project,target_branch,time,build_url,node_name,build_user) values ('\''test-3566'\'','\''zhangshuai/depth'\'','\''dev'\'','\''camera_module/depth'\'','\''module_single_channel_camera'\'',now(),'\''http://192.168.50.191:8088/job/test-3566/9/'\'','\''cloud-test'\'','\''zhangshuai'\'')'
+ set +x
+ DOCKER_CONTAINER_I18=build-x64-18.04
+ DOCKER_CONTAINER_RUBBY=c405
+ DOCKER_CONTAINER_RUBBY_INSIDE=c3566
+ DOCKER_CONTAINER_JAVA=node
+ JENKINS_JOB_A=mind
+ JENKINS_JOB_B=rbn
+ JENKINS_JOB_C=mark-check-tools
+ JENKINS_JOB_D=java
+ JENKINS_JOB_E=clean_recorder
+ JENKINS_JOB_F=i18r
+ JENKINS_JOB_G=nodejs
+ JENKINS_JOB_H=_ui
+ JENKINS_JOB_L=i12r
+ [[ test-3566 =~ mind ]]
+ '[' true = false ']'
+ source_project_fetch
+ git clone ssh://git@192.168.50.191:222/zhangshuai/depth dd -b dev --depth=1
Cloning into 'dd'...
+ target_project_update
+ rm -rf /home/indemind/.jenkins/workspace/test-3566/depth
+ target_project_fetch
+ git clone ssh://git@192.168.50.191:222/camera_module/depth -b module_single_channel_camera --depth=1
Cloning into 'depth'...
+ insert_db
+ pushd /home/indemind/.jenkins/workspace/test-3566/dd
~/.jenkins/workspace/test-3566/dd ~/.jenkins/workspace/test-3566
++ cmdb_mysql 'SELECT first_commit_id FROM prebuild where source_project='\''zhangshuai/depth'\'' and source_branch='\''dev'\'' and target_project='\''camera_module/depth'\'' and target_branch='\''module_single_channel_camera'\'' and status='\''0'\'' and job_name='\''test-3566'\'' order by id desc limit 1;'
++ set +x
+ version=
++ echo
++ awk -F ' ' '{print $2}'
+ version=
++ git log -1 --pretty=format:%h
+ first_commit_id_now=71b3ef1
+ cmdb_mysql 'update prebuild set first_commit_id='\''71b3ef1'\'' where build_url='\''http://192.168.50.191:8088/job/test-3566/9/'\'';'
+ set +x
+ popd
~/.jenkins/workspace/test-3566
+ [[ x86_64 =~ x86_64 ]]
+ docker exec -i c3566 /bin/bash
++ cat /home/indemind/system/i18rconfig/encryption.list
cat: /home/indemind/system/i18rconfig/encryption.list: No such file or directory
++ cat /home/indemind/system/i18rconfig/encryption.list
cat: /home/indemind/system/i18rconfig/encryption.list: No such file or directory
+ pushd /home/indemind/.jenkins/workspace/test-3566/dd
/home/indemind/.jenkins/workspace/test-3566/dd /
+ git submodule update --init --recursive
Submodule 'abby_msg' (http://192.168.50.191:85/abby/source/abby_msg.git) registered for path 'abby_msg'
Cloning into '/home/indemind/.jenkins/workspace/test-3566/dd/abby_msg'...
Submodule path 'abby_msg': checked out 'cadb2d372753e251df29bb10f77ad9446bc832a5'
+ git submodule update --remote
+ sed -i 's/make -j[0-9].*/make -j4/g' compile.sh
+ source /opt/ros/melodic/setup.bash
+ bash -ex compile.sh
+ mkdir -p build
+ cd build
+ cmake .. -DCMAKE_INSTALL_PREFIX=../install/
-- The C compiler identification is GNU 7.5.0
-- The CXX compiler identification is GNU 7.5.0
-- Detecting C compiler ABI info
-- Detecting C compiler ABI info - done
-- Check for working C compiler: /usr/bin/cc - skipped
-- Detecting C compile features
-- Detecting C compile features - done
-- Detecting CXX compiler ABI info
-- Detecting CXX compiler ABI info - done
-- Check for working CXX compiler: /usr/bin/c++ - skipped
-- Detecting CXX compile features
-- Detecting CXX compile features - done
-- Performing Test COMPILER_SUPPORTS_CXX17
-- Performing Test COMPILER_SUPPORTS_CXX17 - Success
-- Performing Test COMPILER_SUPPORTS_CXX14
-- Performing Test COMPILER_SUPPORTS_CXX14 - Success
-- Performing Test COMPILER_SUPPORTS_CXX11
-- Performing Test COMPILER_SUPPORTS_CXX11 - Success
-- Performing Test COMPILER_SUPPORTS_CXX0X
-- Performing Test COMPILER_SUPPORTS_CXX0X - Success
-- Using flag -std=c++11.
-- Found OpenCV: /usr/local (found version "3.4.3") 
statusabby_msg: /home/indemind/.jenkins/workspace/test-3566/dd/abby_msg
-- Configuring done
-- Generating done
-- Build files have been written to: /home/indemind/.jenkins/workspace/test-3566/dd/build
+ make -j4
[ 12%] Building CXX object src/CMakeFiles/depth.dir/fastbm.cpp.o
[ 25%] Linking CXX shared library ../../install/lib/arm64/libdepth.so
[ 25%] Built target depth
[ 37%] Building CXX object examples/CMakeFiles/test_xml.dir/test_xml.cpp.o
[ 62%] Building CXX object nodes/CMakeFiles/disparity_node.dir/disparity_node.cc.o
[ 62%] Building CXX object examples/CMakeFiles/main.dir/main.cpp.o
/home/indemind/.jenkins/workspace/test-3566/dd/examples/main.cpp: In function 'void computeDepth(const cv::Mat&, cv::Mat&, const cv::Mat&, const cv::Mat&)':
/home/indemind/.jenkins/workspace/test-3566/dd/examples/main.cpp:148:10: warning: unused variable 'fy' [-Wunused-variable]
   double fy = P2.at<double> (1, 1);
          ^~
/home/indemind/.jenkins/workspace/test-3566/dd/examples/main.cpp:149:10: warning: unused variable 'cx' [-Wunused-variable]
   double cx = P2.at<double>(0, 2);
          ^~
/home/indemind/.jenkins/workspace/test-3566/dd/examples/main.cpp:150:10: warning: unused variable 'cy' [-Wunused-variable]
   double cy = P2.at<double>(1, 2);
          ^~
/home/indemind/.jenkins/workspace/test-3566/dd/nodes/disparity_node.cc:43:8: error: 'queue' in namespace 'std' does not name a template type
   std::queue<DisparityImage> image_queue;
        ^~~~~
/home/indemind/.jenkins/workspace/test-3566/dd/nodes/disparity_node.cc: In function 'void stereo::PubImageData()':
/home/indemind/.jenkins/workspace/test-3566/dd/nodes/disparity_node.cc:74:16: error: 'image_queue' was not declared in this scope
           if (!image_queue.empty())
                ^~~~~~~~~~~
/home/indemind/.jenkins/workspace/test-3566/dd/nodes/disparity_node.cc: In member function 'void stereo::DisparityNode::OnStart(mind_os::ConstPtr<depth_srvs::StartDepthSrv::Request>&, mind_os::Ptr<depth_srvs::StartDepthSrv::Response>&)':
/home/indemind/.jenkins/workspace/test-3566/dd/nodes/disparity_node.cc:177:20: warning: unused variable 'timestamp' [-Wunused-variable]
               auto timestamp = request->timestamp;
                    ^~~~~~~~~
/home/indemind/.jenkins/workspace/test-3566/dd/nodes/disparity_node.cc:178:20: warning: unused variable 'flag' [-Wunused-variable]
               auto flag = request->flag;
                    ^~~~
/home/indemind/.jenkins/workspace/test-3566/dd/nodes/disparity_node.cc: In member function 'void stereo::DisparityNode::OnStop(mind_os::ConstPtr<depth_srvs::StopDepthSrv::Request>&, mind_os::Ptr<depth_srvs::StopDepthSrv::Response>&)':
/home/indemind/.jenkins/workspace/test-3566/dd/nodes/disparity_node.cc:194:20: warning: unused variable 'timestamp' [-Wunused-variable]
               auto timestamp = request->timestamp;
                    ^~~~~~~~~
/home/indemind/.jenkins/workspace/test-3566/dd/nodes/disparity_node.cc: In member function 'void stereo::DisparityNode::OnReStart(mind_os::ConstPtr<depth_srvs::RestartDepthSrv::Request>&, mind_os::Ptr<depth_srvs::RestartDepthSrv::Response>&)':
/home/indemind/.jenkins/workspace/test-3566/dd/nodes/disparity_node.cc:210:20: warning: unused variable 'timestamp' [-Wunused-variable]
               auto timestamp = request->timestamp;
                    ^~~~~~~~~
/home/indemind/.jenkins/workspace/test-3566/dd/nodes/disparity_node.cc:211:20: warning: unused variable 'flag' [-Wunused-variable]
               auto flag = request->flag;
                    ^~~~
/home/indemind/.jenkins/workspace/test-3566/dd/nodes/disparity_node.cc: In member function 'void stereo::DisparityNode::OnPause(mind_os::ConstPtr<depth_srvs::PauseDepthSrv::Request>&, mind_os::Ptr<depth_srvs::PauseDepthSrv::Response>&)':
/home/indemind/.jenkins/workspace/test-3566/dd/nodes/disparity_node.cc:227:20: warning: unused variable 'timestamp' [-Wunused-variable]
               auto timestamp = request->timestamp;
                    ^~~~~~~~~
/home/indemind/.jenkins/workspace/test-3566/dd/nodes/disparity_node.cc: In member function 'void stereo::DisparityNode::OnStereoImage(mind_os::ConstPtr<sensor_msgs::ImgMsg>&)':
/home/indemind/.jenkins/workspace/test-3566/dd/nodes/disparity_node.cc:267:17: error: 'image_queue' was not declared in this scope
                 image_queue.push(dispImage);
                 ^~~~~~~~~~~
/home/indemind/.jenkins/workspace/test-3566/dd/nodes/disparity_node.cc: In member function 'void stereo::DisparityNode::ComputePointClouds(const cv::Mat&, depth_msgs::DepthPointCloud&)':
/home/indemind/.jenkins/workspace/test-3566/dd/nodes/disparity_node.cc:304:19: warning: unused variable 'x' [-Wunused-variable]
             float x, y, z;
                   ^
/home/indemind/.jenkins/workspace/test-3566/dd/nodes/disparity_node.cc:304:22: warning: unused variable 'y' [-Wunused-variable]
             float x, y, z;
                      ^
/home/indemind/.jenkins/workspace/test-3566/dd/nodes/disparity_node.cc:304:25: warning: unused variable 'z' [-Wunused-variable]
             float x, y, z;
                         ^
[ 75%] Linking CXX executable test_xml
[ 75%] Built target test_xml
nodes/CMakeFiles/disparity_node.dir/build.make:75: recipe for target 'nodes/CMakeFiles/disparity_node.dir/disparity_node.cc.o' failed
make[2]: *** [nodes/CMakeFiles/disparity_node.dir/disparity_node.cc.o] Error 1
CMakeFiles/Makefile2:213: recipe for target 'nodes/CMakeFiles/disparity_node.dir/all' failed
make[1]: *** [nodes/CMakeFiles/disparity_node.dir/all] Error 2
make[1]: *** Waiting for unfinished jobs....
[ 87%] Linking CXX executable main
[ 87%] Built target main
Makefile:135: recipe for target 'all' failed
make: *** [all] Error 2
+ echo 0
+ [[ test-3566 =~ mind ]]
+ popd
+ exit
/
+ [[ -f /home/indemind/.jenkins/workspace/test-3566/no_code_change.log ]]
+ check_status_code
+ test -f /home/indemind/.jenkins/workspace/test-3566/result.log
+ echo 'containge build is error'
containge build is error
+ exit 1
Build step 'Execute shell' marked build as failure
Email was triggered for: Failure - Any
Sending email for trigger: Failure - Any
Sending email to: qishanqing@indemind.cn lishaohui@indemind.cn
Finished: FAILURE
