Started by user [8mha:////4GZLdJ3zYVtTaCml8iVum++M0lnTj7l+sRg8SaQVn3p2AAAAlR+LCAAAAAAAAP9b85aBtbiIQTGjNKU4P08vOT+vOD8nVc83PyU1x6OyILUoJzMv2y+/JJUBAhiZGBgqihhk0NSjKDWzXb3RdlLBUSYGJk8GtpzUvPSSDB8G5tKinBIGIZ+sxLJE/ZzEvHT94JKizLx0a6BxUmjGOUNodHsLgAy+EgZO/dLi1CL98uJiAKhZb0u+AAAA[0mwangshuaishuai
Running as SYSTEM
Building remotely on [8mha:////4J8M8M4pLAVsr5HsUCuoFBwpyiajxV9VrGbWj66EbYmPAAAAoR+LCAAAAAAAAP9b85aBtbiIQTGjNKU4P08vOT+vOD8nVc83PyU1x6OyILUoJzMv2y+/JJUBAhiZGBgqihhk0NSjKDWzXb3RdlLBUSYGJk8GtpzUvPSSDB8G5tKinBIGIZ+sxLJE/ZzEvHT94JKizLx0a6BxUmjGOUNodHsLgAzuEgZR/eT83ILSktQi/eyMxJTEYt3kxCJjAEfvBs3KAAAA[0mkhadas-car3 (car3) in workspace /root/workspace/workspace/test_control-planing-i18r-so-upload
[WS-CLEANUP] Clean-up disabled, skipping workspace deletion.
No emails were triggered.
[test_control-planing-i18r-so-upload] $ /bin/sh -xe /tmp/jenkins8913445868080173874.sh
+ bash /root/myscript/build/build.sh
++ export MYSQL_PWD=123
++ MYSQL_PWD=123
++ export -f cmdb_mysql
+ set -ex
+ export -f public_project_update
+ export -f project_build
+ init_project_env
++ date +%Y%m%d
+ DT=20231026
+ UserName=jenkins
+ API_TOKEN=11b65309c9835de9579d9c9038853d9eb7
+ GIT_PRIVATE_TOKEN=emEDrsaJVjxKK5gSWrf-
+ GIT_HOST=192.168.50.191
++ awk -F/ '{print $1"%2F"$2}'
++ echo AroundI18RProject/I18RNavigationSubmodule
+ CONVERT_TARGET_PROJECT=AroundI18RProject%2FI18RNavigationSubmodule
++ python -c 'import sys, json; print(json.load(sys.stdin)["id"])'
++ curl -XGET -H 'Content-Type: application/json' --header 'PRIVATE-TOKEN: emEDrsaJVjxKK5gSWrf-' http://192.168.50.191:85/api/v4/projects/AroundI18RProject%2FI18RNavigationSubmodule
  % Total    % Received % Xferd  Average Speed   Time    Time     Time  Current
                                 Dload  Upload   Total   Spent    Left  Speed
  0     0    0     0    0     0      0      0 --:--:-- --:--:-- --:--:--     0100  3480    0  3480    0     0  40465      0 --:--:-- --:--:-- --:--:-- 40465
+ SUB_PROJECT_ID=291
+ '[' -z ']'
+ SOURCE_DIR=/root/workspace/workspace/test_control-planing-i18r-so-upload/i18r_robot
+ TARGET_DIR=/root/workspace/workspace/test_control-planing-i18r-so-upload/I18RNavigationSubmodule
+ prepare_env
++ uname -m
+ system_platform=aarch64
+ :
++ sort
++ uniq
++ grep processor
++ wc -l
++ cat /proc/cpuinfo
+ mt=-j4
+ export COMMIT_ID_FILE=/root/workspace/workspace/test_control-planing-i18r-so-upload/_last_build_id
+ COMMIT_ID_FILE=/root/workspace/workspace/test_control-planing-i18r-so-upload/_last_build_id
+ export COMMIT_MSG_FILE=/root/workspace/workspace/test_control-planing-i18r-so-upload/_commit-msg
+ COMMIT_MSG_FILE=/root/workspace/workspace/test_control-planing-i18r-so-upload/_commit-msg
+ export COMMIT_MSG_FILE_TMP=/root/workspace/workspace/test_control-planing-i18r-so-upload/_commit-msg.tmp
+ COMMIT_MSG_FILE_TMP=/root/workspace/workspace/test_control-planing-i18r-so-upload/_commit-msg.tmp
+ rm -f /root/workspace/workspace/test_control-planing-i18r-so-upload/_last_build_id
+ rm -f /root/workspace/workspace/test_control-planing-i18r-so-upload/_commit-msg
+ rm -f /root/workspace/workspace/test_control-planing-i18r-so-upload/_commit-msg.tmp
+ rm -f /root/workspace/workspace/test_control-planing-i18r-so-upload/result.log
+ rm -f /root/workspace/workspace/test_control-planing-i18r-so-upload/no_code_change.log
+ CLONE_DEPTH=--depth=1
+ PUBLICBASETYPES_DIR=/root/system/I18RPublicBaseTypes
+ cmdb_mysql 'insert into prebuild(job_name,source_project,source_branch,target_project,target_branch,time,build_url,node_name,build_user) values ('\''test_control-planing-i18r-so-upload'\'','\''wss/i18r_robot'\'','\''test'\'','\''AroundI18RProject/I18RNavigationSubmodule'\'','\''test'\'',now(),'\''http://192.168.50.191:8088/job/test_control-planing-i18r-so-upload/224/'\'','\''khadas-car3'\'','\''wss'\'')'
+ set +x
+ DOCKER_CONTAINER_I18=build-x64-18.04
+ DOCKER_CONTAINER_RUBBY=c405
+ DOCKER_CONTAINER_RUBBY_INSIDE=c3566
+ DOCKER_CONTAINER_JAVA=node
+ JENKINS_JOB_A=mind
+ JENKINS_JOB_B=rbn
+ JENKINS_JOB_C=mark-check-tools
+ JENKINS_JOB_D=java
+ JENKINS_JOB_E=nodejs
+ JENKINS_JOB_F=_ui
+ JENKINS_JOB_G=i12r
+ JENKINS_JOB_E=clean_recorder
+ JENKINS_JOB_F=i18r
+ [[ test_control-planing-i18r-so-upload =~ mind ]]
+ '[' false = false ']'
+ source_project_update
+ '[' -d /root/workspace/workspace/test_control-planing-i18r-so-upload/i18r_robot ']'
+ pushd /root/workspace/workspace/test_control-planing-i18r-so-upload/i18r_robot
~/workspace/workspace/test_control-planing-i18r-so-upload/i18r_robot ~/workspace/workspace/test_control-planing-i18r-so-upload
+ git checkout ./
+ git pull --rebase
æ¥è‡ª ssh://192.168.50.191:222/wss/i18r_robot
 + 9b820d89...2cb414cf test       -> origin/test  (å¼ºåˆ¶æ›´æ–°)
é¦–å…ˆï¼Œå›é€€åˆ†æ”¯ä»¥ä¾¿åœ¨ä¸Šé¢é‡æ”¾æ‚¨çš„å·¥ä½œ...
warning: unable to rmdir 'src/indemind_clean_robot/include/I18RPublicBaseTypes': ç›®å½•éç©º
+ popd
~/workspace/workspace/test_control-planing-i18r-so-upload
+ target_project_update
+ rm -rf /root/workspace/workspace/test_control-planing-i18r-so-upload/I18RNavigationSubmodule
+ target_project_fetch
+ git clone ssh://git@192.168.50.191:222/AroundI18RProject/I18RNavigationSubmodule -b test --depth=1
æ­£å…‹éš†åˆ° 'I18RNavigationSubmodule'...
+ insert_db
+ pushd /root/workspace/workspace/test_control-planing-i18r-so-upload/i18r_robot
~/workspace/workspace/test_control-planing-i18r-so-upload/i18r_robot ~/workspace/workspace/test_control-planing-i18r-so-upload
++ cmdb_mysql 'SELECT first_commit_id FROM prebuild where source_project='\''wss/i18r_robot'\'' and source_branch='\''test'\'' and target_project='\''AroundI18RProject/I18RNavigationSubmodule'\'' and target_branch='\''test'\'' and status='\''0'\'' and job_name='\''test_control-planing-i18r-so-upload'\'' order by id desc limit 1;'
++ set +x
+ version='first_commit_id
9b820d89'
++ awk -F ' ' '{print $2}'
++ echo first_commit_id 9b820d89
+ version=9b820d89
++ git log -1 --pretty=format:%h
+ first_commit_id_now=2cb414cf
+ cmdb_mysql 'update prebuild set first_commit_id='\''2cb414cf'\'' where build_url='\''http://192.168.50.191:8088/job/test_control-planing-i18r-so-upload/224/'\'';'
+ set +x
+ popd
~/workspace/workspace/test_control-planing-i18r-so-upload
+ [[ aarch64 =~ x86_64 ]]
+ [[ test_control-planing-i18r-so-upload =~ rbn ]]
+ [[ test_control-planing-i18r-so-upload =~ mind ]]
+ public_project_update
+ rm -rf /root/system/I18RPublicBaseTypes
+ [[ test_control-planing-i18r-so-upload =~ i12r ]]
+ [[ test_control-planing-i18r-so-upload =~ clean_recorder ]]
+ [[ test_control-planing-i18r-so-upload =~ i18r ]]
+ git clone ssh://git@192.168.50.191:222/AroundI18RProject/I18RPublicBaseTypes.git /root/system/I18RPublicBaseTypes -b develop --depth=1
æ­£å…‹éš†åˆ° '/root/system/I18RPublicBaseTypes'...
+ public_project_todo
+ pushd /root/system/I18RPublicBaseTypes
~/system/I18RPublicBaseTypes ~/workspace/workspace/test_control-planing-i18r-so-upload
+ ./install.sh
-- The C compiler identification is GNU 7.5.0
-- The CXX compiler identification is GNU 7.5.0
-- Check for working C compiler: /usr/bin/cc
-- Check for working C compiler: /usr/bin/cc -- works
-- Detecting C compiler ABI info
-- Detecting C compiler ABI info - done
-- Detecting C compile features
-- Detecting C compile features - done
-- Check for working CXX compiler: /usr/bin/c++
-- Check for working CXX compiler: /usr/bin/c++ -- works
-- Detecting CXX compiler ABI info
-- Detecting CXX compiler ABI info - done
-- Detecting CXX compile features
-- Detecting CXX compile features - done
-- CMAKE_INSTALL_PREFIX: /usr/local.
-- I18R_INCLUDE_INSTALL_DIR: /usr/local/include/I18RPublicBaseTypes.
-- CMAKE_CURRENT_SOURCE_DIR: /root/system/I18RPublicBaseTypes.
-- Configuring done
-- Generating done
-- Build files have been written to: /root/system/I18RPublicBaseTypes/build
sudo: æ— æ³•è§£æä¸»æœºï¼šcar3
Install the project...
-- Install configuration: "Release"
-- Installing: /usr/local/include/I18RPublicBaseTypes/base_types.h
-- Installing: /usr/local/include/I18RPublicBaseTypes/calibr_types.h
-- Installing: /usr/local/include/I18RPublicBaseTypes/cloud_types.h
-- Installing: /usr/local/include/I18RPublicBaseTypes/control_types.h
-- Installing: /usr/local/include/I18RPublicBaseTypes/depth_types.h
-- Installing: /usr/local/include/I18RPublicBaseTypes/detector_types.h
-- Installing: /usr/local/include/I18RPublicBaseTypes/error_types.h
-- Installing: /usr/local/include/I18RPublicBaseTypes/geometry_types.h
-- Installing: /usr/local/include/I18RPublicBaseTypes/hmi_types.h
-- Installing: /usr/local/include/I18RPublicBaseTypes/imsee_types.h
-- Installing: /usr/local/include/I18RPublicBaseTypes/marker_types.h
-- Installing: /usr/local/include/I18RPublicBaseTypes/msg_types.h
-- Installing: /usr/local/include/I18RPublicBaseTypes/old_hmi_types.h
-- Installing: /usr/local/include/I18RPublicBaseTypes/sensor_types.h
-- Installing: /usr/local/include/I18RPublicBaseTypes/server_types.h
-- Installing: /usr/local/include/I18RPublicBaseTypes/slam_types.h
-- Installing: /usr/local/include/I18RPublicBaseTypes/swr_types.h
-- Installing: /usr/local/include/I18RPublicBaseTypes/README.md
-- Installing: /usr/local/include/I18RPublicBaseTypes/base/Data.h
-- Installing: /usr/local/include/I18RPublicBaseTypes/base/ErrorInfo.h
-- Installing: /usr/local/include/I18RPublicBaseTypes/base/ErrorMessage.h
-- Installing: /usr/local/include/I18RPublicBaseTypes/base/FormatData.h
-- Installing: /usr/local/include/I18RPublicBaseTypes/base/InternalErrorCode.h
-- Installing: /usr/local/include/I18RPublicBaseTypes/base/Module.h
-- Installing: /usr/local/include/I18RPublicBaseTypes/base/README.md
-- Installing: /usr/local/include/I18RPublicBaseTypes/base/ThreadInfo.h
-- Installing: /usr/local/include/I18RPublicBaseTypes/base/Time.h
-- Installing: /usr/local/include/I18RPublicBaseTypes/base/WorkStatus.h
-- Installing: /usr/local/include/I18RPublicBaseTypes/calibr/Cameara2Camera.h
-- Installing: /usr/local/include/I18RPublicBaseTypes/calibr/Camera2Lidar.h
-- Installing: /usr/local/include/I18RPublicBaseTypes/calibr/Camera2Odometry.h
-- Installing: /usr/local/include/I18RPublicBaseTypes/calibr/Camera2Tof.h
-- Installing: /usr/local/include/I18RPublicBaseTypes/calibr/Imu2Odometry.h
-- Installing: /usr/local/include/I18RPublicBaseTypes/calibr/README.md
-- Installing: /usr/local/include/I18RPublicBaseTypes/calibr/Transform.h
-- Installing: /usr/local/include/I18RPublicBaseTypes/cloud/README.md
-- Installing: /usr/local/include/I18RPublicBaseTypes/control/PointCloud.h
-- Installing: /usr/local/include/I18RPublicBaseTypes/control/README.md
-- Installing: /usr/local/include/I18RPublicBaseTypes/control/autoClean_property.h
-- Installing: /usr/local/include/I18RPublicBaseTypes/control/clean_path.h
-- Installing: /usr/local/include/I18RPublicBaseTypes/control/current_type.h
-- Installing: /usr/local/include/I18RPublicBaseTypes/control/drop_event.h
-- Installing: /usr/local/include/I18RPublicBaseTypes/control/grass_boundary.h
-- Installing: /usr/local/include/I18RPublicBaseTypes/control/pose.h
-- Installing: /usr/local/include/I18RPublicBaseTypes/control/robot_event.h
-- Installing: /usr/local/include/I18RPublicBaseTypes/control/robot_status.h
-- Installing: /usr/local/include/I18RPublicBaseTypes/control/work_mode.h
-- Installing: /usr/local/include/I18RPublicBaseTypes/control/work_runs.h
-- Installing: /usr/local/include/I18RPublicBaseTypes/depth/CalibrationImage.h
-- Installing: /usr/local/include/I18RPublicBaseTypes/depth/DepthMatrix.h
-- Installing: /usr/local/include/I18RPublicBaseTypes/depth/DepthPointCloud.h
-- Installing: /usr/local/include/I18RPublicBaseTypes/depth/GrassBoundary.h
-- Installing: /usr/local/include/I18RPublicBaseTypes/depth/LightAdjustment.h
-- Installing: /usr/local/include/I18RPublicBaseTypes/depth/README.md
-- Installing: /usr/local/include/I18RPublicBaseTypes/depth/SourceImage.h
-- Installing: /usr/local/include/I18RPublicBaseTypes/detector/DetectorResult.h
-- Installing: /usr/local/include/I18RPublicBaseTypes/detector/README.md
-- Installing: /usr/local/include/I18RPublicBaseTypes/detector/class.h
-- Installing: /usr/local/include/I18RPublicBaseTypes/detector/detect_types.h
-- Installing: /usr/local/include/I18RPublicBaseTypes/detector/detector_param.h
-- Installing: /usr/local/include/I18RPublicBaseTypes/detector/error_code.h
-- Installing: /usr/local/include/I18RPublicBaseTypes/detector/instance.h
-- Installing: /usr/local/include/I18RPublicBaseTypes/detector/map.h
-- Installing: /usr/local/include/I18RPublicBaseTypes/geometry/EulerAngle.h
-- Installing: /usr/local/include/I18RPublicBaseTypes/geometry/Point.h
-- Installing: /usr/local/include/I18RPublicBaseTypes/geometry/Quaternion.h
-- Installing: /usr/local/include/I18RPublicBaseTypes/hmi/README.md
-- Installing: /usr/local/include/I18RPublicBaseTypes/hmi/gen.sh
-- Installing: /usr/local/include/I18RPublicBaseTypes/hmi/public.fbs
-- Installing: /usr/local/include/I18RPublicBaseTypes/hmi/report.fbs
-- Installing: /usr/local/include/I18RPublicBaseTypes/hmi/request.fbs
-- Installing: /usr/local/include/I18RPublicBaseTypes/hmi/response.fbs
-- Installing: /usr/local/include/I18RPublicBaseTypes/hmi/public_generated.h
-- Installing: /usr/local/include/I18RPublicBaseTypes/hmi/report_generated.h
-- Installing: /usr/local/include/I18RPublicBaseTypes/hmi/request_generated.h
-- Installing: /usr/local/include/I18RPublicBaseTypes/hmi/response_generated.h
-- Installing: /usr/local/include/I18RPublicBaseTypes/hmi/public.h
-- Installing: /usr/local/include/I18RPublicBaseTypes/hmi/report.h
-- Installing: /usr/local/include/I18RPublicBaseTypes/hmi/request.h
-- Installing: /usr/local/include/I18RPublicBaseTypes/hmi/response.h
-- Installing: /usr/local/include/I18RPublicBaseTypes/imsee/CImseeImage.h
-- Installing: /usr/local/include/I18RPublicBaseTypes/imsee/CImseeImu.h
-- Installing: /usr/local/include/I18RPublicBaseTypes/imsee/CImseeMsgHotplug.h
-- Installing: /usr/local/include/I18RPublicBaseTypes/imsee/CImseeMsgImage.h
-- Installing: /usr/local/include/I18RPublicBaseTypes/imsee/CImseeMsgImu.h
-- Installing: /usr/local/include/I18RPublicBaseTypes/imsee/CImseeMsgParam.h
-- Installing: /usr/local/include/I18RPublicBaseTypes/imsee/CameraParameter.h
-- Installing: /usr/local/include/I18RPublicBaseTypes/imsee/CameraParameterOld.h
-- Installing: /usr/local/include/I18RPublicBaseTypes/imsee/IMUParameter.h
-- Installing: /usr/local/include/I18RPublicBaseTypes/imsee/ModuleInfo.h
-- Installing: /usr/local/include/I18RPublicBaseTypes/imsee/MoudleAllParam.h
-- Installing: /usr/local/include/I18RPublicBaseTypes/imsee/Resolution.h
-- Installing: /usr/local/include/I18RPublicBaseTypes/imsee/SDebugSet.h
-- Installing: /usr/local/include/I18RPublicBaseTypes/imsee/SlamParameter.h
-- Installing: /usr/local/include/I18RPublicBaseTypes/imsee/StreamType.h
-- Installing: /usr/local/include/I18RPublicBaseTypes/marker/MarkerState.h
-- Installing: /usr/local/include/I18RPublicBaseTypes/marker/state.h
-- Installing: /usr/local/include/I18RPublicBaseTypes/msg/AFI.h
-- Installing: /usr/local/include/I18RPublicBaseTypes/msg/Basic.h
-- Installing: /usr/local/include/I18RPublicBaseTypes/msg/Config.h
-- Installing: /usr/local/include/I18RPublicBaseTypes/msg/Log.h
-- Installing: /usr/local/include/I18RPublicBaseTypes/msg/Route.h
-- Installing: /usr/local/include/I18RPublicBaseTypes/msg/Work.h
-- Installing: /usr/local/include/I18RPublicBaseTypes/sensor/BumperEvent.h
-- Installing: /usr/local/include/I18RPublicBaseTypes/sensor/CleanEvent.h
-- Installing: /usr/local/include/I18RPublicBaseTypes/sensor/CliffData.h
-- Installing: /usr/local/include/I18RPublicBaseTypes/sensor/CliffEvent.h
-- Installing: /usr/local/include/I18RPublicBaseTypes/sensor/CtrlType.h
-- Installing: /usr/local/include/I18RPublicBaseTypes/sensor/DropEvent.h
-- Installing: /usr/local/include/I18RPublicBaseTypes/sensor/EncoderData.h
-- Installing: /usr/local/include/I18RPublicBaseTypes/sensor/LaserScan.h
-- Installing: /usr/local/include/I18RPublicBaseTypes/sensor/PointCloud2.h
-- Installing: /usr/local/include/I18RPublicBaseTypes/sensor/RobotChassisEvent.h
-- Installing: /usr/local/include/I18RPublicBaseTypes/sensor/SonyCamera.h
-- Installing: /usr/local/include/I18RPublicBaseTypes/sensor/StartStopSwitchEvent.h
-- Installing: /usr/local/include/I18RPublicBaseTypes/sensor/TofDepthData.h
-- Installing: /usr/local/include/I18RPublicBaseTypes/sensor/TofDepthImg.h
-- Installing: /usr/local/include/I18RPublicBaseTypes/sensor/TofGrayImg.h
-- Installing: /usr/local/include/I18RPublicBaseTypes/sensor/TofPointCloud.h
-- Installing: /usr/local/include/I18RPublicBaseTypes/sensor/UltraData.h
-- Installing: /usr/local/include/I18RPublicBaseTypes/sensor/UsbHotplug.h
-- Installing: /usr/local/include/I18RPublicBaseTypes/sensor/VelocityCmd.h
-- Installing: /usr/local/include/I18RPublicBaseTypes/sensor/VelocityData.h
-- Installing: /usr/local/include/I18RPublicBaseTypes/server/DataRateState.h
-- Installing: /usr/local/include/I18RPublicBaseTypes/server/SystemState.h
-- Installing: /usr/local/include/I18RPublicBaseTypes/server/UserOperation.h
-- Installing: /usr/local/include/I18RPublicBaseTypes/slam/Pose.h
-- Installing: /usr/local/include/I18RPublicBaseTypes/slam/README.md
-- Installing: /usr/local/include/I18RPublicBaseTypes/slam/SlamResult.h
-- Installing: /usr/local/include/I18RPublicBaseTypes/slam/SlamState.h
-- Installing: /usr/local/include/I18RPublicBaseTypes/error/ErrorCode.h
-- Installing: /usr/local/include/I18RPublicBaseTypes/error/ErrorEvent.h
-- Installing: /usr/local/include/I18RPublicBaseTypes/error/ErrorMessage.h
-- Installing: /usr/local/include/I18RPublicBaseTypes/error/ErrorTable.h
-- Installing: /usr/local/include/I18RPublicBaseTypes/error/IceErrorCode.h
-- Installing: /usr/local/include/I18RPublicBaseTypes/error/error_maps.yaml
sudo: æ— æ³•è§£æä¸»æœºï¼šcar3
+ popd
~/workspace/workspace/test_control-planing-i18r-so-upload
+ public_i18rutilitysubmodule_update
+ pushd /root/system/i18rutilitysubmodule
~/system/i18rutilitysubmodule ~/workspace/workspace/test_control-planing-i18r-so-upload
+ git checkout ./
+ git clean -xdf ./
+ git pull origin develop
æ¥è‡ª ssh://192.168.50.191:222/AroundI18RProject/i18rutilitysubmodule
 * branch            develop    -> FETCH_HEAD
å·²ç»æ˜¯æœ€æ–°çš„ã€‚
+ ./install.sh
sudo: æ— æ³•è§£æä¸»æœºï¼šcar3
+ popd
~/workspace/workspace/test_control-planing-i18r-so-upload
+ project_build
+ pushd /root/workspace/workspace/test_control-planing-i18r-so-upload/i18r_robot
~/workspace/workspace/test_control-planing-i18r-so-upload/i18r_robot ~/workspace/workspace/test_control-planing-i18r-so-upload
+ project_init_remote
++ find -type f -name sync_submodules.sh
+ sf=
+ '[' -z ']'
+ git submodule update --init --recursive
å­æ¨¡ç»„ 'src/indemind_clean_robot/include/i18rutilitysubmodule'ï¼ˆssh://git@192.168.50.191:222/AroundI18RProject/i18rutilitysubmodule.gitï¼‰æœªå¯¹è·¯å¾„ 'src/indemind_clean_robot/include/i18rutilitysubmodule' æ³¨å†Œ
å­æ¨¡ç»„ 'src/indemind_clean_robot/include/navigation_plugins'ï¼ˆssh://git@192.168.50.191:222/repid_deploy/source/navigation_plugins.gitï¼‰æœªå¯¹è·¯å¾„ 'src/indemind_clean_robot/include/navigation_plugins' æ³¨å†Œ
æ­£å…‹éš†åˆ° '/root/workspace/workspace/test_control-planing-i18r-so-upload/i18r_robot/src/indemind_clean_robot/include/i18rutilitysubmodule'...
æ­£å…‹éš†åˆ° '/root/workspace/workspace/test_control-planing-i18r-so-upload/i18r_robot/src/indemind_clean_robot/include/navigation_plugins'...
å­æ¨¡ç»„è·¯å¾„ 'src/indemind_clean_robot/include/i18rutilitysubmodule'ï¼šæ£€å‡º '76e71ea0612f4f8e795d705d2acd4dfea2b53ccc'
å­æ¨¡ç»„è·¯å¾„ 'src/indemind_clean_robot/include/navigation_plugins'ï¼šæ£€å‡º 'f9b48e8080948fa149fc5a252c14ab217c21fd93'
å­æ¨¡ç»„ 'submodules/messages'ï¼ˆhttp://192.168.50.191:85/repid_deploy/source/messages.gitï¼‰æœªå¯¹è·¯å¾„ 'src/indemind_clean_robot/include/navigation_plugins/submodules/messages' æ³¨å†Œ
å­æ¨¡ç»„ 'submodules/mind_os'ï¼ˆhttp://192.168.50.191:85/repid_deploy/source/mind_os.gitï¼‰æœªå¯¹è·¯å¾„ 'src/indemind_clean_robot/include/navigation_plugins/submodules/mind_os' æ³¨å†Œ
æ­£å…‹éš†åˆ° '/root/workspace/workspace/test_control-planing-i18r-so-upload/i18r_robot/src/indemind_clean_robot/include/navigation_plugins/submodules/messages'...
æ­£å…‹éš†åˆ° '/root/workspace/workspace/test_control-planing-i18r-so-upload/i18r_robot/src/indemind_clean_robot/include/navigation_plugins/submodules/mind_os'...
å­æ¨¡ç»„è·¯å¾„ 'src/indemind_clean_robot/include/navigation_plugins/submodules/messages'ï¼šæ£€å‡º '17eb50ada5a6a86d1160395a5b6b4e87407e44d2'
å­æ¨¡ç»„è·¯å¾„ 'src/indemind_clean_robot/include/navigation_plugins/submodules/mind_os'ï¼šæ£€å‡º '3e54f8e92a8d13c5588eed350140342e04690879'
+ git submodule update --remote
å­æ¨¡ç»„è·¯å¾„ 'src/indemind_clean_robot/include/i18rutilitysubmodule'ï¼šæ£€å‡º '2b00021648bcd63f33a17445c6ccdc4f842bd969'
å­æ¨¡ç»„è·¯å¾„ 'src/indemind_clean_robot/include/navigation_plugins'ï¼šæ£€å‡º '2ca2bd1a82521a28a0af6b8f41412bbc7b7a6b4a'
+ sed -i 's/make -j[0-9].*/make -j4/g' compile.sh
+ '[' x2cb414cf == x9b820d89 ']'
+ '[' -z ']'
+ bash -ex compile.sh
+ catkin_make -DCMAKE_BUILD_TYPE=RELEASE install -j5
-- Using CATKIN_DEVEL_PREFIX: /root/workspace/workspace/test_control-planing-i18r-so-upload/i18r_robot/devel
-- Using CMAKE_PREFIX_PATH: /opt/ros/melodic
-- This workspace overlays: /opt/ros/melodic
-- Found PythonInterp: /usr/bin/python2 (found suitable version "2.7.17", minimum required is "2") 
-- Using PYTHON_EXECUTABLE: /usr/bin/python2
-- Using Debian Python package layout
-- Using empy: /usr/bin/empy
-- Using CATKIN_ENABLE_TESTING: ON
-- Call enable_testing()
-- Using CATKIN_TEST_RESULTS_DIR: /root/workspace/workspace/test_control-planing-i18r-so-upload/i18r_robot/build/test_results
-- Found gtest sources under '/usr/src/googletest': gtests will be built
-- Found gmock sources under '/usr/src/googletest': gmock will be built
-- Found PythonInterp: /usr/bin/python2 (found version "2.7.17") 
-- Using Python nosetests: /usr/bin/nosetests-2.7
-- catkin 0.7.29
-- BUILD_SHARED_LIBS is on
-- BUILD_SHARED_LIBS is on
-- ~~~~~~~~~~~~~~~~~~~~~~~~~~~~~~~~~~~~~~~~~~~~~~~~~
-- ~~  traversing 15 packages in topological order:
-- ~~  - i18r_msgs
-- ~~  - wsbot_navigation
-- ~~  - cv_bridge
-- ~~  - interactive_markers
-- ~~  - costmap_2d
-- ~~  - costmap_converter
-- ~~  - nav_core
-- ~~  - clear_costmap_recovery
-- ~~  - navfn
-- ~~  - global_planner
-- ~~  - base_local_planner
-- ~~  - rotate_recovery
-- ~~  - clean_robot
-- ~~  - teb_local_planner
-- ~~  - wsfake_localization
-- ~~~~~~~~~~~~~~~~~~~~~~~~~~~~~~~~~~~~~~~~~~~~~~~~~
-- +++ processing catkin package: 'i18r_msgs'
-- ==> add_subdirectory(i18r_msgs)
-- Using these message generators: gencpp;geneus;genlisp;gennodejs;genpy
-- i18r_msgs: 5 messages, 0 services
-- +++ processing catkin package: 'wsbot_navigation'
-- ==> add_subdirectory(wsbot_navigation)
-- +++ processing catkin package: 'cv_bridge'
-- ==> add_subdirectory(navigation/cv_bridge)
-- Found PythonLibs: /usr/lib/aarch64-linux-gnu/libpython2.7.so (found version "2.7.17") 
-- Boost version: 1.65.1
-- Found the following Boost libraries:
--   python
-- Found OpenCV: /usr/local (found suitable version "3.4.3", minimum required is "3.4.3") found components:  opencv_core opencv_imgproc opencv_imgcodecs 
-- Found PythonLibs: /usr/lib/aarch64-linux-gnu/libpython2.7.so (found suitable version "2.7.17", minimum required is "2.7") 
-- +++ processing catkin package: 'interactive_markers'
-- ==> add_subdirectory(navigation/interactive_markers)
-- Using these message generators: gencpp;geneus;genlisp;gennodejs;genpy
-- +++ processing catkin package: 'costmap_2d'
-- ==> add_subdirectory(navigation/costmap_2d)
-- Using these message generators: gencpp;geneus;genlisp;gennodejs;genpy
-- Boost version: 1.65.1
-- Found the following Boost libraries:
--   system
--   thread
--   chrono
--   date_time
--   atomic
-- Found OpenCV: /usr/local (found suitable version "3.4.3", minimum required is "3.4.3") 
-- costmap_2d: 1 messages, 0 services
-- +++ processing catkin package: 'costmap_converter'
-- ==> add_subdirectory(navigation/costmap_converter)
-- Using these message generators: gencpp;geneus;genlisp;gennodejs;genpy
-- costmap_converter: 2 messages, 0 services
-- +++ processing catkin package: 'nav_core'
-- ==> add_subdirectory(navigation/nav_core)
-- Using these message generators: gencpp;geneus;genlisp;gennodejs;genpy
-- +++ processing catkin package: 'clear_costmap_recovery'
-- ==> add_subdirectory(navigation/clear_costmap_recovery)
-- Using these message generators: gencpp;geneus;genlisp;gennodejs;genpy
-- +++ processing catkin package: 'navfn'
-- ==> add_subdirectory(navigation/navfn)
-- Using these message generators: gencpp;geneus;genlisp;gennodejs;genpy
-- navfn: 0 messages, 2 services
-- NAVFN_HAVE_FLTK: 1, NETPBM: 
-- FLTK orf NETPBM not found: cannot build navtest
-- +++ processing catkin package: 'global_planner'
-- ==> add_subdirectory(navigation/global_planner)
-- Using these message generators: gencpp;geneus;genlisp;gennodejs;genpy
-- +++ processing catkin package: 'base_local_planner'
-- ==> add_subdirectory(navigation/base_local_planner)
-- Using these message generators: gencpp;geneus;genlisp;gennodejs;genpy
-- Boost version: 1.65.1
-- Found the following Boost libraries:
--   thread
--   chrono
--   system
--   date_time
--   atomic
-- base_local_planner: 1 messages, 0 services
-- +++ processing catkin package: 'rotate_recovery'
-- ==> add_subdirectory(navigation/rotate_recovery)
-- Using these message generators: gencpp;geneus;genlisp;gennodejs;genpy
-- +++ processing catkin package: 'clean_robot'
-- ==> add_subdirectory(indemind_clean_robot)
-- Using these message generators: gencpp;geneus;genlisp;gennodejs;genpy
-- Found OpenCV: /usr/local (found version "3.4.3") 
-- Boost version: 1.65.1
-- Found the following Boost libraries:
--   system
--   thread
--   chrono
--   date_time
--   atomic
-- +++ processing catkin package: 'teb_local_planner'
-- ==> add_subdirectory(navigation/teb_local_planner)
-- Using these message generators: gencpp;geneus;genlisp;gennodejs;genpy
-- System: Linux-4.9.230
-- /opt/ros/melodic/share/cmake_modules/cmake/../../../share/cmake_modules/cmake/Modules;/root/workspace/workspace/test_control-planing-i18r-so-upload/i18r_robot/src/navigation/teb_local_planner/cmake_modules
-- Boost version: 1.65.1
-- Found the following Boost libraries:
--   system
--   thread
--   graph
--   chrono
--   date_time
--   atomic
-- Found SuiteSparse
-- Searching for g2o ...
-- Found g2o headers in: /opt/ros/melodic/include/g2o
-- Found libg2o: /opt/ros/melodic/lib/libg2o_csparse_extension.so;/opt/ros/melodic/lib/libg2o_core.so;/opt/ros/melodic/lib/libg2o_stuff.so;/opt/ros/melodic/lib/libg2o_types_slam2d.so;/opt/ros/melodic/lib/libg2o_types_slam3d.so;/opt/ros/melodic/lib/libg2o_solver_cholmod.so;/opt/ros/melodic/lib/libg2o_solver_pcg.so;/opt/ros/melodic/lib/libg2o_solver_csparse.so;/opt/ros/melodic/lib/libg2o_incremental.so
-- teb_local_planner: 3 messages, 0 services
-- +++ processing catkin package: 'wsfake_localization'
-- ==> add_subdirectory(navigation/wsfake_localization)
-- Using these message generators: gencpp;geneus;genlisp;gennodejs;genpy
-- Boost version: 1.65.1
-- Configuring done
-- Generating done
-- Build files have been written to: /root/workspace/workspace/test_control-planing-i18r-so-upload/i18r_robot/build
[  0%] Built target actionlib_msgs_generate_messages_eus
[  0%] Built target std_msgs_generate_messages_eus
[  0%] Built target _i18r_msgs_generate_messages_check_deps_CliffEvent
[  0%] Built target _i18r_msgs_generate_messages_check_deps_KeyboardInput
[  0%] Built target _i18r_msgs_generate_messages_check_deps_MotorPower
[  0%] Built target _i18r_msgs_generate_messages_check_deps_WheelDropEvent
[  0%] Built target std_msgs_generate_messages_py
[  0%] Built target std_msgs_generate_messages_nodejs
[  0%] Built target actionlib_msgs_generate_messages_py
[  0%] Built target _i18r_msgs_generate_messages_check_deps_BumperEvent
[  0%] Built target actionlib_msgs_generate_messages_nodejs
[  0%] Built target std_msgs_generate_messages_lisp
[  0%] Built target actionlib_msgs_generate_messages_lisp
[  0%] Built target actionlib_msgs_generate_messages_cpp
[  0%] Built target std_msgs_generate_messages_cpp
[  0%] Built target geometry_msgs_generate_messages_eus
[  0%] Built target sensor_msgs_generate_messages_py
[  0%] Built target sensor_msgs_generate_messages_nodejs
[  0%] Built target geometry_msgs_generate_messages_cpp
[  0%] Built target sensor_msgs_generate_messages_cpp
[  0%] Built target geometry_msgs_generate_messages_py
[  0%] Built target sensor_msgs_generate_messages_eus
[  0%] Built target sensor_msgs_generate_messages_lisp
[  0%] Built target geometry_msgs_generate_messages_nodejs
[  0%] Built target geometry_msgs_generate_messages_lisp
[  0%] Built target dynamic_reconfigure_generate_messages_nodejs
[  2%] Built target interactive_markers
[  2%] Built target visualization_msgs_generate_messages_eus
[  2%] Built target visualization_msgs_generate_messages_nodejs
[  2%] Built target visualization_msgs_generate_messages_py
[  2%] Built target visualization_msgs_generate_messages_cpp
[  2%] Built target tf2_msgs_generate_messages_py
[  2%] Built target tf2_msgs_generate_messages_lisp
[  2%] Built target tf2_msgs_generate_messages_nodejs
[  2%] Built target visualization_msgs_generate_messages_lisp
[  2%] Built target roscpp_generate_messages_py
[  2%] Built target actionlib_generate_messages_lisp
[  2%] Built target roscpp_generate_messages_eus
[  2%] Built target roscpp_generate_messages_nodejs
[  2%] Built target tf2_msgs_generate_messages_eus
[  2%] Built target roscpp_generate_messages_lisp
[  2%] Built target rosgraph_msgs_generate_messages_cpp
[  2%] Built target actionlib_generate_messages_eus
[  2%] Built target rosgraph_msgs_generate_messages_eus
[  2%] Built target roscpp_generate_messages_cpp
[  2%] Built target actionlib_generate_messages_nodejs
[  2%] Built target rosgraph_msgs_generate_messages_nodejs
[  2%] Built target rosgraph_msgs_generate_messages_py
[  2%] Built target rosgraph_msgs_generate_messages_lisp
[  2%] Built target actionlib_generate_messages_cpp
[  2%] Built target actionlib_generate_messages_py
[  2%] Built target tf2_msgs_generate_messages_cpp
[  2%] Built target map_msgs_generate_messages_py
[  2%] Built target map_msgs_generate_messages_cpp
[  2%] Built target tf_generate_messages_py
[  2%] Built target tf_generate_messages_cpp
[  2%] Built target tf_generate_messages_nodejs
[  2%] Built target tf_generate_messages_eus
[  2%] Built target map_msgs_generate_messages_nodejs
[  2%] Built target nav_msgs_generate_messages_nodejs
[  2%] Built target dynamic_reconfigure_generate_messages_eus
[  2%] Built target tf_generate_messages_lisp
[  2%] Built target _costmap_2d_generate_messages_check_deps_PubMap
[  2%] Built target map_msgs_generate_messages_eus
[  2%] Built target nav_msgs_generate_messages_lisp
[  2%] Built target dynamic_reconfigure_generate_messages_lisp
[  2%] Built target dynamic_reconfigure_generate_messages_cpp
[  2%] Built target dynamic_reconfigure_generate_messages_py
[  2%] Built target dynamic_reconfigure_gencfg
[  2%] Built target nav_msgs_generate_messages_eus
[  2%] Built target nav_msgs_generate_messages_cpp
[  2%] Built target nav_msgs_generate_messages_py
[  2%] Built target costmap_2d_generate_messages_cpp
[  2%] Built target map_msgs_generate_messages_lisp
[  2%] Built target costmap_2d_generate_messages_lisp
[  3%] Built target costmap_2d_generate_messages_eus
[  6%] Built target costmap_2d_gencfg
[  6%] Built target _catkin_empty_exported_target
[  7%] Built target costmap_converter_gencfg
[  7%] Built target _costmap_converter_generate_messages_check_deps_ObstacleMsg
[  7%] Built target _costmap_converter_generate_messages_check_deps_ObstacleArrayMsg
[  7%] Built target global_planner_gencfg
[  7%] Built target _navfn_generate_messages_check_deps_MakeNavPlan
[  7%] Built target base_local_planner_gencfg
[  7%] Built target _navfn_generate_messages_check_deps_SetCostmap
[  7%] Built target std_srvs_generate_messages_eus
[  7%] Built target clean_robot_gencfg
[  7%] Built target std_srvs_generate_messages_cpp
[  7%] Built target _base_local_planner_generate_messages_check_deps_Position2DInt
[  7%] Built target move_base_msgs_generate_messages_py
[  7%] Built target move_base_msgs_generate_messages_lisp
[  7%] Built target std_srvs_generate_messages_lisp
[  7%] Built target move_base_msgs_generate_messages_eus
[  7%] Built target move_base_msgs_generate_messages_nodejs
[  7%] Built target move_base_msgs_generate_messages_cpp
[  7%] Built target std_srvs_generate_messages_py
[  7%] Built target std_srvs_generate_messages_nodejs
[  8%] Generating dynamic reconfigure files from cfg/TebLocalPlannerReconfigure.cfg: /root/workspace/workspace/test_control-planing-i18r-so-upload/i18r_robot/devel/include/teb_local_planner/TebLocalPlannerReconfigureConfig.h /root/workspace/workspace/test_control-planing-i18r-so-upload/i18r_robot/devel/lib/python2.7/dist-packages/teb_local_planner/cfg/TebLocalPlannerReconfigureConfig.py
[  8%] Built target _teb_local_planner_generate_messages_check_deps_TrajectoryMsg
[  8%] Built target _teb_local_planner_generate_messages_check_deps_FeedbackMsg
[ 10%] Built target wsfake_localization
[ 10%] Built target _teb_local_planner_generate_messages_check_deps_TrajectoryPointMsg
[ 11%] Built target i18r_msgs_generate_messages_eus
[ 13%] Built target i18r_msgs_generate_messages_py
[ 14%] Built target i18r_msgs_generate_messages_nodejs
[ 16%] Built target i18r_msgs_generate_messages_lisp
[ 18%] Built target i18r_msgs_generate_messages_cpp
[ 20%] Built target costmap_2d_generate_messages_nodejs
[ 20%] Built target costmap_2d_generate_messages_py
[ 21%] Built target cv_bridge
Generating reconfiguration files for TebLocalPlannerReconfigure in teb_local_planner
Wrote header file in /root/workspace/workspace/test_control-planing-i18r-so-upload/i18r_robot/devel/include/teb_local_planner/TebLocalPlannerReconfigureConfig.h
[ 22%] Built target costmap_converter_generate_messages_py
[ 23%] Built target costmap_converter_generate_messages_eus
[ 24%] Built target costmap_converter_generate_messages_cpp
[ 25%] Built target costmap_converter_generate_messages_nodejs
[ 25%] Built target costmap_converter_generate_messages_lisp
[ 26%] Built target navfn_generate_messages_eus
[ 28%] Built target navfn_generate_messages_cpp
[ 28%] Built target navfn_generate_messages_lisp
[ 28%] Built target teb_local_planner_gencfg
[ 30%] Built target navfn_generate_messages_py
[ 30%] Built target navfn_generate_messages_nodejs
[ 31%] Built target base_local_planner_generate_messages_eus
[ 31%] Built target base_local_planner_generate_messages_cpp
[ 32%] Built target base_local_planner_generate_messages_py
[ 32%] Built target base_local_planner_generate_messages_lisp
[ 32%] Built target base_local_planner_generate_messages_nodejs
[ 33%] Built target teb_local_planner_generate_messages_nodejs
[ 34%] Built target teb_local_planner_generate_messages_cpp
[ 35%] Built target teb_local_planner_generate_messages_py
[ 36%] Built target teb_local_planner_generate_messages_lisp
[ 37%] Built target teb_local_planner_generate_messages_eus
[ 37%] Built target i18r_msgs_generate_messages
[ 37%] Built target costmap_2d_generate_messages
[ 38%] Built target cv_bridge_boost
[ 38%] Built target costmap_converter_generate_messages
Scanning dependencies of target costmap_2d
[ 38%] Built target base_local_planner_generate_messages
[ 38%] Built target navfn_generate_messages
[ 38%] Built target teb_local_planner_generate_messages
[ 38%] Building CXX object navigation/costmap_2d/CMakeFiles/costmap_2d.dir/src/costmap_2d_ros.cpp.o
Scanning dependencies of target path_planning
[ 38%] Building CXX object indemind_clean_robot/CMakeFiles/path_planning.dir/src/advsensor.cpp.o
[ 38%] Building CXX object indemind_clean_robot/CMakeFiles/path_planning.dir/src/clean_robot.cpp.o
[ 38%] Building CXX object indemind_clean_robot/CMakeFiles/path_planning.dir/src/clstate.cpp.o
[ 40%] Building CXX object indemind_clean_robot/CMakeFiles/path_planning.dir/src/global_reaction.cpp.o
In file included from /root/workspace/workspace/test_control-planing-i18r-so-upload/i18r_robot/src/indemind_clean_robot/include/clean_robot/clean_robot.h:27:0,
                 from /root/workspace/workspace/test_control-planing-i18r-so-upload/i18r_robot/src/indemind_clean_robot/include/clean_robot/clstate.h:10,
                 from /root/workspace/workspace/test_control-planing-i18r-so-upload/i18r_robot/src/indemind_clean_robot/src/clstate.cpp:1:
/root/workspace/workspace/test_control-planing-i18r-so-upload/i18r_robot/src/indemind_clean_robot/include/clean_robot/sensors.h:38:10: fatal error: slam/SlamResultNew.h: æ²¡æœ‰é‚£ä¸ªæ–‡ä»¶æˆ–ç›®å½•
 #include "slam/SlamResultNew.h"
          ^~~~~~~~~~~~~~~~~~~~~~
compilation terminated.
indemind_clean_robot/CMakeFiles/path_planning.dir/build.make:110: recipe for target 'indemind_clean_robot/CMakeFiles/path_planning.dir/src/clstate.cpp.o' failed
make[2]: *** [indemind_clean_robot/CMakeFiles/path_planning.dir/src/clstate.cpp.o] Error 1
make[2]: *** æ­£åœ¨ç­‰å¾…æœªå®Œæˆçš„ä»»åŠ¡....
In file included from /root/workspace/workspace/test_control-planing-i18r-so-upload/i18r_robot/src/indemind_clean_robot/include/clean_robot/clean_robot.h:27:0,
                 from /root/workspace/workspace/test_control-planing-i18r-so-upload/i18r_robot/src/indemind_clean_robot/include/clean_robot/global_reaction.h:14,
                 from /root/workspace/workspace/test_control-planing-i18r-so-upload/i18r_robot/src/indemind_clean_robot/src/global_reaction.cpp:1:
/root/workspace/workspace/test_control-planing-i18r-so-upload/i18r_robot/src/indemind_clean_robot/include/clean_robot/sensors.h:38:10: fatal error: slam/SlamResultNew.h: æ²¡æœ‰é‚£ä¸ªæ–‡ä»¶æˆ–ç›®å½•
 #include "slam/SlamResultNew.h"
          ^~~~~~~~~~~~~~~~~~~~~~
compilation terminated.
In file included from /root/workspace/workspace/test_control-planing-i18r-so-upload/i18r_robot/src/indemind_clean_robot/include/clean_robot/clean_robot.h:27:0,
                 from /root/workspace/workspace/test_control-planing-i18r-so-upload/i18r_robot/src/indemind_clean_robot/include/clean_robot/advsensor.h:6,
                 from /root/workspace/workspace/test_control-planing-i18r-so-upload/i18r_robot/src/indemind_clean_robot/src/advsensor.cpp:1:
/root/workspace/workspace/test_control-planing-i18r-so-upload/i18r_robot/src/indemind_clean_robot/include/clean_robot/sensors.h:38:10: fatal error: slam/SlamResultNew.h: æ²¡æœ‰é‚£ä¸ªæ–‡ä»¶æˆ–ç›®å½•
 #include "slam/SlamResultNew.h"
          ^~~~~~~~~~~~~~~~~~~~~~
compilation terminated.
indemind_clean_robot/CMakeFiles/path_planning.dir/build.make:134: recipe for target 'indemind_clean_robot/CMakeFiles/path_planning.dir/src/global_reaction.cpp.o' failed
make[2]: *** [indemind_clean_robot/CMakeFiles/path_planning.dir/src/global_reaction.cpp.o] Error 1
indemind_clean_robot/CMakeFiles/path_planning.dir/build.make:62: recipe for target 'indemind_clean_robot/CMakeFiles/path_planning.dir/src/advsensor.cpp.o' failed
make[2]: *** [indemind_clean_robot/CMakeFiles/path_planning.dir/src/advsensor.cpp.o] Error 1
In file included from /root/workspace/workspace/test_control-planing-i18r-so-upload/i18r_robot/src/indemind_clean_robot/include/clean_robot/clean_robot.h:27:0,
                 from /root/workspace/workspace/test_control-planing-i18r-so-upload/i18r_robot/src/indemind_clean_robot/src/clean_robot.cpp:14:
/root/workspace/workspace/test_control-planing-i18r-so-upload/i18r_robot/src/indemind_clean_robot/include/clean_robot/sensors.h:38:10: fatal error: slam/SlamResultNew.h: æ²¡æœ‰é‚£ä¸ªæ–‡ä»¶æˆ–ç›®å½•
 #include "slam/SlamResultNew.h"
          ^~~~~~~~~~~~~~~~~~~~~~
compilation terminated.
indemind_clean_robot/CMakeFiles/path_planning.dir/build.make:86: recipe for target 'indemind_clean_robot/CMakeFiles/path_planning.dir/src/clean_robot.cpp.o' failed
make[2]: *** [indemind_clean_robot/CMakeFiles/path_planning.dir/src/clean_robot.cpp.o] Error 1
CMakeFiles/Makefile2:8885: recipe for target 'indemind_clean_robot/CMakeFiles/path_planning.dir/all' failed
make[1]: *** [indemind_clean_robot/CMakeFiles/path_planning.dir/all] Error 2
make[1]: *** æ­£åœ¨ç­‰å¾…æœªå®Œæˆçš„ä»»åŠ¡....
[ 40%] Linking CXX shared library /root/workspace/workspace/test_control-planing-i18r-so-upload/i18r_robot/devel/lib/libcostmap_2d.so
[ 43%] Built target costmap_2d
Makefile:140: recipe for target 'all' failed
make: *** [all] Error 2
Base path: /root/workspace/workspace/test_control-planing-i18r-so-upload/i18r_robot
Source space: /root/workspace/workspace/test_control-planing-i18r-so-upload/i18r_robot/src
Build space: /root/workspace/workspace/test_control-planing-i18r-so-upload/i18r_robot/build
Devel space: /root/workspace/workspace/test_control-planing-i18r-so-upload/i18r_robot/devel
Install space: /root/workspace/workspace/test_control-planing-i18r-so-upload/i18r_robot/install
####
#### Running command: "make cmake_check_build_system" in "/root/workspace/workspace/test_control-planing-i18r-so-upload/i18r_robot/build"
####
####
#### Running command: "make install -j5" in "/root/workspace/workspace/test_control-planing-i18r-so-upload/i18r_robot/build"
####
Invoking "make install -j5" failed
Build step 'Execute shell' marked build as failure
Email was triggered for: Failure - Any
Sending email for trigger: Failure - Any
Sending email to: qishanqing@indemind.cn wangshuaishuai@indemind.cn liuziwen@indemind.cn
Finished: FAILURE
