Started by user [8mha:////4FCKJYn7TntWy0E9yb5LbOYOQzMY6AUmHbbeMtYcoOkhAAAAmx+LCAAAAAAAAP9b85aBtbiIQTGjNKU4P08vOT+vOD8nVc83PyU1x6OyILUoJzMv2y+/JJUBAhiZGBgqihhk0NSjKDWzXb3RdlLBUSYGJk8GtpzUvPSSDB8G5tKinBIGIZ+sxLJE/ZzEvHT94JKizLx0a6BxUmjGOUNodHsLgAzmEgYB/dLi1CL9wszijMS8QqARAJgVRoDFAAAA[0mÁ•ÅÂñÑÂ∫Ü
Running as SYSTEM
Building remotely on [8mha:////4EAHxU1/vouSQFHA074V3njukDD0XLY2N2KT0Qes+PscAAAAoB+LCAAAAAAAAP9b85aBtbiIQTGjNKU4P08vOT+vOD8nVc83PyU1x6OyILUoJzMv2y+/JJUBAhiZGBgqihhk0NSjKDWzXb3RdlLBUSYGJk8GtpzUvPSSDB8G5tKinBIGIZ+sxLJE/ZzEvHT94JKizLx0a6BxUmjGOUNodHsLgAyuEgYR/eT83ILSktQi/eSc/NIU3ZLU4hIAjN+VrskAAAA=[0mcloud-test (cloud) in workspace /home/indemind/.jenkins/workspace/gerry_slam
[WS-CLEANUP] Deleting project workspace...
[WS-CLEANUP] Deferred wipeout is used...
[gerry_slam] $ /bin/sh -xe /tmp/jenkins14790672662554543633.sh
+ bash -ex /home/indemind/myscript/build/build.sh
+++ dirname /home/indemind/myscript/build/build.sh
++ cd /home/indemind/myscript/build
++ pwd
+ project_path=/home/indemind/myscript/build
+ . /home/indemind/myscript/build/../sh/cmdb
++ set -x
++ export MYSQL_PWD=123
++ MYSQL_PWD=123
++ export -f cmdb_mysql
+ . /home/indemind/myscript/build/../sh/version-update.sh
++ . /home/indemind/.bashrc
+++ case $- in
+++ return
+ set -ex
+ export -f public_project_update
+ export -f project_build
+ init_project_env
++ date +%Y%m%d
+ DT=20241017
+ UserName=jenkins
+ API_TOKEN=11b65309c9835de9579d9c9038853d9eb7
+ GIT_PRIVATE_TOKEN=emEDrsaJVjxKK5gSWrf-
+ GIT_HOST=192.168.50.191
++ echo wukong/integration/recursion
++ awk -F/ '{print $1"%2F"$2}'
+ CONVERT_TARGET_PROJECT=wukong%2Fintegration
++ curl -XGET -H 'Content-Type: application/json' --header 'PRIVATE-TOKEN: emEDrsaJVjxKK5gSWrf-' http://192.168.50.191:85/api/v4/projects/wukong%2Fintegration
++ python -c 'import sys, json; print(json.load(sys.stdin)["id"])'
  % Total    % Received % Xferd  Average Speed   Time    Time     Time  Current
                                 Dload  Upload   Total   Spent    Left  Speed
  0     0    0     0    0     0      0      0 --:--:-- --:--:-- --:--:--     0100    35  100    35    0     0    744      0 --:--:-- --:--:-- --:--:--   744
Traceback (most recent call last):
  File "<string>", line 1, in <module>
KeyError: 'id'
+ SUB_PROJECT_ID=
+ true
+ '[' -z ']'
+ SOURCE_DIR=/home/indemind/.jenkins/workspace/gerry_slam/recursioncalculations
+ TARGET_DIR=/home/indemind/.jenkins/workspace/gerry_slam/recursion
+ prepare_env
++ uname -m
+ system_platform=x86_64
+ :
++ cat /proc/cpuinfo
++ grep processor
++ sort
++ uniq
++ wc -l
+ mt=-j4
+ export COMMIT_ID_FILE=/home/indemind/.jenkins/workspace/gerry_slam/_last_build_id
+ COMMIT_ID_FILE=/home/indemind/.jenkins/workspace/gerry_slam/_last_build_id
+ export COMMIT_MSG_FILE=/home/indemind/.jenkins/workspace/gerry_slam/_commit-msg
+ COMMIT_MSG_FILE=/home/indemind/.jenkins/workspace/gerry_slam/_commit-msg
+ export COMMIT_MSG_FILE_TMP=/home/indemind/.jenkins/workspace/gerry_slam/_commit-msg.tmp
+ COMMIT_MSG_FILE_TMP=/home/indemind/.jenkins/workspace/gerry_slam/_commit-msg.tmp
+ rm -f /home/indemind/.jenkins/workspace/gerry_slam/_last_build_id
+ rm -f /home/indemind/.jenkins/workspace/gerry_slam/_commit-msg
+ rm -f /home/indemind/.jenkins/workspace/gerry_slam/_commit-msg.tmp
+ rm -f /home/indemind/.jenkins/workspace/gerry_slam/result.log
+ rm -f /home/indemind/.jenkins/workspace/gerry_slam/no_code_change.log
+ sign_env
+ CONFIG_DIR_SET=/home/indemind/system
+ CONFIG_BRANCH=mind_os
+ CLONE_DEPTH=--depth=1
+ CONFIG_DIR=/home/indemind/system/i18rconfig
+ CONFIG_REMOTE='git clone ssh://git@192.168.50.191:222/AroundI18RProject/i18rconfig /home/indemind/system/i18rconfig -b mind_os --depth=1'
+ [[ x86_64 =~ x86_64 ]]
+ ENCRYPTION_TOOL=/home/indemind/system/i18rconfig/encrypt_x64
+ CLONE_DEPTH=--depth=1
+ PUBLICBASETYPES_DIR=/home/indemind/system/I18RPublicBaseTypes
+ cmdb_mysql 'insert into prebuild(job_name,source_project,source_branch,target_project,target_branch,time,build_url,node_name,build_user) values ('\''gerry_slam'\'','\''liuqiaojun/recursioncalculations'\'','\''master'\'','\''wukong/integration/recursion'\'','\''master'\'',now(),'\''http://192.168.50.191:8088/job/gerry_slam/1/'\'','\''cloud-test'\'','\''qishanqing'\'')'
+ set +x
+ DOCKER_CONTAINER_I18=build-x64-18.04
+ DOCKER_CONTAINER_RUBBY=c405
+ DOCKER_CONTAINER_RUBBY_INSIDE=c3566
+ DOCKER_CONTAINER_JAVA=node
+ JENKINS_JOB_A=mind
+ JENKINS_JOB_B=rbn
+ JENKINS_JOB_C=mark-check-tools
+ JENKINS_JOB_D=java
+ JENKINS_JOB_E=clean_recorder
+ JENKINS_JOB_F=i18r
+ JENKINS_JOB_G=nodejs
+ JENKINS_JOB_H=_ui
+ JENKINS_JOB_L=i12r
+ [[ gerry_slam =~ mind ]]
+ '[' '' = false ']'
+ source_project_fetch
+ git clone ssh://git@192.168.50.191:222/liuqiaojun/recursioncalculations -b master --depth=1
Cloning into 'recursioncalculations'...
+ target_project_update
+ rm -rf /home/indemind/.jenkins/workspace/gerry_slam/recursion
+ target_project_fetch
+ git clone ssh://git@192.168.50.191:222/wukong/integration/recursion -b master --depth=1
Cloning into 'recursion'...
fatal: Remote branch master not found in upstream origin
+ target_push=false
+ insert_db
+ pushd /home/indemind/.jenkins/workspace/gerry_slam/recursioncalculations
~/.jenkins/workspace/gerry_slam/recursioncalculations ~/.jenkins/workspace/gerry_slam
fatal: the remote end hung up unexpectedly
++ cmdb_mysql 'SELECT first_commit_id FROM prebuild where source_project='\''liuqiaojun/recursioncalculations'\'' and source_branch='\''master'\'' and target_project='\''wukong/integration/recursion'\'' and target_branch='\''master'\'' and status='\''0'\'' and job_name='\''gerry_slam'\'' order by id desc limit 1;'
++ set +x
+ version=
++ echo
++ awk -F ' ' '{print $2}'
+ version=
++ git log -1 --pretty=format:%h
+ first_commit_id_now=083d4ff
+ cmdb_mysql 'update prebuild set first_commit_id='\''083d4ff'\'' where build_url='\''http://192.168.50.191:8088/job/gerry_slam/1/'\'';'
+ set +x
+ popd
~/.jenkins/workspace/gerry_slam
+ [[ x86_64 =~ x86_64 ]]
+ docker exec -i c3566 /bin/bash
++ cat /home/indemind/system/i18rconfig/encryption.list
cat: /home/indemind/system/i18rconfig/encryption.list: No such file or directory
++ cat /home/indemind/system/i18rconfig/encryption.list
cat: /home/indemind/system/i18rconfig/encryption.list: No such file or directory
+ pushd /home/indemind/.jenkins/workspace/gerry_slam/recursioncalculations
/home/indemind/.jenkins/workspace/gerry_slam/recursioncalculations /
+ git submodule update --init --recursive
Submodule 'thirdparty/message' (http://192.168.50.191:85/wukong/source/messages.git) registered for path 'thirdparty/message'
Cloning into '/home/indemind/.jenkins/workspace/gerry_slam/recursioncalculations/thirdparty/message'...
Submodule path 'thirdparty/message': checked out 'c3232c156ec81a325027cde8e5c3d4576b4df509'
+ git submodule update --remote
Submodule path 'thirdparty/message': checked out 'da4bf580f0f42ea5dd2e3bdc8548d48a36c55bf7'
+ sed -i 's/make -j[0-9].*/make -j4/g' compile.sh
+ source /opt/ros/melodic/setup.bash
+ bash -ex compile.sh
+ set -e
+ git submodule update --init --recursive
Submodule path 'thirdparty/message': checked out 'c3232c156ec81a325027cde8e5c3d4576b4df509'
+ git submodule update --remote
Submodule path 'thirdparty/message': checked out 'da4bf580f0f42ea5dd2e3bdc8548d48a36c55bf7'
+ echo 'Configuring and building pose recurrence part ...'
Configuring and building pose recurrence part ...
+ mkdir build
+ cd build
+ cmake .. -DCMAKE_BUILD_TYPE=Release
CMake Deprecation Warning at CMakeLists.txt:1 (cmake_minimum_required):
  Compatibility with CMake < 2.8.12 will be removed from a future version of
  CMake.

  Update the VERSION argument <min> value or use a ...<max> suffix to tell
  CMake that the project does not need compatibility with older versions.


-- The C compiler identification is GNU 7.5.0
-- The CXX compiler identification is GNU 7.5.0
-- Detecting C compiler ABI info
-- Detecting C compiler ABI info - done
-- Check for working C compiler: /usr/bin/cc - skipped
-- Detecting C compile features
-- Detecting C compile features - done
-- Detecting CXX compiler ABI info
-- Detecting CXX compiler ABI info - done
-- Check for working CXX compiler: /usr/bin/c++ - skipped
-- Detecting CXX compile features
-- Detecting CXX compile features - done
Build type: Release
Detected armv8 -D__ARM_NEON__ -DENABLE_NEON -Ofast -std=c++11 -Wno-unused-result
-- Performing Test COMPILER_SUPPORTS_CXX17
-- Performing Test COMPILER_SUPPORTS_CXX17 - Success
-- Performing Test COMPILER_SUPPORTS_CXX14
-- Performing Test COMPILER_SUPPORTS_CXX14 - Success
-- Performing Test COMPILER_SUPPORTS_CXX11
-- Performing Test COMPILER_SUPPORTS_CXX11 - Success
-- Performing Test COMPILER_SUPPORTS_CXX0X
-- Performing Test COMPILER_SUPPORTS_CXX0X - Success
-- Using flag -std=c++11.
-- COMMON_INCLUDE_DIR : /home/indemind/.jenkins/workspace/gerry_slam/recursioncalculations/thirdparty/message/
-- Found Eigen3: /usr/local/include/eigen3 (Required is at least version "2.91.0") 
-- Found installed version of Eigen: /usr/lib/cmake/eigen3
-- Found required Ceres dependency: Eigen version 3.3.4 in /usr/include/eigen3
-- Found required Ceres dependency: glog
-- Found installed version of gflags: /usr/lib/aarch64-linux-gnu/cmake/gflags
-- Detected gflags version: 2.2.1
-- Found required Ceres dependency: gflags
-- Found Ceres version: 1.13.0 installed in: /usr with components: [LAPACK, SuiteSparse, SparseLinearAlgebraLibrary, CXSparse, SchurSpecializations, OpenMP]
-- Looking for pthread.h
-- Looking for pthread.h - found
-- Performing Test CMAKE_HAVE_LIBC_PTHREAD
-- Performing Test CMAKE_HAVE_LIBC_PTHREAD - Failed
-- Looking for pthread_create in pthreads
-- Looking for pthread_create in pthreads - not found
-- Looking for pthread_create in pthread
-- Looking for pthread_create in pthread - found
-- Found Threads: TRUE  
-- Found Boost: /usr/include (found version "1.65.1") found components: thread system filesystem chrono date_time atomic 
CMake Warning (dev) at /usr/local/share/cmake-3.22/Modules/FindPackageHandleStandardArgs.cmake:438 (message):
  The package name passed to `find_package_handle_standard_args` (Lua) does
  not match the name of the calling package (LuaGoogle).  This can lead to
  problems in calling code that expects `find_package` result variables
  (e.g., `_FOUND`) to follow a certain pattern.
Call Stack (most recent call first):
  cmake_modules/FindLuaGoogle.cmake:211 (FIND_PACKAGE_HANDLE_STANDARD_ARGS)
  CMakeLists.txt:54 (find_package)
This warning is for project developers.  Use -Wno-dev to suppress it.

-- Could NOT find Lua (missing: LUA_LIBRARIES LUA_INCLUDE_DIR) 
CMake Error at cmake_modules/FindLuaGoogle.cmake:217 (MESSAGE):
  Did not find Lua >= 5.2.
Call Stack (most recent call first):
  CMakeLists.txt:54 (find_package)


-- Configuring incomplete, errors occurred!
See also "/home/indemind/.jenkins/workspace/gerry_slam/recursioncalculations/build/CMakeFiles/CMakeOutput.log".
See also "/home/indemind/.jenkins/workspace/gerry_slam/recursioncalculations/build/CMakeFiles/CMakeError.log".
+ echo 0
+ [[ gerry_slam =~ mind ]]
+ popd
/
+ exit
+ [[ -f /home/indemind/.jenkins/workspace/gerry_slam/no_code_change.log ]]
+ check_status_code
+ test -f /home/indemind/.jenkins/workspace/gerry_slam/result.log
+ echo 'containge build is error'
containge build is error
+ exit 1
Build step 'Execute shell' marked build as failure
Finished: FAILURE
