Started by user [8mha:////4FF5KPHqJqbeIDeZ76doXUfMYV02a7OsuJCCP1lw3YyiAAAAmh+LCAAAAAAAAP9b85aBtbiIQTGjNKU4P08vOT+vOD8nVc83PyU1x6OyILUoJzMv2y+/JJUBAhiZGBgqihhk0NSjKDWzXb3RdlLBUSYGJk8GtpzUvPSSDB8G5tKinBIGIZ+sxLJE/ZzEvHT94JKizLx0a6BxUmjGOUNodHsLgAzmEgY+/dLi1CL9ytLkjNK01EwAfQFN6MMAAAA=[0mäºŽæ¥šé£ž
Rebuilds build #[8mha:////4FCKqbNWrucLPysJzj/Uaqu2RCgEhv4/uCPlTX4c8oPcAAAAsx+LCAAAAAAAAP9b85aBtbiIQTGjNKU4P08vOT+vOD8nVc83PyU1x6OyILUoJzMv2y+/JJUBAhiZGBgqihhk0NSjKDWzXb3RdlLBUSYGJk8GtpzUvPSSDB8G5tKinBIGIZ+sxLJE/ZzEvHT94JKizLx0a6BxUmjGOUNodHsLgAzmEgZ1/bLM1HL9lNSCkgz9rPwk/eTEtLTUovji1NzEvJLM5PjcxAJ9Y2NjAOqVnFHcAAAA[0m333
Running as SYSTEM
Building remotely on [8mha:////4EAHxU1/vouSQFHA074V3njukDD0XLY2N2KT0Qes+PscAAAAoB+LCAAAAAAAAP9b85aBtbiIQTGjNKU4P08vOT+vOD8nVc83PyU1x6OyILUoJzMv2y+/JJUBAhiZGBgqihhk0NSjKDWzXb3RdlLBUSYGJk8GtpzUvPSSDB8G5tKinBIGIZ+sxLJE/ZzEvHT94JKizLx0a6BxUmjGOUNodHsLgAyuEgYR/eT83ILSktQi/eSc/NIU3ZLU4hIAjN+VrskAAAA=[0mcloud-test (cloud) in workspace /home/indemind/.jenkins/workspace/caffer_semantic_map
[WS-CLEANUP] Clean-up disabled, skipping workspace deletion.
[caffer_semantic_map] $ /bin/sh -xe /tmp/jenkins11452506759590360255.sh
+ bash /home/indemind/myscript/build/build.sh
++ export MYSQL_PWD=123
++ MYSQL_PWD=123
++ export -f cmdb_mysql
+ . /home/indemind/myscript/build/../sh/version-update.sh
++ . /home/indemind/.bashrc
+++ case $- in
+++ return
+ set -ex
+ export -f public_project_update
+ export -f project_build
+ init_project_env
++ date +%Y%m%d
+ DT=20240727
+ UserName=jenkins
+ API_TOKEN=11b65309c9835de9579d9c9038853d9eb7
+ GIT_PRIVATE_TOKEN=emEDrsaJVjxKK5gSWrf-
+ GIT_HOST=192.168.50.191
++ echo abby/integration/semanticmap
++ awk -F/ '{print $1"%2F"$2}'
+ CONVERT_TARGET_PROJECT=abby%2Fintegration
++ curl -XGET -H 'Content-Type: application/json' --header 'PRIVATE-TOKEN: emEDrsaJVjxKK5gSWrf-' http://192.168.50.191:85/api/v4/projects/abby%2Fintegration
++ python -c 'import sys, json; print(json.load(sys.stdin)["id"])'
  % Total    % Received % Xferd  Average Speed   Time    Time     Time  Current
                                 Dload  Upload   Total   Spent    Left  Speed
  0     0    0     0    0     0      0      0 --:--:-- --:--:-- --:--:--     0100    35  100    35    0     0    700      0 --:--:-- --:--:-- --:--:--   700
Traceback (most recent call last):
  File "<string>", line 1, in <module>
KeyError: 'id'
+ SUB_PROJECT_ID=
+ true
+ '[' -z ']'
+ SOURCE_DIR=/home/indemind/.jenkins/workspace/caffer_semantic_map/SemanticMap
+ TARGET_DIR=/home/indemind/.jenkins/workspace/caffer_semantic_map/semanticmap
+ prepare_env
++ uname -m
+ system_platform=x86_64
+ :
++ cat /proc/cpuinfo
++ grep processor
++ sort
++ uniq
++ wc -l
+ mt=-j4
+ export COMMIT_ID_FILE=/home/indemind/.jenkins/workspace/caffer_semantic_map/_last_build_id
+ COMMIT_ID_FILE=/home/indemind/.jenkins/workspace/caffer_semantic_map/_last_build_id
+ export COMMIT_MSG_FILE=/home/indemind/.jenkins/workspace/caffer_semantic_map/_commit-msg
+ COMMIT_MSG_FILE=/home/indemind/.jenkins/workspace/caffer_semantic_map/_commit-msg
+ export COMMIT_MSG_FILE_TMP=/home/indemind/.jenkins/workspace/caffer_semantic_map/_commit-msg.tmp
+ COMMIT_MSG_FILE_TMP=/home/indemind/.jenkins/workspace/caffer_semantic_map/_commit-msg.tmp
+ rm -f /home/indemind/.jenkins/workspace/caffer_semantic_map/_last_build_id
+ rm -f /home/indemind/.jenkins/workspace/caffer_semantic_map/_commit-msg
+ rm -f /home/indemind/.jenkins/workspace/caffer_semantic_map/_commit-msg.tmp
+ rm -f /home/indemind/.jenkins/workspace/caffer_semantic_map/result.log
+ rm -f /home/indemind/.jenkins/workspace/caffer_semantic_map/no_code_change.log
+ sign_env
+ CONFIG_DIR_SET=/home/indemind/system
+ CONFIG_BRANCH=mind_os
+ CLONE_DEPTH=--depth=1
+ CONFIG_DIR=/home/indemind/system/i18rconfig
+ CONFIG_REMOTE='git clone ssh://git@192.168.50.191:222/AroundI18RProject/i18rconfig /home/indemind/system/i18rconfig -b mind_os --depth=1'
+ [[ x86_64 =~ x86_64 ]]
+ ENCRYPTION_TOOL=/home/indemind/system/i18rconfig/encrypt_x64
+ CLONE_DEPTH=--depth=1
+ PUBLICBASETYPES_DIR=/home/indemind/system/I18RPublicBaseTypes
+ cmdb_mysql 'insert into prebuild(job_name,source_project,source_branch,target_project,target_branch,time,build_url,node_name,build_user) values ('\''caffer_semantic_map'\'','\''DepthModules/projects/SemanticMap'\'','\''alg'\'','\''abby/integration/semanticmap'\'','\''test'\'',now(),'\''http://192.168.50.191:8088/job/caffer_semantic_map/334/'\'','\''cloud-test'\'','\''yuchufei'\'')'
+ set +x
+ DOCKER_CONTAINER_I18=build-x64-18.04
+ DOCKER_CONTAINER_RUBBY=c405
+ DOCKER_CONTAINER_RUBBY_INSIDE=c3566
+ DOCKER_CONTAINER_JAVA=node
+ JENKINS_JOB_A=mind
+ JENKINS_JOB_B=rbn
+ JENKINS_JOB_C=mark-check-tools
+ JENKINS_JOB_D=java
+ JENKINS_JOB_E=clean_recorder
+ JENKINS_JOB_F=i18r
+ JENKINS_JOB_G=nodejs
+ JENKINS_JOB_H=_ui
+ JENKINS_JOB_L=i12r
+ [[ caffer_semantic_map =~ mind ]]
+ '[' false = false ']'
+ source_project_update
+ '[' -d /home/indemind/.jenkins/workspace/caffer_semantic_map/SemanticMap ']'
+ pushd /home/indemind/.jenkins/workspace/caffer_semantic_map/SemanticMap
~/.jenkins/workspace/caffer_semantic_map/SemanticMap ~/.jenkins/workspace/caffer_semantic_map
+ git checkout ./
+ git pull --rebase
From ssh://192.168.50.191:222/DepthModules/projects/SemanticMap
   879334c..1f0a6f9  alg        -> origin/alg
Updating 879334c..1f0a6f9
Fast-forward
 source/src/semantic_map_alg.cpp | 3 +--
 1 file changed, 1 insertion(+), 2 deletions(-)
Current branch alg is up to date.
+ popd
~/.jenkins/workspace/caffer_semantic_map
+ target_project_update
+ rm -rf /home/indemind/.jenkins/workspace/caffer_semantic_map/semanticmap
+ target_project_fetch
+ git clone ssh://git@192.168.50.191:222/abby/integration/semanticmap -b test --depth=1
Cloning into 'semanticmap'...
+ insert_db
+ pushd /home/indemind/.jenkins/workspace/caffer_semantic_map/SemanticMap
~/.jenkins/workspace/caffer_semantic_map/SemanticMap ~/.jenkins/workspace/caffer_semantic_map
++ cmdb_mysql 'SELECT first_commit_id FROM prebuild where source_project='\''DepthModules/projects/SemanticMap'\'' and source_branch='\''alg'\'' and target_project='\''abby/integration/semanticmap'\'' and target_branch='\''test'\'' and status='\''0'\'' and job_name='\''caffer_semantic_map'\'' order by id desc limit 1;'
++ set +x
+ version='first_commit_id
879334c'
++ echo first_commit_id 879334c
++ awk -F ' ' '{print $2}'
+ version=879334c
++ git log -1 --pretty=format:%h
+ first_commit_id_now=1f0a6f9
+ cmdb_mysql 'update prebuild set first_commit_id='\''1f0a6f9'\'' where build_url='\''http://192.168.50.191:8088/job/caffer_semantic_map/334/'\'';'
+ set +x
+ popd
~/.jenkins/workspace/caffer_semantic_map
+ [[ x86_64 =~ x86_64 ]]
+ docker exec -i c3566 /bin/bash
++ cat /home/indemind/system/i18rconfig/encryption.list
cat: /home/indemind/system/i18rconfig/encryption.list: No such file or directory
++ cat /home/indemind/system/i18rconfig/encryption.list
cat: /home/indemind/system/i18rconfig/encryption.list: No such file or directory
+ pushd /home/indemind/.jenkins/workspace/caffer_semantic_map/SemanticMap
/home/indemind/.jenkins/workspace/caffer_semantic_map/SemanticMap /
+ git submodule update --init --recursive
Submodule path 'submodules/abby_msg': checked out '057e47fa5b878fb7b1f447c8cae8d7ae1f84795b'
+ git submodule update --remote
Submodule path 'submodules/abby_msg': checked out '1a7f48646aa7347f98203c1cb2d5539706e8cf3e'
+ sed -i 's/make -j[0-9].*/make -j4/g' scripts/compile.sh
+ source /opt/ros/melodic/setup.bash
+ bash -ex scripts/compile.sh
+ main
+ git submodule update --init --recursive
Submodule path 'submodules/abby_msg': checked out '057e47fa5b878fb7b1f447c8cae8d7ae1f84795b'
+ git submodule update --remote
Submodule path 'submodules/abby_msg': checked out '1a7f48646aa7347f98203c1cb2d5539706e8cf3e'
++ GetProjectPath
++++ dirname scripts/compile.sh
+++ cd scripts
+++ pwd
++ local scriptsDir=/home/indemind/.jenkins/workspace/caffer_semantic_map/SemanticMap/scripts
+++ dirname /home/indemind/.jenkins/workspace/caffer_semantic_map/SemanticMap/scripts
++ echo /home/indemind/.jenkins/workspace/caffer_semantic_map/SemanticMap
+ local projectPath=/home/indemind/.jenkins/workspace/caffer_semantic_map/SemanticMap
+ cd /home/indemind/.jenkins/workspace/caffer_semantic_map/SemanticMap
+ mkdir build
+ true
/bin/mkdir: cannot create directory 'build': File exists
+ cd build
+ cmake .. -DCMAKE_BUILD_TYPE=Release
-- PCL_DIR=/home/indemind/.jenkins/workspace/caffer_semantic_map/SemanticMap/thirdparty/arm64/pcl
-- Eigen found (include: /usr/local/include/eigen3, version: 3.3.7)
-- Found Boost: /usr/include (found suitable version "1.65.1", minimum required is "1.55.0") found components: system filesystem date_time iostreams serialization regex 
-- Checking for module 'flann'
--   No package 'flann' found
** WARNING ** io features related to pcap will be disabled
** WARNING ** io features related to png will be disabled
CMake Warning (dev) at /usr/local/share/cmake-3.22/Modules/FindPackageHandleStandardArgs.cmake:438 (message):
  The package name passed to `find_package_handle_standard_args` (libusb-1.0)
  does not match the name of the calling package (PCL).  This can lead to
  problems in calling code that expects `find_package` result variables
  (e.g., `_FOUND`) to follow a certain pattern.
Call Stack (most recent call first):
  thirdparty/arm64/pcl/share/pcl-1.10/PCLConfig.cmake:278 (find_package_handle_standard_args)
  thirdparty/arm64/pcl/share/pcl-1.10/PCLConfig.cmake:325 (find_libusb)
  thirdparty/arm64/pcl/share/pcl-1.10/PCLConfig.cmake:521 (find_external_library)
  CMakeLists.txt:31 (find_package)
This warning is for project developers.  Use -Wno-dev to suppress it.

-- LIBUSB_1_LIBRARY (missing: LIBUSB_1_INCLUDE_DIR) 
** WARNING ** io features related to libusb-1.0 will be disabled
-- QHULL found (include: /home/indemind/.jenkins/workspace/caffer_semantic_map/SemanticMap/thirdparty/arm64/qhull/include, lib: /home/indemind/.jenkins/workspace/caffer_semantic_map/SemanticMap/thirdparty/arm64/qhull/lib/libqhull.so)
-- looking for PCL_COMMON
CMake Warning (dev) at /usr/local/share/cmake-3.22/Modules/FindPackageHandleStandardArgs.cmake:438 (message):
  The package name passed to `find_package_handle_standard_args` (PCL_COMMON)
  does not match the name of the calling package (PCL).  This can lead to
  problems in calling code that expects `find_package` result variables
  (e.g., `_FOUND`) to follow a certain pattern.
Call Stack (most recent call first):
  thirdparty/arm64/pcl/share/pcl-1.10/PCLConfig.cmake:589 (find_package_handle_standard_args)
  CMakeLists.txt:31 (find_package)
This warning is for project developers.  Use -Wno-dev to suppress it.

-- looking for PCL_KDTREE
CMake Warning (dev) at /usr/local/share/cmake-3.22/Modules/FindPackageHandleStandardArgs.cmake:438 (message):
  The package name passed to `find_package_handle_standard_args` (PCL_KDTREE)
  does not match the name of the calling package (PCL).  This can lead to
  problems in calling code that expects `find_package` result variables
  (e.g., `_FOUND`) to follow a certain pattern.
Call Stack (most recent call first):
  thirdparty/arm64/pcl/share/pcl-1.10/PCLConfig.cmake:589 (find_package_handle_standard_args)
  CMakeLists.txt:31 (find_package)
This warning is for project developers.  Use -Wno-dev to suppress it.

-- looking for PCL_OCTREE
CMake Warning (dev) at /usr/local/share/cmake-3.22/Modules/FindPackageHandleStandardArgs.cmake:438 (message):
  The package name passed to `find_package_handle_standard_args` (PCL_OCTREE)
  does not match the name of the calling package (PCL).  This can lead to
  problems in calling code that expects `find_package` result variables
  (e.g., `_FOUND`) to follow a certain pattern.
Call Stack (most recent call first):
  thirdparty/arm64/pcl/share/pcl-1.10/PCLConfig.cmake:589 (find_package_handle_standard_args)
  CMakeLists.txt:31 (find_package)
This warning is for project developers.  Use -Wno-dev to suppress it.

-- looking for PCL_SEARCH
CMake Warning (dev) at /usr/local/share/cmake-3.22/Modules/FindPackageHandleStandardArgs.cmake:438 (message):
  The package name passed to `find_package_handle_standard_args` (PCL_SEARCH)
  does not match the name of the calling package (PCL).  This can lead to
  problems in calling code that expects `find_package` result variables
  (e.g., `_FOUND`) to follow a certain pattern.
Call Stack (most recent call first):
  thirdparty/arm64/pcl/share/pcl-1.10/PCLConfig.cmake:589 (find_package_handle_standard_args)
  CMakeLists.txt:31 (find_package)
This warning is for project developers.  Use -Wno-dev to suppress it.

-- looking for PCL_SAMPLE_CONSENSUS
CMake Warning (dev) at /usr/local/share/cmake-3.22/Modules/FindPackageHandleStandardArgs.cmake:438 (message):
  The package name passed to `find_package_handle_standard_args`
  (PCL_SAMPLE_CONSENSUS) does not match the name of the calling package
  (PCL).  This can lead to problems in calling code that expects
  `find_package` result variables (e.g., `_FOUND`) to follow a certain
  pattern.
Call Stack (most recent call first):
  thirdparty/arm64/pcl/share/pcl-1.10/PCLConfig.cmake:589 (find_package_handle_standard_args)
  CMakeLists.txt:31 (find_package)
This warning is for project developers.  Use -Wno-dev to suppress it.

-- looking for PCL_FILTERS
CMake Warning (dev) at /usr/local/share/cmake-3.22/Modules/FindPackageHandleStandardArgs.cmake:438 (message):
  The package name passed to `find_package_handle_standard_args`
  (PCL_FILTERS) does not match the name of the calling package (PCL).  This
  can lead to problems in calling code that expects `find_package` result
  variables (e.g., `_FOUND`) to follow a certain pattern.
Call Stack (most recent call first):
  thirdparty/arm64/pcl/share/pcl-1.10/PCLConfig.cmake:589 (find_package_handle_standard_args)
  CMakeLists.txt:31 (find_package)
This warning is for project developers.  Use -Wno-dev to suppress it.

-- looking for PCL_2D
CMake Warning (dev) at /usr/local/share/cmake-3.22/Modules/FindPackageHandleStandardArgs.cmake:438 (message):
  The package name passed to `find_package_handle_standard_args` (PCL_2D)
  does not match the name of the calling package (PCL).  This can lead to
  problems in calling code that expects `find_package` result variables
  (e.g., `_FOUND`) to follow a certain pattern.
Call Stack (most recent call first):
  thirdparty/arm64/pcl/share/pcl-1.10/PCLConfig.cmake:592 (find_package_handle_standard_args)
  CMakeLists.txt:31 (find_package)
This warning is for project developers.  Use -Wno-dev to suppress it.

-- looking for PCL_GEOMETRY
CMake Warning (dev) at /usr/local/share/cmake-3.22/Modules/FindPackageHandleStandardArgs.cmake:438 (message):
  The package name passed to `find_package_handle_standard_args`
  (PCL_GEOMETRY) does not match the name of the calling package (PCL).  This
  can lead to problems in calling code that expects `find_package` result
  variables (e.g., `_FOUND`) to follow a certain pattern.
Call Stack (most recent call first):
  thirdparty/arm64/pcl/share/pcl-1.10/PCLConfig.cmake:592 (find_package_handle_standard_args)
  CMakeLists.txt:31 (find_package)
This warning is for project developers.  Use -Wno-dev to suppress it.

-- looking for PCL_IO
CMake Warning (dev) at /usr/local/share/cmake-3.22/Modules/FindPackageHandleStandardArgs.cmake:438 (message):
  The package name passed to `find_package_handle_standard_args` (PCL_IO)
  does not match the name of the calling package (PCL).  This can lead to
  problems in calling code that expects `find_package` result variables
  (e.g., `_FOUND`) to follow a certain pattern.
Call Stack (most recent call first):
  thirdparty/arm64/pcl/share/pcl-1.10/PCLConfig.cmake:589 (find_package_handle_standard_args)
  CMakeLists.txt:31 (find_package)
This warning is for project developers.  Use -Wno-dev to suppress it.

-- looking for PCL_ML
CMake Warning (dev) at /usr/local/share/cmake-3.22/Modules/FindPackageHandleStandardArgs.cmake:438 (message):
  The package name passed to `find_package_handle_standard_args` (PCL_ML)
  does not match the name of the calling package (PCL).  This can lead to
  problems in calling code that expects `find_package` result variables
  (e.g., `_FOUND`) to follow a certain pattern.
Call Stack (most recent call first):
  thirdparty/arm64/pcl/share/pcl-1.10/PCLConfig.cmake:589 (find_package_handle_standard_args)
  CMakeLists.txt:31 (find_package)
This warning is for project developers.  Use -Wno-dev to suppress it.

-- looking for PCL_SURFACE
CMake Warning (dev) at /usr/local/share/cmake-3.22/Modules/FindPackageHandleStandardArgs.cmake:438 (message):
  The package name passed to `find_package_handle_standard_args`
  (PCL_SURFACE) does not match the name of the calling package (PCL).  This
  can lead to problems in calling code that expects `find_package` result
  variables (e.g., `_FOUND`) to follow a certain pattern.
Call Stack (most recent call first):
  thirdparty/arm64/pcl/share/pcl-1.10/PCLConfig.cmake:589 (find_package_handle_standard_args)
  CMakeLists.txt:31 (find_package)
This warning is for project developers.  Use -Wno-dev to suppress it.

-- Found Boost: /usr/include (found version "1.65.1") found components: system serialization filesystem 
-- Found Boost: /usr/include (found version "1.65.1") found components: system filesystem 
-- Configuring done
-- Generating done
-- Build files have been written to: /home/indemind/.jenkins/workspace/caffer_semantic_map/SemanticMap/build
+ make
Consolidate compiler generated dependencies of target semantic_map
[  4%] Building CXX object source/CMakeFiles/semantic_map.dir/src/semantic_map_alg.cpp.o
/home/indemind/.jenkins/workspace/caffer_semantic_map/SemanticMap/source/src/semantic_map_alg.cpp: In member function 'void semantic_map::SemanticMapAlg::UpdateSemanticMapMsg()':
/home/indemind/.jenkins/workspace/caffer_semantic_map/SemanticMap/source/src/semantic_map_alg.cpp:515:37: error: 'extra_wire_data_images' was not declared in this scope
     occupancy_map_images[wire_id] = extra_wire_data_images;
                                     ^~~~~~~~~~~~~~~~~~~~~~
/home/indemind/.jenkins/workspace/caffer_semantic_map/SemanticMap/source/src/semantic_map_alg.cpp:515:37: note: suggested alternative: 'extra_wire_data_images_'
     occupancy_map_images[wire_id] = extra_wire_data_images;
                                     ^~~~~~~~~~~~~~~~~~~~~~
                                     extra_wire_data_images_
source/CMakeFiles/semantic_map.dir/build.make:271: recipe for target 'source/CMakeFiles/semantic_map.dir/src/semantic_map_alg.cpp.o' failed
make[2]: *** [source/CMakeFiles/semantic_map.dir/src/semantic_map_alg.cpp.o] Error 1
CMakeFiles/Makefile2:133: recipe for target 'source/CMakeFiles/semantic_map.dir/all' failed
make[1]: *** [source/CMakeFiles/semantic_map.dir/all] Error 2
Makefile:90: recipe for target 'all' failed
make: *** [all] Error 2
+ echo 0
+ [[ caffer_semantic_map =~ mind ]]
+ popd
/
+ exit
+ [[ -f /home/indemind/.jenkins/workspace/caffer_semantic_map/no_code_change.log ]]
+ check_status_code
+ test -f /home/indemind/.jenkins/workspace/caffer_semantic_map/result.log
+ echo 'containge build is error'
containge build is error
+ exit 1
Build step 'Execute shell' marked build as failure
Finished: FAILURE
