Started by user [8mha:////4CxdUWQECjdXMwyVgfqeFaIP/aI9EkxHsnLryzaOJrJlAAAAmx+LCAAAAAAAAP9b85aBtbiIQTGjNKU4P08vOT+vOD8nVc83PyU1x6OyILUoJzMv2y+/JJUBAhiZGBgqihhk0NSjKDWzXb3RdlLBUSYGJk8GtpzUvPSSDB8G5tKinBIGIZ+sxLJE/ZzEvHT94JKizLx0a6BxUmjGOUNodHsLgAzmEgZ+/dLi1CL9nMzKxLyc/Lx0AJMuWZLEAAAA[0mÊùéÁÇéÈæô
Rebuilds build #[8mha:////4BmNUdltlDec5yu13JS3OyK8UoBCAFZ2jo9pnNrJnHZSAAAApB+LCAAAAAAAAP9b85aBtbiIQTGjNKU4P08vOT+vOD8nVc83PyU1x6OyILUoJzMv2y+/JJUBAhiZGBgqihhk0NSjKDWzXb3RdlLBUSYGJk8GtpzUvPSSDB8G5tKinBIGIZ+sxLJE/ZzEvHT94JKizLx0a6BxUmjGOUNodHsLgAzmEgYJ/bLM1HL94uRc/az8JH1Do/jEggJ9I2MDAHAKVdLNAAAA[0m230
Running as SYSTEM
Building remotely on [8mha:////4LsIzei+j/ZTgpZIXFZkfME08lVHErI3ufEjW+N1eX2tAAAAoR+LCAAAAAAAAP9b85aBtbiIQTGjNKU4P08vOT+vOD8nVc83PyU1x6OyILUoJzMv2y+/JJUBAhiZGBgqihhk0NSjKDWzXb3RdlLBUSYGJk8GtpzUvPSSDB8G5tKinBIGIZ+sxLJE/ZzEvHT94JKizLx0a6BxUmjGOUNodHsLgAzuEgZR/eT83ILSktQi/eyMxJTEYt3kxCJTAHJKZSTKAAAA[0mkhadas-car5 (car5) in workspace /root/workspace/workspace/12_app
[WS-CLEANUP] Deleting project workspace...
[WS-CLEANUP] Deferred wipeout is used...
[WS-CLEANUP] Done
[12_app] $ /bin/sh -xe /tmp/jenkins3221718669709366898.sh
+ bash /root/myscript/build/appbuild.sh
++ export MYSQL_PWD=123
++ MYSQL_PWD=123
++ export -f cmdb_mysql
+ . /root/myscript/build/../sh/version-update.sh
++ . /root/.bashrc
+++ '[' -z '' ']'
+++ return
+ set -ex
+ init_project_env
++ whoami
+ '[' root = root ']'
+ ios=root
+ RELEASE_DIR=/root
+ DESKTOP_DIR=/root/workspace/i18rApplicationDeb/work/root/workspace
+ appname=I18R
+ CONFIG_DIR=/root/system/i18rconfig
+ CONFIG_BRANCH=clean_recorder
+ OTA_DIR=/root/system/i18rota
++ uname -m
+ PLATFORM=aarch64
+ ui_job_name=i18r_ui
+ CLONE_DEPTH=--depth=1
+ sourcename=SmallWashingRobotSDK
+ BUILD_DIR=/root/workspace
+ APP_WORKSPACE=/root/workspace/i18rApplicationDeb/work
+ WORK_DIR=/root/workspace/i18rApplicationDeb/work/root/workspace
+ VERSION_FILE=/root/workspace/i18rApplicationDeb/work/DEBIAN/control
+ [[ xclean_recorder = xcompile_12 ]]
+ [[ xclean_recorder = xcompile_12_tof ]]
+ [[ xclean_recorder =~ xclean_recorder ]]
+ upload_ftp_project=CLEAN_RECORDER
+ CONFIG_REMOTE='git clone ssh://git@192.168.50.191:222/AroundI18RProject/i18rconfig /root/system/i18rconfig -b clean_recorder --depth=1'
+ TEST_DIR=/mnt/ftp/release/CLEAN_RECORDER/test
+ FTP_RELEASE_DIR=/mnt/ftp/release/CLEAN_RECORDER/fresh_version
+ FTP_RELEASE_SIGN_DIR=/mnt/ftp/release/CLEAN_RECORDER/sign
+ FTP_RELEASE_OTA_DIR=/mnt/ftp/release/CLEAN_RECORDER/ota_full_version
+ FTP_RELEASE_OTA_DIFF_DIR=/mnt/ftp/release/CLEAN_RECORDER/ota
+ function_list=/mnt/ftp/release/app_update_release
+ ENCRYPTION_TOOL=/root/system/i18rconfig/upx_arm.out
++ perl -npe s,_,-,g
++ echo stage2
+ x=stage2
+ tgz_release=INTG
+ trash_dir=/mnt/ftp/Trash
+ RELEASE_BRANCH=CLEAN_RECORDER-stage2
+ RELEASE_TAG=r29_CLEAN_RECORDER-stage2
++ cmdb_mysql 'SELECT version FROM indemindapp where status='\''0'\'' and swr_version='\''stage2'\'' and indemind_release='\''test'\'' and appname='\''I18R'\'' order by id desc limit 5;'
++ tail -n 1
++ set +x
+ min_version=
+ is-trigger-job
+ '[' xliyanlong = xtimer ']'
+ mount_ftp
+ '[' -d /mnt/ftp/release ']'
+ check_paremter_is_right
+ rx='^([0-9]+\.){3}([0-9]+)$'
+ [[ -z 29 ]]
++ check 29
++ local a=29
++ printf %d 29
++ echo integer
++ return
+ [[ integer == vb ]]
++ check 29
++ local a=29
++ printf %d 29
++ echo integer
++ return
+ [[ integer == integer ]]
+ [[ 29 =~ ^([0-9]+\.){3}([0-9]+)$ ]]
+ RELEASE=test
+ echo 'check paremter is done'
check paremter is done
+ clean_workspace
+ pushd /root/workspace
~/workspace ~/workspace/workspace/12_app
+ sudo rm -rf i18rApplicationDeb 'INDEMINDAPP*' SmallWashingRobotSDK client
sudo: Êó†Ê≥ïËß£Êûê‰∏ªÊú∫Ôºöcar5
+ popd
~/workspace/workspace/12_app
+ App_project_fetch
+ pushd /root/workspace
~/workspace ~/workspace/workspace/12_app
+ git clone ssh://git@192.168.50.191:222/AroundI18RProject/i18rApplicationDeb.git --depth=1
Ê≠£ÂÖãÈöÜÂà∞ 'i18rApplicationDeb'...
+ mkdir -p /root/workspace/i18rApplicationDeb/work/root/workspace
+ pushd /root/workspace
~/workspace ~/workspace ~/workspace/workspace/12_app
+ git clone ssh://git@192.168.50.191:222/AroundI18RProject/SmallWashingRobotSDK.git -b clean_recorder
Ê≠£ÂÖãÈöÜÂà∞ 'SmallWashingRobotSDK'...
+ pushd SmallWashingRobotSDK
~/workspace/SmallWashingRobotSDK ~/workspace ~/workspace ~/workspace/workspace/12_app
+ config_project_update
+ [[ -d /root/system/i18rconfig ]]
+ rm -rf /root/system/i18rconfig
+ git clone ssh://git@192.168.50.191:222/AroundI18RProject/i18rconfig /root/system/i18rconfig -b clean_recorder --depth=1
Ê≠£ÂÖãÈöÜÂà∞ '/root/system/i18rconfig'...
+ ui_job_build clean_recorder_new
+ export 'PATH=/usr/bin/bin:/usr/bin/bin:/opt/ros/melodic/bin:/usr/local/sbin:/usr/local/bin:/usr/sbin:/usr/bin:/sbin:/bin:/usr/games:/usr/local/games:~/myscript/sh'
+ PATH='/usr/bin/bin:/usr/bin/bin:/opt/ros/melodic/bin:/usr/local/sbin:/usr/local/bin:/usr/sbin:/usr/bin:/sbin:/bin:/usr/games:/usr/local/games:~/myscript/sh'
+ rm -f /root/tmp/logs/12_app.log
+ [[ -z clean_recorder_new ]]
+ nohup bash jc build i18r_ui -p SOURCE_BRANCH=clean_recorder_new -p TARGET_BRANCH= -s
+ [[ '' == true ]]
+ git submodule update --init --recursive
Â≠êÊ®°ÁªÑ 'daemons'Ôºàhttp://192.168.50.191:85/AroundI18RProject/I18RDaemonSubmodule.gitÔºâÊú™ÂØπË∑ØÂæÑ 'daemons' Ê≥®ÂÜå
Â≠êÊ®°ÁªÑ 'modules/depth'Ôºàhttp://192.168.50.191:85/AroundI18RProject/I18RDepthSubmodule.gitÔºâÊú™ÂØπË∑ØÂæÑ 'modules/depth' Ê≥®ÂÜå
Â≠êÊ®°ÁªÑ 'modules/detector'Ôºàhttp://192.168.50.191:85/AroundI18RProject/I18RDetectorSubmodule.gitÔºâÊú™ÂØπË∑ØÂæÑ 'modules/detector' Ê≥®ÂÜå
Â≠êÊ®°ÁªÑ 'modules/marker'Ôºàhttp://192.168.50.191:85/AroundI18RProject/I18rmarkersubmodule.gitÔºâÊú™ÂØπË∑ØÂæÑ 'modules/marker' Ê≥®ÂÜå
Â≠êÊ®°ÁªÑ 'modules/navigation'Ôºàhttp://192.168.50.191:85/AroundI18RProject/I18RNavigationSubmodule.gitÔºâÊú™ÂØπË∑ØÂæÑ 'modules/navigation' Ê≥®ÂÜå
Â≠êÊ®°ÁªÑ 'modules/selfcalibr'Ôºàhttp://192.168.50.191:85/AroundI18RProject/I18RSelfCalibrSubmodule.gitÔºâÊú™ÂØπË∑ØÂæÑ 'modules/selfcalibr' Ê≥®ÂÜå
Â≠êÊ®°ÁªÑ 'modules/sensor'Ôºàhttp://192.168.50.191:85/AroundI18RProject/i18rsensorssubmoduleÔºâÊú™ÂØπË∑ØÂæÑ 'modules/sensor' Ê≥®ÂÜå
Â≠êÊ®°ÁªÑ 'modules/slam'Ôºàhttp://192.168.50.191:85/AroundI18RProject/I18RSlamSubmodule.gitÔºâÊú™ÂØπË∑ØÂæÑ 'modules/slam' Ê≥®ÂÜå
Â≠êÊ®°ÁªÑ 'modules/types'Ôºàhttp://192.168.50.191:85/AroundI18RProject/I18RPublicBaseTypes.gitÔºâÊú™ÂØπË∑ØÂæÑ 'modules/types' Ê≥®ÂÜå
Â≠êÊ®°ÁªÑ 'server/util/common'Ôºàhttp://192.168.50.191:85/AroundI18RProject/i18rutilitysubmodule.gitÔºâÊú™ÂØπË∑ØÂæÑ 'server/util/common' Ê≥®ÂÜå
Ê≠£ÂÖãÈöÜÂà∞ '/root/workspace/SmallWashingRobotSDK/daemons'...
Ê≠£ÂÖãÈöÜÂà∞ '/root/workspace/SmallWashingRobotSDK/modules/depth'...
Ê≠£ÂÖãÈöÜÂà∞ '/root/workspace/SmallWashingRobotSDK/modules/detector'...
Ê≠£ÂÖãÈöÜÂà∞ '/root/workspace/SmallWashingRobotSDK/modules/marker'...
Ê≠£ÂÖãÈöÜÂà∞ '/root/workspace/SmallWashingRobotSDK/modules/navigation'...
Ê≠£ÂÖãÈöÜÂà∞ '/root/workspace/SmallWashingRobotSDK/modules/selfcalibr'...
Ê≠£ÂÖãÈöÜÂà∞ '/root/workspace/SmallWashingRobotSDK/modules/sensor'...
warning: ÈáçÂÆöÂêëÂà∞ http://192.168.50.191:85/AroundI18RProject/i18rsensorssubmodule.git/
Ê≠£ÂÖãÈöÜÂà∞ '/root/workspace/SmallWashingRobotSDK/modules/slam'...
Ê≠£ÂÖãÈöÜÂà∞ '/root/workspace/SmallWashingRobotSDK/modules/types'...
Ê≠£ÂÖãÈöÜÂà∞ '/root/workspace/SmallWashingRobotSDK/server/util/common'...
Â≠êÊ®°ÁªÑË∑ØÂæÑ 'daemons'ÔºöÊ£ÄÂá∫ '0df588b1b32f377d4e1996e42ddd0d60007b8685'
Â≠êÊ®°ÁªÑË∑ØÂæÑ 'modules/depth'ÔºöÊ£ÄÂá∫ '9c61462b3e083373061cbc8f943769b76c8184a5'
Â≠êÊ®°ÁªÑË∑ØÂæÑ 'modules/detector'ÔºöÊ£ÄÂá∫ '377954b66d28ec6b9484eccc102d249579f7587a'
Â≠êÊ®°ÁªÑË∑ØÂæÑ 'modules/marker'ÔºöÊ£ÄÂá∫ 'd7775408ecd4f169789dbb3561c2ed7a82b61a27'
Â≠êÊ®°ÁªÑË∑ØÂæÑ 'modules/navigation'ÔºöÊ£ÄÂá∫ '6e190d429bb2d18a6e04b8e9f8276c0e1a13a28a'
Â≠êÊ®°ÁªÑË∑ØÂæÑ 'modules/selfcalibr'ÔºöÊ£ÄÂá∫ 'fd0c6953ae201171fcb299a3da5902775b1f77be'
Â≠êÊ®°ÁªÑË∑ØÂæÑ 'modules/sensor'ÔºöÊ£ÄÂá∫ '4821b3a8f3240bf38a517034343d7e043fcafd28'
Â≠êÊ®°ÁªÑË∑ØÂæÑ 'modules/slam'ÔºöÊ£ÄÂá∫ '756a5a574cad2e600d3a5b6335262d5a3ca11bab'
Â≠êÊ®°ÁªÑË∑ØÂæÑ 'modules/types'ÔºöÊ£ÄÂá∫ '8e3e06531df5c4c069020501044921a87874332c'
Â≠êÊ®°ÁªÑË∑ØÂæÑ 'server/util/common'ÔºöÊ£ÄÂá∫ '76e71ea0612f4f8e795d705d2acd4dfea2b53ccc'
+ git submodule update --remote
Â≠êÊ®°ÁªÑË∑ØÂæÑ 'daemons'ÔºöÊ£ÄÂá∫ '94fe5c0de40eb929af4baa59aa657e4fef45f827'
Â≠êÊ®°ÁªÑË∑ØÂæÑ 'modules/depth'ÔºöÊ£ÄÂá∫ 'f0d24d5eef8bb6b50b1806158d02c4aacc46f7b7'
Â≠êÊ®°ÁªÑË∑ØÂæÑ 'modules/detector'ÔºöÊ£ÄÂá∫ '8a4d29a2cdb672b3ba6d83e25efcad25ec7e9c86'
Â≠êÊ®°ÁªÑË∑ØÂæÑ 'modules/marker'ÔºöÊ£ÄÂá∫ '4ff3d7c01caceeed78a19da47a6bc1d2b7aa479e'
Â≠êÊ®°ÁªÑË∑ØÂæÑ 'modules/navigation'ÔºöÊ£ÄÂá∫ 'd555139293e950b7f8078115fb517abb2b856c30'
Â≠êÊ®°ÁªÑË∑ØÂæÑ 'modules/selfcalibr'ÔºöÊ£ÄÂá∫ '4c484d35b68b4e95677308fc0a74c0fce73ea618'
warning: ÈáçÂÆöÂêëÂà∞ http://192.168.50.191:85/AroundI18RProject/i18rsensorssubmodule.git/
Â≠êÊ®°ÁªÑË∑ØÂæÑ 'modules/sensor'ÔºöÊ£ÄÂá∫ '306f109aa4e44d398fd086a306ceba60bc4f4a8b'
Â≠êÊ®°ÁªÑË∑ØÂæÑ 'modules/slam'ÔºöÊ£ÄÂá∫ '6bc8318376e2ac3f63067cb5f82e68228e7cd7d6'
Â≠êÊ®°ÁªÑË∑ØÂæÑ 'modules/types'ÔºöÊ£ÄÂá∫ 'b7258f337cf8f48fa2678c90f573f98ab6f67dc6'
Â≠êÊ®°ÁªÑË∑ØÂæÑ 'server/util/common'ÔºöÊ£ÄÂá∫ '7a5834a3025082e14da2d02f337076f2f30d18d6'
+ submodule_version_check
+ [[ ! -z '' ]]
+ [[ ! -z '' ]]
+ i18rproject_conf_update
+ Modules_List=(selfcalibr depth sensor marker detector navigation slam type sdk)
+ local Modules_List
+ for i in "${Modules_List[@]}"
++ ls /root/system/i18rconfig/stage2/selfcalibr
ls: Êó†Ê≥ïËÆøÈóÆ'/root/system/i18rconfig/stage2/selfcalibr': Ê≤°ÊúâÈÇ£‰∏™Êñá‰ª∂ÊàñÁõÆÂΩï
+ local Files_List=
+ '[' -z '' ']'
+ for i in "${Modules_List[@]}"
++ ls /root/system/i18rconfig/stage2/depth
+ local Files_List=config
+ '[' -z config ']'
+ [[ navigation =~ depth ]]
+ [[ depth =~ slam ]]
+ [[ depth =~ depth ]]
+ cp -ar /root/system/i18rconfig/stage2/depth/. modules/depth/arm64/
+ for i in "${Modules_List[@]}"
++ ls /root/system/i18rconfig/stage2/sensor
ls: Êó†Ê≥ïËÆøÈóÆ'/root/system/i18rconfig/stage2/sensor': Ê≤°ÊúâÈÇ£‰∏™Êñá‰ª∂ÊàñÁõÆÂΩï
+ local Files_List=
+ '[' -z '' ']'
+ for i in "${Modules_List[@]}"
++ ls /root/system/i18rconfig/stage2/marker
ls: Êó†Ê≥ïËÆøÈóÆ'/root/system/i18rconfig/stage2/marker': Ê≤°ÊúâÈÇ£‰∏™Êñá‰ª∂ÊàñÁõÆÂΩï
+ local Files_List=
+ '[' -z '' ']'
+ for i in "${Modules_List[@]}"
++ ls /root/system/i18rconfig/stage2/detector
+ local Files_List=config
+ '[' -z config ']'
+ [[ navigation =~ detector ]]
+ [[ detector =~ slam ]]
+ [[ detector =~ depth ]]
+ [[ detector =~ sdk ]]
+ cp -ar /root/system/i18rconfig/stage2/detector/. modules/detector/
+ for i in "${Modules_List[@]}"
++ ls /root/system/i18rconfig/stage2/navigation
+ local 'Files_List=base_global_planner_params.yaml
base_local_planner_params.yaml
costmap_common_params_wsbot.yaml
dwa_local_planner_params_wsbot.yaml
global_costmap_params.yaml
local_costmap_params.yaml
move_base_params.yaml
nav_config.yaml
teb_local_planner_params_imbot.yaml'
+ '[' -z 'base_global_planner_params.yaml
base_local_planner_params.yaml
costmap_common_params_wsbot.yaml
dwa_local_planner_params_wsbot.yaml
global_costmap_params.yaml
local_costmap_params.yaml
move_base_params.yaml
nav_config.yaml
teb_local_planner_params_imbot.yaml' ']'
+ [[ navigation =~ navigation ]]
+ cp -ar /root/system/i18rconfig/stage2/navigation/. modules/navigation/arm64/share/wsbot_navigation/param/
+ for i in "${Modules_List[@]}"
++ ls /root/system/i18rconfig/stage2/slam
ls: Êó†Ê≥ïËÆøÈóÆ'/root/system/i18rconfig/stage2/slam': Ê≤°ÊúâÈÇ£‰∏™Êñá‰ª∂ÊàñÁõÆÂΩï
+ local Files_List=
+ '[' -z '' ']'
+ for i in "${Modules_List[@]}"
++ ls /root/system/i18rconfig/stage2/type
ls: Êó†Ê≥ïËÆøÈóÆ'/root/system/i18rconfig/stage2/type': Ê≤°ÊúâÈÇ£‰∏™Êñá‰ª∂ÊàñÁõÆÂΩï
+ local Files_List=
+ '[' -z '' ']'
+ for i in "${Modules_List[@]}"
++ ls /root/system/i18rconfig/stage2/sdk
+ local Files_List=local_config
+ '[' -z local_config ']'
+ [[ navigation =~ sdk ]]
+ [[ sdk =~ slam ]]
+ [[ sdk =~ depth ]]
+ [[ sdk =~ sdk ]]
+ cp -ar /root/system/i18rconfig/stage2/sdk/. /root/workspace/i18rApplicationDeb/work/root/workspace/
+ release_note
+ [[ test = true ]]
+ '[' '' = true ']'
+ project_info_database
+ cmdb_mysql 'insert into indemindapp(appname,version,swr_version,submodule_version,time,note,indemind_release,sdk_branch,build_url,node_name,build_user,ui_branch,config_branch,sign,min_version) values ('\''I18R'\'','\''29'\'','\''stage2'\'','\'''\'',now(),'\''ÊµãËØï'\'','\''test'\'','\''clean_recorder'\'','\''http://192.168.50.191:8088/job/12_app/231/'\'','\''khadas-car5'\'','\''liyanlong'\'','\''clean_recorder_new'\'','\''clean_recorder'\'','\''false'\'','\'''\'')'
+ set +x
+ mkdir build
+ cd build
+ set +x
+ [[ stage2 =~ ICE_EVT ]]
+ [[ stage2 =~ DVT ]]
+ [[ stage2 =~ PVT ]]
+ [[ stage2 =~ MP ]]
+ cmake -D SERVER_VERSION:STRIONG=29 ..
-- The C compiler identification is GNU 7.5.0
-- The CXX compiler identification is GNU 7.5.0
-- Check for working C compiler: /usr/bin/cc
-- Check for working C compiler: /usr/bin/cc -- works
-- Detecting C compiler ABI info
-- Detecting C compiler ABI info - done
-- Detecting C compile features
-- Detecting C compile features - done
-- Check for working CXX compiler: /usr/bin/c++
-- Check for working CXX compiler: /usr/bin/c++ -- works
-- Detecting CXX compiler ABI info
-- Detecting CXX compiler ABI info - done
-- Detecting CXX compile features
-- Detecting CXX compile features - done
-- PRO_DIR: /root/workspace/SmallWashingRobotSDK
-- HOST_ARCH: armv8
-- PLATFORM=arm64
-- SERVER_VERSION=1.0.0
-- MBUILD_MONITOR=ON
-- MBUILD_RECORDER=ON
-- MBUILD_TEST=ON
-- MBUILD_DEPTH=ON
-- DEPTH_PATH=/root/workspace/SmallWashingRobotSDK/modules/depth
-- MBUILD_DEPTH_SIMULATOR=OFF
-- MBUILD_MCU_COPROCESSOR=ON
-- MBUILD_MCU_COPROCESSOR_SIMULATOR=OFF
-- MBUILD_DETECTOR=ON
-- DETECTOR_PATH: /root/workspace/SmallWashingRobotSDK/modules/detector
-- MBUILD_DETECTOR_SIMULATOR=OFF
-- Boost version: 1.65.1
-- Found the following Boost libraries:
--   system
--   filesystem
-- MBUILD_IMSEE=ON
-- IMSEE_PATH: /root/workspace/SmallWashingRobotSDK/modules/sensor
-- MBUILD_IMSEE_SIMULATOR=OFF
-- MBUILD_CLEANRECORDER=ON
-- CLEANRECORDER_PATH: /root/workspace/SmallWashingRobotSDK/modules/slam/arm64/dirt_detect/
-- MBUILD_SLAM=ON
-- SLAM_PATH: /root/workspace/SmallWashingRobotSDK/modules/slam/arm64
-- MBUILD_NAV=ON
-- NAV_PATH: /root/workspace/SmallWashingRobotSDK/modules/navigation
-- MBUILD_ROS_WRAPPER=OFF
-- MBUILD_TOF=ON
-- MBUILD_TOF_SIMULATOR=OFF
-- MBUILD_LASER=ON
-- MBUILD_LASER_SIMULATOR=OFF
-- MBUILD_CLEANRECORDERSENSOR=ON
-- CLEANRECORDERSENSOR_PATH: /root/workspace/SmallWashingRobotSDK/modules/sensor/arm64
-- MBUILD_SENSOR_SYSTEM=ON
-- MBUILD_SENSOR_SYSTEM_SIMULATOR=OFF
-- MBUILD_EMB_MANAGER=ON
-- MBUILD_EMB_MANAGER_SIMULATOR=OFF
-- MBUILD_HMI_SERVICES=ON
-- MBUILD_HMI_SERVICES_SIMULATOR=OFF
-- MBUILD_CALIBRATION=ON
-- MBUILD_CALIBRATION_SIMULATOR=OFF
-- CABLIR_PATH: /root/workspace/SmallWashingRobotSDK/modules/selfcalibr
-- CABLIR_PATH_INCLUDE: /root/workspace/SmallWashingRobotSDK/modules/selfcalibr/arm64/include
-- MBUILD_HARDWARE_CHECKER=ON
-- MBUILD_SOFTWARE_CHECKER=ON
-- MBUILD_CLOUD=ON
-- CONFIG_BUILD_CLOUD = 1
-- MBUILD_MAP=ON
-- CONFIG_BUILD_MAP = 1
-- MBUILD_WORKLOGS=ON
-- CONFIG_BUILD_WORKLOGS = 1
-- MBUILD_EXCEPTION_HIDING=ON
-- CONFIG_BUILD_EXCEPTION_HIDING = 1
-- MBUILD_MSG_FORWARD=OFF
-- MBUILD_CAN=ON
-- MBUILD_CAN_SIMULATOR=OFF
-- MBUILD_VCU=ON
-- MBUILD_VCU_SIMULATOR=OFF
-- MBUILD_MARKER=ON
-- MARKER_PATH: /root/workspace/SmallWashingRobotSDK/modules/marker
-- Use the imported target: /usr/include/eigen3
-- MBUILD_KBCONTROL=ON
-- KBCONTROL_PATH: /root/workspace/SmallWashingRobotSDK/kbcontrol
-- SERVER_PATH: /root/workspace/SmallWashingRobotSDK/server
-- BUILD_WITH_ROS is ON
-- Using CATKIN_DEVEL_PREFIX: /root/workspace/SmallWashingRobotSDK/build/devel
-- Using CMAKE_PREFIX_PATH: /root/workspace/SmallWashingRobotSDK/modules/navigation/arm64;/opt/ros/melodic
-- This workspace overlays: /root/workspace/SmallWashingRobotSDK/modules/navigation/arm64;/opt/ros/melodic
-- Found PythonInterp: /usr/bin/python2 (found suitable version "2.7.17", minimum required is "2") 
-- Using PYTHON_EXECUTABLE: /usr/bin/python2
-- Using Debian Python package layout
-- Using empy: /usr/bin/empy
-- Using CATKIN_ENABLE_TESTING: ON
-- Call enable_testing()
-- Using CATKIN_TEST_RESULTS_DIR: /root/workspace/SmallWashingRobotSDK/build/test_results
-- Found gtest sources under '/usr/src/googletest': gtests will be built
-- Found gmock sources under '/usr/src/googletest': gmock will be built
-- Found PythonInterp: /usr/bin/python2 (found version "2.7.17") 
-- Looking for pthread.h
-- Looking for pthread.h - found
-- Looking for pthread_create
-- Looking for pthread_create - not found
-- Looking for pthread_create in pthreads
-- Looking for pthread_create in pthreads - not found
-- Looking for pthread_create in pthread
-- Looking for pthread_create in pthread - found
-- Found Threads: TRUE  
-- Using Python nosetests: /usr/bin/nosetests-2.7
-- catkin 0.7.29
-- BUILD_SHARED_LIBS is on
-- Using these message generators: gencpp;geneus;genlisp;gennodejs;genpy
-- Found OpenCV: /usr/local (found version "3.4.3") 
-- Configuring done
CMake Warning at cmake/server/BuildServer.cmake:55 (add_executable):
  Cannot generate a safe runtime search path for target around_18r because
  there is a cycle in the constraint graph:

    dir 0 is [/root/workspace/SmallWashingRobotSDK/modules/depth/arm64/lib]
    dir 1 is [/root/workspace/SmallWashingRobotSDK/modules/sensor/arm64/lib]
    dir 2 is [/root/workspace/SmallWashingRobotSDK/modules/detector/lib/arm]
    dir 3 is [/root/workspace/SmallWashingRobotSDK/modules/slam/arm64/dirt_detect/lib]
    dir 4 is [/root/workspace/SmallWashingRobotSDK/modules/slam/arm64/lib]
    dir 5 is [/root/workspace/SmallWashingRobotSDK/modules/slam/arm64/Thirdparty/DBoW2/lib]
    dir 6 is [/root/workspace/SmallWashingRobotSDK/modules/slam/arm64/Thirdparty/DLib/lib]
    dir 7 is [/root/workspace/SmallWashingRobotSDK/modules/slam/arm64/Thirdparty/gtsam/lib/lib]
    dir 8 is [/root/workspace/SmallWashingRobotSDK/modules/slam/arm64/Thirdparty/Kimera-RPGO/lib/lib]
    dir 9 is [/root/workspace/SmallWashingRobotSDK/modules/slam/arm64/Thirdparty/superpoint/lib]
    dir 10 is [/root/workspace/SmallWashingRobotSDK/modules/navigation/arm64/lib]
      dir 16 must precede it due to runtime library [libbase_local_planner.so]
    dir 11 is [/opt/ros/melodic/lib]
      dir 10 must precede it due to runtime library [libcostmap_2d.so]
      dir 16 must precede it due to runtime library [libcostmap_2d.so]
    dir 12 is [/root/workspace/SmallWashingRobotSDK/modules/sensor/arm64/deps]
    dir 13 is [/root/workspace/SmallWashingRobotSDK/modules/selfcalibr/arm64/lib]
    dir 14 is [/root/workspace/SmallWashingRobotSDK/modules/marker/arm64/lib]
    dir 15 is [/root/workspace/SmallWashingRobotSDK/kbcontrol/libs/arm64]
    dir 16 is [/root/workspace/workspace/clean_recorder-ros/i18r_robot/install/lib]
      dir 10 must precede it due to runtime library [libpath_planning.so.1.10.3_3]
    dir 17 is [/usr/local/lib]

  Some of these libraries may not be found correctly.
Call Stack (most recent call first):
  CMakeLists.txt:33 (include)


-- Generating done
-- Build files have been written to: /root/workspace/SmallWashingRobotSDK/build
+ make -j4
Scanning dependencies of target around_18r
[  1%] Building CXX object CMakeFiles/around_18r.dir/server/nodes/monitor/hd_resource/HardwareResourceMonitor.cpp.o
[  1%] Building CXX object CMakeFiles/around_18r.dir/server/nodes/monitor/MonitorNode.cpp.o
[  2%] Building CXX object CMakeFiles/around_18r.dir/server/nodes/monitor/data/DataMonitor.cpp.o
[  3%] Building CXX object CMakeFiles/around_18r.dir/server/nodes/monitor/error_report/ErrorReportMonitor.cpp.o
[  4%] Building CXX object CMakeFiles/around_18r.dir/server/nodes/recorder/RecorderNode.cpp.o
[  4%] Building CXX object CMakeFiles/around_18r.dir/server/nodes/recorder/recorder/Recorder.cpp.o
[  5%] Building CXX object CMakeFiles/around_18r.dir/server/nodes/recorder/player/Player.cpp.o
[  6%] Building CXX object CMakeFiles/around_18r.dir/server/nodes/test/Test.cpp.o
[  7%] Building CXX object CMakeFiles/around_18r.dir/server/nodes/test/cases/CaseFactory.cpp.o
[  8%] Building CXX object CMakeFiles/around_18r.dir/server/nodes/depth/DepthProxy.cpp.o
In file included from /root/workspace/SmallWashingRobotSDK/server/nodes/recorder/RecorderNode.h:9:0,
                 from /root/workspace/SmallWashingRobotSDK/server/nodes/recorder/RecorderNode.cpp:8:
/root/workspace/SmallWashingRobotSDK/server/nodes/recorder/player/Player2.h: In instantiation of ‚Äòswr::recorder::Player2<_DataType>::Player2(std::__cxx11::string, std::function<void(const _DataType&, long unsigned int, int)>) [with _DataType = swr::dl::DoubleImagesFeatureInfo; std::__cxx11::string = std::__cxx11::basic_string<char>]‚Äô:
/root/workspace/SmallWashingRobotSDK/server/nodes/recorder/RecorderNode.cpp:934:14:   required from here
/root/workspace/SmallWashingRobotSDK/server/nodes/recorder/player/Player2.h:36:23: warning: ‚Äòswr::recorder::Player2<swr::dl::DoubleImagesFeatureInfo>::seria‚Äô will be initialized after [-Wreorder]
             Serialize seria;
                       ^~~~~
/root/workspace/SmallWashingRobotSDK/server/nodes/recorder/player/Player2.h:35:25: warning:   ‚Äòstd::__cxx11::string swr::recorder::Player2<swr::dl::DoubleImagesFeatureInfo>::seriaFile‚Äô [-Wreorder]
             std::string seriaFile;
                         ^~~~~~~~~
/root/workspace/SmallWashingRobotSDK/server/nodes/recorder/player/Player2.h:11:13: warning:   when initialized here [-Wreorder]
             Player2(std::string filename, std::function<void(const _DataType&, uint64_t, int)> func)
             ^~~~~~~
/root/workspace/SmallWashingRobotSDK/server/nodes/depth/DepthProxy.cpp: In member function ‚Äòbool swr::node::DepthProxy::OnInitParam(bool&)‚Äô:
/root/workspace/SmallWashingRobotSDK/server/nodes/depth/DepthProxy.cpp:178:24: warning: unused variable ‚ÄòenableCamera‚Äô [-Wunused-variable]
                 auto &&enableCamera = true;
                        ^~~~~~~~~~~~
[  8%] Building CXX object CMakeFiles/around_18r.dir/server/nodes/mcu_coprocessor/McuCoprocessorNode.cpp.o
/root/workspace/SmallWashingRobotSDK/server/nodes/recorder/player/Player2.h: In instantiation of ‚Äòvoid swr::recorder::Player2<_DataType>::Run() [with _DataType = swr::dl::DoubleImagesFeatureInfo]‚Äô:
/root/workspace/SmallWashingRobotSDK/server/nodes/recorder/RecorderNode.cpp:941:1:   required from here
/root/workspace/SmallWashingRobotSDK/server/nodes/recorder/player/Player2.h:18:24: warning: unused variable ‚Äòprev‚Äô [-Wunused-variable]
                 time_t prev = 0;
                        ^~~~
/root/workspace/SmallWashingRobotSDK/server/nodes/recorder/RecorderNode.cpp: In member function ‚Äòbool swr::node::RecorderNode::InitDelay()‚Äô:
/root/workspace/SmallWashingRobotSDK/server/nodes/recorder/RecorderNode.cpp:137:15: warning: ignoring return value of ‚Äòint system(const char*)‚Äô, declared with attribute warn_unused_result [-Wunused-result]
         system(cmd.c_str());
         ~~~~~~^~~~~~~~~~~~~
[  9%] Building CXX object CMakeFiles/around_18r.dir/server/nodes/detector/DetectorProxy.cpp.o
[ 10%] Building CXX object CMakeFiles/around_18r.dir/server/nodes/imsee/ImseeProxy.cpp.o
[ 12%] Building CXX object CMakeFiles/around_18r.dir/server/util/model_param/ModelParam.cpp.o
[ 13%] Building CXX object CMakeFiles/around_18r.dir/server/nodes/slam/SlamDirtyDetectProxy.cpp.o
[ 13%] Building CXX object CMakeFiles/around_18r.dir/server/nodes/slam/SlamProxy.cpp.o
[ 14%] Building CXX object CMakeFiles/around_18r.dir/server/nodes/navigation/NavProxy.cpp.o
[ 15%] Building CXX object CMakeFiles/around_18r.dir/server/nodes/navigation/NavSyncCloudConfig.cpp.o
In file included from /usr/include/aarch64-linux-gnu/c++/7/bits/c++allocator.h:33:0,
                 from /usr/include/c++/7/bits/allocator.h:46,
                 from /usr/include/c++/7/string:41,
                 from /usr/include/c++/7/stdexcept:39,
                 from /usr/include/c++/7/array:39,
                 from /usr/include/c++/7/tuple:39,
                 from /usr/include/c++/7/mutex:38,
                 from /root/workspace/SmallWashingRobotSDK/server/core/DataCenter.h:4,
                 from /root/workspace/SmallWashingRobotSDK/server/nodes/navigation/NavProxy.h:3,
                 from /root/workspace/SmallWashingRobotSDK/server/nodes/navigation/NavProxy.cpp:1:
/usr/include/c++/7/ext/new_allocator.h: In instantiation of ‚Äòclass __gnu_cxx::new_allocator<const std::shared_ptr<swr::slam_types::SlamResult> >‚Äô:
/usr/include/c++/7/bits/allocator.h:108:11:   required from ‚Äòclass std::allocator<const std::shared_ptr<swr::slam_types::SlamResult> >‚Äô
/usr/include/c++/7/bits/stl_vector.h:81:14:   required from ‚Äòstruct std::_Vector_base<const std::shared_ptr<swr::slam_types::SlamResult>, std::allocator<const std::shared_ptr<swr::slam_types::SlamResult> > >::_Vector_impl‚Äô
/usr/include/c++/7/bits/stl_vector.h:166:20:   required from ‚Äòstruct std::_Vector_base<const std::shared_ptr<swr::slam_types::SlamResult>, std::allocator<const std::shared_ptr<swr::slam_types::SlamResult> > >‚Äô
/usr/include/c++/7/bits/stl_vector.h:216:11:   required from ‚Äòclass std::vector<const std::shared_ptr<swr::slam_types::SlamResult> >‚Äô
/root/workspace/SmallWashingRobotSDK/server/nodes/navigation/NavProxy.cpp:134:85:   required from here
/usr/include/c++/7/ext/new_allocator.h:93:7: error: ‚Äòconst _Tp* __gnu_cxx::new_allocator<_Tp>::address(__gnu_cxx::new_allocator<_Tp>::const_reference) const [with _Tp = const std::shared_ptr<swr::slam_types::SlamResult>; __gnu_cxx::new_allocator<_Tp>::const_pointer = const std::shared_ptr<swr::slam_types::SlamResult>*; __gnu_cxx::new_allocator<_Tp>::const_reference = const std::shared_ptr<swr::slam_types::SlamResult>&]‚Äô cannot be overloaded
       address(const_reference __x) const _GLIBCXX_NOEXCEPT
       ^~~~~~~
/usr/include/c++/7/ext/new_allocator.h:89:7: error: with ‚Äò_Tp* __gnu_cxx::new_allocator<_Tp>::address(__gnu_cxx::new_allocator<_Tp>::reference) const [with _Tp = const std::shared_ptr<swr::slam_types::SlamResult>; __gnu_cxx::new_allocator<_Tp>::pointer = const std::shared_ptr<swr::slam_types::SlamResult>*; __gnu_cxx::new_allocator<_Tp>::reference = const std::shared_ptr<swr::slam_types::SlamResult>&]‚Äô
       address(reference __x) const _GLIBCXX_NOEXCEPT
       ^~~~~~~
/root/workspace/SmallWashingRobotSDK/server/nodes/navigation/NavProxy.cpp: In member function ‚Äòvirtual bool swr::node::NavProxy::Init()‚Äô:
/root/workspace/SmallWashingRobotSDK/server/nodes/navigation/NavProxy.cpp:133:42: error: no match for ‚Äòoperator<<‚Äô (operand types are ‚Äòswr::Topic<std::vector<const std::shared_ptr<swr::slam_types::SlamResult> >&>‚Äô and ‚Äòstd::_Bind_helper<false, void (swr::node::NavProxy::*)(const std::vector<std::shared_ptr<swr::slam_types::SlamResult> >&), swr::node::NavProxy*, const std::_Placeholder<1>&>::type {aka std::_Bind<void (swr::node::NavProxy::*(swr::node::NavProxy*, std::_Placeholder<1>))(const std::vector<std::shared_ptr<swr::slam_types::SlamResult> >&)>}‚Äô)
             handles += dc->topicLoopPose << std::bind(&NavProxy::OnLoopPose,
                        ~~~~~~~~~~~~~~~~~~^~~~~~~~~~~~~~~~~~~~~~~~~~~~~~~~~~~
                                                          this, std::placeholders::_1);
                                                          ~~~~~~~~~~~~~~~~~~~~~~~~~~~~
In file included from /root/workspace/SmallWashingRobotSDK/server/core/DataCenter.h:10:0,
                 from /root/workspace/SmallWashingRobotSDK/server/nodes/navigation/NavProxy.h:3,
                 from /root/workspace/SmallWashingRobotSDK/server/nodes/navigation/NavProxy.cpp:1:
/root/workspace/SmallWashingRobotSDK/server/core/Topic.h:86:17: note: candidate: void swr::Topic<T>::operator<<(T) [with T = std::vector<const std::shared_ptr<swr::slam_types::SlamResult> >&]
     inline void operator<<(T msg)
                 ^~~~~~~~
/root/workspace/SmallWashingRobotSDK/server/core/Topic.h:86:17: note:   no known conversion for argument 1 from ‚Äòstd::_Bind_helper<false, void (swr::node::NavProxy::*)(const std::vector<std::shared_ptr<swr::slam_types::SlamResult> >&), swr::node::NavProxy*, const std::_Placeholder<1>&>::type {aka std::_Bind<void (swr::node::NavProxy::*(swr::node::NavProxy*, std::_Placeholder<1>))(const std::vector<std::shared_ptr<swr::slam_types::SlamResult> >&)>}‚Äô to ‚Äòstd::vector<const std::shared_ptr<swr::slam_types::SlamResult> >&‚Äô
/root/workspace/SmallWashingRobotSDK/server/core/Topic.h:91:19: note: candidate: swr::Handle swr::Topic<T>::operator<<(std::function<void(T)>) [with T = std::vector<const std::shared_ptr<swr::slam_types::SlamResult> >&]
     inline Handle operator<<(std::function<void(T)> f)
                   ^~~~~~~~
/root/workspace/SmallWashingRobotSDK/server/core/Topic.h:91:19: note:   no known conversion for argument 1 from ‚Äòstd::_Bind_helper<false, void (swr::node::NavProxy::*)(const std::vector<std::shared_ptr<swr::slam_types::SlamResult> >&), swr::node::NavProxy*, const std::_Placeholder<1>&>::type {aka std::_Bind<void (swr::node::NavProxy::*(swr::node::NavProxy*, std::_Placeholder<1>))(const std::vector<std::shared_ptr<swr::slam_types::SlamResult> >&)>}‚Äô to ‚Äòstd::function<void(std::vector<const std::shared_ptr<swr::slam_types::SlamResult> >&)>‚Äô
In file included from /root/workspace/SmallWashingRobotSDK/server/util/log/slog.h:11:0,
                 from /root/workspace/SmallWashingRobotSDK/server/core/Topic.h:10,
                 from /root/workspace/SmallWashingRobotSDK/server/core/DataCenter.h:10,
                 from /root/workspace/SmallWashingRobotSDK/server/nodes/navigation/NavProxy.h:3,
                 from /root/workspace/SmallWashingRobotSDK/server/nodes/navigation/NavProxy.cpp:1:
/usr/include/glog/logging.h:627:22: note: candidate: std::ostream& operator<<(std::ostream&, const google::DummyClassToDefineOperator&)
 inline std::ostream& operator<<(
                      ^~~~~~~~
/usr/include/glog/logging.h:627:22: note:   no known conversion for argument 1 from ‚Äòswr::Topic<std::vector<const std::shared_ptr<swr::slam_types::SlamResult> >&>‚Äô to ‚Äòstd::ostream& {aka std::basic_ostream<char>&}‚Äô
In file included from /usr/local/include/opencv2/flann/lsh_table.h:40:0,
                 from /usr/local/include/opencv2/flann/lsh_index.h:49,
                 from /usr/local/include/opencv2/flann/all_indices.h:42,
                 from /usr/local/include/opencv2/flann/flann_base.hpp:43,
                 from /usr/local/include/opencv2/flann.hpp:48,
                 from /usr/local/include/opencv2/opencv.hpp:65,
                 from /root/workspace/SmallWashingRobotSDK/modules/types/sensor/DuskCheck.hpp:4,
                 from /root/workspace/SmallWashingRobotSDK/modules/types/base_types.h:10,
                 from /root/workspace/SmallWashingRobotSDK/modules/types/swr_types.h:3,
                 from /root/workspace/SmallWashingRobotSDK/server/core/DataCenter.h:11,
                 from /root/workspace/SmallWashingRobotSDK/server/nodes/navigation/NavProxy.h:3,
                 from /root/workspace/SmallWashingRobotSDK/server/nodes/navigation/NavProxy.cpp:1:
/usr/include/c++/7/iomanip:363:5: note: candidate: template<class _CharT, class _Traits> std::basic_ostream<_CharT, _Traits>& std::operator<<(std::basic_ostream<_CharT, _Traits>&, std::_Put_time<_CharT>)
     operator<<(basic_ostream<_CharT, _Traits>& __os, _Put_time<_CharT> __f)
     ^~~~~~~~
/usr/include/c++/7/iomanip:363:5: note:   template argument deduction/substitution failed:
/root/workspace/SmallWashingRobotSDK/server/nodes/navigation/NavProxy.cpp:134:85: note:   ‚Äòswr::Topic<std::vector<const std::shared_ptr<swr::slam_types::SlamResult> >&>‚Äô is not derived from ‚Äòstd::basic_ostream<_CharT, _Traits>‚Äô
                                                          this, std::placeholders::_1);
                                                                                     ^
In file included from /usr/local/include/opencv2/flann/lsh_table.h:40:0,
                 from /usr/local/include/opencv2/flann/lsh_index.h:49,
                 from /usr/local/include/opencv2/flann/all_indices.h:42,
                 from /usr/local/include/opencv2/flann/flann_base.hpp:43,
                 from /usr/local/include/opencv2/flann.hpp:48,
                 from /usr/local/include/opencv2/opencv.hpp:65,
                 from /root/workspace/SmallWashingRobotSDK/modules/types/sensor/DuskCheck.hpp:4,
                 from /root/workspace/SmallWashingRobotSDK/modules/types/base_types.h:10,
                 from /root/workspace/SmallWashingRobotSDK/modules/types/swr_types.h:3,
                 from /root/workspace/SmallWashingRobotSDK/server/core/DataCenter.h:11,
                 from /root/workspace/SmallWashingRobotSDK/server/nodes/navigation/NavProxy.h:3,
                 from /root/workspace/SmallWashingRobotSDK/server/nodes/navigation/NavProxy.cpp:1:
/usr/include/c++/7/iomanip:311:5: note: candidate: template<class _CharT, class _Traits, class _MoneyT> std::basic_ostream<_CharT, _Traits>& std::operator<<(std::basic_ostream<_CharT, _Traits>&, std::_Put_money<_MoneyT>)
     operator<<(basic_ostream<_CharT, _Traits>& __os, _Put_money<_MoneyT> __f)
     ^~~~~~~~
/usr/include/c++/7/iomanip:311:5: note:   template argument deduction/substitution failed:
/root/workspace/SmallWashingRobotSDK/server/nodes/navigation/NavProxy.cpp:134:85: note:   ‚Äòswr::Topic<std::vector<const std::shared_ptr<swr::slam_types::SlamResult> >&>‚Äô is not derived from ‚Äòstd::basic_ostream<_CharT, _Traits>‚Äô
                                                          this, std::placeholders::_1);
                                                                                     ^
In file included from /usr/local/include/opencv2/flann/lsh_table.h:40:0,
                 from /usr/local/include/opencv2/flann/lsh_index.h:49,
                 from /usr/local/include/opencv2/flann/all_indices.h:42,
                 from /usr/local/include/opencv2/flann/flann_base.hpp:43,
                 from /usr/local/include/opencv2/flann.hpp:48,
                 from /usr/local/include/opencv2/opencv.hpp:65,
                 from /root/workspace/SmallWashingRobotSDK/modules/types/sensor/DuskCheck.hpp:4,
                 from /root/workspace/SmallWashingRobotSDK/modules/types/base_types.h:10,
                 from /root/workspace/SmallWashingRobotSDK/modules/types/swr_types.h:3,
                 from /root/workspace/SmallWashingRobotSDK/server/core/DataCenter.h:11,
                 from /root/workspace/SmallWashingRobotSDK/server/nodes/navigation/NavProxy.h:3,
                 from /root/workspace/SmallWashingRobotSDK/server/nodes/navigation/NavProxy.cpp:1:
/usr/include/c++/7/iomanip:238:5: note: candidate: template<class _CharT, class _Traits> std::basic_ostream<_CharT, _Traits>& std::operator<<(std::basic_ostream<_CharT, _Traits>&, std::_Setw)
     operator<<(basic_ostream<_CharT, _Traits>& __os, _Setw __f)
     ^~~~~~~~
/usr/include/c++/7/iomanip:238:5: note:   template argument deduction/substitution failed:
/root/workspace/SmallWashingRobotSDK/server/nodes/navigation/NavProxy.cpp:134:85: note:   ‚Äòswr::Topic<std::vector<const std::shared_ptr<swr::slam_types::SlamResult> >&>‚Äô is not derived from ‚Äòstd::basic_ostream<_CharT, _Traits>‚Äô
                                                          this, std::placeholders::_1);
                                                                                     ^
In file included from /usr/local/include/opencv2/flann/lsh_table.h:40:0,
                 from /usr/local/include/opencv2/flann/lsh_index.h:49,
                 from /usr/local/include/opencv2/flann/all_indices.h:42,
                 from /usr/local/include/opencv2/flann/flann_base.hpp:43,
                 from /usr/local/include/opencv2/flann.hpp:48,
                 from /usr/local/include/opencv2/opencv.hpp:65,
                 from /root/workspace/SmallWashingRobotSDK/modules/types/sensor/DuskCheck.hpp:4,
                 from /root/workspace/SmallWashingRobotSDK/modules/types/base_types.h:10,
                 from /root/workspace/SmallWashingRobotSDK/modules/types/swr_types.h:3,
                 from /root/workspace/SmallWashingRobotSDK/server/core/DataCenter.h:11,
                 from /root/workspace/SmallWashingRobotSDK/server/nodes/navigation/NavProxy.h:3,
                 from /root/workspace/SmallWashingRobotSDK/server/nodes/navigation/NavProxy.cpp:1:
/usr/include/c++/7/iomanip:208:5: note: candidate: template<class _CharT, class _Traits> std::basic_ostream<_CharT, _Traits>& std::operator<<(std::basic_ostream<_CharT, _Traits>&, std::_Setprecision)
     operator<<(basic_ostream<_CharT, _Traits>& __os, _Setprecision __f)
     ^~~~~~~~
/usr/include/c++/7/iomanip:208:5: note:   template argument deduction/substitution failed:
/root/workspace/SmallWashingRobotSDK/server/nodes/navigation/NavProxy.cpp:134:85: note:   ‚Äòswr::Topic<std::vector<const std::shared_ptr<swr::slam_types::SlamResult> >&>‚Äô is not derived from ‚Äòstd::basic_ostream<_CharT, _Traits>‚Äô
                                                          this, std::placeholders::_1);
                                                                                     ^
In file included from /usr/local/include/opencv2/flann/lsh_table.h:40:0,
                 from /usr/local/include/opencv2/flann/lsh_index.h:49,
                 from /usr/local/include/opencv2/flann/all_indices.h:42,
                 from /usr/local/include/opencv2/flann/flann_base.hpp:43,
                 from /usr/local/include/opencv2/flann.hpp:48,
                 from /usr/local/include/opencv2/opencv.hpp:65,
                 from /root/workspace/SmallWashingRobotSDK/modules/types/sensor/DuskCheck.hpp:4,
                 from /root/workspace/SmallWashingRobotSDK/modules/types/base_types.h:10,
                 from /root/workspace/SmallWashingRobotSDK/modules/types/swr_types.h:3,
                 from /root/workspace/SmallWashingRobotSDK/server/core/DataCenter.h:11,
                 from /root/workspace/SmallWashingRobotSDK/server/nodes/navigation/NavProxy.h:3,
                 from /root/workspace/SmallWashingRobotSDK/server/nodes/navigation/NavProxy.cpp:1:
/usr/include/c++/7/iomanip:178:5: note: candidate: template<class _CharT, class _Traits> std::basic_ostream<_CharT, _Traits>& std::operator<<(std::basic_ostream<_CharT, _Traits>&, std::_Setfill<_CharT>)
     operator<<(basic_ostream<_CharT, _Traits>& __os, _Setfill<_CharT> __f)
     ^~~~~~~~
/usr/include/c++/7/iomanip:178:5: note:   template argument deduction/substitution failed:
/root/workspace/SmallWashingRobotSDK/server/nodes/navigation/NavProxy.cpp:134:85: note:   ‚Äòswr::Topic<std::vector<const std::shared_ptr<swr::slam_types::SlamResult> >&>‚Äô is not derived from ‚Äòstd::basic_ostream<_CharT, _Traits>‚Äô
                                                          this, std::placeholders::_1);
                                                                                     ^
In file included from /usr/local/include/opencv2/flann/lsh_table.h:40:0,
                 from /usr/local/include/opencv2/flann/lsh_index.h:49,
                 from /usr/local/include/opencv2/flann/all_indices.h:42,
                 from /usr/local/include/opencv2/flann/flann_base.hpp:43,
                 from /usr/local/include/opencv2/flann.hpp:48,
                 from /usr/local/include/opencv2/opencv.hpp:65,
                 from /root/workspace/SmallWashingRobotSDK/modules/types/sensor/DuskCheck.hpp:4,
                 from /root/workspace/SmallWashingRobotSDK/modules/types/base_types.h:10,
                 from /root/workspace/SmallWashingRobotSDK/modules/types/swr_types.h:3,
                 from /root/workspace/SmallWashingRobotSDK/server/core/DataCenter.h:11,
                 from /root/workspace/SmallWashingRobotSDK/server/nodes/navigation/NavProxy.h:3,
                 from /root/workspace/SmallWashingRobotSDK/server/nodes/navigation/NavProxy.cpp:1:
/usr/include/c++/7/iomanip:143:5: note: candidate: template<class _CharT, class _Traits> std::basic_ostream<_CharT, _Traits>& std::operator<<(std::basic_ostream<_CharT, _Traits>&, std::_Setbase)
     operator<<(basic_ostream<_CharT, _Traits>& __os, _Setbase __f)
     ^~~~~~~~
/usr/include/c++/7/iomanip:143:5: note:   template argument deduction/substitution failed:
/root/workspace/SmallWashingRobotSDK/server/nodes/navigation/NavProxy.cpp:134:85: note:   ‚Äòswr::Topic<std::vector<const std::shared_ptr<swr::slam_types::SlamResult> >&>‚Äô is not derived from ‚Äòstd::basic_ostream<_CharT, _Traits>‚Äô
                                                          this, std::placeholders::_1);
                                                                                     ^
In file included from /usr/local/include/opencv2/flann/lsh_table.h:40:0,
                 from /usr/local/include/opencv2/flann/lsh_index.h:49,
                 from /usr/local/include/opencv2/flann/all_indices.h:42,
                 from /usr/local/include/opencv2/flann/flann_base.hpp:43,
                 from /usr/local/include/opencv2/flann.hpp:48,
                 from /usr/local/include/opencv2/opencv.hpp:65,
                 from /root/workspace/SmallWashingRobotSDK/modules/types/sensor/DuskCheck.hpp:4,
                 from /root/workspace/SmallWashingRobotSDK/modules/types/base_types.h:10,
                 from /root/workspace/SmallWashingRobotSDK/modules/types/swr_types.h:3,
                 from /root/workspace/SmallWashingRobotSDK/server/core/DataCenter.h:11,
                 from /root/workspace/SmallWashingRobotSDK/server/nodes/navigation/NavProxy.h:3,
                 from /root/workspace/SmallWashingRobotSDK/server/nodes/navigation/NavProxy.cpp:1:
/usr/include/c++/7/iomanip:109:5: note: candidate: template<class _CharT, class _Traits> std::basic_ostream<_CharT, _Traits>& std::operator<<(std::basic_ostream<_CharT, _Traits>&, std::_Setiosflags)
     operator<<(basic_ostream<_CharT, _Traits>& __os, _Setiosflags __f)
     ^~~~~~~~
/usr/include/c++/7/iomanip:109:5: note:   template argument deduction/substitution failed:
/root/workspace/SmallWashingRobotSDK/server/nodes/navigation/NavProxy.cpp:134:85: note:   ‚Äòswr::Topic<std::vector<const std::shared_ptr<swr::slam_types::SlamResult> >&>‚Äô is not derived from ‚Äòstd::basic_ostream<_CharT, _Traits>‚Äô
                                                          this, std::placeholders::_1);
                                                                                     ^
In file included from /usr/local/include/opencv2/flann/lsh_table.h:40:0,
                 from /usr/local/include/opencv2/flann/lsh_index.h:49,
                 from /usr/local/include/opencv2/flann/all_indices.h:42,
                 from /usr/local/include/opencv2/flann/flann_base.hpp:43,
                 from /usr/local/include/opencv2/flann.hpp:48,
                 from /usr/local/include/opencv2/opencv.hpp:65,
                 from /root/workspace/SmallWashingRobotSDK/modules/types/sensor/DuskCheck.hpp:4,
                 from /root/workspace/SmallWashingRobotSDK/modules/types/base_types.h:10,
                 from /root/workspace/SmallWashingRobotSDK/modules/types/swr_types.h:3,
                 from /root/workspace/SmallWashingRobotSDK/server/core/DataCenter.h:11,
                 from /root/workspace/SmallWashingRobotSDK/server/nodes/navigation/NavProxy.h:3,
                 from /root/workspace/SmallWashingRobotSDK/server/nodes/navigation/NavProxy.cpp:1:
/usr/include/c++/7/iomanip:79:5: note: candidate: template<class _CharT, class _Traits> std::basic_ostream<_CharT, _Traits>& std::operator<<(std::basic_ostream<_CharT, _Traits>&, std::_Resetiosflags)
     operator<<(basic_ostream<_CharT, _Traits>& __os, _Resetiosflags __f)
     ^~~~~~~~
/usr/include/c++/7/iomanip:79:5: note:   template argument deduction/substitution failed:
/root/workspace/SmallWashingRobotSDK/server/nodes/navigation/NavProxy.cpp:134:85: note:   ‚Äòswr::Topic<std::vector<const std::shared_ptr<swr::slam_types::SlamResult> >&>‚Äô is not derived from ‚Äòstd::basic_ostream<_CharT, _Traits>‚Äô
                                                          this, std::placeholders::_1);
                                                                                     ^
In file included from /usr/local/include/opencv2/core/cvstd.inl.hpp:47:0,
                 from /usr/local/include/opencv2/core.hpp:3279,
                 from /root/workspace/SmallWashingRobotSDK/modules/types/sensor/DuskCheck.hpp:3,
                 from /root/workspace/SmallWashingRobotSDK/modules/types/base_types.h:10,
                 from /root/workspace/SmallWashingRobotSDK/modules/types/swr_types.h:3,
                 from /root/workspace/SmallWashingRobotSDK/server/core/DataCenter.h:11,
                 from /root/workspace/SmallWashingRobotSDK/server/nodes/navigation/NavProxy.h:3,
                 from /root/workspace/SmallWashingRobotSDK/server/nodes/navigation/NavProxy.cpp:1:
/usr/include/c++/7/complex:528:5: note: candidate: template<class _Tp, class _CharT, class _Traits> std::basic_ostream<_CharT, _Traits>& std::operator<<(std::basic_ostream<_CharT, _Traits>&, const std::complex<_Tp>&)
     operator<<(basic_ostream<_CharT, _Traits>& __os, const complex<_Tp>& __x)
     ^~~~~~~~
/usr/include/c++/7/complex:528:5: note:   template argument deduction/substitution failed:
/root/workspace/SmallWashingRobotSDK/server/nodes/navigation/NavProxy.cpp:134:85: note:   ‚Äòswr::Topic<std::vector<const std::shared_ptr<swr::slam_types::SlamResult> >&>‚Äô is not derived from ‚Äòstd::basic_ostream<_CharT, _Traits>‚Äô
                                                          this, std::placeholders::_1);
                                                                                     ^
In file included from /root/workspace/SmallWashingRobotSDK/server/util/common/Thread.h:8:0,
                 from /root/workspace/SmallWashingRobotSDK/server/core/PublishThreadPool.h:11,
                 from /root/workspace/SmallWashingRobotSDK/server/core/DataCenter.h:7,
                 from /root/workspace/SmallWashingRobotSDK/server/nodes/navigation/NavProxy.h:3,
                 from /root/workspace/SmallWashingRobotSDK/server/nodes/navigation/NavProxy.cpp:1:
/usr/include/c++/7/thread:313:5: note: candidate: template<class _CharT, class _Traits> std::basic_ostream<_CharT, _Traits>& std::operator<<(std::basic_ostream<_CharT, _Traits>&, std::thread::id)
     operator<<(basic_ostream<_CharT, _Traits>& __out, thread::id __id)
     ^~~~~~~~
/usr/include/c++/7/thread:313:5: note:   template argument deduction/substitution failed:
/root/workspace/SmallWashingRobotSDK/server/nodes/navigation/NavProxy.cpp:134:85: note:   ‚Äòswr::Topic<std::vector<const std::shared_ptr<swr::slam_types::SlamResult> >&>‚Äô is not derived from ‚Äòstd::basic_ostream<_CharT, _Traits>‚Äô
                                                          this, std::placeholders::_1);
                                                                                     ^
In file included from /usr/include/c++/7/memory:81:0,
                 from /usr/include/c++/7/thread:39,
                 from /root/workspace/SmallWashingRobotSDK/server/util/common/Thread.h:8,
                 from /root/workspace/SmallWashingRobotSDK/server/core/PublishThreadPool.h:11,
                 from /root/workspace/SmallWashingRobotSDK/server/core/DataCenter.h:7,
                 from /root/workspace/SmallWashingRobotSDK/server/nodes/navigation/NavProxy.h:3,
                 from /root/workspace/SmallWashingRobotSDK/server/nodes/navigation/NavProxy.cpp:1:
/usr/include/c++/7/bits/shared_ptr.h:66:5: note: candidate: template<class _Ch, class _Tr, class _Tp, __gnu_cxx::_Lock_policy _Lp> std::basic_ostream<_CharT, _Traits>& std::operator<<(std::basic_ostream<_CharT, _Traits>&, const std::__shared_ptr<_Tp, _Lp>&)
     operator<<(std::basic_ostream<_Ch, _Tr>& __os,
     ^~~~~~~~
/usr/include/c++/7/bits/shared_ptr.h:66:5: note:   template argument deduction/substitution failed:
/root/workspace/SmallWashingRobotSDK/server/nodes/navigation/NavProxy.cpp:134:85: note:   ‚Äòswr::Topic<std::vector<const std::shared_ptr<swr::slam_types::SlamResult> >&>‚Äô is not derived from ‚Äòstd::basic_ostream<_CharT, _Traits>‚Äô
                                                          this, std::placeholders::_1);
                                                                                     ^
In file included from /usr/include/c++/7/istream:39:0,
                 from /usr/include/c++/7/sstream:38,
                 from /root/workspace/SmallWashingRobotSDK/server/core/Parameters.h:13,
                 from /root/workspace/SmallWashingRobotSDK/server/core/DataCenter.h:6,
                 from /root/workspace/SmallWashingRobotSDK/server/nodes/navigation/NavProxy.h:3,
                 from /root/workspace/SmallWashingRobotSDK/server/nodes/navigation/NavProxy.cpp:1:
/usr/include/c++/7/ostream:682:5: note: candidate: template<class _Ostream, class _Tp> typename std::enable_if<std::__and_<std::__not_<std::is_lvalue_reference<_Tp> >, std::__is_convertible_to_basic_ostream<_Ostream>, std::__is_insertable<typename std::__is_convertible_to_basic_ostream<_Tp>::__ostream_type, const _Tp&, void> >::value, typename std::__is_convertible_to_basic_ostream<_Tp>::__ostream_type>::type std::operator<<(_Ostream&&, const _Tp&)
     operator<<(_Ostream&& __os, const _Tp& __x)
     ^~~~~~~~
/usr/include/c++/7/ostream:682:5: note:   template argument deduction/substitution failed:
/usr/include/c++/7/ostream: In substitution of ‚Äòtemplate<class _Ostream, class _Tp> typename std::enable_if<std::__and_<std::__not_<std::is_lvalue_reference<_Tp> >, std::__is_convertible_to_basic_ostream<_Ostream>, std::__is_insertable<typename std::__is_convertible_to_basic_ostream<_Tp>::__ostream_type, const _Tp&, void> >::value, typename std::__is_convertible_to_basic_ostream<_Tp>::__ostream_type>::type std::operator<<(_Ostream&&, const _Tp&) [with _Ostream = swr::Topic<std::vector<const std::shared_ptr<swr::slam_types::SlamResult> >&>&; _Tp = std::_Bind<void (swr::node::NavProxy::*(swr::node::NavProxy*, std::_Placeholder<1>))(const std::vector<std::shared_ptr<swr::slam_types::SlamResult> >&)>]‚Äô:
/root/workspace/SmallWashingRobotSDK/server/nodes/navigation/NavProxy.cpp:134:85:   required from here
/usr/include/c++/7/ostream:682:5: error: no type named ‚Äòtype‚Äô in ‚Äòstruct std::enable_if<false, void>‚Äô
/usr/include/c++/7/ostream:574:5: note: candidate: template<class _Traits> std::basic_ostream<char, _Traits>& std::operator<<(std::basic_ostream<char, _Traits>&, const unsigned char*)
     operator<<(basic_ostream<char, _Traits>& __out, const unsigned char* __s)
     ^~~~~~~~
/usr/include/c++/7/ostream:574:5: note:   template argument deduction/substitution failed:
/root/workspace/SmallWashingRobotSDK/server/nodes/navigation/NavProxy.cpp:134:85: note:   ‚Äòswr::Topic<std::vector<const std::shared_ptr<swr::slam_types::SlamResult> >&>‚Äô is not derived from ‚Äòstd::basic_ostream<char, _Traits>‚Äô
                                                          this, std::placeholders::_1);
                                                                                     ^
In file included from /usr/include/c++/7/istream:39:0,
                 from /usr/include/c++/7/sstream:38,
                 from /root/workspace/SmallWashingRobotSDK/server/core/Parameters.h:13,
                 from /root/workspace/SmallWashingRobotSDK/server/core/DataCenter.h:6,
                 from /root/workspace/SmallWashingRobotSDK/server/nodes/navigation/NavProxy.h:3,
                 from /root/workspace/SmallWashingRobotSDK/server/nodes/navigation/NavProxy.cpp:1:
/usr/include/c++/7/ostream:569:5: note: candidate: template<class _Traits> std::basic_ostream<char, _Traits>& std::operator<<(std::basic_ostream<char, _Traits>&, const signed char*)
     operator<<(basic_ostream<char, _Traits>& __out, const signed char* __s)
     ^~~~~~~~
/usr/include/c++/7/ostream:569:5: note:   template argument deduction/substitution failed:
/root/workspace/SmallWashingRobotSDK/server/nodes/navigation/NavProxy.cpp:134:85: note:   ‚Äòswr::Topic<std::vector<const std::shared_ptr<swr::slam_types::SlamResult> >&>‚Äô is not derived from ‚Äòstd::basic_ostream<char, _Traits>‚Äô
                                                          this, std::placeholders::_1);
                                                                                     ^
In file included from /usr/include/c++/7/istream:39:0,
                 from /usr/include/c++/7/sstream:38,
                 from /root/workspace/SmallWashingRobotSDK/server/core/Parameters.h:13,
                 from /root/workspace/SmallWashingRobotSDK/server/core/DataCenter.h:6,
                 from /root/workspace/SmallWashingRobotSDK/server/nodes/navigation/NavProxy.h:3,
                 from /root/workspace/SmallWashingRobotSDK/server/nodes/navigation/NavProxy.cpp:1:
/usr/include/c++/7/ostream:556:5: note: candidate: template<class _Traits> std::basic_ostream<char, _Traits>& std::operator<<(std::basic_ostream<char, _Traits>&, const char*)
     operator<<(basic_ostream<char, _Traits>& __out, const char* __s)
     ^~~~~~~~
/usr/include/c++/7/ostream:556:5: note:   template argument deduction/substitution failed:
/root/workspace/SmallWashingRobotSDK/server/nodes/navigation/NavProxy.cpp:134:85: note:   ‚Äòswr::Topic<std::vector<const std::shared_ptr<swr::slam_types::SlamResult> >&>‚Äô is not derived from ‚Äòstd::basic_ostream<char, _Traits>‚Äô
                                                          this, std::placeholders::_1);
                                                                                     ^
In file included from /usr/include/c++/7/ostream:693:0,
                 from /usr/include/c++/7/istream:39,
                 from /usr/include/c++/7/sstream:38,
                 from /root/workspace/SmallWashingRobotSDK/server/core/Parameters.h:13,
                 from /root/workspace/SmallWashingRobotSDK/server/core/DataCenter.h:6,
                 from /root/workspace/SmallWashingRobotSDK/server/nodes/navigation/NavProxy.h:3,
                 from /root/workspace/SmallWashingRobotSDK/server/nodes/navigation/NavProxy.cpp:1:
/usr/include/c++/7/bits/ostream.tcc:321:5: note: candidate: template<class _CharT, class _Traits> std::basic_ostream<_CharT, _Traits>& std::operator<<(std::basic_ostream<_CharT, _Traits>&, const char*)
     operator<<(basic_ostream<_CharT, _Traits>& __out, const char* __s)
     ^~~~~~~~
/usr/include/c++/7/bits/ostream.tcc:321:5: note:   template argument deduction/substitution failed:
/root/workspace/SmallWashingRobotSDK/server/nodes/navigation/NavProxy.cpp:134:85: note:   ‚Äòswr::Topic<std::vector<const std::shared_ptr<swr::slam_types::SlamResult> >&>‚Äô is not derived from ‚Äòstd::basic_ostream<_CharT, _Traits>‚Äô
                                                          this, std::placeholders::_1);
                                                                                     ^
In file included from /usr/include/c++/7/istream:39:0,
                 from /usr/include/c++/7/sstream:38,
                 from /root/workspace/SmallWashingRobotSDK/server/core/Parameters.h:13,
                 from /root/workspace/SmallWashingRobotSDK/server/core/DataCenter.h:6,
                 from /root/workspace/SmallWashingRobotSDK/server/nodes/navigation/NavProxy.h:3,
                 from /root/workspace/SmallWashingRobotSDK/server/nodes/navigation/NavProxy.cpp:1:
/usr/include/c++/7/ostream:539:5: note: candidate: template<class _CharT, class _Traits> std::basic_ostream<_CharT, _Traits>& std::operator<<(std::basic_ostream<_CharT, _Traits>&, const _CharT*)
     operator<<(basic_ostream<_CharT, _Traits>& __out, const _CharT* __s)
     ^~~~~~~~
/usr/include/c++/7/ostream:539:5: note:   template argument deduction/substitution failed:
/root/workspace/SmallWashingRobotSDK/server/nodes/navigation/NavProxy.cpp:134:85: note:   ‚Äòswr::Topic<std::vector<const std::shared_ptr<swr::slam_types::SlamResult> >&>‚Äô is not derived from ‚Äòstd::basic_ostream<_CharT, _Traits>‚Äô
                                                          this, std::placeholders::_1);
                                                                                     ^
In file included from /usr/include/c++/7/istream:39:0,
                 from /usr/include/c++/7/sstream:38,
                 from /root/workspace/SmallWashingRobotSDK/server/core/Parameters.h:13,
                 from /root/workspace/SmallWashingRobotSDK/server/core/DataCenter.h:6,
                 from /root/workspace/SmallWashingRobotSDK/server/nodes/navigation/NavProxy.h:3,
                 from /root/workspace/SmallWashingRobotSDK/server/nodes/navigation/NavProxy.cpp:1:
/usr/include/c++/7/ostream:519:5: note: candidate: template<class _Traits> std::basic_ostream<char, _Traits>& std::operator<<(std::basic_ostream<char, _Traits>&, unsigned char)
     operator<<(basic_ostream<char, _Traits>& __out, unsigned char __c)
     ^~~~~~~~
/usr/include/c++/7/ostream:519:5: note:   template argument deduction/substitution failed:
/root/workspace/SmallWashingRobotSDK/server/nodes/navigation/NavProxy.cpp:134:85: note:   ‚Äòswr::Topic<std::vector<const std::shared_ptr<swr::slam_types::SlamResult> >&>‚Äô is not derived from ‚Äòstd::basic_ostream<char, _Traits>‚Äô
                                                          this, std::placeholders::_1);
                                                                                     ^
In file included from /usr/include/c++/7/istream:39:0,
                 from /usr/include/c++/7/sstream:38,
                 from /root/workspace/SmallWashingRobotSDK/server/core/Parameters.h:13,
                 from /root/workspace/SmallWashingRobotSDK/server/core/DataCenter.h:6,
                 from /root/workspace/SmallWashingRobotSDK/server/nodes/navigation/NavProxy.h:3,
                 from /root/workspace/SmallWashingRobotSDK/server/nodes/navigation/NavProxy.cpp:1:
/usr/include/c++/7/ostream:514:5: note: candidate: template<class _Traits> std::basic_ostream<char, _Traits>& std::operator<<(std::basic_ostream<char, _Traits>&, signed char)
     operator<<(basic_ostream<char, _Traits>& __out, signed char __c)
     ^~~~~~~~
/usr/include/c++/7/ostream:514:5: note:   template argument deduction/substitution failed:
/root/workspace/SmallWashingRobotSDK/server/nodes/navigation/NavProxy.cpp:134:85: note:   ‚Äòswr::Topic<std::vector<const std::shared_ptr<swr::slam_types::SlamResult> >&>‚Äô is not derived from ‚Äòstd::basic_ostream<char, _Traits>‚Äô
                                                          this, std::placeholders::_1);
                                                                                     ^
In file included from /usr/include/c++/7/istream:39:0,
                 from /usr/include/c++/7/sstream:38,
                 from /root/workspace/SmallWashingRobotSDK/server/core/Parameters.h:13,
                 from /root/workspace/SmallWashingRobotSDK/server/core/DataCenter.h:6,
                 from /root/workspace/SmallWashingRobotSDK/server/nodes/navigation/NavProxy.h:3,
                 from /root/workspace/SmallWashingRobotSDK/server/nodes/navigation/NavProxy.cpp:1:
/usr/include/c++/7/ostream:508:5: note: candidate: template<class _Traits> std::basic_ostream<char, _Traits>& std::operator<<(std::basic_ostream<char, _Traits>&, char)
     operator<<(basic_ostream<char, _Traits>& __out, char __c)
     ^~~~~~~~
/usr/include/c++/7/ostream:508:5: note:   template argument deduction/substitution failed:
/root/workspace/SmallWashingRobotSDK/server/nodes/navigation/NavProxy.cpp:134:85: note:   ‚Äòswr::Topic<std::vector<const std::shared_ptr<swr::slam_types::SlamResult> >&>‚Äô is not derived from ‚Äòstd::basic_ostream<char, _Traits>‚Äô
                                                          this, std::placeholders::_1);
                                                                                     ^
In file included from /usr/include/c++/7/istream:39:0,
                 from /usr/include/c++/7/sstream:38,
                 from /root/workspace/SmallWashingRobotSDK/server/core/Parameters.h:13,
                 from /root/workspace/SmallWashingRobotSDK/server/core/DataCenter.h:6,
                 from /root/workspace/SmallWashingRobotSDK/server/nodes/navigation/NavProxy.h:3,
                 from /root/workspace/SmallWashingRobotSDK/server/nodes/navigation/NavProxy.cpp:1:
/usr/include/c++/7/ostream:502:5: note: candidate: template<class _CharT, class _Traits> std::basic_ostream<_CharT, _Traits>& std::operator<<(std::basic_ostream<_CharT, _Traits>&, char)
     operator<<(basic_ostream<_CharT, _Traits>& __out, char __c)
     ^~~~~~~~
/usr/include/c++/7/ostream:502:5: note:   template argument deduction/substitution failed:
/root/workspace/SmallWashingRobotSDK/server/nodes/navigation/NavProxy.cpp:134:85: note:   ‚Äòswr::Topic<std::vector<const std::shared_ptr<swr::slam_types::SlamResult> >&>‚Äô is not derived from ‚Äòstd::basic_ostream<_CharT, _Traits>‚Äô
                                                          this, std::placeholders::_1);
                                                                                     ^
In file included from /usr/include/c++/7/istream:39:0,
                 from /usr/include/c++/7/sstream:38,
                 from /root/workspace/SmallWashingRobotSDK/server/core/Parameters.h:13,
                 from /root/workspace/SmallWashingRobotSDK/server/core/DataCenter.h:6,
                 from /root/workspace/SmallWashingRobotSDK/server/nodes/navigation/NavProxy.h:3,
                 from /root/workspace/SmallWashingRobotSDK/server/nodes/navigation/NavProxy.cpp:1:
/usr/include/c++/7/ostream:497:5: note: candidate: template<class _CharT, class _Traits> std::basic_ostream<_CharT, _Traits>& std::operator<<(std::basic_ostream<_CharT, _Traits>&, _CharT)
     operator<<(basic_ostream<_CharT, _Traits>& __out, _CharT __c)
     ^~~~~~~~
/usr/include/c++/7/ostream:497:5: note:   template argument deduction/substitution failed:
/root/workspace/SmallWashingRobotSDK/server/nodes/navigation/NavProxy.cpp:134:85: note:   ‚Äòswr::Topic<std::vector<const std::shared_ptr<swr::slam_types::SlamResult> >&>‚Äô is not derived from ‚Äòstd::basic_ostream<_CharT, _Traits>‚Äô
                                                          this, std::placeholders::_1);
                                                                                     ^
In file included from /usr/include/c++/7/mutex:42:0,
                 from /root/workspace/SmallWashingRobotSDK/server/core/DataCenter.h:4,
                 from /root/workspace/SmallWashingRobotSDK/server/nodes/navigation/NavProxy.h:3,
                 from /root/workspace/SmallWashingRobotSDK/server/nodes/navigation/NavProxy.cpp:1:
/usr/include/c++/7/system_error:217:5: note: candidate: template<class _CharT, class _Traits> std::basic_ostream<_CharT, _Traits>& std::operator<<(std::basic_ostream<_CharT, _Traits>&, const std::error_code&)
     operator<<(basic_ostream<_CharT, _Traits>& __os, const error_code& __e)
     ^~~~~~~~
/usr/include/c++/7/system_error:217:5: note:   template argument deduction/substitution failed:
/root/workspace/SmallWashingRobotSDK/server/nodes/navigation/NavProxy.cpp:134:85: note:   ‚Äòswr::Topic<std::vector<const std::shared_ptr<swr::slam_types::SlamResult> >&>‚Äô is not derived from ‚Äòstd::basic_ostream<_CharT, _Traits>‚Äô
                                                          this, std::placeholders::_1);
                                                                                     ^
In file included from /usr/include/c++/7/string:52:0,
                 from /usr/include/c++/7/stdexcept:39,
                 from /usr/include/c++/7/array:39,
                 from /usr/include/c++/7/tuple:39,
                 from /usr/include/c++/7/mutex:38,
                 from /root/workspace/SmallWashingRobotSDK/server/core/DataCenter.h:4,
                 from /root/workspace/SmallWashingRobotSDK/server/nodes/navigation/NavProxy.h:3,
                 from /root/workspace/SmallWashingRobotSDK/server/nodes/navigation/NavProxy.cpp:1:
/usr/include/c++/7/bits/basic_string.h:6284:5: note: candidate: template<class _CharT, class _Traits, class _Alloc> std::basic_ostream<_CharT, _Traits>& std::operator<<(std::basic_ostream<_CharT, _Traits>&, const std::__cxx11::basic_string<_CharT, _Traits, _Alloc>&)
     operator<<(basic_ostream<_CharT, _Traits>& __os,
     ^~~~~~~~
/usr/include/c++/7/bits/basic_string.h:6284:5: note:   template argument deduction/substitution failed:
/root/workspace/SmallWashingRobotSDK/server/nodes/navigation/NavProxy.cpp:134:85: note:   ‚Äòswr::Topic<std::vector<const std::shared_ptr<swr::slam_types::SlamResult> >&>‚Äô is not derived from ‚Äòstd::basic_ostream<_CharT, _Traits>‚Äô
                                                          this, std::placeholders::_1);
                                                                                     ^
[ 16%] Building CXX object CMakeFiles/around_18r.dir/server/nodes/tof/SunnyTofProxy.cpp.o
/root/workspace/SmallWashingRobotSDK/server/nodes/navigation/NavSyncCloudConfig.cpp: In member function ‚Äòbool swr::NavSyncCloudConfig::Sync(swr::NavSyncCloudConfig::ConfigData&)‚Äô:
/root/workspace/SmallWashingRobotSDK/server/nodes/navigation/NavSyncCloudConfig.cpp:17:63: warning: typedef ‚Äòusing ECheckConfig = enum swr::cloud_srv::CheckConfigSrv::ConfigEnum‚Äô locally defined but not used [-Wunused-local-typedefs]
     using ECheckConfig = cloud_srv::CheckConfigSrv::ConfigEnum;
                                                               ^
In file included from /usr/include/aarch64-linux-gnu/c++/7/bits/c++allocator.h:33:0,
                 from /usr/include/c++/7/bits/allocator.h:46,
                 from /usr/include/c++/7/string:41,
                 from /usr/include/c++/7/stdexcept:39,
                 from /usr/include/c++/7/array:39,
                 from /usr/include/c++/7/tuple:39,
                 from /usr/include/c++/7/mutex:38,
                 from /root/workspace/SmallWashingRobotSDK/server/core/DataCenter.h:4,
                 from /root/workspace/SmallWashingRobotSDK/server/nodes/slam/SlamProxy.h:3,
                 from /root/workspace/SmallWashingRobotSDK/server/nodes/slam/SlamProxy.cpp:1:
/usr/include/c++/7/ext/new_allocator.h: In instantiation of ‚Äòclass __gnu_cxx::new_allocator<const std::shared_ptr<swr::slam_types::SlamResult> >‚Äô:
/usr/include/c++/7/bits/allocator.h:108:11:   required from ‚Äòclass std::allocator<const std::shared_ptr<swr::slam_types::SlamResult> >‚Äô
/usr/include/c++/7/bits/stl_vector.h:81:14:   required from ‚Äòstruct std::_Vector_base<const std::shared_ptr<swr::slam_types::SlamResult>, std::allocator<const std::shared_ptr<swr::slam_types::SlamResult> > >::_Vector_impl‚Äô
/usr/include/c++/7/bits/stl_vector.h:166:20:   required from ‚Äòstruct std::_Vector_base<const std::shared_ptr<swr::slam_types::SlamResult>, std::allocator<const std::shared_ptr<swr::slam_types::SlamResult> > >‚Äô
/usr/include/c++/7/bits/stl_vector.h:216:11:   required from ‚Äòclass std::vector<const std::shared_ptr<swr::slam_types::SlamResult> >‚Äô
/root/workspace/SmallWashingRobotSDK/server/nodes/slam/SlamProxy.cpp:218:34:   required from here
/usr/include/c++/7/ext/new_allocator.h:93:7: error: ‚Äòconst _Tp* __gnu_cxx::new_allocator<_Tp>::address(__gnu_cxx::new_allocator<_Tp>::const_reference) const [with _Tp = const std::shared_ptr<swr::slam_types::SlamResult>; __gnu_cxx::new_allocator<_Tp>::const_pointer = const std::shared_ptr<swr::slam_types::SlamResult>*; __gnu_cxx::new_allocator<_Tp>::const_reference = const std::shared_ptr<swr::slam_types::SlamResult>&]‚Äô cannot be overloaded
       address(const_reference __x) const _GLIBCXX_NOEXCEPT
       ^~~~~~~
/usr/include/c++/7/ext/new_allocator.h:89:7: error: with ‚Äò_Tp* __gnu_cxx::new_allocator<_Tp>::address(__gnu_cxx::new_allocator<_Tp>::reference) const [with _Tp = const std::shared_ptr<swr::slam_types::SlamResult>; __gnu_cxx::new_allocator<_Tp>::pointer = const std::shared_ptr<swr::slam_types::SlamResult>*; __gnu_cxx::new_allocator<_Tp>::reference = const std::shared_ptr<swr::slam_types::SlamResult>&]‚Äô
       address(reference __x) const _GLIBCXX_NOEXCEPT
       ^~~~~~~
/root/workspace/SmallWashingRobotSDK/server/nodes/slam/SlamProxy.cpp: In member function ‚Äòvoid swr::node::SlamProxy::PublishLoopPose(std::vector<std::shared_ptr<swr::slam_types::SlamResult> >)‚Äô:
/root/workspace/SmallWashingRobotSDK/server/nodes/slam/SlamProxy.cpp:218:31: error: no match for ‚Äòoperator<<‚Äô (operand types are ‚Äòswr::Topic<std::vector<const std::shared_ptr<swr::slam_types::SlamResult> >&>‚Äô and ‚Äòstd::vector<std::shared_ptr<swr::slam_types::SlamResult> >‚Äô)
             dc->topicLoopPose << poselist;
             ~~~~~~~~~~~~~~~~~~^~~~~~~~~~~
In file included from /root/workspace/SmallWashingRobotSDK/server/core/DataCenter.h:10:0,
                 from /root/workspace/SmallWashingRobotSDK/server/nodes/slam/SlamProxy.h:3,
                 from /root/workspace/SmallWashingRobotSDK/server/nodes/slam/SlamProxy.cpp:1:
/root/workspace/SmallWashingRobotSDK/server/core/Topic.h:86:17: note: candidate: void swr::Topic<T>::operator<<(T) [with T = std::vector<const std::shared_ptr<swr::slam_types::SlamResult> >&]
     inline void operator<<(T msg)
                 ^~~~~~~~
/root/workspace/SmallWashingRobotSDK/server/core/Topic.h:86:17: note:   no known conversion for argument 1 from ‚Äòstd::vector<std::shared_ptr<swr::slam_types::SlamResult> >‚Äô to ‚Äòstd::vector<const std::shared_ptr<swr::slam_types::SlamResult> >&‚Äô
/root/workspace/SmallWashingRobotSDK/server/core/Topic.h:91:19: note: candidate: swr::Handle swr::Topic<T>::operator<<(std::function<void(T)>) [with T = std::vector<const std::shared_ptr<swr::slam_types::SlamResult> >&]
     inline Handle operator<<(std::function<void(T)> f)
                   ^~~~~~~~
/root/workspace/SmallWashingRobotSDK/server/core/Topic.h:91:19: note:   no known conversion for argument 1 from ‚Äòstd::vector<std::shared_ptr<swr::slam_types::SlamResult> >‚Äô to ‚Äòstd::function<void(std::vector<const std::shared_ptr<swr::slam_types::SlamResult> >&)>‚Äô
In file included from /root/workspace/SmallWashingRobotSDK/server/util/log/slog.h:11:0,
                 from /root/workspace/SmallWashingRobotSDK/server/core/Topic.h:10,
                 from /root/workspace/SmallWashingRobotSDK/server/core/DataCenter.h:10,
                 from /root/workspace/SmallWashingRobotSDK/server/nodes/slam/SlamProxy.h:3,
                 from /root/workspace/SmallWashingRobotSDK/server/nodes/slam/SlamProxy.cpp:1:
/usr/include/glog/logging.h:627:22: note: candidate: std::ostream& operator<<(std::ostream&, const google::DummyClassToDefineOperator&)
 inline std::ostream& operator<<(
                      ^~~~~~~~
/usr/include/glog/logging.h:627:22: note:   no known conversion for argument 1 from ‚Äòswr::Topic<std::vector<const std::shared_ptr<swr::slam_types::SlamResult> >&>‚Äô to ‚Äòstd::ostream& {aka std::basic_ostream<char>&}‚Äô
In file included from /usr/local/include/opencv2/flann/lsh_table.h:40:0,
                 from /usr/local/include/opencv2/flann/lsh_index.h:49,
                 from /usr/local/include/opencv2/flann/all_indices.h:42,
                 from /usr/local/include/opencv2/flann/flann_base.hpp:43,
                 from /usr/local/include/opencv2/flann.hpp:48,
                 from /usr/local/include/opencv2/opencv.hpp:65,
                 from /root/workspace/SmallWashingRobotSDK/modules/types/sensor/DuskCheck.hpp:4,
                 from /root/workspace/SmallWashingRobotSDK/modules/types/base_types.h:10,
                 from /root/workspace/SmallWashingRobotSDK/modules/types/swr_types.h:3,
                 from /root/workspace/SmallWashingRobotSDK/server/core/DataCenter.h:11,
                 from /root/workspace/SmallWashingRobotSDK/server/nodes/slam/SlamProxy.h:3,
                 from /root/workspace/SmallWashingRobotSDK/server/nodes/slam/SlamProxy.cpp:1:
/usr/include/c++/7/iomanip:363:5: note: candidate: template<class _CharT, class _Traits> std::basic_ostream<_CharT, _Traits>& std::operator<<(std::basic_ostream<_CharT, _Traits>&, std::_Put_time<_CharT>)
     operator<<(basic_ostream<_CharT, _Traits>& __os, _Put_time<_CharT> __f)
     ^~~~~~~~
/usr/include/c++/7/iomanip:363:5: note:   template argument deduction/substitution failed:
/root/workspace/SmallWashingRobotSDK/server/nodes/slam/SlamProxy.cpp:218:34: note:   ‚Äòswr::Topic<std::vector<const std::shared_ptr<swr::slam_types::SlamResult> >&>‚Äô is not derived from ‚Äòstd::basic_ostream<_CharT, _Traits>‚Äô
             dc->topicLoopPose << poselist;
                                  ^~~~~~~~
In file included from /usr/local/include/opencv2/flann/lsh_table.h:40:0,
                 from /usr/local/include/opencv2/flann/lsh_index.h:49,
                 from /usr/local/include/opencv2/flann/all_indices.h:42,
                 from /usr/local/include/opencv2/flann/flann_base.hpp:43,
                 from /usr/local/include/opencv2/flann.hpp:48,
                 from /usr/local/include/opencv2/opencv.hpp:65,
                 from /root/workspace/SmallWashingRobotSDK/modules/types/sensor/DuskCheck.hpp:4,
                 from /root/workspace/SmallWashingRobotSDK/modules/types/base_types.h:10,
                 from /root/workspace/SmallWashingRobotSDK/modules/types/swr_types.h:3,
                 from /root/workspace/SmallWashingRobotSDK/server/core/DataCenter.h:11,
                 from /root/workspace/SmallWashingRobotSDK/server/nodes/slam/SlamProxy.h:3,
                 from /root/workspace/SmallWashingRobotSDK/server/nodes/slam/SlamProxy.cpp:1:
/usr/include/c++/7/iomanip:311:5: note: candidate: template<class _CharT, class _Traits, class _MoneyT> std::basic_ostream<_CharT, _Traits>& std::operator<<(std::basic_ostream<_CharT, _Traits>&, std::_Put_money<_MoneyT>)
     operator<<(basic_ostream<_CharT, _Traits>& __os, _Put_money<_MoneyT> __f)
     ^~~~~~~~
/usr/include/c++/7/iomanip:311:5: note:   template argument deduction/substitution failed:
/root/workspace/SmallWashingRobotSDK/server/nodes/slam/SlamProxy.cpp:218:34: note:   ‚Äòswr::Topic<std::vector<const std::shared_ptr<swr::slam_types::SlamResult> >&>‚Äô is not derived from ‚Äòstd::basic_ostream<_CharT, _Traits>‚Äô
             dc->topicLoopPose << poselist;
                                  ^~~~~~~~
In file included from /usr/local/include/opencv2/flann/lsh_table.h:40:0,
                 from /usr/local/include/opencv2/flann/lsh_index.h:49,
                 from /usr/local/include/opencv2/flann/all_indices.h:42,
                 from /usr/local/include/opencv2/flann/flann_base.hpp:43,
                 from /usr/local/include/opencv2/flann.hpp:48,
                 from /usr/local/include/opencv2/opencv.hpp:65,
                 from /root/workspace/SmallWashingRobotSDK/modules/types/sensor/DuskCheck.hpp:4,
                 from /root/workspace/SmallWashingRobotSDK/modules/types/base_types.h:10,
                 from /root/workspace/SmallWashingRobotSDK/modules/types/swr_types.h:3,
                 from /root/workspace/SmallWashingRobotSDK/server/core/DataCenter.h:11,
                 from /root/workspace/SmallWashingRobotSDK/server/nodes/slam/SlamProxy.h:3,
                 from /root/workspace/SmallWashingRobotSDK/server/nodes/slam/SlamProxy.cpp:1:
/usr/include/c++/7/iomanip:238:5: note: candidate: template<class _CharT, class _Traits> std::basic_ostream<_CharT, _Traits>& std::operator<<(std::basic_ostream<_CharT, _Traits>&, std::_Setw)
     operator<<(basic_ostream<_CharT, _Traits>& __os, _Setw __f)
     ^~~~~~~~
/usr/include/c++/7/iomanip:238:5: note:   template argument deduction/substitution failed:
/root/workspace/SmallWashingRobotSDK/server/nodes/slam/SlamProxy.cpp:218:34: note:   ‚Äòswr::Topic<std::vector<const std::shared_ptr<swr::slam_types::SlamResult> >&>‚Äô is not derived from ‚Äòstd::basic_ostream<_CharT, _Traits>‚Äô
             dc->topicLoopPose << poselist;
                                  ^~~~~~~~
In file included from /usr/local/include/opencv2/flann/lsh_table.h:40:0,
                 from /usr/local/include/opencv2/flann/lsh_index.h:49,
                 from /usr/local/include/opencv2/flann/all_indices.h:42,
                 from /usr/local/include/opencv2/flann/flann_base.hpp:43,
                 from /usr/local/include/opencv2/flann.hpp:48,
                 from /usr/local/include/opencv2/opencv.hpp:65,
                 from /root/workspace/SmallWashingRobotSDK/modules/types/sensor/DuskCheck.hpp:4,
                 from /root/workspace/SmallWashingRobotSDK/modules/types/base_types.h:10,
                 from /root/workspace/SmallWashingRobotSDK/modules/types/swr_types.h:3,
                 from /root/workspace/SmallWashingRobotSDK/server/core/DataCenter.h:11,
                 from /root/workspace/SmallWashingRobotSDK/server/nodes/slam/SlamProxy.h:3,
                 from /root/workspace/SmallWashingRobotSDK/server/nodes/slam/SlamProxy.cpp:1:
/usr/include/c++/7/iomanip:208:5: note: candidate: template<class _CharT, class _Traits> std::basic_ostream<_CharT, _Traits>& std::operator<<(std::basic_ostream<_CharT, _Traits>&, std::_Setprecision)
     operator<<(basic_ostream<_CharT, _Traits>& __os, _Setprecision __f)
     ^~~~~~~~
/usr/include/c++/7/iomanip:208:5: note:   template argument deduction/substitution failed:
/root/workspace/SmallWashingRobotSDK/server/nodes/slam/SlamProxy.cpp:218:34: note:   ‚Äòswr::Topic<std::vector<const std::shared_ptr<swr::slam_types::SlamResult> >&>‚Äô is not derived from ‚Äòstd::basic_ostream<_CharT, _Traits>‚Äô
             dc->topicLoopPose << poselist;
                                  ^~~~~~~~
In file included from /usr/local/include/opencv2/flann/lsh_table.h:40:0,
                 from /usr/local/include/opencv2/flann/lsh_index.h:49,
                 from /usr/local/include/opencv2/flann/all_indices.h:42,
                 from /usr/local/include/opencv2/flann/flann_base.hpp:43,
                 from /usr/local/include/opencv2/flann.hpp:48,
                 from /usr/local/include/opencv2/opencv.hpp:65,
                 from /root/workspace/SmallWashingRobotSDK/modules/types/sensor/DuskCheck.hpp:4,
                 from /root/workspace/SmallWashingRobotSDK/modules/types/base_types.h:10,
                 from /root/workspace/SmallWashingRobotSDK/modules/types/swr_types.h:3,
                 from /root/workspace/SmallWashingRobotSDK/server/core/DataCenter.h:11,
                 from /root/workspace/SmallWashingRobotSDK/server/nodes/slam/SlamProxy.h:3,
                 from /root/workspace/SmallWashingRobotSDK/server/nodes/slam/SlamProxy.cpp:1:
/usr/include/c++/7/iomanip:178:5: note: candidate: template<class _CharT, class _Traits> std::basic_ostream<_CharT, _Traits>& std::operator<<(std::basic_ostream<_CharT, _Traits>&, std::_Setfill<_CharT>)
     operator<<(basic_ostream<_CharT, _Traits>& __os, _Setfill<_CharT> __f)
     ^~~~~~~~
/usr/include/c++/7/iomanip:178:5: note:   template argument deduction/substitution failed:
/root/workspace/SmallWashingRobotSDK/server/nodes/slam/SlamProxy.cpp:218:34: note:   ‚Äòswr::Topic<std::vector<const std::shared_ptr<swr::slam_types::SlamResult> >&>‚Äô is not derived from ‚Äòstd::basic_ostream<_CharT, _Traits>‚Äô
             dc->topicLoopPose << poselist;
                                  ^~~~~~~~
In file included from /usr/local/include/opencv2/flann/lsh_table.h:40:0,
                 from /usr/local/include/opencv2/flann/lsh_index.h:49,
                 from /usr/local/include/opencv2/flann/all_indices.h:42,
                 from /usr/local/include/opencv2/flann/flann_base.hpp:43,
                 from /usr/local/include/opencv2/flann.hpp:48,
                 from /usr/local/include/opencv2/opencv.hpp:65,
                 from /root/workspace/SmallWashingRobotSDK/modules/types/sensor/DuskCheck.hpp:4,
                 from /root/workspace/SmallWashingRobotSDK/modules/types/base_types.h:10,
                 from /root/workspace/SmallWashingRobotSDK/modules/types/swr_types.h:3,
                 from /root/workspace/SmallWashingRobotSDK/server/core/DataCenter.h:11,
                 from /root/workspace/SmallWashingRobotSDK/server/nodes/slam/SlamProxy.h:3,
                 from /root/workspace/SmallWashingRobotSDK/server/nodes/slam/SlamProxy.cpp:1:
/usr/include/c++/7/iomanip:143:5: note: candidate: template<class _CharT, class _Traits> std::basic_ostream<_CharT, _Traits>& std::operator<<(std::basic_ostream<_CharT, _Traits>&, std::_Setbase)
     operator<<(basic_ostream<_CharT, _Traits>& __os, _Setbase __f)
     ^~~~~~~~
/usr/include/c++/7/iomanip:143:5: note:   template argument deduction/substitution failed:
/root/workspace/SmallWashingRobotSDK/server/nodes/slam/SlamProxy.cpp:218:34: note:   ‚Äòswr::Topic<std::vector<const std::shared_ptr<swr::slam_types::SlamResult> >&>‚Äô is not derived from ‚Äòstd::basic_ostream<_CharT, _Traits>‚Äô
             dc->topicLoopPose << poselist;
                                  ^~~~~~~~
In file included from /usr/local/include/opencv2/flann/lsh_table.h:40:0,
                 from /usr/local/include/opencv2/flann/lsh_index.h:49,
                 from /usr/local/include/opencv2/flann/all_indices.h:42,
                 from /usr/local/include/opencv2/flann/flann_base.hpp:43,
                 from /usr/local/include/opencv2/flann.hpp:48,
                 from /usr/local/include/opencv2/opencv.hpp:65,
                 from /root/workspace/SmallWashingRobotSDK/modules/types/sensor/DuskCheck.hpp:4,
                 from /root/workspace/SmallWashingRobotSDK/modules/types/base_types.h:10,
                 from /root/workspace/SmallWashingRobotSDK/modules/types/swr_types.h:3,
                 from /root/workspace/SmallWashingRobotSDK/server/core/DataCenter.h:11,
                 from /root/workspace/SmallWashingRobotSDK/server/nodes/slam/SlamProxy.h:3,
                 from /root/workspace/SmallWashingRobotSDK/server/nodes/slam/SlamProxy.cpp:1:
/usr/include/c++/7/iomanip:109:5: note: candidate: template<class _CharT, class _Traits> std::basic_ostream<_CharT, _Traits>& std::operator<<(std::basic_ostream<_CharT, _Traits>&, std::_Setiosflags)
     operator<<(basic_ostream<_CharT, _Traits>& __os, _Setiosflags __f)
     ^~~~~~~~
/usr/include/c++/7/iomanip:109:5: note:   template argument deduction/substitution failed:
/root/workspace/SmallWashingRobotSDK/server/nodes/slam/SlamProxy.cpp:218:34: note:   ‚Äòswr::Topic<std::vector<const std::shared_ptr<swr::slam_types::SlamResult> >&>‚Äô is not derived from ‚Äòstd::basic_ostream<_CharT, _Traits>‚Äô
             dc->topicLoopPose << poselist;
                                  ^~~~~~~~
In file included from /usr/local/include/opencv2/flann/lsh_table.h:40:0,
                 from /usr/local/include/opencv2/flann/lsh_index.h:49,
                 from /usr/local/include/opencv2/flann/all_indices.h:42,
                 from /usr/local/include/opencv2/flann/flann_base.hpp:43,
                 from /usr/local/include/opencv2/flann.hpp:48,
                 from /usr/local/include/opencv2/opencv.hpp:65,
                 from /root/workspace/SmallWashingRobotSDK/modules/types/sensor/DuskCheck.hpp:4,
                 from /root/workspace/SmallWashingRobotSDK/modules/types/base_types.h:10,
                 from /root/workspace/SmallWashingRobotSDK/modules/types/swr_types.h:3,
                 from /root/workspace/SmallWashingRobotSDK/server/core/DataCenter.h:11,
                 from /root/workspace/SmallWashingRobotSDK/server/nodes/slam/SlamProxy.h:3,
                 from /root/workspace/SmallWashingRobotSDK/server/nodes/slam/SlamProxy.cpp:1:
/usr/include/c++/7/iomanip:79:5: note: candidate: template<class _CharT, class _Traits> std::basic_ostream<_CharT, _Traits>& std::operator<<(std::basic_ostream<_CharT, _Traits>&, std::_Resetiosflags)
     operator<<(basic_ostream<_CharT, _Traits>& __os, _Resetiosflags __f)
     ^~~~~~~~
/usr/include/c++/7/iomanip:79:5: note:   template argument deduction/substitution failed:
/root/workspace/SmallWashingRobotSDK/server/nodes/slam/SlamProxy.cpp:218:34: note:   ‚Äòswr::Topic<std::vector<const std::shared_ptr<swr::slam_types::SlamResult> >&>‚Äô is not derived from ‚Äòstd::basic_ostream<_CharT, _Traits>‚Äô
             dc->topicLoopPose << poselist;
                                  ^~~~~~~~
In file included from /usr/local/include/opencv2/core/cvstd.inl.hpp:47:0,
                 from /usr/local/include/opencv2/core.hpp:3279,
                 from /root/workspace/SmallWashingRobotSDK/modules/types/sensor/DuskCheck.hpp:3,
                 from /root/workspace/SmallWashingRobotSDK/modules/types/base_types.h:10,
                 from /root/workspace/SmallWashingRobotSDK/modules/types/swr_types.h:3,
                 from /root/workspace/SmallWashingRobotSDK/server/core/DataCenter.h:11,
                 from /root/workspace/SmallWashingRobotSDK/server/nodes/slam/SlamProxy.h:3,
                 from /root/workspace/SmallWashingRobotSDK/server/nodes/slam/SlamProxy.cpp:1:
/usr/include/c++/7/complex:528:5: note: candidate: template<class _Tp, class _CharT, class _Traits> std::basic_ostream<_CharT, _Traits>& std::operator<<(std::basic_ostream<_CharT, _Traits>&, const std::complex<_Tp>&)
     operator<<(basic_ostream<_CharT, _Traits>& __os, const complex<_Tp>& __x)
     ^~~~~~~~
/usr/include/c++/7/complex:528:5: note:   template argument deduction/substitution failed:
/root/workspace/SmallWashingRobotSDK/server/nodes/slam/SlamProxy.cpp:218:34: note:   ‚Äòswr::Topic<std::vector<const std::shared_ptr<swr::slam_types::SlamResult> >&>‚Äô is not derived from ‚Äòstd::basic_ostream<_CharT, _Traits>‚Äô
             dc->topicLoopPose << poselist;
                                  ^~~~~~~~
In file included from /root/workspace/SmallWashingRobotSDK/server/util/common/Thread.h:8:0,
                 from /root/workspace/SmallWashingRobotSDK/server/core/PublishThreadPool.h:11,
                 from /root/workspace/SmallWashingRobotSDK/server/core/DataCenter.h:7,
                 from /root/workspace/SmallWashingRobotSDK/server/nodes/slam/SlamProxy.h:3,
                 from /root/workspace/SmallWashingRobotSDK/server/nodes/slam/SlamProxy.cpp:1:
/usr/include/c++/7/thread:313:5: note: candidate: template<class _CharT, class _Traits> std::basic_ostream<_CharT, _Traits>& std::operator<<(std::basic_ostream<_CharT, _Traits>&, std::thread::id)
     operator<<(basic_ostream<_CharT, _Traits>& __out, thread::id __id)
     ^~~~~~~~
/usr/include/c++/7/thread:313:5: note:   template argument deduction/substitution failed:
/root/workspace/SmallWashingRobotSDK/server/nodes/slam/SlamProxy.cpp:218:34: note:   ‚Äòswr::Topic<std::vector<const std::shared_ptr<swr::slam_types::SlamResult> >&>‚Äô is not derived from ‚Äòstd::basic_ostream<_CharT, _Traits>‚Äô
             dc->topicLoopPose << poselist;
                                  ^~~~~~~~
In file included from /usr/include/c++/7/memory:81:0,
                 from /usr/include/c++/7/thread:39,
                 from /root/workspace/SmallWashingRobotSDK/server/util/common/Thread.h:8,
                 from /root/workspace/SmallWashingRobotSDK/server/core/PublishThreadPool.h:11,
                 from /root/workspace/SmallWashingRobotSDK/server/core/DataCenter.h:7,
                 from /root/workspace/SmallWashingRobotSDK/server/nodes/slam/SlamProxy.h:3,
                 from /root/workspace/SmallWashingRobotSDK/server/nodes/slam/SlamProxy.cpp:1:
/usr/include/c++/7/bits/shared_ptr.h:66:5: note: candidate: template<class _Ch, class _Tr, class _Tp, __gnu_cxx::_Lock_policy _Lp> std::basic_ostream<_CharT, _Traits>& std::operator<<(std::basic_ostream<_CharT, _Traits>&, const std::__shared_ptr<_Tp, _Lp>&)
     operator<<(std::basic_ostream<_Ch, _Tr>& __os,
     ^~~~~~~~
/usr/include/c++/7/bits/shared_ptr.h:66:5: note:   template argument deduction/substitution failed:
/root/workspace/SmallWashingRobotSDK/server/nodes/slam/SlamProxy.cpp:218:34: note:   ‚Äòswr::Topic<std::vector<const std::shared_ptr<swr::slam_types::SlamResult> >&>‚Äô is not derived from ‚Äòstd::basic_ostream<_CharT, _Traits>‚Äô
             dc->topicLoopPose << poselist;
                                  ^~~~~~~~
In file included from /usr/include/c++/7/istream:39:0,
                 from /usr/include/c++/7/sstream:38,
                 from /root/workspace/SmallWashingRobotSDK/server/core/Parameters.h:13,
                 from /root/workspace/SmallWashingRobotSDK/server/core/DataCenter.h:6,
                 from /root/workspace/SmallWashingRobotSDK/server/nodes/slam/SlamProxy.h:3,
                 from /root/workspace/SmallWashingRobotSDK/server/nodes/slam/SlamProxy.cpp:1:
/usr/include/c++/7/ostream:682:5: note: candidate: template<class _Ostream, class _Tp> typename std::enable_if<std::__and_<std::__not_<std::is_lvalue_reference<_Tp> >, std::__is_convertible_to_basic_ostream<_Ostream>, std::__is_insertable<typename std::__is_convertible_to_basic_ostream<_Tp>::__ostream_type, const _Tp&, void> >::value, typename std::__is_convertible_to_basic_ostream<_Tp>::__ostream_type>::type std::operator<<(_Ostream&&, const _Tp&)
     operator<<(_Ostream&& __os, const _Tp& __x)
     ^~~~~~~~
/usr/include/c++/7/ostream:682:5: note:   template argument deduction/substitution failed:
/usr/include/c++/7/ostream: In substitution of ‚Äòtemplate<class _Ostream, class _Tp> typename std::enable_if<std::__and_<std::__not_<std::is_lvalue_reference<_Tp> >, std::__is_convertible_to_basic_ostream<_Ostream>, std::__is_insertable<typename std::__is_convertible_to_basic_ostream<_Tp>::__ostream_type, const _Tp&, void> >::value, typename std::__is_convertible_to_basic_ostream<_Tp>::__ostream_type>::type std::operator<<(_Ostream&&, const _Tp&) [with _Ostream = swr::Topic<std::vector<const std::shared_ptr<swr::slam_types::SlamResult> >&>&; _Tp = std::vector<std::shared_ptr<swr::slam_types::SlamResult> >]‚Äô:
/root/workspace/SmallWashingRobotSDK/server/nodes/slam/SlamProxy.cpp:218:34:   required from here
/usr/include/c++/7/ostream:682:5: error: no type named ‚Äòtype‚Äô in ‚Äòstruct std::enable_if<false, void>‚Äô
/usr/include/c++/7/ostream:574:5: note: candidate: template<class _Traits> std::basic_ostream<char, _Traits>& std::operator<<(std::basic_ostream<char, _Traits>&, const unsigned char*)
     operator<<(basic_ostream<char, _Traits>& __out, const unsigned char* __s)
     ^~~~~~~~
/usr/include/c++/7/ostream:574:5: note:   template argument deduction/substitution failed:
/root/workspace/SmallWashingRobotSDK/server/nodes/slam/SlamProxy.cpp:218:34: note:   ‚Äòswr::Topic<std::vector<const std::shared_ptr<swr::slam_types::SlamResult> >&>‚Äô is not derived from ‚Äòstd::basic_ostream<char, _Traits>‚Äô
             dc->topicLoopPose << poselist;
                                  ^~~~~~~~
In file included from /usr/include/c++/7/istream:39:0,
                 from /usr/include/c++/7/sstream:38,
                 from /root/workspace/SmallWashingRobotSDK/server/core/Parameters.h:13,
                 from /root/workspace/SmallWashingRobotSDK/server/core/DataCenter.h:6,
                 from /root/workspace/SmallWashingRobotSDK/server/nodes/slam/SlamProxy.h:3,
                 from /root/workspace/SmallWashingRobotSDK/server/nodes/slam/SlamProxy.cpp:1:
/usr/include/c++/7/ostream:569:5: note: candidate: template<class _Traits> std::basic_ostream<char, _Traits>& std::operator<<(std::basic_ostream<char, _Traits>&, const signed char*)
     operator<<(basic_ostream<char, _Traits>& __out, const signed char* __s)
     ^~~~~~~~
/usr/include/c++/7/ostream:569:5: note:   template argument deduction/substitution failed:
/root/workspace/SmallWashingRobotSDK/server/nodes/slam/SlamProxy.cpp:218:34: note:   ‚Äòswr::Topic<std::vector<const std::shared_ptr<swr::slam_types::SlamResult> >&>‚Äô is not derived from ‚Äòstd::basic_ostream<char, _Traits>‚Äô
             dc->topicLoopPose << poselist;
                                  ^~~~~~~~
In file included from /usr/include/c++/7/istream:39:0,
                 from /usr/include/c++/7/sstream:38,
                 from /root/workspace/SmallWashingRobotSDK/server/core/Parameters.h:13,
                 from /root/workspace/SmallWashingRobotSDK/server/core/DataCenter.h:6,
                 from /root/workspace/SmallWashingRobotSDK/server/nodes/slam/SlamProxy.h:3,
                 from /root/workspace/SmallWashingRobotSDK/server/nodes/slam/SlamProxy.cpp:1:
/usr/include/c++/7/ostream:556:5: note: candidate: template<class _Traits> std::basic_ostream<char, _Traits>& std::operator<<(std::basic_ostream<char, _Traits>&, const char*)
     operator<<(basic_ostream<char, _Traits>& __out, const char* __s)
     ^~~~~~~~
/usr/include/c++/7/ostream:556:5: note:   template argument deduction/substitution failed:
/root/workspace/SmallWashingRobotSDK/server/nodes/slam/SlamProxy.cpp:218:34: note:   ‚Äòswr::Topic<std::vector<const std::shared_ptr<swr::slam_types::SlamResult> >&>‚Äô is not derived from ‚Äòstd::basic_ostream<char, _Traits>‚Äô
             dc->topicLoopPose << poselist;
                                  ^~~~~~~~
In file included from /usr/include/c++/7/ostream:693:0,
                 from /usr/include/c++/7/istream:39,
                 from /usr/include/c++/7/sstream:38,
                 from /root/workspace/SmallWashingRobotSDK/server/core/Parameters.h:13,
                 from /root/workspace/SmallWashingRobotSDK/server/core/DataCenter.h:6,
                 from /root/workspace/SmallWashingRobotSDK/server/nodes/slam/SlamProxy.h:3,
                 from /root/workspace/SmallWashingRobotSDK/server/nodes/slam/SlamProxy.cpp:1:
/usr/include/c++/7/bits/ostream.tcc:321:5: note: candidate: template<class _CharT, class _Traits> std::basic_ostream<_CharT, _Traits>& std::operator<<(std::basic_ostream<_CharT, _Traits>&, const char*)
     operator<<(basic_ostream<_CharT, _Traits>& __out, const char* __s)
     ^~~~~~~~
/usr/include/c++/7/bits/ostream.tcc:321:5: note:   template argument deduction/substitution failed:
/root/workspace/SmallWashingRobotSDK/server/nodes/slam/SlamProxy.cpp:218:34: note:   ‚Äòswr::Topic<std::vector<const std::shared_ptr<swr::slam_types::SlamResult> >&>‚Äô is not derived from ‚Äòstd::basic_ostream<_CharT, _Traits>‚Äô
             dc->topicLoopPose << poselist;
                                  ^~~~~~~~
In file included from /usr/include/c++/7/istream:39:0,
                 from /usr/include/c++/7/sstream:38,
                 from /root/workspace/SmallWashingRobotSDK/server/core/Parameters.h:13,
                 from /root/workspace/SmallWashingRobotSDK/server/core/DataCenter.h:6,
                 from /root/workspace/SmallWashingRobotSDK/server/nodes/slam/SlamProxy.h:3,
                 from /root/workspace/SmallWashingRobotSDK/server/nodes/slam/SlamProxy.cpp:1:
/usr/include/c++/7/ostream:539:5: note: candidate: template<class _CharT, class _Traits> std::basic_ostream<_CharT, _Traits>& std::operator<<(std::basic_ostream<_CharT, _Traits>&, const _CharT*)
     operator<<(basic_ostream<_CharT, _Traits>& __out, const _CharT* __s)
     ^~~~~~~~
/usr/include/c++/7/ostream:539:5: note:   template argument deduction/substitution failed:
/root/workspace/SmallWashingRobotSDK/server/nodes/slam/SlamProxy.cpp:218:34: note:   ‚Äòswr::Topic<std::vector<const std::shared_ptr<swr::slam_types::SlamResult> >&>‚Äô is not derived from ‚Äòstd::basic_ostream<_CharT, _Traits>‚Äô
             dc->topicLoopPose << poselist;
                                  ^~~~~~~~
In file included from /usr/include/c++/7/istream:39:0,
                 from /usr/include/c++/7/sstream:38,
                 from /root/workspace/SmallWashingRobotSDK/server/core/Parameters.h:13,
                 from /root/workspace/SmallWashingRobotSDK/server/core/DataCenter.h:6,
                 from /root/workspace/SmallWashingRobotSDK/server/nodes/slam/SlamProxy.h:3,
                 from /root/workspace/SmallWashingRobotSDK/server/nodes/slam/SlamProxy.cpp:1:
/usr/include/c++/7/ostream:519:5: note: candidate: template<class _Traits> std::basic_ostream<char, _Traits>& std::operator<<(std::basic_ostream<char, _Traits>&, unsigned char)
     operator<<(basic_ostream<char, _Traits>& __out, unsigned char __c)
     ^~~~~~~~
/usr/include/c++/7/ostream:519:5: note:   template argument deduction/substitution failed:
/root/workspace/SmallWashingRobotSDK/server/nodes/slam/SlamProxy.cpp:218:34: note:   ‚Äòswr::Topic<std::vector<const std::shared_ptr<swr::slam_types::SlamResult> >&>‚Äô is not derived from ‚Äòstd::basic_ostream<char, _Traits>‚Äô
             dc->topicLoopPose << poselist;
                                  ^~~~~~~~
In file included from /usr/include/c++/7/istream:39:0,
                 from /usr/include/c++/7/sstream:38,
                 from /root/workspace/SmallWashingRobotSDK/server/core/Parameters.h:13,
                 from /root/workspace/SmallWashingRobotSDK/server/core/DataCenter.h:6,
                 from /root/workspace/SmallWashingRobotSDK/server/nodes/slam/SlamProxy.h:3,
                 from /root/workspace/SmallWashingRobotSDK/server/nodes/slam/SlamProxy.cpp:1:
/usr/include/c++/7/ostream:514:5: note: candidate: template<class _Traits> std::basic_ostream<char, _Traits>& std::operator<<(std::basic_ostream<char, _Traits>&, signed char)
     operator<<(basic_ostream<char, _Traits>& __out, signed char __c)
     ^~~~~~~~
/usr/include/c++/7/ostream:514:5: note:   template argument deduction/substitution failed:
/root/workspace/SmallWashingRobotSDK/server/nodes/slam/SlamProxy.cpp:218:34: note:   ‚Äòswr::Topic<std::vector<const std::shared_ptr<swr::slam_types::SlamResult> >&>‚Äô is not derived from ‚Äòstd::basic_ostream<char, _Traits>‚Äô
             dc->topicLoopPose << poselist;
                                  ^~~~~~~~
In file included from /usr/include/c++/7/istream:39:0,
                 from /usr/include/c++/7/sstream:38,
                 from /root/workspace/SmallWashingRobotSDK/server/core/Parameters.h:13,
                 from /root/workspace/SmallWashingRobotSDK/server/core/DataCenter.h:6,
                 from /root/workspace/SmallWashingRobotSDK/server/nodes/slam/SlamProxy.h:3,
                 from /root/workspace/SmallWashingRobotSDK/server/nodes/slam/SlamProxy.cpp:1:
/usr/include/c++/7/ostream:508:5: note: candidate: template<class _Traits> std::basic_ostream<char, _Traits>& std::operator<<(std::basic_ostream<char, _Traits>&, char)
     operator<<(basic_ostream<char, _Traits>& __out, char __c)
     ^~~~~~~~
/usr/include/c++/7/ostream:508:5: note:   template argument deduction/substitution failed:
/root/workspace/SmallWashingRobotSDK/server/nodes/slam/SlamProxy.cpp:218:34: note:   ‚Äòswr::Topic<std::vector<const std::shared_ptr<swr::slam_types::SlamResult> >&>‚Äô is not derived from ‚Äòstd::basic_ostream<char, _Traits>‚Äô
             dc->topicLoopPose << poselist;
                                  ^~~~~~~~
In file included from /usr/include/c++/7/istream:39:0,
                 from /usr/include/c++/7/sstream:38,
                 from /root/workspace/SmallWashingRobotSDK/server/core/Parameters.h:13,
                 from /root/workspace/SmallWashingRobotSDK/server/core/DataCenter.h:6,
                 from /root/workspace/SmallWashingRobotSDK/server/nodes/slam/SlamProxy.h:3,
                 from /root/workspace/SmallWashingRobotSDK/server/nodes/slam/SlamProxy.cpp:1:
/usr/include/c++/7/ostream:502:5: note: candidate: template<class _CharT, class _Traits> std::basic_ostream<_CharT, _Traits>& std::operator<<(std::basic_ostream<_CharT, _Traits>&, char)
     operator<<(basic_ostream<_CharT, _Traits>& __out, char __c)
     ^~~~~~~~
/usr/include/c++/7/ostream:502:5: note:   template argument deduction/substitution failed:
/root/workspace/SmallWashingRobotSDK/server/nodes/slam/SlamProxy.cpp:218:34: note:   ‚Äòswr::Topic<std::vector<const std::shared_ptr<swr::slam_types::SlamResult> >&>‚Äô is not derived from ‚Äòstd::basic_ostream<_CharT, _Traits>‚Äô
             dc->topicLoopPose << poselist;
                                  ^~~~~~~~
In file included from /usr/include/c++/7/istream:39:0,
                 from /usr/include/c++/7/sstream:38,
                 from /root/workspace/SmallWashingRobotSDK/server/core/Parameters.h:13,
                 from /root/workspace/SmallWashingRobotSDK/server/core/DataCenter.h:6,
                 from /root/workspace/SmallWashingRobotSDK/server/nodes/slam/SlamProxy.h:3,
                 from /root/workspace/SmallWashingRobotSDK/server/nodes/slam/SlamProxy.cpp:1:
/usr/include/c++/7/ostream:497:5: note: candidate: template<class _CharT, class _Traits> std::basic_ostream<_CharT, _Traits>& std::operator<<(std::basic_ostream<_CharT, _Traits>&, _CharT)
     operator<<(basic_ostream<_CharT, _Traits>& __out, _CharT __c)
     ^~~~~~~~
/usr/include/c++/7/ostream:497:5: note:   template argument deduction/substitution failed:
/root/workspace/SmallWashingRobotSDK/server/nodes/slam/SlamProxy.cpp:218:34: note:   ‚Äòswr::Topic<std::vector<const std::shared_ptr<swr::slam_types::SlamResult> >&>‚Äô is not derived from ‚Äòstd::basic_ostream<_CharT, _Traits>‚Äô
             dc->topicLoopPose << poselist;
                                  ^~~~~~~~
In file included from /usr/include/c++/7/mutex:42:0,
                 from /root/workspace/SmallWashingRobotSDK/server/core/DataCenter.h:4,
                 from /root/workspace/SmallWashingRobotSDK/server/nodes/slam/SlamProxy.h:3,
                 from /root/workspace/SmallWashingRobotSDK/server/nodes/slam/SlamProxy.cpp:1:
/usr/include/c++/7/system_error:217:5: note: candidate: template<class _CharT, class _Traits> std::basic_ostream<_CharT, _Traits>& std::operator<<(std::basic_ostream<_CharT, _Traits>&, const std::error_code&)
     operator<<(basic_ostream<_CharT, _Traits>& __os, const error_code& __e)
     ^~~~~~~~
/usr/include/c++/7/system_error:217:5: note:   template argument deduction/substitution failed:
/root/workspace/SmallWashingRobotSDK/server/nodes/slam/SlamProxy.cpp:218:34: note:   ‚Äòswr::Topic<std::vector<const std::shared_ptr<swr::slam_types::SlamResult> >&>‚Äô is not derived from ‚Äòstd::basic_ostream<_CharT, _Traits>‚Äô
             dc->topicLoopPose << poselist;
                                  ^~~~~~~~
In file included from /usr/include/c++/7/string:52:0,
                 from /usr/include/c++/7/stdexcept:39,
                 from /usr/include/c++/7/array:39,
                 from /usr/include/c++/7/tuple:39,
                 from /usr/include/c++/7/mutex:38,
                 from /root/workspace/SmallWashingRobotSDK/server/core/DataCenter.h:4,
                 from /root/workspace/SmallWashingRobotSDK/server/nodes/slam/SlamProxy.h:3,
                 from /root/workspace/SmallWashingRobotSDK/server/nodes/slam/SlamProxy.cpp:1:
/usr/include/c++/7/bits/basic_string.h:6284:5: note: candidate: template<class _CharT, class _Traits, class _Alloc> std::basic_ostream<_CharT, _Traits>& std::operator<<(std::basic_ostream<_CharT, _Traits>&, const std::__cxx11::basic_string<_CharT, _Traits, _Alloc>&)
     operator<<(basic_ostream<_CharT, _Traits>& __os,
     ^~~~~~~~
/usr/include/c++/7/bits/basic_string.h:6284:5: note:   template argument deduction/substitution failed:
/root/workspace/SmallWashingRobotSDK/server/nodes/slam/SlamProxy.cpp:218:34: note:   ‚Äòswr::Topic<std::vector<const std::shared_ptr<swr::slam_types::SlamResult> >&>‚Äô is not derived from ‚Äòstd::basic_ostream<_CharT, _Traits>‚Äô
             dc->topicLoopPose << poselist;
                                  ^~~~~~~~
CMakeFiles/around_18r.dir/build.make:446: recipe for target 'CMakeFiles/around_18r.dir/server/nodes/navigation/NavProxy.cpp.o' failed
make[2]: *** [CMakeFiles/around_18r.dir/server/nodes/navigation/NavProxy.cpp.o] Error 1
make[2]: *** Ê≠£Âú®Á≠âÂæÖÊú™ÂÆåÊàêÁöÑ‰ªªÂä°....
CMakeFiles/around_18r.dir/build.make:422: recipe for target 'CMakeFiles/around_18r.dir/server/nodes/slam/SlamProxy.cpp.o' failed
make[2]: *** [CMakeFiles/around_18r.dir/server/nodes/slam/SlamProxy.cpp.o] Error 1
CMakeFiles/Makefile2:1955: recipe for target 'CMakeFiles/around_18r.dir/all' failed
make[1]: *** [CMakeFiles/around_18r.dir/all] Error 2
Makefile:140: recipe for target 'all' failed
make: *** [all] Error 2
Build step 'Execute shell' marked build as failure
Finished: FAILURE
