Started by user [8mha:////4GZLdJ3zYVtTaCml8iVum++M0lnTj7l+sRg8SaQVn3p2AAAAlR+LCAAAAAAAAP9b85aBtbiIQTGjNKU4P08vOT+vOD8nVc83PyU1x6OyILUoJzMv2y+/JJUBAhiZGBgqihhk0NSjKDWzXb3RdlLBUSYGJk8GtpzUvPSSDB8G5tKinBIGIZ+sxLJE/ZzEvHT94JKizLx0a6BxUmjGOUNodHsLgAy+EgZO/dLi1CL98uJiAKhZb0u+AAAA[0mwangshuaishuai
Running as SYSTEM
Building remotely on [8mha:////4GJECaSXI5jaa88kGHMmbEkdCg31N4g4yVAlsCFwflHgAAAAmR+LCAAAAAAAAP9b85aBtbiIQTGjNKU4P08vOT+vOD8nVc83PyU1x6OyILUoJzMv2y+/JJUBAhiZGBgqihhk0NSjKDWzXb3RdlLBUSYGJk8GtpzUvPSSDB8G5tKinBIGIZ+sxLJE/ZzEvHT94JKizLx0a6BxUmjGOUNodHsLgAzmEgZe/eT83ILSktQifUNLQwA4ziQnwgAAAA==[0m191 (192.168.50.191) in workspace /home/indemind/.jenkins_slave/workspace/rubby-ros-405
[WS-CLEANUP] Clean-up disabled, skipping workspace deletion.
No emails were triggered.
[rubby-ros-405] $ /bin/sh -xe /tmp/jenkins13607336346908816875.sh
+ bash /home/indemind/myscript/build/build.sh
++ export MYSQL_PWD=123
++ MYSQL_PWD=123
++ export -f cmdb_mysql
+ set -ex
+ export -f public_project_update
+ export -f project_build
+ init_project_env
++ date +%Y%m%d
+ DT=20231228
+ UserName=jenkins
+ API_TOKEN=11b65309c9835de9579d9c9038853d9eb7
+ GIT_PRIVATE_TOKEN=emEDrsaJVjxKK5gSWrf-
+ GIT_HOST=192.168.50.191
++ echo abby/integration/navigation
++ awk -F/ '{print $1"%2F"$2}'
+ CONVERT_TARGET_PROJECT=abby%2Fintegration
++ curl -XGET -H 'Content-Type: application/json' --header 'PRIVATE-TOKEN: emEDrsaJVjxKK5gSWrf-' http://192.168.50.191:85/api/v4/projects/abby%2Fintegration
++ python -c 'import sys, json; print(json.load(sys.stdin)["id"])'
  % Total    % Received % Xferd  Average Speed   Time    Time     Time  Current
                                 Dload  Upload   Total   Spent    Left  Speed
  0     0    0     0    0     0      0      0 --:--:-- --:--:-- --:--:--     0100    35  100    35    0     0    906      0 --:--:-- --:--:-- --:--:--   921
Traceback (most recent call last):
  File "<string>", line 1, in <module>
KeyError: 'id'
+ SUB_PROJECT_ID=
+ true
+ '[' -z ']'
+ SOURCE_DIR=/home/indemind/.jenkins_slave/workspace/rubby-ros-405/rubbynav
+ TARGET_DIR=/home/indemind/.jenkins_slave/workspace/rubby-ros-405/navigation
+ prepare_env
++ uname -m
+ system_platform=x86_64
+ :
++ cat /proc/cpuinfo
++ grep processor
++ sort
++ uniq
++ wc -l
+ mt=-j4
+ export COMMIT_ID_FILE=/home/indemind/.jenkins_slave/workspace/rubby-ros-405/_last_build_id
+ COMMIT_ID_FILE=/home/indemind/.jenkins_slave/workspace/rubby-ros-405/_last_build_id
+ export COMMIT_MSG_FILE=/home/indemind/.jenkins_slave/workspace/rubby-ros-405/_commit-msg
+ COMMIT_MSG_FILE=/home/indemind/.jenkins_slave/workspace/rubby-ros-405/_commit-msg
+ export COMMIT_MSG_FILE_TMP=/home/indemind/.jenkins_slave/workspace/rubby-ros-405/_commit-msg.tmp
+ COMMIT_MSG_FILE_TMP=/home/indemind/.jenkins_slave/workspace/rubby-ros-405/_commit-msg.tmp
+ rm -f /home/indemind/.jenkins_slave/workspace/rubby-ros-405/_last_build_id
+ rm -f /home/indemind/.jenkins_slave/workspace/rubby-ros-405/_commit-msg
+ rm -f /home/indemind/.jenkins_slave/workspace/rubby-ros-405/_commit-msg.tmp
+ rm -f /home/indemind/.jenkins_slave/workspace/rubby-ros-405/result.log
+ rm -f /home/indemind/.jenkins_slave/workspace/rubby-ros-405/no_code_change.log
+ CLONE_DEPTH=--depth=1
+ PUBLICBASETYPES_DIR=/home/indemind/system/I18RPublicBaseTypes
+ cmdb_mysql 'insert into prebuild(job_name,source_project,source_branch,target_project,target_branch,time,build_url,node_name,build_user) values ('\''rubby-ros-405'\'','\''guoboyang/rubbynav'\'','\''master'\'','\''abby/integration/navigation'\'','\''master'\'',now(),'\''http://192.168.50.191:8088/job/rubby-ros-405/170/'\'','\''191'\'','\''wss'\'')'
+ set +x
+ DOCKER_CONTAINER_I18=build-x64-18.04
+ DOCKER_CONTAINER_RUBBY=c405
+ DOCKER_CONTAINER_RUBBY_INSIDE=c3566
+ DOCKER_CONTAINER_JAVA=node
+ JENKINS_JOB_A=mind
+ JENKINS_JOB_B=rbn
+ JENKINS_JOB_C=mark-check-tools
+ JENKINS_JOB_D=java
+ JENKINS_JOB_E=clean_recorder
+ JENKINS_JOB_F=i18r
+ JENKINS_JOB_G=nodejs
+ JENKINS_JOB_H=_ui
+ JENKINS_JOB_L=i12r
+ [[ rubby-ros-405 =~ mind ]]
+ '[' false = false ']'
+ source_project_update
+ '[' -d /home/indemind/.jenkins_slave/workspace/rubby-ros-405/rubbynav ']'
+ pushd /home/indemind/.jenkins_slave/workspace/rubby-ros-405/rubbynav
~/.jenkins_slave/workspace/rubby-ros-405/rubbynav ~/.jenkins_slave/workspace/rubby-ros-405
+ git checkout ./
+ git pull --rebase
Warning: Permanently added '[192.168.50.191]:222' (ECDSA) to the list of known hosts.
å½“å‰åˆ†æ”¯ master æ˜¯æœ€æ–°çš„ã€‚
+ popd
~/.jenkins_slave/workspace/rubby-ros-405
+ target_project_update
+ rm -rf /home/indemind/.jenkins_slave/workspace/rubby-ros-405/navigation
+ target_project_fetch
+ git clone ssh://git@192.168.50.191:222/abby/integration/navigation -b master --depth=1
æ­£å…‹éš†åˆ° 'navigation'...
Warning: Permanently added '[192.168.50.191]:222' (ECDSA) to the list of known hosts.
+ insert_db
+ pushd /home/indemind/.jenkins_slave/workspace/rubby-ros-405/rubbynav
~/.jenkins_slave/workspace/rubby-ros-405/rubbynav ~/.jenkins_slave/workspace/rubby-ros-405
++ cmdb_mysql 'SELECT first_commit_id FROM prebuild where source_project='\''guoboyang/rubbynav'\'' and source_branch='\''master'\'' and target_project='\''abby/integration/navigation'\'' and target_branch='\''master'\'' and status='\''0'\'' and job_name='\''rubby-ros-405'\'' order by id desc limit 1;'
++ set +x
+ version='first_commit_id
c74376a'
++ echo first_commit_id c74376a
++ awk -F ' ' '{print $2}'
+ version=c74376a
++ git log -1 --pretty=format:%h
+ first_commit_id_now=96a5063
+ cmdb_mysql 'update prebuild set first_commit_id='\''96a5063'\'' where build_url='\''http://192.168.50.191:8088/job/rubby-ros-405/170/'\'';'
+ set +x
+ popd
~/.jenkins_slave/workspace/rubby-ros-405
+ [[ x86_64 =~ x86_64 ]]
+ docker exec -i c405 /bin/bash
+ [[ c405 == c405 ]]
+ echo 'rubby project building in c405......'
rubby project building in c405......
+ pushd /root/system/abby_msg
~/system/abby_msg /
+ git checkout ./
+ git clean -xdf ./
+ git pull origin master
From ssh://192.168.50.191:222/abby/source/abby_msg
 * branch            master     -> FETCH_HEAD
Already up to date.
+ popd
/
+ pushd /home/indemind/.jenkins_slave/workspace/rubby-ros-405/rubbynav
/home/indemind/.jenkins_slave/workspace/rubby-ros-405/rubbynav /
+ git submodule update --init --recursive
Submodule path 'module/abby_msg': checked out '37133d49a7b00dea1c4d5caffa820d61e36fb4d6'
Submodule path 'module/common': checked out 'a98b79b722cd9171db7c491f31315e7ab735dfef'
Submodule path 'module/hsm': checked out 'c67e5b3fdf675823fc7111360f5a69367bcf446c'
Submodule path 'module/motion': checked out 'f115812425fb4ba71c77b61e6ace4d4de6cf95f1'
Submodule path 'module/planning': checked out 'a3c1aeac297cfc2a74349b94c90778978629aa28'
+ git submodule update --remote
Submodule path 'module/abby_msg': checked out '298532f2d70c9a65ce05925757c065fb11c3bdcc'
From http://192.168.50.191:85/guoboyang/common
   b765db7..781fc96  dev_master -> origin/dev_master
Submodule path 'module/common': checked out 'b765db7283cc6f031fb9b810d8a248b73025f124'
Submodule path 'module/hsm': checked out '0c2dbd0f0079afb8b44145867d22a84331402d3e'
From http://192.168.50.191:85/guoboyang/motion
   3d65c4c..2897168  dev_master -> origin/dev_master
Submodule path 'module/motion': checked out '3d65c4c18e20c1bbdc23ba036887523edebd847b'
Submodule path 'module/planning': checked out 'f803aef7577465f1b2de6dc9e24c7968846ecf5c'
+ sed -i 's/make -j[0-9].*/make -j4/g' compile.sh
+ '[' x96a5063 == xc74376a ']'
+ source /opt/ros/melodic/setup.bash
+ bash -ex compile.sh
+ set -v

git submodule update --init --recursive
+ git submodule update --init --recursive
Submodule path 'module/abby_msg': checked out '37133d49a7b00dea1c4d5caffa820d61e36fb4d6'
Submodule path 'module/common': checked out 'a98b79b722cd9171db7c491f31315e7ab735dfef'
Submodule path 'module/hsm': checked out 'c67e5b3fdf675823fc7111360f5a69367bcf446c'
Submodule path 'module/motion': checked out 'f115812425fb4ba71c77b61e6ace4d4de6cf95f1'
Submodule path 'module/planning': checked out 'a3c1aeac297cfc2a74349b94c90778978629aa28'
git submodule update --remote
+ git submodule update --remote
Submodule path 'module/abby_msg': checked out '298532f2d70c9a65ce05925757c065fb11c3bdcc'
Submodule path 'module/common': checked out 'b765db7283cc6f031fb9b810d8a248b73025f124'
Submodule path 'module/hsm': checked out '0c2dbd0f0079afb8b44145867d22a84331402d3e'
Submodule path 'module/motion': checked out '3d65c4c18e20c1bbdc23ba036887523edebd847b'
Submodule path 'module/planning': checked out 'f803aef7577465f1b2de6dc9e24c7968846ecf5c'

BUILD_DIR=build
+ BUILD_DIR=build
INSTALL_DIR=install
+ INSTALL_DIR=install

rm -rf ${BUILD_DIR}
+ rm -rf build
mkdir ${BUILD_DIR}
+ mkdir build
rm -rf ${INSTALL_DIR}
+ rm -rf install
mkdir ${INSTALL_DIR}
+ mkdir install

cd ${BUILD_DIR}
+ cd build
cmake ..
+ cmake ..
-- The C compiler identification is GNU 7.5.0
-- The CXX compiler identification is GNU 7.5.0
-- Check for working C compiler: /usr/bin/cc
-- Check for working C compiler: /usr/bin/cc -- works
-- Detecting C compiler ABI info
-- Detecting C compiler ABI info - done
-- Detecting C compile features
-- Detecting C compile features - done
-- Check for working CXX compiler: /usr/bin/c++
-- Check for working CXX compiler: /usr/bin/c++ -- works
-- Detecting CXX compiler ABI info
-- Detecting CXX compiler ABI info - done
-- Detecting CXX compile features
-- Detecting CXX compile features - done
-- Found OpenCV: /usr/local (found version "3.4.3") 
-- Using CATKIN_DEVEL_PREFIX: /home/indemind/.jenkins_slave/workspace/rubby-ros-405/rubbynav/build/devel
-- Using CMAKE_PREFIX_PATH: /opt/ros/melodic
-- This workspace overlays: /opt/ros/melodic
-- Found PythonInterp: /usr/bin/python2 (found suitable version "2.7.17", minimum required is "2") 
-- Using PYTHON_EXECUTABLE: /usr/bin/python2
-- Using Debian Python package layout
-- Using empy: /usr/bin/empy
-- Using CATKIN_ENABLE_TESTING: ON
-- Call enable_testing()
-- Using CATKIN_TEST_RESULTS_DIR: /home/indemind/.jenkins_slave/workspace/rubby-ros-405/rubbynav/build/test_results
-- Forcing gtest/gmock from source, though one was otherwise available.
-- Found gtest sources under '/usr/src/googletest': gtests will be built
-- Found gmock sources under '/usr/src/googletest': gmock will be built
CMake Warning (dev) at /usr/src/googletest/CMakeLists.txt:3 (project):
  Policy CMP0048 is not set: project() command manages VERSION variables.
  Run "cmake --help-policy CMP0048" for policy details.  Use the cmake_policy
  command to set the policy and suppress this warning.

  The following variable(s) would be set to empty:

    PROJECT_VERSION
    PROJECT_VERSION_MAJOR
    PROJECT_VERSION_MINOR
This warning is for project developers.  Use -Wno-dev to suppress it.

CMake Warning (dev) at /usr/src/googletest/googlemock/CMakeLists.txt:40 (project):
  Policy CMP0048 is not set: project() command manages VERSION variables.
  Run "cmake --help-policy CMP0048" for policy details.  Use the cmake_policy
  command to set the policy and suppress this warning.

  The following variable(s) would be set to empty:

    PROJECT_VERSION
    PROJECT_VERSION_MAJOR
    PROJECT_VERSION_MINOR
This warning is for project developers.  Use -Wno-dev to suppress it.

CMake Warning (dev) at /usr/src/googletest/googletest/CMakeLists.txt:47 (project):
  Policy CMP0048 is not set: project() command manages VERSION variables.
  Run "cmake --help-policy CMP0048" for policy details.  Use the cmake_policy
  command to set the policy and suppress this warning.

  The following variable(s) would be set to empty:

    PROJECT_VERSION
    PROJECT_VERSION_MAJOR
    PROJECT_VERSION_MINOR
This warning is for project developers.  Use -Wno-dev to suppress it.

-- Found PythonInterp: /usr/bin/python2 (found version "2.7.17") 
-- Found Threads: TRUE  
-- Using Python nosetests: /usr/bin/nosetests-2.7
-- catkin 0.7.29
-- BUILD_SHARED_LIBS is on
-- Configuring done
-- Generating done
-- Build files have been written to: /home/indemind/.jenkins_slave/workspace/rubby-ros-405/rubbynav/build
make -j4
+ make -j4
Scanning dependencies of target nav_plugin
[  1%] Building CXX object CMakeFiles/nav_plugin.dir/src/Navigation.cpp.o
[  3%] Building CXX object CMakeFiles/nav_plugin.dir/src/LinkLayer.cpp.o
[  4%] Building CXX object CMakeFiles/nav_plugin.dir/module/common/Map/Map.cpp.o
[  6%] Building CXX object CMakeFiles/nav_plugin.dir/module/common/Log/Log.cpp.o
In file included from /home/indemind/.jenkins_slave/workspace/rubby-ros-405/rubbynav/src/../module/abby_msg/srv/nav/Clean.h:6:0,
                 from /home/indemind/.jenkins_slave/workspace/rubby-ros-405/rubbynav/src/Navigation.h:17,
                 from /home/indemind/.jenkins_slave/workspace/rubby-ros-405/rubbynav/src/Navigation.cpp:7:
/home/indemind/.jenkins_slave/workspace/rubby-ros-405/rubbynav/src/../module/abby_msg/srv/nav/../../msg/common/base/CvPoint2f.h:8:13: error: template-id 'serialize<>' for 'void mind_os::serialize(mind_os::BytesBuffer&, const Point2f&)' does not match any template declaration
 inline void serialize(BytesBuffer& buffer,const cv::Point2f& data) {
             ^~~~~~~~~
In file included from /usr/local/include/mind_os/node_handle.h:6:0,
                 from /usr/local/include/mind_os/mind_os.h:1,
                 from /home/indemind/.jenkins_slave/workspace/rubby-ros-405/rubbynav/src/Navigation.h:8,
                 from /home/indemind/.jenkins_slave/workspace/rubby-ros-405/rubbynav/src/Navigation.cpp:7:
/usr/local/include/mind_os/serialization/serialization.h:76:13: note: candidates are: template<class T, class TYPE_GUARD, bool flag> void mind_os::serialize(T*, size_t, mind_os::BytesBuffer&)
 inline void serialize(T* data, size_t size, BytesBuffer& buffer) {
             ^~~~~~~~~
In file included from /usr/local/include/mind_os/node_handle.h:6:0,
                 from /usr/local/include/mind_os/mind_os.h:1,
                 from /home/indemind/.jenkins_slave/workspace/rubby-ros-405/rubbynav/src/Navigation.h:8,
                 from /home/indemind/.jenkins_slave/workspace/rubby-ros-405/rubbynav/src/Navigation.cpp:7:
/usr/local/include/mind_os/serialization/serialization.h:71:13: note:                 template<class T, class TYPE_GUARD> void mind_os::serialize(T*, size_t, mind_os::BytesBuffer&)
 inline void serialize(T* data, size_t size, BytesBuffer& buffer) {
             ^~~~~~~~~
/usr/local/include/mind_os/serialization/serialization.h:51:13: note:                 template<class T> void mind_os::serialize(const std::__cxx11::list<T>&, mind_os::BytesBuffer&)
 inline void serialize(const std::list<T>& data, BytesBuffer& buffer) {
             ^~~~~~~~~
/usr/local/include/mind_os/serialization/serialization.h:31:13: note:                 template<class T, class TYPE_GUARD> void mind_os::serialize(const std::vector<T>&, mind_os::BytesBuffer&)
 inline void serialize(const std::vector<T>& data, BytesBuffer& buffer) {
             ^~~~~~~~~
/usr/local/include/mind_os/serialization/serialization.h:20:13: note:                 template<class T> void mind_os::serialize(const T&, mind_os::BytesBuffer&)
 inline void serialize(const T& data, BytesBuffer& buffer) {
             ^~~~~~~~~
In file included from /home/indemind/.jenkins_slave/workspace/rubby-ros-405/rubbynav/src/../module/abby_msg/srv/nav/Clean.h:6:0,
                 from /home/indemind/.jenkins_slave/workspace/rubby-ros-405/rubbynav/src/Navigation.h:17,
                 from /home/indemind/.jenkins_slave/workspace/rubby-ros-405/rubbynav/src/Navigation.cpp:7:
/home/indemind/.jenkins_slave/workspace/rubby-ros-405/rubbynav/src/../module/abby_msg/srv/nav/../../msg/common/base/CvPoint2f.h: In function 'void mind_os::serialize(const T&, mind_os::BytesBuffer&) [with T = cv::Point_<float>]':
/home/indemind/.jenkins_slave/workspace/rubby-ros-405/rubbynav/src/../module/abby_msg/srv/nav/../../msg/common/base/CvPoint2f.h:15:28: error: no matching function for call to 'serialize(mind_os::BytesBuffer&, const float&)'
     serialize(buffer,data.x);
                            ^
In file included from /usr/local/include/mind_os/node_handle.h:6:0,
                 from /usr/local/include/mind_os/mind_os.h:1,
                 from /home/indemind/.jenkins_slave/workspace/rubby-ros-405/rubbynav/src/Navigation.h:8,
                 from /home/indemind/.jenkins_slave/workspace/rubby-ros-405/rubbynav/src/Navigation.cpp:7:
/usr/local/include/mind_os/serialization/serialization.h:20:13: note: candidate: template<class T> void mind_os::serialize(const T&, mind_os::BytesBuffer&)
 inline void serialize(const T& data, BytesBuffer& buffer) {
             ^~~~~~~~~
/usr/local/include/mind_os/serialization/serialization.h:20:13: note:   template argument deduction/substitution failed:
In file included from /home/indemind/.jenkins_slave/workspace/rubby-ros-405/rubbynav/src/../module/abby_msg/srv/nav/Clean.h:6:0,
                 from /home/indemind/.jenkins_slave/workspace/rubby-ros-405/rubbynav/src/Navigation.h:17,
                 from /home/indemind/.jenkins_slave/workspace/rubby-ros-405/rubbynav/src/Navigation.cpp:7:
/home/indemind/.jenkins_slave/workspace/rubby-ros-405/rubbynav/src/../module/abby_msg/srv/nav/../../msg/common/base/CvPoint2f.h:15:27: note:   cannot convert 'data.cv::Point_<float>::x' (type 'const float') to type 'mind_os::BytesBuffer&'
     serialize(buffer,data.x);
                      ~~~~~^
In file included from /usr/local/include/mind_os/node_handle.h:6:0,
                 from /usr/local/include/mind_os/mind_os.h:1,
                 from /home/indemind/.jenkins_slave/workspace/rubby-ros-405/rubbynav/src/Navigation.h:8,
                 from /home/indemind/.jenkins_slave/workspace/rubby-ros-405/rubbynav/src/Navigation.cpp:7:
/usr/local/include/mind_os/serialization/serialization.h:31:13: note: candidate: template<class T, class TYPE_GUARD> void mind_os::serialize(const std::vector<T>&, mind_os::BytesBuffer&)
 inline void serialize(const std::vector<T>& data, BytesBuffer& buffer) {
             ^~~~~~~~~
/usr/local/include/mind_os/serialization/serialization.h:31:13: note:   template argument deduction/substitution failed:
In file included from /home/indemind/.jenkins_slave/workspace/rubby-ros-405/rubbynav/src/../module/abby_msg/srv/nav/Clean.h:6:0,
                 from /home/indemind/.jenkins_slave/workspace/rubby-ros-405/rubbynav/src/Navigation.h:17,
                 from /home/indemind/.jenkins_slave/workspace/rubby-ros-405/rubbynav/src/Navigation.cpp:7:
/home/indemind/.jenkins_slave/workspace/rubby-ros-405/rubbynav/src/../module/abby_msg/srv/nav/../../msg/common/base/CvPoint2f.h:15:28: note:   'mind_os::BytesBuffer' is not derived from 'const std::vector<T>'
     serialize(buffer,data.x);
                            ^
In file included from /usr/local/include/mind_os/node_handle.h:6:0,
                 from /usr/local/include/mind_os/mind_os.h:1,
                 from /home/indemind/.jenkins_slave/workspace/rubby-ros-405/rubbynav/src/Navigation.h:8,
                 from /home/indemind/.jenkins_slave/workspace/rubby-ros-405/rubbynav/src/Navigation.cpp:7:
/usr/local/include/mind_os/serialization/serialization.h:51:13: note: candidate: template<class T> void mind_os::serialize(const std::__cxx11::list<T>&, mind_os::BytesBuffer&)
 inline void serialize(const std::list<T>& data, BytesBuffer& buffer) {
             ^~~~~~~~~
/usr/local/include/mind_os/serialization/serialization.h:51:13: note:   template argument deduction/substitution failed:
In file included from /home/indemind/.jenkins_slave/workspace/rubby-ros-405/rubbynav/src/../module/abby_msg/srv/nav/Clean.h:6:0,
                 from /home/indemind/.jenkins_slave/workspace/rubby-ros-405/rubbynav/src/Navigation.h:17,
                 from /home/indemind/.jenkins_slave/workspace/rubby-ros-405/rubbynav/src/Navigation.cpp:7:
/home/indemind/.jenkins_slave/workspace/rubby-ros-405/rubbynav/src/../module/abby_msg/srv/nav/../../msg/common/base/CvPoint2f.h:15:28: note:   'mind_os::BytesBuffer' is not derived from 'const std::__cxx11::list<T>'
     serialize(buffer,data.x);
                            ^
In file included from /usr/local/include/mind_os/node_handle.h:6:0,
                 from /usr/local/include/mind_os/mind_os.h:1,
                 from /home/indemind/.jenkins_slave/workspace/rubby-ros-405/rubbynav/src/Navigation.h:8,
                 from /home/indemind/.jenkins_slave/workspace/rubby-ros-405/rubbynav/src/Navigation.cpp:7:
/usr/local/include/mind_os/serialization/serialization.h:71:13: note: candidate: template<class T, class TYPE_GUARD> void mind_os::serialize(T*, size_t, mind_os::BytesBuffer&)
 inline void serialize(T* data, size_t size, BytesBuffer& buffer) {
             ^~~~~~~~~
/usr/local/include/mind_os/serialization/serialization.h:71:13: note:   template argument deduction/substitution failed:
In file included from /home/indemind/.jenkins_slave/workspace/rubby-ros-405/rubbynav/src/../module/abby_msg/srv/nav/Clean.h:6:0,
                 from /home/indemind/.jenkins_slave/workspace/rubby-ros-405/rubbynav/src/Navigation.h:17,
                 from /home/indemind/.jenkins_slave/workspace/rubby-ros-405/rubbynav/src/Navigation.cpp:7:
/home/indemind/.jenkins_slave/workspace/rubby-ros-405/rubbynav/src/../module/abby_msg/srv/nav/../../msg/common/base/CvPoint2f.h:15:28: note:   mismatched types 'T*' and 'mind_os::BytesBuffer'
     serialize(buffer,data.x);
                            ^
In file included from /usr/local/include/mind_os/node_handle.h:6:0,
                 from /usr/local/include/mind_os/mind_os.h:1,
                 from /home/indemind/.jenkins_slave/workspace/rubby-ros-405/rubbynav/src/Navigation.h:8,
                 from /home/indemind/.jenkins_slave/workspace/rubby-ros-405/rubbynav/src/Navigation.cpp:7:
/usr/local/include/mind_os/serialization/serialization.h:76:13: note: candidate: template<class T, class TYPE_GUARD, bool flag> void mind_os::serialize(T*, size_t, mind_os::BytesBuffer&)
 inline void serialize(T* data, size_t size, BytesBuffer& buffer) {
             ^~~~~~~~~
/usr/local/include/mind_os/serialization/serialization.h:76:13: note:   template argument deduction/substitution failed:
In file included from /home/indemind/.jenkins_slave/workspace/rubby-ros-405/rubbynav/src/../module/abby_msg/srv/nav/Clean.h:6:0,
                 from /home/indemind/.jenkins_slave/workspace/rubby-ros-405/rubbynav/src/Navigation.h:17,
                 from /home/indemind/.jenkins_slave/workspace/rubby-ros-405/rubbynav/src/Navigation.cpp:7:
/home/indemind/.jenkins_slave/workspace/rubby-ros-405/rubbynav/src/../module/abby_msg/srv/nav/../../msg/common/base/CvPoint2f.h:15:28: note:   mismatched types 'T*' and 'mind_os::BytesBuffer'
     serialize(buffer,data.x);
                            ^
/home/indemind/.jenkins_slave/workspace/rubby-ros-405/rubbynav/src/../module/abby_msg/srv/nav/../../msg/common/base/CvPoint2f.h:16:28: error: no matching function for call to 'serialize(mind_os::BytesBuffer&, const float&)'
     serialize(buffer,data.y);
                            ^
In file included from /usr/local/include/mind_os/node_handle.h:6:0,
                 from /usr/local/include/mind_os/mind_os.h:1,
                 from /home/indemind/.jenkins_slave/workspace/rubby-ros-405/rubbynav/src/Navigation.h:8,
                 from /home/indemind/.jenkins_slave/workspace/rubby-ros-405/rubbynav/src/Navigation.cpp:7:
/usr/local/include/mind_os/serialization/serialization.h:20:13: note: candidate: template<class T> void mind_os::serialize(const T&, mind_os::BytesBuffer&)
 inline void serialize(const T& data, BytesBuffer& buffer) {
             ^~~~~~~~~
/usr/local/include/mind_os/serialization/serialization.h:20:13: note:   template argument deduction/substitution failed:
In file included from /home/indemind/.jenkins_slave/workspace/rubby-ros-405/rubbynav/src/../module/abby_msg/srv/nav/Clean.h:6:0,
                 from /home/indemind/.jenkins_slave/workspace/rubby-ros-405/rubbynav/src/Navigation.h:17,
                 from /home/indemind/.jenkins_slave/workspace/rubby-ros-405/rubbynav/src/Navigation.cpp:7:
/home/indemind/.jenkins_slave/workspace/rubby-ros-405/rubbynav/src/../module/abby_msg/srv/nav/../../msg/common/base/CvPoint2f.h:16:27: note:   cannot convert 'data.cv::Point_<float>::y' (type 'const float') to type 'mind_os::BytesBuffer&'
     serialize(buffer,data.y);
                      ~~~~~^
In file included from /usr/local/include/mind_os/node_handle.h:6:0,
                 from /usr/local/include/mind_os/mind_os.h:1,
                 from /home/indemind/.jenkins_slave/workspace/rubby-ros-405/rubbynav/src/Navigation.h:8,
                 from /home/indemind/.jenkins_slave/workspace/rubby-ros-405/rubbynav/src/Navigation.cpp:7:
/usr/local/include/mind_os/serialization/serialization.h:31:13: note: candidate: template<class T, class TYPE_GUARD> void mind_os::serialize(const std::vector<T>&, mind_os::BytesBuffer&)
 inline void serialize(const std::vector<T>& data, BytesBuffer& buffer) {
             ^~~~~~~~~
/usr/local/include/mind_os/serialization/serialization.h:31:13: note:   template argument deduction/substitution failed:
In file included from /home/indemind/.jenkins_slave/workspace/rubby-ros-405/rubbynav/src/../module/abby_msg/srv/nav/Clean.h:6:0,
                 from /home/indemind/.jenkins_slave/workspace/rubby-ros-405/rubbynav/src/Navigation.h:17,
                 from /home/indemind/.jenkins_slave/workspace/rubby-ros-405/rubbynav/src/Navigation.cpp:7:
/home/indemind/.jenkins_slave/workspace/rubby-ros-405/rubbynav/src/../module/abby_msg/srv/nav/../../msg/common/base/CvPoint2f.h:16:28: note:   'mind_os::BytesBuffer' is not derived from 'const std::vector<T>'
     serialize(buffer,data.y);
                            ^
In file included from /usr/local/include/mind_os/node_handle.h:6:0,
                 from /usr/local/include/mind_os/mind_os.h:1,
                 from /home/indemind/.jenkins_slave/workspace/rubby-ros-405/rubbynav/src/Navigation.h:8,
                 from /home/indemind/.jenkins_slave/workspace/rubby-ros-405/rubbynav/src/Navigation.cpp:7:
/usr/local/include/mind_os/serialization/serialization.h:51:13: note: candidate: template<class T> void mind_os::serialize(const std::__cxx11::list<T>&, mind_os::BytesBuffer&)
 inline void serialize(const std::list<T>& data, BytesBuffer& buffer) {
             ^~~~~~~~~
/usr/local/include/mind_os/serialization/serialization.h:51:13: note:   template argument deduction/substitution failed:
In file included from /home/indemind/.jenkins_slave/workspace/rubby-ros-405/rubbynav/src/../module/abby_msg/srv/nav/Clean.h:6:0,
                 from /home/indemind/.jenkins_slave/workspace/rubby-ros-405/rubbynav/src/Navigation.h:17,
                 from /home/indemind/.jenkins_slave/workspace/rubby-ros-405/rubbynav/src/Navigation.cpp:7:
/home/indemind/.jenkins_slave/workspace/rubby-ros-405/rubbynav/src/../module/abby_msg/srv/nav/../../msg/common/base/CvPoint2f.h:16:28: note:   'mind_os::BytesBuffer' is not derived from 'const std::__cxx11::list<T>'
     serialize(buffer,data.y);
                            ^
In file included from /usr/local/include/mind_os/node_handle.h:6:0,
                 from /usr/local/include/mind_os/mind_os.h:1,
                 from /home/indemind/.jenkins_slave/workspace/rubby-ros-405/rubbynav/src/Navigation.h:8,
                 from /home/indemind/.jenkins_slave/workspace/rubby-ros-405/rubbynav/src/Navigation.cpp:7:
/usr/local/include/mind_os/serialization/serialization.h:71:13: note: candidate: template<class T, class TYPE_GUARD> void mind_os::serialize(T*, size_t, mind_os::BytesBuffer&)
 inline void serialize(T* data, size_t size, BytesBuffer& buffer) {
             ^~~~~~~~~
/usr/local/include/mind_os/serialization/serialization.h:71:13: note:   template argument deduction/substitution failed:
In file included from /home/indemind/.jenkins_slave/workspace/rubby-ros-405/rubbynav/src/../module/abby_msg/srv/nav/Clean.h:6:0,
                 from /home/indemind/.jenkins_slave/workspace/rubby-ros-405/rubbynav/src/Navigation.h:17,
                 from /home/indemind/.jenkins_slave/workspace/rubby-ros-405/rubbynav/src/Navigation.cpp:7:
/home/indemind/.jenkins_slave/workspace/rubby-ros-405/rubbynav/src/../module/abby_msg/srv/nav/../../msg/common/base/CvPoint2f.h:16:28: note:   mismatched types 'T*' and 'mind_os::BytesBuffer'
     serialize(buffer,data.y);
                            ^
In file included from /usr/local/include/mind_os/node_handle.h:6:0,
                 from /usr/local/include/mind_os/mind_os.h:1,
                 from /home/indemind/.jenkins_slave/workspace/rubby-ros-405/rubbynav/src/Navigation.h:8,
                 from /home/indemind/.jenkins_slave/workspace/rubby-ros-405/rubbynav/src/Navigation.cpp:7:
/usr/local/include/mind_os/serialization/serialization.h:76:13: note: candidate: template<class T, class TYPE_GUARD, bool flag> void mind_os::serialize(T*, size_t, mind_os::BytesBuffer&)
 inline void serialize(T* data, size_t size, BytesBuffer& buffer) {
             ^~~~~~~~~
/usr/local/include/mind_os/serialization/serialization.h:76:13: note:   template argument deduction/substitution failed:
In file included from /home/indemind/.jenkins_slave/workspace/rubby-ros-405/rubbynav/src/../module/abby_msg/srv/nav/Clean.h:6:0,
                 from /home/indemind/.jenkins_slave/workspace/rubby-ros-405/rubbynav/src/Navigation.h:17,
                 from /home/indemind/.jenkins_slave/workspace/rubby-ros-405/rubbynav/src/Navigation.cpp:7:
/home/indemind/.jenkins_slave/workspace/rubby-ros-405/rubbynav/src/../module/abby_msg/srv/nav/../../msg/common/base/CvPoint2f.h:16:28: note:   mismatched types 'T*' and 'mind_os::BytesBuffer'
     serialize(buffer,data.y);
                            ^
/home/indemind/.jenkins_slave/workspace/rubby-ros-405/rubbynav/src/../module/abby_msg/srv/nav/../../msg/common/base/CvPoint2f.h: At global scope:
/home/indemind/.jenkins_slave/workspace/rubby-ros-405/rubbynav/src/../module/abby_msg/srv/nav/../../msg/common/base/CvPoint2f.h:26:13: error: template-id 'deserialize<>' for 'void mind_os::deserialize(cv::Point2f&, mind_os::BytesBuffer&)' does not match any template declaration
 inline void deserialize(cv::Point2f& data,BytesBuffer& buffer) {
             ^~~~~~~~~~~
In file included from /usr/local/include/mind_os/node_handle.h:6:0,
                 from /usr/local/include/mind_os/mind_os.h:1,
                 from /home/indemind/.jenkins_slave/workspace/rubby-ros-405/rubbynav/src/Navigation.h:8,
                 from /home/indemind/.jenkins_slave/workspace/rubby-ros-405/rubbynav/src/Navigation.cpp:7:
/usr/local/include/mind_os/serialization/serialization.h:89:13: note: candidates are: template<class T, class TYPE_GUARD, bool flag> void mind_os::deserialize(mind_os::BytesBuffer&, T*, size_t)
 inline void deserialize(BytesBuffer& buffer, T* data, size_t size) {
             ^~~~~~~~~~~
/usr/local/include/mind_os/serialization/serialization.h:84:13: note:                 template<class T, class TYPE_GUARD> void mind_os::deserialize(mind_os::BytesBuffer&, T*, size_t)
 inline void deserialize(BytesBuffer& buffer, T* data, size_t size) {
             ^~~~~~~~~~~
In file included from /usr/local/include/mind_os/node_handle.h:6:0,
                 from /usr/local/include/mind_os/mind_os.h:1,
                 from /home/indemind/.jenkins_slave/workspace/rubby-ros-405/rubbynav/src/Navigation.h:8,
                 from /home/indemind/.jenkins_slave/workspace/rubby-ros-405/rubbynav/src/Navigation.cpp:7:
/usr/local/include/mind_os/serialization/serialization.h:59:13: note:                 template<class T> void mind_os::deserialize(mind_os::BytesBuffer&, std::__cxx11::list<T>&)
 inline void deserialize(BytesBuffer& buffer, std::list<T>& data) {
             ^~~~~~~~~~~
/usr/local/include/mind_os/serialization/serialization.h:39:13: note:                 template<class T, class TYPE_GUARD> void mind_os::deserialize(mind_os::BytesBuffer&, std::vector<T>&)
 inline void deserialize(BytesBuffer& buffer, std::vector<T>& data) {
             ^~~~~~~~~~~
/usr/local/include/mind_os/serialization/serialization.h:25:13: note:                 template<class T> void mind_os::deserialize(mind_os::BytesBuffer&, T&)
 inline void deserialize(BytesBuffer& buffer, T& data) {
             ^~~~~~~~~~~
In file included from /home/indemind/.jenkins_slave/workspace/rubby-ros-405/rubbynav/src/Navigation.h:43:0,
                 from /home/indemind/.jenkins_slave/workspace/rubby-ros-405/rubbynav/src/Navigation.cpp:7:
/home/indemind/.jenkins_slave/workspace/rubby-ros-405/rubbynav/src/../module/abby_msg/srv/server/map/RotateParamGet.h: In function 'void mind_os::serialize(const T&, mind_os::BytesBuffer&) [with T = map_srvs::RotateParamGet::Request]':
/home/indemind/.jenkins_slave/workspace/rubby-ros-405/rubbynav/src/../module/abby_msg/srv/server/map/RotateParamGet.h:33:36: error: no matching function for call to 'serialize(mind_os::BytesBuffer&, const uint64_t&)'
     serialize(buffer,data.timestamp);
                                    ^
In file included from /usr/local/include/mind_os/node_handle.h:6:0,
                 from /usr/local/include/mind_os/mind_os.h:1,
                 from /home/indemind/.jenkins_slave/workspace/rubby-ros-405/rubbynav/src/Navigation.h:8,
                 from /home/indemind/.jenkins_slave/workspace/rubby-ros-405/rubbynav/src/Navigation.cpp:7:
/usr/local/include/mind_os/serialization/serialization.h:20:13: note: candidate: template<class T> void mind_os::serialize(const T&, mind_os::BytesBuffer&)
 inline void serialize(const T& data, BytesBuffer& buffer) {
             ^~~~~~~~~
/usr/local/include/mind_os/serialization/serialization.h:20:13: note:   template argument deduction/substitution failed:
In file included from /home/indemind/.jenkins_slave/workspace/rubby-ros-405/rubbynav/src/Navigation.h:43:0,
                 from /home/indemind/.jenkins_slave/workspace/rubby-ros-405/rubbynav/src/Navigation.cpp:7:
/home/indemind/.jenkins_slave/workspace/rubby-ros-405/rubbynav/src/../module/abby_msg/srv/server/map/RotateParamGet.h:33:27: note:   cannot convert 'data.map_srvs::RotateParamGet::Request::timestamp' (type 'const uint64_t {aka const long unsigned int}') to type 'mind_os::BytesBuffer&'
     serialize(buffer,data.timestamp);
                      ~~~~~^~~~~~~~~
In file included from /usr/local/include/mind_os/node_handle.h:6:0,
                 from /usr/local/include/mind_os/mind_os.h:1,
                 from /home/indemind/.jenkins_slave/workspace/rubby-ros-405/rubbynav/src/Navigation.h:8,
                 from /home/indemind/.jenkins_slave/workspace/rubby-ros-405/rubbynav/src/Navigation.cpp:7:
/usr/local/include/mind_os/serialization/serialization.h:31:13: note: candidate: template<class T, class TYPE_GUARD> void mind_os::serialize(const std::vector<T>&, mind_os::BytesBuffer&)
 inline void serialize(const std::vector<T>& data, BytesBuffer& buffer) {
             ^~~~~~~~~
/usr/local/include/mind_os/serialization/serialization.h:31:13: note:   template argument deduction/substitution failed:
In file included from /home/indemind/.jenkins_slave/workspace/rubby-ros-405/rubbynav/src/Navigation.h:43:0,
                 from /home/indemind/.jenkins_slave/workspace/rubby-ros-405/rubbynav/src/Navigation.cpp:7:
/home/indemind/.jenkins_slave/workspace/rubby-ros-405/rubbynav/src/../module/abby_msg/srv/server/map/RotateParamGet.h:33:36: note:   'mind_os::BytesBuffer' is not derived from 'const std::vector<T>'
     serialize(buffer,data.timestamp);
                                    ^
In file included from /usr/local/include/mind_os/node_handle.h:6:0,
                 from /usr/local/include/mind_os/mind_os.h:1,
                 from /home/indemind/.jenkins_slave/workspace/rubby-ros-405/rubbynav/src/Navigation.h:8,
                 from /home/indemind/.jenkins_slave/workspace/rubby-ros-405/rubbynav/src/Navigation.cpp:7:
/usr/local/include/mind_os/serialization/serialization.h:51:13: note: candidate: template<class T> void mind_os::serialize(const std::__cxx11::list<T>&, mind_os::BytesBuffer&)
 inline void serialize(const std::list<T>& data, BytesBuffer& buffer) {
             ^~~~~~~~~
/usr/local/include/mind_os/serialization/serialization.h:51:13: note:   template argument deduction/substitution failed:
In file included from /home/indemind/.jenkins_slave/workspace/rubby-ros-405/rubbynav/src/Navigation.h:43:0,
                 from /home/indemind/.jenkins_slave/workspace/rubby-ros-405/rubbynav/src/Navigation.cpp:7:
/home/indemind/.jenkins_slave/workspace/rubby-ros-405/rubbynav/src/../module/abby_msg/srv/server/map/RotateParamGet.h:33:36: note:   'mind_os::BytesBuffer' is not derived from 'const std::__cxx11::list<T>'
     serialize(buffer,data.timestamp);
                                    ^
In file included from /usr/local/include/mind_os/node_handle.h:6:0,
                 from /usr/local/include/mind_os/mind_os.h:1,
                 from /home/indemind/.jenkins_slave/workspace/rubby-ros-405/rubbynav/src/Navigation.h:8,
                 from /home/indemind/.jenkins_slave/workspace/rubby-ros-405/rubbynav/src/Navigation.cpp:7:
/usr/local/include/mind_os/serialization/serialization.h:71:13: note: candidate: template<class T, class TYPE_GUARD> void mind_os::serialize(T*, size_t, mind_os::BytesBuffer&)
 inline void serialize(T* data, size_t size, BytesBuffer& buffer) {
             ^~~~~~~~~
/usr/local/include/mind_os/serialization/serialization.h:71:13: note:   template argument deduction/substitution failed:
In file included from /home/indemind/.jenkins_slave/workspace/rubby-ros-405/rubbynav/src/Navigation.h:43:0,
                 from /home/indemind/.jenkins_slave/workspace/rubby-ros-405/rubbynav/src/Navigation.cpp:7:
/home/indemind/.jenkins_slave/workspace/rubby-ros-405/rubbynav/src/../module/abby_msg/srv/server/map/RotateParamGet.h:33:36: note:   mismatched types 'T*' and 'mind_os::BytesBuffer'
     serialize(buffer,data.timestamp);
                                    ^
In file included from /usr/local/include/mind_os/node_handle.h:6:0,
                 from /usr/local/include/mind_os/mind_os.h:1,
                 from /home/indemind/.jenkins_slave/workspace/rubby-ros-405/rubbynav/src/Navigation.h:8,
                 from /home/indemind/.jenkins_slave/workspace/rubby-ros-405/rubbynav/src/Navigation.cpp:7:
/usr/local/include/mind_os/serialization/serialization.h:76:13: note: candidate: template<class T, class TYPE_GUARD, bool flag> void mind_os::serialize(T*, size_t, mind_os::BytesBuffer&)
 inline void serialize(T* data, size_t size, BytesBuffer& buffer) {
             ^~~~~~~~~
/usr/local/include/mind_os/serialization/serialization.h:76:13: note:   template argument deduction/substitution failed:
In file included from /home/indemind/.jenkins_slave/workspace/rubby-ros-405/rubbynav/src/Navigation.h:43:0,
                 from /home/indemind/.jenkins_slave/workspace/rubby-ros-405/rubbynav/src/Navigation.cpp:7:
/home/indemind/.jenkins_slave/workspace/rubby-ros-405/rubbynav/src/../module/abby_msg/srv/server/map/RotateParamGet.h:33:36: note:   mismatched types 'T*' and 'mind_os::BytesBuffer'
     serialize(buffer,data.timestamp);
                                    ^
/home/indemind/.jenkins_slave/workspace/rubby-ros-405/rubbynav/src/../module/abby_msg/srv/server/map/RotateParamGet.h:34:34: error: no matching function for call to 'serialize(mind_os::BytesBuffer&, const uint64_t&)'
     serialize(buffer,data.sceneId);
                                  ^
In file included from /usr/local/include/mind_os/node_handle.h:6:0,
                 from /usr/local/include/mind_os/mind_os.h:1,
                 from /home/indemind/.jenkins_slave/workspace/rubby-ros-405/rubbynav/src/Navigation.h:8,
                 from /home/indemind/.jenkins_slave/workspace/rubby-ros-405/rubbynav/src/Navigation.cpp:7:
/usr/local/include/mind_os/serialization/serialization.h:20:13: note: candidate: template<class T> void mind_os::serialize(const T&, mind_os::BytesBuffer&)
 inline void serialize(const T& data, BytesBuffer& buffer) {
             ^~~~~~~~~
/usr/local/include/mind_os/serialization/serialization.h:20:13: note:   template argument deduction/substitution failed:
In file included from /home/indemind/.jenkins_slave/workspace/rubby-ros-405/rubbynav/src/Navigation.h:43:0,
                 from /home/indemind/.jenkins_slave/workspace/rubby-ros-405/rubbynav/src/Navigation.cpp:7:
/home/indemind/.jenkins_slave/workspace/rubby-ros-405/rubbynav/src/../module/abby_msg/srv/server/map/RotateParamGet.h:34:27: note:   cannot convert 'data.map_srvs::RotateParamGet::Request::sceneId' (type 'const uint64_t {aka const long unsigned int}') to type 'mind_os::BytesBuffer&'
     serialize(buffer,data.sceneId);
                      ~~~~~^~~~~~~
In file included from /usr/local/include/mind_os/node_handle.h:6:0,
                 from /usr/local/include/mind_os/mind_os.h:1,
                 from /home/indemind/.jenkins_slave/workspace/rubby-ros-405/rubbynav/src/Navigation.h:8,
                 from /home/indemind/.jenkins_slave/workspace/rubby-ros-405/rubbynav/src/Navigation.cpp:7:
/usr/local/include/mind_os/serialization/serialization.h:31:13: note: candidate: template<class T, class TYPE_GUARD> void mind_os::serialize(const std::vector<T>&, mind_os::BytesBuffer&)
 inline void serialize(const std::vector<T>& data, BytesBuffer& buffer) {
             ^~~~~~~~~
/usr/local/include/mind_os/serialization/serialization.h:31:13: note:   template argument deduction/substitution failed:
In file included from /home/indemind/.jenkins_slave/workspace/rubby-ros-405/rubbynav/src/Navigation.h:43:0,
                 from /home/indemind/.jenkins_slave/workspace/rubby-ros-405/rubbynav/src/Navigation.cpp:7:
/home/indemind/.jenkins_slave/workspace/rubby-ros-405/rubbynav/src/../module/abby_msg/srv/server/map/RotateParamGet.h:34:34: note:   'mind_os::BytesBuffer' is not derived from 'const std::vector<T>'
     serialize(buffer,data.sceneId);
                                  ^
In file included from /usr/local/include/mind_os/node_handle.h:6:0,
                 from /usr/local/include/mind_os/mind_os.h:1,
                 from /home/indemind/.jenkins_slave/workspace/rubby-ros-405/rubbynav/src/Navigation.h:8,
                 from /home/indemind/.jenkins_slave/workspace/rubby-ros-405/rubbynav/src/Navigation.cpp:7:
/usr/local/include/mind_os/serialization/serialization.h:51:13: note: candidate: template<class T> void mind_os::serialize(const std::__cxx11::list<T>&, mind_os::BytesBuffer&)
 inline void serialize(const std::list<T>& data, BytesBuffer& buffer) {
             ^~~~~~~~~
/usr/local/include/mind_os/serialization/serialization.h:51:13: note:   template argument deduction/substitution failed:
In file included from /home/indemind/.jenkins_slave/workspace/rubby-ros-405/rubbynav/src/Navigation.h:43:0,
                 from /home/indemind/.jenkins_slave/workspace/rubby-ros-405/rubbynav/src/Navigation.cpp:7:
/home/indemind/.jenkins_slave/workspace/rubby-ros-405/rubbynav/src/../module/abby_msg/srv/server/map/RotateParamGet.h:34:34: note:   'mind_os::BytesBuffer' is not derived from 'const std::__cxx11::list<T>'
     serialize(buffer,data.sceneId);
                                  ^
In file included from /usr/local/include/mind_os/node_handle.h:6:0,
                 from /usr/local/include/mind_os/mind_os.h:1,
                 from /home/indemind/.jenkins_slave/workspace/rubby-ros-405/rubbynav/src/Navigation.h:8,
                 from /home/indemind/.jenkins_slave/workspace/rubby-ros-405/rubbynav/src/Navigation.cpp:7:
/usr/local/include/mind_os/serialization/serialization.h:71:13: note: candidate: template<class T, class TYPE_GUARD> void mind_os::serialize(T*, size_t, mind_os::BytesBuffer&)
 inline void serialize(T* data, size_t size, BytesBuffer& buffer) {
             ^~~~~~~~~
/usr/local/include/mind_os/serialization/serialization.h:71:13: note:   template argument deduction/substitution failed:
In file included from /home/indemind/.jenkins_slave/workspace/rubby-ros-405/rubbynav/src/Navigation.h:43:0,
                 from /home/indemind/.jenkins_slave/workspace/rubby-ros-405/rubbynav/src/Navigation.cpp:7:
/home/indemind/.jenkins_slave/workspace/rubby-ros-405/rubbynav/src/../module/abby_msg/srv/server/map/RotateParamGet.h:34:34: note:   mismatched types 'T*' and 'mind_os::BytesBuffer'
     serialize(buffer,data.sceneId);
                                  ^
In file included from /usr/local/include/mind_os/node_handle.h:6:0,
                 from /usr/local/include/mind_os/mind_os.h:1,
                 from /home/indemind/.jenkins_slave/workspace/rubby-ros-405/rubbynav/src/Navigation.h:8,
                 from /home/indemind/.jenkins_slave/workspace/rubby-ros-405/rubbynav/src/Navigation.cpp:7:
/usr/local/include/mind_os/serialization/serialization.h:76:13: note: candidate: template<class T, class TYPE_GUARD, bool flag> void mind_os::serialize(T*, size_t, mind_os::BytesBuffer&)
 inline void serialize(T* data, size_t size, BytesBuffer& buffer) {
             ^~~~~~~~~
/usr/local/include/mind_os/serialization/serialization.h:76:13: note:   template argument deduction/substitution failed:
In file included from /home/indemind/.jenkins_slave/workspace/rubby-ros-405/rubbynav/src/Navigation.h:43:0,
                 from /home/indemind/.jenkins_slave/workspace/rubby-ros-405/rubbynav/src/Navigation.cpp:7:
/home/indemind/.jenkins_slave/workspace/rubby-ros-405/rubbynav/src/../module/abby_msg/srv/server/map/RotateParamGet.h:34:34: note:   mismatched types 'T*' and 'mind_os::BytesBuffer'
     serialize(buffer,data.sceneId);
                                  ^
/home/indemind/.jenkins_slave/workspace/rubby-ros-405/rubbynav/src/../module/abby_msg/srv/server/map/RotateParamGet.h:35:32: error: no matching function for call to 'serialize(mind_os::BytesBuffer&, const uint64_t&)'
     serialize(buffer,data.mapId);
                                ^
In file included from /usr/local/include/mind_os/node_handle.h:6:0,
                 from /usr/local/include/mind_os/mind_os.h:1,
                 from /home/indemind/.jenkins_slave/workspace/rubby-ros-405/rubbynav/src/Navigation.h:8,
                 from /home/indemind/.jenkins_slave/workspace/rubby-ros-405/rubbynav/src/Navigation.cpp:7:
/usr/local/include/mind_os/serialization/serialization.h:20:13: note: candidate: template<class T> void mind_os::serialize(const T&, mind_os::BytesBuffer&)
 inline void serialize(const T& data, BytesBuffer& buffer) {
             ^~~~~~~~~
/usr/local/include/mind_os/serialization/serialization.h:20:13: note:   template argument deduction/substitution failed:
In file included from /home/indemind/.jenkins_slave/workspace/rubby-ros-405/rubbynav/src/Navigation.h:43:0,
                 from /home/indemind/.jenkins_slave/workspace/rubby-ros-405/rubbynav/src/Navigation.cpp:7:
/home/indemind/.jenkins_slave/workspace/rubby-ros-405/rubbynav/src/../module/abby_msg/srv/server/map/RotateParamGet.h:35:27: note:   cannot convert 'data.map_srvs::RotateParamGet::Request::mapId' (type 'const uint64_t {aka const long unsigned int}') to type 'mind_os::BytesBuffer&'
     serialize(buffer,data.mapId);
                      ~~~~~^~~~~
In file included from /usr/local/include/mind_os/node_handle.h:6:0,
                 from /usr/local/include/mind_os/mind_os.h:1,
                 from /home/indemind/.jenkins_slave/workspace/rubby-ros-405/rubbynav/src/Navigation.h:8,
                 from /home/indemind/.jenkins_slave/workspace/rubby-ros-405/rubbynav/src/Navigation.cpp:7:
/usr/local/include/mind_os/serialization/serialization.h:31:13: note: candidate: template<class T, class TYPE_GUARD> void mind_os::serialize(const std::vector<T>&, mind_os::BytesBuffer&)
 inline void serialize(const std::vector<T>& data, BytesBuffer& buffer) {
             ^~~~~~~~~
/usr/local/include/mind_os/serialization/serialization.h:31:13: note:   template argument deduction/substitution failed:
In file included from /home/indemind/.jenkins_slave/workspace/rubby-ros-405/rubbynav/src/Navigation.h:43:0,
                 from /home/indemind/.jenkins_slave/workspace/rubby-ros-405/rubbynav/src/Navigation.cpp:7:
/home/indemind/.jenkins_slave/workspace/rubby-ros-405/rubbynav/src/../module/abby_msg/srv/server/map/RotateParamGet.h:35:32: note:   'mind_os::BytesBuffer' is not derived from 'const std::vector<T>'
     serialize(buffer,data.mapId);
                                ^
In file included from /usr/local/include/mind_os/node_handle.h:6:0,
                 from /usr/local/include/mind_os/mind_os.h:1,
                 from /home/indemind/.jenkins_slave/workspace/rubby-ros-405/rubbynav/src/Navigation.h:8,
                 from /home/indemind/.jenkins_slave/workspace/rubby-ros-405/rubbynav/src/Navigation.cpp:7:
/usr/local/include/mind_os/serialization/serialization.h:51:13: note: candidate: template<class T> void mind_os::serialize(const std::__cxx11::list<T>&, mind_os::BytesBuffer&)
 inline void serialize(const std::list<T>& data, BytesBuffer& buffer) {
             ^~~~~~~~~
/usr/local/include/mind_os/serialization/serialization.h:51:13: note:   template argument deduction/substitution failed:
In file included from /home/indemind/.jenkins_slave/workspace/rubby-ros-405/rubbynav/src/Navigation.h:43:0,
                 from /home/indemind/.jenkins_slave/workspace/rubby-ros-405/rubbynav/src/Navigation.cpp:7:
/home/indemind/.jenkins_slave/workspace/rubby-ros-405/rubbynav/src/../module/abby_msg/srv/server/map/RotateParamGet.h:35:32: note:   'mind_os::BytesBuffer' is not derived from 'const std::__cxx11::list<T>'
     serialize(buffer,data.mapId);
                                ^
In file included from /usr/local/include/mind_os/node_handle.h:6:0,
                 from /usr/local/include/mind_os/mind_os.h:1,
                 from /home/indemind/.jenkins_slave/workspace/rubby-ros-405/rubbynav/src/Navigation.h:8,
                 from /home/indemind/.jenkins_slave/workspace/rubby-ros-405/rubbynav/src/Navigation.cpp:7:
/usr/local/include/mind_os/serialization/serialization.h:71:13: note: candidate: template<class T, class TYPE_GUARD> void mind_os::serialize(T*, size_t, mind_os::BytesBuffer&)
 inline void serialize(T* data, size_t size, BytesBuffer& buffer) {
             ^~~~~~~~~
/usr/local/include/mind_os/serialization/serialization.h:71:13: note:   template argument deduction/substitution failed:
In file included from /home/indemind/.jenkins_slave/workspace/rubby-ros-405/rubbynav/src/Navigation.h:43:0,
                 from /home/indemind/.jenkins_slave/workspace/rubby-ros-405/rubbynav/src/Navigation.cpp:7:
/home/indemind/.jenkins_slave/workspace/rubby-ros-405/rubbynav/src/../module/abby_msg/srv/server/map/RotateParamGet.h:35:32: note:   mismatched types 'T*' and 'mind_os::BytesBuffer'
     serialize(buffer,data.mapId);
                                ^
In file included from /usr/local/include/mind_os/node_handle.h:6:0,
                 from /usr/local/include/mind_os/mind_os.h:1,
                 from /home/indemind/.jenkins_slave/workspace/rubby-ros-405/rubbynav/src/Navigation.h:8,
                 from /home/indemind/.jenkins_slave/workspace/rubby-ros-405/rubbynav/src/Navigation.cpp:7:
/usr/local/include/mind_os/serialization/serialization.h:76:13: note: candidate: template<class T, class TYPE_GUARD, bool flag> void mind_os::serialize(T*, size_t, mind_os::BytesBuffer&)
 inline void serialize(T* data, size_t size, BytesBuffer& buffer) {
             ^~~~~~~~~
/usr/local/include/mind_os/serialization/serialization.h:76:13: note:   template argument deduction/substitution failed:
In file included from /home/indemind/.jenkins_slave/workspace/rubby-ros-405/rubbynav/src/Navigation.h:43:0,
                 from /home/indemind/.jenkins_slave/workspace/rubby-ros-405/rubbynav/src/Navigation.cpp:7:
/home/indemind/.jenkins_slave/workspace/rubby-ros-405/rubbynav/src/../module/abby_msg/srv/server/map/RotateParamGet.h:35:32: note:   mismatched types 'T*' and 'mind_os::BytesBuffer'
     serialize(buffer,data.mapId);
                                ^
/home/indemind/.jenkins_slave/workspace/rubby-ros-405/rubbynav/src/../module/abby_msg/srv/server/map/RotateParamGet.h: In function 'void mind_os::serialize(const T&, mind_os::BytesBuffer&) [with T = map_srvs::RotateParamGet::Response]':
/home/indemind/.jenkins_slave/workspace/rubby-ros-405/rubbynav/src/../module/abby_msg/srv/server/map/RotateParamGet.h:48:35: error: no matching function for call to 'serialize(mind_os::BytesBuffer&, const float&)'
     serialize(buffer,data.worldYaw);
                                   ^
In file included from /usr/local/include/mind_os/node_handle.h:6:0,
                 from /usr/local/include/mind_os/mind_os.h:1,
                 from /home/indemind/.jenkins_slave/workspace/rubby-ros-405/rubbynav/src/Navigation.h:8,
                 from /home/indemind/.jenkins_slave/workspace/rubby-ros-405/rubbynav/src/Navigation.cpp:7:
/usr/local/include/mind_os/serialization/serialization.h:20:13: note: candidate: template<class T> void mind_os::serialize(const T&, mind_os::BytesBuffer&)
 inline void serialize(const T& data, BytesBuffer& buffer) {
             ^~~~~~~~~
/usr/local/include/mind_os/serialization/serialization.h:20:13: note:   template argument deduction/substitution failed:
In file included from /home/indemind/.jenkins_slave/workspace/rubby-ros-405/rubbynav/src/Navigation.h:43:0,
                 from /home/indemind/.jenkins_slave/workspace/rubby-ros-405/rubbynav/src/Navigation.cpp:7:
/home/indemind/.jenkins_slave/workspace/rubby-ros-405/rubbynav/src/../module/abby_msg/srv/server/map/RotateParamGet.h:48:27: note:   cannot convert 'data.map_srvs::RotateParamGet::Response::worldYaw' (type 'const float') to type 'mind_os::BytesBuffer&'
     serialize(buffer,data.worldYaw);
                      ~~~~~^~~~~~~~
In file included from /usr/local/include/mind_os/node_handle.h:6:0,
                 from /usr/local/include/mind_os/mind_os.h:1,
                 from /home/indemind/.jenkins_slave/workspace/rubby-ros-405/rubbynav/src/Navigation.h:8,
                 from /home/indemind/.jenkins_slave/workspace/rubby-ros-405/rubbynav/src/Navigation.cpp:7:
/usr/local/include/mind_os/serialization/serialization.h:31:13: note: candidate: template<class T, class TYPE_GUARD> void mind_os::serialize(const std::vector<T>&, mind_os::BytesBuffer&)
 inline void serialize(const std::vector<T>& data, BytesBuffer& buffer) {
             ^~~~~~~~~
/usr/local/include/mind_os/serialization/serialization.h:31:13: note:   template argument deduction/substitution failed:
In file included from /home/indemind/.jenkins_slave/workspace/rubby-ros-405/rubbynav/src/Navigation.h:43:0,
                 from /home/indemind/.jenkins_slave/workspace/rubby-ros-405/rubbynav/src/Navigation.cpp:7:
/home/indemind/.jenkins_slave/workspace/rubby-ros-405/rubbynav/src/../module/abby_msg/srv/server/map/RotateParamGet.h:48:35: note:   'mind_os::BytesBuffer' is not derived from 'const std::vector<T>'
     serialize(buffer,data.worldYaw);
                                   ^
In file included from /usr/local/include/mind_os/node_handle.h:6:0,
                 from /usr/local/include/mind_os/mind_os.h:1,
                 from /home/indemind/.jenkins_slave/workspace/rubby-ros-405/rubbynav/src/Navigation.h:8,
                 from /home/indemind/.jenkins_slave/workspace/rubby-ros-405/rubbynav/src/Navigation.cpp:7:
/usr/local/include/mind_os/serialization/serialization.h:51:13: note: candidate: template<class T> void mind_os::serialize(const std::__cxx11::list<T>&, mind_os::BytesBuffer&)
 inline void serialize(const std::list<T>& data, BytesBuffer& buffer) {
             ^~~~~~~~~
/usr/local/include/mind_os/serialization/serialization.h:51:13: note:   template argument deduction/substitution failed:
In file included from /home/indemind/.jenkins_slave/workspace/rubby-ros-405/rubbynav/src/Navigation.h:43:0,
                 from /home/indemind/.jenkins_slave/workspace/rubby-ros-405/rubbynav/src/Navigation.cpp:7:
/home/indemind/.jenkins_slave/workspace/rubby-ros-405/rubbynav/src/../module/abby_msg/srv/server/map/RotateParamGet.h:48:35: note:   'mind_os::BytesBuffer' is not derived from 'const std::__cxx11::list<T>'
     serialize(buffer,data.worldYaw);
                                   ^
In file included from /usr/local/include/mind_os/node_handle.h:6:0,
                 from /usr/local/include/mind_os/mind_os.h:1,
                 from /home/indemind/.jenkins_slave/workspace/rubby-ros-405/rubbynav/src/Navigation.h:8,
                 from /home/indemind/.jenkins_slave/workspace/rubby-ros-405/rubbynav/src/Navigation.cpp:7:
/usr/local/include/mind_os/serialization/serialization.h:71:13: note: candidate: template<class T, class TYPE_GUARD> void mind_os::serialize(T*, size_t, mind_os::BytesBuffer&)
 inline void serialize(T* data, size_t size, BytesBuffer& buffer) {
             ^~~~~~~~~
/usr/local/include/mind_os/serialization/serialization.h:71:13: note:   template argument deduction/substitution failed:
In file included from /home/indemind/.jenkins_slave/workspace/rubby-ros-405/rubbynav/src/Navigation.h:43:0,
                 from /home/indemind/.jenkins_slave/workspace/rubby-ros-405/rubbynav/src/Navigation.cpp:7:
/home/indemind/.jenkins_slave/workspace/rubby-ros-405/rubbynav/src/../module/abby_msg/srv/server/map/RotateParamGet.h:48:35: note:   mismatched types 'T*' and 'mind_os::BytesBuffer'
     serialize(buffer,data.worldYaw);
                                   ^
In file included from /usr/local/include/mind_os/node_handle.h:6:0,
                 from /usr/local/include/mind_os/mind_os.h:1,
                 from /home/indemind/.jenkins_slave/workspace/rubby-ros-405/rubbynav/src/Navigation.h:8,
                 from /home/indemind/.jenkins_slave/workspace/rubby-ros-405/rubbynav/src/Navigation.cpp:7:
/usr/local/include/mind_os/serialization/serialization.h:76:13: note: candidate: template<class T, class TYPE_GUARD, bool flag> void mind_os::serialize(T*, size_t, mind_os::BytesBuffer&)
 inline void serialize(T* data, size_t size, BytesBuffer& buffer) {
             ^~~~~~~~~
/usr/local/include/mind_os/serialization/serialization.h:76:13: note:   template argument deduction/substitution failed:
In file included from /home/indemind/.jenkins_slave/workspace/rubby-ros-405/rubbynav/src/Navigation.h:43:0,
                 from /home/indemind/.jenkins_slave/workspace/rubby-ros-405/rubbynav/src/Navigation.cpp:7:
/home/indemind/.jenkins_slave/workspace/rubby-ros-405/rubbynav/src/../module/abby_msg/srv/server/map/RotateParamGet.h:48:35: note:   mismatched types 'T*' and 'mind_os::BytesBuffer'
     serialize(buffer,data.worldYaw);
                                   ^
/home/indemind/.jenkins_slave/workspace/rubby-ros-405/rubbynav/src/../module/abby_msg/srv/server/map/RotateParamGet.h:49:34: error: no matching function for call to 'serialize(mind_os::BytesBuffer&, const bool&)'
     serialize(buffer,data.success);
                                  ^
In file included from /usr/local/include/mind_os/node_handle.h:6:0,
                 from /usr/local/include/mind_os/mind_os.h:1,
                 from /home/indemind/.jenkins_slave/workspace/rubby-ros-405/rubbynav/src/Navigation.h:8,
                 from /home/indemind/.jenkins_slave/workspace/rubby-ros-405/rubbynav/src/Navigation.cpp:7:
/usr/local/include/mind_os/serialization/serialization.h:20:13: note: candidate: template<class T> void mind_os::serialize(const T&, mind_os::BytesBuffer&)
 inline void serialize(const T& data, BytesBuffer& buffer) {
             ^~~~~~~~~
/usr/local/include/mind_os/serialization/serialization.h:20:13: note:   template argument deduction/substitution failed:
In file included from /home/indemind/.jenkins_slave/workspace/rubby-ros-405/rubbynav/src/Navigation.h:43:0,
                 from /home/indemind/.jenkins_slave/workspace/rubby-ros-405/rubbynav/src/Navigation.cpp:7:
/home/indemind/.jenkins_slave/workspace/rubby-ros-405/rubbynav/src/../module/abby_msg/srv/server/map/RotateParamGet.h:49:27: note:   cannot convert 'data.map_srvs::RotateParamGet::Response::success' (type 'const bool') to type 'mind_os::BytesBuffer&'
     serialize(buffer,data.success);
                      ~~~~~^~~~~~~
In file included from /usr/local/include/mind_os/node_handle.h:6:0,
                 from /usr/local/include/mind_os/mind_os.h:1,
                 from /home/indemind/.jenkins_slave/workspace/rubby-ros-405/rubbynav/src/Navigation.h:8,
                 from /home/indemind/.jenkins_slave/workspace/rubby-ros-405/rubbynav/src/Navigation.cpp:7:
/usr/local/include/mind_os/serialization/serialization.h:31:13: note: candidate: template<class T, class TYPE_GUARD> void mind_os::serialize(const std::vector<T>&, mind_os::BytesBuffer&)
 inline void serialize(const std::vector<T>& data, BytesBuffer& buffer) {
             ^~~~~~~~~
/usr/local/include/mind_os/serialization/serialization.h:31:13: note:   template argument deduction/substitution failed:
In file included from /home/indemind/.jenkins_slave/workspace/rubby-ros-405/rubbynav/src/Navigation.h:43:0,
                 from /home/indemind/.jenkins_slave/workspace/rubby-ros-405/rubbynav/src/Navigation.cpp:7:
/home/indemind/.jenkins_slave/workspace/rubby-ros-405/rubbynav/src/../module/abby_msg/srv/server/map/RotateParamGet.h:49:34: note:   'mind_os::BytesBuffer' is not derived from 'const std::vector<T>'
     serialize(buffer,data.success);
                                  ^
In file included from /usr/local/include/mind_os/node_handle.h:6:0,
                 from /usr/local/include/mind_os/mind_os.h:1,
                 from /home/indemind/.jenkins_slave/workspace/rubby-ros-405/rubbynav/src/Navigation.h:8,
                 from /home/indemind/.jenkins_slave/workspace/rubby-ros-405/rubbynav/src/Navigation.cpp:7:
/usr/local/include/mind_os/serialization/serialization.h:51:13: note: candidate: template<class T> void mind_os::serialize(const std::__cxx11::list<T>&, mind_os::BytesBuffer&)
 inline void serialize(const std::list<T>& data, BytesBuffer& buffer) {
             ^~~~~~~~~
/usr/local/include/mind_os/serialization/serialization.h:51:13: note:   template argument deduction/substitution failed:
In file included from /home/indemind/.jenkins_slave/workspace/rubby-ros-405/rubbynav/src/Navigation.h:43:0,
                 from /home/indemind/.jenkins_slave/workspace/rubby-ros-405/rubbynav/src/Navigation.cpp:7:
/home/indemind/.jenkins_slave/workspace/rubby-ros-405/rubbynav/src/../module/abby_msg/srv/server/map/RotateParamGet.h:49:34: note:   'mind_os::BytesBuffer' is not derived from 'const std::__cxx11::list<T>'
     serialize(buffer,data.success);
                                  ^
In file included from /usr/local/include/mind_os/node_handle.h:6:0,
                 from /usr/local/include/mind_os/mind_os.h:1,
                 from /home/indemind/.jenkins_slave/workspace/rubby-ros-405/rubbynav/src/Navigation.h:8,
                 from /home/indemind/.jenkins_slave/workspace/rubby-ros-405/rubbynav/src/Navigation.cpp:7:
/usr/local/include/mind_os/serialization/serialization.h:71:13: note: candidate: template<class T, class TYPE_GUARD> void mind_os::serialize(T*, size_t, mind_os::BytesBuffer&)
 inline void serialize(T* data, size_t size, BytesBuffer& buffer) {
             ^~~~~~~~~
/usr/local/include/mind_os/serialization/serialization.h:71:13: note:   template argument deduction/substitution failed:
In file included from /home/indemind/.jenkins_slave/workspace/rubby-ros-405/rubbynav/src/Navigation.h:43:0,
                 from /home/indemind/.jenkins_slave/workspace/rubby-ros-405/rubbynav/src/Navigation.cpp:7:
/home/indemind/.jenkins_slave/workspace/rubby-ros-405/rubbynav/src/../module/abby_msg/srv/server/map/RotateParamGet.h:49:34: note:   mismatched types 'T*' and 'mind_os::BytesBuffer'
     serialize(buffer,data.success);
                                  ^
In file included from /usr/local/include/mind_os/node_handle.h:6:0,
                 from /usr/local/include/mind_os/mind_os.h:1,
                 from /home/indemind/.jenkins_slave/workspace/rubby-ros-405/rubbynav/src/Navigation.h:8,
                 from /home/indemind/.jenkins_slave/workspace/rubby-ros-405/rubbynav/src/Navigation.cpp:7:
/usr/local/include/mind_os/serialization/serialization.h:76:13: note: candidate: template<class T, class TYPE_GUARD, bool flag> void mind_os::serialize(T*, size_t, mind_os::BytesBuffer&)
 inline void serialize(T* data, size_t size, BytesBuffer& buffer) {
             ^~~~~~~~~
/usr/local/include/mind_os/serialization/serialization.h:76:13: note:   template argument deduction/substitution failed:
In file included from /home/indemind/.jenkins_slave/workspace/rubby-ros-405/rubbynav/src/Navigation.h:43:0,
                 from /home/indemind/.jenkins_slave/workspace/rubby-ros-405/rubbynav/src/Navigation.cpp:7:
/home/indemind/.jenkins_slave/workspace/rubby-ros-405/rubbynav/src/../module/abby_msg/srv/server/map/RotateParamGet.h:49:34: note:   mismatched types 'T*' and 'mind_os::BytesBuffer'
     serialize(buffer,data.success);
                                  ^
In file included from /home/indemind/.jenkins_slave/workspace/rubby-ros-405/rubbynav/src/Navigation.h:61:0,
                 from /home/indemind/.jenkins_slave/workspace/rubby-ros-405/rubbynav/src/Navigation.cpp:7:
/home/indemind/.jenkins_slave/workspace/rubby-ros-405/rubbynav/src/../module/abby_msg/msg/server/state/PdReady.h: In function 'void mind_os::serialize(const T&, mind_os::BytesBuffer&) [with T = state_msgs::PdReady]':
/home/indemind/.jenkins_slave/workspace/rubby-ros-405/rubbynav/src/../module/abby_msg/msg/server/state/PdReady.h:17:33: error: no matching function for call to 'serialize(mind_os::BytesBuffer&, const uint8_t&)'
     serialize(buffer, data.state);
                                 ^
In file included from /usr/local/include/mind_os/node_handle.h:6:0,
                 from /usr/local/include/mind_os/mind_os.h:1,
                 from /home/indemind/.jenkins_slave/workspace/rubby-ros-405/rubbynav/src/Navigation.h:8,
                 from /home/indemind/.jenkins_slave/workspace/rubby-ros-405/rubbynav/src/Navigation.cpp:7:
/usr/local/include/mind_os/serialization/serialization.h:20:13: note: candidate: template<class T> void mind_os::serialize(const T&, mind_os::BytesBuffer&)
 inline void serialize(const T& data, BytesBuffer& buffer) {
             ^~~~~~~~~
/usr/local/include/mind_os/serialization/serialization.h:20:13: note:   template argument deduction/substitution failed:
In file included from /home/indemind/.jenkins_slave/workspace/rubby-ros-405/rubbynav/src/Navigation.h:61:0,
                 from /home/indemind/.jenkins_slave/workspace/rubby-ros-405/rubbynav/src/Navigation.cpp:7:
/home/indemind/.jenkins_slave/workspace/rubby-ros-405/rubbynav/src/../module/abby_msg/msg/server/state/PdReady.h:17:28: note:   cannot convert 'data.state_msgs::PdReady::state' (type 'const uint8_t {aka const unsigned char}') to type 'mind_os::BytesBuffer&'
     serialize(buffer, data.state);
                       ~~~~~^~~~~
In file included from /usr/local/include/mind_os/node_handle.h:6:0,
                 from /usr/local/include/mind_os/mind_os.h:1,
                 from /home/indemind/.jenkins_slave/workspace/rubby-ros-405/rubbynav/src/Navigation.h:8,
                 from /home/indemind/.jenkins_slave/workspace/rubby-ros-405/rubbynav/src/Navigation.cpp:7:
/usr/local/include/mind_os/serialization/serialization.h:31:13: note: candidate: template<class T, class TYPE_GUARD> void mind_os::serialize(const std::vector<T>&, mind_os::BytesBuffer&)
 inline void serialize(const std::vector<T>& data, BytesBuffer& buffer) {
             ^~~~~~~~~
/usr/local/include/mind_os/serialization/serialization.h:31:13: note:   template argument deduction/substitution failed:
In file included from /home/indemind/.jenkins_slave/workspace/rubby-ros-405/rubbynav/src/Navigation.h:61:0,
                 from /home/indemind/.jenkins_slave/workspace/rubby-ros-405/rubbynav/src/Navigation.cpp:7:
/home/indemind/.jenkins_slave/workspace/rubby-ros-405/rubbynav/src/../module/abby_msg/msg/server/state/PdReady.h:17:33: note:   'mind_os::BytesBuffer' is not derived from 'const std::vector<T>'
     serialize(buffer, data.state);
                                 ^
In file included from /usr/local/include/mind_os/node_handle.h:6:0,
                 from /usr/local/include/mind_os/mind_os.h:1,
                 from /home/indemind/.jenkins_slave/workspace/rubby-ros-405/rubbynav/src/Navigation.h:8,
                 from /home/indemind/.jenkins_slave/workspace/rubby-ros-405/rubbynav/src/Navigation.cpp:7:
/usr/local/include/mind_os/serialization/serialization.h:51:13: note: candidate: template<class T> void mind_os::serialize(const std::__cxx11::list<T>&, mind_os::BytesBuffer&)
 inline void serialize(const std::list<T>& data, BytesBuffer& buffer) {
             ^~~~~~~~~
/usr/local/include/mind_os/serialization/serialization.h:51:13: note:   template argument deduction/substitution failed:
In file included from /home/indemind/.jenkins_slave/workspace/rubby-ros-405/rubbynav/src/Navigation.h:61:0,
                 from /home/indemind/.jenkins_slave/workspace/rubby-ros-405/rubbynav/src/Navigation.cpp:7:
/home/indemind/.jenkins_slave/workspace/rubby-ros-405/rubbynav/src/../module/abby_msg/msg/server/state/PdReady.h:17:33: note:   'mind_os::BytesBuffer' is not derived from 'const std::__cxx11::list<T>'
     serialize(buffer, data.state);
                                 ^
In file included from /usr/local/include/mind_os/node_handle.h:6:0,
                 from /usr/local/include/mind_os/mind_os.h:1,
                 from /home/indemind/.jenkins_slave/workspace/rubby-ros-405/rubbynav/src/Navigation.h:8,
                 from /home/indemind/.jenkins_slave/workspace/rubby-ros-405/rubbynav/src/Navigation.cpp:7:
/usr/local/include/mind_os/serialization/serialization.h:71:13: note: candidate: template<class T, class TYPE_GUARD> void mind_os::serialize(T*, size_t, mind_os::BytesBuffer&)
 inline void serialize(T* data, size_t size, BytesBuffer& buffer) {
             ^~~~~~~~~
/usr/local/include/mind_os/serialization/serialization.h:71:13: note:   template argument deduction/substitution failed:
In file included from /home/indemind/.jenkins_slave/workspace/rubby-ros-405/rubbynav/src/Navigation.h:61:0,
                 from /home/indemind/.jenkins_slave/workspace/rubby-ros-405/rubbynav/src/Navigation.cpp:7:
/home/indemind/.jenkins_slave/workspace/rubby-ros-405/rubbynav/src/../module/abby_msg/msg/server/state/PdReady.h:17:33: note:   mismatched types 'T*' and 'mind_os::BytesBuffer'
     serialize(buffer, data.state);
                                 ^
In file included from /usr/local/include/mind_os/node_handle.h:6:0,
                 from /usr/local/include/mind_os/mind_os.h:1,
                 from /home/indemind/.jenkins_slave/workspace/rubby-ros-405/rubbynav/src/Navigation.h:8,
                 from /home/indemind/.jenkins_slave/workspace/rubby-ros-405/rubbynav/src/Navigation.cpp:7:
/usr/local/include/mind_os/serialization/serialization.h:76:13: note: candidate: template<class T, class TYPE_GUARD, bool flag> void mind_os::serialize(T*, size_t, mind_os::BytesBuffer&)
 inline void serialize(T* data, size_t size, BytesBuffer& buffer) {
             ^~~~~~~~~
/usr/local/include/mind_os/serialization/serialization.h:76:13: note:   template argument deduction/substitution failed:
In file included from /home/indemind/.jenkins_slave/workspace/rubby-ros-405/rubbynav/src/Navigation.h:61:0,
                 from /home/indemind/.jenkins_slave/workspace/rubby-ros-405/rubbynav/src/Navigation.cpp:7:
/home/indemind/.jenkins_slave/workspace/rubby-ros-405/rubbynav/src/../module/abby_msg/msg/server/state/PdReady.h:17:33: note:   mismatched types 'T*' and 'mind_os::BytesBuffer'
     serialize(buffer, data.state);
                                 ^
[  7%] Building CXX object CMakeFiles/nav_plugin.dir/module/common/Operation/Operation.cpp.o
In file included from /home/indemind/.jenkins_slave/workspace/rubby-ros-405/rubbynav/src/LinkLayer.h:23:0,
                 from /home/indemind/.jenkins_slave/workspace/rubby-ros-405/rubbynav/src/LinkLayer.cpp:5:
/home/indemind/.jenkins_slave/workspace/rubby-ros-405/rubbynav/src/../module/abby_msg/srv/server/map/RotateParamGet.h: In function 'void mind_os::serialize(const T&, mind_os::BytesBuffer&) [with T = map_srvs::RotateParamGet::Request]':
/home/indemind/.jenkins_slave/workspace/rubby-ros-405/rubbynav/src/../module/abby_msg/srv/server/map/RotateParamGet.h:33:36: error: no matching function for call to 'serialize(mind_os::BytesBuffer&, const uint64_t&)'
     serialize(buffer,data.timestamp);
                                    ^
In file included from /usr/local/include/mind_os/node_handle.h:6:0,
                 from /usr/local/include/mind_os/mind_os.h:1,
                 from /home/indemind/.jenkins_slave/workspace/rubby-ros-405/rubbynav/module/common/Log/Log.h:16,
                 from /home/indemind/.jenkins_slave/workspace/rubby-ros-405/rubbynav/module/motion/motionSDK/motionsdk.h:14,
                 from /home/indemind/.jenkins_slave/workspace/rubby-ros-405/rubbynav/module/hsm/include/hsmTopLevel.h:4,
                 from /home/indemind/.jenkins_slave/workspace/rubby-ros-405/rubbynav/src/LinkLayer.h:10,
                 from /home/indemind/.jenkins_slave/workspace/rubby-ros-405/rubbynav/src/LinkLayer.cpp:5:
/usr/local/include/mind_os/serialization/serialization.h:20:13: note: candidate: template<class T> void mind_os::serialize(const T&, mind_os::BytesBuffer&)
 inline void serialize(const T& data, BytesBuffer& buffer) {
             ^~~~~~~~~
/usr/local/include/mind_os/serialization/serialization.h:20:13: note:   template argument deduction/substitution failed:
In file included from /home/indemind/.jenkins_slave/workspace/rubby-ros-405/rubbynav/src/LinkLayer.h:23:0,
                 from /home/indemind/.jenkins_slave/workspace/rubby-ros-405/rubbynav/src/LinkLayer.cpp:5:
/home/indemind/.jenkins_slave/workspace/rubby-ros-405/rubbynav/src/../module/abby_msg/srv/server/map/RotateParamGet.h:33:27: note:   cannot convert 'data.map_srvs::RotateParamGet::Request::timestamp' (type 'const uint64_t {aka const long unsigned int}') to type 'mind_os::BytesBuffer&'
     serialize(buffer,data.timestamp);
                      ~~~~~^~~~~~~~~
In file included from /usr/local/include/mind_os/node_handle.h:6:0,
                 from /usr/local/include/mind_os/mind_os.h:1,
                 from /home/indemind/.jenkins_slave/workspace/rubby-ros-405/rubbynav/module/common/Log/Log.h:16,
                 from /home/indemind/.jenkins_slave/workspace/rubby-ros-405/rubbynav/module/motion/motionSDK/motionsdk.h:14,
                 from /home/indemind/.jenkins_slave/workspace/rubby-ros-405/rubbynav/module/hsm/include/hsmTopLevel.h:4,
                 from /home/indemind/.jenkins_slave/workspace/rubby-ros-405/rubbynav/src/LinkLayer.h:10,
                 from /home/indemind/.jenkins_slave/workspace/rubby-ros-405/rubbynav/src/LinkLayer.cpp:5:
/usr/local/include/mind_os/serialization/serialization.h:31:13: note: candidate: template<class T, class TYPE_GUARD> void mind_os::serialize(const std::vector<_Tp>&, mind_os::BytesBuffer&)
 inline void serialize(const std::vector<T>& data, BytesBuffer& buffer) {
             ^~~~~~~~~
/usr/local/include/mind_os/serialization/serialization.h:31:13: note:   template argument deduction/substitution failed:
In file included from /home/indemind/.jenkins_slave/workspace/rubby-ros-405/rubbynav/src/LinkLayer.h:23:0,
                 from /home/indemind/.jenkins_slave/workspace/rubby-ros-405/rubbynav/src/LinkLayer.cpp:5:
/home/indemind/.jenkins_slave/workspace/rubby-ros-405/rubbynav/src/../module/abby_msg/srv/server/map/RotateParamGet.h:33:36: note:   'mind_os::BytesBuffer' is not derived from 'const std::vector<_Tp>'
     serialize(buffer,data.timestamp);
                                    ^
In file included from /usr/local/include/mind_os/node_handle.h:6:0,
                 from /usr/local/include/mind_os/mind_os.h:1,
                 from /home/indemind/.jenkins_slave/workspace/rubby-ros-405/rubbynav/module/common/Log/Log.h:16,
                 from /home/indemind/.jenkins_slave/workspace/rubby-ros-405/rubbynav/module/motion/motionSDK/motionsdk.h:14,
                 from /home/indemind/.jenkins_slave/workspace/rubby-ros-405/rubbynav/module/hsm/include/hsmTopLevel.h:4,
                 from /home/indemind/.jenkins_slave/workspace/rubby-ros-405/rubbynav/src/LinkLayer.h:10,
                 from /home/indemind/.jenkins_slave/workspace/rubby-ros-405/rubbynav/src/LinkLayer.cpp:5:
/usr/local/include/mind_os/serialization/serialization.h:51:13: note: candidate: template<class T> void mind_os::serialize(const std::__cxx11::list<T>&, mind_os::BytesBuffer&)
 inline void serialize(const std::list<T>& data, BytesBuffer& buffer) {
             ^~~~~~~~~
/usr/local/include/mind_os/serialization/serialization.h:51:13: note:   template argument deduction/substitution failed:
In file included from /home/indemind/.jenkins_slave/workspace/rubby-ros-405/rubbynav/src/LinkLayer.h:23:0,
                 from /home/indemind/.jenkins_slave/workspace/rubby-ros-405/rubbynav/src/LinkLayer.cpp:5:
/home/indemind/.jenkins_slave/workspace/rubby-ros-405/rubbynav/src/../module/abby_msg/srv/server/map/RotateParamGet.h:33:36: note:   'mind_os::BytesBuffer' is not derived from 'const std::__cxx11::list<T>'
     serialize(buffer,data.timestamp);
                                    ^
In file included from /usr/local/include/mind_os/node_handle.h:6:0,
                 from /usr/local/include/mind_os/mind_os.h:1,
                 from /home/indemind/.jenkins_slave/workspace/rubby-ros-405/rubbynav/module/common/Log/Log.h:16,
                 from /home/indemind/.jenkins_slave/workspace/rubby-ros-405/rubbynav/module/motion/motionSDK/motionsdk.h:14,
                 from /home/indemind/.jenkins_slave/workspace/rubby-ros-405/rubbynav/module/hsm/include/hsmTopLevel.h:4,
                 from /home/indemind/.jenkins_slave/workspace/rubby-ros-405/rubbynav/src/LinkLayer.h:10,
                 from /home/indemind/.jenkins_slave/workspace/rubby-ros-405/rubbynav/src/LinkLayer.cpp:5:
/usr/local/include/mind_os/serialization/serialization.h:71:13: note: candidate: template<class T, class TYPE_GUARD> void mind_os::serialize(T*, size_t, mind_os::BytesBuffer&)
 inline void serialize(T* data, size_t size, BytesBuffer& buffer) {
             ^~~~~~~~~
/usr/local/include/mind_os/serialization/serialization.h:71:13: note:   template argument deduction/substitution failed:
In file included from /home/indemind/.jenkins_slave/workspace/rubby-ros-405/rubbynav/src/LinkLayer.h:23:0,
                 from /home/indemind/.jenkins_slave/workspace/rubby-ros-405/rubbynav/src/LinkLayer.cpp:5:
/home/indemind/.jenkins_slave/workspace/rubby-ros-405/rubbynav/src/../module/abby_msg/srv/server/map/RotateParamGet.h:33:36: note:   mismatched types 'T*' and 'mind_os::BytesBuffer'
     serialize(buffer,data.timestamp);
                                    ^
In file included from /usr/local/include/mind_os/node_handle.h:6:0,
                 from /usr/local/include/mind_os/mind_os.h:1,
                 from /home/indemind/.jenkins_slave/workspace/rubby-ros-405/rubbynav/module/common/Log/Log.h:16,
                 from /home/indemind/.jenkins_slave/workspace/rubby-ros-405/rubbynav/module/motion/motionSDK/motionsdk.h:14,
                 from /home/indemind/.jenkins_slave/workspace/rubby-ros-405/rubbynav/module/hsm/include/hsmTopLevel.h:4,
                 from /home/indemind/.jenkins_slave/workspace/rubby-ros-405/rubbynav/src/LinkLayer.h:10,
                 from /home/indemind/.jenkins_slave/workspace/rubby-ros-405/rubbynav/src/LinkLayer.cpp:5:
/usr/local/include/mind_os/serialization/serialization.h:76:13: note: candidate: template<class T, class TYPE_GUARD, bool flag> void mind_os::serialize(T*, size_t, mind_os::BytesBuffer&)
 inline void serialize(T* data, size_t size, BytesBuffer& buffer) {
             ^~~~~~~~~
/usr/local/include/mind_os/serialization/serialization.h:76:13: note:   template argument deduction/substitution failed:
In file included from /home/indemind/.jenkins_slave/workspace/rubby-ros-405/rubbynav/src/LinkLayer.h:23:0,
                 from /home/indemind/.jenkins_slave/workspace/rubby-ros-405/rubbynav/src/LinkLayer.cpp:5:
/home/indemind/.jenkins_slave/workspace/rubby-ros-405/rubbynav/src/../module/abby_msg/srv/server/map/RotateParamGet.h:33:36: note:   mismatched types 'T*' and 'mind_os::BytesBuffer'
     serialize(buffer,data.timestamp);
                                    ^
/home/indemind/.jenkins_slave/workspace/rubby-ros-405/rubbynav/src/../module/abby_msg/srv/server/map/RotateParamGet.h:34:34: error: no matching function for call to 'serialize(mind_os::BytesBuffer&, const uint64_t&)'
     serialize(buffer,data.sceneId);
                                  ^
In file included from /usr/local/include/mind_os/node_handle.h:6:0,
                 from /usr/local/include/mind_os/mind_os.h:1,
                 from /home/indemind/.jenkins_slave/workspace/rubby-ros-405/rubbynav/module/common/Log/Log.h:16,
                 from /home/indemind/.jenkins_slave/workspace/rubby-ros-405/rubbynav/module/motion/motionSDK/motionsdk.h:14,
                 from /home/indemind/.jenkins_slave/workspace/rubby-ros-405/rubbynav/module/hsm/include/hsmTopLevel.h:4,
                 from /home/indemind/.jenkins_slave/workspace/rubby-ros-405/rubbynav/src/LinkLayer.h:10,
                 from /home/indemind/.jenkins_slave/workspace/rubby-ros-405/rubbynav/src/LinkLayer.cpp:5:
/usr/local/include/mind_os/serialization/serialization.h:20:13: note: candidate: template<class T> void mind_os::serialize(const T&, mind_os::BytesBuffer&)
 inline void serialize(const T& data, BytesBuffer& buffer) {
             ^~~~~~~~~
/usr/local/include/mind_os/serialization/serialization.h:20:13: note:   template argument deduction/substitution failed:
In file included from /home/indemind/.jenkins_slave/workspace/rubby-ros-405/rubbynav/src/LinkLayer.h:23:0,
                 from /home/indemind/.jenkins_slave/workspace/rubby-ros-405/rubbynav/src/LinkLayer.cpp:5:
/home/indemind/.jenkins_slave/workspace/rubby-ros-405/rubbynav/src/../module/abby_msg/srv/server/map/RotateParamGet.h:34:27: note:   cannot convert 'data.map_srvs::RotateParamGet::Request::sceneId' (type 'const uint64_t {aka const long unsigned int}') to type 'mind_os::BytesBuffer&'
     serialize(buffer,data.sceneId);
                      ~~~~~^~~~~~~
In file included from /usr/local/include/mind_os/node_handle.h:6:0,
                 from /usr/local/include/mind_os/mind_os.h:1,
                 from /home/indemind/.jenkins_slave/workspace/rubby-ros-405/rubbynav/module/common/Log/Log.h:16,
                 from /home/indemind/.jenkins_slave/workspace/rubby-ros-405/rubbynav/module/motion/motionSDK/motionsdk.h:14,
                 from /home/indemind/.jenkins_slave/workspace/rubby-ros-405/rubbynav/module/hsm/include/hsmTopLevel.h:4,
                 from /home/indemind/.jenkins_slave/workspace/rubby-ros-405/rubbynav/src/LinkLayer.h:10,
                 from /home/indemind/.jenkins_slave/workspace/rubby-ros-405/rubbynav/src/LinkLayer.cpp:5:
/usr/local/include/mind_os/serialization/serialization.h:31:13: note: candidate: template<class T, class TYPE_GUARD> void mind_os::serialize(const std::vector<_Tp>&, mind_os::BytesBuffer&)
 inline void serialize(const std::vector<T>& data, BytesBuffer& buffer) {
             ^~~~~~~~~
/usr/local/include/mind_os/serialization/serialization.h:31:13: note:   template argument deduction/substitution failed:
In file included from /home/indemind/.jenkins_slave/workspace/rubby-ros-405/rubbynav/src/LinkLayer.h:23:0,
                 from /home/indemind/.jenkins_slave/workspace/rubby-ros-405/rubbynav/src/LinkLayer.cpp:5:
/home/indemind/.jenkins_slave/workspace/rubby-ros-405/rubbynav/src/../module/abby_msg/srv/server/map/RotateParamGet.h:34:34: note:   'mind_os::BytesBuffer' is not derived from 'const std::vector<_Tp>'
     serialize(buffer,data.sceneId);
                                  ^
In file included from /usr/local/include/mind_os/node_handle.h:6:0,
                 from /usr/local/include/mind_os/mind_os.h:1,
                 from /home/indemind/.jenkins_slave/workspace/rubby-ros-405/rubbynav/module/common/Log/Log.h:16,
                 from /home/indemind/.jenkins_slave/workspace/rubby-ros-405/rubbynav/module/motion/motionSDK/motionsdk.h:14,
                 from /home/indemind/.jenkins_slave/workspace/rubby-ros-405/rubbynav/module/hsm/include/hsmTopLevel.h:4,
                 from /home/indemind/.jenkins_slave/workspace/rubby-ros-405/rubbynav/src/LinkLayer.h:10,
                 from /home/indemind/.jenkins_slave/workspace/rubby-ros-405/rubbynav/src/LinkLayer.cpp:5:
/usr/local/include/mind_os/serialization/serialization.h:51:13: note: candidate: template<class T> void mind_os::serialize(const std::__cxx11::list<T>&, mind_os::BytesBuffer&)
 inline void serialize(const std::list<T>& data, BytesBuffer& buffer) {
             ^~~~~~~~~
/usr/local/include/mind_os/serialization/serialization.h:51:13: note:   template argument deduction/substitution failed:
In file included from /home/indemind/.jenkins_slave/workspace/rubby-ros-405/rubbynav/src/LinkLayer.h:23:0,
                 from /home/indemind/.jenkins_slave/workspace/rubby-ros-405/rubbynav/src/LinkLayer.cpp:5:
/home/indemind/.jenkins_slave/workspace/rubby-ros-405/rubbynav/src/../module/abby_msg/srv/server/map/RotateParamGet.h:34:34: note:   'mind_os::BytesBuffer' is not derived from 'const std::__cxx11::list<T>'
     serialize(buffer,data.sceneId);
                                  ^
In file included from /usr/local/include/mind_os/node_handle.h:6:0,
                 from /usr/local/include/mind_os/mind_os.h:1,
                 from /home/indemind/.jenkins_slave/workspace/rubby-ros-405/rubbynav/module/common/Log/Log.h:16,
                 from /home/indemind/.jenkins_slave/workspace/rubby-ros-405/rubbynav/module/motion/motionSDK/motionsdk.h:14,
                 from /home/indemind/.jenkins_slave/workspace/rubby-ros-405/rubbynav/module/hsm/include/hsmTopLevel.h:4,
                 from /home/indemind/.jenkins_slave/workspace/rubby-ros-405/rubbynav/src/LinkLayer.h:10,
                 from /home/indemind/.jenkins_slave/workspace/rubby-ros-405/rubbynav/src/LinkLayer.cpp:5:
/usr/local/include/mind_os/serialization/serialization.h:71:13: note: candidate: template<class T, class TYPE_GUARD> void mind_os::serialize(T*, size_t, mind_os::BytesBuffer&)
 inline void serialize(T* data, size_t size, BytesBuffer& buffer) {
             ^~~~~~~~~
/usr/local/include/mind_os/serialization/serialization.h:71:13: note:   template argument deduction/substitution failed:
In file included from /home/indemind/.jenkins_slave/workspace/rubby-ros-405/rubbynav/src/LinkLayer.h:23:0,
                 from /home/indemind/.jenkins_slave/workspace/rubby-ros-405/rubbynav/src/LinkLayer.cpp:5:
/home/indemind/.jenkins_slave/workspace/rubby-ros-405/rubbynav/src/../module/abby_msg/srv/server/map/RotateParamGet.h:34:34: note:   mismatched types 'T*' and 'mind_os::BytesBuffer'
     serialize(buffer,data.sceneId);
                                  ^
In file included from /usr/local/include/mind_os/node_handle.h:6:0,
                 from /usr/local/include/mind_os/mind_os.h:1,
                 from /home/indemind/.jenkins_slave/workspace/rubby-ros-405/rubbynav/module/common/Log/Log.h:16,
                 from /home/indemind/.jenkins_slave/workspace/rubby-ros-405/rubbynav/module/motion/motionSDK/motionsdk.h:14,
                 from /home/indemind/.jenkins_slave/workspace/rubby-ros-405/rubbynav/module/hsm/include/hsmTopLevel.h:4,
                 from /home/indemind/.jenkins_slave/workspace/rubby-ros-405/rubbynav/src/LinkLayer.h:10,
                 from /home/indemind/.jenkins_slave/workspace/rubby-ros-405/rubbynav/src/LinkLayer.cpp:5:
/usr/local/include/mind_os/serialization/serialization.h:76:13: note: candidate: template<class T, class TYPE_GUARD, bool flag> void mind_os::serialize(T*, size_t, mind_os::BytesBuffer&)
 inline void serialize(T* data, size_t size, BytesBuffer& buffer) {
             ^~~~~~~~~
/usr/local/include/mind_os/serialization/serialization.h:76:13: note:   template argument deduction/substitution failed:
In file included from /home/indemind/.jenkins_slave/workspace/rubby-ros-405/rubbynav/src/LinkLayer.h:23:0,
                 from /home/indemind/.jenkins_slave/workspace/rubby-ros-405/rubbynav/src/LinkLayer.cpp:5:
/home/indemind/.jenkins_slave/workspace/rubby-ros-405/rubbynav/src/../module/abby_msg/srv/server/map/RotateParamGet.h:34:34: note:   mismatched types 'T*' and 'mind_os::BytesBuffer'
     serialize(buffer,data.sceneId);
                                  ^
/home/indemind/.jenkins_slave/workspace/rubby-ros-405/rubbynav/src/../module/abby_msg/srv/server/map/RotateParamGet.h:35:32: error: no matching function for call to 'serialize(mind_os::BytesBuffer&, const uint64_t&)'
     serialize(buffer,data.mapId);
                                ^
In file included from /usr/local/include/mind_os/node_handle.h:6:0,
                 from /usr/local/include/mind_os/mind_os.h:1,
                 from /home/indemind/.jenkins_slave/workspace/rubby-ros-405/rubbynav/module/common/Log/Log.h:16,
                 from /home/indemind/.jenkins_slave/workspace/rubby-ros-405/rubbynav/module/motion/motionSDK/motionsdk.h:14,
                 from /home/indemind/.jenkins_slave/workspace/rubby-ros-405/rubbynav/module/hsm/include/hsmTopLevel.h:4,
                 from /home/indemind/.jenkins_slave/workspace/rubby-ros-405/rubbynav/src/LinkLayer.h:10,
                 from /home/indemind/.jenkins_slave/workspace/rubby-ros-405/rubbynav/src/LinkLayer.cpp:5:
/usr/local/include/mind_os/serialization/serialization.h:20:13: note: candidate: template<class T> void mind_os::serialize(const T&, mind_os::BytesBuffer&)
 inline void serialize(const T& data, BytesBuffer& buffer) {
             ^~~~~~~~~
/usr/local/include/mind_os/serialization/serialization.h:20:13: note:   template argument deduction/substitution failed:
In file included from /home/indemind/.jenkins_slave/workspace/rubby-ros-405/rubbynav/src/LinkLayer.h:23:0,
                 from /home/indemind/.jenkins_slave/workspace/rubby-ros-405/rubbynav/src/LinkLayer.cpp:5:
/home/indemind/.jenkins_slave/workspace/rubby-ros-405/rubbynav/src/../module/abby_msg/srv/server/map/RotateParamGet.h:35:27: note:   cannot convert 'data.map_srvs::RotateParamGet::Request::mapId' (type 'const uint64_t {aka const long unsigned int}') to type 'mind_os::BytesBuffer&'
     serialize(buffer,data.mapId);
                      ~~~~~^~~~~
In file included from /usr/local/include/mind_os/node_handle.h:6:0,
                 from /usr/local/include/mind_os/mind_os.h:1,
                 from /home/indemind/.jenkins_slave/workspace/rubby-ros-405/rubbynav/module/common/Log/Log.h:16,
                 from /home/indemind/.jenkins_slave/workspace/rubby-ros-405/rubbynav/module/motion/motionSDK/motionsdk.h:14,
                 from /home/indemind/.jenkins_slave/workspace/rubby-ros-405/rubbynav/module/hsm/include/hsmTopLevel.h:4,
                 from /home/indemind/.jenkins_slave/workspace/rubby-ros-405/rubbynav/src/LinkLayer.h:10,
                 from /home/indemind/.jenkins_slave/workspace/rubby-ros-405/rubbynav/src/LinkLayer.cpp:5:
/usr/local/include/mind_os/serialization/serialization.h:31:13: note: candidate: template<class T, class TYPE_GUARD> void mind_os::serialize(const std::vector<_Tp>&, mind_os::BytesBuffer&)
 inline void serialize(const std::vector<T>& data, BytesBuffer& buffer) {
             ^~~~~~~~~
/usr/local/include/mind_os/serialization/serialization.h:31:13: note:   template argument deduction/substitution failed:
In file included from /home/indemind/.jenkins_slave/workspace/rubby-ros-405/rubbynav/src/LinkLayer.h:23:0,
                 from /home/indemind/.jenkins_slave/workspace/rubby-ros-405/rubbynav/src/LinkLayer.cpp:5:
/home/indemind/.jenkins_slave/workspace/rubby-ros-405/rubbynav/src/../module/abby_msg/srv/server/map/RotateParamGet.h:35:32: note:   'mind_os::BytesBuffer' is not derived from 'const std::vector<_Tp>'
     serialize(buffer,data.mapId);
                                ^
In file included from /usr/local/include/mind_os/node_handle.h:6:0,
                 from /usr/local/include/mind_os/mind_os.h:1,
                 from /home/indemind/.jenkins_slave/workspace/rubby-ros-405/rubbynav/module/common/Log/Log.h:16,
                 from /home/indemind/.jenkins_slave/workspace/rubby-ros-405/rubbynav/module/motion/motionSDK/motionsdk.h:14,
                 from /home/indemind/.jenkins_slave/workspace/rubby-ros-405/rubbynav/module/hsm/include/hsmTopLevel.h:4,
                 from /home/indemind/.jenkins_slave/workspace/rubby-ros-405/rubbynav/src/LinkLayer.h:10,
                 from /home/indemind/.jenkins_slave/workspace/rubby-ros-405/rubbynav/src/LinkLayer.cpp:5:
/usr/local/include/mind_os/serialization/serialization.h:51:13: note: candidate: template<class T> void mind_os::serialize(const std::__cxx11::list<T>&, mind_os::BytesBuffer&)
 inline void serialize(const std::list<T>& data, BytesBuffer& buffer) {
             ^~~~~~~~~
/usr/local/include/mind_os/serialization/serialization.h:51:13: note:   template argument deduction/substitution failed:
In file included from /home/indemind/.jenkins_slave/workspace/rubby-ros-405/rubbynav/src/LinkLayer.h:23:0,
                 from /home/indemind/.jenkins_slave/workspace/rubby-ros-405/rubbynav/src/LinkLayer.cpp:5:
/home/indemind/.jenkins_slave/workspace/rubby-ros-405/rubbynav/src/../module/abby_msg/srv/server/map/RotateParamGet.h:35:32: note:   'mind_os::BytesBuffer' is not derived from 'const std::__cxx11::list<T>'
     serialize(buffer,data.mapId);
                                ^
In file included from /usr/local/include/mind_os/node_handle.h:6:0,
                 from /usr/local/include/mind_os/mind_os.h:1,
                 from /home/indemind/.jenkins_slave/workspace/rubby-ros-405/rubbynav/module/common/Log/Log.h:16,
                 from /home/indemind/.jenkins_slave/workspace/rubby-ros-405/rubbynav/module/motion/motionSDK/motionsdk.h:14,
                 from /home/indemind/.jenkins_slave/workspace/rubby-ros-405/rubbynav/module/hsm/include/hsmTopLevel.h:4,
                 from /home/indemind/.jenkins_slave/workspace/rubby-ros-405/rubbynav/src/LinkLayer.h:10,
                 from /home/indemind/.jenkins_slave/workspace/rubby-ros-405/rubbynav/src/LinkLayer.cpp:5:
/usr/local/include/mind_os/serialization/serialization.h:71:13: note: candidate: template<class T, class TYPE_GUARD> void mind_os::serialize(T*, size_t, mind_os::BytesBuffer&)
 inline void serialize(T* data, size_t size, BytesBuffer& buffer) {
             ^~~~~~~~~
/usr/local/include/mind_os/serialization/serialization.h:71:13: note:   template argument deduction/substitution failed:
In file included from /home/indemind/.jenkins_slave/workspace/rubby-ros-405/rubbynav/src/LinkLayer.h:23:0,
                 from /home/indemind/.jenkins_slave/workspace/rubby-ros-405/rubbynav/src/LinkLayer.cpp:5:
/home/indemind/.jenkins_slave/workspace/rubby-ros-405/rubbynav/src/../module/abby_msg/srv/server/map/RotateParamGet.h:35:32: note:   mismatched types 'T*' and 'mind_os::BytesBuffer'
     serialize(buffer,data.mapId);
                                ^
In file included from /usr/local/include/mind_os/node_handle.h:6:0,
                 from /usr/local/include/mind_os/mind_os.h:1,
                 from /home/indemind/.jenkins_slave/workspace/rubby-ros-405/rubbynav/module/common/Log/Log.h:16,
                 from /home/indemind/.jenkins_slave/workspace/rubby-ros-405/rubbynav/module/motion/motionSDK/motionsdk.h:14,
                 from /home/indemind/.jenkins_slave/workspace/rubby-ros-405/rubbynav/module/hsm/include/hsmTopLevel.h:4,
                 from /home/indemind/.jenkins_slave/workspace/rubby-ros-405/rubbynav/src/LinkLayer.h:10,
                 from /home/indemind/.jenkins_slave/workspace/rubby-ros-405/rubbynav/src/LinkLayer.cpp:5:
/usr/local/include/mind_os/serialization/serialization.h:76:13: note: candidate: template<class T, class TYPE_GUARD, bool flag> void mind_os::serialize(T*, size_t, mind_os::BytesBuffer&)
 inline void serialize(T* data, size_t size, BytesBuffer& buffer) {
             ^~~~~~~~~
/usr/local/include/mind_os/serialization/serialization.h:76:13: note:   template argument deduction/substitution failed:
In file included from /home/indemind/.jenkins_slave/workspace/rubby-ros-405/rubbynav/src/LinkLayer.h:23:0,
                 from /home/indemind/.jenkins_slave/workspace/rubby-ros-405/rubbynav/src/LinkLayer.cpp:5:
/home/indemind/.jenkins_slave/workspace/rubby-ros-405/rubbynav/src/../module/abby_msg/srv/server/map/RotateParamGet.h:35:32: note:   mismatched types 'T*' and 'mind_os::BytesBuffer'
     serialize(buffer,data.mapId);
                                ^
/home/indemind/.jenkins_slave/workspace/rubby-ros-405/rubbynav/src/../module/abby_msg/srv/server/map/RotateParamGet.h: In function 'void mind_os::serialize(const T&, mind_os::BytesBuffer&) [with T = map_srvs::RotateParamGet::Response]':
/home/indemind/.jenkins_slave/workspace/rubby-ros-405/rubbynav/src/../module/abby_msg/srv/server/map/RotateParamGet.h:48:35: error: no matching function for call to 'serialize(mind_os::BytesBuffer&, const float&)'
     serialize(buffer,data.worldYaw);
                                   ^
In file included from /usr/local/include/mind_os/node_handle.h:6:0,
                 from /usr/local/include/mind_os/mind_os.h:1,
                 from /home/indemind/.jenkins_slave/workspace/rubby-ros-405/rubbynav/module/common/Log/Log.h:16,
                 from /home/indemind/.jenkins_slave/workspace/rubby-ros-405/rubbynav/module/motion/motionSDK/motionsdk.h:14,
                 from /home/indemind/.jenkins_slave/workspace/rubby-ros-405/rubbynav/module/hsm/include/hsmTopLevel.h:4,
                 from /home/indemind/.jenkins_slave/workspace/rubby-ros-405/rubbynav/src/LinkLayer.h:10,
                 from /home/indemind/.jenkins_slave/workspace/rubby-ros-405/rubbynav/src/LinkLayer.cpp:5:
/usr/local/include/mind_os/serialization/serialization.h:20:13: note: candidate: template<class T> void mind_os::serialize(const T&, mind_os::BytesBuffer&)
 inline void serialize(const T& data, BytesBuffer& buffer) {
             ^~~~~~~~~
/usr/local/include/mind_os/serialization/serialization.h:20:13: note:   template argument deduction/substitution failed:
In file included from /home/indemind/.jenkins_slave/workspace/rubby-ros-405/rubbynav/src/LinkLayer.h:23:0,
                 from /home/indemind/.jenkins_slave/workspace/rubby-ros-405/rubbynav/src/LinkLayer.cpp:5:
/home/indemind/.jenkins_slave/workspace/rubby-ros-405/rubbynav/src/../module/abby_msg/srv/server/map/RotateParamGet.h:48:27: note:   cannot convert 'data.map_srvs::RotateParamGet::Response::worldYaw' (type 'const float') to type 'mind_os::BytesBuffer&'
     serialize(buffer,data.worldYaw);
                      ~~~~~^~~~~~~~
In file included from /usr/local/include/mind_os/node_handle.h:6:0,
                 from /usr/local/include/mind_os/mind_os.h:1,
                 from /home/indemind/.jenkins_slave/workspace/rubby-ros-405/rubbynav/module/common/Log/Log.h:16,
                 from /home/indemind/.jenkins_slave/workspace/rubby-ros-405/rubbynav/module/motion/motionSDK/motionsdk.h:14,
                 from /home/indemind/.jenkins_slave/workspace/rubby-ros-405/rubbynav/module/hsm/include/hsmTopLevel.h:4,
                 from /home/indemind/.jenkins_slave/workspace/rubby-ros-405/rubbynav/src/LinkLayer.h:10,
                 from /home/indemind/.jenkins_slave/workspace/rubby-ros-405/rubbynav/src/LinkLayer.cpp:5:
/usr/local/include/mind_os/serialization/serialization.h:31:13: note: candidate: template<class T, class TYPE_GUARD> void mind_os::serialize(const std::vector<_Tp>&, mind_os::BytesBuffer&)
 inline void serialize(const std::vector<T>& data, BytesBuffer& buffer) {
             ^~~~~~~~~
/usr/local/include/mind_os/serialization/serialization.h:31:13: note:   template argument deduction/substitution failed:
In file included from /home/indemind/.jenkins_slave/workspace/rubby-ros-405/rubbynav/src/LinkLayer.h:23:0,
                 from /home/indemind/.jenkins_slave/workspace/rubby-ros-405/rubbynav/src/LinkLayer.cpp:5:
/home/indemind/.jenkins_slave/workspace/rubby-ros-405/rubbynav/src/../module/abby_msg/srv/server/map/RotateParamGet.h:48:35: note:   'mind_os::BytesBuffer' is not derived from 'const std::vector<_Tp>'
     serialize(buffer,data.worldYaw);
                                   ^
In file included from /usr/local/include/mind_os/node_handle.h:6:0,
                 from /usr/local/include/mind_os/mind_os.h:1,
                 from /home/indemind/.jenkins_slave/workspace/rubby-ros-405/rubbynav/module/common/Log/Log.h:16,
                 from /home/indemind/.jenkins_slave/workspace/rubby-ros-405/rubbynav/module/motion/motionSDK/motionsdk.h:14,
                 from /home/indemind/.jenkins_slave/workspace/rubby-ros-405/rubbynav/module/hsm/include/hsmTopLevel.h:4,
                 from /home/indemind/.jenkins_slave/workspace/rubby-ros-405/rubbynav/src/LinkLayer.h:10,
                 from /home/indemind/.jenkins_slave/workspace/rubby-ros-405/rubbynav/src/LinkLayer.cpp:5:
/usr/local/include/mind_os/serialization/serialization.h:51:13: note: candidate: template<class T> void mind_os::serialize(const std::__cxx11::list<T>&, mind_os::BytesBuffer&)
 inline void serialize(const std::list<T>& data, BytesBuffer& buffer) {
             ^~~~~~~~~
/usr/local/include/mind_os/serialization/serialization.h:51:13: note:   template argument deduction/substitution failed:
In file included from /home/indemind/.jenkins_slave/workspace/rubby-ros-405/rubbynav/src/LinkLayer.h:23:0,
                 from /home/indemind/.jenkins_slave/workspace/rubby-ros-405/rubbynav/src/LinkLayer.cpp:5:
/home/indemind/.jenkins_slave/workspace/rubby-ros-405/rubbynav/src/../module/abby_msg/srv/server/map/RotateParamGet.h:48:35: note:   'mind_os::BytesBuffer' is not derived from 'const std::__cxx11::list<T>'
     serialize(buffer,data.worldYaw);
                                   ^
In file included from /usr/local/include/mind_os/node_handle.h:6:0,
                 from /usr/local/include/mind_os/mind_os.h:1,
                 from /home/indemind/.jenkins_slave/workspace/rubby-ros-405/rubbynav/module/common/Log/Log.h:16,
                 from /home/indemind/.jenkins_slave/workspace/rubby-ros-405/rubbynav/module/motion/motionSDK/motionsdk.h:14,
                 from /home/indemind/.jenkins_slave/workspace/rubby-ros-405/rubbynav/module/hsm/include/hsmTopLevel.h:4,
                 from /home/indemind/.jenkins_slave/workspace/rubby-ros-405/rubbynav/src/LinkLayer.h:10,
                 from /home/indemind/.jenkins_slave/workspace/rubby-ros-405/rubbynav/src/LinkLayer.cpp:5:
/usr/local/include/mind_os/serialization/serialization.h:71:13: note: candidate: template<class T, class TYPE_GUARD> void mind_os::serialize(T*, size_t, mind_os::BytesBuffer&)
 inline void serialize(T* data, size_t size, BytesBuffer& buffer) {
             ^~~~~~~~~
/usr/local/include/mind_os/serialization/serialization.h:71:13: note:   template argument deduction/substitution failed:
In file included from /home/indemind/.jenkins_slave/workspace/rubby-ros-405/rubbynav/src/LinkLayer.h:23:0,
                 from /home/indemind/.jenkins_slave/workspace/rubby-ros-405/rubbynav/src/LinkLayer.cpp:5:
/home/indemind/.jenkins_slave/workspace/rubby-ros-405/rubbynav/src/../module/abby_msg/srv/server/map/RotateParamGet.h:48:35: note:   mismatched types 'T*' and 'mind_os::BytesBuffer'
     serialize(buffer,data.worldYaw);
                                   ^
In file included from /usr/local/include/mind_os/node_handle.h:6:0,
                 from /usr/local/include/mind_os/mind_os.h:1,
                 from /home/indemind/.jenkins_slave/workspace/rubby-ros-405/rubbynav/module/common/Log/Log.h:16,
                 from /home/indemind/.jenkins_slave/workspace/rubby-ros-405/rubbynav/module/motion/motionSDK/motionsdk.h:14,
                 from /home/indemind/.jenkins_slave/workspace/rubby-ros-405/rubbynav/module/hsm/include/hsmTopLevel.h:4,
                 from /home/indemind/.jenkins_slave/workspace/rubby-ros-405/rubbynav/src/LinkLayer.h:10,
                 from /home/indemind/.jenkins_slave/workspace/rubby-ros-405/rubbynav/src/LinkLayer.cpp:5:
/usr/local/include/mind_os/serialization/serialization.h:76:13: note: candidate: template<class T, class TYPE_GUARD, bool flag> void mind_os::serialize(T*, size_t, mind_os::BytesBuffer&)
 inline void serialize(T* data, size_t size, BytesBuffer& buffer) {
             ^~~~~~~~~
/usr/local/include/mind_os/serialization/serialization.h:76:13: note:   template argument deduction/substitution failed:
In file included from /home/indemind/.jenkins_slave/workspace/rubby-ros-405/rubbynav/src/LinkLayer.h:23:0,
                 from /home/indemind/.jenkins_slave/workspace/rubby-ros-405/rubbynav/src/LinkLayer.cpp:5:
/home/indemind/.jenkins_slave/workspace/rubby-ros-405/rubbynav/src/../module/abby_msg/srv/server/map/RotateParamGet.h:48:35: note:   mismatched types 'T*' and 'mind_os::BytesBuffer'
     serialize(buffer,data.worldYaw);
                                   ^
/home/indemind/.jenkins_slave/workspace/rubby-ros-405/rubbynav/src/../module/abby_msg/srv/server/map/RotateParamGet.h:49:34: error: no matching function for call to 'serialize(mind_os::BytesBuffer&, const bool&)'
     serialize(buffer,data.success);
                                  ^
In file included from /usr/local/include/mind_os/node_handle.h:6:0,
                 from /usr/local/include/mind_os/mind_os.h:1,
                 from /home/indemind/.jenkins_slave/workspace/rubby-ros-405/rubbynav/module/common/Log/Log.h:16,
                 from /home/indemind/.jenkins_slave/workspace/rubby-ros-405/rubbynav/module/motion/motionSDK/motionsdk.h:14,
                 from /home/indemind/.jenkins_slave/workspace/rubby-ros-405/rubbynav/module/hsm/include/hsmTopLevel.h:4,
                 from /home/indemind/.jenkins_slave/workspace/rubby-ros-405/rubbynav/src/LinkLayer.h:10,
                 from /home/indemind/.jenkins_slave/workspace/rubby-ros-405/rubbynav/src/LinkLayer.cpp:5:
/usr/local/include/mind_os/serialization/serialization.h:20:13: note: candidate: template<class T> void mind_os::serialize(const T&, mind_os::BytesBuffer&)
 inline void serialize(const T& data, BytesBuffer& buffer) {
             ^~~~~~~~~
/usr/local/include/mind_os/serialization/serialization.h:20:13: note:   template argument deduction/substitution failed:
In file included from /home/indemind/.jenkins_slave/workspace/rubby-ros-405/rubbynav/src/LinkLayer.h:23:0,
                 from /home/indemind/.jenkins_slave/workspace/rubby-ros-405/rubbynav/src/LinkLayer.cpp:5:
/home/indemind/.jenkins_slave/workspace/rubby-ros-405/rubbynav/src/../module/abby_msg/srv/server/map/RotateParamGet.h:49:27: note:   cannot convert 'data.map_srvs::RotateParamGet::Response::success' (type 'const bool') to type 'mind_os::BytesBuffer&'
     serialize(buffer,data.success);
                      ~~~~~^~~~~~~
In file included from /usr/local/include/mind_os/node_handle.h:6:0,
                 from /usr/local/include/mind_os/mind_os.h:1,
                 from /home/indemind/.jenkins_slave/workspace/rubby-ros-405/rubbynav/module/common/Log/Log.h:16,
                 from /home/indemind/.jenkins_slave/workspace/rubby-ros-405/rubbynav/module/motion/motionSDK/motionsdk.h:14,
                 from /home/indemind/.jenkins_slave/workspace/rubby-ros-405/rubbynav/module/hsm/include/hsmTopLevel.h:4,
                 from /home/indemind/.jenkins_slave/workspace/rubby-ros-405/rubbynav/src/LinkLayer.h:10,
                 from /home/indemind/.jenkins_slave/workspace/rubby-ros-405/rubbynav/src/LinkLayer.cpp:5:
/usr/local/include/mind_os/serialization/serialization.h:31:13: note: candidate: template<class T, class TYPE_GUARD> void mind_os::serialize(const std::vector<_Tp>&, mind_os::BytesBuffer&)
 inline void serialize(const std::vector<T>& data, BytesBuffer& buffer) {
             ^~~~~~~~~
/usr/local/include/mind_os/serialization/serialization.h:31:13: note:   template argument deduction/substitution failed:
In file included from /home/indemind/.jenkins_slave/workspace/rubby-ros-405/rubbynav/src/LinkLayer.h:23:0,
                 from /home/indemind/.jenkins_slave/workspace/rubby-ros-405/rubbynav/src/LinkLayer.cpp:5:
/home/indemind/.jenkins_slave/workspace/rubby-ros-405/rubbynav/src/../module/abby_msg/srv/server/map/RotateParamGet.h:49:34: note:   'mind_os::BytesBuffer' is not derived from 'const std::vector<_Tp>'
     serialize(buffer,data.success);
                                  ^
In file included from /usr/local/include/mind_os/node_handle.h:6:0,
                 from /usr/local/include/mind_os/mind_os.h:1,
                 from /home/indemind/.jenkins_slave/workspace/rubby-ros-405/rubbynav/module/common/Log/Log.h:16,
                 from /home/indemind/.jenkins_slave/workspace/rubby-ros-405/rubbynav/module/motion/motionSDK/motionsdk.h:14,
                 from /home/indemind/.jenkins_slave/workspace/rubby-ros-405/rubbynav/module/hsm/include/hsmTopLevel.h:4,
                 from /home/indemind/.jenkins_slave/workspace/rubby-ros-405/rubbynav/src/LinkLayer.h:10,
                 from /home/indemind/.jenkins_slave/workspace/rubby-ros-405/rubbynav/src/LinkLayer.cpp:5:
/usr/local/include/mind_os/serialization/serialization.h:51:13: note: candidate: template<class T> void mind_os::serialize(const std::__cxx11::list<T>&, mind_os::BytesBuffer&)
 inline void serialize(const std::list<T>& data, BytesBuffer& buffer) {
             ^~~~~~~~~
/usr/local/include/mind_os/serialization/serialization.h:51:13: note:   template argument deduction/substitution failed:
In file included from /home/indemind/.jenkins_slave/workspace/rubby-ros-405/rubbynav/src/LinkLayer.h:23:0,
                 from /home/indemind/.jenkins_slave/workspace/rubby-ros-405/rubbynav/src/LinkLayer.cpp:5:
/home/indemind/.jenkins_slave/workspace/rubby-ros-405/rubbynav/src/../module/abby_msg/srv/server/map/RotateParamGet.h:49:34: note:   'mind_os::BytesBuffer' is not derived from 'const std::__cxx11::list<T>'
     serialize(buffer,data.success);
                                  ^
In file included from /usr/local/include/mind_os/node_handle.h:6:0,
                 from /usr/local/include/mind_os/mind_os.h:1,
                 from /home/indemind/.jenkins_slave/workspace/rubby-ros-405/rubbynav/module/common/Log/Log.h:16,
                 from /home/indemind/.jenkins_slave/workspace/rubby-ros-405/rubbynav/module/motion/motionSDK/motionsdk.h:14,
                 from /home/indemind/.jenkins_slave/workspace/rubby-ros-405/rubbynav/module/hsm/include/hsmTopLevel.h:4,
                 from /home/indemind/.jenkins_slave/workspace/rubby-ros-405/rubbynav/src/LinkLayer.h:10,
                 from /home/indemind/.jenkins_slave/workspace/rubby-ros-405/rubbynav/src/LinkLayer.cpp:5:
/usr/local/include/mind_os/serialization/serialization.h:71:13: note: candidate: template<class T, class TYPE_GUARD> void mind_os::serialize(T*, size_t, mind_os::BytesBuffer&)
 inline void serialize(T* data, size_t size, BytesBuffer& buffer) {
             ^~~~~~~~~
/usr/local/include/mind_os/serialization/serialization.h:71:13: note:   template argument deduction/substitution failed:
In file included from /home/indemind/.jenkins_slave/workspace/rubby-ros-405/rubbynav/src/LinkLayer.h:23:0,
                 from /home/indemind/.jenkins_slave/workspace/rubby-ros-405/rubbynav/src/LinkLayer.cpp:5:
/home/indemind/.jenkins_slave/workspace/rubby-ros-405/rubbynav/src/../module/abby_msg/srv/server/map/RotateParamGet.h:49:34: note:   mismatched types 'T*' and 'mind_os::BytesBuffer'
     serialize(buffer,data.success);
                                  ^
In file included from /usr/local/include/mind_os/node_handle.h:6:0,
                 from /usr/local/include/mind_os/mind_os.h:1,
                 from /home/indemind/.jenkins_slave/workspace/rubby-ros-405/rubbynav/module/common/Log/Log.h:16,
                 from /home/indemind/.jenkins_slave/workspace/rubby-ros-405/rubbynav/module/motion/motionSDK/motionsdk.h:14,
                 from /home/indemind/.jenkins_slave/workspace/rubby-ros-405/rubbynav/module/hsm/include/hsmTopLevel.h:4,
                 from /home/indemind/.jenkins_slave/workspace/rubby-ros-405/rubbynav/src/LinkLayer.h:10,
                 from /home/indemind/.jenkins_slave/workspace/rubby-ros-405/rubbynav/src/LinkLayer.cpp:5:
/usr/local/include/mind_os/serialization/serialization.h:76:13: note: candidate: template<class T, class TYPE_GUARD, bool flag> void mind_os::serialize(T*, size_t, mind_os::BytesBuffer&)
 inline void serialize(T* data, size_t size, BytesBuffer& buffer) {
             ^~~~~~~~~
/usr/local/include/mind_os/serialization/serialization.h:76:13: note:   template argument deduction/substitution failed:
In file included from /home/indemind/.jenkins_slave/workspace/rubby-ros-405/rubbynav/src/LinkLayer.h:23:0,
                 from /home/indemind/.jenkins_slave/workspace/rubby-ros-405/rubbynav/src/LinkLayer.cpp:5:
/home/indemind/.jenkins_slave/workspace/rubby-ros-405/rubbynav/src/../module/abby_msg/srv/server/map/RotateParamGet.h:49:34: note:   mismatched types 'T*' and 'mind_os::BytesBuffer'
     serialize(buffer,data.success);
                                  ^
In file included from /home/indemind/.jenkins_slave/workspace/rubby-ros-405/rubbynav/src/../module/abby_msg/msg/nav/OptimizeMapMsg.h:8:0,
                 from /home/indemind/.jenkins_slave/workspace/rubby-ros-405/rubbynav/src/LinkLayer.h:34,
                 from /home/indemind/.jenkins_slave/workspace/rubby-ros-405/rubbynav/src/LinkLayer.cpp:5:
/home/indemind/.jenkins_slave/workspace/rubby-ros-405/rubbynav/src/../module/abby_msg/msg/nav/../common/base/CvPoint2f.h: At global scope:
/home/indemind/.jenkins_slave/workspace/rubby-ros-405/rubbynav/src/../module/abby_msg/msg/nav/../common/base/CvPoint2f.h:8:13: error: template-id 'serialize<>' for 'void mind_os::serialize(mind_os::BytesBuffer&, const Point2f&)' does not match any template declaration
 inline void serialize(BytesBuffer& buffer,const cv::Point2f& data) {
             ^~~~~~~~~
In file included from /usr/local/include/mind_os/node_handle.h:6:0,
                 from /usr/local/include/mind_os/mind_os.h:1,
                 from /home/indemind/.jenkins_slave/workspace/rubby-ros-405/rubbynav/module/common/Log/Log.h:16,
                 from /home/indemind/.jenkins_slave/workspace/rubby-ros-405/rubbynav/module/motion/motionSDK/motionsdk.h:14,
                 from /home/indemind/.jenkins_slave/workspace/rubby-ros-405/rubbynav/module/hsm/include/hsmTopLevel.h:4,
                 from /home/indemind/.jenkins_slave/workspace/rubby-ros-405/rubbynav/src/LinkLayer.h:10,
                 from /home/indemind/.jenkins_slave/workspace/rubby-ros-405/rubbynav/src/LinkLayer.cpp:5:
/usr/local/include/mind_os/serialization/serialization.h:76:13: note: candidates are: template<class T, class TYPE_GUARD, bool flag> void mind_os::serialize(T*, size_t, mind_os::BytesBuffer&)
 inline void serialize(T* data, size_t size, BytesBuffer& buffer) {
             ^~~~~~~~~
In file included from /usr/local/include/mind_os/node_handle.h:6:0,
                 from /usr/local/include/mind_os/mind_os.h:1,
                 from /home/indemind/.jenkins_slave/workspace/rubby-ros-405/rubbynav/module/common/Log/Log.h:16,
                 from /home/indemind/.jenkins_slave/workspace/rubby-ros-405/rubbynav/module/motion/motionSDK/motionsdk.h:14,
                 from /home/indemind/.jenkins_slave/workspace/rubby-ros-405/rubbynav/module/hsm/include/hsmTopLevel.h:4,
                 from /home/indemind/.jenkins_slave/workspace/rubby-ros-405/rubbynav/src/LinkLayer.h:10,
                 from /home/indemind/.jenkins_slave/workspace/rubby-ros-405/rubbynav/src/LinkLayer.cpp:5:
/usr/local/include/mind_os/serialization/serialization.h:71:13: note:                 template<class T, class TYPE_GUARD> void mind_os::serialize(T*, size_t, mind_os::BytesBuffer&)
 inline void serialize(T* data, size_t size, BytesBuffer& buffer) {
             ^~~~~~~~~
/usr/local/include/mind_os/serialization/serialization.h:51:13: note:                 template<class T> void mind_os::serialize(const std::__cxx11::list<T>&, mind_os::BytesBuffer&)
 inline void serialize(const std::list<T>& data, BytesBuffer& buffer) {
             ^~~~~~~~~
/usr/local/include/mind_os/serialization/serialization.h:31:13: note:                 template<class T, class TYPE_GUARD> void mind_os::serialize(const std::vector<_Tp>&, mind_os::BytesBuffer&)
 inline void serialize(const std::vector<T>& data, BytesBuffer& buffer) {
             ^~~~~~~~~
/usr/local/include/mind_os/serialization/serialization.h:20:13: note:                 template<class T> void mind_os::serialize(const T&, mind_os::BytesBuffer&)
 inline void serialize(const T& data, BytesBuffer& buffer) {
             ^~~~~~~~~
In file included from /home/indemind/.jenkins_slave/workspace/rubby-ros-405/rubbynav/src/../module/abby_msg/msg/nav/OptimizeMapMsg.h:8:0,
                 from /home/indemind/.jenkins_slave/workspace/rubby-ros-405/rubbynav/src/LinkLayer.h:34,
                 from /home/indemind/.jenkins_slave/workspace/rubby-ros-405/rubbynav/src/LinkLayer.cpp:5:
/home/indemind/.jenkins_slave/workspace/rubby-ros-405/rubbynav/src/../module/abby_msg/msg/nav/../common/base/CvPoint2f.h: In function 'void mind_os::serialize(const T&, mind_os::BytesBuffer&) [with T = cv::Point_<float>]':
/home/indemind/.jenkins_slave/workspace/rubby-ros-405/rubbynav/src/../module/abby_msg/msg/nav/../common/base/CvPoint2f.h:15:28: error: no matching function for call to 'serialize(mind_os::BytesBuffer&, const float&)'
     serialize(buffer,data.x);
                            ^
In file included from /usr/local/include/mind_os/node_handle.h:6:0,
                 from /usr/local/include/mind_os/mind_os.h:1,
                 from /home/indemind/.jenkins_slave/workspace/rubby-ros-405/rubbynav/module/common/Log/Log.h:16,
                 from /home/indemind/.jenkins_slave/workspace/rubby-ros-405/rubbynav/module/motion/motionSDK/motionsdk.h:14,
                 from /home/indemind/.jenkins_slave/workspace/rubby-ros-405/rubbynav/module/hsm/include/hsmTopLevel.h:4,
                 from /home/indemind/.jenkins_slave/workspace/rubby-ros-405/rubbynav/src/LinkLayer.h:10,
                 from /home/indemind/.jenkins_slave/workspace/rubby-ros-405/rubbynav/src/LinkLayer.cpp:5:
/usr/local/include/mind_os/serialization/serialization.h:20:13: note: candidate: template<class T> void mind_os::serialize(const T&, mind_os::BytesBuffer&)
 inline void serialize(const T& data, BytesBuffer& buffer) {
             ^~~~~~~~~
/usr/local/include/mind_os/serialization/serialization.h:20:13: note:   template argument deduction/substitution failed:
In file included from /home/indemind/.jenkins_slave/workspace/rubby-ros-405/rubbynav/src/../module/abby_msg/msg/nav/OptimizeMapMsg.h:8:0,
                 from /home/indemind/.jenkins_slave/workspace/rubby-ros-405/rubbynav/src/LinkLayer.h:34,
                 from /home/indemind/.jenkins_slave/workspace/rubby-ros-405/rubbynav/src/LinkLayer.cpp:5:
/home/indemind/.jenkins_slave/workspace/rubby-ros-405/rubbynav/src/../module/abby_msg/msg/nav/../common/base/CvPoint2f.h:15:27: note:   cannot convert 'data.cv::Point_<float>::x' (type 'const float') to type 'mind_os::BytesBuffer&'
     serialize(buffer,data.x);
                      ~~~~~^
In file included from /usr/local/include/mind_os/node_handle.h:6:0,
                 from /usr/local/include/mind_os/mind_os.h:1,
                 from /home/indemind/.jenkins_slave/workspace/rubby-ros-405/rubbynav/module/common/Log/Log.h:16,
                 from /home/indemind/.jenkins_slave/workspace/rubby-ros-405/rubbynav/module/motion/motionSDK/motionsdk.h:14,
                 from /home/indemind/.jenkins_slave/workspace/rubby-ros-405/rubbynav/module/hsm/include/hsmTopLevel.h:4,
                 from /home/indemind/.jenkins_slave/workspace/rubby-ros-405/rubbynav/src/LinkLayer.h:10,
                 from /home/indemind/.jenkins_slave/workspace/rubby-ros-405/rubbynav/src/LinkLayer.cpp:5:
/usr/local/include/mind_os/serialization/serialization.h:31:13: note: candidate: template<class T, class TYPE_GUARD> void mind_os::serialize(const std::vector<_Tp>&, mind_os::BytesBuffer&)
 inline void serialize(const std::vector<T>& data, BytesBuffer& buffer) {
             ^~~~~~~~~
/usr/local/include/mind_os/serialization/serialization.h:31:13: note:   template argument deduction/substitution failed:
In file included from /home/indemind/.jenkins_slave/workspace/rubby-ros-405/rubbynav/src/../module/abby_msg/msg/nav/OptimizeMapMsg.h:8:0,
                 from /home/indemind/.jenkins_slave/workspace/rubby-ros-405/rubbynav/src/LinkLayer.h:34,
                 from /home/indemind/.jenkins_slave/workspace/rubby-ros-405/rubbynav/src/LinkLayer.cpp:5:
/home/indemind/.jenkins_slave/workspace/rubby-ros-405/rubbynav/src/../module/abby_msg/msg/nav/../common/base/CvPoint2f.h:15:28: note:   'mind_os::BytesBuffer' is not derived from 'const std::vector<_Tp>'
     serialize(buffer,data.x);
                            ^
In file included from /usr/local/include/mind_os/node_handle.h:6:0,
                 from /usr/local/include/mind_os/mind_os.h:1,
                 from /home/indemind/.jenkins_slave/workspace/rubby-ros-405/rubbynav/module/common/Log/Log.h:16,
                 from /home/indemind/.jenkins_slave/workspace/rubby-ros-405/rubbynav/module/motion/motionSDK/motionsdk.h:14,
                 from /home/indemind/.jenkins_slave/workspace/rubby-ros-405/rubbynav/module/hsm/include/hsmTopLevel.h:4,
                 from /home/indemind/.jenkins_slave/workspace/rubby-ros-405/rubbynav/src/LinkLayer.h:10,
                 from /home/indemind/.jenkins_slave/workspace/rubby-ros-405/rubbynav/src/LinkLayer.cpp:5:
/usr/local/include/mind_os/serialization/serialization.h:51:13: note: candidate: template<class T> void mind_os::serialize(const std::__cxx11::list<T>&, mind_os::BytesBuffer&)
 inline void serialize(const std::list<T>& data, BytesBuffer& buffer) {
             ^~~~~~~~~
/usr/local/include/mind_os/serialization/serialization.h:51:13: note:   template argument deduction/substitution failed:
In file included from /home/indemind/.jenkins_slave/workspace/rubby-ros-405/rubbynav/src/../module/abby_msg/msg/nav/OptimizeMapMsg.h:8:0,
                 from /home/indemind/.jenkins_slave/workspace/rubby-ros-405/rubbynav/src/LinkLayer.h:34,
                 from /home/indemind/.jenkins_slave/workspace/rubby-ros-405/rubbynav/src/LinkLayer.cpp:5:
/home/indemind/.jenkins_slave/workspace/rubby-ros-405/rubbynav/src/../module/abby_msg/msg/nav/../common/base/CvPoint2f.h:15:28: note:   'mind_os::BytesBuffer' is not derived from 'const std::__cxx11::list<T>'
     serialize(buffer,data.x);
                            ^
In file included from /usr/local/include/mind_os/node_handle.h:6:0,
                 from /usr/local/include/mind_os/mind_os.h:1,
                 from /home/indemind/.jenkins_slave/workspace/rubby-ros-405/rubbynav/module/common/Log/Log.h:16,
                 from /home/indemind/.jenkins_slave/workspace/rubby-ros-405/rubbynav/module/motion/motionSDK/motionsdk.h:14,
                 from /home/indemind/.jenkins_slave/workspace/rubby-ros-405/rubbynav/module/hsm/include/hsmTopLevel.h:4,
                 from /home/indemind/.jenkins_slave/workspace/rubby-ros-405/rubbynav/src/LinkLayer.h:10,
                 from /home/indemind/.jenkins_slave/workspace/rubby-ros-405/rubbynav/src/LinkLayer.cpp:5:
/usr/local/include/mind_os/serialization/serialization.h:71:13: note: candidate: template<class T, class TYPE_GUARD> void mind_os::serialize(T*, size_t, mind_os::BytesBuffer&)
 inline void serialize(T* data, size_t size, BytesBuffer& buffer) {
             ^~~~~~~~~
/usr/local/include/mind_os/serialization/serialization.h:71:13: note:   template argument deduction/substitution failed:
In file included from /home/indemind/.jenkins_slave/workspace/rubby-ros-405/rubbynav/src/../module/abby_msg/msg/nav/OptimizeMapMsg.h:8:0,
                 from /home/indemind/.jenkins_slave/workspace/rubby-ros-405/rubbynav/src/LinkLayer.h:34,
                 from /home/indemind/.jenkins_slave/workspace/rubby-ros-405/rubbynav/src/LinkLayer.cpp:5:
/home/indemind/.jenkins_slave/workspace/rubby-ros-405/rubbynav/src/../module/abby_msg/msg/nav/../common/base/CvPoint2f.h:15:28: note:   mismatched types 'T*' and 'mind_os::BytesBuffer'
     serialize(buffer,data.x);
                            ^
In file included from /usr/local/include/mind_os/node_handle.h:6:0,
                 from /usr/local/include/mind_os/mind_os.h:1,
                 from /home/indemind/.jenkins_slave/workspace/rubby-ros-405/rubbynav/module/common/Log/Log.h:16,
                 from /home/indemind/.jenkins_slave/workspace/rubby-ros-405/rubbynav/module/motion/motionSDK/motionsdk.h:14,
                 from /home/indemind/.jenkins_slave/workspace/rubby-ros-405/rubbynav/module/hsm/include/hsmTopLevel.h:4,
                 from /home/indemind/.jenkins_slave/workspace/rubby-ros-405/rubbynav/src/LinkLayer.h:10,
                 from /home/indemind/.jenkins_slave/workspace/rubby-ros-405/rubbynav/src/LinkLayer.cpp:5:
/usr/local/include/mind_os/serialization/serialization.h:76:13: note: candidate: template<class T, class TYPE_GUARD, bool flag> void mind_os::serialize(T*, size_t, mind_os::BytesBuffer&)
 inline void serialize(T* data, size_t size, BytesBuffer& buffer) {
             ^~~~~~~~~
/usr/local/include/mind_os/serialization/serialization.h:76:13: note:   template argument deduction/substitution failed:
In file included from /home/indemind/.jenkins_slave/workspace/rubby-ros-405/rubbynav/src/../module/abby_msg/msg/nav/OptimizeMapMsg.h:8:0,
                 from /home/indemind/.jenkins_slave/workspace/rubby-ros-405/rubbynav/src/LinkLayer.h:34,
                 from /home/indemind/.jenkins_slave/workspace/rubby-ros-405/rubbynav/src/LinkLayer.cpp:5:
/home/indemind/.jenkins_slave/workspace/rubby-ros-405/rubbynav/src/../module/abby_msg/msg/nav/../common/base/CvPoint2f.h:15:28: note:   mismatched types 'T*' and 'mind_os::BytesBuffer'
     serialize(buffer,data.x);
                            ^
/home/indemind/.jenkins_slave/workspace/rubby-ros-405/rubbynav/src/../module/abby_msg/msg/nav/../common/base/CvPoint2f.h:16:28: error: no matching function for call to 'serialize(mind_os::BytesBuffer&, const float&)'
     serialize(buffer,data.y);
                            ^
In file included from /usr/local/include/mind_os/node_handle.h:6:0,
                 from /usr/local/include/mind_os/mind_os.h:1,
                 from /home/indemind/.jenkins_slave/workspace/rubby-ros-405/rubbynav/module/common/Log/Log.h:16,
                 from /home/indemind/.jenkins_slave/workspace/rubby-ros-405/rubbynav/module/motion/motionSDK/motionsdk.h:14,
                 from /home/indemind/.jenkins_slave/workspace/rubby-ros-405/rubbynav/module/hsm/include/hsmTopLevel.h:4,
                 from /home/indemind/.jenkins_slave/workspace/rubby-ros-405/rubbynav/src/LinkLayer.h:10,
                 from /home/indemind/.jenkins_slave/workspace/rubby-ros-405/rubbynav/src/LinkLayer.cpp:5:
/usr/local/include/mind_os/serialization/serialization.h:20:13: note: candidate: template<class T> void mind_os::serialize(const T&, mind_os::BytesBuffer&)
 inline void serialize(const T& data, BytesBuffer& buffer) {
             ^~~~~~~~~
/usr/local/include/mind_os/serialization/serialization.h:20:13: note:   template argument deduction/substitution failed:
In file included from /home/indemind/.jenkins_slave/workspace/rubby-ros-405/rubbynav/src/../module/abby_msg/msg/nav/OptimizeMapMsg.h:8:0,
                 from /home/indemind/.jenkins_slave/workspace/rubby-ros-405/rubbynav/src/LinkLayer.h:34,
                 from /home/indemind/.jenkins_slave/workspace/rubby-ros-405/rubbynav/src/LinkLayer.cpp:5:
/home/indemind/.jenkins_slave/workspace/rubby-ros-405/rubbynav/src/../module/abby_msg/msg/nav/../common/base/CvPoint2f.h:16:27: note:   cannot convert 'data.cv::Point_<float>::y' (type 'const float') to type 'mind_os::BytesBuffer&'
     serialize(buffer,data.y);
                      ~~~~~^
In file included from /usr/local/include/mind_os/node_handle.h:6:0,
                 from /usr/local/include/mind_os/mind_os.h:1,
                 from /home/indemind/.jenkins_slave/workspace/rubby-ros-405/rubbynav/module/common/Log/Log.h:16,
                 from /home/indemind/.jenkins_slave/workspace/rubby-ros-405/rubbynav/module/motion/motionSDK/motionsdk.h:14,
                 from /home/indemind/.jenkins_slave/workspace/rubby-ros-405/rubbynav/module/hsm/include/hsmTopLevel.h:4,
                 from /home/indemind/.jenkins_slave/workspace/rubby-ros-405/rubbynav/src/LinkLayer.h:10,
                 from /home/indemind/.jenkins_slave/workspace/rubby-ros-405/rubbynav/src/LinkLayer.cpp:5:
/usr/local/include/mind_os/serialization/serialization.h:31:13: note: candidate: template<class T, class TYPE_GUARD> void mind_os::serialize(const std::vector<_Tp>&, mind_os::BytesBuffer&)
 inline void serialize(const std::vector<T>& data, BytesBuffer& buffer) {
             ^~~~~~~~~
/usr/local/include/mind_os/serialization/serialization.h:31:13: note:   template argument deduction/substitution failed:
In file included from /home/indemind/.jenkins_slave/workspace/rubby-ros-405/rubbynav/src/../module/abby_msg/msg/nav/OptimizeMapMsg.h:8:0,
                 from /home/indemind/.jenkins_slave/workspace/rubby-ros-405/rubbynav/src/LinkLayer.h:34,
                 from /home/indemind/.jenkins_slave/workspace/rubby-ros-405/rubbynav/src/LinkLayer.cpp:5:
/home/indemind/.jenkins_slave/workspace/rubby-ros-405/rubbynav/src/../module/abby_msg/msg/nav/../common/base/CvPoint2f.h:16:28: note:   'mind_os::BytesBuffer' is not derived from 'const std::vector<_Tp>'
     serialize(buffer,data.y);
                            ^
In file included from /usr/local/include/mind_os/node_handle.h:6:0,
                 from /usr/local/include/mind_os/mind_os.h:1,
                 from /home/indemind/.jenkins_slave/workspace/rubby-ros-405/rubbynav/module/common/Log/Log.h:16,
                 from /home/indemind/.jenkins_slave/workspace/rubby-ros-405/rubbynav/module/motion/motionSDK/motionsdk.h:14,
                 from /home/indemind/.jenkins_slave/workspace/rubby-ros-405/rubbynav/module/hsm/include/hsmTopLevel.h:4,
                 from /home/indemind/.jenkins_slave/workspace/rubby-ros-405/rubbynav/src/LinkLayer.h:10,
                 from /home/indemind/.jenkins_slave/workspace/rubby-ros-405/rubbynav/src/LinkLayer.cpp:5:
/usr/local/include/mind_os/serialization/serialization.h:51:13: note: candidate: template<class T> void mind_os::serialize(const std::__cxx11::list<T>&, mind_os::BytesBuffer&)
 inline void serialize(const std::list<T>& data, BytesBuffer& buffer) {
             ^~~~~~~~~
/usr/local/include/mind_os/serialization/serialization.h:51:13: note:   template argument deduction/substitution failed:
In file included from /home/indemind/.jenkins_slave/workspace/rubby-ros-405/rubbynav/src/../module/abby_msg/msg/nav/OptimizeMapMsg.h:8:0,
                 from /home/indemind/.jenkins_slave/workspace/rubby-ros-405/rubbynav/src/LinkLayer.h:34,
                 from /home/indemind/.jenkins_slave/workspace/rubby-ros-405/rubbynav/src/LinkLayer.cpp:5:
/home/indemind/.jenkins_slave/workspace/rubby-ros-405/rubbynav/src/../module/abby_msg/msg/nav/../common/base/CvPoint2f.h:16:28: note:   'mind_os::BytesBuffer' is not derived from 'const std::__cxx11::list<T>'
     serialize(buffer,data.y);
                            ^
In file included from /usr/local/include/mind_os/node_handle.h:6:0,
                 from /usr/local/include/mind_os/mind_os.h:1,
                 from /home/indemind/.jenkins_slave/workspace/rubby-ros-405/rubbynav/module/common/Log/Log.h:16,
                 from /home/indemind/.jenkins_slave/workspace/rubby-ros-405/rubbynav/module/motion/motionSDK/motionsdk.h:14,
                 from /home/indemind/.jenkins_slave/workspace/rubby-ros-405/rubbynav/module/hsm/include/hsmTopLevel.h:4,
                 from /home/indemind/.jenkins_slave/workspace/rubby-ros-405/rubbynav/src/LinkLayer.h:10,
                 from /home/indemind/.jenkins_slave/workspace/rubby-ros-405/rubbynav/src/LinkLayer.cpp:5:
/usr/local/include/mind_os/serialization/serialization.h:71:13: note: candidate: template<class T, class TYPE_GUARD> void mind_os::serialize(T*, size_t, mind_os::BytesBuffer&)
 inline void serialize(T* data, size_t size, BytesBuffer& buffer) {
             ^~~~~~~~~
/usr/local/include/mind_os/serialization/serialization.h:71:13: note:   template argument deduction/substitution failed:
In file included from /home/indemind/.jenkins_slave/workspace/rubby-ros-405/rubbynav/src/../module/abby_msg/msg/nav/OptimizeMapMsg.h:8:0,
                 from /home/indemind/.jenkins_slave/workspace/rubby-ros-405/rubbynav/src/LinkLayer.h:34,
                 from /home/indemind/.jenkins_slave/workspace/rubby-ros-405/rubbynav/src/LinkLayer.cpp:5:
/home/indemind/.jenkins_slave/workspace/rubby-ros-405/rubbynav/src/../module/abby_msg/msg/nav/../common/base/CvPoint2f.h:16:28: note:   mismatched types 'T*' and 'mind_os::BytesBuffer'
     serialize(buffer,data.y);
                            ^
In file included from /usr/local/include/mind_os/node_handle.h:6:0,
                 from /usr/local/include/mind_os/mind_os.h:1,
                 from /home/indemind/.jenkins_slave/workspace/rubby-ros-405/rubbynav/module/common/Log/Log.h:16,
                 from /home/indemind/.jenkins_slave/workspace/rubby-ros-405/rubbynav/module/motion/motionSDK/motionsdk.h:14,
                 from /home/indemind/.jenkins_slave/workspace/rubby-ros-405/rubbynav/module/hsm/include/hsmTopLevel.h:4,
                 from /home/indemind/.jenkins_slave/workspace/rubby-ros-405/rubbynav/src/LinkLayer.h:10,
                 from /home/indemind/.jenkins_slave/workspace/rubby-ros-405/rubbynav/src/LinkLayer.cpp:5:
/usr/local/include/mind_os/serialization/serialization.h:76:13: note: candidate: template<class T, class TYPE_GUARD, bool flag> void mind_os::serialize(T*, size_t, mind_os::BytesBuffer&)
 inline void serialize(T* data, size_t size, BytesBuffer& buffer) {
             ^~~~~~~~~
/usr/local/include/mind_os/serialization/serialization.h:76:13: note:   template argument deduction/substitution failed:
In file included from /home/indemind/.jenkins_slave/workspace/rubby-ros-405/rubbynav/src/../module/abby_msg/msg/nav/OptimizeMapMsg.h:8:0,
                 from /home/indemind/.jenkins_slave/workspace/rubby-ros-405/rubbynav/src/LinkLayer.h:34,
                 from /home/indemind/.jenkins_slave/workspace/rubby-ros-405/rubbynav/src/LinkLayer.cpp:5:
/home/indemind/.jenkins_slave/workspace/rubby-ros-405/rubbynav/src/../module/abby_msg/msg/nav/../common/base/CvPoint2f.h:16:28: note:   mismatched types 'T*' and 'mind_os::BytesBuffer'
     serialize(buffer,data.y);
                            ^
/home/indemind/.jenkins_slave/workspace/rubby-ros-405/rubbynav/src/../module/abby_msg/msg/nav/../common/base/CvPoint2f.h: At global scope:
/home/indemind/.jenkins_slave/workspace/rubby-ros-405/rubbynav/src/../module/abby_msg/msg/nav/../common/base/CvPoint2f.h:26:13: error: template-id 'deserialize<>' for 'void mind_os::deserialize(cv::Point2f&, mind_os::BytesBuffer&)' does not match any template declaration
 inline void deserialize(cv::Point2f& data,BytesBuffer& buffer) {
             ^~~~~~~~~~~
In file included from /usr/local/include/mind_os/node_handle.h:6:0,
                 from /usr/local/include/mind_os/mind_os.h:1,
                 from /home/indemind/.jenkins_slave/workspace/rubby-ros-405/rubbynav/module/common/Log/Log.h:16,
                 from /home/indemind/.jenkins_slave/workspace/rubby-ros-405/rubbynav/module/motion/motionSDK/motionsdk.h:14,
                 from /home/indemind/.jenkins_slave/workspace/rubby-ros-405/rubbynav/module/hsm/include/hsmTopLevel.h:4,
                 from /home/indemind/.jenkins_slave/workspace/rubby-ros-405/rubbynav/src/LinkLayer.h:10,
                 from /home/indemind/.jenkins_slave/workspace/rubby-ros-405/rubbynav/src/LinkLayer.cpp:5:
/usr/local/include/mind_os/serialization/serialization.h:89:13: note: candidates are: template<class T, class TYPE_GUARD, bool flag> void mind_os::deserialize(mind_os::BytesBuffer&, T*, size_t)
 inline void deserialize(BytesBuffer& buffer, T* data, size_t size) {
             ^~~~~~~~~~~
/usr/local/include/mind_os/serialization/serialization.h:84:13: note:                 template<class T, class TYPE_GUARD> void mind_os::deserialize(mind_os::BytesBuffer&, T*, size_t)
 inline void deserialize(BytesBuffer& buffer, T* data, size_t size) {
             ^~~~~~~~~~~
In file included from /usr/local/include/mind_os/node_handle.h:6:0,
                 from /usr/local/include/mind_os/mind_os.h:1,
                 from /home/indemind/.jenkins_slave/workspace/rubby-ros-405/rubbynav/module/common/Log/Log.h:16,
                 from /home/indemind/.jenkins_slave/workspace/rubby-ros-405/rubbynav/module/motion/motionSDK/motionsdk.h:14,
                 from /home/indemind/.jenkins_slave/workspace/rubby-ros-405/rubbynav/module/hsm/include/hsmTopLevel.h:4,
                 from /home/indemind/.jenkins_slave/workspace/rubby-ros-405/rubbynav/src/LinkLayer.h:10,
                 from /home/indemind/.jenkins_slave/workspace/rubby-ros-405/rubbynav/src/LinkLayer.cpp:5:
/usr/local/include/mind_os/serialization/serialization.h:59:13: note:                 template<class T> void mind_os::deserialize(mind_os::BytesBuffer&, std::__cxx11::list<T>&)
 inline void deserialize(BytesBuffer& buffer, std::list<T>& data) {
             ^~~~~~~~~~~
/usr/local/include/mind_os/serialization/serialization.h:39:13: note:                 template<class T, class TYPE_GUARD> void mind_os::deserialize(mind_os::BytesBuffer&, std::vector<_Tp>&)
 inline void deserialize(BytesBuffer& buffer, std::vector<T>& data) {
             ^~~~~~~~~~~
/usr/local/include/mind_os/serialization/serialization.h:25:13: note:                 template<class T> void mind_os::deserialize(mind_os::BytesBuffer&, T&)
 inline void deserialize(BytesBuffer& buffer, T& data) {
             ^~~~~~~~~~~
[  9%] Building CXX object CMakeFiles/nav_plugin.dir/module/common/RWlock/RWlock.cpp.o
[ 11%] Building CXX object CMakeFiles/nav_plugin.dir/module/common/commonSDK/CommonSdk.cpp.o
[ 12%] Building CXX object CMakeFiles/nav_plugin.dir/module/hsm/src/hsmBuildMap.cpp.o
CMakeFiles/nav_plugin.dir/build.make:62: recipe for target 'CMakeFiles/nav_plugin.dir/src/LinkLayer.cpp.o' failed
make[2]: *** [CMakeFiles/nav_plugin.dir/src/LinkLayer.cpp.o] Error 1
make[2]: *** Waiting for unfinished jobs....
CMakeFiles/nav_plugin.dir/build.make:86: recipe for target 'CMakeFiles/nav_plugin.dir/src/Navigation.cpp.o' failed
make[2]: *** [CMakeFiles/nav_plugin.dir/src/Navigation.cpp.o] Error 1
CMakeFiles/Makefile2:195: recipe for target 'CMakeFiles/nav_plugin.dir/all' failed
make[1]: *** [CMakeFiles/nav_plugin.dir/all] Error 2
Makefile:140: recipe for target 'all' failed
make: *** [all] Error 2
+ echo 0
+ popd
/
+ exit
+ [[ -f /home/indemind/.jenkins_slave/workspace/rubby-ros-405/no_code_change.log ]]
+ check_status_code
+ test -f /home/indemind/.jenkins_slave/workspace/rubby-ros-405/result.log
+ echo 'containge build is error'
containge build is error
+ exit 1
Build step 'Execute shell' marked build as failure
Email was triggered for: Failure - Any
Sending email for trigger: Failure - Any
Sending email to: qishanqing@indemind.cn lishaohui@indemind.cn
Finished: FAILURE
