Started by user [8mha:////4NeZcJPLm+MfjD3BDs8GOBEa88oodQTJAS0j0N9IWQrjAAAAmh+LCAAAAAAAAP9b85aBtbiIQTGjNKU4P08vOT+vOD8nVc83PyU1x6OyILUoJzMv2y+/JJUBAhiZGBgqihhk0NSjKDWzXb3RdlLBUSYGJk8GtpzUvPSSDB8G5tKinBIGIZ+sxLJE/ZzEvHT94JKizLx0a6BxUmjGOUNodHsLgAyOEgY+/dLi1CL9jMT8jMS8qlQAxehcVMMAAAA=[0mhaohanze
Rebuilds build #[8mha:////4FeedFkI7S/Jxj3CwI8j2udKsWDgue0FRB1x37NlLx35AAAArh+LCAAAAAAAAP9b85aBtbiIQTGjNKU4P08vOT+vOD8nVc83PyU1x6OyILUoJzMv2y+/JJUBAhiZGBgqihhk0NSjKDWzXb3RdlLBUSYGJk8GtpzUvPSSDB8G5tKinBIGIZ+sxLJE/ZzEvHT94JKizLx0a6BxUmjGOUNodHsLgAzmEgYN/bLM1HL91Nyk1JTUFP2s/CT95MS01CJdMzMDQ12YsKG5IQD+fdjS3QAAAA==[0m171
Running as SYSTEM
Building remotely on [8mha:////4Mv+1wvIWl3OXIDGu6w3unSREX/fT0xpLFWon9eyySx4AAAAoR+LCAAAAAAAAP9b85aBtbiIQTGjNKU4P08vOT+vOD8nVc83PyU1x6OyILUoJzMv2y+/JJUBAhiZGBgqihhk0NSjKDWzXb3RdlLBUSYGJk8GtpzUvPSSDB8G5tKinBIGIZ+sxLJE/ZzEvHT94JKizLx0a6BxUmjGOUNodHsLgAzuEgZR/eT83ILSktQi/eyMxJTEYt3kxCJzAF4ra8rKAAAA[0mkhadas-car7 (car7) in workspace /root/workspace/workspace/cafer-6601-embeded
[WS-CLEANUP] Deleting project workspace...
[WS-CLEANUP] Deferred wipeout is used...
[WS-CLEANUP] Done
[cafer-6601-embeded] $ /bin/sh -xe /tmp/jenkins9024167491730779283.sh
+ bash /root/myscript/build/build.sh
++ export MYSQL_PWD=123
++ MYSQL_PWD=123
++ export -f cmdb_mysql
+ . /root/myscript/build/../sh/version-update.sh
++ . /root/.bashrc
+++ '[' -z '' ']'
+++ return
+ set -ex
+ export -f public_project_update
+ export -f project_build
+ init_project_env
++ date +%Y%m%d
+ DT=20240715
+ UserName=jenkins
+ API_TOKEN=11b65309c9835de9579d9c9038853d9eb7
+ GIT_PRIVATE_TOKEN=emEDrsaJVjxKK5gSWrf-
+ GIT_HOST=192.168.50.191
++ awk -F/ '{print $1"%2F"$2}'
++ echo abby/integration/sensors
+ CONVERT_TARGET_PROJECT=abby%2Fintegration
++ python -c 'import sys, json; print(json.load(sys.stdin)["id"])'
++ curl -XGET -H 'Content-Type: application/json' --header 'PRIVATE-TOKEN: emEDrsaJVjxKK5gSWrf-' http://192.168.50.191:85/api/v4/projects/abby%2Fintegration
/root/myscript/build/build.sh: line 15: python: command not found
  % Total    % Received % Xferd  Average Speed   Time    Time     Time  Current
                                 Dload  Upload   Total   Spent    Left  Speed
  0     0    0     0    0     0      0      0 --:--:-- --:--:-- --:--:--     0100    35  100    35    0     0    614      0 --:--:-- --:--:-- --:--:--   614
(23) Failed writing body
+ SUB_PROJECT_ID=
+ true
+ '[' -z ']'
+ SOURCE_DIR=/root/workspace/workspace/cafer-6601-embeded/rubby_sensor_6601
+ TARGET_DIR=/root/workspace/workspace/cafer-6601-embeded/sensors
+ prepare_env
++ uname -m
+ system_platform=aarch64
+ :
++ cat /proc/cpuinfo
++ sort
++ grep processor
++ uniq
++ wc -l
+ mt=-j4
+ export COMMIT_ID_FILE=/root/workspace/workspace/cafer-6601-embeded/_last_build_id
+ COMMIT_ID_FILE=/root/workspace/workspace/cafer-6601-embeded/_last_build_id
+ export COMMIT_MSG_FILE=/root/workspace/workspace/cafer-6601-embeded/_commit-msg
+ COMMIT_MSG_FILE=/root/workspace/workspace/cafer-6601-embeded/_commit-msg
+ export COMMIT_MSG_FILE_TMP=/root/workspace/workspace/cafer-6601-embeded/_commit-msg.tmp
+ COMMIT_MSG_FILE_TMP=/root/workspace/workspace/cafer-6601-embeded/_commit-msg.tmp
+ rm -f /root/workspace/workspace/cafer-6601-embeded/_last_build_id
+ rm -f /root/workspace/workspace/cafer-6601-embeded/_commit-msg
+ rm -f /root/workspace/workspace/cafer-6601-embeded/_commit-msg.tmp
+ rm -f /root/workspace/workspace/cafer-6601-embeded/result.log
+ rm -f /root/workspace/workspace/cafer-6601-embeded/no_code_change.log
+ sign_env
+ CONFIG_DIR_SET=/root/system
+ CONFIG_BRANCH=mind_os
+ CLONE_DEPTH=--depth=1
+ CONFIG_DIR=/root/system/i18rconfig
+ CONFIG_REMOTE='git clone ssh://git@192.168.50.191:222/AroundI18RProject/i18rconfig /root/system/i18rconfig -b mind_os --depth=1'
+ [[ aarch64 =~ x86_64 ]]
+ ENCRYPTION_TOOL=/root/system/i18rconfig/encrypt
+ CLONE_DEPTH=--depth=1
+ PUBLICBASETYPES_DIR=/root/system/I18RPublicBaseTypes
+ cmdb_mysql 'insert into prebuild(job_name,source_project,source_branch,target_project,target_branch,time,build_url,node_name,build_user) values ('\''cafer-6601-embeded'\'','\''EmbeddedGroup/rubby_sensor_6601'\'','\''hhz_tmp_caffer'\'','\''abby/integration/sensors'\'','\''independent_dirt_detecte'\'',now(),'\''http://192.168.50.191:8088/job/cafer-6601-embeded/172/'\'','\''khadas-car7'\'','\''haohanze'\'')'
+ set +x
+ DOCKER_CONTAINER_I18=build-x64-18.04
+ DOCKER_CONTAINER_RUBBY=c405
+ DOCKER_CONTAINER_RUBBY_INSIDE=c3566
+ DOCKER_CONTAINER_JAVA=node
+ JENKINS_JOB_A=mind
+ JENKINS_JOB_B=rbn
+ JENKINS_JOB_C=mark-check-tools
+ JENKINS_JOB_D=java
+ JENKINS_JOB_E=clean_recorder
+ JENKINS_JOB_F=i18r
+ JENKINS_JOB_G=nodejs
+ JENKINS_JOB_H=_ui
+ JENKINS_JOB_L=i12r
+ [[ cafer-6601-embeded =~ mind ]]
+ '[' true = false ']'
+ source_project_fetch
+ git clone ssh://git@192.168.50.191:222/EmbeddedGroup/rubby_sensor_6601 -b hhz_tmp_caffer --depth=1
Cloning into 'rubby_sensor_6601'...
Updating files:  83% (3097/3727)Updating files:  84% (3131/3727)Updating files:  85% (3168/3727)Updating files:  86% (3206/3727)Updating files:  87% (3243/3727)Updating files:  88% (3280/3727)Updating files:  89% (3318/3727)Updating files:  90% (3355/3727)Updating files:  91% (3392/3727)Updating files:  92% (3429/3727)Updating files:  93% (3467/3727)Updating files:  94% (3504/3727)Updating files:  95% (3541/3727)Updating files:  96% (3578/3727)Updating files:  97% (3616/3727)Updating files:  98% (3653/3727)Updating files:  99% (3690/3727)Updating files: 100% (3727/3727)Updating files: 100% (3727/3727), done.
+ target_project_update
+ rm -rf /root/workspace/workspace/cafer-6601-embeded/sensors
+ target_project_fetch
+ git clone ssh://git@192.168.50.191:222/abby/integration/sensors -b independent_dirt_detecte --depth=1
Cloning into 'sensors'...
+ insert_db
+ pushd /root/workspace/workspace/cafer-6601-embeded/rubby_sensor_6601
~/workspace/workspace/cafer-6601-embeded/rubby_sensor_6601 ~/workspace/workspace/cafer-6601-embeded
++ cmdb_mysql 'SELECT first_commit_id FROM prebuild where source_project='\''EmbeddedGroup/rubby_sensor_6601'\'' and source_branch='\''hhz_tmp_caffer'\'' and target_project='\''abby/integration/sensors'\'' and target_branch='\''independent_dirt_detecte'\'' and status='\''0'\'' and job_name='\''cafer-6601-embeded'\'' order by id desc limit 1;'
++ set +x
+ version=
++ awk -F ' ' '{print $2}'
++ echo
+ version=
++ git log -1 --pretty=format:%h
+ first_commit_id_now=6b729d7
+ cmdb_mysql 'update prebuild set first_commit_id='\''6b729d7'\'' where build_url='\''http://192.168.50.191:8088/job/cafer-6601-embeded/172/'\'';'
+ set +x
+ popd
~/workspace/workspace/cafer-6601-embeded
+ [[ aarch64 =~ x86_64 ]]
+ [[ cafer-6601-embeded =~ i18r ]]
+ project_build
+ pushd /root/workspace/workspace/cafer-6601-embeded/rubby_sensor_6601
~/workspace/workspace/cafer-6601-embeded/rubby_sensor_6601 ~/workspace/workspace/cafer-6601-embeded
+ project_init_remote
++ find -type f -name sync_submodules.sh
+ sf=
+ '[' -z ']'
+ git submodule update --init --recursive
Submodule 'abby_msg' (http://192.168.50.191:85/abby/source/abby_msg.git) registered for path 'abby_msg'
Submodule 'mind_os' (ssh://git@192.168.50.191:222/mind_os/mind_os.git) registered for path 'mind_os'
Cloning into '/root/workspace/workspace/cafer-6601-embeded/rubby_sensor_6601/abby_msg'...
Cloning into '/root/workspace/workspace/cafer-6601-embeded/rubby_sensor_6601/mind_os'...
Submodule path 'abby_msg': checked out '8b9d64b7cac8bba739584d03937ba5212e1a4636'
Submodule path 'mind_os': checked out '869774fe4b69602997f94f4785646bf43cae839b'
+ git submodule update --remote
Submodule path 'abby_msg': checked out '041e1ef4285e450b32016efc7b4e16814e09abaf'
Submodule path 'mind_os': checked out '2b9e717d5d134400aaeb0bced79d5ca14a132cc6'
+ sed -i 's/make -j[0-9].*/make -j4/g' build.sh
+ '[' -z ']'
+ '[' x6b729d7 == x ']'
+ bash -ex build.sh
++ wc -l
++ grep processor
++ cat /proc/cpuinfo
+ NR=6
++ uname -m
+ PLATFORM=aarch64
+ echo 'now platform is aarch64 ...'
now platform is aarch64 ...
+ [[ 0 -gt 0 ]]
+ '[' aarch64 = x86_64 ']'
+ '[' aarch64 = aarch64 ']'
+ arm64_compile_arm64
+ '[' '!' -d build_arm64 ']'
+ mkdir build_arm64
+ cd build_arm64
+ cmake -DCOMPILE_FOR_SDK=OFF -DCROSS_COMPILE_ENABLE=OFF ..
-- The C compiler identification is GNU 9.4.0
-- The CXX compiler identification is GNU 9.4.0
-- Check for working C compiler: /usr/bin/cc
-- Check for working C compiler: /usr/bin/cc -- works
-- Detecting C compiler ABI info
-- Detecting C compiler ABI info - done
-- Detecting C compile features
-- Detecting C compile features - done
-- Check for working CXX compiler: /usr/bin/c++
-- Check for working CXX compiler: /usr/bin/c++ -- works
-- Detecting CXX compiler ABI info
-- Detecting CXX compiler ABI info - done
-- Detecting CXX compile features
-- Detecting CXX compile features - done
LIBRARY_OUTPUT_PATH /root/workspace/workspace/cafer-6601-embeded/rubby_sensor_6601/install/lib/arm ..................
EXECUTABLE_OUTPUT_PATH /root/workspace/workspace/cafer-6601-embeded/rubby_sensor_6601/install/bin/arm .....................
-- BUILD_ROS_NODE=OFF
-- emb_common version is 1.0.2
-- Found OpenCV: /usr/local (found suitable version "3.4.3", minimum required is "3") 
-- imsee version is 1.0.2
-- KeyBoard version is 1.0.2
-- McuData version is 1.0.2
-- multimodule version is 1.0.2
-- sensorControl version is 1.0.2
-- stream_media version is 1.0.2
-- sensor_plugin version is 1.0.2
-- test_plugin version is 1.0.2
-- sensor_subscriber_plugin version is 1.0.2
-- Configuring done
-- Generating done
CMake Warning:
  Manually-specified variables were not used by the project:

    COMPILE_FOR_SDK
    CROSS_COMPILE_ENABLE


-- Build files have been written to: /root/workspace/workspace/cafer-6601-embeded/rubby_sensor_6601/build_arm64
+ make -j6
Scanning dependencies of target emb_common
[  1%] Building CXX object sensor/core/common/CMakeFiles/emb_common.dir/ByteFifo.cpp.o
[  3%] Building CXX object sensor/core/common/CMakeFiles/emb_common.dir/common.cpp.o
[  4%] Building CXX object sensor/core/common/CMakeFiles/emb_common.dir/CRC16.cpp.o
[  6%] Building CXX object sensor/core/common/CMakeFiles/emb_common.dir/CRC32.cpp.o
[  7%] Building CXX object sensor/core/common/CMakeFiles/emb_common.dir/ThreadCpuSet.cpp.o
[  9%] Building CXX object sensor/core/common/CMakeFiles/emb_common.dir/RobotDebug.cpp.o
[ 10%] Building CXX object sensor/core/common/CMakeFiles/emb_common.dir/TimeSync.cpp.o
[ 12%] Building CXX object sensor/core/common/CMakeFiles/emb_common.dir/MsgQueue.cpp.o
[ 13%] Building CXX object sensor/core/common/CMakeFiles/emb_common.dir/ThreadMsgQueue.cpp.o
[ 15%] Building CXX object sensor/core/common/CMakeFiles/emb_common.dir/ConfigYaml.cpp.o
/root/workspace/workspace/cafer-6601-embeded/rubby_sensor_6601/sensor/core/common/ByteFifo.cpp: In member function ‚Äòint ByteFifo::Init()‚Äô:
/root/workspace/workspace/cafer-6601-embeded/rubby_sensor_6601/sensor/core/common/ByteFifo.cpp:33:7: warning: unused variable ‚Äòflags‚Äô [-Wunused-variable]
   33 |   int flags = fcntl(writeFd, F_GETFL);
      |       ^~~~~
[ 16%] Building CXX object sensor/core/common/CMakeFiles/emb_common.dir/md5.cpp.o
[ 18%] Building CXX object sensor/core/common/CMakeFiles/emb_common.dir/md5file.cpp.o
[ 19%] Building CXX object sensor/core/common/CMakeFiles/emb_common.dir/DataTypeConversion.cpp.o
[ 21%] Linking CXX shared library ../../../../install/lib/arm/libemb_common.so
[ 21%] Built target emb_common
Scanning dependencies of target monitor_node
Scanning dependencies of target KeyBoard
Scanning dependencies of target sensorControl
Scanning dependencies of target test_plugin
Scanning dependencies of target sensor_subscriber_plugin
[ 22%] Building CXX object sensor/nodes/sensor_plugin/CMakeFiles/monitor_node.dir/MonitorNode.cpp.o
[ 24%] Building CXX object sensor/core/keyboard/CMakeFiles/KeyBoard.dir/KeyBoard.cpp.o
[ 25%] Building CXX object sensor/core/controller/CMakeFiles/sensorControl.dir/Controller.cpp.o
[ 27%] Building CXX object sensor/nodes/test_plugin/CMakeFiles/test_plugin.dir/TestModule.cpp.o
[ 28%] Building CXX object sensor/nodes/sensor_subscriber_plugin/CMakeFiles/sensor_subscriber_plugin.dir/sensor_subscriber.cpp.o
Scanning dependencies of target stream_media
[ 30%] Building CXX object sensor/core/stream_media/CMakeFiles/stream_media.dir/stream_media.cpp.o
[ 31%] Building CXX object sensor/nodes/sensor_plugin/CMakeFiles/monitor_node.dir/EmbSensorMonitor.cpp.o
/root/workspace/workspace/cafer-6601-embeded/rubby_sensor_6601/sensor/core/keyboard/KeyBoard.cpp: In member function ‚Äòint emb_node::KeyBoard::LoadConfig(std::string)‚Äô:
/root/workspace/workspace/cafer-6601-embeded/rubby_sensor_6601/sensor/core/keyboard/KeyBoard.cpp:212:26: warning: unused variable ‚ÄòconfigFile‚Äô [-Wunused-variable]
  212 |   YAMLConfig::ConfigFile configFile;
      |                          ^~~~~~~~~~
/root/workspace/workspace/cafer-6601-embeded/rubby_sensor_6601/sensor/core/keyboard/KeyBoard.cpp:217:1: warning: no return statement in function returning non-void [-Wreturn-type]
  217 | }
      | ^
[ 33%] Linking CXX shared library ../../../../install/lib/arm/libsensorControl.so
[ 34%] Building CXX object sensor/core/keyboard/CMakeFiles/KeyBoard.dir/__/drivers/serial.cpp.o
/root/workspace/workspace/cafer-6601-embeded/rubby_sensor_6601/sensor/core/stream_media/stream_media.cpp: In member function ‚Äòvirtual int stream_media::StreamMedia::LoadConfig(std::string)‚Äô:
/root/workspace/workspace/cafer-6601-embeded/rubby_sensor_6601/sensor/core/stream_media/stream_media.cpp:58:26: warning: unused variable ‚ÄòconfigFile‚Äô [-Wunused-variable]
   58 |   YAMLConfig::ConfigFile configFile;
      |                          ^~~~~~~~~~
/root/workspace/workspace/cafer-6601-embeded/rubby_sensor_6601/sensor/core/stream_media/stream_media.cpp: In member function ‚Äòvirtual int stream_media::StreamMedia::Start()‚Äô:
/root/workspace/workspace/cafer-6601-embeded/rubby_sensor_6601/sensor/core/stream_media/stream_media.cpp:180:1: warning: label ‚Äòfailure‚Äô defined but not used [-Wunused-label]
  180 | failure:
      | ^~~~~~~
/root/workspace/workspace/cafer-6601-embeded/rubby_sensor_6601/sensor/core/stream_media/stream_media.cpp: In static member function ‚Äòstatic GstFlowReturn stream_media::StreamMedia::myAppSrcNeedData(GstAppSrc*, guint, gpointer)‚Äô:
/root/workspace/workspace/cafer-6601-embeded/rubby_sensor_6601/sensor/core/stream_media/stream_media.cpp:218:11: warning: unused variable ‚Äòdata‚Äô [-Wunused-variable]
  218 |   guint8 *data;
      |           ^~~~
/root/workspace/workspace/cafer-6601-embeded/rubby_sensor_6601/sensor/core/stream_media/stream_media.cpp: In static member function ‚Äòstatic gboolean stream_media::StreamMedia::busCall(GstBus*, GstMessage*, gpointer)‚Äô:
/root/workspace/workspace/cafer-6601-embeded/rubby_sensor_6601/sensor/core/stream_media/stream_media.cpp:290:10: warning: unused variable ‚Äòpipeline‚Äô [-Wunused-variable]
  290 |     auto pipeline = static_cast<StreamMedia*>(data);
      |          ^~~~~~~~
[ 34%] Built target sensorControl
In file included from /root/workspace/workspace/cafer-6601-embeded/rubby_sensor_6601/sensor/nodes/test_plugin/TestModule.cpp:1:
/root/workspace/workspace/cafer-6601-embeded/rubby_sensor_6601/sensor/nodes/test_plugin/TestModule.hpp: In constructor ‚Äòsensor_module::TestModule::TestModule()‚Äô:
/root/workspace/workspace/cafer-6601-embeded/rubby_sensor_6601/sensor/nodes/test_plugin/TestModule.hpp:67:18: warning: ‚Äòsensor_module::TestModule::topicPublishImseeTh‚Äô will be initialized after [-Wreorder]
   67 |     std::thread *topicPublishImseeTh;     //ÂàõÂª∫ÂèëÂ∏ÉtopicÁ∫øÁ®ã
      |                  ^~~~~~~~~~~~~~~~~~~
/root/workspace/workspace/cafer-6601-embeded/rubby_sensor_6601/sensor/nodes/test_plugin/TestModule.hpp:57:10: warning:   ‚Äòbool sensor_module::TestModule::isSensorRunning‚Äô [-Wreorder]
   57 |     bool isSensorRunning;
      |          ^~~~~~~~~~~~~~~
/root/workspace/workspace/cafer-6601-embeded/rubby_sensor_6601/sensor/nodes/test_plugin/TestModule.cpp:17:1: warning:   when initialized here [-Wreorder]
   17 | TestModule::TestModule()
      | ^~~~~~~~~~
/root/workspace/workspace/cafer-6601-embeded/rubby_sensor_6601/sensor/nodes/test_plugin/TestModule.cpp: In member function ‚Äòvoid sensor_module::TestModule::onStart(mind_os::ConstPtr<sensor_srvs::SensorStart::Request>&, mind_os::Ptr<sensor_srvs::SensorStart::Response>&)‚Äô:
/root/workspace/workspace/cafer-6601-embeded/rubby_sensor_6601/sensor/nodes/test_plugin/TestModule.cpp:75:16: warning: unused variable ‚ÄòpthBluetooStatus‚Äô [-Wunused-variable]
   75 |   std::thread *pthBluetooStatus = new std::thread([&]() {
      |                ^~~~~~~~~~~~~~~~
/root/workspace/workspace/cafer-6601-embeded/rubby_sensor_6601/sensor/nodes/test_plugin/TestModule.cpp:83:16: warning: unused variable ‚ÄòpthBumper‚Äô [-Wunused-variable]
   83 |   std::thread *pthBumper = new std::thread([&]() {
      |                ^~~~~~~~~
/root/workspace/workspace/cafer-6601-embeded/rubby_sensor_6601/sensor/nodes/test_plugin/TestModule.cpp:91:16: warning: unused variable ‚ÄòpthChargePosition‚Äô [-Wunused-variable]
   91 |   std::thread *pthChargePosition = new std::thread([&]() {
      |                ^~~~~~~~~~~~~~~~~
/root/workspace/workspace/cafer-6601-embeded/rubby_sensor_6601/sensor/nodes/test_plugin/TestModule.cpp:99:16: warning: unused variable ‚ÄòpthCliffEvent‚Äô [-Wunused-variable]
   99 |   std::thread *pthCliffEvent = new std::thread([&]() {
      |                ^~~~~~~~~~~~~
/root/workspace/workspace/cafer-6601-embeded/rubby_sensor_6601/sensor/nodes/test_plugin/TestModule.cpp:107:16: warning: unused variable ‚ÄòpthDropEvent‚Äô [-Wunused-variable]
  107 |   std::thread *pthDropEvent = new std::thread([&]() {
      |                ^~~~~~~~~~~~
/root/workspace/workspace/cafer-6601-embeded/rubby_sensor_6601/sensor/nodes/test_plugin/TestModule.cpp:115:16: warning: unused variable ‚ÄòpthEncoderMsg‚Äô [-Wunused-variable]
  115 |   std::thread *pthEncoderMsg = new std::thread([&]() {
      |                ^~~~~~~~~~~~~
/root/workspace/workspace/cafer-6601-embeded/rubby_sensor_6601/sensor/nodes/test_plugin/TestModule.cpp:123:16: warning: unused variable ‚ÄòpthImgTxMsg‚Äô [-Wunused-variable]
  123 |   std::thread *pthImgTxMsg = new std::thread([&]() {
      |                ^~~~~~~~~~~
/root/workspace/workspace/cafer-6601-embeded/rubby_sensor_6601/sensor/nodes/test_plugin/TestModule.cpp:131:16: warning: unused variable ‚ÄòpthImgIrMsg‚Äô [-Wunused-variable]
  131 |   std::thread *pthImgIrMsg = new std::thread([&]() {
      |                ^~~~~~~~~~~
/root/workspace/workspace/cafer-6601-embeded/rubby_sensor_6601/sensor/nodes/test_plugin/TestModule.cpp:139:16: warning: unused variable ‚ÄòpthImuMsg‚Äô [-Wunused-variable]
  139 |   std::thread *pthImuMsg = new std::thread([&]() {
      |                ^~~~~~~~~
/root/workspace/workspace/cafer-6601-embeded/rubby_sensor_6601/sensor/nodes/test_plugin/TestModule.cpp:147:16: warning: unused variable ‚ÄòpthLightFlow‚Äô [-Wunused-variable]
  147 |   std::thread *pthLightFlow = new std::thread([&]() {
      |                ^~~~~~~~~~~~
/root/workspace/workspace/cafer-6601-embeded/rubby_sensor_6601/sensor/nodes/test_plugin/TestModule.cpp:155:16: warning: unused variable ‚ÄòpthMachineMode‚Äô [-Wunused-variable]
  155 |   std::thread *pthMachineMode = new std::thread([&]() {
      |                ^~~~~~~~~~~~~~
/root/workspace/workspace/cafer-6601-embeded/rubby_sensor_6601/sensor/nodes/test_plugin/TestModule.cpp:163:16: warning: unused variable ‚ÄòpthWallSensorMsg‚Äô [-Wunused-variable]
  163 |   std::thread *pthWallSensorMsg = new std::thread([&]() {
      |                ^~~~~~~~~~~~~~~~
/root/workspace/workspace/cafer-6601-embeded/rubby_sensor_6601/sensor/nodes/test_plugin/TestModule.cpp:174:16: warning: unused variable ‚ÄòpthWheelSpeedMsg‚Äô [-Wunused-variable]
  174 |   std::thread *pthWheelSpeedMsg = new std::thread([&]() {
      |                ^~~~~~~~~~~~~~~~
/root/workspace/workspace/cafer-6601-embeded/rubby_sensor_6601/sensor/nodes/test_plugin/TestModule.cpp:182:16: warning: unused variable ‚ÄòpthMotorCurrentMsg‚Äô [-Wunused-variable]
  182 |   std::thread *pthMotorCurrentMsg = new std::thread([&]() {
      |                ^~~~~~~~~~~~~~~~~~
/root/workspace/workspace/cafer-6601-embeded/rubby_sensor_6601/sensor/nodes/test_plugin/TestModule.cpp:195:16: warning: unused variable ‚ÄòpthBatteryEvent‚Äô [-Wunused-variable]
  195 |   std::thread *pthBatteryEvent = new std::thread([&]() {
      |                ^~~~~~~~~~~~~~~
/root/workspace/workspace/cafer-6601-embeded/rubby_sensor_6601/sensor/nodes/test_plugin/TestModule.cpp:208:18: warning: unused variable ‚ÄòpthKeyEvent‚Äô [-Wunused-variable]
  208 |     std::thread *pthKeyEvent = new std::thread([&]() {
      |                  ^~~~~~~~~~~
/root/workspace/workspace/cafer-6601-embeded/rubby_sensor_6601/sensor/nodes/test_plugin/TestModule.cpp:219:16: warning: unused variable ‚ÄòpthImuMsgAuxiliary‚Äô [-Wunused-variable]
  219 |   std::thread *pthImuMsgAuxiliary = new std::thread([&]() {
      |                ^~~~~~~~~~~~~~~~~~
/root/workspace/workspace/cafer-6601-embeded/rubby_sensor_6601/sensor/nodes/test_plugin/TestModule.cpp:235:16: warning: unused variable ‚ÄòpthWifiStatus‚Äô [-Wunused-variable]
  235 |   std::thread *pthWifiStatus = new std::thread([&]() {
      |                ^~~~~~~~~~~~~
In file included from /root/workspace/workspace/cafer-6601-embeded/rubby_sensor_6601/sensor/core/common/TimeUsedCheck.hpp:5,
                 from /root/workspace/workspace/cafer-6601-embeded/rubby_sensor_6601/sensor/core/common/EmbLib.hpp:10,
                 from /root/workspace/workspace/cafer-6601-embeded/rubby_sensor_6601/sensor/nodes/sensor_plugin/EmbSensorMonitor.hpp:5,
                 from /root/workspace/workspace/cafer-6601-embeded/rubby_sensor_6601/sensor/nodes/sensor_plugin/EmbSensorMonitor.cpp:1:
/root/workspace/workspace/cafer-6601-embeded/rubby_sensor_6601/sensor/nodes/sensor_plugin/EmbSensorMonitor.cpp: In constructor ‚Äòemb_monitor::EmbSensorMonitor::EmbSensorMonitor(std::string)‚Äô:
/root/workspace/workspace/cafer-6601-embeded/rubby_sensor_6601/sensor/core/common/RobotDebug.hpp:107:157: warning: too many arguments for format [-Wformat-extra-args]
  107 | #define RobotDEBUG(format, ...) {if(EmbLog::GetInstance()->GetLogSwitch() && (LOG_LEVEL_DEBUG >= EmbLog::GetInstance()->GetLogMinLevel()))  fprintf(stdout, "%lu [%s:%d/%s] [sensors] " format "\n", GetSystimeMs(), basename((char *)__FILE__), __LINE__, __FUNCTION__, ##__VA_ARGS__);}
      |                                                                                                                                                             ^~~~~~~~~~~~~~~~~~~~~~~~~~~~~~~~~~~~~~~
/root/workspace/workspace/cafer-6601-embeded/rubby_sensor_6601/sensor/nodes/sensor_plugin/EmbSensorMonitor.cpp:30:7: note: in expansion of macro ‚ÄòRobotDEBUG‚Äô
   30 |       RobotDEBUG("EmbSensorMonitor mkdir config dir: ", configDir, " failed");
      |       ^~~~~~~~~~
/root/workspace/workspace/cafer-6601-embeded/rubby_sensor_6601/sensor/nodes/sensor_plugin/EmbSensorMonitor.cpp: In member function ‚Äòvoid emb_monitor::EmbSensorMonitor::SysMonitortask()‚Äô:
/root/workspace/workspace/cafer-6601-embeded/rubby_sensor_6601/sensor/nodes/sensor_plugin/EmbSensorMonitor.cpp:323:31: warning: unknown conversion type character ‚Äò$‚Äô in format [-Wformat=]
  323 |           " MIN_NUM=${MIN_NUM%${FILE_EXT}} \n"
      |                               ^
/root/workspace/workspace/cafer-6601-embeded/rubby_sensor_6601/sensor/nodes/sensor_plugin/EmbSensorMonitor.cpp:325:31: warning: unknown conversion type character ‚Äò$‚Äô in format [-Wformat=]
  325 |           " MAX_NUM=${MAX_NUM%${FILE_EXT}} \n"
      |                               ^
/root/workspace/workspace/cafer-6601-embeded/rubby_sensor_6601/sensor/nodes/sensor_plugin/EmbSensorMonitor.cpp: In member function ‚Äòstd::vector<emb_monitor::SensorMagerErrorType> emb_monitor::EmbSensorMonitor::Start()‚Äô:
/root/workspace/workspace/cafer-6601-embeded/rubby_sensor_6601/sensor/nodes/sensor_plugin/EmbSensorMonitor.cpp:675:19: warning: moving a local object in a return statement prevents copy elision [-Wpessimizing-move]
  675 |   return std::move(errorlist);
      |          ~~~~~~~~~^~~~~~~~~~~
/root/workspace/workspace/cafer-6601-embeded/rubby_sensor_6601/sensor/nodes/sensor_plugin/EmbSensorMonitor.cpp:675:19: note: remove ‚Äòstd::move‚Äô call
/root/workspace/workspace/cafer-6601-embeded/rubby_sensor_6601/sensor/nodes/sensor_plugin/EmbSensorMonitor.cpp: In member function ‚Äòstd::vector<emb_monitor::SensorMagerErrorType> emb_monitor::EmbSensorMonitor::Stop()‚Äô:
/root/workspace/workspace/cafer-6601-embeded/rubby_sensor_6601/sensor/nodes/sensor_plugin/EmbSensorMonitor.cpp:711:19: warning: moving a local object in a return statement prevents copy elision [-Wpessimizing-move]
  711 |   return std::move(errorlist);
      |          ~~~~~~~~~^~~~~~~~~~~
/root/workspace/workspace/cafer-6601-embeded/rubby_sensor_6601/sensor/nodes/sensor_plugin/EmbSensorMonitor.cpp:711:19: note: remove ‚Äòstd::move‚Äô call
/root/workspace/workspace/cafer-6601-embeded/rubby_sensor_6601/sensor/nodes/sensor_plugin/EmbSensorMonitor.cpp: In member function ‚Äòstd::vector<emb_monitor::SensorMagerErrorType> emb_monitor::EmbSensorMonitor::SensorClose()‚Äô:
/root/workspace/workspace/cafer-6601-embeded/rubby_sensor_6601/sensor/nodes/sensor_plugin/EmbSensorMonitor.cpp:726:21: warning: moving a local object in a return statement prevents copy elision [-Wpessimizing-move]
  726 |     return std::move(errorlist);
      |            ~~~~~~~~~^~~~~~~~~~~
/root/workspace/workspace/cafer-6601-embeded/rubby_sensor_6601/sensor/nodes/sensor_plugin/EmbSensorMonitor.cpp:726:21: note: remove ‚Äòstd::move‚Äô call
/root/workspace/workspace/cafer-6601-embeded/rubby_sensor_6601/sensor/nodes/sensor_plugin/EmbSensorMonitor.cpp:733:19: warning: moving a local object in a return statement prevents copy elision [-Wpessimizing-move]
  733 |   return std::move(errorlist);
      |          ~~~~~~~~~^~~~~~~~~~~
/root/workspace/workspace/cafer-6601-embeded/rubby_sensor_6601/sensor/nodes/sensor_plugin/EmbSensorMonitor.cpp:733:19: note: remove ‚Äòstd::move‚Äô call
/root/workspace/workspace/cafer-6601-embeded/rubby_sensor_6601/sensor/nodes/sensor_plugin/EmbSensorMonitor.cpp: In member function ‚Äòstd::vector<emb_monitor::SensorMagerErrorType> emb_monitor::EmbSensorMonitor::SensorOpen()‚Äô:
/root/workspace/workspace/cafer-6601-embeded/rubby_sensor_6601/sensor/nodes/sensor_plugin/EmbSensorMonitor.cpp:743:21: warning: moving a local object in a return statement prevents copy elision [-Wpessimizing-move]
  743 |     return std::move(errorlist);
      |            ~~~~~~~~~^~~~~~~~~~~
/root/workspace/workspace/cafer-6601-embeded/rubby_sensor_6601/sensor/nodes/sensor_plugin/EmbSensorMonitor.cpp:743:21: note: remove ‚Äòstd::move‚Äô call
/root/workspace/workspace/cafer-6601-embeded/rubby_sensor_6601/sensor/nodes/sensor_plugin/EmbSensorMonitor.cpp:755:19: warning: moving a local object in a return statement prevents copy elision [-Wpessimizing-move]
  755 |   return std::move(errorlist);
      |          ~~~~~~~~~^~~~~~~~~~~
/root/workspace/workspace/cafer-6601-embeded/rubby_sensor_6601/sensor/nodes/sensor_plugin/EmbSensorMonitor.cpp:755:19: note: remove ‚Äòstd::move‚Äô call
[ 36%] Linking CXX shared library ../../../../install/lib/arm/libstream_media.so
[ 36%] Built target stream_media
[ 37%] Linking CXX shared library ../../../../install/lib/arm/libKeyBoard.so
[ 37%] Built target KeyBoard
In file included from /root/workspace/workspace/cafer-6601-embeded/rubby_sensor_6601/sensor/nodes/sensor_subscriber_plugin/sensor_subscriber.cpp:6:
/root/workspace/workspace/cafer-6601-embeded/rubby_sensor_6601/sensor/nodes/sensor_subscriber_plugin/sensor_subscriber.cpp: In constructor ‚Äòsensor_module::sensor_subscriber::sensor_subscriber()‚Äô:
/root/workspace/workspace/cafer-6601-embeded/rubby_sensor_6601/sensor/core/common/RobotDebug.hpp:107:157: warning: too many arguments for format [-Wformat-extra-args]
  107 | #define RobotDEBUG(format, ...) {if(EmbLog::GetInstance()->GetLogSwitch() && (LOG_LEVEL_DEBUG >= EmbLog::GetInstance()->GetLogMinLevel()))  fprintf(stdout, "%lu [%s:%d/%s] [sensors] " format "\n", GetSystimeMs(), basename((char *)__FILE__), __LINE__, __FUNCTION__, ##__VA_ARGS__);}
      |                                                                                                                                                             ^~~~~~~~~~~~~~~~~~~~~~~~~~~~~~~~~~~~~~~
/root/workspace/workspace/cafer-6601-embeded/rubby_sensor_6601/sensor/nodes/sensor_subscriber_plugin/sensor_subscriber.cpp:211:5: note: in expansion of macro ‚ÄòRobotDEBUG‚Äô
  211 |     RobotDEBUG("set sensor file dir:", fileDir);
      |     ^~~~~~~~~~
/root/workspace/workspace/cafer-6601-embeded/rubby_sensor_6601/sensor/nodes/sensor_subscriber_plugin/sensor_subscriber.cpp:370:18: warning: unused variable ‚ÄòimseeTxIrTask‚Äô [-Wunused-variable]
  370 |     std::thread *imseeTxIrTask = new std::thread([this, &nh]() {
      |                  ^~~~~~~~~~~~~
[ 39%] Linking CXX shared library ../../../../install/lib/arm/libmonitor_node.so
[ 39%] Built target monitor_node
Scanning dependencies of target multi_main
Scanning dependencies of target McuData
Scanning dependencies of target multimodule
[ 42%] Building CXX object sensor/core/multi_module/src/CMakeFiles/multimodule.dir/MultiModule.cpp.o
[ 42%] Building CXX object sensor/core/mcudata/CMakeFiles/McuData.dir/McuData.cpp.o
Scanning dependencies of target imsee
[ 43%] Building CXX object sensor/core/multi_module/sample/CMakeFiles/multi_main.dir/__/src/MultiModule.cpp.o
[ 45%] Building CXX object sensor/core/imsee/src/CMakeFiles/imsee.dir/6601_mipi/mipi_imsee.cpp.o
/root/workspace/workspace/cafer-6601-embeded/rubby_sensor_6601/sensor/core/imsee/src/6601_mipi/mipi_imsee.cpp:31:10: fatal error: sensor_msgs/image_encodings.h: No such file or directory
   31 | #include "sensor_msgs/image_encodings.h"
      |          ^~~~~~~~~~~~~~~~~~~~~~~~~~~~~~~
compilation terminated.
make[2]: *** [sensor/core/imsee/src/CMakeFiles/imsee.dir/build.make:63: sensor/core/imsee/src/CMakeFiles/imsee.dir/6601_mipi/mipi_imsee.cpp.o] Error 1
make[1]: *** [CMakeFiles/Makefile2:444: sensor/core/imsee/src/CMakeFiles/imsee.dir/all] Error 2
make[1]: *** Waiting for unfinished jobs....
[ 46%] Building CXX object sensor/core/multi_module/sample/CMakeFiles/multi_main.dir/multi_main.cpp.o
[ 48%] Linking CXX shared library ../../../../install/lib/arm/libtest_plugin.so
/root/workspace/workspace/cafer-6601-embeded/rubby_sensor_6601/sensor/core/multi_module/sample/multi_main.cpp: In function ‚Äòint main(int, char**)‚Äô:
/root/workspace/workspace/cafer-6601-embeded/rubby_sensor_6601/sensor/core/multi_module/sample/multi_main.cpp:24:7: warning: unused variable ‚Äòleft‚Äô [-Wunused-variable]
   24 |   int left, total, cpuNum;
      |       ^~~~
/root/workspace/workspace/cafer-6601-embeded/rubby_sensor_6601/sensor/core/multi_module/sample/multi_main.cpp:24:13: warning: unused variable ‚Äòtotal‚Äô [-Wunused-variable]
   24 |   int left, total, cpuNum;
      |             ^~~~~
/root/workspace/workspace/cafer-6601-embeded/rubby_sensor_6601/sensor/core/multi_module/sample/multi_main.cpp:26:7: warning: unused variable ‚Äòbrightvalue‚Äô [-Wunused-variable]
   26 |   int brightvalue;
      |       ^~~~~~~~~~~
/root/workspace/workspace/cafer-6601-embeded/rubby_sensor_6601/sensor/core/multi_module/sample/multi_main.cpp:28:9: warning: unused variable ‚Äòtemp‚Äô [-Wunused-variable]
   28 |   float temp, freeMem, totalMem;
      |         ^~~~
/root/workspace/workspace/cafer-6601-embeded/rubby_sensor_6601/sensor/core/multi_module/sample/multi_main.cpp:28:15: warning: unused variable ‚ÄòfreeMem‚Äô [-Wunused-variable]
   28 |   float temp, freeMem, totalMem;
      |               ^~~~~~~
/root/workspace/workspace/cafer-6601-embeded/rubby_sensor_6601/sensor/core/multi_module/sample/multi_main.cpp:28:24: warning: unused variable ‚ÄòtotalMem‚Äô [-Wunused-variable]
   28 |   float temp, freeMem, totalMem;
      |                        ^~~~~~~~
/root/workspace/workspace/cafer-6601-embeded/rubby_sensor_6601/sensor/core/multi_module/src/MultiModule.cpp: In member function ‚Äòvirtual int emb_node::ToolsModule::LoadConfig(std::string)‚Äô:
/root/workspace/workspace/cafer-6601-embeded/rubby_sensor_6601/sensor/core/multi_module/src/MultiModule.cpp:192:26: warning: unused variable ‚ÄòconfigFile‚Äô [-Wunused-variable]
  192 |   YAMLConfig::ConfigFile configFile;
      |                          ^~~~~~~~~~
/root/workspace/workspace/cafer-6601-embeded/rubby_sensor_6601/sensor/core/multi_module/src/MultiModule.cpp: In member function ‚Äòvirtual int emb_node::ToolsModule::LoadConfig(std::string)‚Äô:
/root/workspace/workspace/cafer-6601-embeded/rubby_sensor_6601/sensor/core/multi_module/src/MultiModule.cpp:192:26: warning: unused variable ‚ÄòconfigFile‚Äô [-Wunused-variable]
  192 |   YAMLConfig::ConfigFile configFile;
      |                          ^~~~~~~~~~
/root/workspace/workspace/cafer-6601-embeded/rubby_sensor_6601/sensor/core/multi_module/src/MultiModule.cpp: In member function ‚Äòvoid emb_node::ToolsModule::SysCheckTaks()‚Äô:
/root/workspace/workspace/cafer-6601-embeded/rubby_sensor_6601/sensor/core/multi_module/src/MultiModule.cpp:293:14: warning: unused variable ‚ÄònowTime‚Äô [-Wunused-variable]
  293 |     uint64_t nowTime = GetSystimeMs();
      |              ^~~~~~~
/root/workspace/workspace/cafer-6601-embeded/rubby_sensor_6601/sensor/core/multi_module/src/MultiModule.cpp:281:12: warning: unused variable ‚ÄòtemperatureLastTime‚Äô [-Wunused-variable]
  281 |   uint64_t temperatureLastTime = GetSystimeMs();
      |            ^~~~~~~~~~~~~~~~~~~
/root/workspace/workspace/cafer-6601-embeded/rubby_sensor_6601/sensor/core/multi_module/src/MultiModule.cpp: In member function ‚Äòvirtual int emb_node::ToolsModule::SetSysTime(uint64_t)‚Äô:
/root/workspace/workspace/cafer-6601-embeded/rubby_sensor_6601/sensor/core/multi_module/src/MultiModule.cpp:357:1: warning: no return statement in function returning non-void [-Wreturn-type]
  357 | }
      | ^
/root/workspace/workspace/cafer-6601-embeded/rubby_sensor_6601/sensor/core/multi_module/src/MultiModule.cpp: In member function ‚Äòvirtual int emb_node::ToolsModule::SetSysTime(int, int, int, int, int, int, int)‚Äô:
/root/workspace/workspace/cafer-6601-embeded/rubby_sensor_6601/sensor/core/multi_module/src/MultiModule.cpp:371:1: warning: no return statement in function returning non-void [-Wreturn-type]
  371 | }
      | ^
/root/workspace/workspace/cafer-6601-embeded/rubby_sensor_6601/sensor/core/multi_module/src/MultiModule.cpp: In member function ‚Äòvoid emb_node::ToolsModule::SysCheckTaks()‚Äô:
/root/workspace/workspace/cafer-6601-embeded/rubby_sensor_6601/sensor/core/multi_module/src/MultiModule.cpp:293:14: warning: unused variable ‚ÄònowTime‚Äô [-Wunused-variable]
  293 |     uint64_t nowTime = GetSystimeMs();
      |              ^~~~~~~
/root/workspace/workspace/cafer-6601-embeded/rubby_sensor_6601/sensor/core/multi_module/src/MultiModule.cpp:281:12: warning: unused variable ‚ÄòtemperatureLastTime‚Äô [-Wunused-variable]
  281 |   uint64_t temperatureLastTime = GetSystimeMs();
      |            ^~~~~~~~~~~~~~~~~~~
/root/workspace/workspace/cafer-6601-embeded/rubby_sensor_6601/sensor/core/multi_module/src/MultiModule.cpp: In member function ‚Äòvirtual int emb_node::ToolsModule::SetSysTime(uint64_t)‚Äô:
/root/workspace/workspace/cafer-6601-embeded/rubby_sensor_6601/sensor/core/multi_module/src/MultiModule.cpp:357:1: warning: no return statement in function returning non-void [-Wreturn-type]
  357 | }
      | ^
/root/workspace/workspace/cafer-6601-embeded/rubby_sensor_6601/sensor/core/multi_module/src/MultiModule.cpp: In member function ‚Äòvirtual int emb_node::ToolsModule::SetSysTime(int, int, int, int, int, int, int)‚Äô:
/root/workspace/workspace/cafer-6601-embeded/rubby_sensor_6601/sensor/core/multi_module/src/MultiModule.cpp:371:1: warning: no return statement in function returning non-void [-Wreturn-type]
  371 | }
      | ^
/root/workspace/workspace/cafer-6601-embeded/rubby_sensor_6601/sensor/core/multi_module/src/MultiModule.cpp: At global scope:
/root/workspace/workspace/cafer-6601-embeded/rubby_sensor_6601/sensor/core/multi_module/src/MultiModule.cpp:592:1: warning: ‚Äòtypedef‚Äô was ignored in this declaration
  592 | typedef struct CPU_OCCUPY {
      | ^~~~~~~
/root/workspace/workspace/cafer-6601-embeded/rubby_sensor_6601/sensor/core/multi_module/src/MultiModule.cpp: In member function ‚Äòvirtual int emb_node::ToolsModule::ThreeColorLightControl(std::string, emb_node::PowerType)‚Äô:
/root/workspace/workspace/cafer-6601-embeded/rubby_sensor_6601/sensor/core/multi_module/src/MultiModule.cpp:714:7: warning: variable ‚Äòret‚Äô set but not used [-Wunused-but-set-variable]
  714 |   int ret = 0;
      |       ^~~
/root/workspace/workspace/cafer-6601-embeded/rubby_sensor_6601/sensor/core/multi_module/src/MultiModule.cpp: In member function ‚Äòint emb_node::ToolsModule::SetAndGetVoice(int)‚Äô:
/root/workspace/workspace/cafer-6601-embeded/rubby_sensor_6601/sensor/core/multi_module/src/MultiModule.cpp:758:20: warning: ISO C++ forbids converting a string constant to ‚Äòchar*‚Äô [-Wwrite-strings]
  758 |   char *sctrlstr = "DAC Digital";
      |                    ^~~~~~~~~~~~~
/root/workspace/workspace/cafer-6601-embeded/rubby_sensor_6601/sensor/core/multi_module/src/MultiModule.cpp:759:8: warning: unused variable ‚ÄòvolMin‚Äô [-Wunused-variable]
  759 |   long volMin = 0, volMax = 0, leftVal = 0, rightVal = 0;
      |        ^~~~~~
/root/workspace/workspace/cafer-6601-embeded/rubby_sensor_6601/sensor/core/multi_module/src/MultiModule.cpp:759:20: warning: unused variable ‚ÄòvolMax‚Äô [-Wunused-variable]
  759 |   long volMin = 0, volMax = 0, leftVal = 0, rightVal = 0;
      |                    ^~~~~~
/root/workspace/workspace/cafer-6601-embeded/rubby_sensor_6601/sensor/core/multi_module/src/MultiModule.cpp: In function ‚Äòint emb_node::GetCpuId_X86(char*)‚Äô:
/root/workspace/workspace/cafer-6601-embeded/rubby_sensor_6601/sensor/core/multi_module/src/MultiModule.cpp:1055:9: warning: unused variable ‚Äòlength‚Äô [-Wunused-variable]
 1055 |  size_t length = 0;
      |         ^~~~~~
/root/workspace/workspace/cafer-6601-embeded/rubby_sensor_6601/sensor/core/multi_module/src/MultiModule.cpp: In member function ‚Äòvirtual bool emb_node::ToolsModule::RtmpCtrl(uint8_t, std::string)‚Äô:
/root/workspace/workspace/cafer-6601-embeded/rubby_sensor_6601/sensor/core/multi_module/src/MultiModule.cpp:1199:16: warning: ISO C++ forbids converting a string constant to ‚Äòchar*‚Äô [-Wwrite-strings]
 1199 |     char* ip = "127.0.0.1";
      |                ^~~~~~~~~~~
/root/workspace/workspace/cafer-6601-embeded/rubby_sensor_6601/sensor/core/multi_module/src/MultiModule.cpp: At global scope:
/root/workspace/workspace/cafer-6601-embeded/rubby_sensor_6601/sensor/core/multi_module/src/MultiModule.cpp:592:1: warning: ‚Äòtypedef‚Äô was ignored in this declaration
  592 | typedef struct CPU_OCCUPY {
      | ^~~~~~~
/root/workspace/workspace/cafer-6601-embeded/rubby_sensor_6601/sensor/core/multi_module/src/MultiModule.cpp: In member function ‚Äòvirtual int emb_node::ToolsModule::ThreeColorLightControl(std::string, emb_node::PowerType)‚Äô:
/root/workspace/workspace/cafer-6601-embeded/rubby_sensor_6601/sensor/core/multi_module/src/MultiModule.cpp:714:7: warning: variable ‚Äòret‚Äô set but not used [-Wunused-but-set-variable]
  714 |   int ret = 0;
      |       ^~~
/root/workspace/workspace/cafer-6601-embeded/rubby_sensor_6601/sensor/core/multi_module/src/MultiModule.cpp: In member function ‚Äòint emb_node::ToolsModule::SetAndGetVoice(int)‚Äô:
/root/workspace/workspace/cafer-6601-embeded/rubby_sensor_6601/sensor/core/multi_module/src/MultiModule.cpp:758:20: warning: ISO C++ forbids converting a string constant to ‚Äòchar*‚Äô [-Wwrite-strings]
  758 |   char *sctrlstr = "DAC Digital";
      |                    ^~~~~~~~~~~~~
/root/workspace/workspace/cafer-6601-embeded/rubby_sensor_6601/sensor/core/multi_module/src/MultiModule.cpp:759:8: warning: unused variable ‚ÄòvolMin‚Äô [-Wunused-variable]
  759 |   long volMin = 0, volMax = 0, leftVal = 0, rightVal = 0;
      |        ^~~~~~
/root/workspace/workspace/cafer-6601-embeded/rubby_sensor_6601/sensor/core/multi_module/src/MultiModule.cpp:759:20: warning: unused variable ‚ÄòvolMax‚Äô [-Wunused-variable]
  759 |   long volMin = 0, volMax = 0, leftVal = 0, rightVal = 0;
      |                    ^~~~~~
/root/workspace/workspace/cafer-6601-embeded/rubby_sensor_6601/sensor/core/multi_module/src/MultiModule.cpp: In function ‚Äòint emb_node::GetCpuId_X86(char*)‚Äô:
/root/workspace/workspace/cafer-6601-embeded/rubby_sensor_6601/sensor/core/multi_module/src/MultiModule.cpp:1055:9: warning: unused variable ‚Äòlength‚Äô [-Wunused-variable]
 1055 |  size_t length = 0;
      |         ^~~~~~
/root/workspace/workspace/cafer-6601-embeded/rubby_sensor_6601/sensor/core/multi_module/src/MultiModule.cpp: In member function ‚Äòvirtual bool emb_node::ToolsModule::RtmpCtrl(uint8_t, std::string)‚Äô:
/root/workspace/workspace/cafer-6601-embeded/rubby_sensor_6601/sensor/core/multi_module/src/MultiModule.cpp:1199:16: warning: ISO C++ forbids converting a string constant to ‚Äòchar*‚Äô [-Wwrite-strings]
 1199 |     char* ip = "127.0.0.1";
      |                ^~~~~~~~~~~
[ 48%] Built target test_plugin
[ 50%] Building CXX object sensor/core/mcudata/CMakeFiles/McuData.dir/McuDataDriver.cpp.o
[ 51%] Building CXX object sensor/core/mcudata/CMakeFiles/McuData.dir/McuDataProtocol.cpp.o
/root/workspace/workspace/cafer-6601-embeded/rubby_sensor_6601/sensor/core/mcudata/McuData.cpp: In member function ‚Äòvoid emb_node::McuData::DriverLoopTask()‚Äô:
/root/workspace/workspace/cafer-6601-embeded/rubby_sensor_6601/sensor/core/mcudata/McuData.cpp:639:13: warning: comparison of integer expressions of different signedness: ‚Äòint‚Äô and ‚Äòlong unsigned int‚Äô [-Wsign-compare]
  639 |       count > sizeof(byteQueue);
      |       ~~~~~~^~~~~~~~~~~~~~~~~~~
/root/workspace/workspace/cafer-6601-embeded/rubby_sensor_6601/sensor/core/mcudata/McuData.cpp:639:13: warning: statement has no effect [-Wunused-value]
/root/workspace/workspace/cafer-6601-embeded/rubby_sensor_6601/sensor/core/mcudata/McuData.cpp:627:21: warning: variable ‚ÄòpreTime‚Äô set but not used [-Wunused-but-set-variable]
  627 |     static uint64_t preTime;
      |                     ^~~~~~~
/root/workspace/workspace/cafer-6601-embeded/rubby_sensor_6601/sensor/core/multi_module/src/MultiModule.cpp: At global scope:
/root/workspace/workspace/cafer-6601-embeded/rubby_sensor_6601/sensor/core/multi_module/src/MultiModule.cpp:143:47: warning: ‚Äòemb_node::errMsg‚Äô defined but not used [-Wunused-variable]
  143 | static emb_sensors::error_types::ErrorMessage errMsg;
      |                                               ^~~~~~
/root/workspace/workspace/cafer-6601-embeded/rubby_sensor_6601/sensor/core/mcudata/McuData.cpp: In member function ‚Äòvoid emb_node::McuData::GetFaultData(uint8_t*)‚Äô:
/root/workspace/workspace/cafer-6601-embeded/rubby_sensor_6601/sensor/core/mcudata/McuData.cpp:1364:12: warning: unused variable ‚Äòsystime‚Äô [-Wunused-variable]
 1364 |   uint64_t systime = AttachToSystemTime(buf[1] << 8 | buf[0]);
      |            ^~~~~~~
/root/workspace/workspace/cafer-6601-embeded/rubby_sensor_6601/sensor/core/mcudata/McuData.cpp: In member function ‚Äòvoid emb_node::McuData::GetMotorStatus(uint8_t*)‚Äô:
/root/workspace/workspace/cafer-6601-embeded/rubby_sensor_6601/sensor/core/mcudata/McuData.cpp:1422:12: warning: unused variable ‚Äòsystime‚Äô [-Wunused-variable]
 1422 |   uint64_t systime = AttachToSystemTime(buf[1] << 8 | buf[0]);
      |            ^~~~~~~
/root/workspace/workspace/cafer-6601-embeded/rubby_sensor_6601/sensor/core/mcudata/McuData.cpp: In member function ‚Äòbool emb_node::McuData::CleanMotorSet(std::vector<sensor_srvs::CleanMotorSrv::CleanMotorCtrl>&)‚Äô:
/root/workspace/workspace/cafer-6601-embeded/rubby_sensor_6601/sensor/core/mcudata/McuData.cpp:1602:12: warning: enumeration value ‚ÄòEDGE_BRUSH_SPEED‚Äô not handled in switch [-Wswitch]
 1602 |     switch (a.motroType) {
      |            ^
/root/workspace/workspace/cafer-6601-embeded/rubby_sensor_6601/sensor/core/mcudata/McuData.cpp:1602:12: warning: enumeration value ‚ÄòMOD_SPEED‚Äô not handled in switch [-Wswitch]
/root/workspace/workspace/cafer-6601-embeded/rubby_sensor_6601/sensor/core/mcudata/McuData.cpp:1602:12: warning: enumeration value ‚ÄòWATER_PUMP_SPEED‚Äô not handled in switch [-Wswitch]
/root/workspace/workspace/cafer-6601-embeded/rubby_sensor_6601/sensor/core/mcudata/McuData.cpp:1602:12: warning: enumeration value ‚ÄòLIFTING_MOTOR‚Äô not handled in switch [-Wswitch]
/root/workspace/workspace/cafer-6601-embeded/rubby_sensor_6601/sensor/core/mcudata/McuData.cpp: In member function ‚Äòint emb_node::McuData::TimeSync()‚Äô:
/root/workspace/workspace/cafer-6601-embeded/rubby_sensor_6601/sensor/core/mcudata/McuData.cpp:1753:11: warning: unused variable ‚Äòbuf‚Äô [-Wunused-variable]
 1753 |   uint8_t buf[8];
      |           ^~~
/root/workspace/workspace/cafer-6601-embeded/rubby_sensor_6601/sensor/core/mcudata/McuData.cpp: In member function ‚Äòvoid emb_node::McuData::GS2HandlerThread()‚Äô:
/root/workspace/workspace/cafer-6601-embeded/rubby_sensor_6601/sensor/core/mcudata/McuData.cpp:2105:25: warning: comparison of integer expressions of different signedness: ‚Äòint‚Äô and ‚Äòstd::vector<float>::size_type‚Äô {aka ‚Äòlong unsigned int‚Äô} [-Wsign-compare]
 2105 |       for (int i = 0; i < cloudPtr->channels[2].values.size(); i++) {
      |                       ~~^~~~~~~~~~~~~~~~~~~~~~~~~~~~~~~~~~~~~
/root/workspace/workspace/cafer-6601-embeded/rubby_sensor_6601/sensor/core/multi_module/src/MultiModule.cpp: At global scope:
/root/workspace/workspace/cafer-6601-embeded/rubby_sensor_6601/sensor/core/multi_module/src/MultiModule.cpp:143:47: warning: ‚Äòemb_node::errMsg‚Äô defined but not used [-Wunused-variable]
  143 | static emb_sensors::error_types::ErrorMessage errMsg;
      |                                               ^~~~~~
/root/workspace/workspace/cafer-6601-embeded/rubby_sensor_6601/sensor/core/mcudata/McuData.cpp: In member function ‚Äòbool emb_node::McuData::LedSet(uint8_t)‚Äô:
/root/workspace/workspace/cafer-6601-embeded/rubby_sensor_6601/sensor/core/mcudata/McuData.cpp:1543:1: warning: control reaches end of non-void function [-Wreturn-type]
 1543 | }
      | ^
/root/workspace/workspace/cafer-6601-embeded/rubby_sensor_6601/sensor/core/mcudata/McuData.cpp: In member function ‚Äòbool emb_node::McuData::RechargeSet(uint8_t)‚Äô:
/root/workspace/workspace/cafer-6601-embeded/rubby_sensor_6601/sensor/core/mcudata/McuData.cpp:1562:1: warning: control reaches end of non-void function [-Wreturn-type]
 1562 | }
      | ^
/root/workspace/workspace/cafer-6601-embeded/rubby_sensor_6601/sensor/core/mcudata/McuData.cpp: In member function ‚Äòbool emb_node::McuData::MotorSet(uint16_t)‚Äô:
/root/workspace/workspace/cafer-6601-embeded/rubby_sensor_6601/sensor/core/mcudata/McuData.cpp:1582:1: warning: control reaches end of non-void function [-Wreturn-type]
 1582 | }
      | ^
/root/workspace/workspace/cafer-6601-embeded/rubby_sensor_6601/sensor/core/mcudata/McuData.cpp: In member function ‚Äòbool emb_node::McuData::CleanMotorSet(std::vector<sensor_srvs::CleanMotorSrv::CleanMotorCtrl>&)‚Äô:
/root/workspace/workspace/cafer-6601-embeded/rubby_sensor_6601/sensor/core/mcudata/McuData.cpp:1689:1: warning: control reaches end of non-void function [-Wreturn-type]
 1689 | }
      | ^
/root/workspace/workspace/cafer-6601-embeded/rubby_sensor_6601/sensor/core/mcudata/McuData.cpp: In member function ‚Äòbool emb_node::McuData::CleanModeSet(uint8_t)‚Äô:
/root/workspace/workspace/cafer-6601-embeded/rubby_sensor_6601/sensor/core/mcudata/McuData.cpp:1708:1: warning: control reaches end of non-void function [-Wreturn-type]
 1708 | }
      | ^
[ 53%] Linking CXX executable ../../../../../install/bin/arm/multi_main
In file included from /root/workspace/workspace/cafer-6601-embeded/rubby_sensor_6601/sensor/core/mcudata/McuData.cpp:1:
/root/workspace/workspace/cafer-6601-embeded/rubby_sensor_6601/sensor/core/mcudata/McuData.hpp: At global scope:
/root/workspace/workspace/cafer-6601-embeded/rubby_sensor_6601/sensor/core/mcudata/McuData.hpp:30:35: warning: ‚Äòemb_node::pSpeedCtrlFreq‚Äô defined but not used [-Wunused-variable]
   30 | static monitor_node::MonitorNode *pSpeedCtrlFreq = nullptr;
      |                                   ^~~~~~~~~~~~~~
/root/workspace/workspace/cafer-6601-embeded/rubby_sensor_6601/sensor/core/mcudata/McuData.hpp:29:35: warning: ‚Äòemb_node::pWorkModeFreq‚Äô defined but not used [-Wunused-variable]
   29 | static monitor_node::MonitorNode *pWorkModeFreq = nullptr;
      |                                   ^~~~~~~~~~~~~
[ 54%] Linking CXX shared library ../../../../../install/lib/arm/libmultimodule.so
/root/workspace/workspace/cafer-6601-embeded/rubby_sensor_6601/sensor/core/mcudata/McuDataProtocol.cpp: In member function ‚Äòint emb_node::McuDataProtocol::SendTime(uint64_t&)‚Äô:
/root/workspace/workspace/cafer-6601-embeded/rubby_sensor_6601/sensor/core/mcudata/McuDataProtocol.cpp:26:12: warning: unused variable ‚Äònow‚Äô [-Wunused-variable]
   26 |   uint16_t now = time >> 16;
      |            ^~~
/root/workspace/workspace/cafer-6601-embeded/rubby_sensor_6601/sensor/core/mcudata/McuDataProtocol.cpp: In member function ‚Äòbool emb_node::McuDataProtocol::crccheck(uint8_t*, int)‚Äô:
/root/workspace/workspace/cafer-6601-embeded/rubby_sensor_6601/sensor/core/mcudata/McuDataProtocol.cpp:78:36: warning: suggest parentheses around arithmetic in operand of ‚Äò|‚Äô [-Wparentheses]
   78 |   if (crc != ((data[len - 2] << 8) & 0xff00 | data[len - 1])) {
      |               ~~~~~~~~~~~~~~~~~~~~~^~~~~~~~
[ 56%] Building CXX object sensor/core/mcudata/CMakeFiles/McuData.dir/__/drivers/serial.cpp.o
[ 56%] Built target multimodule
[ 56%] Built target multi_main
In file included from /root/workspace/workspace/cafer-6601-embeded/rubby_sensor_6601/sensor/core/mcudata/McuDataDriver.cpp:8:
/root/workspace/workspace/cafer-6601-embeded/rubby_sensor_6601/sensor/core/mcudata/McuDataDriver.hpp: In constructor ‚Äòemb_node::McuDataDriver::McuDataDriver()‚Äô:
/root/workspace/workspace/cafer-6601-embeded/rubby_sensor_6601/sensor/core/mcudata/McuDataDriver.hpp:20:7: warning: ‚Äòemb_node::McuDataDriver::per_byte_timeout‚Äô will be initialized after [-Wreorder]
   20 |   int per_byte_timeout;
      |       ^~~~~~~~~~~~~~~~
/root/workspace/workspace/cafer-6601-embeded/rubby_sensor_6601/sensor/core/mcudata/McuDataDriver.hpp:14:26: warning:   ‚Äòrobot_driver::BaudRate emb_node::McuDataDriver::baud_rate‚Äô [-Wreorder]
   14 |   robot_driver::BaudRate baud_rate;
      |                          ^~~~~~~~~
/root/workspace/workspace/cafer-6601-embeded/rubby_sensor_6601/sensor/core/mcudata/McuDataDriver.cpp:18:1: warning:   when initialized here [-Wreorder]
   18 | McuDataDriver::McuDataDriver(/* args */)
      | ^~~~~~~~~~~~~
[ 57%] Linking CXX shared library ../../../../install/lib/arm/libsensor_subscriber_plugin.so
/root/workspace/workspace/cafer-6601-embeded/rubby_sensor_6601/sensor/core/mcudata/McuDataDriver.cpp: In member function ‚Äòint emb_node::McuDataDriver::start()‚Äô:
/root/workspace/workspace/cafer-6601-embeded/rubby_sensor_6601/sensor/core/mcudata/McuDataDriver.cpp:153:1: warning: control reaches end of non-void function [-Wreturn-type]
  153 | }
      | ^
[ 57%] Built target sensor_subscriber_plugin
[ 59%] Linking CXX shared library ../../../../install/lib/arm/libMcuData.so
[ 59%] Built target McuData
make: *** [Makefile:84: all] Error 2
Build step 'Execute shell' marked build as failure
Finished: FAILURE
