Started by user [8mha:////4GZLdJ3zYVtTaCml8iVum++M0lnTj7l+sRg8SaQVn3p2AAAAlR+LCAAAAAAAAP9b85aBtbiIQTGjNKU4P08vOT+vOD8nVc83PyU1x6OyILUoJzMv2y+/JJUBAhiZGBgqihhk0NSjKDWzXb3RdlLBUSYGJk8GtpzUvPSSDB8G5tKinBIGIZ+sxLJE/ZzEvHT94JKizLx0a6BxUmjGOUNodHsLgAy+EgZO/dLi1CL98uJiAKhZb0u+AAAA[0mwangshuaishuai
Running as SYSTEM
Building remotely on [8mha:////4JiinonVqRVUq+0157MFNdoHlSrLzLyDeg8j8rfRwRzcAAAAmx+LCAAAAAAAAP9b85aBtbiIQTGjNKU4P08vOT+vOD8nVc83PyU1x6OyILUoJzMv2y+/JJUBAhiZGBgqihhk0NSjKDWzXb3RdlLBUSYGJk8GtpzUvPSSDB8G5tKinBIGIZ+sxLJE/ZzEvHT94JKizLx0a6BxUmjGOUNodHsLgAzWEgZ+/eT83ILSktQi/WRjUzMzABiYJ1zEAAAA[0mc3566 (car8) in workspace /root/workspace/workspace/gerry-ros-melodic
[WS-CLEANUP] Clean-up disabled, skipping workspace deletion.
[gerry-ros-melodic] $ /bin/sh -xe /tmp/jenkins13588101671586702658.sh
+ bash -ex /root/myscript/build/build.sh
+++ dirname /root/myscript/build/build.sh
++ cd /root/myscript/build
++ pwd
+ project_path=/root/myscript/build
+ . /root/myscript/build/../sh/cmdb
++ set -x
++ export MYSQL_PWD=123
++ MYSQL_PWD=123
++ export -f cmdb_mysql
+ . /root/myscript/build/../sh/version-update.sh
++ . /root/.bashrc
+++ '[' -z '' ']'
+++ return
+ set -ex
+ export -f public_project_update
+ export -f project_build
+ init_project_env
++ date +%Y%m%d
+ DT=20240727
+ UserName=jenkins
+ API_TOKEN=11b65309c9835de9579d9c9038853d9eb7
+ GIT_PRIVATE_TOKEN=emEDrsaJVjxKK5gSWrf-
+ GIT_HOST=192.168.50.191
++ echo wukong/integration/navigation
++ awk -F/ '{print $1"%2F"$2}'
+ CONVERT_TARGET_PROJECT=wukong%2Fintegration
++ curl -XGET -H 'Content-Type: application/json' --header 'PRIVATE-TOKEN: emEDrsaJVjxKK5gSWrf-' http://192.168.50.191:85/api/v4/projects/wukong%2Fintegration
++ python -c 'import sys, json; print(json.load(sys.stdin)["id"])'
  % Total    % Received % Xferd  Average Speed   Time    Time     Time  Current
                                 Dload  Upload   Total   Spent    Left  Speed
  0     0    0     0    0     0      0      0 --:--:-- --:--:-- --:--:--     0100    35  100    35    0     0    169      0 --:--:-- --:--:-- --:--:--   169
Traceback (most recent call last):
  File "<string>", line 1, in <module>
KeyError: 'id'
+ SUB_PROJECT_ID=
+ true
+ '[' -z ']'
+ SOURCE_DIR=/root/workspace/workspace/gerry-ros-melodic/TCLNAV
+ TARGET_DIR=/root/workspace/workspace/gerry-ros-melodic/navigation
+ prepare_env
++ uname -m
+ system_platform=aarch64
+ :
++ cat /proc/cpuinfo
++ grep processor
++ sort
++ wc -l
++ uniq
+ mt=-j4
+ export COMMIT_ID_FILE=/root/workspace/workspace/gerry-ros-melodic/_last_build_id
+ COMMIT_ID_FILE=/root/workspace/workspace/gerry-ros-melodic/_last_build_id
+ export COMMIT_MSG_FILE=/root/workspace/workspace/gerry-ros-melodic/_commit-msg
+ COMMIT_MSG_FILE=/root/workspace/workspace/gerry-ros-melodic/_commit-msg
+ export COMMIT_MSG_FILE_TMP=/root/workspace/workspace/gerry-ros-melodic/_commit-msg.tmp
+ COMMIT_MSG_FILE_TMP=/root/workspace/workspace/gerry-ros-melodic/_commit-msg.tmp
+ rm -f /root/workspace/workspace/gerry-ros-melodic/_last_build_id
+ rm -f /root/workspace/workspace/gerry-ros-melodic/_commit-msg
+ rm -f /root/workspace/workspace/gerry-ros-melodic/_commit-msg.tmp
+ rm -f /root/workspace/workspace/gerry-ros-melodic/result.log
+ rm -f /root/workspace/workspace/gerry-ros-melodic/no_code_change.log
+ sign_env
+ CONFIG_DIR_SET=/root/system
+ CONFIG_BRANCH=mind_os
+ CLONE_DEPTH=--depth=1
+ CONFIG_DIR=/root/system/i18rconfig
+ CONFIG_REMOTE='git clone ssh://git@192.168.50.191:222/AroundI18RProject/i18rconfig /root/system/i18rconfig -b mind_os --depth=1'
+ [[ aarch64 =~ x86_64 ]]
+ ENCRYPTION_TOOL=/root/system/i18rconfig/encrypt
+ CLONE_DEPTH=--depth=1
+ PUBLICBASETYPES_DIR=/root/system/I18RPublicBaseTypes
+ cmdb_mysql 'insert into prebuild(job_name,source_project,source_branch,target_project,target_branch,time,build_url,node_name,build_user) values ('\''gerry-ros-melodic'\'','\''guoboyang/TCLNAV'\'','\''compile_ros'\'','\''wukong/integration/navigation'\'','\''ros_melodic'\'',now(),'\''http://192.168.50.191:8088/job/gerry-ros-melodic/14/'\'','\''c3566'\'','\''wss'\'')'
+ set +x
+ DOCKER_CONTAINER_I18=build-x64-18.04
+ DOCKER_CONTAINER_RUBBY=c405
+ DOCKER_CONTAINER_RUBBY_INSIDE=c3566
+ DOCKER_CONTAINER_JAVA=node
+ JENKINS_JOB_A=mind
+ JENKINS_JOB_B=rbn
+ JENKINS_JOB_C=mark-check-tools
+ JENKINS_JOB_D=java
+ JENKINS_JOB_E=clean_recorder
+ JENKINS_JOB_F=i18r
+ JENKINS_JOB_G=nodejs
+ JENKINS_JOB_H=_ui
+ JENKINS_JOB_L=i12r
+ [[ gerry-ros-melodic =~ mind ]]
+ '[' false = false ']'
+ source_project_update
+ '[' -d /root/workspace/workspace/gerry-ros-melodic/TCLNAV ']'
+ pushd /root/workspace/workspace/gerry-ros-melodic/TCLNAV
~/workspace/workspace/gerry-ros-melodic/TCLNAV ~/workspace/workspace/gerry-ros-melodic
+ git checkout ./
+ git pull --rebase
From ssh://192.168.50.191:222/guoboyang/TCLNAV
   98a619d..f13f02d  compile_ros -> origin/compile_ros
Updating 98a619d..f13f02d
Fast-forward
 src/rubbynav/module/common/config/mppi.yaml        | 30 +++++++++++++++++-----
 .../mppi_local_planner/tools/map_converter.hpp     |  4 ++-
 .../motion/PathTrackMPPINav/src/map_converter.cpp  | 27 +++++++++++++++++--
 .../PathTrackMPPINav/src/mppi_local_planner.cpp    |  2 +-
 4 files changed, 53 insertions(+), 10 deletions(-)
Current branch compile_ros is up to date.
+ popd
~/workspace/workspace/gerry-ros-melodic
+ target_project_update
+ rm -rf /root/workspace/workspace/gerry-ros-melodic/navigation
+ target_project_fetch
+ git clone ssh://git@192.168.50.191:222/wukong/integration/navigation -b ros_melodic --depth=1
Cloning into 'navigation'...
+ insert_db
+ pushd /root/workspace/workspace/gerry-ros-melodic/TCLNAV
~/workspace/workspace/gerry-ros-melodic/TCLNAV ~/workspace/workspace/gerry-ros-melodic
++ cmdb_mysql 'SELECT first_commit_id FROM prebuild where source_project='\''guoboyang/TCLNAV'\'' and source_branch='\''compile_ros'\'' and target_project='\''wukong/integration/navigation'\'' and target_branch='\''ros_melodic'\'' and status='\''0'\'' and job_name='\''gerry-ros-melodic'\'' order by id desc limit 1;'
++ set +x
+ version='first_commit_id
98a619d'
++ echo first_commit_id 98a619d
++ awk -F ' ' '{print $2}'
+ version=98a619d
++ git log -1 --pretty=format:%h
+ first_commit_id_now=f13f02d
+ cmdb_mysql 'update prebuild set first_commit_id='\''f13f02d'\'' where build_url='\''http://192.168.50.191:8088/job/gerry-ros-melodic/14/'\'';'
+ set +x
+ popd
~/workspace/workspace/gerry-ros-melodic
+ [[ aarch64 =~ x86_64 ]]
+ [[ gerry-ros-melodic =~ i18r ]]
+ project_build
+ pushd /root/workspace/workspace/gerry-ros-melodic/TCLNAV
~/workspace/workspace/gerry-ros-melodic/TCLNAV ~/workspace/workspace/gerry-ros-melodic
+ project_init_remote
++ find -type f -name sync_submodules.sh
+ sf=
+ '[' -z ']'
+ git submodule update --init --recursive
+ git submodule update --remote
+ sed -i 's/make -j[0-9].*/make -j4/g' compile_ros.sh
+ '[' -z ']'
+ '[' xf13f02d == x98a619d ']'
+ bash -ex compile_ros.sh
+ InstalldDir=./install
+ InstallbkDir=./installbk
+ InstallLibDir=./install/lib/arm64
+ InstallConfigDir=./install/config
+ '[' -d ./installbk ']'
+ rm -r ./installbk
+ '[-d' -d './install]'
compile_ros.sh: line 10: [-d: command not found
+ catkin_make -DCMAKE_BUILD_TYPE=Release
-- Using CATKIN_DEVEL_PREFIX: /root/workspace/workspace/gerry-ros-melodic/TCLNAV/devel
-- Using CMAKE_PREFIX_PATH: /opt/ros/melodic
-- This workspace overlays: /opt/ros/melodic
-- Found PythonInterp: /usr/bin/python2 (found suitable version "2.7.17", minimum required is "2") 
-- Using PYTHON_EXECUTABLE: /usr/bin/python2
-- Using Debian Python package layout
-- Using empy: /usr/bin/empy
-- Using CATKIN_ENABLE_TESTING: ON
-- Call enable_testing()
-- Using CATKIN_TEST_RESULTS_DIR: /root/workspace/workspace/gerry-ros-melodic/TCLNAV/build/test_results
-- Found gtest sources under '/usr/src/googletest': gtests will be built
-- Found gmock sources under '/usr/src/googletest': gmock will be built
CMake Deprecation Warning at /usr/src/googletest/CMakeLists.txt:1 (cmake_minimum_required):
  Compatibility with CMake < 2.8.12 will be removed from a future version of
  CMake.

  Update the VERSION argument <min> value or use a ...<max> suffix to tell
  CMake that the project does not need compatibility with older versions.


CMake Deprecation Warning at /usr/src/googletest/googlemock/CMakeLists.txt:41 (cmake_minimum_required):
  Compatibility with CMake < 2.8.12 will be removed from a future version of
  CMake.

  Update the VERSION argument <min> value or use a ...<max> suffix to tell
  CMake that the project does not need compatibility with older versions.


CMake Deprecation Warning at /usr/src/googletest/googletest/CMakeLists.txt:48 (cmake_minimum_required):
  Compatibility with CMake < 2.8.12 will be removed from a future version of
  CMake.

  Update the VERSION argument <min> value or use a ...<max> suffix to tell
  CMake that the project does not need compatibility with older versions.


-- Found PythonInterp: /usr/bin/python2 (found version "2.7.17") 
-- Using Python nosetests: /usr/bin/nosetests-2.7
-- catkin 0.7.29
-- BUILD_SHARED_LIBS is on
-- BUILD_SHARED_LIBS is on
-- ~~~~~~~~~~~~~~~~~~~~~~~~~~~~~~~~~~~~~~~~~~~~~~~~~
-- ~~  traversing 1 packages in topological order:
-- ~~  - rubbynav
-- ~~~~~~~~~~~~~~~~~~~~~~~~~~~~~~~~~~~~~~~~~~~~~~~~~
-- +++ processing catkin package: 'rubbynav'
-- ==> add_subdirectory(rubbynav)
-- Using these message generators: gencpp;geneus;genlisp;gennodejs;genpy
-- Configuring done
-- Generating done
-- Build files have been written to: /root/workspace/workspace/gerry-ros-melodic/TCLNAV/build
Consolidate compiler generated dependencies of target nav_plugin
[  1%] Building CXX object rubbynav/CMakeFiles/nav_plugin.dir/module/hsm/src/hsmBuildMap.cpp.o
[  2%] Building CXX object rubbynav/CMakeFiles/nav_plugin.dir/module/hsm/src/hsmCT.cpp.o
[  3%] Building CXX object rubbynav/CMakeFiles/nav_plugin.dir/module/hsm/src/hsmEnterStation.cpp.o
[  5%] Building CXX object rubbynav/CMakeFiles/nav_plugin.dir/module/hsm/src/hsmFindPedestrian.cpp.o
[  6%] Building CXX object rubbynav/CMakeFiles/nav_plugin.dir/module/hsm/src/hsmManualControl.cpp.o
[  7%] Building CXX object rubbynav/CMakeFiles/nav_plugin.dir/module/hsm/src/hsmNoWork.cpp.o
[  8%] Building CXX object rubbynav/CMakeFiles/nav_plugin.dir/module/hsm/src/hsmP2P.cpp.o
[ 10%] Building CXX object rubbynav/CMakeFiles/nav_plugin.dir/module/hsm/src/hsmPartSearch.cpp.o
[ 11%] Building CXX object rubbynav/CMakeFiles/nav_plugin.dir/module/hsm/src/hsmRecharge.cpp.o
[ 12%] Building CXX object rubbynav/CMakeFiles/nav_plugin.dir/module/hsm/src/hsmRecovery.cpp.o
[ 13%] Building CXX object rubbynav/CMakeFiles/nav_plugin.dir/module/hsm/src/hsmToSemanticTarget.cpp.o
[ 15%] Building CXX object rubbynav/CMakeFiles/nav_plugin.dir/module/hsm/src/hsmTopLevel.cpp.o
[ 16%] Building CXX object rubbynav/CMakeFiles/nav_plugin.dir/module/hsm/src/hsmVisitation.cpp.o
[ 17%] Building CXX object rubbynav/CMakeFiles/nav_plugin.dir/module/motion/PathTrackMPPINav/src/critic_manager.cpp.o
[ 18%] Building CXX object rubbynav/CMakeFiles/nav_plugin.dir/module/motion/PathTrackMPPINav/src/critics/backward_critic.cpp.o
[ 20%] Building CXX object rubbynav/CMakeFiles/nav_plugin.dir/module/motion/PathTrackMPPINav/src/critics/constraint_critic.cpp.o
In file included from /root/workspace/workspace/gerry-ros-melodic/TCLNAV/src/rubbynav/module/motion/PathTrackMPPINav/src/../include/mppi_local_planner/./critic_function.hpp:8:0,
                 from /root/workspace/workspace/gerry-ros-melodic/TCLNAV/src/rubbynav/module/motion/PathTrackMPPINav/src/../include/mppi_local_planner/critic_manager.hpp:10,
                 from /root/workspace/workspace/gerry-ros-melodic/TCLNAV/src/rubbynav/module/motion/PathTrackMPPINav/src/critic_manager.cpp:1:
/root/workspace/workspace/gerry-ros-melodic/TCLNAV/src/rubbynav/module/motion/PathTrackMPPINav/src/../include/mppi_local_planner/././tools/map_converter.hpp:37:21: error: â€˜Pointâ€™ was not declared in this scope
         std::vector<Point> oriented_footprint_;
                     ^~~~~
/root/workspace/workspace/gerry-ros-melodic/TCLNAV/src/rubbynav/module/motion/PathTrackMPPINav/src/../include/mppi_local_planner/././tools/map_converter.hpp:37:21: note: suggested alternative:
In file included from /usr/local/include/opencv2/core.hpp:58:0,
                 from /usr/local/include/opencv2/highgui.hpp:46,
                 from /usr/local/include/opencv2/highgui/highgui.hpp:48,
                 from /root/workspace/workspace/gerry-ros-melodic/TCLNAV/src/rubbynav/module/common/include/Common.h:12,
                 from /root/workspace/workspace/gerry-ros-melodic/TCLNAV/src/rubbynav/module/motion/PathTrackMPPINav/src/../include/mppi_local_planner/./tools/utils.hpp:16,
                 from /root/workspace/workspace/gerry-ros-melodic/TCLNAV/src/rubbynav/module/motion/PathTrackMPPINav/src/../include/mppi_local_planner/critic_manager.hpp:8,
                 from /root/workspace/workspace/gerry-ros-melodic/TCLNAV/src/rubbynav/module/motion/PathTrackMPPINav/src/critic_manager.cpp:1:
/usr/local/include/opencv2/core/types.hpp:192:17: note:   â€˜cv::Pointâ€™
 typedef Point2i Point;
                 ^~~~~
In file included from /root/workspace/workspace/gerry-ros-melodic/TCLNAV/src/rubbynav/module/motion/PathTrackMPPINav/src/../include/mppi_local_planner/./critic_function.hpp:8:0,
                 from /root/workspace/workspace/gerry-ros-melodic/TCLNAV/src/rubbynav/module/motion/PathTrackMPPINav/src/../include/mppi_local_planner/critic_manager.hpp:10,
                 from /root/workspace/workspace/gerry-ros-melodic/TCLNAV/src/rubbynav/module/motion/PathTrackMPPINav/src/critic_manager.cpp:1:
/root/workspace/workspace/gerry-ros-melodic/TCLNAV/src/rubbynav/module/motion/PathTrackMPPINav/src/../include/mppi_local_planner/././tools/map_converter.hpp:37:26: error: template argument 1 is invalid
         std::vector<Point> oriented_footprint_;
                          ^
/root/workspace/workspace/gerry-ros-melodic/TCLNAV/src/rubbynav/module/motion/PathTrackMPPINav/src/../include/mppi_local_planner/././tools/map_converter.hpp:37:26: error: template argument 2 is invalid
rubbynav/CMakeFiles/nav_plugin.dir/build.make:495: recipe for target 'rubbynav/CMakeFiles/nav_plugin.dir/module/motion/PathTrackMPPINav/src/critic_manager.cpp.o' failed
make[2]: *** [rubbynav/CMakeFiles/nav_plugin.dir/module/motion/PathTrackMPPINav/src/critic_manager.cpp.o] Error 1
make[2]: *** Waiting for unfinished jobs....
In file included from /root/workspace/workspace/gerry-ros-melodic/TCLNAV/src/rubbynav/module/motion/PathTrackMPPINav/src/critics/../../include/mppi_local_planner/critics/../critic_function.hpp:8:0,
                 from /root/workspace/workspace/gerry-ros-melodic/TCLNAV/src/rubbynav/module/motion/PathTrackMPPINav/src/critics/../../include/mppi_local_planner/critics/backward_critic.hpp:4,
                 from /root/workspace/workspace/gerry-ros-melodic/TCLNAV/src/rubbynav/module/motion/PathTrackMPPINav/src/critics/backward_critic.cpp:1:
/root/workspace/workspace/gerry-ros-melodic/TCLNAV/src/rubbynav/module/motion/PathTrackMPPINav/src/critics/../../include/mppi_local_planner/critics/.././tools/map_converter.hpp:37:21: error: â€˜Pointâ€™ was not declared in this scope
         std::vector<Point> oriented_footprint_;
                     ^~~~~
/root/workspace/workspace/gerry-ros-melodic/TCLNAV/src/rubbynav/module/motion/PathTrackMPPINav/src/critics/../../include/mppi_local_planner/critics/.././tools/map_converter.hpp:37:21: note: suggested alternative:
In file included from /usr/local/include/opencv2/core.hpp:58:0,
                 from /usr/local/include/opencv2/highgui.hpp:46,
                 from /usr/local/include/opencv2/highgui/highgui.hpp:48,
                 from /root/workspace/workspace/gerry-ros-melodic/TCLNAV/src/rubbynav/module/common/include/Common.h:12,
                 from /root/workspace/workspace/gerry-ros-melodic/TCLNAV/src/rubbynav/module/motion/PathTrackMPPINav/src/critics/../../include/mppi_local_planner/critics/.././tools/map_converter.hpp:4,
                 from /root/workspace/workspace/gerry-ros-melodic/TCLNAV/src/rubbynav/module/motion/PathTrackMPPINav/src/critics/../../include/mppi_local_planner/critics/../critic_function.hpp:8,
                 from /root/workspace/workspace/gerry-ros-melodic/TCLNAV/src/rubbynav/module/motion/PathTrackMPPINav/src/critics/../../include/mppi_local_planner/critics/backward_critic.hpp:4,
                 from /root/workspace/workspace/gerry-ros-melodic/TCLNAV/src/rubbynav/module/motion/PathTrackMPPINav/src/critics/backward_critic.cpp:1:
/usr/local/include/opencv2/core/types.hpp:192:17: note:   â€˜cv::Pointâ€™
 typedef Point2i Point;
                 ^~~~~
In file included from /root/workspace/workspace/gerry-ros-melodic/TCLNAV/src/rubbynav/module/motion/PathTrackMPPINav/src/critics/../../include/mppi_local_planner/critics/../critic_function.hpp:8:0,
                 from /root/workspace/workspace/gerry-ros-melodic/TCLNAV/src/rubbynav/module/motion/PathTrackMPPINav/src/critics/../../include/mppi_local_planner/critics/backward_critic.hpp:4,
                 from /root/workspace/workspace/gerry-ros-melodic/TCLNAV/src/rubbynav/module/motion/PathTrackMPPINav/src/critics/backward_critic.cpp:1:
/root/workspace/workspace/gerry-ros-melodic/TCLNAV/src/rubbynav/module/motion/PathTrackMPPINav/src/critics/../../include/mppi_local_planner/critics/.././tools/map_converter.hpp:37:26: error: template argument 1 is invalid
         std::vector<Point> oriented_footprint_;
                          ^
/root/workspace/workspace/gerry-ros-melodic/TCLNAV/src/rubbynav/module/motion/PathTrackMPPINav/src/critics/../../include/mppi_local_planner/critics/.././tools/map_converter.hpp:37:26: error: template argument 2 is invalid
In file included from /root/workspace/workspace/gerry-ros-melodic/TCLNAV/src/rubbynav/module/motion/PathTrackMPPINav/src/critics/../../include/mppi_local_planner/critics/../critic_function.hpp:8:0,
                 from /root/workspace/workspace/gerry-ros-melodic/TCLNAV/src/rubbynav/module/motion/PathTrackMPPINav/src/critics/../../include/mppi_local_planner/critics/constraint_critic.hpp:4,
                 from /root/workspace/workspace/gerry-ros-melodic/TCLNAV/src/rubbynav/module/motion/PathTrackMPPINav/src/critics/constraint_critic.cpp:1:
/root/workspace/workspace/gerry-ros-melodic/TCLNAV/src/rubbynav/module/motion/PathTrackMPPINav/src/critics/../../include/mppi_local_planner/critics/.././tools/map_converter.hpp:37:21: error: â€˜Pointâ€™ was not declared in this scope
         std::vector<Point> oriented_footprint_;
                     ^~~~~
/root/workspace/workspace/gerry-ros-melodic/TCLNAV/src/rubbynav/module/motion/PathTrackMPPINav/src/critics/../../include/mppi_local_planner/critics/.././tools/map_converter.hpp:37:21: note: suggested alternative:
In file included from /usr/local/include/opencv2/core.hpp:58:0,
                 from /usr/local/include/opencv2/highgui.hpp:46,
                 from /usr/local/include/opencv2/highgui/highgui.hpp:48,
                 from /root/workspace/workspace/gerry-ros-melodic/TCLNAV/src/rubbynav/module/common/include/Common.h:12,
                 from /root/workspace/workspace/gerry-ros-melodic/TCLNAV/src/rubbynav/module/motion/PathTrackMPPINav/src/critics/../../include/mppi_local_planner/critics/.././tools/map_converter.hpp:4,
                 from /root/workspace/workspace/gerry-ros-melodic/TCLNAV/src/rubbynav/module/motion/PathTrackMPPINav/src/critics/../../include/mppi_local_planner/critics/../critic_function.hpp:8,
                 from /root/workspace/workspace/gerry-ros-melodic/TCLNAV/src/rubbynav/module/motion/PathTrackMPPINav/src/critics/../../include/mppi_local_planner/critics/constraint_critic.hpp:4,
                 from /root/workspace/workspace/gerry-ros-melodic/TCLNAV/src/rubbynav/module/motion/PathTrackMPPINav/src/critics/constraint_critic.cpp:1:
/usr/local/include/opencv2/core/types.hpp:192:17: note:   â€˜cv::Pointâ€™
 typedef Point2i Point;
                 ^~~~~
In file included from /root/workspace/workspace/gerry-ros-melodic/TCLNAV/src/rubbynav/module/motion/PathTrackMPPINav/src/critics/../../include/mppi_local_planner/critics/../critic_function.hpp:8:0,
                 from /root/workspace/workspace/gerry-ros-melodic/TCLNAV/src/rubbynav/module/motion/PathTrackMPPINav/src/critics/../../include/mppi_local_planner/critics/constraint_critic.hpp:4,
                 from /root/workspace/workspace/gerry-ros-melodic/TCLNAV/src/rubbynav/module/motion/PathTrackMPPINav/src/critics/constraint_critic.cpp:1:
/root/workspace/workspace/gerry-ros-melodic/TCLNAV/src/rubbynav/module/motion/PathTrackMPPINav/src/critics/../../include/mppi_local_planner/critics/.././tools/map_converter.hpp:37:26: error: template argument 1 is invalid
         std::vector<Point> oriented_footprint_;
                          ^
/root/workspace/workspace/gerry-ros-melodic/TCLNAV/src/rubbynav/module/motion/PathTrackMPPINav/src/critics/../../include/mppi_local_planner/critics/.././tools/map_converter.hpp:37:26: error: template argument 2 is invalid
rubbynav/CMakeFiles/nav_plugin.dir/build.make:509: recipe for target 'rubbynav/CMakeFiles/nav_plugin.dir/module/motion/PathTrackMPPINav/src/critics/backward_critic.cpp.o' failed
make[2]: *** [rubbynav/CMakeFiles/nav_plugin.dir/module/motion/PathTrackMPPINav/src/critics/backward_critic.cpp.o] Error 1
rubbynav/CMakeFiles/nav_plugin.dir/build.make:523: recipe for target 'rubbynav/CMakeFiles/nav_plugin.dir/module/motion/PathTrackMPPINav/src/critics/constraint_critic.cpp.o' failed
make[2]: *** [rubbynav/CMakeFiles/nav_plugin.dir/module/motion/PathTrackMPPINav/src/critics/constraint_critic.cpp.o] Error 1
CMakeFiles/Makefile2:1602: recipe for target 'rubbynav/CMakeFiles/nav_plugin.dir/all' failed
make[1]: *** [rubbynav/CMakeFiles/nav_plugin.dir/all] Error 2
Makefile:145: recipe for target 'all' failed
make: *** [all] Error 2
Base path: /root/workspace/workspace/gerry-ros-melodic/TCLNAV
Source space: /root/workspace/workspace/gerry-ros-melodic/TCLNAV/src
Build space: /root/workspace/workspace/gerry-ros-melodic/TCLNAV/build
Devel space: /root/workspace/workspace/gerry-ros-melodic/TCLNAV/devel
Install space: /root/workspace/workspace/gerry-ros-melodic/TCLNAV/install
####
#### Running command: "cmake /root/workspace/workspace/gerry-ros-melodic/TCLNAV/src -DCMAKE_BUILD_TYPE=Release -DCATKIN_DEVEL_PREFIX=/root/workspace/workspace/gerry-ros-melodic/TCLNAV/devel -DCMAKE_INSTALL_PREFIX=/root/workspace/workspace/gerry-ros-melodic/TCLNAV/install -G Unix Makefiles" in "/root/workspace/workspace/gerry-ros-melodic/TCLNAV/build"
####
####
#### Running command: "make -j4 -l4" in "/root/workspace/workspace/gerry-ros-melodic/TCLNAV/build"
####
Invoking "make -j4 -l4" failed
Build step 'Execute shell' marked build as failure
Finished: FAILURE
