Started by user [8mha:////4HSeVHkKJ5mgbZK4sWy8myCb9E5jTwXackQ/FiSdye3XAAAAmR+LCAAAAAAAAP9b85aBtbiIQTGjNKU4P08vOT+vOD8nVc83PyU1x6OyILUoJzMv2y+/JJUBAhiZGBgqihhk0NSjKDWzXb3RdlLBUSYGJk8GtpzUvPSSDB8G5tKinBIGIZ+sxLJE/ZzEvHT94JKizLx0a6BxUmjGOUNodHsLgAz2EgZe/dLi1CL9wszSnMyiUgDL2Mr0wgAAAA==[0mQiuliru
Rebuilds build #[8mha:////4H8mObzzckkKMvELvG6nWwY+CazT3jhXoqQrmPA9VMqzAAAAsx+LCAAAAAAAAP9b85aBtbiIQTGjNKU4P08vOT+vOD8nVc83PyU1x6OyILUoJzMv2y+/JJUBAhiZGBgqihhk0NSjKDWzXb3RdlLBUSYGJk8GtpzUvPSSDB8G5tKinBIGIZ+sxLJE/ZzEvHT94JKizLx0a6BxUmjGOUNodHsLgAzmEgZ1/bLM1HL9lNSCkgz9rPwk/eTEtLTUovji1NzEvJLM5PjcxAJ9E0MDAFew7P/cAAAA[0m410
Running as SYSTEM
Building remotely on [8mha:////4JiinonVqRVUq+0157MFNdoHlSrLzLyDeg8j8rfRwRzcAAAAmx+LCAAAAAAAAP9b85aBtbiIQTGjNKU4P08vOT+vOD8nVc83PyU1x6OyILUoJzMv2y+/JJUBAhiZGBgqihhk0NSjKDWzXb3RdlLBUSYGJk8GtpzUvPSSDB8G5tKinBIGIZ+sxLJE/ZzEvHT94JKizLx0a6BxUmjGOUNodHsLgAzWEgZ+/eT83ILSktQi/WRjUzMzABiYJ1zEAAAA[0mc3566 (car8) in workspace /root/workspace/workspace/caffer_semantic_map
[WS-CLEANUP] Clean-up disabled, skipping workspace deletion.
[caffer_semantic_map] $ /bin/sh -xe /tmp/jenkins1465248074138828990.sh
+ bash /root/myscript/build/build.sh
++ export MYSQL_PWD=123
++ MYSQL_PWD=123
++ export -f cmdb_mysql
+ . /root/myscript/build/../sh/version-update.sh
++ . /root/.bashrc
+++ '[' -z '' ']'
+++ return
+ set -ex
+ export -f public_project_update
+ export -f project_build
+ init_project_env
++ date +%Y%m%d
+ DT=20241015
+ UserName=jenkins
+ API_TOKEN=11b65309c9835de9579d9c9038853d9eb7
+ GIT_PRIVATE_TOKEN=emEDrsaJVjxKK5gSWrf-
+ GIT_HOST=192.168.50.191
++ echo wukong/integration/semantic_map
++ awk -F/ '{print $1"%2F"$2}'
+ CONVERT_TARGET_PROJECT=wukong%2Fintegration
++ curl -XGET -H 'Content-Type: application/json' --header 'PRIVATE-TOKEN: emEDrsaJVjxKK5gSWrf-' http://192.168.50.191:85/api/v4/projects/wukong%2Fintegration
++ python -c 'import sys, json; print(json.load(sys.stdin)["id"])'
  % Total    % Received % Xferd  Average Speed   Time    Time     Time  Current
                                 Dload  Upload   Total   Spent    Left  Speed
  0     0    0     0    0     0      0      0 --:--:-- --:--:-- --:--:--     0100    35  100    35    0     0    282      0 --:--:-- --:--:-- --:--:--   284
Traceback (most recent call last):
  File "<string>", line 1, in <module>
KeyError: 'id'
+ SUB_PROJECT_ID=
+ true
+ '[' -z ']'
+ SOURCE_DIR=/root/workspace/workspace/caffer_semantic_map/SemanticMap
+ TARGET_DIR=/root/workspace/workspace/caffer_semantic_map/semantic_map
+ prepare_env
++ uname -m
+ system_platform=aarch64
+ :
++ cat /proc/cpuinfo
++ grep processor
++ sort
++ wc -l
++ uniq
+ mt=-j4
+ export COMMIT_ID_FILE=/root/workspace/workspace/caffer_semantic_map/_last_build_id
+ COMMIT_ID_FILE=/root/workspace/workspace/caffer_semantic_map/_last_build_id
+ export COMMIT_MSG_FILE=/root/workspace/workspace/caffer_semantic_map/_commit-msg
+ COMMIT_MSG_FILE=/root/workspace/workspace/caffer_semantic_map/_commit-msg
+ export COMMIT_MSG_FILE_TMP=/root/workspace/workspace/caffer_semantic_map/_commit-msg.tmp
+ COMMIT_MSG_FILE_TMP=/root/workspace/workspace/caffer_semantic_map/_commit-msg.tmp
+ rm -f /root/workspace/workspace/caffer_semantic_map/_last_build_id
+ rm -f /root/workspace/workspace/caffer_semantic_map/_commit-msg
+ rm -f /root/workspace/workspace/caffer_semantic_map/_commit-msg.tmp
+ rm -f /root/workspace/workspace/caffer_semantic_map/result.log
+ rm -f /root/workspace/workspace/caffer_semantic_map/no_code_change.log
+ sign_env
+ CONFIG_DIR_SET=/root/system
+ CONFIG_BRANCH=mind_os
+ CLONE_DEPTH=--depth=1
+ CONFIG_DIR=/root/system/i18rconfig
+ CONFIG_REMOTE='git clone ssh://git@192.168.50.191:222/AroundI18RProject/i18rconfig /root/system/i18rconfig -b mind_os --depth=1'
+ [[ aarch64 =~ x86_64 ]]
+ ENCRYPTION_TOOL=/root/system/i18rconfig/encrypt
+ CLONE_DEPTH=--depth=1
+ PUBLICBASETYPES_DIR=/root/system/I18RPublicBaseTypes
+ cmdb_mysql 'insert into prebuild(job_name,source_project,source_branch,target_project,target_branch,time,build_url,node_name,build_user) values ('\''caffer_semantic_map'\'','\''DepthModules/projects/SemanticMap'\'','\''wukong_dev_color_cam'\'','\''wukong/integration/semantic_map'\'','\''color_cam'\'',now(),'\''http://192.168.50.191:8088/job/caffer_semantic_map/411/'\'','\''c3566'\'','\''qiuliru'\'')'
+ set +x
+ DOCKER_CONTAINER_I18=build-x64-18.04
+ DOCKER_CONTAINER_RUBBY=c405
+ DOCKER_CONTAINER_RUBBY_INSIDE=c3566
+ DOCKER_CONTAINER_JAVA=node
+ JENKINS_JOB_A=mind
+ JENKINS_JOB_B=rbn
+ JENKINS_JOB_C=mark-check-tools
+ JENKINS_JOB_D=java
+ JENKINS_JOB_E=clean_recorder
+ JENKINS_JOB_F=i18r
+ JENKINS_JOB_G=nodejs
+ JENKINS_JOB_H=_ui
+ JENKINS_JOB_L=i12r
+ [[ caffer_semantic_map =~ mind ]]
+ '[' false = false ']'
+ source_project_update
+ '[' -d /root/workspace/workspace/caffer_semantic_map/SemanticMap ']'
+ pushd /root/workspace/workspace/caffer_semantic_map/SemanticMap
~/workspace/workspace/caffer_semantic_map/SemanticMap ~/workspace/workspace/caffer_semantic_map
+ git checkout ./
+ git pull --rebase
From ssh://192.168.50.191:222/DepthModules/projects/SemanticMap
   204d752..04e16cc  wukong_dev_color_cam -> origin/wukong_dev_color_cam
Updating 204d752..04e16cc
Fast-forward
 config/cfg.yml                  | 2 +-
 source/src/semantic_map_alg.cpp | 8 ++++----
 2 files changed, 5 insertions(+), 5 deletions(-)
Current branch wukong_dev_color_cam is up to date.
+ popd
~/workspace/workspace/caffer_semantic_map
+ target_project_update
+ rm -rf /root/workspace/workspace/caffer_semantic_map/semantic_map
+ target_project_fetch
+ git clone ssh://git@192.168.50.191:222/wukong/integration/semantic_map -b color_cam --depth=1
Cloning into 'semantic_map'...
+ insert_db
+ pushd /root/workspace/workspace/caffer_semantic_map/SemanticMap
~/workspace/workspace/caffer_semantic_map/SemanticMap ~/workspace/workspace/caffer_semantic_map
++ cmdb_mysql 'SELECT first_commit_id FROM prebuild where source_project='\''DepthModules/projects/SemanticMap'\'' and source_branch='\''wukong_dev_color_cam'\'' and target_project='\''wukong/integration/semantic_map'\'' and target_branch='\''color_cam'\'' and status='\''0'\'' and job_name='\''caffer_semantic_map'\'' order by id desc limit 1;'
++ set +x
+ version='first_commit_id
204d752'
++ echo first_commit_id 204d752
++ awk -F ' ' '{print $2}'
+ version=204d752
++ git log -1 --pretty=format:%h
+ first_commit_id_now=04e16cc
+ cmdb_mysql 'update prebuild set first_commit_id='\''04e16cc'\'' where build_url='\''http://192.168.50.191:8088/job/caffer_semantic_map/411/'\'';'
+ set +x
+ popd
~/workspace/workspace/caffer_semantic_map
+ [[ aarch64 =~ x86_64 ]]
+ [[ caffer_semantic_map =~ i18r ]]
+ project_build
+ pushd /root/workspace/workspace/caffer_semantic_map/SemanticMap
~/workspace/workspace/caffer_semantic_map/SemanticMap ~/workspace/workspace/caffer_semantic_map
+ project_init_remote
++ find -type f -name sync_submodules.sh
+ sf=
+ '[' -z ']'
+ git submodule update --init --recursive
Submodule path 'submodules/messages': checked out '34f160a3f83b4c09b737627964dd2cc32d0d674c'
+ git submodule update --remote
Submodule path 'submodules/messages': checked out 'b976a369bbf3bc34dd971e5963573685713184e2'
+ sed -i 's/make -j[0-9].*/make -j4/g' scripts/compile.sh
+ '[' -z ']'
+ '[' x04e16cc == x204d752 ']'
+ bash -ex scripts/compile.sh
+ main
+ git submodule update --init --recursive
Submodule path 'submodules/messages': checked out '34f160a3f83b4c09b737627964dd2cc32d0d674c'
+ git submodule update --remote
Submodule path 'submodules/messages': checked out 'b976a369bbf3bc34dd971e5963573685713184e2'
++ GetProjectPath
++++ dirname scripts/compile.sh
+++ cd scripts
+++ pwd
++ local scriptsDir=/root/workspace/workspace/caffer_semantic_map/SemanticMap/scripts
+++ dirname /root/workspace/workspace/caffer_semantic_map/SemanticMap/scripts
++ echo /root/workspace/workspace/caffer_semantic_map/SemanticMap
+ local projectPath=/root/workspace/workspace/caffer_semantic_map/SemanticMap
+ cd /root/workspace/workspace/caffer_semantic_map/SemanticMap
+ mkdir build
+ true
mkdir: cannot create directory â€˜buildâ€™: File exists
+ cd build
+ cmake .. -DCMAKE_BUILD_TYPE=Release
-- PCL_DIR=/root/workspace/workspace/caffer_semantic_map/SemanticMap/thirdparty/arm64/pcl
-- Eigen found (include: /usr/local/include/eigen3, version: 3.3.7)
-- Found Boost: /usr/include (found suitable version "1.65.1", minimum required is "1.55.0") found components: system filesystem date_time iostreams serialization regex 
-- Checking for module 'flann'
--   No package 'flann' found
** WARNING ** io features related to pcap will be disabled
** WARNING ** io features related to png will be disabled
CMake Warning (dev) at /usr/local/share/cmake-3.22/Modules/FindPackageHandleStandardArgs.cmake:438 (message):
  The package name passed to `find_package_handle_standard_args` (libusb-1.0)
  does not match the name of the calling package (PCL).  This can lead to
  problems in calling code that expects `find_package` result variables
  (e.g., `_FOUND`) to follow a certain pattern.
Call Stack (most recent call first):
  thirdparty/arm64/pcl/share/pcl-1.10/PCLConfig.cmake:278 (find_package_handle_standard_args)
  thirdparty/arm64/pcl/share/pcl-1.10/PCLConfig.cmake:325 (find_libusb)
  thirdparty/arm64/pcl/share/pcl-1.10/PCLConfig.cmake:521 (find_external_library)
  CMakeLists.txt:31 (find_package)
This warning is for project developers.  Use -Wno-dev to suppress it.

-- LIBUSB_1_LIBRARY (missing: LIBUSB_1_INCLUDE_DIR) 
** WARNING ** io features related to libusb-1.0 will be disabled
-- QHULL found (include: /root/workspace/pcl-1.10.1/thirdparty/qhull/include, lib: optimized;/root/workspace/pcl-1.10.1/thirdparty/qhull/lib/libqhull_p.so;debug;/root/workspace/pcl-1.10.1/thirdparty/qhull/lib/libqhull_p.so)
-- looking for PCL_COMMON
CMake Warning (dev) at /usr/local/share/cmake-3.22/Modules/FindPackageHandleStandardArgs.cmake:438 (message):
  The package name passed to `find_package_handle_standard_args` (PCL_COMMON)
  does not match the name of the calling package (PCL).  This can lead to
  problems in calling code that expects `find_package` result variables
  (e.g., `_FOUND`) to follow a certain pattern.
Call Stack (most recent call first):
  thirdparty/arm64/pcl/share/pcl-1.10/PCLConfig.cmake:589 (find_package_handle_standard_args)
  CMakeLists.txt:31 (find_package)
This warning is for project developers.  Use -Wno-dev to suppress it.

-- looking for PCL_KDTREE
CMake Warning (dev) at /usr/local/share/cmake-3.22/Modules/FindPackageHandleStandardArgs.cmake:438 (message):
  The package name passed to `find_package_handle_standard_args` (PCL_KDTREE)
  does not match the name of the calling package (PCL).  This can lead to
  problems in calling code that expects `find_package` result variables
  (e.g., `_FOUND`) to follow a certain pattern.
Call Stack (most recent call first):
  thirdparty/arm64/pcl/share/pcl-1.10/PCLConfig.cmake:589 (find_package_handle_standard_args)
  CMakeLists.txt:31 (find_package)
This warning is for project developers.  Use -Wno-dev to suppress it.

-- looking for PCL_OCTREE
CMake Warning (dev) at /usr/local/share/cmake-3.22/Modules/FindPackageHandleStandardArgs.cmake:438 (message):
  The package name passed to `find_package_handle_standard_args` (PCL_OCTREE)
  does not match the name of the calling package (PCL).  This can lead to
  problems in calling code that expects `find_package` result variables
  (e.g., `_FOUND`) to follow a certain pattern.
Call Stack (most recent call first):
  thirdparty/arm64/pcl/share/pcl-1.10/PCLConfig.cmake:589 (find_package_handle_standard_args)
  CMakeLists.txt:31 (find_package)
This warning is for project developers.  Use -Wno-dev to suppress it.

-- looking for PCL_SEARCH
CMake Warning (dev) at /usr/local/share/cmake-3.22/Modules/FindPackageHandleStandardArgs.cmake:438 (message):
  The package name passed to `find_package_handle_standard_args` (PCL_SEARCH)
  does not match the name of the calling package (PCL).  This can lead to
  problems in calling code that expects `find_package` result variables
  (e.g., `_FOUND`) to follow a certain pattern.
Call Stack (most recent call first):
  thirdparty/arm64/pcl/share/pcl-1.10/PCLConfig.cmake:589 (find_package_handle_standard_args)
  CMakeLists.txt:31 (find_package)
This warning is for project developers.  Use -Wno-dev to suppress it.

-- looking for PCL_SAMPLE_CONSENSUS
CMake Warning (dev) at /usr/local/share/cmake-3.22/Modules/FindPackageHandleStandardArgs.cmake:438 (message):
  The package name passed to `find_package_handle_standard_args`
  (PCL_SAMPLE_CONSENSUS) does not match the name of the calling package
  (PCL).  This can lead to problems in calling code that expects
  `find_package` result variables (e.g., `_FOUND`) to follow a certain
  pattern.
Call Stack (most recent call first):
  thirdparty/arm64/pcl/share/pcl-1.10/PCLConfig.cmake:589 (find_package_handle_standard_args)
  CMakeLists.txt:31 (find_package)
This warning is for project developers.  Use -Wno-dev to suppress it.

-- looking for PCL_FILTERS
CMake Warning (dev) at /usr/local/share/cmake-3.22/Modules/FindPackageHandleStandardArgs.cmake:438 (message):
  The package name passed to `find_package_handle_standard_args`
  (PCL_FILTERS) does not match the name of the calling package (PCL).  This
  can lead to problems in calling code that expects `find_package` result
  variables (e.g., `_FOUND`) to follow a certain pattern.
Call Stack (most recent call first):
  thirdparty/arm64/pcl/share/pcl-1.10/PCLConfig.cmake:589 (find_package_handle_standard_args)
  CMakeLists.txt:31 (find_package)
This warning is for project developers.  Use -Wno-dev to suppress it.

-- looking for PCL_2D
CMake Warning (dev) at /usr/local/share/cmake-3.22/Modules/FindPackageHandleStandardArgs.cmake:438 (message):
  The package name passed to `find_package_handle_standard_args` (PCL_2D)
  does not match the name of the calling package (PCL).  This can lead to
  problems in calling code that expects `find_package` result variables
  (e.g., `_FOUND`) to follow a certain pattern.
Call Stack (most recent call first):
  thirdparty/arm64/pcl/share/pcl-1.10/PCLConfig.cmake:592 (find_package_handle_standard_args)
  CMakeLists.txt:31 (find_package)
This warning is for project developers.  Use -Wno-dev to suppress it.

-- looking for PCL_GEOMETRY
CMake Warning (dev) at /usr/local/share/cmake-3.22/Modules/FindPackageHandleStandardArgs.cmake:438 (message):
  The package name passed to `find_package_handle_standard_args`
  (PCL_GEOMETRY) does not match the name of the calling package (PCL).  This
  can lead to problems in calling code that expects `find_package` result
  variables (e.g., `_FOUND`) to follow a certain pattern.
Call Stack (most recent call first):
  thirdparty/arm64/pcl/share/pcl-1.10/PCLConfig.cmake:592 (find_package_handle_standard_args)
  CMakeLists.txt:31 (find_package)
This warning is for project developers.  Use -Wno-dev to suppress it.

-- looking for PCL_IO
CMake Warning (dev) at /usr/local/share/cmake-3.22/Modules/FindPackageHandleStandardArgs.cmake:438 (message):
  The package name passed to `find_package_handle_standard_args` (PCL_IO)
  does not match the name of the calling package (PCL).  This can lead to
  problems in calling code that expects `find_package` result variables
  (e.g., `_FOUND`) to follow a certain pattern.
Call Stack (most recent call first):
  thirdparty/arm64/pcl/share/pcl-1.10/PCLConfig.cmake:589 (find_package_handle_standard_args)
  CMakeLists.txt:31 (find_package)
This warning is for project developers.  Use -Wno-dev to suppress it.

-- looking for PCL_ML
CMake Warning (dev) at /usr/local/share/cmake-3.22/Modules/FindPackageHandleStandardArgs.cmake:438 (message):
  The package name passed to `find_package_handle_standard_args` (PCL_ML)
  does not match the name of the calling package (PCL).  This can lead to
  problems in calling code that expects `find_package` result variables
  (e.g., `_FOUND`) to follow a certain pattern.
Call Stack (most recent call first):
  thirdparty/arm64/pcl/share/pcl-1.10/PCLConfig.cmake:589 (find_package_handle_standard_args)
  CMakeLists.txt:31 (find_package)
This warning is for project developers.  Use -Wno-dev to suppress it.

-- looking for PCL_SURFACE
CMake Warning (dev) at /usr/local/share/cmake-3.22/Modules/FindPackageHandleStandardArgs.cmake:438 (message):
  The package name passed to `find_package_handle_standard_args`
  (PCL_SURFACE) does not match the name of the calling package (PCL).  This
  can lead to problems in calling code that expects `find_package` result
  variables (e.g., `_FOUND`) to follow a certain pattern.
Call Stack (most recent call first):
  thirdparty/arm64/pcl/share/pcl-1.10/PCLConfig.cmake:589 (find_package_handle_standard_args)
  CMakeLists.txt:31 (find_package)
This warning is for project developers.  Use -Wno-dev to suppress it.

-- Found Boost: /usr/include (found version "1.65.1") found components: system serialization filesystem 
-- Found Boost: /usr/include (found version "1.65.1") found components: system filesystem 
-- Configuring done
-- Generating done
-- Build files have been written to: /root/workspace/workspace/caffer_semantic_map/SemanticMap/build
+ make -j4
Consolidate compiler generated dependencies of target semantic_map
[  4%] Building CXX object source/CMakeFiles/semantic_map.dir/src/semantic_map_alg.cpp.o
Build was aborted
Aborted by [8mha:////4HSeVHkKJ5mgbZK4sWy8myCb9E5jTwXackQ/FiSdye3XAAAAmR+LCAAAAAAAAP9b85aBtbiIQTGjNKU4P08vOT+vOD8nVc83PyU1x6OyILUoJzMv2y+/JJUBAhiZGBgqihhk0NSjKDWzXb3RdlLBUSYGJk8GtpzUvPSSDB8G5tKinBIGIZ+sxLJE/ZzEvHT94JKizLx0a6BxUmjGOUNodHsLgAz2EgZe/dLi1CL9wszSnMyiUgDL2Mr0wgAAAA==[0mQiuliru
c++: internal compiler error: Terminated (program cc1plus)
Please submit a full bug report,
with preprocessed source if appropriate.
See <file:///usr/share/doc/gcc-7/README.Bugs> for instructions.
source/CMakeFiles/semantic_map.dir/build.make:285: recipe for target 'source/CMakeFiles/semantic_map.dir/src/semantic_map_alg.cpp.o' failed
make[2]: *** [source/CMakeFiles/semantic_map.dir/src/semantic_map_alg.cpp.o] Error 4
CMakeFiles/Makefile2:133: recipe for target 'source/CMakeFiles/semantic_map.dir/all' failed
make[1]: *** [source/CMakeFiles/semantic_map.dir/all] Error 2
Makefile:90: recipe for target 'all' failed
make: *** [all] Error 2
Finished: ABORTED
