Started by user [8mha:////4FCKJYn7TntWy0E9yb5LbOYOQzMY6AUmHbbeMtYcoOkhAAAAmx+LCAAAAAAAAP9b85aBtbiIQTGjNKU4P08vOT+vOD8nVc83PyU1x6OyILUoJzMv2y+/JJUBAhiZGBgqihhk0NSjKDWzXb3RdlLBUSYGJk8GtpzUvPSSDB8G5tKinBIGIZ+sxLJE/ZzEvHT94JKizLx0a6BxUmjGOUNodHsLgAzmEgYB/dLi1CL9wszijMS8QqARAJgVRoDFAAAA[0mÁ•ÅÂñÑÂ∫Ü
Rebuilds build #[8mha:////4MjaspONkbQqDpdaFjEjgcEHS4U39heqPFJXgR+aY8igAAAAsR+LCAAAAAAAAP9b85aBtbiIQTGjNKU4P08vOT+vOD8nVc83PyU1x6OyILUoJzMv2y+/JJUBAhiZGBgqihhk0NSjKDWzXb3RdlLBUSYGJk8GtpzUvPSSDB8G5tKinBIGIZ+sxLJE/ZzEvHT94JKizLx0a6BxUmjGOUNodHsLgAymEgZ1/bLM1HL94pzEXP2s/CT9otKkpEpdEFc3JTWpNF3X2NTMTN/YFADAv6Mp3AAAAA==[0m35
Running as SYSTEM
Building remotely on [8mha:////4GJECaSXI5jaa88kGHMmbEkdCg31N4g4yVAlsCFwflHgAAAAmR+LCAAAAAAAAP9b85aBtbiIQTGjNKU4P08vOT+vOD8nVc83PyU1x6OyILUoJzMv2y+/JJUBAhiZGBgqihhk0NSjKDWzXb3RdlLBUSYGJk8GtpzUvPSSDB8G5tKinBIGIZ+sxLJE/ZzEvHT94JKizLx0a6BxUmjGOUNodHsLgAzmEgZe/eT83ILSktQifUNLQwA4ziQnwgAAAA==[0m191 (192.168.50.191) in workspace /home/indemind/.jenkins_slave/workspace/rubby-slam-debug-3566
[WS-CLEANUP] Deleting project workspace...
[WS-CLEANUP] Deferred wipeout is used...
[WS-CLEANUP] Done
No emails were triggered.
[rubby-slam-debug-3566] $ /bin/sh -xe /tmp/jenkins7420267836091262979.sh
+ bash -ex /home/indemind/myscript/build/build.sh
+++ dirname /home/indemind/myscript/build/build.sh
++ cd /home/indemind/myscript/build
++ pwd
+ project_path=/home/indemind/myscript/build
+ . /home/indemind/myscript/build/../sh/cmdb
++ set -x
++ export MYSQL_PWD=123
++ MYSQL_PWD=123
++ export -f cmdb_mysql
+ set -ex
+ export -f public_project_update
+ export -f project_build
+ init_project_env
++ date +%Y%m%d
+ DT=20231026
+ UserName=jenkins
+ API_TOKEN=11b65309c9835de9579d9c9038853d9eb7
+ GIT_PRIVATE_TOKEN=emEDrsaJVjxKK5gSWrf-
+ GIT_HOST=192.168.50.191
++ echo abby/integration/SLAM
++ awk -F/ '{print $1"%2F"$2}'
+ CONVERT_TARGET_PROJECT=abby%2Fintegration
++ curl -XGET -H 'Content-Type: application/json' --header 'PRIVATE-TOKEN: emEDrsaJVjxKK5gSWrf-' http://192.168.50.191:85/api/v4/projects/abby%2Fintegration
++ python -c 'import sys, json; print(json.load(sys.stdin)["id"])'
  % Total    % Received % Xferd  Average Speed   Time    Time     Time  Current
                                 Dload  Upload   Total   Spent    Left  Speed
  0     0    0     0    0     0      0      0 --:--:-- --:--:-- --:--:--     0100    35  100    35    0     0    935      0 --:--:-- --:--:-- --:--:--   945
Traceback (most recent call last):
  File "<string>", line 1, in <module>
KeyError: 'id'
+ SUB_PROJECT_ID=
+ true
+ '[' -z ']'
+ SOURCE_DIR=/home/indemind/.jenkins_slave/workspace/rubby-slam-debug-3566/parker_vislam_source
+ TARGET_DIR=/home/indemind/.jenkins_slave/workspace/rubby-slam-debug-3566/SLAM
+ prepare_env
++ uname -m
+ system_platform=x86_64
+ :
++ cat /proc/cpuinfo
++ grep processor
++ sort
++ uniq
++ wc -l
+ mt=-j4
+ export COMMIT_ID_FILE=/home/indemind/.jenkins_slave/workspace/rubby-slam-debug-3566/_last_build_id
+ COMMIT_ID_FILE=/home/indemind/.jenkins_slave/workspace/rubby-slam-debug-3566/_last_build_id
+ export COMMIT_MSG_FILE=/home/indemind/.jenkins_slave/workspace/rubby-slam-debug-3566/_commit-msg
+ COMMIT_MSG_FILE=/home/indemind/.jenkins_slave/workspace/rubby-slam-debug-3566/_commit-msg
+ export COMMIT_MSG_FILE_TMP=/home/indemind/.jenkins_slave/workspace/rubby-slam-debug-3566/_commit-msg.tmp
+ COMMIT_MSG_FILE_TMP=/home/indemind/.jenkins_slave/workspace/rubby-slam-debug-3566/_commit-msg.tmp
+ rm -f /home/indemind/.jenkins_slave/workspace/rubby-slam-debug-3566/_last_build_id
+ rm -f /home/indemind/.jenkins_slave/workspace/rubby-slam-debug-3566/_commit-msg
+ rm -f /home/indemind/.jenkins_slave/workspace/rubby-slam-debug-3566/_commit-msg.tmp
+ rm -f /home/indemind/.jenkins_slave/workspace/rubby-slam-debug-3566/result.log
+ rm -f /home/indemind/.jenkins_slave/workspace/rubby-slam-debug-3566/no_code_change.log
+ CLONE_DEPTH=--depth=1
+ PUBLICBASETYPES_DIR=/home/indemind/system/I18RPublicBaseTypes
+ cmdb_mysql 'insert into prebuild(job_name,source_project,source_branch,target_project,target_branch,time,build_url,node_name,build_user) values ('\''rubby-slam-debug-3566'\'','\''xuhaonan/parker_vislam_source'\'','\''rubbytest_relocation_dataset_laser'\'','\''abby/integration/SLAM'\'','\''debug'\'',now(),'\''http://192.168.50.191:8088/job/rubby-slam-debug-3566/38/'\'','\''191'\'','\''qishanqing'\'')'
+ set +x
+ DOCKER_CONTAINER_I18=build-x64-18.04
+ DOCKER_CONTAINER_RUBBY=c405
+ DOCKER_CONTAINER_RUBBY_INSIDE=c3566
+ DOCKER_CONTAINER_JAVA=node
+ JENKINS_JOB_A=mind
+ JENKINS_JOB_B=rbn
+ JENKINS_JOB_C=mark-check-tools
+ JENKINS_JOB_D=java
+ JENKINS_JOB_E=nodejs
+ JENKINS_JOB_F=_ui
+ JENKINS_JOB_G=i12r
+ JENKINS_JOB_E=clean_recorder
+ JENKINS_JOB_F=i18r
+ [[ rubby-slam-debug-3566 =~ mind ]]
+ '[' true = false ']'
+ source_project_fetch
+ git clone ssh://git@192.168.50.191:222/xuhaonan/parker_vislam_source -b rubbytest_relocation_dataset_laser --depth=1
Ê≠£ÂÖãÈöÜÂà∞ 'parker_vislam_source'...
Warning: Permanently added '[192.168.50.191]:222' (ECDSA) to the list of known hosts.
Ê≠£Âú®Ê£ÄÂá∫Êñá‰ª∂:   8% (185/2186)   Ê≠£Âú®Ê£ÄÂá∫Êñá‰ª∂:   9% (197/2186)   Ê≠£Âú®Ê£ÄÂá∫Êñá‰ª∂:  10% (219/2186)   Ê≠£Âú®Ê£ÄÂá∫Êñá‰ª∂:  11% (241/2186)   Ê≠£Âú®Ê£ÄÂá∫Êñá‰ª∂:  12% (263/2186)   Ê≠£Âú®Ê£ÄÂá∫Êñá‰ª∂:  13% (285/2186)   Ê≠£Âú®Ê£ÄÂá∫Êñá‰ª∂:  14% (307/2186)   Ê≠£Âú®Ê£ÄÂá∫Êñá‰ª∂:  15% (328/2186)   Ê≠£Âú®Ê£ÄÂá∫Êñá‰ª∂:  16% (350/2186)   Ê≠£Âú®Ê£ÄÂá∫Êñá‰ª∂:  17% (372/2186)   Ê≠£Âú®Ê£ÄÂá∫Êñá‰ª∂:  18% (394/2186)   Ê≠£Âú®Ê£ÄÂá∫Êñá‰ª∂:  19% (416/2186)   Ê≠£Âú®Ê£ÄÂá∫Êñá‰ª∂:  20% (438/2186)   Ê≠£Âú®Ê£ÄÂá∫Êñá‰ª∂:  21% (460/2186)   Ê≠£Âú®Ê£ÄÂá∫Êñá‰ª∂:  22% (481/2186)   Ê≠£Âú®Ê£ÄÂá∫Êñá‰ª∂:  23% (503/2186)   Ê≠£Âú®Ê£ÄÂá∫Êñá‰ª∂:  24% (525/2186)   Ê≠£Âú®Ê£ÄÂá∫Êñá‰ª∂:  25% (547/2186)   Ê≠£Âú®Ê£ÄÂá∫Êñá‰ª∂:  26% (569/2186)   Ê≠£Âú®Ê£ÄÂá∫Êñá‰ª∂:  27% (591/2186)   Ê≠£Âú®Ê£ÄÂá∫Êñá‰ª∂:  28% (613/2186)   Ê≠£Âú®Ê£ÄÂá∫Êñá‰ª∂:  29% (634/2186)   Ê≠£Âú®Ê£ÄÂá∫Êñá‰ª∂:  30% (656/2186)   Ê≠£Âú®Ê£ÄÂá∫Êñá‰ª∂:  31% (678/2186)   Ê≠£Âú®Ê£ÄÂá∫Êñá‰ª∂:  32% (700/2186)   Ê≠£Âú®Ê£ÄÂá∫Êñá‰ª∂:  33% (722/2186)   Ê≠£Âú®Ê£ÄÂá∫Êñá‰ª∂:  34% (744/2186)   Ê≠£Âú®Ê£ÄÂá∫Êñá‰ª∂:  35% (766/2186)   Ê≠£Âú®Ê£ÄÂá∫Êñá‰ª∂:  36% (787/2186)   Ê≠£Âú®Ê£ÄÂá∫Êñá‰ª∂:  37% (809/2186)   Ê≠£Âú®Ê£ÄÂá∫Êñá‰ª∂:  38% (831/2186)   Ê≠£Âú®Ê£ÄÂá∫Êñá‰ª∂:  39% (853/2186)   Ê≠£Âú®Ê£ÄÂá∫Êñá‰ª∂:  40% (875/2186)   Ê≠£Âú®Ê£ÄÂá∫Êñá‰ª∂:  41% (897/2186)   Ê≠£Âú®Ê£ÄÂá∫Êñá‰ª∂:  42% (919/2186)   Ê≠£Âú®Ê£ÄÂá∫Êñá‰ª∂:  43% (940/2186)   Ê≠£Âú®Ê£ÄÂá∫Êñá‰ª∂:  44% (962/2186)   Ê≠£Âú®Ê£ÄÂá∫Êñá‰ª∂:  45% (984/2186)   Ê≠£Âú®Ê£ÄÂá∫Êñá‰ª∂:  46% (1006/2186)   Ê≠£Âú®Ê£ÄÂá∫Êñá‰ª∂:  47% (1028/2186)   Ê≠£Âú®Ê£ÄÂá∫Êñá‰ª∂:  48% (1050/2186)   Ê≠£Âú®Ê£ÄÂá∫Êñá‰ª∂:  49% (1072/2186)   Ê≠£Âú®Ê£ÄÂá∫Êñá‰ª∂:  50% (1093/2186)   Ê≠£Âú®Ê£ÄÂá∫Êñá‰ª∂:  51% (1115/2186)   Ê≠£Âú®Ê£ÄÂá∫Êñá‰ª∂:  52% (1137/2186)   Ê≠£Âú®Ê£ÄÂá∫Êñá‰ª∂:  53% (1159/2186)   Ê≠£Âú®Ê£ÄÂá∫Êñá‰ª∂:  54% (1181/2186)   Ê≠£Âú®Ê£ÄÂá∫Êñá‰ª∂:  55% (1203/2186)   Ê≠£Âú®Ê£ÄÂá∫Êñá‰ª∂:  56% (1225/2186)   Ê≠£Âú®Ê£ÄÂá∫Êñá‰ª∂:  57% (1247/2186)   Ê≠£Âú®Ê£ÄÂá∫Êñá‰ª∂:  58% (1268/2186)   Ê≠£Âú®Ê£ÄÂá∫Êñá‰ª∂:  59% (1290/2186)   Ê≠£Âú®Ê£ÄÂá∫Êñá‰ª∂:  60% (1312/2186)   Ê≠£Âú®Ê£ÄÂá∫Êñá‰ª∂:  61% (1334/2186)   Ê≠£Âú®Ê£ÄÂá∫Êñá‰ª∂:  62% (1356/2186)   Ê≠£Âú®Ê£ÄÂá∫Êñá‰ª∂:  63% (1378/2186)   Ê≠£Âú®Ê£ÄÂá∫Êñá‰ª∂:  64% (1400/2186)   Ê≠£Âú®Ê£ÄÂá∫Êñá‰ª∂:  65% (1421/2186)   Ê≠£Âú®Ê£ÄÂá∫Êñá‰ª∂:  66% (1443/2186)   Ê≠£Âú®Ê£ÄÂá∫Êñá‰ª∂:  67% (1465/2186)   Ê≠£Âú®Ê£ÄÂá∫Êñá‰ª∂:  68% (1487/2186)   Ê≠£Âú®Ê£ÄÂá∫Êñá‰ª∂:  69% (1509/2186)   Ê≠£Âú®Ê£ÄÂá∫Êñá‰ª∂:  70% (1531/2186)   Ê≠£Âú®Ê£ÄÂá∫Êñá‰ª∂:  71% (1553/2186)   Ê≠£Âú®Ê£ÄÂá∫Êñá‰ª∂:  72% (1574/2186)   Ê≠£Âú®Ê£ÄÂá∫Êñá‰ª∂:  73% (1596/2186)   Ê≠£Âú®Ê£ÄÂá∫Êñá‰ª∂:  74% (1618/2186)   Ê≠£Âú®Ê£ÄÂá∫Êñá‰ª∂:  75% (1640/2186)   Ê≠£Âú®Ê£ÄÂá∫Êñá‰ª∂:  76% (1662/2186)   Ê≠£Âú®Ê£ÄÂá∫Êñá‰ª∂:  77% (1684/2186)   Ê≠£Âú®Ê£ÄÂá∫Êñá‰ª∂:  78% (1706/2186)   Ê≠£Âú®Ê£ÄÂá∫Êñá‰ª∂:  78% (1725/2186)   Ê≠£Âú®Ê£ÄÂá∫Êñá‰ª∂:  79% (1727/2186)   Ê≠£Âú®Ê£ÄÂá∫Êñá‰ª∂:  80% (1749/2186)   Ê≠£Âú®Ê£ÄÂá∫Êñá‰ª∂:  81% (1771/2186)   Ê≠£Âú®Ê£ÄÂá∫Êñá‰ª∂:  82% (1793/2186)   Ê≠£Âú®Ê£ÄÂá∫Êñá‰ª∂:  83% (1815/2186)   Ê≠£Âú®Ê£ÄÂá∫Êñá‰ª∂:  84% (1837/2186)   Ê≠£Âú®Ê£ÄÂá∫Êñá‰ª∂:  85% (1859/2186)   Ê≠£Âú®Ê£ÄÂá∫Êñá‰ª∂:  86% (1880/2186)   Ê≠£Âú®Ê£ÄÂá∫Êñá‰ª∂:  87% (1902/2186)   Ê≠£Âú®Ê£ÄÂá∫Êñá‰ª∂:  88% (1924/2186)   Ê≠£Âú®Ê£ÄÂá∫Êñá‰ª∂:  89% (1946/2186)   Ê≠£Âú®Ê£ÄÂá∫Êñá‰ª∂:  90% (1968/2186)   Ê≠£Âú®Ê£ÄÂá∫Êñá‰ª∂:  91% (1990/2186)   Ê≠£Âú®Ê£ÄÂá∫Êñá‰ª∂:  92% (2012/2186)   Ê≠£Âú®Ê£ÄÂá∫Êñá‰ª∂:  93% (2033/2186)   Ê≠£Âú®Ê£ÄÂá∫Êñá‰ª∂:  94% (2055/2186)   Ê≠£Âú®Ê£ÄÂá∫Êñá‰ª∂:  95% (2077/2186)   Ê≠£Âú®Ê£ÄÂá∫Êñá‰ª∂:  96% (2099/2186)   Ê≠£Âú®Ê£ÄÂá∫Êñá‰ª∂:  97% (2121/2186)   Ê≠£Âú®Ê£ÄÂá∫Êñá‰ª∂:  98% (2143/2186)   Ê≠£Âú®Ê£ÄÂá∫Êñá‰ª∂:  99% (2165/2186)   Ê≠£Âú®Ê£ÄÂá∫Êñá‰ª∂: 100% (2186/2186)   Ê≠£Âú®Ê£ÄÂá∫Êñá‰ª∂: 100% (2186/2186), ÂÆåÊàê.
+ target_project_update
+ rm -rf /home/indemind/.jenkins_slave/workspace/rubby-slam-debug-3566/SLAM
+ target_project_fetch
+ git clone ssh://git@192.168.50.191:222/abby/integration/SLAM -b debug --depth=1
Ê≠£ÂÖãÈöÜÂà∞ 'SLAM'...
Warning: Permanently added '[192.168.50.191]:222' (ECDSA) to the list of known hosts.
+ insert_db
+ pushd /home/indemind/.jenkins_slave/workspace/rubby-slam-debug-3566/parker_vislam_source
~/.jenkins_slave/workspace/rubby-slam-debug-3566/parker_vislam_source ~/.jenkins_slave/workspace/rubby-slam-debug-3566
++ cmdb_mysql 'SELECT first_commit_id FROM prebuild where source_project='\''xuhaonan/parker_vislam_source'\'' and source_branch='\''rubbytest_relocation_dataset_laser'\'' and target_project='\''abby/integration/SLAM'\'' and target_branch='\''debug'\'' and status='\''0'\'' and job_name='\''rubby-slam-debug-3566'\'' order by id desc limit 1;'
++ set +x
+ version=
++ echo
++ awk -F ' ' '{print $2}'
+ version=
++ git log -1 --pretty=format:%h
+ first_commit_id_now=a2996d2
+ cmdb_mysql 'update prebuild set first_commit_id='\''a2996d2'\'' where build_url='\''http://192.168.50.191:8088/job/rubby-slam-debug-3566/38/'\'';'
+ set +x
+ popd
~/.jenkins_slave/workspace/rubby-slam-debug-3566
+ [[ x86_64 =~ x86_64 ]]
+ docker exec -i c3566 /bin/bash
+ [[ c3566 == c405 ]]
+ [[ c3566 == c3566 ]]
+ echo 'rubby project building in c3566......'
rubby project building in c3566......
+ pushd /root/system/abby_msg
~/system/abby_msg /
+ git checkout ./
+ git clean -xdf ./
+ git pull origin master
From ssh://192.168.50.191:222/abby/source/abby_msg
 * branch            master     -> FETCH_HEAD
Already up to date.
+ popd
/
+ pushd /home/indemind/.jenkins_slave/workspace/rubby-slam-debug-3566/parker_vislam_source
/home/indemind/.jenkins_slave/workspace/rubby-slam-debug-3566/parker_vislam_source /
+ git submodule update --init --recursive
Submodule 'submodules/DepthModuleForRubby' (http://192.168.50.191:85/qiuliru/DepthModuleForRubby) registered for path 'submodules/DepthModuleForRubby'
Submodule 'submodules/abby_msg' (http://192.168.50.191:85/abby/source/abby_msg.git) registered for path 'submodules/abby_msg'
Cloning into '/home/indemind/.jenkins_slave/workspace/rubby-slam-debug-3566/parker_vislam_source/submodules/DepthModuleForRubby'...
warning: redirecting to http://192.168.50.191:85/qiuliru/DepthModuleForRubby.git/
Cloning into '/home/indemind/.jenkins_slave/workspace/rubby-slam-debug-3566/parker_vislam_source/submodules/abby_msg'...
Submodule path 'submodules/DepthModuleForRubby': checked out '3a58862185e121fb41573b9ecc02915e4cc657b7'
Submodule path 'submodules/abby_msg': checked out 'b5f05e25c59c5db9953a5d45c362566b061e77e2'
+ git submodule update --remote
warning: redirecting to http://192.168.50.191:85/qiuliru/DepthModuleForRubby.git/
+ sed -i 's/make -j[0-9].*/make -j4/g' firstbuild.sh
+ '[' xa2996d2 == x ']'
+ source /opt/ros/melodic/setup.bash
+ bash -ex firstbuild.sh
+ echo 'Uncompress vocabulary ...'
Uncompress vocabulary ...
+ ls /root/
system
Configuring and building ORB_SLAM3 ...
+ echo 'Configuring and building ORB_SLAM3 ...'
+ sudo cp -r /usr/local/slam/Thirdparty .
Unknown host QEMU_IFLA type: 47
Unknown host QEMU_IFLA type: 48
Unknown host QEMU_IFLA type: 43
Unknown host QEMU_IFLA type: 47
Unknown host QEMU_IFLA type: 48
Unknown host QEMU_IFLA type: 43
+ sudo chmod 777 Thirdparty -R
Unknown host QEMU_IFLA type: 47
Unknown host QEMU_IFLA type: 48
Unknown host QEMU_IFLA type: 43
Unknown host QEMU_IFLA type: 47
Unknown host QEMU_IFLA type: 48
Unknown host QEMU_IFLA type: 43
+ rm Thirdparty/DBoW2 -rf
+ rm Thirdparty/DLib -rf
+ rm Thirdparty/superpoint -rf
+ rm -rf DBoW2/lib
+ rm -rf DLib/lib
+ cd DBoW2
+ mkdir build
+ cd build
+ cmake .. -DCMAKE_BUILD_TYPE=Release
-- The C compiler identification is GNU 7.5.0
-- The CXX compiler identification is GNU 7.5.0
-- Check for working C compiler: /usr/bin/cc
-- Check for working C compiler: /usr/bin/cc -- works
-- Detecting C compiler ABI info
-- Detecting C compiler ABI info - done
-- Detecting C compile features
-- Detecting C compile features - done
-- Check for working CXX compiler: /usr/bin/c++
-- Check for working CXX compiler: /usr/bin/c++ -- works
-- Detecting CXX compiler ABI info
-- Detecting CXX compiler ABI info - done
-- Detecting CXX compile features
-- Detecting CXX compile features - done
-- Performing Test COMPILER_SUPPORTS_CXX11
-- Performing Test COMPILER_SUPPORTS_CXX11 - Success
-- Performing Test COMPILER_SUPPORTS_CXX0X
-- Performing Test COMPILER_SUPPORTS_CXX0X - Success
-- Using flag -std=c++11.
-- Use the imported target: /usr/local/include/eigen3
-- Configuring done
-- Generating done
-- Build files have been written to: /home/indemind/.jenkins_slave/workspace/rubby-slam-debug-3566/parker_vislam_source/DBoW2/build
+ make -j4
Scanning dependencies of target DBoW2
[ 11%] Building CXX object CMakeFiles/DBoW2.dir/DBoW2/FORB.cpp.o
[ 22%] Building CXX object CMakeFiles/DBoW2.dir/DBoW2/BowVector.cpp.o
[ 33%] Building CXX object CMakeFiles/DBoW2.dir/DBoW2/FeatureVector.cpp.o
[ 44%] Building CXX object CMakeFiles/DBoW2.dir/DBoW2/ScoringObject.cpp.o
[ 55%] Building CXX object CMakeFiles/DBoW2.dir/DBoW2/FSuperPoint256.cpp.o
[ 66%] Building CXX object CMakeFiles/DBoW2.dir/DBoW2/FSuperPoint.cpp.o
[ 77%] Building CXX object CMakeFiles/DBoW2.dir/DUtils/Random.cpp.o
[ 88%] Building CXX object CMakeFiles/DBoW2.dir/DUtils/Timestamp.cpp.o
[100%] Linking CXX shared library ../lib/libDBoW2.so
[100%] Built target DBoW2
+ cd ../../DLib
+ mkdir build
+ cd build
+ cmake .. -DCMAKE_BUILD_TYPE=Release
-- The C compiler identification is GNU 7.5.0
-- The CXX compiler identification is GNU 7.5.0
-- Check for working C compiler: /usr/bin/cc
-- Check for working C compiler: /usr/bin/cc -- works
-- Detecting C compiler ABI info
-- Detecting C compiler ABI info - done
-- Detecting C compile features
-- Detecting C compile features - done
-- Check for working CXX compiler: /usr/bin/c++
-- Check for working CXX compiler: /usr/bin/c++ -- works
-- Detecting CXX compiler ABI info
-- Detecting CXX compiler ABI info - done
-- Detecting CXX compile features
-- Detecting CXX compile features - done
-- Performing Test COMPILER_SUPPORTS_CXX11
-- Performing Test COMPILER_SUPPORTS_CXX11 - Success
-- Performing Test COMPILER_SUPPORTS_CXX0X
-- Performing Test COMPILER_SUPPORTS_CXX0X - Success
-- Using flag -std=c++11.
-- Found OpenCV: /usr/local (found suitable version "3.4.3", minimum required is "3.4") 
-- Configuring done
-- Generating done
-- Build files have been written to: /home/indemind/.jenkins_slave/workspace/rubby-slam-debug-3566/parker_vislam_source/DLib/build
+ make -j4
Scanning dependencies of target DLib
[ 13%] Building CXX object CMakeFiles/DLib.dir/src/DVision/FSolver.cpp.o
[ 13%] Building CXX object CMakeFiles/DLib.dir/src/DVision/PLYFile.cpp.o
[ 13%] Building CXX object CMakeFiles/DLib.dir/src/DVision/BRIEF.cpp.o
[ 13%] Building CXX object CMakeFiles/DLib.dir/src/DVision/ImageFunctions.cpp.o
[ 17%] Building CXX object CMakeFiles/DLib.dir/src/DVision/PatchFile.cpp.o
[ 20%] Building CXX object CMakeFiles/DLib.dir/src/DVision/BundleCamera.cpp.o
[ 24%] Building CXX object CMakeFiles/DLib.dir/src/DVision/HSolver.cpp.o
[ 27%] Building CXX object CMakeFiles/DLib.dir/src/DVision/Matches.cpp.o
[ 31%] Building CXX object CMakeFiles/DLib.dir/src/DVision/PMVSCamera.cpp.o
[ 34%] Building CXX object CMakeFiles/DLib.dir/src/DVision/PixelPointFile.cpp.o
[ 37%] Building CXX object CMakeFiles/DLib.dir/src/DUtilsCV/Drawing.cpp.o
[ 41%] Building CXX object CMakeFiles/DLib.dir/src/DUtilsCV/Geometry.cpp.o
[ 44%] Building CXX object CMakeFiles/DLib.dir/src/DUtilsCV/Mat.cpp.o
[ 48%] Building CXX object CMakeFiles/DLib.dir/src/DUtilsCV/Types.cpp.o
[ 51%] Building CXX object CMakeFiles/DLib.dir/src/DUtilsCV/GUI.cpp.o
[ 55%] Building CXX object CMakeFiles/DLib.dir/src/DUtilsCV/IO.cpp.o
/home/indemind/.jenkins_slave/workspace/rubby-slam-debug-3566/parker_vislam_source/DLib/src/DUtilsCV/GUI.cpp: In static member function 'static int DUtilsCV::GUI::showImage(const cv::Mat&, bool, DUtilsCV::GUI::tWinHandler*, int)':
/home/indemind/.jenkins_slave/workspace/rubby-slam-debug-3566/parker_vislam_source/DLib/src/DUtilsCV/GUI.cpp:56:10: warning: comparison is always false due to limited range of data type [-Wtype-limits]
   if(key == -1) key = NO_KEY;
      ~~~~^~~~~
[ 58%] Building CXX object CMakeFiles/DLib.dir/src/DUtilsCV/Transformations.cpp.o
[ 62%] Building CXX object CMakeFiles/DLib.dir/src/DUtils/BinaryFile.cpp.o
[ 65%] Building CXX object CMakeFiles/DLib.dir/src/DUtils/DebugFunctions.cpp.o
[ 68%] Building CXX object CMakeFiles/DLib.dir/src/DUtils/LUT.cpp.o
[ 72%] Building CXX object CMakeFiles/DLib.dir/src/DUtils/Profiler.cpp.o
[ 75%] Building CXX object CMakeFiles/DLib.dir/src/DUtils/StringFunctions.cpp.o
[ 79%] Building CXX object CMakeFiles/DLib.dir/src/DUtils/Timestamp.cpp.o
[ 82%] Building CXX object CMakeFiles/DLib.dir/src/DUtils/ConfigFile.cpp.o
[ 86%] Building CXX object CMakeFiles/DLib.dir/src/DUtils/FileFunctions.cpp.o
[ 89%] Building CXX object CMakeFiles/DLib.dir/src/DUtils/LineFile.cpp.o
[ 93%] Building CXX object CMakeFiles/DLib.dir/src/DUtils/Random.cpp.o
[ 96%] Building CXX object CMakeFiles/DLib.dir/src/DUtils/TimeManager.cpp.o
[100%] Linking CXX shared library ../lib/libDLib.so
[100%] Built target DLib
+ cd ../../superpoint
+ mkdir build
+ cd build
+ cmake .. -DCMAKE_BUILD_TYPE=Release
-- The C compiler identification is GNU 7.5.0
-- The CXX compiler identification is GNU 7.5.0
-- Check for working C compiler: /usr/bin/cc
-- Check for working C compiler: /usr/bin/cc -- works
-- Detecting C compiler ABI info
-- Detecting C compiler ABI info - done
-- Detecting C compile features
-- Detecting C compile features - done
-- Check for working CXX compiler: /usr/bin/c++
-- Check for working CXX compiler: /usr/bin/c++ -- works
-- Detecting CXX compiler ABI info
-- Detecting CXX compiler ABI info - done
-- Detecting CXX compile features
-- Detecting CXX compile features - done
Build type: Release
-- Found OpenCV: /usr/local (found suitable version "3.4.3", minimum required is "3.4") 
OPENCV VERSION:
3.4.3
-- Found Eigen3: /usr/local/include/eigen3 (Required is at least version "3.1.0") 
-- Found Glog: /usr/include  
-- Configuring done
-- Generating done
-- Build files have been written to: /home/indemind/.jenkins_slave/workspace/rubby-slam-debug-3566/parker_vislam_source/superpoint/build
+ make -j4
Scanning dependencies of target superpoint
[ 33%] Building CXX object CMakeFiles/superpoint.dir/src/SuperPointExtractor.cc.o
[ 66%] Building CXX object CMakeFiles/superpoint.dir/src/sppt_tools.cc.o
/home/indemind/.jenkins_slave/workspace/rubby-slam-debug-3566/parker_vislam_source/superpoint/src/SuperPointExtractor.cc: In member function 'void ORB_SLAM3::SuperPointExtractorNode::LoadPointsAndDescriptors(const std::vector<float>&, const std::vector<float>&)':
/home/indemind/.jenkins_slave/workspace/rubby-slam-debug-3566/parker_vislam_source/superpoint/src/SuperPointExtractor.cc:37:25: warning: comparison between signed and unsigned integer expressions [-Wsign-compare]
       for (int i = 0; i < imgPts.size(); i +=3)
                       ~~^~~~~~~~~~~~~~~
/home/indemind/.jenkins_slave/workspace/rubby-slam-debug-3566/parker_vislam_source/superpoint/src/sppt_tools.cc: In function 'void ORB_SLAM3::DrawPoint(const cv::Mat&, const std::vector<cv::KeyPoint>&, cv::Mat&)':
/home/indemind/.jenkins_slave/workspace/rubby-slam-debug-3566/parker_vislam_source/superpoint/src/sppt_tools.cc:10:25: warning: comparison between signed and unsigned integer expressions [-Wsign-compare]
       for (int i = 0; i < pts.size(); i++)
                       ~~^~~~~~~~~~~~
/home/indemind/.jenkins_slave/workspace/rubby-slam-debug-3566/parker_vislam_source/superpoint/src/sppt_tools.cc: In function 'void ORB_SLAM3::DrawMatch(const cv::Mat&, const std::vector<cv::KeyPoint>&, const cv::Mat&, const std::vector<cv::KeyPoint>&, const std::vector<cv::DMatch>&, cv::Mat&)':
/home/indemind/.jenkins_slave/workspace/rubby-slam-debug-3566/parker_vislam_source/superpoint/src/sppt_tools.cc:30:24: warning: comparison between signed and unsigned integer expressions [-Wsign-compare]
       for(int i = 0; i < matches.size(); i++)
                      ~~^~~~~~~~~~~~~~~~
/home/indemind/.jenkins_slave/workspace/rubby-slam-debug-3566/parker_vislam_source/superpoint/src/sppt_tools.cc: In function 'void ORB_SLAM3::convertSupperPointInfo2CV(const swr::dl::DoubleImagesFeatureInfo&, std::vector<cv::KeyPoint>&, cv::Mat&, std::vector<cv::KeyPoint>&, cv::Mat&)':
/home/indemind/.jenkins_slave/workspace/rubby-slam-debug-3566/parker_vislam_source/superpoint/src/sppt_tools.cc:45:26: warning: unused variable 'imageTypeTimeLeft' [-Wunused-variable]
     const ImageTypeTime& imageTypeTimeLeft = sppt_data.left.imageTypeTime;
                          ^~~~~~~~~~~~~~~~~
/home/indemind/.jenkins_slave/workspace/rubby-slam-debug-3566/parker_vislam_source/superpoint/src/sppt_tools.cc:46:26: warning: unused variable 'imageTypeTimeRight' [-Wunused-variable]
     const ImageTypeTime& imageTypeTimeRight = sppt_data.right.imageTypeTime;
                          ^~~~~~~~~~~~~~~~~~
/home/indemind/.jenkins_slave/workspace/rubby-slam-debug-3566/parker_vislam_source/superpoint/src/sppt_tools.cc: In function 'void ORB_SLAM3::convertSupperPointInfo2CV(const perception_msgs::DoubleImagesFeatureInfo&, std::vector<cv::KeyPoint>&, cv::Mat&, std::vector<cv::KeyPoint>&, cv::Mat&)':
/home/indemind/.jenkins_slave/workspace/rubby-slam-debug-3566/parker_vislam_source/superpoint/src/sppt_tools.cc:105:43: warning: unused variable 'imageTypeTimeLeft' [-Wunused-variable]
     const perception_msgs::ImageTypeTime& imageTypeTimeLeft = sppt_data.left.imageTypeTime;
                                           ^~~~~~~~~~~~~~~~~
/home/indemind/.jenkins_slave/workspace/rubby-slam-debug-3566/parker_vislam_source/superpoint/src/sppt_tools.cc:106:43: warning: unused variable 'imageTypeTimeRight' [-Wunused-variable]
     const perception_msgs::ImageTypeTime& imageTypeTimeRight = sppt_data.right.imageTypeTime;
                                           ^~~~~~~~~~~~~~~~~~
[100%] Linking CXX shared library ../lib/libsuperpoint.so
[100%] Built target superpoint
+ cd ../../
+ cd abseil-cpp
+ mkdir build
+ mkdir abseil_install
+ cd build
+ cmake ..
-- The CXX compiler identification is GNU 7.5.0
-- Check for working CXX compiler: /usr/bin/c++
-- Check for working CXX compiler: /usr/bin/c++ -- works
-- Detecting CXX compiler ABI info
-- Detecting CXX compiler ABI info - done
-- Detecting CXX compile features
-- Detecting CXX compile features - done
CMake Warning at CMakeLists.txt:74 (message):
  A future Abseil release will default ABSL_PROPAGATE_CXX_STD to ON for CMake
  3.8 and up.  We recommend enabling this option to ensure your project still
  builds correctly.


-- Looking for C++ include pthread.h
-- Looking for C++ include pthread.h - found
-- Looking for pthread_create
-- Looking for pthread_create - not found
-- Looking for pthread_create in pthreads
-- Looking for pthread_create in pthreads - not found
-- Looking for pthread_create in pthread
-- Looking for pthread_create in pthread - found
-- Found Threads: TRUE  
-- Configuring done
-- Generating done
-- Build files have been written to: /home/indemind/.jenkins_slave/workspace/rubby-slam-debug-3566/parker_vislam_source/abseil-cpp/build
+ make -j4
Scanning dependencies of target strerror
Scanning dependencies of target civil_time
Scanning dependencies of target spinlock_wait
Scanning dependencies of target log_severity
[  0%] Building CXX object absl/base/CMakeFiles/spinlock_wait.dir/internal/spinlock_wait.cc.o
[  1%] Building CXX object absl/base/CMakeFiles/strerror.dir/internal/strerror.cc.o
[  2%] Building CXX object absl/time/CMakeFiles/civil_time.dir/internal/cctz/src/civil_time_detail.cc.o
[  3%] Building CXX object absl/base/CMakeFiles/log_severity.dir/log_severity.cc.o
[  4%] Linking CXX static library libabsl_spinlock_wait.a
[  4%] Built target spinlock_wait
Scanning dependencies of target int128
[  5%] Linking CXX static library libabsl_strerror.a
[  5%] Building CXX object absl/numeric/CMakeFiles/int128.dir/int128.cc.o
[  5%] Linking CXX static library libabsl_log_severity.a
[  5%] Built target strerror
Scanning dependencies of target exponential_biased
[  5%] Building CXX object absl/profiling/CMakeFiles/exponential_biased.dir/internal/exponential_biased.cc.o
[  5%] Built target log_severity
Scanning dependencies of target time_zone
[  6%] Building CXX object absl/time/CMakeFiles/time_zone.dir/internal/cctz/src/time_zone_fixed.cc.o
[  6%] Linking CXX static library libabsl_civil_time.a
[  6%] Built target civil_time
Scanning dependencies of target leak_check_disable
[  7%] Building CXX object absl/debugging/CMakeFiles/leak_check_disable.dir/leak_check_disable.cc.o
[  7%] Linking CXX static library libabsl_leak_check_disable.a
[  8%] Linking CXX static library libabsl_exponential_biased.a
[  8%] Built target leak_check_disable
[  8%] Built target exponential_biased
[  8%] Building CXX object absl/time/CMakeFiles/time_zone.dir/internal/cctz/src/time_zone_format.cc.o
[  9%] Building CXX object absl/time/CMakeFiles/time_zone.dir/internal/cctz/src/time_zone_if.cc.o
[ 10%] Linking CXX static library libabsl_int128.a
Scanning dependencies of target leak_check
[ 10%] Built target int128
[ 10%] Building CXX object absl/time/CMakeFiles/time_zone.dir/internal/cctz/src/time_zone_impl.cc.o
[ 10%] Building CXX object absl/debugging/CMakeFiles/leak_check.dir/leak_check.cc.o
[ 11%] Linking CXX static library libabsl_leak_check.a
[ 11%] Built target leak_check
[ 12%] Building CXX object absl/time/CMakeFiles/time_zone.dir/internal/cctz/src/time_zone_info.cc.o
Scanning dependencies of target flags_commandlineflag_internal
[ 13%] Building CXX object absl/flags/CMakeFiles/flags_commandlineflag_internal.dir/internal/commandlineflag.cc.o
Scanning dependencies of target periodic_sampler
[ 14%] Building CXX object absl/profiling/CMakeFiles/periodic_sampler.dir/internal/periodic_sampler.cc.o
[ 14%] Linking CXX static library libabsl_flags_commandlineflag_internal.a
[ 14%] Built target flags_commandlineflag_internal
[ 14%] Building CXX object absl/time/CMakeFiles/time_zone.dir/internal/cctz/src/time_zone_libc.cc.o
[ 14%] Linking CXX static library libabsl_periodic_sampler.a
[ 14%] Built target periodic_sampler
[ 15%] Building CXX object absl/time/CMakeFiles/time_zone.dir/internal/cctz/src/time_zone_lookup.cc.o
Scanning dependencies of target random_internal_platform
[ 15%] Building CXX object absl/random/CMakeFiles/random_internal_platform.dir/internal/randen_round_keys.cc.o
[ 16%] Linking CXX static library libabsl_random_internal_platform.a
[ 16%] Built target random_internal_platform
[ 16%] Building CXX object absl/time/CMakeFiles/time_zone.dir/internal/cctz/src/time_zone_posix.cc.o
Scanning dependencies of target random_seed_gen_exception
[ 17%] Building CXX object absl/random/CMakeFiles/random_seed_gen_exception.dir/seed_gen_exception.cc.o
[ 18%] Building CXX object absl/time/CMakeFiles/time_zone.dir/internal/cctz/src/zone_info_source.cc.o
[ 18%] Linking CXX static library libabsl_random_seed_gen_exception.a
[ 18%] Built target random_seed_gen_exception
[ 19%] Linking CXX static library libabsl_time_zone.a
Scanning dependencies of target raw_logging_internal
Scanning dependencies of target random_internal_randen_hwaes_impl
Scanning dependencies of target random_internal_randen_slow
[ 20%] Building CXX object absl/random/CMakeFiles/random_internal_randen_slow.dir/internal/randen_slow.cc.o
[ 20%] Building CXX object absl/base/CMakeFiles/raw_logging_internal.dir/internal/raw_logging.cc.o
[ 21%] Building CXX object absl/random/CMakeFiles/random_internal_randen_hwaes_impl.dir/internal/randen_hwaes.cc.o
[ 21%] Built target time_zone
[ 21%] Linking CXX static library libabsl_random_internal_randen_slow.a
[ 21%] Linking CXX static library libabsl_random_internal_randen_hwaes_impl.a
[ 22%] Linking CXX static library libabsl_raw_logging_internal.a
[ 22%] Built target random_internal_randen_slow
[ 22%] Built target random_internal_randen_hwaes_impl
[ 22%] Built target raw_logging_internal
Scanning dependencies of target random_internal_randen_hwaes
Scanning dependencies of target throw_delegate
Scanning dependencies of target scoped_set_env
Scanning dependencies of target base
[ 22%] Building CXX object absl/random/CMakeFiles/random_internal_randen_hwaes.dir/internal/randen_detect.cc.o
[ 22%] Building CXX object absl/base/CMakeFiles/throw_delegate.dir/internal/throw_delegate.cc.o
[ 22%] Building CXX object absl/base/CMakeFiles/scoped_set_env.dir/internal/scoped_set_env.cc.o
[ 22%] Building CXX object absl/base/CMakeFiles/base.dir/internal/cycleclock.cc.o
[ 23%] Linking CXX static library libabsl_random_internal_randen_hwaes.a
[ 23%] Built target random_internal_randen_hwaes
[ 24%] Building CXX object absl/base/CMakeFiles/base.dir/internal/spinlock.cc.o
Scanning dependencies of target bad_optional_access
[ 24%] Building CXX object absl/types/CMakeFiles/bad_optional_access.dir/bad_optional_access.cc.o
[ 25%] Linking CXX static library libabsl_throw_delegate.a
[ 26%] Linking CXX static library libabsl_scoped_set_env.a
[ 26%] Built target throw_delegate
[ 26%] Building CXX object absl/base/CMakeFiles/base.dir/internal/sysinfo.cc.o
[ 26%] Built target scoped_set_env
[ 27%] Building CXX object absl/base/CMakeFiles/base.dir/internal/thread_identity.cc.o
[ 28%] Linking CXX static library libabsl_bad_optional_access.a
Scanning dependencies of target debugging_internal
[ 29%] Built target bad_optional_access
[ 29%] Building CXX object absl/debugging/CMakeFiles/debugging_internal.dir/internal/address_is_readable.cc.o
[ 29%] Building CXX object absl/base/CMakeFiles/base.dir/internal/unscaledcycleclock.cc.o
Scanning dependencies of target bad_variant_access
[ 29%] Building CXX object absl/types/CMakeFiles/bad_variant_access.dir/bad_variant_access.cc.o
Scanning dependencies of target cordz_functions
[ 30%] Building CXX object absl/strings/CMakeFiles/cordz_functions.dir/internal/cordz_functions.cc.o
[ 31%] Linking CXX static library libabsl_base.a
[ 31%] Built target base
[ 32%] Building CXX object absl/debugging/CMakeFiles/debugging_internal.dir/internal/elf_mem_image.cc.o
Scanning dependencies of target random_internal_randen
[ 32%] Building CXX object absl/random/CMakeFiles/random_internal_randen.dir/internal/randen.cc.o
[ 33%] Linking CXX static library libabsl_bad_variant_access.a
[ 33%] Built target bad_variant_access
[ 33%] Building CXX object absl/debugging/CMakeFiles/debugging_internal.dir/internal/vdso_support.cc.o
[ 33%] Linking CXX static library libabsl_cordz_functions.a
[ 33%] Built target cordz_functions
Scanning dependencies of target bad_any_cast_impl
[ 33%] Building CXX object absl/types/CMakeFiles/bad_any_cast_impl.dir/bad_any_cast.cc.o
[ 34%] Linking CXX static library libabsl_random_internal_randen.a
[ 34%] Built target random_internal_randen
[ 35%] Linking CXX static library libabsl_debugging_internal.a
Scanning dependencies of target strings_internal
Scanning dependencies of target malloc_internal
[ 36%] Building CXX object absl/strings/CMakeFiles/strings_internal.dir/internal/ostringstream.cc.o
[ 37%] Building CXX object absl/base/CMakeFiles/malloc_internal.dir/internal/low_level_alloc.cc.o
[ 37%] Built target debugging_internal
[ 37%] Building CXX object absl/strings/CMakeFiles/strings_internal.dir/internal/utf8.cc.o
Scanning dependencies of target demangle_internal
[ 37%] Building CXX object absl/debugging/CMakeFiles/demangle_internal.dir/internal/demangle.cc.o
[ 38%] Linking CXX static library libabsl_bad_any_cast_impl.a
[ 39%] Building CXX object absl/strings/CMakeFiles/strings_internal.dir/internal/escaping.cc.o
[ 39%] Built target bad_any_cast_impl
Scanning dependencies of target stacktrace
[ 39%] Building CXX object absl/debugging/CMakeFiles/stacktrace.dir/stacktrace.cc.o
[ 40%] Linking CXX static library libabsl_demangle_internal.a
[ 40%] Built target demangle_internal
[ 40%] Linking CXX static library libabsl_malloc_internal.a
Scanning dependencies of target city
[ 41%] Building CXX object absl/hash/CMakeFiles/city.dir/internal/city.cc.o
[ 41%] Built target malloc_internal
Scanning dependencies of target low_level_hash
[ 42%] Building CXX object absl/hash/CMakeFiles/low_level_hash.dir/internal/low_level_hash.cc.o
[ 43%] Linking CXX static library libabsl_stacktrace.a
[ 43%] Linking CXX static library libabsl_strings_internal.a
[ 43%] Built target stacktrace
[ 43%] Built target strings_internal
Scanning dependencies of target graphcycles_internal
[ 43%] Linking CXX static library libabsl_low_level_hash.a
[ 44%] Building CXX object absl/synchronization/CMakeFiles/graphcycles_internal.dir/internal/graphcycles.cc.o
Scanning dependencies of target strings
[ 44%] Building CXX object absl/strings/CMakeFiles/strings.dir/ascii.cc.o
[ 44%] Built target low_level_hash
[ 45%] Building CXX object absl/strings/CMakeFiles/strings.dir/charconv.cc.o
[ 45%] Linking CXX static library libabsl_city.a
[ 45%] Built target city
[ 45%] Building CXX object absl/strings/CMakeFiles/strings.dir/escaping.cc.o
[ 45%] Linking CXX static library libabsl_graphcycles_internal.a
[ 46%] Building CXX object absl/strings/CMakeFiles/strings.dir/internal/charconv_bigint.cc.o
[ 46%] Built target graphcycles_internal
[ 46%] Building CXX object absl/strings/CMakeFiles/strings.dir/internal/charconv_parse.cc.o
[ 47%] Building CXX object absl/strings/CMakeFiles/strings.dir/internal/memutil.cc.o
[ 47%] Building CXX object absl/strings/CMakeFiles/strings.dir/match.cc.o
[ 48%] Building CXX object absl/strings/CMakeFiles/strings.dir/numbers.cc.o
[ 48%] Building CXX object absl/strings/CMakeFiles/strings.dir/str_cat.cc.o
[ 49%] Building CXX object absl/strings/CMakeFiles/strings.dir/str_replace.cc.o
[ 49%] Building CXX object absl/strings/CMakeFiles/strings.dir/str_split.cc.o
[ 50%] Building CXX object absl/strings/CMakeFiles/strings.dir/string_view.cc.o
[ 51%] Building CXX object absl/strings/CMakeFiles/strings.dir/substitute.cc.o
[ 51%] Linking CXX static library libabsl_strings.a
[ 51%] Built target strings
Scanning dependencies of target symbolize
Scanning dependencies of target time
Scanning dependencies of target flags_commandlineflag
Scanning dependencies of target str_format_internal
[ 52%] Building CXX object absl/debugging/CMakeFiles/symbolize.dir/symbolize.cc.o
[ 52%] Building CXX object absl/time/CMakeFiles/time.dir/civil_time.cc.o
[ 53%] Building CXX object absl/flags/CMakeFiles/flags_commandlineflag.dir/commandlineflag.cc.o
[ 53%] Building CXX object absl/strings/CMakeFiles/str_format_internal.dir/internal/str_format/arg.cc.o
[ 53%] Linking CXX static library libabsl_flags_commandlineflag.a
[ 53%] Built target flags_commandlineflag
[ 54%] Building CXX object absl/strings/CMakeFiles/str_format_internal.dir/internal/str_format/bind.cc.o
[ 54%] Linking CXX static library libabsl_symbolize.a
[ 54%] Built target symbolize
[ 54%] Building CXX object absl/strings/CMakeFiles/str_format_internal.dir/internal/str_format/extension.cc.o
[ 55%] Building CXX object absl/time/CMakeFiles/time.dir/clock.cc.o
Scanning dependencies of target hash
[ 56%] Building CXX object absl/hash/CMakeFiles/hash.dir/internal/hash.cc.o
Scanning dependencies of target cord_internal
[ 57%] Building CXX object absl/strings/CMakeFiles/cord_internal.dir/internal/cord_internal.cc.o
[ 58%] Building CXX object absl/strings/CMakeFiles/str_format_internal.dir/internal/str_format/float_conversion.cc.o
[ 58%] Building CXX object absl/time/CMakeFiles/time.dir/duration.cc.o
[ 58%] Linking CXX static library libabsl_hash.a
[ 58%] Built target hash
[ 58%] Building CXX object absl/strings/CMakeFiles/str_format_internal.dir/internal/str_format/output.cc.o
[ 58%] Building CXX object absl/strings/CMakeFiles/cord_internal.dir/internal/cord_rep_btree.cc.o
[ 59%] Building CXX object absl/strings/CMakeFiles/cord_internal.dir/internal/cord_rep_btree_navigator.cc.o
[ 60%] Building CXX object absl/strings/CMakeFiles/str_format_internal.dir/internal/str_format/parser.cc.o
[ 61%] Building CXX object absl/time/CMakeFiles/time.dir/format.cc.o
Scanning dependencies of target random_internal_seed_material
[ 62%] Building CXX object absl/random/CMakeFiles/random_internal_seed_material.dir/internal/seed_material.cc.o
[ 63%] Building CXX object absl/time/CMakeFiles/time.dir/time.cc.o
[ 63%] Linking CXX static library libabsl_str_format_internal.a
[ 63%] Building CXX object absl/strings/CMakeFiles/cord_internal.dir/internal/cord_rep_btree_reader.cc.o
[ 63%] Built target str_format_internal
[ 64%] Building CXX object absl/strings/CMakeFiles/cord_internal.dir/internal/cord_rep_consume.cc.o
[ 64%] Linking CXX static library libabsl_random_internal_seed_material.a
[ 64%] Built target random_internal_seed_material
[ 65%] Building CXX object absl/strings/CMakeFiles/cord_internal.dir/internal/cord_rep_ring.cc.o
[ 65%] Linking CXX static library libabsl_time.a
[ 65%] Built target time
Scanning dependencies of target random_distributions
[ 66%] Building CXX object absl/random/CMakeFiles/random_distributions.dir/discrete_distribution.cc.o
[ 67%] Building CXX object absl/random/CMakeFiles/random_distributions.dir/gaussian_distribution.cc.o
[ 67%] Linking CXX static library libabsl_random_distributions.a
[ 67%] Built target random_distributions
Scanning dependencies of target examine_stack
Scanning dependencies of target flags_marshalling
Scanning dependencies of target synchronization
[ 67%] Building CXX object absl/debugging/CMakeFiles/examine_stack.dir/internal/examine_stack.cc.o
[ 68%] Building CXX object absl/synchronization/CMakeFiles/synchronization.dir/barrier.cc.o
[ 69%] Building CXX object absl/flags/CMakeFiles/flags_marshalling.dir/marshalling.cc.o
[ 69%] Linking CXX static library libabsl_cord_internal.a
[ 69%] Built target cord_internal
[ 69%] Building CXX object absl/synchronization/CMakeFiles/synchronization.dir/blocking_counter.cc.o
[ 70%] Linking CXX static library libabsl_examine_stack.a
[ 70%] Built target examine_stack
[ 71%] Building CXX object absl/synchronization/CMakeFiles/synchronization.dir/internal/create_thread_identity.cc.o
Scanning dependencies of target flags_private_handle_accessor
[ 71%] Building CXX object absl/flags/CMakeFiles/flags_private_handle_accessor.dir/internal/private_handle_accessor.cc.o
Scanning dependencies of target random_internal_distribution_test_util
[ 72%] Building CXX object absl/random/CMakeFiles/random_internal_distribution_test_util.dir/internal/chi_square.cc.o
[ 73%] Linking CXX static library libabsl_flags_private_handle_accessor.a
[ 74%] Building CXX object absl/synchronization/CMakeFiles/synchronization.dir/internal/per_thread_sem.cc.o
[ 74%] Built target flags_private_handle_accessor
[ 74%] Building CXX object absl/synchronization/CMakeFiles/synchronization.dir/internal/waiter.cc.o
[ 74%] Linking CXX static library libabsl_flags_marshalling.a
[ 74%] Built target flags_marshalling
[ 74%] Building CXX object absl/random/CMakeFiles/random_internal_distribution_test_util.dir/internal/distribution_test_util.cc.o
[ 75%] Building CXX object absl/synchronization/CMakeFiles/synchronization.dir/notification.cc.o
Scanning dependencies of target random_internal_pool_urbg
[ 75%] Building CXX object absl/random/CMakeFiles/random_internal_pool_urbg.dir/internal/pool_urbg.cc.o
[ 75%] Building CXX object absl/synchronization/CMakeFiles/synchronization.dir/mutex.cc.o
[ 76%] Linking CXX static library libabsl_random_internal_distribution_test_util.a
[ 76%] Built target random_internal_distribution_test_util
Scanning dependencies of target failure_signal_handler
[ 76%] Building CXX object absl/debugging/CMakeFiles/failure_signal_handler.dir/failure_signal_handler.cc.o
[ 77%] Linking CXX static library libabsl_random_internal_pool_urbg.a
[ 77%] Built target random_internal_pool_urbg
Scanning dependencies of target random_seed_sequences
[ 78%] Building CXX object absl/random/CMakeFiles/random_seed_sequences.dir/seed_sequences.cc.o
[ 79%] Linking CXX static library libabsl_synchronization.a
[ 79%] Built target synchronization
Scanning dependencies of target flags_program_name
Scanning dependencies of target hashtablez_sampler
[ 79%] Building CXX object absl/flags/CMakeFiles/flags_program_name.dir/internal/program_name.cc.o
[ 80%] Building CXX object absl/container/CMakeFiles/hashtablez_sampler.dir/internal/hashtablez_sampler.cc.o
[ 81%] Linking CXX static library libabsl_failure_signal_handler.a
[ 81%] Built target failure_signal_handler
[ 81%] Building CXX object absl/container/CMakeFiles/hashtablez_sampler.dir/internal/hashtablez_sampler_force_weak_definition.cc.o
[ 81%] Linking CXX static library libabsl_random_seed_sequences.a
[ 81%] Built target random_seed_sequences
Scanning dependencies of target cordz_handle
[ 82%] Building CXX object absl/strings/CMakeFiles/cordz_handle.dir/internal/cordz_handle.cc.o
[ 83%] Linking CXX static library libabsl_flags_program_name.a
[ 83%] Built target flags_program_name
Scanning dependencies of target flags_config
[ 84%] Building CXX object absl/flags/CMakeFiles/flags_config.dir/usage_config.cc.o
[ 85%] Linking CXX static library libabsl_hashtablez_sampler.a
[ 85%] Built target hashtablez_sampler
Scanning dependencies of target raw_hash_set
[ 86%] Building CXX object absl/container/CMakeFiles/raw_hash_set.dir/internal/raw_hash_set.cc.o
[ 86%] Linking CXX static library libabsl_cordz_handle.a
[ 86%] Built target cordz_handle
Scanning dependencies of target cordz_info
[ 87%] Building CXX object absl/strings/CMakeFiles/cordz_info.dir/internal/cordz_info.cc.o
[ 87%] Linking CXX static library libabsl_flags_config.a
[ 87%] Built target flags_config
Scanning dependencies of target flags_internal
[ 88%] Building CXX object absl/flags/CMakeFiles/flags_internal.dir/internal/flag.cc.o
[ 89%] Linking CXX static library libabsl_raw_hash_set.a
[ 89%] Built target raw_hash_set
[ 89%] Linking CXX static library libabsl_flags_internal.a
[ 89%] Built target flags_internal
[ 89%] Linking CXX static library libabsl_cordz_info.a
[ 89%] Built target cordz_info
Scanning dependencies of target cordz_sample_token
Scanning dependencies of target cord
[ 90%] Building CXX object absl/strings/CMakeFiles/cordz_sample_token.dir/internal/cordz_sample_token.cc.o
[ 91%] Building CXX object absl/strings/CMakeFiles/cord.dir/cord.cc.o
[ 91%] Linking CXX static library libabsl_cordz_sample_token.a
[ 91%] Built target cordz_sample_token
[ 91%] Linking CXX static library libabsl_cord.a
[ 91%] Built target cord
Scanning dependencies of target status
Scanning dependencies of target flags_reflection
[ 92%] Building CXX object absl/flags/CMakeFiles/flags_reflection.dir/reflection.cc.o
[ 92%] Building CXX object absl/status/CMakeFiles/status.dir/status.cc.o
[ 92%] Building CXX object absl/status/CMakeFiles/status.dir/status_payload_printer.cc.o
[ 93%] Linking CXX static library libabsl_status.a
[ 93%] Built target status
Scanning dependencies of target statusor
[ 93%] Building CXX object absl/status/CMakeFiles/statusor.dir/statusor.cc.o
[ 94%] Linking CXX static library libabsl_flags_reflection.a
[ 94%] Built target flags_reflection
Scanning dependencies of target flags
[ 95%] Building CXX object absl/flags/CMakeFiles/flags.dir/flag.cc.o
[ 95%] Linking CXX static library libabsl_flags.a
[ 95%] Built target flags
Scanning dependencies of target flags_usage_internal
[ 95%] Building CXX object absl/flags/CMakeFiles/flags_usage_internal.dir/internal/usage.cc.o
[ 96%] Linking CXX static library libabsl_statusor.a
[ 96%] Built target statusor
[ 97%] Linking CXX static library libabsl_flags_usage_internal.a
[ 97%] Built target flags_usage_internal
Scanning dependencies of target flags_usage
[ 97%] Building CXX object absl/flags/CMakeFiles/flags_usage.dir/usage.cc.o
[ 98%] Linking CXX static library libabsl_flags_usage.a
[ 98%] Built target flags_usage
Scanning dependencies of target flags_parse
[ 99%] Building CXX object absl/flags/CMakeFiles/flags_parse.dir/parse.cc.o
[100%] Linking CXX static library libabsl_flags_parse.a
[100%] Built target flags_parse
+ make install DESTDIR=../abseil_install
[  1%] Built target log_severity
[  3%] Built target strerror
[  4%] Built target raw_logging_internal
[  5%] Built target spinlock_wait
[  8%] Built target base
[  9%] Built target malloc_internal
[ 10%] Built target throw_delegate
[ 11%] Built target scoped_set_env
[ 12%] Built target bad_optional_access
[ 13%] Built target civil_time
[ 15%] Built target strings_internal
[ 18%] Built target debugging_internal
[ 19%] Built target demangle_internal
[ 20%] Built target int128
[ 27%] Built target strings
[ 28%] Built target symbolize
[ 29%] Built target stacktrace
[ 30%] Built target exponential_biased
[ 31%] Built target graphcycles_internal
[ 37%] Built target time_zone
[ 40%] Built target time
[ 45%] Built target synchronization
[ 47%] Built target hashtablez_sampler
[ 49%] Built target raw_hash_set
[ 50%] Built target leak_check_disable
[ 51%] Built target leak_check
[ 52%] Built target examine_stack
[ 53%] Built target failure_signal_handler
[ 56%] Built target str_format_internal
[ 57%] Built target flags_marshalling
[ 58%] Built target flags_commandlineflag_internal
[ 59%] Built target flags_program_name
[ 60%] Built target flags_config
[ 61%] Built target flags_commandlineflag
[ 62%] Built target flags_private_handle_accessor
[ 63%] Built target city
[ 64%] Built target low_level_hash
[ 65%] Built target bad_variant_access
[ 66%] Built target hash
[ 70%] Built target cord_internal
[ 71%] Built target cordz_functions
[ 72%] Built target cordz_handle
[ 73%] Built target cordz_info
[ 74%] Built target cord
[ 75%] Built target flags_reflection
[ 76%] Built target flags_internal
[ 77%] Built target flags
[ 78%] Built target flags_usage_internal
[ 79%] Built target flags_usage
[ 81%] Built target flags_parse
[ 82%] Built target periodic_sampler
[ 84%] Built target random_internal_distribution_test_util
[ 85%] Built target random_internal_platform
[ 86%] Built target random_internal_randen_hwaes_impl
[ 87%] Built target random_internal_randen_hwaes
[ 88%] Built target random_internal_randen_slow
[ 89%] Built target random_seed_gen_exception
[ 90%] Built target random_internal_seed_material
[ 91%] Built target random_internal_randen
[ 92%] Built target random_internal_pool_urbg
[ 93%] Built target random_seed_sequences
[ 95%] Built target random_distributions
[ 97%] Built target status
[ 98%] Built target statusor
[ 99%] Built target cordz_sample_token
[100%] Built target bad_any_cast_impl
Install the project...
-- Install configuration: ""
-- Installing: ../abseil_install/usr/local/lib/cmake/absl/abslTargets.cmake
-- Installing: ../abseil_install/usr/local/lib/cmake/absl/abslTargets-noconfig.cmake
-- Installing: ../abseil_install/usr/local/lib/cmake/absl/abslConfig.cmake
-- Installing: ../abseil_install/usr/local/lib/cmake/absl/abslConfigVersion.cmake
-- Installing: ../abseil_install/usr/local/include/absl
-- Installing: ../abseil_install/usr/local/include/absl/hash
-- Installing: ../abseil_install/usr/local/include/absl/hash/hash.h
-- Installing: ../abseil_install/usr/local/include/absl/hash/internal
-- Installing: ../abseil_install/usr/local/include/absl/hash/internal/low_level_hash.h
-- Installing: ../abseil_install/usr/local/include/absl/hash/internal/hash.h
-- Installing: ../abseil_install/usr/local/include/absl/hash/internal/city.h
-- Installing: ../abseil_install/usr/local/include/absl/hash/internal/spy_hash_state.h
-- Installing: ../abseil_install/usr/local/include/absl/hash/hash_testing.h
-- Installing: ../abseil_install/usr/local/include/absl/meta
-- Installing: ../abseil_install/usr/local/include/absl/meta/type_traits.h
-- Installing: ../abseil_install/usr/local/include/absl/container
-- Installing: ../abseil_install/usr/local/include/absl/container/btree_set.h
-- Installing: ../abseil_install/usr/local/include/absl/container/node_hash_set.h
-- Installing: ../abseil_install/usr/local/include/absl/container/inlined_vector.h
-- Installing: ../abseil_install/usr/local/include/absl/container/fixed_array.h
-- Installing: ../abseil_install/usr/local/include/absl/container/internal
-- Installing: ../abseil_install/usr/local/include/absl/container/internal/unordered_set_modifiers_test.h
-- Installing: ../abseil_install/usr/local/include/absl/container/internal/raw_hash_map.h
-- Installing: ../abseil_install/usr/local/include/absl/container/internal/common.h
-- Installing: ../abseil_install/usr/local/include/absl/container/internal/node_hash_policy.h
-- Installing: ../abseil_install/usr/local/include/absl/container/internal/unordered_set_constructor_test.h
-- Installing: ../abseil_install/usr/local/include/absl/container/internal/inlined_vector.h
-- Installing: ../abseil_install/usr/local/include/absl/container/internal/hash_generator_testing.h
-- Installing: ../abseil_install/usr/local/include/absl/container/internal/hash_policy_testing.h
-- Installing: ../abseil_install/usr/local/include/absl/container/internal/hash_function_defaults.h
-- Installing: ../abseil_install/usr/local/include/absl/container/internal/tracked.h
-- Installing: ../abseil_install/usr/local/include/absl/container/internal/test_instance_tracker.h
-- Installing: ../abseil_install/usr/local/include/absl/container/internal/unordered_set_lookup_test.h
-- Installing: ../abseil_install/usr/local/include/absl/container/internal/unordered_map_members_test.h
-- Installing: ../abseil_install/usr/local/include/absl/container/internal/unordered_set_members_test.h
-- Installing: ../abseil_install/usr/local/include/absl/container/internal/hashtable_debug.h
-- Installing: ../abseil_install/usr/local/include/absl/container/internal/unordered_map_constructor_test.h
-- Installing: ../abseil_install/usr/local/include/absl/container/internal/unordered_map_lookup_test.h
-- Installing: ../abseil_install/usr/local/include/absl/container/internal/btree_container.h
-- Installing: ../abseil_install/usr/local/include/absl/container/internal/container_memory.h
-- Installing: ../abseil_install/usr/local/include/absl/container/internal/compressed_tuple.h
-- Installing: ../abseil_install/usr/local/include/absl/container/internal/raw_hash_set.h
-- Installing: ../abseil_install/usr/local/include/absl/container/internal/layout.h
-- Installing: ../abseil_install/usr/local/include/absl/container/internal/have_sse.h
-- Installing: ../abseil_install/usr/local/include/absl/container/internal/btree.h
-- Installing: ../abseil_install/usr/local/include/absl/container/internal/counting_allocator.h
-- Installing: ../abseil_install/usr/local/include/absl/container/internal/unordered_map_modifiers_test.h
-- Installing: ../abseil_install/usr/local/include/absl/container/internal/hashtablez_sampler.h
-- Installing: ../abseil_install/usr/local/include/absl/container/internal/hash_policy_traits.h
-- Installing: ../abseil_install/usr/local/include/absl/container/internal/hashtable_debug_hooks.h
-- Installing: ../abseil_install/usr/local/include/absl/container/node_hash_map.h
-- Installing: ../abseil_install/usr/local/include/absl/container/btree_test.h
-- Installing: ../abseil_install/usr/local/include/absl/container/btree_map.h
-- Installing: ../abseil_install/usr/local/include/absl/container/flat_hash_map.h
-- Installing: ../abseil_install/usr/local/include/absl/container/flat_hash_set.h
-- Installing: ../abseil_install/usr/local/include/absl/base
-- Installing: ../abseil_install/usr/local/include/absl/base/log_severity.h
-- Installing: ../abseil_install/usr/local/include/absl/base/call_once.h
-- Installing: ../abseil_install/usr/local/include/absl/base/config.h
-- Installing: ../abseil_install/usr/local/include/absl/base/port.h
-- Installing: ../abseil_install/usr/local/include/absl/base/policy_checks.h
-- Installing: ../abseil_install/usr/local/include/absl/base/const_init.h
-- Installing: ../abseil_install/usr/local/include/absl/base/options.h
-- Installing: ../abseil_install/usr/local/include/absl/base/internal
-- Installing: ../abseil_install/usr/local/include/absl/base/internal/raw_logging.h
-- Installing: ../abseil_install/usr/local/include/absl/base/internal/strerror.h
-- Installing: ../abseil_install/usr/local/include/absl/base/internal/endian.h
-- Installing: ../abseil_install/usr/local/include/absl/base/internal/inline_variable.h
-- Installing: ../abseil_install/usr/local/include/absl/base/internal/spinlock_win32.inc
-- Installing: ../abseil_install/usr/local/include/absl/base/internal/atomic_hook.h
-- Installing: ../abseil_install/usr/local/include/absl/base/internal/throw_delegate.h
-- Installing: ../abseil_install/usr/local/include/absl/base/internal/spinlock_wait.h
-- Installing: ../abseil_install/usr/local/include/absl/base/internal/tsan_mutex_interface.h
-- Installing: ../abseil_install/usr/local/include/absl/base/internal/spinlock_posix.inc
-- Installing: ../abseil_install/usr/local/include/absl/base/internal/spinlock_akaros.inc
-- Installing: ../abseil_install/usr/local/include/absl/base/internal/low_level_scheduling.h
-- Installing: ../abseil_install/usr/local/include/absl/base/internal/exception_safety_testing.h
-- Installing: ../abseil_install/usr/local/include/absl/base/internal/cycleclock.h
-- Installing: ../abseil_install/usr/local/include/absl/base/internal/hide_ptr.h
-- Installing: ../abseil_install/usr/local/include/absl/base/internal/errno_saver.h
-- Installing: ../abseil_install/usr/local/include/absl/base/internal/sysinfo.h
-- Installing: ../abseil_install/usr/local/include/absl/base/internal/invoke.h
-- Installing: ../abseil_install/usr/local/include/absl/base/internal/unscaledcycleclock.h
-- Installing: ../abseil_install/usr/local/include/absl/base/internal/scoped_set_env.h
-- Installing: ../abseil_install/usr/local/include/absl/base/internal/atomic_hook_test_helper.h
-- Installing: ../abseil_install/usr/local/include/absl/base/internal/spinlock_linux.inc
-- Installing: ../abseil_install/usr/local/include/absl/base/internal/exception_testing.h
-- Installing: ../abseil_install/usr/local/include/absl/base/internal/dynamic_annotations.h
-- Installing: ../abseil_install/usr/local/include/absl/base/internal/inline_variable_testing.h
-- Installing: ../abseil_install/usr/local/include/absl/base/internal/spinlock.h
-- Installing: ../abseil_install/usr/local/include/absl/base/internal/fast_type_id.h
-- Installing: ../abseil_install/usr/local/include/absl/base/internal/identity.h
-- Installing: ../abseil_install/usr/local/include/absl/base/internal/per_thread_tls.h
-- Installing: ../abseil_install/usr/local/include/absl/base/internal/pretty_function.h
-- Installing: ../abseil_install/usr/local/include/absl/base/internal/low_level_alloc.h
-- Installing: ../abseil_install/usr/local/include/absl/base/internal/direct_mmap.h
-- Installing: ../abseil_install/usr/local/include/absl/base/internal/thread_annotations.h
-- Installing: ../abseil_install/usr/local/include/absl/base/internal/unaligned_access.h
-- Installing: ../abseil_install/usr/local/include/absl/base/internal/thread_identity.h
-- Installing: ../abseil_install/usr/local/include/absl/base/internal/scheduling_mode.h
-- Installing: ../abseil_install/usr/local/include/absl/base/optimization.h
-- Installing: ../abseil_install/usr/local/include/absl/base/dynamic_annotations.h
-- Installing: ../abseil_install/usr/local/include/absl/base/casts.h
-- Installing: ../abseil_install/usr/local/include/absl/base/attributes.h
-- Installing: ../abseil_install/usr/local/include/absl/base/thread_annotations.h
-- Installing: ../abseil_install/usr/local/include/absl/base/macros.h
-- Installing: ../abseil_install/usr/local/include/absl/functional
-- Installing: ../abseil_install/usr/local/include/absl/functional/internal
-- Installing: ../abseil_install/usr/local/include/absl/functional/internal/front_binder.h
-- Installing: ../abseil_install/usr/local/include/absl/functional/internal/function_ref.h
-- Installing: ../abseil_install/usr/local/include/absl/functional/bind_front.h
-- Installing: ../abseil_install/usr/local/include/absl/functional/function_ref.h
-- Installing: ../abseil_install/usr/local/include/absl/types
-- Installing: ../abseil_install/usr/local/include/absl/types/bad_optional_access.h
-- Installing: ../abseil_install/usr/local/include/absl/types/bad_variant_access.h
-- Installing: ../abseil_install/usr/local/include/absl/types/bad_any_cast.h
-- Installing: ../abseil_install/usr/local/include/absl/types/internal
-- Installing: ../abseil_install/usr/local/include/absl/types/internal/conformance_testing.h
-- Installing: ../abseil_install/usr/local/include/absl/types/internal/conformance_aliases.h
-- Installing: ../abseil_install/usr/local/include/absl/types/internal/span.h
-- Installing: ../abseil_install/usr/local/include/absl/types/internal/conformance_testing_helpers.h
-- Installing: ../abseil_install/usr/local/include/absl/types/internal/optional.h
-- Installing: ../abseil_install/usr/local/include/absl/types/internal/parentheses.h
-- Installing: ../abseil_install/usr/local/include/absl/types/internal/conformance_profile.h
-- Installing: ../abseil_install/usr/local/include/absl/types/internal/transform_args.h
-- Installing: ../abseil_install/usr/local/include/absl/types/internal/conformance_archetype.h
-- Installing: ../abseil_install/usr/local/include/absl/types/internal/variant.h
-- Installing: ../abseil_install/usr/local/include/absl/types/span.h
-- Installing: ../abseil_install/usr/local/include/absl/types/compare.h
-- Installing: ../abseil_install/usr/local/include/absl/types/any.h
-- Installing: ../abseil_install/usr/local/include/absl/types/optional.h
-- Installing: ../abseil_install/usr/local/include/absl/types/variant.h
-- Installing: ../abseil_install/usr/local/include/absl/status
-- Installing: ../abseil_install/usr/local/include/absl/status/statusor.h
-- Installing: ../abseil_install/usr/local/include/absl/status/status_payload_printer.h
-- Installing: ../abseil_install/usr/local/include/absl/status/status.h
-- Installing: ../abseil_install/usr/local/include/absl/status/internal
-- Installing: ../abseil_install/usr/local/include/absl/status/internal/statusor_internal.h
-- Installing: ../abseil_install/usr/local/include/absl/status/internal/status_internal.h
-- Installing: ../abseil_install/usr/local/include/absl/cleanup
-- Installing: ../abseil_install/usr/local/include/absl/cleanup/internal
-- Installing: ../abseil_install/usr/local/include/absl/cleanup/internal/cleanup.h
-- Installing: ../abseil_install/usr/local/include/absl/cleanup/cleanup.h
-- Installing: ../abseil_install/usr/local/include/absl/time
-- Installing: ../abseil_install/usr/local/include/absl/time/clock.h
-- Installing: ../abseil_install/usr/local/include/absl/time/internal
-- Installing: ../abseil_install/usr/local/include/absl/time/internal/get_current_time_posix.inc
-- Installing: ../abseil_install/usr/local/include/absl/time/internal/zoneinfo.inc
-- Installing: ../abseil_install/usr/local/include/absl/time/internal/test_util.h
-- Installing: ../abseil_install/usr/local/include/absl/time/internal/cctz
-- Installing: ../abseil_install/usr/local/include/absl/time/internal/cctz/include
-- Installing: ../abseil_install/usr/local/include/absl/time/internal/cctz/include/cctz
-- Installing: ../abseil_install/usr/local/include/absl/time/internal/cctz/include/cctz/zone_info_source.h
-- Installing: ../abseil_install/usr/local/include/absl/time/internal/cctz/include/cctz/civil_time_detail.h
-- Installing: ../abseil_install/usr/local/include/absl/time/internal/cctz/include/cctz/civil_time.h
-- Installing: ../abseil_install/usr/local/include/absl/time/internal/cctz/include/cctz/time_zone.h
-- Installing: ../abseil_install/usr/local/include/absl/time/internal/cctz/src
-- Installing: ../abseil_install/usr/local/include/absl/time/internal/cctz/src/time_zone_posix.h
-- Installing: ../abseil_install/usr/local/include/absl/time/internal/cctz/src/tzfile.h
-- Installing: ../abseil_install/usr/local/include/absl/time/internal/cctz/src/time_zone_impl.h
-- Installing: ../abseil_install/usr/local/include/absl/time/internal/cctz/src/time_zone_if.h
-- Installing: ../abseil_install/usr/local/include/absl/time/internal/cctz/src/time_zone_libc.h
-- Installing: ../abseil_install/usr/local/include/absl/time/internal/cctz/src/time_zone_info.h
-- Installing: ../abseil_install/usr/local/include/absl/time/internal/cctz/src/time_zone_fixed.h
-- Installing: ../abseil_install/usr/local/include/absl/time/internal/get_current_time_chrono.inc
-- Installing: ../abseil_install/usr/local/include/absl/time/civil_time.h
-- Installing: ../abseil_install/usr/local/include/absl/time/time.h
-- Installing: ../abseil_install/usr/local/include/absl/flags
-- Installing: ../abseil_install/usr/local/include/absl/flags/config.h
-- Installing: ../abseil_install/usr/local/include/absl/flags/flag.h
-- Installing: ../abseil_install/usr/local/include/absl/flags/parse.h
-- Installing: ../abseil_install/usr/local/include/absl/flags/internal
-- Installing: ../abseil_install/usr/local/include/absl/flags/internal/flag.h
-- Installing: ../abseil_install/usr/local/include/absl/flags/internal/parse.h
-- Installing: ../abseil_install/usr/local/include/absl/flags/internal/registry.h
-- Installing: ../abseil_install/usr/local/include/absl/flags/internal/private_handle_accessor.h
-- Installing: ../abseil_install/usr/local/include/absl/flags/internal/sequence_lock.h
-- Installing: ../abseil_install/usr/local/include/absl/flags/internal/flag_msvc.inc
-- Installing: ../abseil_install/usr/local/include/absl/flags/internal/path_util.h
-- Installing: ../abseil_install/usr/local/include/absl/flags/internal/usage.h
-- Installing: ../abseil_install/usr/local/include/absl/flags/internal/program_name.h
-- Installing: ../abseil_install/usr/local/include/absl/flags/internal/commandlineflag.h
-- Installing: ../abseil_install/usr/local/include/absl/flags/declare.h
-- Installing: ../abseil_install/usr/local/include/absl/flags/reflection.h
-- Installing: ../abseil_install/usr/local/include/absl/flags/usage_config.h
-- Installing: ../abseil_install/usr/local/include/absl/flags/usage.h
-- Installing: ../abseil_install/usr/local/include/absl/flags/marshalling.h
-- Installing: ../abseil_install/usr/local/include/absl/flags/commandlineflag.h
-- Installing: ../abseil_install/usr/local/include/absl/numeric
-- Installing: ../abseil_install/usr/local/include/absl/numeric/int128.h
-- Installing: ../abseil_install/usr/local/include/absl/numeric/int128_no_intrinsic.inc
-- Installing: ../abseil_install/usr/local/include/absl/numeric/internal
-- Installing: ../abseil_install/usr/local/include/absl/numeric/internal/representation.h
-- Installing: ../abseil_install/usr/local/include/absl/numeric/internal/bits.h
-- Installing: ../abseil_install/usr/local/include/absl/numeric/int128_have_intrinsic.inc
-- Installing: ../abseil_install/usr/local/include/absl/numeric/bits.h
-- Installing: ../abseil_install/usr/local/include/absl/profiling
-- Installing: ../abseil_install/usr/local/include/absl/profiling/internal
-- Installing: ../abseil_install/usr/local/include/absl/profiling/internal/periodic_sampler.h
-- Installing: ../abseil_install/usr/local/include/absl/profiling/internal/exponential_biased.h
-- Installing: ../abseil_install/usr/local/include/absl/profiling/internal/sample_recorder.h
-- Installing: ../abseil_install/usr/local/include/absl/random
-- Installing: ../abseil_install/usr/local/include/absl/random/seed_sequences.h
-- Installing: ../abseil_install/usr/local/include/absl/random/exponential_distribution.h
-- Installing: ../abseil_install/usr/local/include/absl/random/beta_distribution.h
-- Installing: ../abseil_install/usr/local/include/absl/random/mock_distributions.h
-- Installing: ../abseil_install/usr/local/include/absl/random/distributions.h
-- Installing: ../abseil_install/usr/local/include/absl/random/bernoulli_distribution.h
-- Installing: ../abseil_install/usr/local/include/absl/random/internal
-- Installing: ../abseil_install/usr/local/include/absl/random/internal/randen_traits.h
-- Installing: ../abseil_install/usr/local/include/absl/random/internal/pcg_engine.h
-- Installing: ../abseil_install/usr/local/include/absl/random/internal/mock_overload_set.h
-- Installing: ../abseil_install/usr/local/include/absl/random/internal/sequence_urbg.h
-- Installing: ../abseil_install/usr/local/include/absl/random/internal/mock_helpers.h
-- Installing: ../abseil_install/usr/local/include/absl/random/internal/randen_detect.h
-- Installing: ../abseil_install/usr/local/include/absl/random/internal/distribution_caller.h
-- Installing: ../abseil_install/usr/local/include/absl/random/internal/explicit_seed_seq.h
-- Installing: ../abseil_install/usr/local/include/absl/random/internal/fastmath.h
-- Installing: ../abseil_install/usr/local/include/absl/random/internal/fast_uniform_bits.h
-- Installing: ../abseil_install/usr/local/include/absl/random/internal/chi_square.h
-- Installing: ../abseil_install/usr/local/include/absl/random/internal/wide_multiply.h
-- Installing: ../abseil_install/usr/local/include/absl/random/internal/uniform_helper.h
-- Installing: ../abseil_install/usr/local/include/absl/random/internal/nanobenchmark.h
-- Installing: ../abseil_install/usr/local/include/absl/random/internal/randen_hwaes.h
-- Installing: ../abseil_install/usr/local/include/absl/random/internal/platform.h
-- Installing: ../abseil_install/usr/local/include/absl/random/internal/iostream_state_saver.h
-- Installing: ../abseil_install/usr/local/include/absl/random/internal/pool_urbg.h
-- Installing: ../abseil_install/usr/local/include/absl/random/internal/salted_seed_seq.h
-- Installing: ../abseil_install/usr/local/include/absl/random/internal/randen_engine.h
-- Installing: ../abseil_install/usr/local/include/absl/random/internal/seed_material.h
-- Installing: ../abseil_install/usr/local/include/absl/random/internal/nonsecure_base.h
-- Installing: ../abseil_install/usr/local/include/absl/random/internal/randen_slow.h
-- Installing: ../abseil_install/usr/local/include/absl/random/internal/distribution_test_util.h
-- Installing: ../abseil_install/usr/local/include/absl/random/internal/generate_real.h
-- Installing: ../abseil_install/usr/local/include/absl/random/internal/traits.h
-- Installing: ../abseil_install/usr/local/include/absl/random/internal/randen.h
-- Installing: ../abseil_install/usr/local/include/absl/random/seed_gen_exception.h
-- Installing: ../abseil_install/usr/local/include/absl/random/log_uniform_int_distribution.h
-- Installing: ../abseil_install/usr/local/include/absl/random/random.h
-- Installing: ../abseil_install/usr/local/include/absl/random/gaussian_distribution.h
-- Installing: ../abseil_install/usr/local/include/absl/random/uniform_real_distribution.h
-- Installing: ../abseil_install/usr/local/include/absl/random/poisson_distribution.h
-- Installing: ../abseil_install/usr/local/include/absl/random/uniform_int_distribution.h
-- Installing: ../abseil_install/usr/local/include/absl/random/zipf_distribution.h
-- Installing: ../abseil_install/usr/local/include/absl/random/mocking_bit_gen.h
-- Installing: ../abseil_install/usr/local/include/absl/random/discrete_distribution.h
-- Installing: ../abseil_install/usr/local/include/absl/random/bit_gen_ref.h
-- Installing: ../abseil_install/usr/local/include/absl/memory
-- Installing: ../abseil_install/usr/local/include/absl/memory/memory.h
-- Installing: ../abseil_install/usr/local/include/absl/synchronization
-- Installing: ../abseil_install/usr/local/include/absl/synchronization/mutex.h
-- Installing: ../abseil_install/usr/local/include/absl/synchronization/barrier.h
-- Installing: ../abseil_install/usr/local/include/absl/synchronization/notification.h
-- Installing: ../abseil_install/usr/local/include/absl/synchronization/internal
-- Installing: ../abseil_install/usr/local/include/absl/synchronization/internal/thread_pool.h
-- Installing: ../abseil_install/usr/local/include/absl/synchronization/internal/create_thread_identity.h
-- Installing: ../abseil_install/usr/local/include/absl/synchronization/internal/waiter.h
-- Installing: ../abseil_install/usr/local/include/absl/synchronization/internal/per_thread_sem.h
-- Installing: ../abseil_install/usr/local/include/absl/synchronization/internal/futex.h
-- Installing: ../abseil_install/usr/local/include/absl/synchronization/internal/graphcycles.h
-- Installing: ../abseil_install/usr/local/include/absl/synchronization/internal/kernel_timeout.h
-- Installing: ../abseil_install/usr/local/include/absl/synchronization/blocking_counter.h
-- Installing: ../abseil_install/usr/local/include/absl/strings
-- Installing: ../abseil_install/usr/local/include/absl/strings/ascii.h
-- Installing: ../abseil_install/usr/local/include/absl/strings/charconv.h
-- Installing: ../abseil_install/usr/local/include/absl/strings/numbers.h
-- Installing: ../abseil_install/usr/local/include/absl/strings/str_split.h
-- Installing: ../abseil_install/usr/local/include/absl/strings/cord.h
-- Installing: ../abseil_install/usr/local/include/absl/strings/str_join.h
-- Installing: ../abseil_install/usr/local/include/absl/strings/match.h
-- Installing: ../abseil_install/usr/local/include/absl/strings/cordz_test_helpers.h
-- Installing: ../abseil_install/usr/local/include/absl/strings/internal
-- Installing: ../abseil_install/usr/local/include/absl/strings/internal/cordz_update_tracker.h
-- Installing: ../abseil_install/usr/local/include/absl/strings/internal/cord_internal.h
-- Installing: ../abseil_install/usr/local/include/absl/strings/internal/cordz_statistics.h
-- Installing: ../abseil_install/usr/local/include/absl/strings/internal/numbers_test_common.h
-- Installing: ../abseil_install/usr/local/include/absl/strings/internal/memutil.h
-- Installing: ../abseil_install/usr/local/include/absl/strings/internal/cordz_update_scope.h
-- Installing: ../abseil_install/usr/local/include/absl/strings/internal/cord_rep_ring_reader.h
-- Installing: ../abseil_install/usr/local/include/absl/strings/internal/cord_rep_flat.h
-- Installing: ../abseil_install/usr/local/include/absl/strings/internal/resize_uninitialized.h
-- Installing: ../abseil_install/usr/local/include/absl/strings/internal/ostringstream.h
-- Installing: ../abseil_install/usr/local/include/absl/strings/internal/stl_type_traits.h
-- Installing: ../abseil_install/usr/local/include/absl/strings/internal/cordz_info.h
-- Installing: ../abseil_install/usr/local/include/absl/strings/internal/cord_rep_test_util.h
-- Installing: ../abseil_install/usr/local/include/absl/strings/internal/str_format
-- Installing: ../abseil_install/usr/local/include/absl/strings/internal/str_format/bind.h
-- Installing: ../abseil_install/usr/local/include/absl/strings/internal/str_format/float_conversion.h
-- Installing: ../abseil_install/usr/local/include/absl/strings/internal/str_format/arg.h
-- Installing: ../abseil_install/usr/local/include/absl/strings/internal/str_format/parser.h
-- Installing: ../abseil_install/usr/local/include/absl/strings/internal/str_format/output.h
-- Installing: ../abseil_install/usr/local/include/absl/strings/internal/str_format/extension.h
-- Installing: ../abseil_install/usr/local/include/absl/strings/internal/str_format/checker.h
-- Installing: ../abseil_install/usr/local/include/absl/strings/internal/charconv_parse.h
-- Installing: ../abseil_install/usr/local/include/absl/strings/internal/pow10_helper.h
-- Installing: ../abseil_install/usr/local/include/absl/strings/internal/str_join_internal.h
-- Installing: ../abseil_install/usr/local/include/absl/strings/internal/cord_rep_btree_navigator.h
-- Installing: ../abseil_install/usr/local/include/absl/strings/internal/escaping.h
-- Installing: ../abseil_install/usr/local/include/absl/strings/internal/char_map.h
-- Installing: ../abseil_install/usr/local/include/absl/strings/internal/string_constant.h
-- Installing: ../abseil_install/usr/local/include/absl/strings/internal/str_split_internal.h
-- Installing: ../abseil_install/usr/local/include/absl/strings/internal/cord_rep_btree_reader.h
-- Installing: ../abseil_install/usr/local/include/absl/strings/internal/escaping_test_common.h
-- Installing: ../abseil_install/usr/local/include/absl/strings/internal/cordz_sample_token.h
-- Installing: ../abseil_install/usr/local/include/absl/strings/internal/cordz_handle.h
-- Installing: ../abseil_install/usr/local/include/absl/strings/internal/cord_rep_consume.h
-- Installing: ../abseil_install/usr/local/include/absl/strings/internal/cord_rep_btree.h
-- Installing: ../abseil_install/usr/local/include/absl/strings/internal/utf8.h
-- Installing: ../abseil_install/usr/local/include/absl/strings/internal/charconv_bigint.h
-- Installing: ../abseil_install/usr/local/include/absl/strings/internal/cord_rep_ring.h
-- Installing: ../abseil_install/usr/local/include/absl/strings/internal/cordz_functions.h
-- Installing: ../abseil_install/usr/local/include/absl/strings/cord_test_helpers.h
-- Installing: ../abseil_install/usr/local/include/absl/strings/substitute.h
-- Installing: ../abseil_install/usr/local/include/absl/strings/escaping.h
-- Installing: ../abseil_install/usr/local/include/absl/strings/str_format.h
-- Installing: ../abseil_install/usr/local/include/absl/strings/str_replace.h
-- Installing: ../abseil_install/usr/local/include/absl/strings/strip.h
-- Installing: ../abseil_install/usr/local/include/absl/strings/str_cat.h
-- Installing: ../abseil_install/usr/local/include/absl/strings/string_view.h
-- Installing: ../abseil_install/usr/local/include/absl/debugging
-- Installing: ../abseil_install/usr/local/include/absl/debugging/leak_check.h
-- Installing: ../abseil_install/usr/local/include/absl/debugging/symbolize_elf.inc
-- Installing: ../abseil_install/usr/local/include/absl/debugging/symbolize_unimplemented.inc
-- Installing: ../abseil_install/usr/local/include/absl/debugging/internal
-- Installing: ../abseil_install/usr/local/include/absl/debugging/internal/stacktrace_unimplemented-inl.inc
-- Installing: ../abseil_install/usr/local/include/absl/debugging/internal/stacktrace_x86-inl.inc
-- Installing: ../abseil_install/usr/local/include/absl/debugging/internal/demangle.h
-- Installing: ../abseil_install/usr/local/include/absl/debugging/internal/stacktrace_riscv-inl.inc
-- Installing: ../abseil_install/usr/local/include/absl/debugging/internal/examine_stack.h
-- Installing: ../abseil_install/usr/local/include/absl/debugging/internal/address_is_readable.h
-- Installing: ../abseil_install/usr/local/include/absl/debugging/internal/stacktrace_arm-inl.inc
-- Installing: ../abseil_install/usr/local/include/absl/debugging/internal/stack_consumption.h
-- Installing: ../abseil_install/usr/local/include/absl/debugging/internal/stacktrace_emscripten-inl.inc
-- Installing: ../abseil_install/usr/local/include/absl/debugging/internal/stacktrace_powerpc-inl.inc
-- Installing: ../abseil_install/usr/local/include/absl/debugging/internal/symbolize.h
-- Installing: ../abseil_install/usr/local/include/absl/debugging/internal/elf_mem_image.h
-- Installing: ../abseil_install/usr/local/include/absl/debugging/internal/stacktrace_config.h
-- Installing: ../abseil_install/usr/local/include/absl/debugging/internal/stacktrace_generic-inl.inc
-- Installing: ../abseil_install/usr/local/include/absl/debugging/internal/vdso_support.h
-- Installing: ../abseil_install/usr/local/include/absl/debugging/internal/stacktrace_aarch64-inl.inc
-- Installing: ../abseil_install/usr/local/include/absl/debugging/internal/stacktrace_win32-inl.inc
-- Installing: ../abseil_install/usr/local/include/absl/debugging/symbolize.h
-- Installing: ../abseil_install/usr/local/include/absl/debugging/stacktrace.h
-- Installing: ../abseil_install/usr/local/include/absl/debugging/symbolize_win32.inc
-- Installing: ../abseil_install/usr/local/include/absl/debugging/symbolize_emscripten.inc
-- Installing: ../abseil_install/usr/local/include/absl/debugging/failure_signal_handler.h
-- Installing: ../abseil_install/usr/local/include/absl/debugging/symbolize_darwin.inc
-- Installing: ../abseil_install/usr/local/include/absl/utility
-- Installing: ../abseil_install/usr/local/include/absl/utility/utility.h
-- Installing: ../abseil_install/usr/local/include/absl/algorithm
-- Installing: ../abseil_install/usr/local/include/absl/algorithm/algorithm.h
-- Installing: ../abseil_install/usr/local/include/absl/algorithm/container.h
-- Installing: ../abseil_install/usr/local/lib/pkgconfig/absl_atomic_hook.pc
-- Installing: ../abseil_install/usr/local/lib/pkgconfig/absl_errno_saver.pc
-- Installing: ../abseil_install/usr/local/lib/pkgconfig/absl_log_severity.pc
-- Installing: ../abseil_install/usr/local/lib/libabsl_log_severity.a
-- Installing: ../abseil_install/usr/local/lib/pkgconfig/absl_raw_logging_internal.pc
-- Installing: ../abseil_install/usr/local/lib/libabsl_raw_logging_internal.a
-- Installing: ../abseil_install/usr/local/lib/pkgconfig/absl_spinlock_wait.pc
-- Installing: ../abseil_install/usr/local/lib/libabsl_spinlock_wait.a
-- Installing: ../abseil_install/usr/local/lib/pkgconfig/absl_config.pc
-- Installing: ../abseil_install/usr/local/lib/pkgconfig/absl_dynamic_annotations.pc
-- Installing: ../abseil_install/usr/local/lib/pkgconfig/absl_core_headers.pc
-- Installing: ../abseil_install/usr/local/lib/pkgconfig/absl_malloc_internal.pc
-- Installing: ../abseil_install/usr/local/lib/libabsl_malloc_internal.a
-- Installing: ../abseil_install/usr/local/lib/pkgconfig/absl_base_internal.pc
-- Installing: ../abseil_install/usr/local/lib/pkgconfig/absl_base.pc
-- Installing: ../abseil_install/usr/local/lib/libabsl_base.a
-- Installing: ../abseil_install/usr/local/lib/pkgconfig/absl_throw_delegate.pc
-- Installing: ../abseil_install/usr/local/lib/libabsl_throw_delegate.a
-- Installing: ../abseil_install/usr/local/lib/pkgconfig/absl_pretty_function.pc
-- Installing: ../abseil_install/usr/local/lib/pkgconfig/absl_endian.pc
-- Installing: ../abseil_install/usr/local/lib/pkgconfig/absl_scoped_set_env.pc
-- Installing: ../abseil_install/usr/local/lib/libabsl_scoped_set_env.a
-- Installing: ../abseil_install/usr/local/lib/pkgconfig/absl_strerror.pc
-- Installing: ../abseil_install/usr/local/lib/libabsl_strerror.a
-- Installing: ../abseil_install/usr/local/lib/pkgconfig/absl_fast_type_id.pc
-- Installing: ../abseil_install/usr/local/lib/pkgconfig/absl_algorithm.pc
-- Installing: ../abseil_install/usr/local/lib/pkgconfig/absl_algorithm_container.pc
-- Installing: ../abseil_install/usr/local/lib/pkgconfig/absl_cleanup_internal.pc
-- Installing: ../abseil_install/usr/local/lib/pkgconfig/absl_cleanup.pc
-- Installing: ../abseil_install/usr/local/lib/pkgconfig/absl_btree.pc
-- Installing: ../abseil_install/usr/local/lib/pkgconfig/absl_compressed_tuple.pc
-- Installing: ../abseil_install/usr/local/lib/pkgconfig/absl_fixed_array.pc
-- Installing: ../abseil_install/usr/local/lib/pkgconfig/absl_inlined_vector_internal.pc
-- Installing: ../abseil_install/usr/local/lib/pkgconfig/absl_inlined_vector.pc
-- Installing: ../abseil_install/usr/local/lib/pkgconfig/absl_counting_allocator.pc
-- Installing: ../abseil_install/usr/local/lib/pkgconfig/absl_flat_hash_map.pc
-- Installing: ../abseil_install/usr/local/lib/pkgconfig/absl_flat_hash_set.pc
-- Installing: ../abseil_install/usr/local/lib/pkgconfig/absl_node_hash_map.pc
-- Installing: ../abseil_install/usr/local/lib/pkgconfig/absl_node_hash_set.pc
-- Installing: ../abseil_install/usr/local/lib/pkgconfig/absl_container_memory.pc
-- Installing: ../abseil_install/usr/local/lib/pkgconfig/absl_hash_function_defaults.pc
-- Installing: ../abseil_install/usr/local/lib/pkgconfig/absl_hash_policy_traits.pc
-- Installing: ../abseil_install/usr/local/lib/pkgconfig/absl_hashtablez_sampler.pc
-- Installing: ../abseil_install/usr/local/lib/libabsl_hashtablez_sampler.a
-- Installing: ../abseil_install/usr/local/lib/pkgconfig/absl_hashtable_debug.pc
-- Installing: ../abseil_install/usr/local/lib/pkgconfig/absl_hashtable_debug_hooks.pc
-- Installing: ../abseil_install/usr/local/lib/pkgconfig/absl_have_sse.pc
-- Installing: ../abseil_install/usr/local/lib/pkgconfig/absl_node_hash_policy.pc
-- Installing: ../abseil_install/usr/local/lib/pkgconfig/absl_raw_hash_map.pc
-- Installing: ../abseil_install/usr/local/lib/pkgconfig/absl_container_common.pc
-- Installing: ../abseil_install/usr/local/lib/pkgconfig/absl_raw_hash_set.pc
-- Installing: ../abseil_install/usr/local/lib/libabsl_raw_hash_set.a
-- Installing: ../abseil_install/usr/local/lib/pkgconfig/absl_layout.pc
-- Installing: ../abseil_install/usr/local/lib/pkgconfig/absl_stacktrace.pc
-- Installing: ../abseil_install/usr/local/lib/libabsl_stacktrace.a
-- Installing: ../abseil_install/usr/local/lib/pkgconfig/absl_symbolize.pc
-- Installing: ../abseil_install/usr/local/lib/libabsl_symbolize.a
-- Installing: ../abseil_install/usr/local/lib/pkgconfig/absl_examine_stack.pc
-- Installing: ../abseil_install/usr/local/lib/libabsl_examine_stack.a
-- Installing: ../abseil_install/usr/local/lib/pkgconfig/absl_failure_signal_handler.pc
-- Installing: ../abseil_install/usr/local/lib/libabsl_failure_signal_handler.a
-- Installing: ../abseil_install/usr/local/lib/pkgconfig/absl_debugging_internal.pc
-- Installing: ../abseil_install/usr/local/lib/libabsl_debugging_internal.a
-- Installing: ../abseil_install/usr/local/lib/pkgconfig/absl_demangle_internal.pc
-- Installing: ../abseil_install/usr/local/lib/libabsl_demangle_internal.a
-- Installing: ../abseil_install/usr/local/lib/pkgconfig/absl_leak_check.pc
-- Installing: ../abseil_install/usr/local/lib/libabsl_leak_check.a
-- Installing: ../abseil_install/usr/local/lib/pkgconfig/absl_leak_check_disable.pc
-- Installing: ../abseil_install/usr/local/lib/libabsl_leak_check_disable.a
-- Installing: ../abseil_install/usr/local/lib/pkgconfig/absl_debugging.pc
-- Installing: ../abseil_install/usr/local/lib/pkgconfig/absl_flags_path_util.pc
-- Installing: ../abseil_install/usr/local/lib/pkgconfig/absl_flags_program_name.pc
-- Installing: ../abseil_install/usr/local/lib/libabsl_flags_program_name.a
-- Installing: ../abseil_install/usr/local/lib/pkgconfig/absl_flags_config.pc
-- Installing: ../abseil_install/usr/local/lib/libabsl_flags_config.a
-- Installing: ../abseil_install/usr/local/lib/pkgconfig/absl_flags_marshalling.pc
-- Installing: ../abseil_install/usr/local/lib/libabsl_flags_marshalling.a
-- Installing: ../abseil_install/usr/local/lib/pkgconfig/absl_flags_commandlineflag_internal.pc
-- Installing: ../abseil_install/usr/local/lib/libabsl_flags_commandlineflag_internal.a
-- Installing: ../abseil_install/usr/local/lib/pkgconfig/absl_flags_commandlineflag.pc
-- Installing: ../abseil_install/usr/local/lib/libabsl_flags_commandlineflag.a
-- Installing: ../abseil_install/usr/local/lib/pkgconfig/absl_flags_private_handle_accessor.pc
-- Installing: ../abseil_install/usr/local/lib/libabsl_flags_private_handle_accessor.a
-- Installing: ../abseil_install/usr/local/lib/pkgconfig/absl_flags_reflection.pc
-- Installing: ../abseil_install/usr/local/lib/libabsl_flags_reflection.a
-- Installing: ../abseil_install/usr/local/lib/pkgconfig/absl_flags_internal.pc
-- Installing: ../abseil_install/usr/local/lib/libabsl_flags_internal.a
-- Installing: ../abseil_install/usr/local/lib/pkgconfig/absl_flags.pc
-- Installing: ../abseil_install/usr/local/lib/libabsl_flags.a
-- Installing: ../abseil_install/usr/local/lib/pkgconfig/absl_flags_usage_internal.pc
-- Installing: ../abseil_install/usr/local/lib/libabsl_flags_usage_internal.a
-- Installing: ../abseil_install/usr/local/lib/pkgconfig/absl_flags_usage.pc
-- Installing: ../abseil_install/usr/local/lib/libabsl_flags_usage.a
-- Installing: ../abseil_install/usr/local/lib/pkgconfig/absl_flags_parse.pc
-- Installing: ../abseil_install/usr/local/lib/libabsl_flags_parse.a
-- Installing: ../abseil_install/usr/local/lib/pkgconfig/absl_bind_front.pc
-- Installing: ../abseil_install/usr/local/lib/pkgconfig/absl_function_ref.pc
-- Installing: ../abseil_install/usr/local/lib/pkgconfig/absl_hash.pc
-- Installing: ../abseil_install/usr/local/lib/libabsl_hash.a
-- Installing: ../abseil_install/usr/local/lib/pkgconfig/absl_city.pc
-- Installing: ../abseil_install/usr/local/lib/libabsl_city.a
-- Installing: ../abseil_install/usr/local/lib/pkgconfig/absl_low_level_hash.pc
-- Installing: ../abseil_install/usr/local/lib/libabsl_low_level_hash.a
-- Installing: ../abseil_install/usr/local/lib/pkgconfig/absl_memory.pc
-- Installing: ../abseil_install/usr/local/lib/pkgconfig/absl_type_traits.pc
-- Installing: ../abseil_install/usr/local/lib/pkgconfig/absl_meta.pc
-- Installing: ../abseil_install/usr/local/lib/pkgconfig/absl_bits.pc
-- Installing: ../abseil_install/usr/local/lib/pkgconfig/absl_int128.pc
-- Installing: ../abseil_install/usr/local/lib/libabsl_int128.a
-- Installing: ../abseil_install/usr/local/lib/pkgconfig/absl_numeric.pc
-- Installing: ../abseil_install/usr/local/lib/pkgconfig/absl_numeric_representation.pc
-- Installing: ../abseil_install/usr/local/lib/pkgconfig/absl_sample_recorder.pc
-- Installing: ../abseil_install/usr/local/lib/pkgconfig/absl_exponential_biased.pc
-- Installing: ../abseil_install/usr/local/lib/libabsl_exponential_biased.a
-- Installing: ../abseil_install/usr/local/lib/pkgconfig/absl_periodic_sampler.pc
-- Installing: ../abseil_install/usr/local/lib/libabsl_periodic_sampler.a
-- Installing: ../abseil_install/usr/local/lib/pkgconfig/absl_random_random.pc
-- Installing: ../abseil_install/usr/local/lib/pkgconfig/absl_random_bit_gen_ref.pc
-- Installing: ../abseil_install/usr/local/lib/pkgconfig/absl_random_internal_mock_helpers.pc
-- Installing: ../abseil_install/usr/local/lib/pkgconfig/absl_random_distributions.pc
-- Installing: ../abseil_install/usr/local/lib/libabsl_random_distributions.a
-- Installing: ../abseil_install/usr/local/lib/pkgconfig/absl_random_seed_gen_exception.pc
-- Installing: ../abseil_install/usr/local/lib/libabsl_random_seed_gen_exception.a
-- Installing: ../abseil_install/usr/local/lib/pkgconfig/absl_random_seed_sequences.pc
-- Installing: ../abseil_install/usr/local/lib/libabsl_random_seed_sequences.a
-- Installing: ../abseil_install/usr/local/lib/pkgconfig/absl_random_internal_traits.pc
-- Installing: ../abseil_install/usr/local/lib/pkgconfig/absl_random_internal_distribution_caller.pc
-- Installing: ../abseil_install/usr/local/lib/pkgconfig/absl_random_internal_fast_uniform_bits.pc
-- Installing: ../abseil_install/usr/local/lib/pkgconfig/absl_random_internal_seed_material.pc
-- Installing: ../abseil_install/usr/local/lib/libabsl_random_internal_seed_material.a
-- Installing: ../abseil_install/usr/local/lib/pkgconfig/absl_random_internal_pool_urbg.pc
-- Installing: ../abseil_install/usr/local/lib/libabsl_random_internal_pool_urbg.a
-- Installing: ../abseil_install/usr/local/lib/pkgconfig/absl_random_internal_salted_seed_seq.pc
-- Installing: ../abseil_install/usr/local/lib/pkgconfig/absl_random_internal_iostream_state_saver.pc
-- Installing: ../abseil_install/usr/local/lib/pkgconfig/absl_random_internal_generate_real.pc
-- Installing: ../abseil_install/usr/local/lib/pkgconfig/absl_random_internal_wide_multiply.pc
-- Installing: ../abseil_install/usr/local/lib/pkgconfig/absl_random_internal_fastmath.pc
-- Installing: ../abseil_install/usr/local/lib/pkgconfig/absl_random_internal_nonsecure_base.pc
-- Installing: ../abseil_install/usr/local/lib/pkgconfig/absl_random_internal_pcg_engine.pc
-- Installing: ../abseil_install/usr/local/lib/pkgconfig/absl_random_internal_randen_engine.pc
-- Installing: ../abseil_install/usr/local/lib/pkgconfig/absl_random_internal_platform.pc
-- Installing: ../abseil_install/usr/local/lib/libabsl_random_internal_platform.a
-- Installing: ../abseil_install/usr/local/lib/pkgconfig/absl_random_internal_randen.pc
-- Installing: ../abseil_install/usr/local/lib/libabsl_random_internal_randen.a
-- Installing: ../abseil_install/usr/local/lib/pkgconfig/absl_random_internal_randen_slow.pc
-- Installing: ../abseil_install/usr/local/lib/libabsl_random_internal_randen_slow.a
-- Installing: ../abseil_install/usr/local/lib/pkgconfig/absl_random_internal_randen_hwaes.pc
-- Installing: ../abseil_install/usr/local/lib/libabsl_random_internal_randen_hwaes.a
-- Installing: ../abseil_install/usr/local/lib/pkgconfig/absl_random_internal_randen_hwaes_impl.pc
-- Installing: ../abseil_install/usr/local/lib/libabsl_random_internal_randen_hwaes_impl.a
-- Installing: ../abseil_install/usr/local/lib/pkgconfig/absl_random_internal_distribution_test_util.pc
-- Installing: ../abseil_install/usr/local/lib/libabsl_random_internal_distribution_test_util.a
-- Installing: ../abseil_install/usr/local/lib/pkgconfig/absl_random_internal_uniform_helper.pc
-- Installing: ../abseil_install/usr/local/lib/pkgconfig/absl_status.pc
-- Installing: ../abseil_install/usr/local/lib/libabsl_status.a
-- Installing: ../abseil_install/usr/local/lib/pkgconfig/absl_statusor.pc
-- Installing: ../abseil_install/usr/local/lib/libabsl_statusor.a
-- Installing: ../abseil_install/usr/local/lib/pkgconfig/absl_strings.pc
-- Installing: ../abseil_install/usr/local/lib/libabsl_strings.a
-- Installing: ../abseil_install/usr/local/lib/pkgconfig/absl_strings_internal.pc
-- Installing: ../abseil_install/usr/local/lib/libabsl_strings_internal.a
-- Installing: ../abseil_install/usr/local/lib/pkgconfig/absl_str_format.pc
-- Installing: ../abseil_install/usr/local/lib/pkgconfig/absl_str_format_internal.pc
-- Installing: ../abseil_install/usr/local/lib/libabsl_str_format_internal.a
-- Installing: ../abseil_install/usr/local/lib/pkgconfig/absl_cord_internal.pc
-- Installing: ../abseil_install/usr/local/lib/libabsl_cord_internal.a
-- Installing: ../abseil_install/usr/local/lib/pkgconfig/absl_cordz_update_tracker.pc
-- Installing: ../abseil_install/usr/local/lib/pkgconfig/absl_cordz_functions.pc
-- Installing: ../abseil_install/usr/local/lib/libabsl_cordz_functions.a
-- Installing: ../abseil_install/usr/local/lib/pkgconfig/absl_cordz_statistics.pc
-- Installing: ../abseil_install/usr/local/lib/pkgconfig/absl_cordz_handle.pc
-- Installing: ../abseil_install/usr/local/lib/libabsl_cordz_handle.a
-- Installing: ../abseil_install/usr/local/lib/pkgconfig/absl_cordz_info.pc
-- Installing: ../abseil_install/usr/local/lib/libabsl_cordz_info.a
-- Installing: ../abseil_install/usr/local/lib/pkgconfig/absl_cordz_sample_token.pc
-- Installing: ../abseil_install/usr/local/lib/libabsl_cordz_sample_token.a
-- Installing: ../abseil_install/usr/local/lib/pkgconfig/absl_cordz_update_scope.pc
-- Installing: ../abseil_install/usr/local/lib/pkgconfig/absl_cord.pc
-- Installing: ../abseil_install/usr/local/lib/libabsl_cord.a
-- Installing: ../abseil_install/usr/local/lib/pkgconfig/absl_graphcycles_internal.pc
-- Installing: ../abseil_install/usr/local/lib/libabsl_graphcycles_internal.a
-- Installing: ../abseil_install/usr/local/lib/pkgconfig/absl_kernel_timeout_internal.pc
-- Installing: ../abseil_install/usr/local/lib/pkgconfig/absl_synchronization.pc
-- Installing: ../abseil_install/usr/local/lib/libabsl_synchronization.a
-- Installing: ../abseil_install/usr/local/lib/pkgconfig/absl_time.pc
-- Installing: ../abseil_install/usr/local/lib/libabsl_time.a
-- Installing: ../abseil_install/usr/local/lib/pkgconfig/absl_civil_time.pc
-- Installing: ../abseil_install/usr/local/lib/libabsl_civil_time.a
-- Installing: ../abseil_install/usr/local/lib/pkgconfig/absl_time_zone.pc
-- Installing: ../abseil_install/usr/local/lib/libabsl_time_zone.a
-- Installing: ../abseil_install/usr/local/lib/pkgconfig/absl_any.pc
-- Installing: ../abseil_install/usr/local/lib/pkgconfig/absl_bad_any_cast.pc
-- Installing: ../abseil_install/usr/local/lib/pkgconfig/absl_bad_any_cast_impl.pc
-- Installing: ../abseil_install/usr/local/lib/libabsl_bad_any_cast_impl.a
-- Installing: ../abseil_install/usr/local/lib/pkgconfig/absl_span.pc
-- Installing: ../abseil_install/usr/local/lib/pkgconfig/absl_optional.pc
-- Installing: ../abseil_install/usr/local/lib/pkgconfig/absl_bad_optional_access.pc
-- Installing: ../abseil_install/usr/local/lib/libabsl_bad_optional_access.a
-- Installing: ../abseil_install/usr/local/lib/pkgconfig/absl_bad_variant_access.pc
-- Installing: ../abseil_install/usr/local/lib/libabsl_bad_variant_access.a
-- Installing: ../abseil_install/usr/local/lib/pkgconfig/absl_variant.pc
-- Installing: ../abseil_install/usr/local/lib/pkgconfig/absl_compare.pc
-- Installing: ../abseil_install/usr/local/lib/pkgconfig/absl_utility.pc
+ cd ../../
+ cp DBoW2 Thirdparty/ -r
+ cp DLib Thirdparty/ -r
+ cp superpoint Thirdparty -r
+ cp -r abseil-cpp/abseil_install Thirdparty/
+ mkdir build
+ cd build
+ cmake .. -DCMAKE_BUILD_TYPE=Release
-- The C compiler identification is GNU 7.5.0
-- The CXX compiler identification is GNU 7.5.0
-- Check for working C compiler: /usr/bin/cc
-- Check for working C compiler: /usr/bin/cc -- works
-- Detecting C compiler ABI info
-- Detecting C compiler ABI info - done
-- Detecting C compile features
-- Detecting C compile features - done
-- Check for working CXX compiler: /usr/bin/c++
-- Check for working CXX compiler: /usr/bin/c++ -- works
-- Detecting CXX compiler ABI info
-- Detecting CXX compiler ABI info - done
-- Detecting CXX compile features
-- Detecting CXX compile features - done
Build type: Release
-- Found OpenCV: /usr/local (found suitable version "3.4.3", minimum required is "3.4") 
OPENCV VERSION:
3.4.3
-- Looking for pthread.h
-- Looking for pthread.h - found
-- Looking for pthread_create
-- Looking for pthread_create - not found
-- Looking for pthread_create in pthreads
-- Looking for pthread_create in pthreads - not found
-- Looking for pthread_create in pthread
-- Looking for pthread_create in pthread - found
-- Found Threads: TRUE  
-- Found required Ceres dependency: Eigen version 3.3.7 in /usr/local/include/eigen3
-- Found required Ceres dependency: glog
-- Found required Ceres dependency: gflags
-- Found Ceres version: 2.0.0 installed in: /usr/local with components: [EigenSparse, SparseLinearAlgebraLibrary, LAPACK, SuiteSparse, CXSparse, SchurSpecializations]
-- Boost version: 1.65.1
-- Found the following Boost libraries:
--   timer
--   regex
--   serialization
--   iostreams
--   thread
--   system
--   filesystem
--   chrono
--   date_time
--   atomic
-- Found Glog: /usr/include  
-- absl_DIR=/home/indemind/.jenkins_slave/workspace/rubby-slam-debug-3566/parker_vislam_source/Thirdparty/abseil_install/usr/local/lib/cmake/absl
-- Found PkgConfig: /usr/bin/pkg-config (found version "0.29.1") 
-- Checking for one of the modules 'cairo>=1.12.16'
-- CMAKE_CXX_COMPILER: GNU
-- CONFIG_BUILD_DEPTH=OFF
-- Configuring done
-- Generating done
-- Build files have been written to: /home/indemind/.jenkins_slave/workspace/rubby-slam-debug-3566/parker_vislam_source/build
+ make -j4
Scanning dependencies of target ORB_SLAM3
[  1%] Building CXX object CMakeFiles/ORB_SLAM3.dir/src/gridmap/CreateGridMap.cc.o
[  3%] Building CXX object CMakeFiles/ORB_SLAM3.dir/src/gridmap/grid_2d.cc.o
[  3%] Building CXX object CMakeFiles/ORB_SLAM3.dir/src/gridmap/image.cc.o
[  4%] Building CXX object CMakeFiles/ORB_SLAM3.dir/src/gridmap/color.cc.o
[  6%] Building CXX object CMakeFiles/ORB_SLAM3.dir/src/gridmap/points_batch.cc.o
[  7%] Building CXX object CMakeFiles/ORB_SLAM3.dir/src/gridmap/probability_grid.cc.o
[  8%] Building CXX object CMakeFiles/ORB_SLAM3.dir/src/gridmap/probability_grid_range_data_inserter_2d.cc.o
[  9%] Building CXX object CMakeFiles/ORB_SLAM3.dir/src/gridmap/probability_values.cc.o
[ 10%] Building CXX object CMakeFiles/ORB_SLAM3.dir/src/gridmap/range_data_inserter_interface.cc.o
[ 12%] Building CXX object CMakeFiles/ORB_SLAM3.dir/src/gridmap/ray_casting.cc.o
[ 13%] Building CXX object CMakeFiles/ORB_SLAM3.dir/src/gridmap/rigid_transform.cc.o
[ 14%] Building CXX object CMakeFiles/ORB_SLAM3.dir/src/gridmap/submap_painter.cc.o
[ 15%] Building CXX object CMakeFiles/ORB_SLAM3.dir/src/gridmap/transform.cc.o
[ 16%] Building CXX object CMakeFiles/ORB_SLAM3.dir/src/MapAndDataBaseManage.cc.o
[ 18%] Building CXX object CMakeFiles/ORB_SLAM3.dir/src/ceres_pose.cc.o
[ 19%] Building CXX object CMakeFiles/ORB_SLAM3.dir/src/tool/Icp.cpp.o
[ 20%] Building CXX object CMakeFiles/ORB_SLAM3.dir/src/ORBextractor.cc.o
[ 21%] Building CXX object CMakeFiles/ORB_SLAM3.dir/src/ORBmatcher.cc.o
[ 22%] Building CXX object CMakeFiles/ORB_SLAM3.dir/src/FrameDrawer.cc.o
[ 24%] Building CXX object CMakeFiles/ORB_SLAM3.dir/src/Converter.cc.o
[ 25%] Building CXX object CMakeFiles/ORB_SLAM3.dir/src/MapPoint.cc.o
[ 26%] Building CXX object CMakeFiles/ORB_SLAM3.dir/src/KeyFrame.cc.o
[ 27%] Building CXX object CMakeFiles/ORB_SLAM3.dir/src/Atlas.cc.o
[ 28%] Building CXX object CMakeFiles/ORB_SLAM3.dir/src/Map.cc.o
[ 30%] Building CXX object CMakeFiles/ORB_SLAM3.dir/src/MapDrawer.cc.o
[ 31%] Building CXX object CMakeFiles/ORB_SLAM3.dir/src/Frame.cc.o
[ 32%] Building CXX object CMakeFiles/ORB_SLAM3.dir/src/Sim3Solver.cc.o
[ 33%] Building CXX object CMakeFiles/ORB_SLAM3.dir/src/Viewer.cc.o
[ 34%] Building CXX object CMakeFiles/ORB_SLAM3.dir/src/ImuTypes.cc.o
[ 36%] Building CXX object CMakeFiles/ORB_SLAM3.dir/src/SlamErrors/FailedCounter.cc.o
[ 37%] Building CXX object CMakeFiles/ORB_SLAM3.dir/src/tool/DouglasPeucker.cc.o
[ 38%] Building CXX object CMakeFiles/ORB_SLAM3.dir/src/CameraModels/Pinhole.cpp.o
[ 39%] Building CXX object CMakeFiles/ORB_SLAM3.dir/src/CameraModels/KannalaBrandt8.cpp.o
[ 40%] Building CXX object CMakeFiles/ORB_SLAM3.dir/src/MLPnPsolver.cpp.o
[ 42%] Building CXX object CMakeFiles/ORB_SLAM3.dir/src/GeometricTools.cc.o
[ 43%] Building CXX object CMakeFiles/ORB_SLAM3.dir/src/TwoViewReconstruction.cc.o
[ 44%] Building CXX object CMakeFiles/ORB_SLAM3.dir/src/Config.cc.o
[ 45%] Building CXX object CMakeFiles/ORB_SLAM3.dir/src/Settings.cc.o
[ 46%] Building CXX object CMakeFiles/ORB_SLAM3.dir/src/tool/configs.cc.o
[ 48%] Building CXX object CMakeFiles/ORB_SLAM3.dir/src/tool/ReadDataSet.cc.o
[ 49%] Building CXX object CMakeFiles/ORB_SLAM3.dir/src/tool/thread/MultiThread.cpp.o
[ 50%] Building CXX object CMakeFiles/ORB_SLAM3.dir/src/tool/guassBg.cc.o
[ 51%] Building CXX object CMakeFiles/ORB_SLAM3.dir/src/tool/Initialization.cc.o
[ 53%] Building CXX object CMakeFiles/ORB_SLAM3.dir/src/tool/pose_viewer.cc.o
[ 54%] Building CXX object CMakeFiles/ORB_SLAM3.dir/src/tool/encoder_integration.cpp.o
[ 55%] Building CXX object CMakeFiles/ORB_SLAM3.dir/src/tool/common.cc.o
[ 56%] Building CXX object CMakeFiles/ORB_SLAM3.dir/src/gtsamOptimizer.cc.o
[ 57%] Building CXX object CMakeFiles/ORB_SLAM3.dir/src/tool/LoopClosureDetector.cpp.o
[ 59%] Building CXX object CMakeFiles/ORB_SLAM3.dir/src/FuseSensor.cc.o
[ 60%] Building CXX object CMakeFiles/ORB_SLAM3.dir/src/judge_imu_still.cc.o
[ 61%] Building CXX object CMakeFiles/ORB_SLAM3.dir/src/InitKeyFrame.cc.o
[ 62%] Building CXX object CMakeFiles/ORB_SLAM3.dir/src/System.cc.o
[ 63%] Building CXX object CMakeFiles/ORB_SLAM3.dir/src/ThinningMap.cc.o
[ 65%] Building CXX object CMakeFiles/ORB_SLAM3.dir/src/Tracking.cc.o
[ 66%] Building CXX object CMakeFiles/ORB_SLAM3.dir/src/LocalMapping.cc.o
[ 67%] Building CXX object CMakeFiles/ORB_SLAM3.dir/src/LoopManage.cc.o
[ 68%] Building CXX object CMakeFiles/ORB_SLAM3.dir/src/GridMapFilling.cc.o
[ 69%] Building CXX object CMakeFiles/ORB_SLAM3.dir/src/GridFilter.cc.o
[ 71%] Building CXX object CMakeFiles/ORB_SLAM3.dir/src/Optimizer.cc.o
[ 72%] Building CXX object CMakeFiles/ORB_SLAM3.dir/src/tool/WriteDataSet.cc.o
[ 73%] Building CXX object CMakeFiles/ORB_SLAM3.dir/src/flowcontrol.cpp.o
[ 74%] Building CXX object CMakeFiles/ORB_SLAM3.dir/src/tool/imuPreintegration.cc.o
[ 75%] Building CXX object CMakeFiles/ORB_SLAM3.dir/src/spa_cost_function.cc.o
[ 77%] Building CXX object CMakeFiles/ORB_SLAM3.dir/src/gps_smooth.cc.o
[ 78%] Building CXX object CMakeFiles/ORB_SLAM3.dir/src/Matcher.cc.o
[ 79%] Building CXX object CMakeFiles/ORB_SLAM3.dir/src/tool/GPSFuse.cc.o
[ 80%] Building CXX object CMakeFiles/ORB_SLAM3.dir/src/slam_logging.cc.o
[ 81%] Building CXX object CMakeFiles/ORB_SLAM3.dir/src/tool/RelativePose.cpp.o
[ 83%] Building CXX object CMakeFiles/ORB_SLAM3.dir/src/Slide.cc.o
[ 84%] Building CXX object CMakeFiles/ORB_SLAM3.dir/src/Local.cc.o
[ 85%] Building CXX object CMakeFiles/ORB_SLAM3.dir/src/tool/ippe.cpp.o
[ 86%] Building CXX object CMakeFiles/ORB_SLAM3.dir/src/tool/attachThread2Cpu.cc.o
[ 87%] Building CXX object CMakeFiles/ORB_SLAM3.dir/src/MemoryManage.cc.o
[ 89%] Building CXX object CMakeFiles/ORB_SLAM3.dir/src/PoseGraphManage.cc.o
[ 90%] Building CXX object CMakeFiles/ORB_SLAM3.dir/src/depthfilter.cc.o
[ 91%] Building CXX object CMakeFiles/ORB_SLAM3.dir/src/vikit_common/src/atan_camera.cpp.o
[ 92%] Building CXX object CMakeFiles/ORB_SLAM3.dir/src/vikit_common/src/omni_camera.cpp.o
[ 93%] Building CXX object CMakeFiles/ORB_SLAM3.dir/src/vikit_common/src/pinhole_camera.cpp.o
[ 95%] Linking CXX shared library ../lib/libORB_SLAM3.so
[ 95%] Built target ORB_SLAM3
Scanning dependencies of target slam_test
[ 96%] Building CXX object CMakeFiles/slam_test.dir/Examples/Stereo/slam_test.cc.o
Scanning dependencies of target slam_plugin
[ 97%] Building CXX object CMakeFiles/slam_plugin.dir/Examples/slam_rubby_demo/slam_plugin.cc.o
[ 98%] Linking CXX executable ../Examples/Stereo/slam_test
[ 98%] Built target slam_test
[100%] Linking CXX shared library ../lib/libslam_plugin.so
[100%] Built target slam_plugin
+ cd ..
+ cd Examples/rubby_ground_dataset_demo/
+ mkdir -p build
+ cd build
+ cmake ..
-- The C compiler identification is GNU 7.5.0
-- The CXX compiler identification is GNU 7.5.0
-- Check for working C compiler: /usr/bin/cc
-- Check for working C compiler: /usr/bin/cc -- works
-- Detecting C compiler ABI info
-- Detecting C compiler ABI info - done
-- Detecting C compile features
-- Detecting C compile features - done
-- Check for working CXX compiler: /usr/bin/c++
-- Check for working CXX compiler: /usr/bin/c++ -- works
-- Detecting CXX compiler ABI info
-- Detecting CXX compiler ABI info - done
-- Detecting CXX compile features
-- Detecting CXX compile features - done
Build type: 
-- Found OpenCV: /usr/local (found suitable version "3.4.3", minimum required is "3.4") 
3.4.3
-- Found Eigen3: /usr/local/include/eigen3 (Required is at least version "3.1.0") 
-- Looking for pthread.h
-- Looking for pthread.h - found
-- Looking for pthread_create
-- Looking for pthread_create - not found
-- Looking for pthread_create in pthreads
-- Looking for pthread_create in pthreads - not found
-- Looking for pthread_create in pthread
-- Looking for pthread_create in pthread - found
-- Found Threads: TRUE  
-- Boost version: 1.65.1
-- Found the following Boost libraries:
--   timer
--   regex
--   serialization
--   iostreams
--   thread
--   system
--   filesystem
--   chrono
--   date_time
--   atomic
-- Found Glog: /usr/include  
-- Using CATKIN_DEVEL_PREFIX: /home/indemind/.jenkins_slave/workspace/rubby-slam-debug-3566/parker_vislam_source/Examples/rubby_ground_dataset_demo/build/devel
-- Using CMAKE_PREFIX_PATH: /opt/ros/melodic
-- This workspace overlays: /opt/ros/melodic
-- Found PythonInterp: /usr/bin/python2 (found suitable version "2.7.17", minimum required is "2") 
-- Using PYTHON_EXECUTABLE: /usr/bin/python2
-- Using Debian Python package layout
-- Using empy: /usr/bin/empy
-- Using CATKIN_ENABLE_TESTING: ON
-- Call enable_testing()
-- Using CATKIN_TEST_RESULTS_DIR: /home/indemind/.jenkins_slave/workspace/rubby-slam-debug-3566/parker_vislam_source/Examples/rubby_ground_dataset_demo/build/test_results
-- Found gtest sources under '/usr/src/googletest': gtests will be built
-- Found gmock sources under '/usr/src/googletest': gmock will be built
-- Found PythonInterp: /usr/bin/python2 (found version "2.7.17") 
-- Using Python nosetests: /usr/bin/nosetests-2.7
-- catkin 0.7.29
-- BUILD_SHARED_LIBS is on
-- Could NOT find cv_bridge (missing: cv_bridge_DIR)
-- Could not find the required component 'cv_bridge'. The following CMake error indicates that you either need to install the package with the same name or change your environment so that it can be found.
CMake Error at /opt/ros/melodic/share/catkin/cmake/catkinConfig.cmake:83 (find_package):
  Could not find a package configuration file provided by "cv_bridge" with
  any of the following names:

    cv_bridgeConfig.cmake
    cv_bridge-config.cmake

  Add the installation prefix of "cv_bridge" to CMAKE_PREFIX_PATH or set
  "cv_bridge_DIR" to a directory containing one of the above files.  If
  "cv_bridge" provides a separate development package or SDK, be sure it has
  been installed.
Call Stack (most recent call first):
  CMakeLists.txt:46 (find_package)


-- Configuring incomplete, errors occurred!
See also "/home/indemind/.jenkins_slave/workspace/rubby-slam-debug-3566/parker_vislam_source/Examples/rubby_ground_dataset_demo/build/CMakeFiles/CMakeOutput.log".
See also "/home/indemind/.jenkins_slave/workspace/rubby-slam-debug-3566/parker_vislam_source/Examples/rubby_ground_dataset_demo/build/CMakeFiles/CMakeError.log".
+ echo 0
+ popd
/
+ exit
+ [[ -f /home/indemind/.jenkins_slave/workspace/rubby-slam-debug-3566/no_code_change.log ]]
+ check_status_code
+ test -f /home/indemind/.jenkins_slave/workspace/rubby-slam-debug-3566/result.log
+ echo 'containge build is error'
containge build is error
+ exit 1
Build step 'Execute shell' marked build as failure
Email was triggered for: Failure - Any
Sending email for trigger: Failure - Any
Sending email to: qishanqing@indemind.cn lishaohui@indemind.cn
Finished: FAILURE
