Started by user [8mha:////4MzersSP/9cKUovrzPMuoS/kLqxVF8zd8yb1BUJ8RGIAAAAAmh+LCAAAAAAAAP9b85aBtbiIQTGjNKU4P08vOT+vOD8nVc83PyU1x6OyILUoJzMv2y+/JJUBAhiZGBgqihhk0NSjKDWzXb3RdlLBUSYGJk8GtpzUvPSSDB8G5tKinBIGIZ+sxLJE/ZzEvHT94JKizLx0a6BxUmjGOUNodHsLgAzuEgYB/dLi1CL9nMzSXKDZQJMAv/Rqu8UAAAA=[0mliumengyang
Rebuilds build #[8mha:////4I2aBg7Dj3tGv3Gsua/ktRjtgGeoiUiiWwSfIQyKl79DAAAArR+LCAAAAAAAAP9b85aBtbiIQTGjNKU4P08vOT+vOD8nVc83PyU1x6OyILUoJzMv2y+/JJUBAhiZGBgqihhk0NSjKDWzXb3RdlLBUSYGJk8GtpzUvPSSDB8G5tKinBIGIZ+sxLJE/ZzEvHT94JKizLx0a6BxUmjGOUNodHsLgAymEgZ1/bLM1HL91Nyk1JTUFP2s/CT95MS01CJdMzMDQ12YsLERAG9hk1/cAAAA[0m32
Running as SYSTEM
Building remotely on [8mha:////4Mv+1wvIWl3OXIDGu6w3unSREX/fT0xpLFWon9eyySx4AAAAoR+LCAAAAAAAAP9b85aBtbiIQTGjNKU4P08vOT+vOD8nVc83PyU1x6OyILUoJzMv2y+/JJUBAhiZGBgqihhk0NSjKDWzXb3RdlLBUSYGJk8GtpzUvPSSDB8G5tKinBIGIZ+sxLJE/ZzEvHT94JKizLx0a6BxUmjGOUNodHsLgAzuEgZR/eT83ILSktQi/eyMxJTEYt3kxCJzAF4ra8rKAAAA[0mkhadas-car7 (car7) in workspace /root/workspace/workspace/cafer-6601-embeded
[WS-CLEANUP] Clean-up disabled, skipping workspace deletion.
[cafer-6601-embeded] $ /bin/sh -xe /tmp/jenkins16871444645519812304.sh
+ bash /root/myscript/build/build.sh
++ export MYSQL_PWD=123
++ MYSQL_PWD=123
++ export -f cmdb_mysql
+ set -ex
+ export -f public_project_update
+ export -f project_build
+ init_project_env
++ date +%Y%m%d
+ DT=20231221
+ UserName=jenkins
+ API_TOKEN=11b65309c9835de9579d9c9038853d9eb7
+ GIT_PRIVATE_TOKEN=emEDrsaJVjxKK5gSWrf-
+ GIT_HOST=192.168.50.191
++ awk -F/ '{print $1"%2F"$2}'
++ echo abby/integration/sensors
+ CONVERT_TARGET_PROJECT=abby%2Fintegration
++ python -c 'import sys, json; print(json.load(sys.stdin)["id"])'
/root/myscript/build/build.sh: line 14: python: command not found
++ curl -XGET -H 'Content-Type: application/json' --header 'PRIVATE-TOKEN: emEDrsaJVjxKK5gSWrf-' http://192.168.50.191:85/api/v4/projects/abby%2Fintegration
  % Total    % Received % Xferd  Average Speed   Time    Time     Time  Current
                                 Dload  Upload   Total   Spent    Left  Speed
  0     0    0     0    0     0      0      0 --:--:-- --:--:-- --:--:--     0100    35  100    35    0     0    603      0 --:--:-- --:--:-- --:--:--   614
(23) Failed writing body
+ SUB_PROJECT_ID=
+ true
+ '[' -z ']'
+ SOURCE_DIR=/root/workspace/workspace/cafer-6601-embeded/rubby_sensor_6601
+ TARGET_DIR=/root/workspace/workspace/cafer-6601-embeded/sensors
+ prepare_env
++ uname -m
+ system_platform=aarch64
+ :
++ cat /proc/cpuinfo
++ uniq
++ wc -l
++ grep processor
++ sort
+ mt=-j4
+ export COMMIT_ID_FILE=/root/workspace/workspace/cafer-6601-embeded/_last_build_id
+ COMMIT_ID_FILE=/root/workspace/workspace/cafer-6601-embeded/_last_build_id
+ export COMMIT_MSG_FILE=/root/workspace/workspace/cafer-6601-embeded/_commit-msg
+ COMMIT_MSG_FILE=/root/workspace/workspace/cafer-6601-embeded/_commit-msg
+ export COMMIT_MSG_FILE_TMP=/root/workspace/workspace/cafer-6601-embeded/_commit-msg.tmp
+ COMMIT_MSG_FILE_TMP=/root/workspace/workspace/cafer-6601-embeded/_commit-msg.tmp
+ rm -f /root/workspace/workspace/cafer-6601-embeded/_last_build_id
+ rm -f /root/workspace/workspace/cafer-6601-embeded/_commit-msg
+ rm -f /root/workspace/workspace/cafer-6601-embeded/_commit-msg.tmp
+ rm -f /root/workspace/workspace/cafer-6601-embeded/result.log
+ rm -f /root/workspace/workspace/cafer-6601-embeded/no_code_change.log
+ CLONE_DEPTH=--depth=1
+ PUBLICBASETYPES_DIR=/root/system/I18RPublicBaseTypes
+ cmdb_mysql 'insert into prebuild(job_name,source_project,source_branch,target_project,target_branch,time,build_url,node_name,build_user) values ('\''cafer-6601-embeded'\'','\''EmbeddedGroup/rubby_sensor_6601'\'','\''master'\'','\''abby/integration/sensors'\'','\''caffer'\'',now(),'\''http://192.168.50.191:8088/job/cafer-6601-embeded/33/'\'','\''khadas-car7'\'','\''liumengang'\'')'
+ set +x
+ DOCKER_CONTAINER_I18=build-x64-18.04
+ DOCKER_CONTAINER_RUBBY=c405
+ DOCKER_CONTAINER_RUBBY_INSIDE=c3566
+ DOCKER_CONTAINER_JAVA=node
+ JENKINS_JOB_A=mind
+ JENKINS_JOB_B=rbn
+ JENKINS_JOB_C=mark-check-tools
+ JENKINS_JOB_D=java
+ JENKINS_JOB_E=clean_recorder
+ JENKINS_JOB_F=i18r
+ JENKINS_JOB_G=nodejs
+ JENKINS_JOB_H=_ui
+ JENKINS_JOB_L=i12r
+ [[ cafer-6601-embeded =~ mind ]]
+ '[' false = false ']'
+ source_project_update
+ '[' -d /root/workspace/workspace/cafer-6601-embeded/rubby_sensor_6601 ']'
+ pushd /root/workspace/workspace/cafer-6601-embeded/rubby_sensor_6601
~/workspace/workspace/cafer-6601-embeded/rubby_sensor_6601 ~/workspace/workspace/cafer-6601-embeded
+ git checkout ./
Updated 1 path from the index
+ git pull --rebase
From ssh://192.168.50.191:222/EmbeddedGroup/rubby_sensor_6601
   1aeb208..2cb7727  master     -> origin/master
Updating 1aeb208..2cb7727
Fast-forward
 sensor/core/imsee/src/6601_mipi/mipi_imsee.cpp | 3 ++-
 1 file changed, 2 insertions(+), 1 deletion(-)
Current branch master is up to date.
+ popd
~/workspace/workspace/cafer-6601-embeded
+ target_project_update
+ rm -rf /root/workspace/workspace/cafer-6601-embeded/sensors
+ target_project_fetch
+ git clone ssh://git@192.168.50.191:222/abby/integration/sensors -b caffer --depth=1
Cloning into 'sensors'...
+ insert_db
+ pushd /root/workspace/workspace/cafer-6601-embeded/rubby_sensor_6601
~/workspace/workspace/cafer-6601-embeded/rubby_sensor_6601 ~/workspace/workspace/cafer-6601-embeded
++ cmdb_mysql 'SELECT first_commit_id FROM prebuild where source_project='\''EmbeddedGroup/rubby_sensor_6601'\'' and source_branch='\''master'\'' and target_project='\''abby/integration/sensors'\'' and target_branch='\''caffer'\'' and status='\''0'\'' and job_name='\''cafer-6601-embeded'\'' order by id desc limit 1;'
++ set +x
+ version='first_commit_id
1aeb208'
++ awk -F ' ' '{print $2}'
++ echo first_commit_id 1aeb208
+ version=1aeb208
++ git log -1 --pretty=format:%h
+ first_commit_id_now=2cb7727
+ cmdb_mysql 'update prebuild set first_commit_id='\''2cb7727'\'' where build_url='\''http://192.168.50.191:8088/job/cafer-6601-embeded/33/'\'';'
+ set +x
+ popd
~/workspace/workspace/cafer-6601-embeded
+ [[ aarch64 =~ x86_64 ]]
+ [[ cafer-6601-embeded =~ rbn ]]
+ [[ cafer-6601-embeded =~ mind ]]
+ public_project_update
+ rm -rf /root/system/I18RPublicBaseTypes
+ [[ cafer-6601-embeded =~ nodejs ]]
+ [[ cafer-6601-embeded =~ clean_recorder ]]
+ [[ cafer-6601-embeded =~ i18r ]]
+ public_i18rutilitysubmodule_update
+ pushd /root/system/i18rutilitysubmodule
~/system/i18rutilitysubmodule ~/workspace/workspace/cafer-6601-embeded
+ git checkout ./
Updated 0 paths from the index
+ git clean -xdf ./
+ git pull origin develop
From ssh://192.168.50.191:222/AroundI18RProject/i18rutilitysubmodule
 * branch            develop    -> FETCH_HEAD
Already up to date.
+ ./install.sh
+ popd
~/workspace/workspace/cafer-6601-embeded
+ project_build
+ pushd /root/workspace/workspace/cafer-6601-embeded/rubby_sensor_6601
~/workspace/workspace/cafer-6601-embeded/rubby_sensor_6601 ~/workspace/workspace/cafer-6601-embeded
+ project_init_remote
++ find -type f -name sync_submodules.sh
+ sf=
+ '[' -z ']'
+ git submodule update --init --recursive
Submodule path 'abby_msg': checked out '46b83c7df85f12d69df72cb91ab00d9bc39c3671'
+ git submodule update --remote
Submodule path 'abby_msg': checked out 'd1567adfab8b002112b3f9cc3bb50da2fbe1fe35'
+ sed -i 's/make -j[0-9].*/make -j4/g' build.sh
+ '[' -z ']'
+ '[' x2cb7727 == x1aeb208 ']'
+ bash -ex build.sh
++ wc -l
++ grep processor
++ cat /proc/cpuinfo
+ NR=6
++ uname -m
+ PLATFORM=aarch64
+ echo 'now platform is aarch64 ...'
now platform is aarch64 ...
+ [[ 0 -gt 0 ]]
+ '[' aarch64 = x86_64 ']'
+ '[' aarch64 = aarch64 ']'
+ arm64_compile_arm64
+ '[' '!' -d build_arm64 ']'
+ cd build_arm64
+ cmake -DCOMPILE_FOR_SDK=OFF -DCROSS_COMPILE_ENABLE=OFF ..
LIBRARY_OUTPUT_PATH /root/workspace/workspace/cafer-6601-embeded/rubby_sensor_6601/install/lib/arm ..................
EXECUTABLE_OUTPUT_PATH /root/workspace/workspace/cafer-6601-embeded/rubby_sensor_6601/install/bin/arm .....................
-- BUILD_ROS_NODE=OFF
-- emb_common version is 1.0.2
-- imsee version is 1.0.2
-- KeyBoard version is 1.0.2
-- McuData version is 1.0.2
-- multimodule version is 1.0.2
-- sensorControl version is 1.0.2
-- sensor_plugin version is 1.0.2
-- test_plugin version is 1.0.2
-- sensor_subscriber_plugin version is 1.0.2
-- Configuring done
-- Generating done
-- Build files have been written to: /root/workspace/workspace/cafer-6601-embeded/rubby_sensor_6601/build_arm64
+ make -j6
[ 21%] Built target emb_common
[ 26%] Built target KeyBoard
[ 31%] Built target monitor_node
[ 40%] Built target test_plugin
[ 40%] Built target sensorControl
[ 40%] Built target sensor_subscriber_plugin
Scanning dependencies of target imsee
[ 43%] Built target multimodule
[ 51%] Built target McuData
[ 56%] Built target multi_main
[ 57%] Building CXX object sensor/core/imsee/src/CMakeFiles/imsee.dir/6601_mipi/mipi_imsee.cpp.o
[ 59%] Building CXX object sensor/core/imsee/src/CMakeFiles/imsee.dir/ImseeModule.cpp.o
[ 60%] Building CXX object sensor/core/imsee/src/CMakeFiles/imsee.dir/imsee.cpp.o
/root/workspace/workspace/cafer-6601-embeded/rubby_sensor_6601/sensor/core/imsee/src/imsee.cpp:1596: warning: "MAC_MODE_INCLUDE_OTP_88" redefined
 1596 | #define MAC_MODE_INCLUDE_OTP_88 ((uint8_t)0x10)     //!< MAC mode bit   4: include first 88 OTP bits
      | 
In file included from /root/workspace/workspace/cafer-6601-embeded/rubby_sensor_6601/sensor/core/imsee/src/imsee.cpp:24:
/root/workspace/workspace/cafer-6601-embeded/rubby_sensor_6601/sensor/core/imsee/src/../library/sha256.h:104: note: this is the location of the previous definition
  104 | #define MAC_MODE_INCLUDE_OTP_88 ((uint8)0x10)     //!< MAC mode bit   4: include first 88 OTP bits
      | 
/root/workspace/workspace/cafer-6601-embeded/rubby_sensor_6601/sensor/core/imsee/src/imsee.cpp:1597: warning: "MAC_MODE_INCLUDE_OTP_64" redefined
 1597 | #define MAC_MODE_INCLUDE_OTP_64 ((uint8_t)0x20)     //!< MAC mode bit   5: include first 64 OTP bits
      | 
In file included from /root/workspace/workspace/cafer-6601-embeded/rubby_sensor_6601/sensor/core/imsee/src/imsee.cpp:24:
/root/workspace/workspace/cafer-6601-embeded/rubby_sensor_6601/sensor/core/imsee/src/../library/sha256.h:105: note: this is the location of the previous definition
  105 | #define MAC_MODE_INCLUDE_OTP_64 ((uint8)0x20)     //!< MAC mode bit   5: include first 64 OTP bits
      | 
/root/workspace/workspace/cafer-6601-embeded/rubby_sensor_6601/sensor/core/imsee/src/imsee.cpp:1603: warning: "MAC_MODE_CHALLENGE" redefined
 1603 | #define MAC_MODE_CHALLENGE ((uint8_t)0x00)          //!< MAC mode       0: first SHA block from data slot
      | 
In file included from /root/workspace/workspace/cafer-6601-embeded/rubby_sensor_6601/sensor/core/imsee/src/imsee.cpp:24:
/root/workspace/workspace/cafer-6601-embeded/rubby_sensor_6601/sensor/core/imsee/src/../library/sha256.h:99: note: this is the location of the previous definition
   99 | #define MAC_MODE_CHALLENGE ((uint8)0x00)          //!< MAC mode       0: first SHA block from data slot
      | 
/root/workspace/workspace/cafer-6601-embeded/rubby_sensor_6601/sensor/core/imsee/src/imsee.cpp:1604: warning: "MAC_MODE_BLOCK2_TEMPKEY" redefined
 1604 | #define MAC_MODE_BLOCK2_TEMPKEY ((uint8_t)0x01)     //!< MAC mode bit   0: second SHA block from TempKey
      | 
In file included from /root/workspace/workspace/cafer-6601-embeded/rubby_sensor_6601/sensor/core/imsee/src/imsee.cpp:24:
/root/workspace/workspace/cafer-6601-embeded/rubby_sensor_6601/sensor/core/imsee/src/../library/sha256.h:100: note: this is the location of the previous definition
  100 | #define MAC_MODE_BLOCK2_TEMPKEY ((uint8)0x01)     //!< MAC mode bit   0: second SHA block from TempKey
      | 
/root/workspace/workspace/cafer-6601-embeded/rubby_sensor_6601/sensor/core/imsee/src/imsee.cpp:1605: warning: "MAC_MODE_BLOCK1_TEMPKEY" redefined
 1605 | #define MAC_MODE_BLOCK1_TEMPKEY ((uint8_t)0x02)     //!< MAC mode bit   1: first SHA block from TempKey
      | 
In file included from /root/workspace/workspace/cafer-6601-embeded/rubby_sensor_6601/sensor/core/imsee/src/imsee.cpp:24:
/root/workspace/workspace/cafer-6601-embeded/rubby_sensor_6601/sensor/core/imsee/src/../library/sha256.h:101: note: this is the location of the previous definition
  101 | #define MAC_MODE_BLOCK1_TEMPKEY ((uint8)0x02)     //!< MAC mode bit   1: first SHA block from TempKey
      | 
/root/workspace/workspace/cafer-6601-embeded/rubby_sensor_6601/sensor/core/imsee/src/imsee.cpp:1606: warning: "MAC_MODE_SOURCE_FLAG_MATCH" redefined
 1606 | #define MAC_MODE_SOURCE_FLAG_MATCH ((uint8_t)0x04)  //!< MAC mode bit   2: match TempKey.SourceFlag
      | 
In file included from /root/workspace/workspace/cafer-6601-embeded/rubby_sensor_6601/sensor/core/imsee/src/imsee.cpp:24:
/root/workspace/workspace/cafer-6601-embeded/rubby_sensor_6601/sensor/core/imsee/src/../library/sha256.h:102: note: this is the location of the previous definition
  102 | #define MAC_MODE_SOURCE_FLAG_MATCH ((uint8)0x04)  //!< MAC mode bit   2: match TempKey.SourceFlag
      | 
/root/workspace/workspace/cafer-6601-embeded/rubby_sensor_6601/sensor/core/imsee/src/imsee.cpp:1607: warning: "MAC_MODE_PASSTHROUGH" redefined
 1607 | #define MAC_MODE_PASSTHROUGH ((uint8_t)0x07)        //!< MAC mode bit 0-2: pass-through mode
      | 
In file included from /root/workspace/workspace/cafer-6601-embeded/rubby_sensor_6601/sensor/core/imsee/src/imsee.cpp:24:
/root/workspace/workspace/cafer-6601-embeded/rubby_sensor_6601/sensor/core/imsee/src/../library/sha256.h:103: note: this is the location of the previous definition
  103 | #define MAC_MODE_PASSTHROUGH ((uint8)0x07)        //!< MAC mode bit 0-2: pass-through mode
      | 
/root/workspace/workspace/cafer-6601-embeded/rubby_sensor_6601/sensor/core/imsee/src/imsee.cpp:1610: warning: "MAC_MODE_INCLUDE_SN" redefined
 1610 | #define MAC_MODE_INCLUDE_SN ((uint8_t)0x40)         //!< MAC mode bit   6: include serial number
      | 
In file included from /root/workspace/workspace/cafer-6601-embeded/rubby_sensor_6601/sensor/core/imsee/src/imsee.cpp:24:
/root/workspace/workspace/cafer-6601-embeded/rubby_sensor_6601/sensor/core/imsee/src/../library/sha256.h:106: note: this is the location of the previous definition
  106 | #define MAC_MODE_INCLUDE_SN ((uint8)0x40)         //!< MAC mode bit   6: include serial number
      | 
/root/workspace/workspace/cafer-6601-embeded/rubby_sensor_6601/sensor/core/imsee/src/imsee.cpp:1612: warning: "MAC_MODE_MASK" redefined
 1612 | #define MAC_MODE_MASK ((uint8_t)0x77)               //!< MAC mode bits 3 and 7 are 0.
      | 
In file included from /root/workspace/workspace/cafer-6601-embeded/rubby_sensor_6601/sensor/core/imsee/src/imsee.cpp:24:
/root/workspace/workspace/cafer-6601-embeded/rubby_sensor_6601/sensor/core/imsee/src/../library/sha256.h:108: note: this is the location of the previous definition
  108 | #define MAC_MODE_MASK ((uint8)0x77)               //!< MAC mode bits 3 and 7 are 0.
      | 
/root/workspace/workspace/cafer-6601-embeded/rubby_sensor_6601/sensor/core/imsee/src/imsee.cpp: In constructor â€˜imsee_module::IMSEE::IMSEE()â€™:
/root/workspace/workspace/cafer-6601-embeded/rubby_sensor_6601/sensor/core/imsee/src/imsee.cpp:101:45: warning: â€˜void* memset(void*, int, size_t)â€™ clearing an object of non-trivial type â€˜struct imsee_module::ImseeDeviceâ€™; use assignment or value-initialization instead [-Wclass-memaccess]
  101 |   memset(&deviceInfo, 0, sizeof(ImseeDevice));
      |                                             ^
In file included from /root/workspace/workspace/cafer-6601-embeded/rubby_sensor_6601/sensor/core/imsee/src/imsee.hpp:9,
                 from /root/workspace/workspace/cafer-6601-embeded/rubby_sensor_6601/sensor/core/imsee/src/imsee.cpp:1:
/root/workspace/workspace/cafer-6601-embeded/rubby_sensor_6601/sensor/core/imsee/src/ImseeModule.hpp:21:8: note: â€˜struct imsee_module::ImseeDeviceâ€™ declared here
   21 | struct ImseeDevice {
      |        ^~~~~~~~~~~
/root/workspace/workspace/cafer-6601-embeded/rubby_sensor_6601/sensor/core/imsee/src/imsee.cpp:132:46: warning: â€˜void* memset(void*, int, size_t)â€™ clearing an object of non-trivial type â€˜struct imsee_module::ImgDataTypeâ€™; use assignment or value-initialization instead [-Wclass-memaccess]
  132 |   memset(&camera_data, 0, sizeof(ImgDataType));
      |                                              ^
In file included from /root/workspace/workspace/cafer-6601-embeded/rubby_sensor_6601/sensor/core/imsee/src/imsee.cpp:1:
/root/workspace/workspace/cafer-6601-embeded/rubby_sensor_6601/sensor/core/imsee/src/imsee.hpp:51:8: note: â€˜struct imsee_module::ImgDataTypeâ€™ declared here
   51 | struct ImgDataType {
      |        ^~~~~~~~~~~
/root/workspace/workspace/cafer-6601-embeded/rubby_sensor_6601/sensor/core/imsee/src/imsee.cpp:133:43: warning: â€˜void* memset(void*, int, size_t)â€™ clearing an object of non-trivial type â€˜struct imsee_module::ImuDataTypeâ€™; use assignment or value-initialization instead [-Wclass-memaccess]
  133 |   memset(&imu_data, 0, sizeof(ImuDataType));
      |                                           ^
In file included from /root/workspace/workspace/cafer-6601-embeded/rubby_sensor_6601/sensor/core/imsee/src/imsee.cpp:1:
/root/workspace/workspace/cafer-6601-embeded/rubby_sensor_6601/sensor/core/imsee/src/imsee.hpp:72:8: note: â€˜struct imsee_module::ImuDataTypeâ€™ declared here
   72 | struct ImuDataType {
      |        ^~~~~~~~~~~
/root/workspace/workspace/cafer-6601-embeded/rubby_sensor_6601/sensor/core/imsee/src/imsee.cpp: In constructor â€˜imsee_module::IMSEE::IMSEE(imsee_module::ImseeDevice)â€™:
/root/workspace/workspace/cafer-6601-embeded/rubby_sensor_6601/sensor/core/imsee/src/imsee.cpp:146:45: warning: â€˜void* memset(void*, int, size_t)â€™ clearing an object of non-trivial type â€˜struct imsee_module::ImseeDeviceâ€™; use assignment or value-initialization instead [-Wclass-memaccess]
  146 |   memset(&deviceInfo, 0, sizeof(ImseeDevice));
      |                                             ^
In file included from /root/workspace/workspace/cafer-6601-embeded/rubby_sensor_6601/sensor/core/imsee/src/imsee.hpp:9,
                 from /root/workspace/workspace/cafer-6601-embeded/rubby_sensor_6601/sensor/core/imsee/src/imsee.cpp:1:
/root/workspace/workspace/cafer-6601-embeded/rubby_sensor_6601/sensor/core/imsee/src/ImseeModule.hpp:21:8: note: â€˜struct imsee_module::ImseeDeviceâ€™ declared here
   21 | struct ImseeDevice {
      |        ^~~~~~~~~~~
/root/workspace/workspace/cafer-6601-embeded/rubby_sensor_6601/sensor/core/imsee/src/imsee.cpp:174:46: warning: â€˜void* memset(void*, int, size_t)â€™ clearing an object of non-trivial type â€˜struct imsee_module::ImgDataTypeâ€™; use assignment or value-initialization instead [-Wclass-memaccess]
  174 |   memset(&camera_data, 0, sizeof(ImgDataType));
      |                                              ^
In file included from /root/workspace/workspace/cafer-6601-embeded/rubby_sensor_6601/sensor/core/imsee/src/imsee.cpp:1:
/root/workspace/workspace/cafer-6601-embeded/rubby_sensor_6601/sensor/core/imsee/src/imsee.hpp:51:8: note: â€˜struct imsee_module::ImgDataTypeâ€™ declared here
   51 | struct ImgDataType {
      |        ^~~~~~~~~~~
/root/workspace/workspace/cafer-6601-embeded/rubby_sensor_6601/sensor/core/imsee/src/imsee.cpp:175:43: warning: â€˜void* memset(void*, int, size_t)â€™ clearing an object of non-trivial type â€˜struct imsee_module::ImuDataTypeâ€™; use assignment or value-initialization instead [-Wclass-memaccess]
  175 |   memset(&imu_data, 0, sizeof(ImuDataType));
      |                                           ^
In file included from /root/workspace/workspace/cafer-6601-embeded/rubby_sensor_6601/sensor/core/imsee/src/imsee.cpp:1:
/root/workspace/workspace/cafer-6601-embeded/rubby_sensor_6601/sensor/core/imsee/src/imsee.hpp:72:8: note: â€˜struct imsee_module::ImuDataTypeâ€™ declared here
   72 | struct ImuDataType {
      |        ^~~~~~~~~~~
/root/workspace/workspace/cafer-6601-embeded/rubby_sensor_6601/sensor/core/imsee/src/6601_mipi/mipi_imsee.cpp: In constructor â€˜imsee_module::MIPI_IMSEE::MIPI_IMSEE()â€™:
/root/workspace/workspace/cafer-6601-embeded/rubby_sensor_6601/sensor/core/imsee/src/6601_mipi/mipi_imsee.cpp:211:15: warning: unused variable â€˜imuDevâ€™ [-Wunused-variable]
  211 |   iio_device *imuDev = nullptr;
      |               ^~~~~~
/root/workspace/workspace/cafer-6601-embeded/rubby_sensor_6601/sensor/core/imsee/src/6601_mipi/mipi_imsee.cpp:212:15: warning: unused variable â€˜imuBufâ€™ [-Wunused-variable]
  212 |   iio_buffer *imuBuf = nullptr;
      |               ^~~~~~
/root/workspace/workspace/cafer-6601-embeded/rubby_sensor_6601/sensor/core/imsee/src/6601_mipi/mipi_imsee.cpp:213:10: warning: unused variable â€˜imuAccScaleValâ€™ [-Wunused-variable]
  213 |   double imuAccScaleVal = 0;
      |          ^~~~~~~~~~~~~~
/root/workspace/workspace/cafer-6601-embeded/rubby_sensor_6601/sensor/core/imsee/src/6601_mipi/mipi_imsee.cpp:214:10: warning: unused variable â€˜imuGyroScaleValâ€™ [-Wunused-variable]
  214 |   double imuGyroScaleVal = 0;
      |          ^~~~~~~~~~~~~~~
/root/workspace/workspace/cafer-6601-embeded/rubby_sensor_6601/sensor/core/imsee/src/imsee.cpp: In member function â€˜int imsee_module::IMSEE::CopyParams(std::shared_ptr<sensor_srvs::ImseeParamSrv::Response>, unsigned char*)â€™:
/root/workspace/workspace/cafer-6601-embeded/rubby_sensor_6601/sensor/core/imsee/src/imsee.cpp:419:1: warning: no return statement in function returning non-void [-Wreturn-type]
  419 | }
      | ^
/root/workspace/workspace/cafer-6601-embeded/rubby_sensor_6601/sensor/core/imsee/src/imsee.cpp: In member function â€˜virtual int imsee_module::IMSEE::GetParams(std::shared_ptr<sensor_srvs::ImseeParamSrv::Response>)â€™:
/root/workspace/workspace/cafer-6601-embeded/rubby_sensor_6601/sensor/core/imsee/src/imsee.cpp:458:16: warning: comparison of integer expressions of different signedness: â€˜intâ€™ and â€˜size_tâ€™ {aka â€˜long unsigned intâ€™} [-Wsign-compare]
  458 |     if (retLen != len) {
      |         ~~~~~~~^~~~~~
/root/workspace/workspace/cafer-6601-embeded/rubby_sensor_6601/sensor/core/imsee/src/6601_mipi/mipi_imsee.cpp: In member function â€˜int imsee_module::MIPI_IMSEE::GetImage(uint32_t)â€™:
/root/workspace/workspace/cafer-6601-embeded/rubby_sensor_6601/sensor/core/imsee/src/6601_mipi/mipi_imsee.cpp:524:9: error: â€˜RNLOG_INFOâ€™ was not declared in this scope; did you mean â€˜RBLOG_INFOâ€™?
  524 |         RNLOG_INFO<<"11111111111111111111111111111111";
      |         ^~~~~~~~~~
      |         RBLOG_INFO
/root/workspace/workspace/cafer-6601-embeded/rubby_sensor_6601/sensor/core/imsee/src/6601_mipi/mipi_imsee.cpp:523:18: warning: unused variable â€˜tmpâ€™ [-Wunused-variable]
  523 |         uint64_t tmp = slamImage.timeStamp;
      |                  ^~~
/root/workspace/workspace/cafer-6601-embeded/rubby_sensor_6601/sensor/core/imsee/src/6601_mipi/mipi_imsee.cpp: In member function â€˜void imsee_module::MIPI_IMSEE::ImuRecieveThread()â€™:
/root/workspace/workspace/cafer-6601-embeded/rubby_sensor_6601/sensor/core/imsee/src/6601_mipi/mipi_imsee.cpp:667:21: warning: comparison of integer expressions of different signedness: â€˜intâ€™ and â€˜unsigned intâ€™ [-Wsign-compare]
  667 |   for (int i = 0; i < channel_num; i++) {
      |                   ~~^~~~~~~~~~~~~
/root/workspace/workspace/cafer-6601-embeded/rubby_sensor_6601/sensor/core/imsee/src/6601_mipi/mipi_imsee.cpp:689:97: warning: pointer of type â€˜void *â€™ used in arithmetic [-Wpointer-arith]
  689 |     for (void *addr_ptr = iio_buffer_start(imuBuf); addr_ptr < iio_buffer_end(imuBuf); addr_ptr += iio_buffer_step(imuBuf)){
      |                                                                                        ~~~~~~~~~^~~~~~~~~~~~~~~~~~~~~~~~~~
/root/workspace/workspace/cafer-6601-embeded/rubby_sensor_6601/sensor/core/imsee/src/6601_mipi/mipi_imsee.cpp: In member function â€˜int imsee_module::MIPI_IMSEE::ImgInit(int, int, int)â€™:
/root/workspace/workspace/cafer-6601-embeded/rubby_sensor_6601/sensor/core/imsee/src/6601_mipi/mipi_imsee.cpp:870:7: warning: unused variable â€˜retâ€™ [-Wunused-variable]
  870 |   int ret;
      |       ^~~
/root/workspace/workspace/cafer-6601-embeded/rubby_sensor_6601/sensor/core/imsee/src/6601_mipi/mipi_imsee.cpp: In member function â€˜int imsee_module::MIPI_IMSEE::ImgStart()â€™:
/root/workspace/workspace/cafer-6601-embeded/rubby_sensor_6601/sensor/core/imsee/src/6601_mipi/mipi_imsee.cpp:967:23: warning: comparison of integer expressions of different signedness: â€˜intâ€™ and â€˜std::vector<std::shared_ptr<VioBufInfo> >::size_typeâ€™ {aka â€˜long unsigned intâ€™} [-Wsign-compare]
  967 |     for (int i = 0; i < vec_path_buf[path_id].size(); i++) {
      |                     ~~^~~~~~~~~~~~~~~~~~~~~~~~~~~~~~
/root/workspace/workspace/cafer-6601-embeded/rubby_sensor_6601/sensor/core/imsee/src/ImseeModule.cpp: In static member function â€˜static imsee_module::ImseeModule* imsee_module::ImseeModule::Create(std::string)â€™:
/root/workspace/workspace/cafer-6601-embeded/rubby_sensor_6601/sensor/core/imsee/src/ImseeModule.cpp:203:43: warning: â€˜void* memset(void*, int, size_t)â€™ clearing an object of non-trivial type â€˜struct imsee_module::ImseeDeviceâ€™; use assignment or value-initialization instead [-Wclass-memaccess]
  203 |     memset(&device, 0, sizeof(ImseeDevice));
      |                                           ^
In file included from /root/workspace/workspace/cafer-6601-embeded/rubby_sensor_6601/sensor/core/imsee/src/imsee.hpp:9,
                 from /root/workspace/workspace/cafer-6601-embeded/rubby_sensor_6601/sensor/core/imsee/src/ImseeModule.cpp:11:
/root/workspace/workspace/cafer-6601-embeded/rubby_sensor_6601/sensor/core/imsee/src/ImseeModule.hpp:21:8: note: â€˜struct imsee_module::ImseeDeviceâ€™ declared here
   21 | struct ImseeDevice {
      |        ^~~~~~~~~~~
/root/workspace/workspace/cafer-6601-embeded/rubby_sensor_6601/sensor/core/imsee/src/6601_mipi/mipi_imsee.cpp:930:29: warning: unused variable â€˜eventsâ€™ [-Wunused-variable]
  930 |   struct epoll_event event, events[MAX_EVENTS_NUM];
      |                             ^~~~~~
/root/workspace/workspace/cafer-6601-embeded/rubby_sensor_6601/sensor/core/imsee/src/6601_mipi/mipi_imsee.cpp: In member function â€˜virtual int imsee_module::MIPI_IMSEE::Stop()â€™:
/root/workspace/workspace/cafer-6601-embeded/rubby_sensor_6601/sensor/core/imsee/src/6601_mipi/mipi_imsee.cpp:1135:7: warning: unused variable â€˜retâ€™ [-Wunused-variable]
 1135 |   int ret;
      |       ^~~
/root/workspace/workspace/cafer-6601-embeded/rubby_sensor_6601/sensor/core/imsee/src/imsee.cpp: In member function â€˜int imsee_module::IMSEE::UnexportGpio()â€™:
/root/workspace/workspace/cafer-6601-embeded/rubby_sensor_6601/sensor/core/imsee/src/imsee.cpp:782:7: warning: unused variable â€˜retâ€™ [-Wunused-variable]
  782 |   int ret = system("echo 0 > /sys/class/gpio/gpio422/value");
      |       ^~~
/root/workspace/workspace/cafer-6601-embeded/rubby_sensor_6601/sensor/core/imsee/src/imsee.cpp: In member function â€˜int imsee_module::IMSEE::OpenCamera(int, int, int)â€™:
/root/workspace/workspace/cafer-6601-embeded/rubby_sensor_6601/sensor/core/imsee/src/imsee.cpp:1181:46: warning: â€˜void* memset(void*, int, size_t)â€™ clearing an object of non-trivial type â€˜struct imsee_module::ImgDataTypeâ€™; use assignment or value-initialization instead [-Wclass-memaccess]
 1181 |   memset(&camera_data, 0, sizeof(ImgDataType));
      |                                              ^
In file included from /root/workspace/workspace/cafer-6601-embeded/rubby_sensor_6601/sensor/core/imsee/src/imsee.cpp:1:
/root/workspace/workspace/cafer-6601-embeded/rubby_sensor_6601/sensor/core/imsee/src/imsee.hpp:51:8: note: â€˜struct imsee_module::ImgDataTypeâ€™ declared here
   51 | struct ImgDataType {
      |        ^~~~~~~~~~~
In file included from /root/workspace/workspace/cafer-6601-embeded/rubby_sensor_6601/sensor/core/imsee/../common/TimeUsedCheck.hpp:5,
                 from /root/workspace/workspace/cafer-6601-embeded/rubby_sensor_6601/sensor/core/imsee/../common/EmbLib.hpp:10,
                 from /root/workspace/workspace/cafer-6601-embeded/rubby_sensor_6601/sensor/core/imsee/src/imsee.hpp:8,
                 from /root/workspace/workspace/cafer-6601-embeded/rubby_sensor_6601/sensor/core/imsee/src/imsee.cpp:1:
/root/workspace/workspace/cafer-6601-embeded/rubby_sensor_6601/sensor/core/imsee/src/imsee.cpp: In member function â€˜void imsee_module::IMSEE::ImgRecieveTask()â€™:
/root/workspace/workspace/cafer-6601-embeded/rubby_sensor_6601/sensor/core/imsee/../common/RobotDebug.hpp:109:155: warning: format â€˜%dâ€™ expects argument of type â€˜intâ€™, but argument 7 has type â€˜size_tâ€™ {aka â€˜long unsigned intâ€™} [-Wformat=]
  109 | #define RobotWARN(format, ...) {if(EmbLog::GetInstance()->GetLogSwitch() && (LOG_LEVEL_WARN >= EmbLog::GetInstance()->GetLogMinLevel()))  fprintf(stdout, "%lu [%s:%d/%s] [sensors] " LOG_COLOR_BOLDYELLOW format LOG_COLOR_RESET "\n", GetSystimeMs(), basename((char *)__FILE__), __LINE__, __FUNCTION__, ##__VA_ARGS__);}
      |                                                                                                                                                           ^~~~~~~~~~~~~~~~~~~~~~~~~~~~~~~~~~~~~~~~~~~~~~~~~~~~~~~~~~~~~~~~~~~~~~~~~~~~
/root/workspace/workspace/cafer-6601-embeded/rubby_sensor_6601/sensor/core/imsee/src/imsee.cpp:1263:9: note: in expansion of macro â€˜RobotWARNâ€™
 1263 |         RobotWARN("the img will be droped for data lost %d<%d", frame->data_bytes, imagesize);
      |         ^~~~~~~~~
/root/workspace/workspace/cafer-6601-embeded/rubby_sensor_6601/sensor/core/imsee/src/imsee.cpp:1263:58: note: format string is defined here
 1263 |         RobotWARN("the img will be droped for data lost %d<%d", frame->data_bytes, imagesize);
      |                                                         ~^
      |                                                          |
      |                                                          int
      |                                                         %ld
/root/workspace/workspace/cafer-6601-embeded/rubby_sensor_6601/sensor/core/imsee/src/imsee.cpp: In member function â€˜int imsee_module::IMSEE::GetEncryptSerialNum(uint8_t*)â€™:
/root/workspace/workspace/cafer-6601-embeded/rubby_sensor_6601/sensor/core/imsee/src/imsee.cpp:2087:11: warning: unused variable â€˜valâ€™ [-Wunused-variable]
 2087 |   uint8_t val = 0;
      |           ^~~
make[2]: *** [sensor/core/imsee/src/CMakeFiles/imsee.dir/build.make:63: sensor/core/imsee/src/CMakeFiles/imsee.dir/6601_mipi/mipi_imsee.cpp.o] Error 1
make[2]: *** Waiting for unfinished jobs....
make[1]: *** [CMakeFiles/Makefile2:424: sensor/core/imsee/src/CMakeFiles/imsee.dir/all] Error 2
make: *** [Makefile:84: all] Error 2
Build step 'Execute shell' marked build as failure
Finished: FAILURE
