Started by user [8mha:////4E5dz7ZPjjbaYr/z11B7xpgm2ME6wK3XraoL/25bIDStAAAAlx+LCAAAAAAAAP9b85aBtbiIQTGjNKU4P08vOT+vOD8nVc83PyU1x6OyILUoJzMv2y+/JJUBAhiZGBgqihhk0NSjKDWzXb3RdlLBUSYGJk8GtpzUvPSSDB8G5tKinBIGIZ+sxLJE/ZzEvHT94JKizLx0a6BxUmjGOUNodHsLgAy2EgYe/dLi1CL9SqAZFaUAMeIq+MEAAAA=[0myangxu
Running as SYSTEM
Building remotely on [8mha:////4PcSAK482muqdTNhz2AorwRbd/y/nqlKAQ84kEqhAJQjAAAAoR+LCAAAAAAAAP9b85aBtbiIQTGjNKU4P08vOT+vOD8nVc83PyU1x6OyILUoJzMv2y+/JJUBAhiZGBgqihhk0NSjKDWzXb3RdlLBUSYGJk8GtpzUvPSSDB8G5tKinBIGIZ+sxLJE/ZzEvHT94JKizLx0a6BxUmjGOUNodHsLgAzuEgZR/eT83ILSktQi/eyMxJTEYt3kxCIjANHfAbrKAAAA[0mkhadas-car2 (car2) in workspace /root/workspace/workspace/indemind_app
[WS-CLEANUP] Deleting project workspace...
[WS-CLEANUP] Deferred wipeout is used...
[WS-CLEANUP] Done
No emails were triggered.
[indemind_app] $ /bin/sh -xe /tmp/jenkins6852096044495172519.sh
+ bash /root/myscript/build/appbuild.sh
++ export MYSQL_PWD=123
++ MYSQL_PWD=123
++ export -f cmdb_mysql
+ . /root/myscript/build/../sh/version-update.sh
+ set -ex
+ init_project_env
++ whoami
+ '[' root = root ']'
+ ios=root
+ RELEASE_DIR=/root
+ DESKTOP_DIR=/root/workspace/i18rApplicationDeb/work/root/workspace
+ BUILD_DIR=/root/workspace
+ APP_WORKSPACE=/root/workspace/i18rApplicationDeb/work
+ WORK_DIR=/root/workspace/i18rApplicationDeb/work/root/workspace
+ VERSION_FILE=/root/workspace/i18rApplicationDeb/work/DEBIAN/control
+ UI_DIR=/mnt/ftp/release/INDEMINDAPP/client
+ TEST_DIR=/mnt/ftp/release/INDEMINDAPP/test
+ FTP_RELEASE_DIR=/mnt/ftp/release/INDEMINDAPP/fresh_version
+ FTP_RELEASE_SIGN_DIR=/mnt/ftp/release/INDEMINDAPP/sign
+ FTP_RELEASE_OTA_DIR=/mnt/ftp/release/INDEMINDAPP/ota_full_version
+ FTP_RELEASE_OTA_DIFF_DIR=/mnt/ftp/release/INDEMINDAPP/ota
+ function_list=/mnt/ftp/release/app_update_release
+ appname=I18R
+ sourcename=SmallWashingRobotSDK
+ CONFIG_DIR=/root/system/i18rconfig
+ OTA_DIR=/root/system/i18rota
++ uname -m
+ PLATFORM=aarch64
+ RELEASE_BRANCH=devel/evt3_111_MP
+ ui_job_name=i18r_ui
+ CLONE_DEPTH=--depth=1
+ ENCRYPTION_TOOL=/root/system/i18rconfig/upx_arm.out
++ perl -npe s,_,-,g
++ echo MP
+ x=MP
+ tgz_release=INTG
+ trash_dir=/mnt/ftp/Trash
+ '[' x18_gs2 = xcompile_12 ']'
+ '[' x18_gs2 = xcompile_12_tof ']'
+ CONFIG_REMOTE='git clone ssh://git@192.168.50.191:222/AroundI18RProject/i18rconfig /root/system/i18rconfig -b dev --depth=1'
+ is-trigger-job
+ '[' xyangxu = xtimer ']'
+ mount_ftp
+ '[' -d /mnt/ftp/release ']'
+ check_paremter_is_right
+ [[ -z 111 ]]
++ check 111
++ local a=111
++ printf %d 111
++ echo integer
++ return
+ [[ integer == vb ]]
++ check 111
++ local a=111
++ printf %d 111
++ echo integer
++ return
+ [[ integer == integer ]]
+ echo 'check paremter is done'
check paremter is done
+ clean_workspace
+ pushd /root/workspace
~/workspace ~/workspace/workspace/indemind_app
+ sudo rm -rf i18rApplicationDeb 'INDEMINDAPP*' SmallWashingRobotSDK client
sudo: Êó†Ê≥ïËß£Êûê‰∏ªÊú∫Ôºöcar2: ËµÑÊ∫êÊöÇÊó∂‰∏çÂèØÁî®
+ popd
~/workspace/workspace/indemind_app
+ App_project_fetch
+ pushd /root/workspace
~/workspace ~/workspace/workspace/indemind_app
+ git clone ssh://git@192.168.50.191:222/AroundI18RProject/i18rApplicationDeb.git --depth=1
Ê≠£ÂÖãÈöÜÂà∞ 'i18rApplicationDeb'...
+ mkdir -p /root/workspace/i18rApplicationDeb/work/root/workspace
+ pushd /root/workspace
~/workspace ~/workspace ~/workspace/workspace/indemind_app
+ git clone ssh://git@192.168.50.191:222/AroundI18RProject/SmallWashingRobotSDK.git -b 18_gs2
Ê≠£ÂÖãÈöÜÂà∞ 'SmallWashingRobotSDK'...
+ pushd SmallWashingRobotSDK
~/workspace/SmallWashingRobotSDK ~/workspace ~/workspace ~/workspace/workspace/indemind_app
+ config_project_update
+ [[ -d /root/system/i18rconfig ]]
+ rm -rf /root/system/i18rconfig
+ git clone ssh://git@192.168.50.191:222/AroundI18RProject/i18rconfig /root/system/i18rconfig -b dev --depth=1
Ê≠£ÂÖãÈöÜÂà∞ '/root/system/i18rconfig'...
+ ui_job_build
+ export 'PATH=/usr/bin/bin:/usr/bin/bin:/opt/ros/melodic/bin:/usr/local/sbin:/usr/local/bin:/usr/sbin:/usr/bin:/sbin:/bin:/usr/games:/usr/local/games:~/myscript/sh'
+ PATH='/usr/bin/bin:/usr/bin/bin:/opt/ros/melodic/bin:/usr/local/sbin:/usr/local/bin:/usr/sbin:/usr/bin:/sbin:/bin:/usr/games:/usr/local/games:~/myscript/sh'
+ [[ -z '' ]]
+ [[ test == true ]]
+ [[ '' == true ]]
+ git submodule update --init --recursive
+ bash jc build i18r_ui -s
Â≠êÊ®°ÁªÑ 'daemons'Ôºàhttp://192.168.50.191:85/AroundI18RProject/I18RDaemonSubmodule.gitÔºâÊú™ÂØπË∑ØÂæÑ 'daemons' Ê≥®ÂÜå
Â≠êÊ®°ÁªÑ 'modules/depth'Ôºàhttp://192.168.50.191:85/AroundI18RProject/I18RDepthSubmodule.gitÔºâÊú™ÂØπË∑ØÂæÑ 'modules/depth' Ê≥®ÂÜå
Â≠êÊ®°ÁªÑ 'modules/detector'Ôºàhttp://192.168.50.191:85/AroundI18RProject/I18RDetectorSubmodule.gitÔºâÊú™ÂØπË∑ØÂæÑ 'modules/detector' Ê≥®ÂÜå
Â≠êÊ®°ÁªÑ 'modules/marker'Ôºàhttp://192.168.50.191:85/AroundI18RProject/I18rmarkersubmodule.gitÔºâÊú™ÂØπË∑ØÂæÑ 'modules/marker' Ê≥®ÂÜå
Â≠êÊ®°ÁªÑ 'modules/navigation'Ôºàhttp://192.168.50.191:85/AroundI18RProject/I18RNavigationSubmodule.gitÔºâÊú™ÂØπË∑ØÂæÑ 'modules/navigation' Ê≥®ÂÜå
Â≠êÊ®°ÁªÑ 'modules/selfcalibr'Ôºàhttp://192.168.50.191:85/AroundI18RProject/I18RSelfCalibrSubmodule.gitÔºâÊú™ÂØπË∑ØÂæÑ 'modules/selfcalibr' Ê≥®ÂÜå
Â≠êÊ®°ÁªÑ 'modules/sensor'Ôºàhttp://192.168.50.191:85/AroundI18RProject/i18rsensorssubmoduleÔºâÊú™ÂØπË∑ØÂæÑ 'modules/sensor' Ê≥®ÂÜå
Â≠êÊ®°ÁªÑ 'modules/slam'Ôºàhttp://192.168.50.191:85/AroundI18RProject/I18RSlamSubmodule.gitÔºâÊú™ÂØπË∑ØÂæÑ 'modules/slam' Ê≥®ÂÜå
Â≠êÊ®°ÁªÑ 'modules/types'Ôºàhttp://192.168.50.191:85/AroundI18RProject/I18RPublicBaseTypes.gitÔºâÊú™ÂØπË∑ØÂæÑ 'modules/types' Ê≥®ÂÜå
Â≠êÊ®°ÁªÑ 'server/util/common'Ôºàhttp://192.168.50.191:85/AroundI18RProject/i18rutilitysubmodule.gitÔºâÊú™ÂØπË∑ØÂæÑ 'server/util/common' Ê≥®ÂÜå
Ê≠£ÂÖãÈöÜÂà∞ '/root/workspace/SmallWashingRobotSDK/daemons'...
Ê≠£ÂÖãÈöÜÂà∞ '/root/workspace/SmallWashingRobotSDK/modules/depth'...
Started i18r_ui #1401
Ê≠£ÂÖãÈöÜÂà∞ '/root/workspace/SmallWashingRobotSDK/modules/detector'...
Ê≠£ÂÖãÈöÜÂà∞ '/root/workspace/SmallWashingRobotSDK/modules/marker'...
Completed i18r_ui #1401 : SUCCESS
Ê≠£ÂÖãÈöÜÂà∞ '/root/workspace/SmallWashingRobotSDK/modules/navigation'...
Ê≠£ÂÖãÈöÜÂà∞ '/root/workspace/SmallWashingRobotSDK/modules/selfcalibr'...
Ê≠£ÂÖãÈöÜÂà∞ '/root/workspace/SmallWashingRobotSDK/modules/sensor'...
warning: ÈáçÂÆöÂêëÂà∞ http://192.168.50.191:85/AroundI18RProject/i18rsensorssubmodule.git/
Ê≠£ÂÖãÈöÜÂà∞ '/root/workspace/SmallWashingRobotSDK/modules/slam'...
Ê≠£ÂÖãÈöÜÂà∞ '/root/workspace/SmallWashingRobotSDK/modules/types'...
Ê≠£ÂÖãÈöÜÂà∞ '/root/workspace/SmallWashingRobotSDK/server/util/common'...
Â≠êÊ®°ÁªÑË∑ØÂæÑ 'daemons'ÔºöÊ£ÄÂá∫ '9468e6d6e690301ccfa82eb542e9f2e7fc33ce12'
Â≠êÊ®°ÁªÑË∑ØÂæÑ 'modules/depth'ÔºöÊ£ÄÂá∫ '3532e5d70f6264cd2bd1d781c3fa54a4e4d8bb67'
Â≠êÊ®°ÁªÑË∑ØÂæÑ 'modules/detector'ÔºöÊ£ÄÂá∫ 'ec4a6470e47f40f8ab146895cec95051612c6db0'
Â≠êÊ®°ÁªÑË∑ØÂæÑ 'modules/marker'ÔºöÊ£ÄÂá∫ '2b52a4d3acde4f66d9d3c35a2253c43975640ca2'
Â≠êÊ®°ÁªÑË∑ØÂæÑ 'modules/navigation'ÔºöÊ£ÄÂá∫ '20b771bba39bbe1ada4c77956dbb520619613641'
Â≠êÊ®°ÁªÑË∑ØÂæÑ 'modules/selfcalibr'ÔºöÊ£ÄÂá∫ '69b85b0d093fde42ed878dfcda71925ef388372d'
warning: ÈáçÂÆöÂêëÂà∞ http://192.168.50.191:85/AroundI18RProject/i18rsensorssubmodule.git/
warning: ÈáçÂÆöÂêëÂà∞ http://192.168.50.191:85/AroundI18RProject/i18rsensorssubmodule.git/
Êù•Ëá™ http://192.168.50.191:85/AroundI18RProject/i18rsensorssubmodule
 * branch            509d658c67e4f9b05d8e9089f8d77628a2b1ef31 -> FETCH_HEAD
Â≠êÊ®°ÁªÑË∑ØÂæÑ 'modules/sensor'ÔºöÊ£ÄÂá∫ '509d658c67e4f9b05d8e9089f8d77628a2b1ef31'
Â≠êÊ®°ÁªÑË∑ØÂæÑ 'modules/slam'ÔºöÊ£ÄÂá∫ '9e1b6b13ed7a33f969f430bba3ad35f7ca677c11'
Â≠êÊ®°ÁªÑË∑ØÂæÑ 'modules/types'ÔºöÊ£ÄÂá∫ 'fe4cf7ce37255a9a66fc2f63b181483e4f6eee9a'
Â≠êÊ®°ÁªÑË∑ØÂæÑ 'server/util/common'ÔºöÊ£ÄÂá∫ '4d6aa2423a2d975122f878d8d42d99c24b5b6034'
+ git submodule update --remote
Â≠êÊ®°ÁªÑË∑ØÂæÑ 'daemons'ÔºöÊ£ÄÂá∫ '0df588b1b32f377d4e1996e42ddd0d60007b8685'
Â≠êÊ®°ÁªÑË∑ØÂæÑ 'modules/depth'ÔºöÊ£ÄÂá∫ '0b50a84f1d48262f8ef452c218f07417f8a8b8ea'
Â≠êÊ®°ÁªÑË∑ØÂæÑ 'modules/detector'ÔºöÊ£ÄÂá∫ 'a071756d3fd88f010ff848c5bf958d42bf4b175a'
Â≠êÊ®°ÁªÑË∑ØÂæÑ 'modules/marker'ÔºöÊ£ÄÂá∫ '155c5144b47d73be723bfe017a394051df88a10d'
Â≠êÊ®°ÁªÑË∑ØÂæÑ 'modules/navigation'ÔºöÊ£ÄÂá∫ 'a66106b623e301eeb3f8a71104f8be3c71ee515b'
Â≠êÊ®°ÁªÑË∑ØÂæÑ 'modules/selfcalibr'ÔºöÊ£ÄÂá∫ 'a14a45ad64a9107e67c093ec41e7d0a920c18e78'
warning: ÈáçÂÆöÂêëÂà∞ http://192.168.50.191:85/AroundI18RProject/i18rsensorssubmodule.git/
Â≠êÊ®°ÁªÑË∑ØÂæÑ 'modules/sensor'ÔºöÊ£ÄÂá∫ 'b66743e04dc89bb6925fa297975e99ca80686333'
Â≠êÊ®°ÁªÑË∑ØÂæÑ 'modules/slam'ÔºöÊ£ÄÂá∫ '4b08f471ba709481db7488953bb6489c231d78e1'
Â≠êÊ®°ÁªÑË∑ØÂæÑ 'modules/types'ÔºöÊ£ÄÂá∫ 'd4e3b0524776f4cbe8ce5e944b3550e79148d886'
Â≠êÊ®°ÁªÑË∑ØÂæÑ 'server/util/common'ÔºöÊ£ÄÂá∫ '3bf5966a1d85446e89d144343272f47b96a9a0ab'
+ submodule_version_check
+ [[ ! -z '' ]]
+ [[ ! -z '' ]]
+ i18rproject_conf_update
+ Modules_List=(selfcalibr depth sensor marker detector navigation slam type sdk)
+ local Modules_List
+ for i in "${Modules_List[@]}"
++ ls /root/system/i18rconfig/MP/selfcalibr
+ local Files_List=
+ '[' -z '' ']'
+ for i in "${Modules_List[@]}"
++ ls /root/system/i18rconfig/MP/depth
+ local 'Files_List=config
README.md'
+ '[' -z 'config
README.md' ']'
+ [[ navigation =~ depth ]]
+ [[ depth =~ slam ]]
+ [[ depth =~ depth ]]
+ cp -ar /root/system/i18rconfig/MP/depth/. modules/depth/arm64/
+ for i in "${Modules_List[@]}"
++ ls /root/system/i18rconfig/MP/sensor
+ local Files_List=config
+ '[' -z config ']'
+ [[ navigation =~ sensor ]]
+ [[ sensor =~ slam ]]
+ [[ sensor =~ depth ]]
+ [[ sensor =~ sdk ]]
+ cp -ar /root/system/i18rconfig/MP/sensor/. modules/sensor/
+ for i in "${Modules_List[@]}"
++ ls /root/system/i18rconfig/MP/marker
+ local Files_List=
+ '[' -z '' ']'
+ for i in "${Modules_List[@]}"
++ ls /root/system/i18rconfig/MP/detector
+ local Files_List=config
+ '[' -z config ']'
+ [[ navigation =~ detector ]]
+ [[ detector =~ slam ]]
+ [[ detector =~ depth ]]
+ [[ detector =~ sdk ]]
+ cp -ar /root/system/i18rconfig/MP/detector/. modules/detector/
+ for i in "${Modules_List[@]}"
++ ls /root/system/i18rconfig/MP/navigation
+ local 'Files_List=base_global_planner_params.yaml
base_local_planner_params.yaml
costmap_common_params_wsbot.yaml
dwa_local_planner_params_wsbot.yaml
global_costmap_params.yaml
local_costmap_params.yaml
move_base_params.yaml
nav_config.yaml
teb_local_planner_params_imbot.yaml'
+ '[' -z 'base_global_planner_params.yaml
base_local_planner_params.yaml
costmap_common_params_wsbot.yaml
dwa_local_planner_params_wsbot.yaml
global_costmap_params.yaml
local_costmap_params.yaml
move_base_params.yaml
nav_config.yaml
teb_local_planner_params_imbot.yaml' ']'
+ [[ navigation =~ navigation ]]
+ cp -ar /root/system/i18rconfig/MP/navigation/. modules/navigation/arm64/share/wsbot_navigation/param/
+ for i in "${Modules_List[@]}"
++ ls /root/system/i18rconfig/MP/slam
+ local Files_List=config
+ '[' -z config ']'
+ [[ navigation =~ slam ]]
+ [[ slam =~ slam ]]
+ cp -ar /root/system/i18rconfig/MP/slam/. modules/slam/arm64/
+ for i in "${Modules_List[@]}"
++ ls /root/system/i18rconfig/MP/type
+ local Files_List=
+ '[' -z '' ']'
+ for i in "${Modules_List[@]}"
++ ls /root/system/i18rconfig/MP/sdk
+ local Files_List=local_config
+ '[' -z local_config ']'
+ [[ navigation =~ sdk ]]
+ [[ sdk =~ slam ]]
+ [[ sdk =~ depth ]]
+ [[ sdk =~ sdk ]]
+ cp -ar /root/system/i18rconfig/MP/sdk/. /root/workspace/i18rApplicationDeb/work/root/workspace/
+ release_note
+ [[ test = true ]]
+ '[' '' = true ']'
+ project_info_database
+ cmdb_mysql 'insert into indemindapp(appname,version,swr_version,submodule_version,time,note,indemind_release,sdk_branch,build_url,node_name,build_user) values ('\''I18R'\'','\''111'\'','\''MP'\'','\'''\'',now(),'\'''\'','\''test'\'','\''18_gs2'\'','\''http://192.168.50.26:8080/job/indemind_app/1264/'\'','\''khadas-car2'\'','\''yangxu'\'')'
+ set +x
+ mkdir build
+ cd build
+ set +x
+ [[ MP =~ ICE_EVT ]]
+ [[ MP =~ DVT ]]
+ [[ MP =~ PVT ]]
+ [[ MP =~ MP ]]
+ cmake -DMBUILD_VCU=ON -D SERVER_VERSION:STRIONG=111 ..
-- The C compiler identification is GNU 7.5.0
-- The CXX compiler identification is GNU 7.5.0
-- Check for working C compiler: /usr/bin/cc
-- Check for working C compiler: /usr/bin/cc -- works
-- Detecting C compiler ABI info
-- Detecting C compiler ABI info - done
-- Detecting C compile features
-- Detecting C compile features - done
-- Check for working CXX compiler: /usr/bin/c++
-- Check for working CXX compiler: /usr/bin/c++ -- works
-- Detecting CXX compiler ABI info
-- Detecting CXX compiler ABI info - done
-- Detecting CXX compile features
-- Detecting CXX compile features - done
-- PRO_DIR: /root/workspace/SmallWashingRobotSDK
-- HOST_ARCH: armv8
-- PLATFORM=arm64
-- SERVER_VERSION=1.0.0
-- MBUILD_MONITOR=ON
-- MBUILD_RECORDER=ON
-- MBUILD_TEST=ON
-- MBUILD_DEPTH=ON
-- DEPTH_PATH=/root/workspace/SmallWashingRobotSDK/modules/depth
-- MBUILD_DEPTH_SIMULATOR=OFF
-- MBUILD_MCU_COPROCESSOR=ON
-- MBUILD_MCU_COPROCESSOR_SIMULATOR=OFF
-- MBUILD_DETECTOR=ON
-- DETECTOR_PATH: /root/workspace/SmallWashingRobotSDK/modules/detector
-- MBUILD_DETECTOR_SIMULATOR=OFF
-- Boost version: 1.65.1
-- Found the following Boost libraries:
--   system
--   filesystem
-- MBUILD_IMSEE=ON
-- IMSEE_PATH: /root/workspace/SmallWashingRobotSDK/modules/sensor
-- MBUILD_IMSEE_SIMULATOR=OFF
-- MBUILD_SLAM=ON
-- SLAM_PATH: /root/workspace/SmallWashingRobotSDK/modules/slam/arm64/
-- MBUILD_NAV=ON
-- NAV_PATH: /root/workspace/SmallWashingRobotSDK/modules/navigation
-- MBUILD_ROS_WRAPPER=OFF
-- MBUILD_TOF=ON
-- MBUILD_TOF_SIMULATOR=OFF
-- MBUILD_LASER=ON
-- MBUILD_LASER_SIMULATOR=OFF
-- MBUILD_SENSOR_SYSTEM=ON
-- MBUILD_SENSOR_SYSTEM_SIMULATOR=OFF
-- MBUILD_EMB_MANAGER=ON
-- MBUILD_EMB_MANAGER_SIMULATOR=OFF
-- MBUILD_HMI_SERVICES=ON
-- MBUILD_HMI_SERVICES_SIMULATOR=OFF
-- MBUILD_CALIBRATION=ON
-- MBUILD_CALIBRATION_SIMULATOR=OFF
-- CABLIR_PATH: /root/workspace/SmallWashingRobotSDK/modules/selfcalibr
-- CABLIR_PATH_INCLUDE: /root/workspace/SmallWashingRobotSDK/modules/selfcalibr/arm64/include
-- MBUILD_HARDWARE_CHECKER=ON
-- MBUILD_SOFTWARE_CHECKER=ON
-- MBUILD_CLOUD=ON
-- CONFIG_BUILD_CLOUD = 1
-- MBUILD_MAP=ON
-- CONFIG_BUILD_MAP = 1
-- MBUILD_WORKLOGS=ON
-- CONFIG_BUILD_WORKLOGS = 1
-- MBUILD_EXCEPTION_HIDING=ON
-- CONFIG_BUILD_EXCEPTION_HIDING = 1
-- MBUILD_MSG_FORWARD=OFF
-- MBUILD_CAN=ON
-- MBUILD_CAN_SIMULATOR=OFF
-- MBUILD_VCU=ON
-- MBUILD_VCU_SIMULATOR=OFF
-- MBUILD_MARKER=ON
-- MARKER_PATH: /root/workspace/SmallWashingRobotSDK/modules/marker
-- Use the imported target: /usr/include/eigen3
-- MBUILD_KBCONTROL=ON
-- KBCONTROL_PATH: /root/workspace/SmallWashingRobotSDK/kbcontrol
-- MBUILD_DATACOLLEC=ON
-- CONFIG_BUILD_DATACOLLEC = 1
-- SERVER_PATH: /root/workspace/SmallWashingRobotSDK/server
-- BUILD_WITH_ROS is ON
-- Using CATKIN_DEVEL_PREFIX: /root/workspace/SmallWashingRobotSDK/build/devel
-- Using CMAKE_PREFIX_PATH: /root/workspace/SmallWashingRobotSDK/modules/navigation/arm64;/opt/ros/melodic
-- This workspace overlays: /root/workspace/SmallWashingRobotSDK/modules/navigation/arm64;/opt/ros/melodic
-- Found PythonInterp: /usr/bin/python2 (found suitable version "2.7.17", minimum required is "2") 
-- Using PYTHON_EXECUTABLE: /usr/bin/python2
-- Using Debian Python package layout
-- Using empy: /usr/bin/empy
-- Using CATKIN_ENABLE_TESTING: ON
-- Call enable_testing()
-- Using CATKIN_TEST_RESULTS_DIR: /root/workspace/SmallWashingRobotSDK/build/test_results
-- Found gtest sources under '/usr/src/googletest': gtests will be built
-- Found gmock sources under '/usr/src/googletest': gmock will be built
-- Found PythonInterp: /usr/bin/python2 (found version "2.7.17") 
-- Looking for pthread.h
-- Looking for pthread.h - found
-- Looking for pthread_create
-- Looking for pthread_create - not found
-- Looking for pthread_create in pthreads
-- Looking for pthread_create in pthreads - not found
-- Looking for pthread_create in pthread
-- Looking for pthread_create in pthread - found
-- Found Threads: TRUE  
-- Using Python nosetests: /usr/bin/nosetests-2.7
-- catkin 0.7.29
-- BUILD_SHARED_LIBS is on
-- Using these message generators: gencpp;geneus;genlisp;gennodejs;genpy
-- Found OpenCV: /usr/local (found version "3.4.3") 
-- Configuring done
CMake Warning at cmake/server/BuildServer.cmake:55 (add_executable):
  Cannot generate a safe runtime search path for target around_18r because
  there is a cycle in the constraint graph:

    dir 0 is [/root/workspace/SmallWashingRobotSDK/modules/depth/arm64/lib]
    dir 1 is [/root/workspace/SmallWashingRobotSDK/modules/sensor/lib]
    dir 2 is [/root/workspace/SmallWashingRobotSDK/modules/detector/lib]
    dir 3 is [/root/workspace/SmallWashingRobotSDK/modules/slam/arm64/lib]
    dir 4 is [/root/workspace/SmallWashingRobotSDK/modules/slam/arm64/Thirdparty/cartographer/usr/local/lib]
    dir 5 is [/root/workspace/SmallWashingRobotSDK/modules/slam/arm64/Thirdparty/DBoW2/lib]
    dir 6 is [/root/workspace/SmallWashingRobotSDK/modules/navigation/arm64/lib]
      dir 12 must precede it due to runtime library [libbase_local_planner.so]
    dir 7 is [/opt/ros/melodic/lib]
      dir 6 must precede it due to runtime library [libcostmap_2d.so]
      dir 12 must precede it due to runtime library [libcostmap_2d.so]
    dir 8 is [/root/workspace/SmallWashingRobotSDK/modules/sensor/deps]
    dir 9 is [/root/workspace/SmallWashingRobotSDK/modules/selfcalibr/arm64/lib]
    dir 10 is [/root/workspace/SmallWashingRobotSDK/modules/marker/arm64/lib]
    dir 11 is [/root/workspace/SmallWashingRobotSDK/kbcontrol/libs/arm64]
    dir 12 is [/root/workspace/workspace/control-planing-i18r-so-upload/i18r_robot/install/lib]
      dir 6 must precede it due to runtime library [libpath_planning.so.1.10.3_3]
    dir 13 is [/usr/local/lib]
      dir 4 must precede it due to runtime library [libcartographer.so.0]

  Some of these libraries may not be found correctly.
Call Stack (most recent call first):
  CMakeLists.txt:32 (include)


-- Generating done
-- Build files have been written to: /root/workspace/SmallWashingRobotSDK/build
+ make -j4
Scanning dependencies of target around_18r
[  0%] Building CXX object CMakeFiles/around_18r.dir/server/nodes/monitor/MonitorNode.cpp.o
[  1%] Building CXX object CMakeFiles/around_18r.dir/server/nodes/monitor/data/DataMonitor.cpp.o
[  2%] Building CXX object CMakeFiles/around_18r.dir/server/nodes/monitor/error_report/ErrorReportMonitor.cpp.o
[  3%] Building CXX object CMakeFiles/around_18r.dir/server/nodes/monitor/hd_resource/HardwareResourceMonitor.cpp.o
[  4%] Building CXX object CMakeFiles/around_18r.dir/server/nodes/recorder/RecorderNode.cpp.o
[  4%] Building CXX object CMakeFiles/around_18r.dir/server/nodes/recorder/recorder/Recorder.cpp.o
[  5%] Building CXX object CMakeFiles/around_18r.dir/server/nodes/recorder/player/Player.cpp.o
[  6%] Building CXX object CMakeFiles/around_18r.dir/server/nodes/test/Test.cpp.o
[  7%] Building CXX object CMakeFiles/around_18r.dir/server/nodes/test/cases/CaseFactory.cpp.o
[  8%] Building CXX object CMakeFiles/around_18r.dir/server/nodes/depth/DepthProxy.cpp.o
[ 10%] Building CXX object CMakeFiles/around_18r.dir/server/nodes/mcu_coprocessor/McuCoprocessorNode.cpp.o
/root/workspace/SmallWashingRobotSDK/server/nodes/depth/DepthProxy.cpp: In member function ‚Äòbool swr::node::DepthProxy::OnInitParam(bool&)‚Äô:
/root/workspace/SmallWashingRobotSDK/server/nodes/depth/DepthProxy.cpp:177:24: warning: unused variable ‚ÄòenableCamera‚Äô [-Wunused-variable]
                 auto &&enableCamera = true;
                        ^~~~~~~~~~~~
[ 10%] Building CXX object CMakeFiles/around_18r.dir/server/nodes/detector/DetectorProxy.cpp.o
[ 11%] Building CXX object CMakeFiles/around_18r.dir/server/nodes/imsee/ImseeProxy.cpp.o
[ 12%] Building CXX object CMakeFiles/around_18r.dir/server/util/model_param/ModelParam.cpp.o
/root/workspace/SmallWashingRobotSDK/server/nodes/mcu_coprocessor/McuCoprocessorNode.cpp: In member function ‚Äòvirtual bool swr::node::McuCoprocessorNode::Init()‚Äô:
/root/workspace/SmallWashingRobotSDK/server/nodes/mcu_coprocessor/McuCoprocessorNode.cpp:61:64: error: no matching function for call to ‚Äòsensor_module::SensorModule::RegisterCallBack(std::_Bind_helper<false, void (swr::node::McuCoprocessorNode::*)(unsigned char, const swr::sensor_types::LaserScan&), swr::node::McuCoprocessorNode*, const std::_Placeholder<1>&, const std::_Placeholder<2>&>::type)‚Äô
                   std::placeholders::_1, std::placeholders::_2));
                                                                ^
In file included from /root/workspace/SmallWashingRobotSDK/server/nodes/mcu_coprocessor/McuCoprocessorNode.h:6:0,
                 from /root/workspace/SmallWashingRobotSDK/server/nodes/mcu_coprocessor/McuCoprocessorNode.cpp:1:
/root/workspace/SmallWashingRobotSDK/modules/sensor/include/SensorModule.hpp:34:16: note: candidate: virtual void sensor_module::SensorModule::RegisterCallBack(std::function<void(swr::sensor_types::CliffData&)>)
   virtual void RegisterCallBack(std::function<void(swr::sensor_types::CliffData&)> cb) = 0;
                ^~~~~~~~~~~~~~~~
/root/workspace/SmallWashingRobotSDK/modules/sensor/include/SensorModule.hpp:34:16: note:   no known conversion for argument 1 from ‚Äòstd::_Bind_helper<false, void (swr::node::McuCoprocessorNode::*)(unsigned char, const swr::sensor_types::LaserScan&), swr::node::McuCoprocessorNode*, const std::_Placeholder<1>&, const std::_Placeholder<2>&>::type {aka std::_Bind<void (swr::node::McuCoprocessorNode::*(swr::node::McuCoprocessorNode*, std::_Placeholder<1>, std::_Placeholder<2>))(unsigned char, const swr::sensor_types::LaserScan&)>}‚Äô to ‚Äòstd::function<void(swr::sensor_types::CliffData&)>‚Äô
/root/workspace/SmallWashingRobotSDK/modules/sensor/include/SensorModule.hpp:35:16: note: candidate: virtual void sensor_module::SensorModule::RegisterCallBack(std::function<void(swr::sensor_types::UltraData&)>)
   virtual void RegisterCallBack(std::function<void(swr::sensor_types::UltraData&)> cb) = 0;
                ^~~~~~~~~~~~~~~~
/root/workspace/SmallWashingRobotSDK/modules/sensor/include/SensorModule.hpp:35:16: note:   no known conversion for argument 1 from ‚Äòstd::_Bind_helper<false, void (swr::node::McuCoprocessorNode::*)(unsigned char, const swr::sensor_types::LaserScan&), swr::node::McuCoprocessorNode*, const std::_Placeholder<1>&, const std::_Placeholder<2>&>::type {aka std::_Bind<void (swr::node::McuCoprocessorNode::*(swr::node::McuCoprocessorNode*, std::_Placeholder<1>, std::_Placeholder<2>))(unsigned char, const swr::sensor_types::LaserScan&)>}‚Äô to ‚Äòstd::function<void(swr::sensor_types::UltraData&)>‚Äô
/root/workspace/SmallWashingRobotSDK/modules/sensor/include/SensorModule.hpp:36:16: note: candidate: virtual void sensor_module::SensorModule::RegisterCallBack(std::function<void(swr::base_types::ErrorInfo&)>)
   virtual void RegisterCallBack(std::function<void(swr::base_types::ErrorInfo &)> cb) = 0;
                ^~~~~~~~~~~~~~~~
/root/workspace/SmallWashingRobotSDK/modules/sensor/include/SensorModule.hpp:36:16: note:   no known conversion for argument 1 from ‚Äòstd::_Bind_helper<false, void (swr::node::McuCoprocessorNode::*)(unsigned char, const swr::sensor_types::LaserScan&), swr::node::McuCoprocessorNode*, const std::_Placeholder<1>&, const std::_Placeholder<2>&>::type {aka std::_Bind<void (swr::node::McuCoprocessorNode::*(swr::node::McuCoprocessorNode*, std::_Placeholder<1>, std::_Placeholder<2>))(unsigned char, const swr::sensor_types::LaserScan&)>}‚Äô to ‚Äòstd::function<void(swr::base_types::ErrorInfo&)>‚Äô
/root/workspace/SmallWashingRobotSDK/modules/sensor/include/SensorModule.hpp:37:16: note: candidate: virtual void sensor_module::SensorModule::RegisterCallBack(std::function<void(swr::base_types::WorkStatus&)>)
   virtual void RegisterCallBack(std::function<void(swr::base_types::WorkStatus &)> cb) = 0;
                ^~~~~~~~~~~~~~~~
/root/workspace/SmallWashingRobotSDK/modules/sensor/include/SensorModule.hpp:37:16: note:   no known conversion for argument 1 from ‚Äòstd::_Bind_helper<false, void (swr::node::McuCoprocessorNode::*)(unsigned char, const swr::sensor_types::LaserScan&), swr::node::McuCoprocessorNode*, const std::_Placeholder<1>&, const std::_Placeholder<2>&>::type {aka std::_Bind<void (swr::node::McuCoprocessorNode::*(swr::node::McuCoprocessorNode*, std::_Placeholder<1>, std::_Placeholder<2>))(unsigned char, const swr::sensor_types::LaserScan&)>}‚Äô to ‚Äòstd::function<void(swr::base_types::WorkStatus&)>‚Äô
/root/workspace/SmallWashingRobotSDK/modules/sensor/include/SensorModule.hpp:38:16: note: candidate: virtual void sensor_module::SensorModule::RegisterCallBack(std::function<void(swr::base_types::ThreadInfo&)>)
   virtual void RegisterCallBack(std::function<void(swr::base_types::ThreadInfo &)> cb) = 0;
                ^~~~~~~~~~~~~~~~
/root/workspace/SmallWashingRobotSDK/modules/sensor/include/SensorModule.hpp:38:16: note:   no known conversion for argument 1 from ‚Äòstd::_Bind_helper<false, void (swr::node::McuCoprocessorNode::*)(unsigned char, const swr::sensor_types::LaserScan&), swr::node::McuCoprocessorNode*, const std::_Placeholder<1>&, const std::_Placeholder<2>&>::type {aka std::_Bind<void (swr::node::McuCoprocessorNode::*(swr::node::McuCoprocessorNode*, std::_Placeholder<1>, std::_Placeholder<2>))(unsigned char, const swr::sensor_types::LaserScan&)>}‚Äô to ‚Äòstd::function<void(swr::base_types::ThreadInfo&)>‚Äô
/root/workspace/SmallWashingRobotSDK/modules/sensor/include/SensorModule.hpp:40:16: note: candidate: virtual void sensor_module::SensorModule::RegisterCallBack(std::function<void(unsigned char&, std::shared_ptr<swr::sensor_types::LaserScan>)>)
   virtual void RegisterCallBack(std::function<void(uint8_t&,std::shared_ptr<swr::sensor_types::LaserScan> cb)> cb) = 0;
                ^~~~~~~~~~~~~~~~
/root/workspace/SmallWashingRobotSDK/modules/sensor/include/SensorModule.hpp:40:16: note:   no known conversion for argument 1 from ‚Äòstd::_Bind_helper<false, void (swr::node::McuCoprocessorNode::*)(unsigned char, const swr::sensor_types::LaserScan&), swr::node::McuCoprocessorNode*, const std::_Placeholder<1>&, const std::_Placeholder<2>&>::type {aka std::_Bind<void (swr::node::McuCoprocessorNode::*(swr::node::McuCoprocessorNode*, std::_Placeholder<1>, std::_Placeholder<2>))(unsigned char, const swr::sensor_types::LaserScan&)>}‚Äô to ‚Äòstd::function<void(unsigned char&, std::shared_ptr<swr::sensor_types::LaserScan>)>‚Äô
CMakeFiles/around_18r.dir/build.make:302: recipe for target 'CMakeFiles/around_18r.dir/server/nodes/mcu_coprocessor/McuCoprocessorNode.cpp.o' failed
make[2]: *** [CMakeFiles/around_18r.dir/server/nodes/mcu_coprocessor/McuCoprocessorNode.cpp.o] Error 1
make[2]: *** Ê≠£Âú®Á≠âÂæÖÊú™ÂÆåÊàêÁöÑ‰ªªÂä°....
CMakeFiles/Makefile2:1955: recipe for target 'CMakeFiles/around_18r.dir/all' failed
make[1]: *** [CMakeFiles/around_18r.dir/all] Error 2
Makefile:140: recipe for target 'all' failed
make: *** [all] Error 2
Build step 'Execute shell' marked build as failure
Email was triggered for: Failure - Any
Sending email for trigger: Failure - Any
Sending email to: qishanqing@indemind.cn wangjianwei@indemind.cn
Finished: FAILURE
