Started by user [8mha:////4Hr/xdFmTLt5KnrTe8trZK2TESQ/V/NsI0vaVi1tHUXnAAAAmx+LCAAAAAAAAP9b85aBtbiIQTGjNKU4P08vOT+vOD8nVc83PyU1x6OyILUoJzMv2y+/JJUBAhiZGBgqihhk0NSjKDWzXb3RdlLBUSYGJk8GtpzUvPSSDB8G5tKinBIGIZ+sxLJE/ZzEvHT94JKizLx0a6BxUmjGOUNodHsLgAyuEgYB/dLi1CL9qgygIcUZpYmZAFPXC9zFAAAA[0mzhangshuai
Running as SYSTEM
Building remotely on [8mha:////4GJECaSXI5jaa88kGHMmbEkdCg31N4g4yVAlsCFwflHgAAAAmR+LCAAAAAAAAP9b85aBtbiIQTGjNKU4P08vOT+vOD8nVc83PyU1x6OyILUoJzMv2y+/JJUBAhiZGBgqihhk0NSjKDWzXb3RdlLBUSYGJk8GtpzUvPSSDB8G5tKinBIGIZ+sxLJE/ZzEvHT94JKizLx0a6BxUmjGOUNodHsLgAzmEgZe/eT83ILSktQifUNLQwA4ziQnwgAAAA==[0m191 (192.168.50.191) in workspace /home/indemind/.jenkins_slave/workspace/rubby-slam-sppt-3566
[WS-CLEANUP] Clean-up disabled, skipping workspace deletion.
No emails were triggered.
[rubby-slam-sppt-3566] $ /bin/sh -xe /tmp/jenkins12052466036331828522.sh
+ bash -ex /home/indemind/myscript/build/build.sh
+++ dirname /home/indemind/myscript/build/build.sh
++ cd /home/indemind/myscript/build
++ pwd
+ project_path=/home/indemind/myscript/build
+ . /home/indemind/myscript/build/../sh/cmdb
++ set -x
++ export MYSQL_PWD=123
++ MYSQL_PWD=123
++ export -f cmdb_mysql
+ set -ex
+ export -f public_project_update
+ export -f project_build
+ init_project_env
++ date +%Y%m%d
+ DT=20230508
+ UserName=jenkins
+ API_TOKEN=11b65309c9835de9579d9c9038853d9eb7
+ GIT_PRIVATE_TOKEN=emEDrsaJVjxKK5gSWrf-
+ GIT_HOST=192.168.50.191
++ echo abby/integration/SLAM
++ awk -F/ '{print $1"%2F"$2}'
+ CONVERT_TARGET_PROJECT=abby%2Fintegration
++ curl -XGET -H 'Content-Type: application/json' --header 'PRIVATE-TOKEN: emEDrsaJVjxKK5gSWrf-' http://192.168.50.191:85/api/v4/projects/abby%2Fintegration
++ python -c 'import sys, json; print(json.load(sys.stdin)["id"])'
  % Total    % Received % Xferd  Average Speed   Time    Time     Time  Current
                                 Dload  Upload   Total   Spent    Left  Speed
  0     0    0     0    0     0      0      0 --:--:-- --:--:-- --:--:--     0100    35  100    35    0     0    287      0 --:--:-- --:--:-- --:--:--   286100    35  100    35    0     0    286      0 --:--:-- --:--:-- --:--:--   286
Traceback (most recent call last):
  File "<string>", line 1, in <module>
KeyError: 'id'
+ SUB_PROJECT_ID=
+ true
+ '[' -z ']'
+ SOURCE_DIR=/home/indemind/.jenkins_slave/workspace/rubby-slam-sppt-3566/vio_sam
+ TARGET_DIR=/home/indemind/.jenkins_slave/workspace/rubby-slam-sppt-3566/SLAM
+ prepare_env
++ uname -m
+ system_platform=x86_64
++ cat /proc/cpuinfo
++ grep processor
++ sort
++ uniq
++ wc -l
+ core=32
+ [[ 32 == 32 ]]
+ mt=-j16
+ export COMMIT_ID_FILE=/home/indemind/.jenkins_slave/workspace/rubby-slam-sppt-3566/_last_build_id
+ COMMIT_ID_FILE=/home/indemind/.jenkins_slave/workspace/rubby-slam-sppt-3566/_last_build_id
+ export COMMIT_MSG_FILE=/home/indemind/.jenkins_slave/workspace/rubby-slam-sppt-3566/_commit-msg
+ COMMIT_MSG_FILE=/home/indemind/.jenkins_slave/workspace/rubby-slam-sppt-3566/_commit-msg
+ export COMMIT_MSG_FILE_TMP=/home/indemind/.jenkins_slave/workspace/rubby-slam-sppt-3566/_commit-msg.tmp
+ COMMIT_MSG_FILE_TMP=/home/indemind/.jenkins_slave/workspace/rubby-slam-sppt-3566/_commit-msg.tmp
+ rm -f /home/indemind/.jenkins_slave/workspace/rubby-slam-sppt-3566/_last_build_id
+ rm -f /home/indemind/.jenkins_slave/workspace/rubby-slam-sppt-3566/_commit-msg
+ rm -f /home/indemind/.jenkins_slave/workspace/rubby-slam-sppt-3566/_commit-msg.tmp
+ rm -f /home/indemind/.jenkins_slave/workspace/rubby-slam-sppt-3566/result.log
+ rm -f /home/indemind/.jenkins_slave/workspace/rubby-slam-sppt-3566/no_code_change.log
+ CLONE_DEPTH=--depth=1
+ PUBLICBASETYPES_DIR=/home/indemind/system/I18RPublicBaseTypes
+ cmdb_mysql 'insert into prebuild(job_name,source_project,source_branch,target_project,target_branch,time,build_url,node_name,build_user) values ('\''rubby-slam-sppt-3566'\'','\''fangwanyuan/vio_sam'\'','\''superpoint'\'','\''abby/integration/SLAM'\'','\''superpoint'\'',now(),'\''http://192.168.50.26:8080/job/rubby-slam-sppt-3566/1/'\'','\''191'\'','\''zhangshuai'\'')'
+ set +x
+ DOCKER_CONTAINER_I18=build-x64-18.04
+ DOCKER_CONTAINER_RUBBY=c405
+ DOCKER_CONTAINER_RUBBY_INSIDE=c3566
+ DOCKER_CONTAINER_JAVA=node
+ JENKINS_JOB_A=mind
+ JENKINS_JOB_B=rbn
+ JENKINS_JOB_C=mark-check-tools
+ JENKINS_JOB_D=java
+ JENKINS_JOB_E=nodejs
+ JENKINS_JOB_F=_ui
+ JENKINS_JOB_G=i12r
+ JENKINS_JOB_E=clean_recorder
+ [[ rubby-slam-sppt-3566 =~ mind ]]
+ '[' false = false ']'
+ source_project_update
+ '[' -d /home/indemind/.jenkins_slave/workspace/rubby-slam-sppt-3566/vio_sam ']'
+ source_project_fetch
+ git clone ssh://git@192.168.50.191:222/fangwanyuan/vio_sam -b superpoint --depth=1
æ­£å…‹éš†åˆ° 'vio_sam'...
Warning: Permanently added '[192.168.50.191]:222' (ECDSA) to the list of known hosts.
+ target_project_update
+ rm -rf /home/indemind/.jenkins_slave/workspace/rubby-slam-sppt-3566/SLAM
+ target_project_fetch
+ git clone ssh://git@192.168.50.191:222/abby/integration/SLAM -b superpoint --depth=1
æ­£å…‹éš†åˆ° 'SLAM'...
Warning: Permanently added '[192.168.50.191]:222' (ECDSA) to the list of known hosts.
+ insert_db
+ pushd /home/indemind/.jenkins_slave/workspace/rubby-slam-sppt-3566/vio_sam
~/.jenkins_slave/workspace/rubby-slam-sppt-3566/vio_sam ~/.jenkins_slave/workspace/rubby-slam-sppt-3566
++ cmdb_mysql 'SELECT first_commit_id FROM prebuild where source_project='\''fangwanyuan/vio_sam'\'' and source_branch='\''superpoint'\'' and target_project='\''abby/integration/SLAM'\'' and target_branch='\''superpoint'\'' and status='\''0'\'' and job_name='\''rubby-slam-sppt-3566'\'' order by id desc limit 1;'
++ set +x
+ version=
++ echo
++ awk -F ' ' '{print $2}'
+ version=
++ git log -1 --pretty=format:%h
+ first_commit_id_now=3646e9c
+ cmdb_mysql 'update prebuild set first_commit_id='\''3646e9c'\'' where build_url='\''http://192.168.50.26:8080/job/rubby-slam-sppt-3566/1/'\'';'
+ set +x
+ popd
~/.jenkins_slave/workspace/rubby-slam-sppt-3566
+ [[ x86_64 =~ x86_64 ]]
+ docker exec -i c3566 /bin/bash
+ [[ c3566 == c405 ]]
+ [[ c3566 == c3566 ]]
+ echo 'rubby project building in c3566......'
rubby project building in c3566......
+ pushd /root/system/abby_msg
~/system/abby_msg /
+ git checkout ./
+ git clean -xdf ./
+ git pull origin master
From ssh://192.168.50.191:222/abby/source/abby_msg
 * branch            master     -> FETCH_HEAD
Already up to date.
+ popd
/
+ pushd /home/indemind/.jenkins_slave/workspace/rubby-slam-sppt-3566/vio_sam
/home/indemind/.jenkins_slave/workspace/rubby-slam-sppt-3566/vio_sam /
+ git submodule update --init --recursive
Submodule 'submodules/DepthModuleForRubby' (http://192.168.50.191:85/qiuliru/DepthModuleForRubby) registered for path 'submodules/DepthModuleForRubby'
Cloning into '/home/indemind/.jenkins_slave/workspace/rubby-slam-sppt-3566/vio_sam/submodules/DepthModuleForRubby'...
warning: redirecting to http://192.168.50.191:85/qiuliru/DepthModuleForRubby.git/
Submodule path 'submodules/DepthModuleForRubby': checked out '3a58862185e121fb41573b9ecc02915e4cc657b7'
+ git submodule update --remote
warning: redirecting to http://192.168.50.191:85/qiuliru/DepthModuleForRubby.git/
+ sed -i 's/make -j[0-9].*/make -j16/g' build.sh
+ '[' x3646e9c == x ']'
+ source /opt/ros/melodic/setup.bash
+ bash -ex build.sh
+ echo 'Uncompress vocabulary ...'
Uncompress vocabulary ...
+ cp -r abby_msg ./../
+ echo 'Configuring and building ORB_SLAM3 ...'
Configuring and building ORB_SLAM3 ...
+ echo 'build DBoW2'
build DBoW2
+ cd DBoW2
+ mkdir build
+ cd build
+ cmake .. -DCMAKE_BUILD_TYPE=Release
-- The C compiler identification is GNU 7.5.0
-- The CXX compiler identification is GNU 7.5.0
-- Check for working C compiler: /usr/bin/cc
-- Check for working C compiler: /usr/bin/cc -- works
-- Detecting C compiler ABI info
-- Detecting C compiler ABI info - done
-- Detecting C compile features
-- Detecting C compile features - done
-- Check for working CXX compiler: /usr/bin/c++
-- Check for working CXX compiler: /usr/bin/c++ -- works
-- Detecting CXX compiler ABI info
-- Detecting CXX compiler ABI info - done
-- Detecting CXX compile features
-- Detecting CXX compile features - done
-- Performing Test COMPILER_SUPPORTS_CXX11
-- Performing Test COMPILER_SUPPORTS_CXX11 - Success
-- Performing Test COMPILER_SUPPORTS_CXX0X
-- Performing Test COMPILER_SUPPORTS_CXX0X - Success
-- Using flag -std=c++11.
-- Configuring done
-- Generating done
-- Build files have been written to: /home/indemind/.jenkins_slave/workspace/rubby-slam-sppt-3566/vio_sam/DBoW2/build
+ make -j16
Scanning dependencies of target DBoW2
[ 11%] Building CXX object CMakeFiles/DBoW2.dir/DBoW2/BowVector.cpp.o
[ 22%] Building CXX object CMakeFiles/DBoW2.dir/DBoW2/ScoringObject.cpp.o
[ 55%] Building CXX object CMakeFiles/DBoW2.dir/DUtils/Random.cpp.o
[ 33%] Building CXX object CMakeFiles/DBoW2.dir/DUtils/Timestamp.cpp.o
[ 55%] Building CXX object CMakeFiles/DBoW2.dir/DBoW2/FeatureVector.cpp.o
[ 77%] Building CXX object CMakeFiles/DBoW2.dir/DBoW2/FORB.cpp.o
[ 66%] Building CXX object CMakeFiles/DBoW2.dir/DBoW2/FSuperPoint256.cpp.o
[ 88%] Building CXX object CMakeFiles/DBoW2.dir/DBoW2/FSuperPoint.cpp.o
[100%] Linking CXX shared library ../lib/libDBoW2.so
[100%] Built target DBoW2
+ echo 'build DLib'
build DLib
+ cd ../../DLib
+ mkdir build
+ cd build
+ cmake .. -DCMAKE_BUILD_TYPE=Release
-- The C compiler identification is GNU 7.5.0
-- The CXX compiler identification is GNU 7.5.0
-- Check for working C compiler: /usr/bin/cc
-- Check for working C compiler: /usr/bin/cc -- works
-- Detecting C compiler ABI info
-- Detecting C compiler ABI info - done
-- Detecting C compile features
-- Detecting C compile features - done
-- Check for working CXX compiler: /usr/bin/c++
-- Check for working CXX compiler: /usr/bin/c++ -- works
-- Detecting CXX compiler ABI info
-- Detecting CXX compiler ABI info - done
-- Detecting CXX compile features
-- Detecting CXX compile features - done
-- Performing Test COMPILER_SUPPORTS_CXX11
-- Performing Test COMPILER_SUPPORTS_CXX11 - Success
-- Performing Test COMPILER_SUPPORTS_CXX0X
-- Performing Test COMPILER_SUPPORTS_CXX0X - Success
-- Using flag -std=c++11.
-- Found OpenCV: /usr/local (found suitable version "3.4.3", minimum required is "3.4") 
-- Configuring done
-- Generating done
-- Build files have been written to: /home/indemind/.jenkins_slave/workspace/rubby-slam-sppt-3566/vio_sam/DLib/build
+ make -j16
Scanning dependencies of target DLib
[ 10%] Building CXX object CMakeFiles/DLib.dir/src/DVision/PMVSCamera.cpp.o
[ 10%] Building CXX object CMakeFiles/DLib.dir/src/DVision/BRIEF.cpp.o
[ 10%] Building CXX object CMakeFiles/DLib.dir/src/DVision/PixelPointFile.cpp.o
[ 17%] Building CXX object CMakeFiles/DLib.dir/src/DVision/PLYFile.cpp.o
[ 17%] Building CXX object CMakeFiles/DLib.dir/src/DVision/HSolver.cpp.o
[ 20%] Building CXX object CMakeFiles/DLib.dir/src/DVision/BundleCamera.cpp.o
[ 24%] Building CXX object CMakeFiles/DLib.dir/src/DUtilsCV/Types.cpp.o
[ 34%] Building CXX object CMakeFiles/DLib.dir/src/DUtilsCV/Geometry.cpp.o
[ 31%] Building CXX object CMakeFiles/DLib.dir/src/DVision/ImageFunctions.cpp.o
[ 37%] Building CXX object CMakeFiles/DLib.dir/src/DVision/FSolver.cpp.o
[ 37%] Building CXX object CMakeFiles/DLib.dir/src/DUtilsCV/Mat.cpp.o
[ 41%] Building CXX object CMakeFiles/DLib.dir/src/DUtilsCV/Drawing.cpp.o
[ 48%] Building CXX object CMakeFiles/DLib.dir/src/DVision/PatchFile.cpp.o
[ 48%] Building CXX object CMakeFiles/DLib.dir/src/DVision/Matches.cpp.o
[ 51%] Building CXX object CMakeFiles/DLib.dir/src/DUtilsCV/IO.cpp.o
[ 55%] Building CXX object CMakeFiles/DLib.dir/src/DUtilsCV/GUI.cpp.o
/home/indemind/.jenkins_slave/workspace/rubby-slam-sppt-3566/vio_sam/DLib/src/DUtilsCV/GUI.cpp: In static member function 'static int DUtilsCV::GUI::showImage(const cv::Mat&, bool, DUtilsCV::GUI::tWinHandler*, int)':
/home/indemind/.jenkins_slave/workspace/rubby-slam-sppt-3566/vio_sam/DLib/src/DUtilsCV/GUI.cpp:56:10: warning: comparison is always false due to limited range of data type [-Wtype-limits]
   if(key == -1) key = NO_KEY;
      ~~~~^~~~~
[ 58%] Building CXX object CMakeFiles/DLib.dir/src/DUtilsCV/Transformations.cpp.o
[ 62%] Building CXX object CMakeFiles/DLib.dir/src/DUtils/BinaryFile.cpp.o
[ 65%] Building CXX object CMakeFiles/DLib.dir/src/DUtils/DebugFunctions.cpp.o
[ 68%] Building CXX object CMakeFiles/DLib.dir/src/DUtils/LUT.cpp.o
[ 72%] Building CXX object CMakeFiles/DLib.dir/src/DUtils/Profiler.cpp.o
[ 75%] Building CXX object CMakeFiles/DLib.dir/src/DUtils/StringFunctions.cpp.o
[ 79%] Building CXX object CMakeFiles/DLib.dir/src/DUtils/Timestamp.cpp.o
[ 82%] Building CXX object CMakeFiles/DLib.dir/src/DUtils/ConfigFile.cpp.o
[ 86%] Building CXX object CMakeFiles/DLib.dir/src/DUtils/FileFunctions.cpp.o
[ 89%] Building CXX object CMakeFiles/DLib.dir/src/DUtils/LineFile.cpp.o
[ 93%] Building CXX object CMakeFiles/DLib.dir/src/DUtils/Random.cpp.o
[ 96%] Building CXX object CMakeFiles/DLib.dir/src/DUtils/TimeManager.cpp.o
[100%] Linking CXX shared library ../lib/libDLib.so
[100%] Built target DLib
+ cd ../../
+ mkdir build
+ cd build
+ cmake .. -DCMAKE_BUILD_TYPE=Release
-- The C compiler identification is GNU 7.5.0
-- The CXX compiler identification is GNU 7.5.0
-- Check for working C compiler: /usr/bin/cc
-- Check for working C compiler: /usr/bin/cc -- works
-- Detecting C compiler ABI info
-- Detecting C compiler ABI info - done
-- Detecting C compile features
-- Detecting C compile features - done
-- Check for working CXX compiler: /usr/bin/c++
-- Check for working CXX compiler: /usr/bin/c++ -- works
-- Detecting CXX compiler ABI info
-- Detecting CXX compiler ABI info - done
-- Detecting CXX compile features
-- Detecting CXX compile features - done
Build type: Release
-- Performing Test COMPILER_SUPPORTS_CXX11
-- Performing Test COMPILER_SUPPORTS_CXX11 - Success
-- Performing Test COMPILER_SUPPORTS_CXX0X
-- Performing Test COMPILER_SUPPORTS_CXX0X - Success
-- Using flag -std=c++11.
-- Found OpenCV: /usr/local (found suitable version "3.4.3", minimum required is "3.4") 
OPENCV VERSION:
3.4.3
-- Found Eigen3: /usr/local/include/eigen3 (Required is at least version "3.1.0") 
-- Looking for pthread.h
-- Looking for pthread.h - found
-- Looking for pthread_create
-- Looking for pthread_create - not found
-- Looking for pthread_create in pthreads
-- Looking for pthread_create in pthreads - not found
-- Looking for pthread_create in pthread
-- Looking for pthread_create in pthread - found
-- Found Threads: TRUE  
-- Boost version: 1.65.1
-- Found the following Boost libraries:
--   timer
--   regex
--   serialization
--   thread
--   system
--   filesystem
--   chrono
--   date_time
--   atomic
-- Found Glog: /usr/include  
-- CONFIG_BUILD_DEPTH=OFF
-- Configuring done
-- Generating done
-- Build files have been written to: /home/indemind/.jenkins_slave/workspace/rubby-slam-sppt-3566/vio_sam/build
+ make -j16
Scanning dependencies of target ORB_SLAM3
[  1%] Building CXX object CMakeFiles/ORB_SLAM3.dir/src/ORBextractor.cc.o
[  3%] Building CXX object CMakeFiles/ORB_SLAM3.dir/src/ORBmatcher.cc.o
[  5%] Building CXX object CMakeFiles/ORB_SLAM3.dir/src/MapPoint.cc.o
[  6%] Building CXX object CMakeFiles/ORB_SLAM3.dir/src/Atlas.cc.o
[ 10%] Building CXX object CMakeFiles/ORB_SLAM3.dir/src/MapDrawer.cc.o
[ 11%] Building CXX object CMakeFiles/ORB_SLAM3.dir/src/FrameDrawer.cc.o
[ 11%] Building CXX object CMakeFiles/ORB_SLAM3.dir/src/Converter.cc.o
[ 13%] Building CXX object CMakeFiles/ORB_SLAM3.dir/src/Frame.cc.o
[ 15%] Building CXX object CMakeFiles/ORB_SLAM3.dir/src/Map.cc.o
[ 16%] Building CXX object CMakeFiles/ORB_SLAM3.dir/src/KeyFrame.cc.o
[ 18%] Building CXX object CMakeFiles/ORB_SLAM3.dir/src/KeyFrameDatabase.cc.o
[ 20%] Building CXX object CMakeFiles/ORB_SLAM3.dir/src/ImuTypes.cc.o
[ 22%] Building CXX object CMakeFiles/ORB_SLAM3.dir/src/tool/DouglasPeucker.cc.o
[ 23%] Building CXX object CMakeFiles/ORB_SLAM3.dir/src/Viewer.cc.o
[ 27%] Building CXX object CMakeFiles/ORB_SLAM3.dir/src/Sim3Solver.cc.o
[ 27%] Building CXX object CMakeFiles/ORB_SLAM3.dir/src/SlamErrors/FailedCounter.cc.o
In file included from /home/indemind/.jenkins_slave/workspace/rubby-slam-sppt-3566/vio_sam/include/MapPoint.h:24:0,
                 from /home/indemind/.jenkins_slave/workspace/rubby-slam-sppt-3566/vio_sam/include/KeyFrame.h:23,
                 from /home/indemind/.jenkins_slave/workspace/rubby-slam-sppt-3566/vio_sam/src/KeyFrame.cc:19:
/home/indemind/.jenkins_slave/workspace/rubby-slam-sppt-3566/vio_sam/include/Frame.h:28:10: fatal error: ../../Thirdparty/Sophus/sophus/geometry.hpp: No such file or directory
 #include "../../Thirdparty/Sophus/sophus/geometry.hpp"
          ^~~~~~~~~~~~~~~~~~~~~~~~~~~~~~~~~~~~~~~~~~~~~
compilation terminated.
In file included from /home/indemind/.jenkins_slave/workspace/rubby-slam-sppt-3566/vio_sam/include/MapPoint.h:24:0,
                 from /home/indemind/.jenkins_slave/workspace/rubby-slam-sppt-3566/vio_sam/include/KeyFrame.h:23,
                 from /home/indemind/.jenkins_slave/workspace/rubby-slam-sppt-3566/vio_sam/include/KeyFrameDatabase.h:27,
                 from /home/indemind/.jenkins_slave/workspace/rubby-slam-sppt-3566/vio_sam/src/KeyFrameDatabase.cc:20:
/home/indemind/.jenkins_slave/workspace/rubby-slam-sppt-3566/vio_sam/include/Frame.h:28:10: fatal error: ../../Thirdparty/Sophus/sophus/geometry.hpp: No such file or directory
 #include "../../Thirdparty/Sophus/sophus/geometry.hpp"
          ^~~~~~~~~~~~~~~~~~~~~~~~~~~~~~~~~~~~~~~~~~~~~
compilation terminated.
In file included from /home/indemind/.jenkins_slave/workspace/rubby-slam-sppt-3566/vio_sam/src/Frame.cc:19:0:
/home/indemind/.jenkins_slave/workspace/rubby-slam-sppt-3566/vio_sam/include/Frame.h:28:10: fatal error: ../../Thirdparty/Sophus/sophus/geometry.hpp: No such file or directory
 #include "../../Thirdparty/Sophus/sophus/geometry.hpp"
          ^~~~~~~~~~~~~~~~~~~~~~~~~~~~~~~~~~~~~~~~~~~~~
compilation terminated.
CMakeFiles/ORB_SLAM3.dir/build.make:278: recipe for target 'CMakeFiles/ORB_SLAM3.dir/src/Frame.cc.o' failed
make[2]: *** [CMakeFiles/ORB_SLAM3.dir/src/Frame.cc.o] Error 1
make[2]: *** Waiting for unfinished jobs....
CMakeFiles/ORB_SLAM3.dir/build.make:182: recipe for target 'CMakeFiles/ORB_SLAM3.dir/src/KeyFrame.cc.o' failed
make[2]: *** [CMakeFiles/ORB_SLAM3.dir/src/KeyFrame.cc.o] Error 1
CMakeFiles/ORB_SLAM3.dir/build.make:302: recipe for target 'CMakeFiles/ORB_SLAM3.dir/src/KeyFrameDatabase.cc.o' failed
make[2]: *** [CMakeFiles/ORB_SLAM3.dir/src/KeyFrameDatabase.cc.o] Error 1
In file included from /home/indemind/.jenkins_slave/workspace/rubby-slam-sppt-3566/vio_sam/src/ORBmatcher.cc:20:0:
/home/indemind/.jenkins_slave/workspace/rubby-slam-sppt-3566/vio_sam/include/ORBmatcher.h:26:9: fatal error: sophus/sim3.hpp: No such file or directory
 #include"sophus/sim3.hpp"
         ^~~~~~~~~~~~~~~~~
compilation terminated.
CMakeFiles/ORB_SLAM3.dir/build.make:86: recipe for target 'CMakeFiles/ORB_SLAM3.dir/src/ORBmatcher.cc.o' failed
make[2]: *** [CMakeFiles/ORB_SLAM3.dir/src/ORBmatcher.cc.o] Error 1
In file included from /home/indemind/.jenkins_slave/workspace/rubby-slam-sppt-3566/vio_sam/src/Converter.cc:19:0:
/home/indemind/.jenkins_slave/workspace/rubby-slam-sppt-3566/vio_sam/include/Converter.h:26:9: fatal error: ../../Thirdparty/g2o/g2o/types/types_six_dof_expmap.h: No such file or directory
 #include"../../Thirdparty/g2o/g2o/types/types_six_dof_expmap.h"
         ^~~~~~~~~~~~~~~~~~~~~~~~~~~~~~~~~~~~~~~~~~~~~~~~~~~~~~~
compilation terminated.
In file included from /home/indemind/.jenkins_slave/workspace/rubby-slam-sppt-3566/vio_sam/src/ImuTypes.cc:19:0:
/home/indemind/.jenkins_slave/workspace/rubby-slam-sppt-3566/vio_sam/include/ImuTypes.h:29:10: fatal error: sophus/se3.hpp: No such file or directory
 #include <sophus/se3.hpp>
          ^~~~~~~~~~~~~~~~
compilation terminated.
CMakeFiles/ORB_SLAM3.dir/build.make:134: recipe for target 'CMakeFiles/ORB_SLAM3.dir/src/Converter.cc.o' failed
make[2]: *** [CMakeFiles/ORB_SLAM3.dir/src/Converter.cc.o] Error 1
CMakeFiles/ORB_SLAM3.dir/build.make:374: recipe for target 'CMakeFiles/ORB_SLAM3.dir/src/ImuTypes.cc.o' failed
make[2]: *** [CMakeFiles/ORB_SLAM3.dir/src/ImuTypes.cc.o] Error 1
In file included from /home/indemind/.jenkins_slave/workspace/rubby-slam-sppt-3566/vio_sam/include/KeyFrame.h:28:0,
                 from /home/indemind/.jenkins_slave/workspace/rubby-slam-sppt-3566/vio_sam/include/MapPoint.h:23,
                 from /home/indemind/.jenkins_slave/workspace/rubby-slam-sppt-3566/vio_sam/include/Map.h:23,
                 from /home/indemind/.jenkins_slave/workspace/rubby-slam-sppt-3566/vio_sam/include/Atlas.h:22,
                 from /home/indemind/.jenkins_slave/workspace/rubby-slam-sppt-3566/vio_sam/include/MapDrawer.h:23,
                 from /home/indemind/.jenkins_slave/workspace/rubby-slam-sppt-3566/vio_sam/src/MapDrawer.cc:19:
/home/indemind/.jenkins_slave/workspace/rubby-slam-sppt-3566/vio_sam/include/Frame.h:28:10: fatal error: ../../Thirdparty/Sophus/sophus/geometry.hpp: No such file or directory
 #include "../../Thirdparty/Sophus/sophus/geometry.hpp"
          ^~~~~~~~~~~~~~~~~~~~~~~~~~~~~~~~~~~~~~~~~~~~~
compilation terminated.
In file included from /home/indemind/.jenkins_slave/workspace/rubby-slam-sppt-3566/vio_sam/include/KeyFrame.h:28:0,
                 from /home/indemind/.jenkins_slave/workspace/rubby-slam-sppt-3566/vio_sam/include/MapPoint.h:23,
                 from /home/indemind/.jenkins_slave/workspace/rubby-slam-sppt-3566/vio_sam/include/Map.h:23,
                 from /home/indemind/.jenkins_slave/workspace/rubby-slam-sppt-3566/vio_sam/include/Atlas.h:22,
                 from /home/indemind/.jenkins_slave/workspace/rubby-slam-sppt-3566/vio_sam/src/Atlas.cc:19:
/home/indemind/.jenkins_slave/workspace/rubby-slam-sppt-3566/vio_sam/include/Frame.h:28:10: fatal error: ../../Thirdparty/Sophus/sophus/geometry.hpp: No such file or directory
 #include "../../Thirdparty/Sophus/sophus/geometry.hpp"
          ^~~~~~~~~~~~~~~~~~~~~~~~~~~~~~~~~~~~~~~~~~~~~
compilation terminated.
make[2]: *** [CMakeFiles/ORB_SLAM3.dir/src/MapDrawer.cc.o] Error 1
CMakeFiles/ORB_SLAM3.dir/build.make:254: recipe for target 'CMakeFiles/ORB_SLAM3.dir/src/MapDrawer.cc.o' failed
In file included from /home/indemind/.jenkins_slave/workspace/rubby-slam-sppt-3566/vio_sam/include/KeyFrame.h:28:0,
                 from /home/indemind/.jenkins_slave/workspace/rubby-slam-sppt-3566/vio_sam/include/MapPoint.h:23,
                 from /home/indemind/.jenkins_slave/workspace/rubby-slam-sppt-3566/vio_sam/src/MapPoint.cc:19:
/home/indemind/.jenkins_slave/workspace/rubby-slam-sppt-3566/vio_sam/include/Frame.h:28:10: fatal error: ../../Thirdparty/Sophus/sophus/geometry.hpp: No such file or directory
 #include "../../Thirdparty/Sophus/sophus/geometry.hpp"
          ^~~~~~~~~~~~~~~~~~~~~~~~~~~~~~~~~~~~~~~~~~~~~
compilation terminated.
CMakeFiles/ORB_SLAM3.dir/build.make:206: recipe for target 'CMakeFiles/ORB_SLAM3.dir/src/Atlas.cc.o' failed
make[2]: *** [CMakeFiles/ORB_SLAM3.dir/src/Atlas.cc.o] Error 1
make[2]: *** [CMakeFiles/ORB_SLAM3.dir/src/MapPoint.cc.o] Error 1
CMakeFiles/ORB_SLAM3.dir/build.make:158: recipe for target 'CMakeFiles/ORB_SLAM3.dir/src/MapPoint.cc.o' failed
In file included from /home/indemind/.jenkins_slave/workspace/rubby-slam-sppt-3566/vio_sam/src/tool/DouglasPeucker.h:4:0,
                 from /home/indemind/.jenkins_slave/workspace/rubby-slam-sppt-3566/vio_sam/src/tool/DouglasPeucker.cc:3:
/home/indemind/.jenkins_slave/workspace/rubby-slam-sppt-3566/vio_sam/src/tool/configs.h:7:10: fatal error: gtsam/geometry/Pose3.h: No such file or directory
 #include "gtsam/geometry/Pose3.h"
          ^~~~~~~~~~~~~~~~~~~~~~~~
compilation terminated.
make[2]: *** [CMakeFiles/ORB_SLAM3.dir/src/tool/DouglasPeucker.cc.o] Error 1
CMakeFiles/ORB_SLAM3.dir/build.make:422: recipe for target 'CMakeFiles/ORB_SLAM3.dir/src/tool/DouglasPeucker.cc.o' failed
In file included from /home/indemind/.jenkins_slave/workspace/rubby-slam-sppt-3566/vio_sam/include/KeyFrame.h:28:0,
                 from /home/indemind/.jenkins_slave/workspace/rubby-slam-sppt-3566/vio_sam/include/MapPoint.h:23,
                 from /home/indemind/.jenkins_slave/workspace/rubby-slam-sppt-3566/vio_sam/include/Map.h:23,
                 from /home/indemind/.jenkins_slave/workspace/rubby-slam-sppt-3566/vio_sam/include/Atlas.h:22,
                 from /home/indemind/.jenkins_slave/workspace/rubby-slam-sppt-3566/vio_sam/include/Tracking.h:28,
                 from /home/indemind/.jenkins_slave/workspace/rubby-slam-sppt-3566/vio_sam/include/FrameDrawer.h:23,
                 from /home/indemind/.jenkins_slave/workspace/rubby-slam-sppt-3566/vio_sam/include/Viewer.h:23,
                 from /home/indemind/.jenkins_slave/workspace/rubby-slam-sppt-3566/vio_sam/src/Viewer.cc:20:
/home/indemind/.jenkins_slave/workspace/rubby-slam-sppt-3566/vio_sam/include/Frame.h:28:10: fatal error: ../../Thirdparty/Sophus/sophus/geometry.hpp: No such file or directory
 #include "../../Thirdparty/Sophus/sophus/geometry.hpp"
          ^~~~~~~~~~~~~~~~~~~~~~~~~~~~~~~~~~~~~~~~~~~~~
compilation terminated.
In file included from /home/indemind/.jenkins_slave/workspace/rubby-slam-sppt-3566/vio_sam/include/KeyFrame.h:28:0,
                 from /home/indemind/.jenkins_slave/workspace/rubby-slam-sppt-3566/vio_sam/include/MapPoint.h:23,
                 from /home/indemind/.jenkins_slave/workspace/rubby-slam-sppt-3566/vio_sam/include/Map.h:23,
                 from /home/indemind/.jenkins_slave/workspace/rubby-slam-sppt-3566/vio_sam/include/Atlas.h:22,
                 from /home/indemind/.jenkins_slave/workspace/rubby-slam-sppt-3566/vio_sam/include/MapDrawer.h:23,
                 from /home/indemind/.jenkins_slave/workspace/rubby-slam-sppt-3566/vio_sam/include/Viewer.h:24,
                 from /home/indemind/.jenkins_slave/workspace/rubby-slam-sppt-3566/vio_sam/include/Tracking.h:26,
                 from /home/indemind/.jenkins_slave/workspace/rubby-slam-sppt-3566/vio_sam/include/FrameDrawer.h:23,
                 from /home/indemind/.jenkins_slave/workspace/rubby-slam-sppt-3566/vio_sam/src/FrameDrawer.cc:19:
/home/indemind/.jenkins_slave/workspace/rubby-slam-sppt-3566/vio_sam/include/Frame.h:28:10: fatal error: ../../Thirdparty/Sophus/sophus/geometry.hpp: No such file or directory
 #include "../../Thirdparty/Sophus/sophus/geometry.hpp"
          ^~~~~~~~~~~~~~~~~~~~~~~~~~~~~~~~~~~~~~~~~~~~~
compilation terminated.
CMakeFiles/ORB_SLAM3.dir/build.make:350: recipe for target 'CMakeFiles/ORB_SLAM3.dir/src/Viewer.cc.o' failed
make[2]: *** [CMakeFiles/ORB_SLAM3.dir/src/Viewer.cc.o] Error 1
In file included from /home/indemind/.jenkins_slave/workspace/rubby-slam-sppt-3566/vio_sam/include/MapPoint.h:24:0,
                 from /home/indemind/.jenkins_slave/workspace/rubby-slam-sppt-3566/vio_sam/include/KeyFrame.h:23,
                 from /home/indemind/.jenkins_slave/workspace/rubby-slam-sppt-3566/vio_sam/include/Sim3Solver.h:26,
                 from /home/indemind/.jenkins_slave/workspace/rubby-slam-sppt-3566/vio_sam/src/Sim3Solver.cc:20:
/home/indemind/.jenkins_slave/workspace/rubby-slam-sppt-3566/vio_sam/include/Frame.h:28:10: fatal error: ../../Thirdparty/Sophus/sophus/geometry.hpp: No such file or directory
 #include "../../Thirdparty/Sophus/sophus/geometry.hpp"
          ^~~~~~~~~~~~~~~~~~~~~~~~~~~~~~~~~~~~~~~~~~~~~
compilation terminated.
CMakeFiles/ORB_SLAM3.dir/build.make:110: recipe for target 'CMakeFiles/ORB_SLAM3.dir/src/FrameDrawer.cc.o' failed
make[2]: *** [CMakeFiles/ORB_SLAM3.dir/src/FrameDrawer.cc.o] Error 1
CMakeFiles/ORB_SLAM3.dir/build.make:326: recipe for target 'CMakeFiles/ORB_SLAM3.dir/src/Sim3Solver.cc.o' failed
make[2]: *** [CMakeFiles/ORB_SLAM3.dir/src/Sim3Solver.cc.o] Error 1
In file included from /home/indemind/.jenkins_slave/workspace/rubby-slam-sppt-3566/vio_sam/include/KeyFrame.h:28:0,
                 from /home/indemind/.jenkins_slave/workspace/rubby-slam-sppt-3566/vio_sam/include/MapPoint.h:23,
                 from /home/indemind/.jenkins_slave/workspace/rubby-slam-sppt-3566/vio_sam/include/Map.h:23,
                 from /home/indemind/.jenkins_slave/workspace/rubby-slam-sppt-3566/vio_sam/src/Map.cc:21:
/home/indemind/.jenkins_slave/workspace/rubby-slam-sppt-3566/vio_sam/include/Frame.h:28:10: fatal error: ../../Thirdparty/Sophus/sophus/geometry.hpp: No such file or directory
 #include "../../Thirdparty/Sophus/sophus/geometry.hpp"
          ^~~~~~~~~~~~~~~~~~~~~~~~~~~~~~~~~~~~~~~~~~~~~
compilation terminated.
CMakeFiles/ORB_SLAM3.dir/build.make:230: recipe for target 'CMakeFiles/ORB_SLAM3.dir/src/Map.cc.o' failed
make[2]: *** [CMakeFiles/ORB_SLAM3.dir/src/Map.cc.o] Error 1
CMakeFiles/Makefile2:67: recipe for target 'CMakeFiles/ORB_SLAM3.dir/all' failed
make[1]: *** [CMakeFiles/ORB_SLAM3.dir/all] Error 2
Makefile:83: recipe for target 'all' failed
make: *** [all] Error 2
+ echo 0
+ popd
/
+ exit
+ [[ -f /home/indemind/.jenkins_slave/workspace/rubby-slam-sppt-3566/no_code_change.log ]]
+ check_status_code
+ test -f /home/indemind/.jenkins_slave/workspace/rubby-slam-sppt-3566/result.log
+ echo 'containge build is error'
containge build is error
+ exit 1
Build step 'Execute shell' marked build as failure
Email was triggered for: Failure - Any
Sending email for trigger: Failure - Any
Sending email to: qishanqing@indemind.cn lishaohui@indemind.cn
Finished: FAILURE
