Started by user [8mha:////4Hr/xdFmTLt5KnrTe8trZK2TESQ/V/NsI0vaVi1tHUXnAAAAmx+LCAAAAAAAAP9b85aBtbiIQTGjNKU4P08vOT+vOD8nVc83PyU1x6OyILUoJzMv2y+/JJUBAhiZGBgqihhk0NSjKDWzXb3RdlLBUSYGJk8GtpzUvPSSDB8G5tKinBIGIZ+sxLJE/ZzEvHT94JKizLx0a6BxUmjGOUNodHsLgAyuEgYB/dLi1CL9qgygIcUZpYmZAFPXC9zFAAAA[0mzhangshuai
Rebuilds build #[8mha:////4NT8fq+7BR0+oPjsFZ4+BaYzXZuXkV9zeHB0u1ESHgHqAAAArh+LCAAAAAAAAP9b85aBtbiIQTGjNKU4P08vOT+vOD8nVc83PyU1x6OyILUoJzMv2y+/JJUBAhiZGBgqihhk0NSjKDWzXb3RdlLBUSYGJk8GtpzUvPSSDB8G5tKinBIGIZ+sxLJE/ZzEvHT94JKizLx0a6BxUmjGOUNodHsLgAzmEgYV/bLM1HL94pzEXP2s/CT9otKkpErdskyQgK6xqZmZvpGpMQDMggQz2QAAAA==[0m253
Running as SYSTEM
Building remotely on [8mha:////4GJECaSXI5jaa88kGHMmbEkdCg31N4g4yVAlsCFwflHgAAAAmR+LCAAAAAAAAP9b85aBtbiIQTGjNKU4P08vOT+vOD8nVc83PyU1x6OyILUoJzMv2y+/JJUBAhiZGBgqihhk0NSjKDWzXb3RdlLBUSYGJk8GtpzUvPSSDB8G5tKinBIGIZ+sxLJE/ZzEvHT94JKizLx0a6BxUmjGOUNodHsLgAzmEgZe/eT83ILSktQifUNLQwA4ziQnwgAAAA==[0m191 (192.168.50.191) in workspace /home/indemind/.jenkins_slave/workspace/rubby-vislam-3566
[WS-CLEANUP] Deleting project workspace...
[WS-CLEANUP] Deferred wipeout is used...
[WS-CLEANUP] Done
No emails were triggered.
[rubby-vislam-3566] $ /bin/sh -xe /tmp/jenkins16155542177137579192.sh
+ bash /home/indemind/myscript/build/build.sh
++ export MYSQL_PWD=123
++ MYSQL_PWD=123
++ export -f cmdb_mysql
+ set -ex
+ export -f public_project_update
+ export -f project_build
+ init_project_env
++ date +%Y%m%d
+ DT=20240201
+ UserName=jenkins
+ API_TOKEN=11b65309c9835de9579d9c9038853d9eb7
+ GIT_PRIVATE_TOKEN=emEDrsaJVjxKK5gSWrf-
+ GIT_HOST=192.168.50.191
++ echo abby/integration/SLAM
++ awk -F/ '{print $1"%2F"$2}'
+ CONVERT_TARGET_PROJECT=abby%2Fintegration
++ curl -XGET -H 'Content-Type: application/json' --header 'PRIVATE-TOKEN: emEDrsaJVjxKK5gSWrf-' http://192.168.50.191:85/api/v4/projects/abby%2Fintegration
++ python -c 'import sys, json; print(json.load(sys.stdin)["id"])'
  % Total    % Received % Xferd  Average Speed   Time    Time     Time  Current
                                 Dload  Upload   Total   Spent    Left  Speed
  0     0    0     0    0     0      0      0 --:--:-- --:--:-- --:--:--     0100    35  100    35    0     0    825      0 --:--:-- --:--:-- --:--:--   833
Traceback (most recent call last):
  File "<string>", line 1, in <module>
KeyError: 'id'
+ SUB_PROJECT_ID=
+ true
+ '[' -z ']'
+ SOURCE_DIR=/home/indemind/.jenkins_slave/workspace/rubby-vislam-3566/parker_vislam_source
+ TARGET_DIR=/home/indemind/.jenkins_slave/workspace/rubby-vislam-3566/SLAM
+ prepare_env
++ uname -m
+ system_platform=x86_64
+ :
++ cat /proc/cpuinfo
++ grep processor
++ sort
++ uniq
++ wc -l
+ mt=-j4
+ export COMMIT_ID_FILE=/home/indemind/.jenkins_slave/workspace/rubby-vislam-3566/_last_build_id
+ COMMIT_ID_FILE=/home/indemind/.jenkins_slave/workspace/rubby-vislam-3566/_last_build_id
+ export COMMIT_MSG_FILE=/home/indemind/.jenkins_slave/workspace/rubby-vislam-3566/_commit-msg
+ COMMIT_MSG_FILE=/home/indemind/.jenkins_slave/workspace/rubby-vislam-3566/_commit-msg
+ export COMMIT_MSG_FILE_TMP=/home/indemind/.jenkins_slave/workspace/rubby-vislam-3566/_commit-msg.tmp
+ COMMIT_MSG_FILE_TMP=/home/indemind/.jenkins_slave/workspace/rubby-vislam-3566/_commit-msg.tmp
+ rm -f /home/indemind/.jenkins_slave/workspace/rubby-vislam-3566/_last_build_id
+ rm -f /home/indemind/.jenkins_slave/workspace/rubby-vislam-3566/_commit-msg
+ rm -f /home/indemind/.jenkins_slave/workspace/rubby-vislam-3566/_commit-msg.tmp
+ rm -f /home/indemind/.jenkins_slave/workspace/rubby-vislam-3566/result.log
+ rm -f /home/indemind/.jenkins_slave/workspace/rubby-vislam-3566/no_code_change.log
+ CLONE_DEPTH=--depth=1
+ PUBLICBASETYPES_DIR=/home/indemind/system/I18RPublicBaseTypes
+ cmdb_mysql 'insert into prebuild(job_name,source_project,source_branch,target_project,target_branch,time,build_url,node_name,build_user) values ('\''rubby-vislam-3566'\'','\''xuhaonan/parker_vislam_source'\'','\''rubbytest_relocation_E'\'','\''abby/integration/SLAM'\'','\''superpoint_test'\'',now(),'\''http://192.168.50.191:8088/job/rubby-vislam-3566/254/'\'','\''191'\'','\''zhangshuai'\'')'
+ set +x
+ DOCKER_CONTAINER_I18=build-x64-18.04
+ DOCKER_CONTAINER_RUBBY=c405
+ DOCKER_CONTAINER_RUBBY_INSIDE=c3566
+ DOCKER_CONTAINER_JAVA=node
+ JENKINS_JOB_A=mind
+ JENKINS_JOB_B=rbn
+ JENKINS_JOB_C=mark-check-tools
+ JENKINS_JOB_D=java
+ JENKINS_JOB_E=clean_recorder
+ JENKINS_JOB_F=i18r
+ JENKINS_JOB_G=nodejs
+ JENKINS_JOB_H=_ui
+ JENKINS_JOB_L=i12r
+ [[ rubby-vislam-3566 =~ mind ]]
+ '[' true = false ']'
+ source_project_fetch
+ git clone ssh://git@192.168.50.191:222/xuhaonan/parker_vislam_source -b rubbytest_relocation_E --depth=1
æ­£å…‹éš†åˆ° 'parker_vislam_source'...
Warning: Permanently added '[192.168.50.191]:222' (ECDSA) to the list of known hosts.
æ­£åœ¨æ£€å‡ºæ–‡ä»¶:   8% (209/2348)   æ­£åœ¨æ£€å‡ºæ–‡ä»¶:   9% (212/2348)   æ­£åœ¨æ£€å‡ºæ–‡ä»¶:  10% (235/2348)   æ­£åœ¨æ£€å‡ºæ–‡ä»¶:  11% (259/2348)   æ­£åœ¨æ£€å‡ºæ–‡ä»¶:  12% (282/2348)   æ­£åœ¨æ£€å‡ºæ–‡ä»¶:  13% (306/2348)   æ­£åœ¨æ£€å‡ºæ–‡ä»¶:  14% (329/2348)   æ­£åœ¨æ£€å‡ºæ–‡ä»¶:  15% (353/2348)   æ­£åœ¨æ£€å‡ºæ–‡ä»¶:  16% (376/2348)   æ­£åœ¨æ£€å‡ºæ–‡ä»¶:  17% (400/2348)   æ­£åœ¨æ£€å‡ºæ–‡ä»¶:  18% (423/2348)   æ­£åœ¨æ£€å‡ºæ–‡ä»¶:  19% (447/2348)   æ­£åœ¨æ£€å‡ºæ–‡ä»¶:  20% (470/2348)   æ­£åœ¨æ£€å‡ºæ–‡ä»¶:  21% (494/2348)   æ­£åœ¨æ£€å‡ºæ–‡ä»¶:  22% (517/2348)   æ­£åœ¨æ£€å‡ºæ–‡ä»¶:  23% (541/2348)   æ­£åœ¨æ£€å‡ºæ–‡ä»¶:  24% (564/2348)   æ­£åœ¨æ£€å‡ºæ–‡ä»¶:  25% (587/2348)   æ­£åœ¨æ£€å‡ºæ–‡ä»¶:  26% (611/2348)   æ­£åœ¨æ£€å‡ºæ–‡ä»¶:  27% (634/2348)   æ­£åœ¨æ£€å‡ºæ–‡ä»¶:  28% (658/2348)   æ­£åœ¨æ£€å‡ºæ–‡ä»¶:  29% (681/2348)   æ­£åœ¨æ£€å‡ºæ–‡ä»¶:  30% (705/2348)   æ­£åœ¨æ£€å‡ºæ–‡ä»¶:  31% (728/2348)   æ­£åœ¨æ£€å‡ºæ–‡ä»¶:  32% (752/2348)   æ­£åœ¨æ£€å‡ºæ–‡ä»¶:  33% (775/2348)   æ­£åœ¨æ£€å‡ºæ–‡ä»¶:  34% (799/2348)   æ­£åœ¨æ£€å‡ºæ–‡ä»¶:  35% (822/2348)   æ­£åœ¨æ£€å‡ºæ–‡ä»¶:  36% (846/2348)   æ­£åœ¨æ£€å‡ºæ–‡ä»¶:  37% (869/2348)   æ­£åœ¨æ£€å‡ºæ–‡ä»¶:  38% (893/2348)   æ­£åœ¨æ£€å‡ºæ–‡ä»¶:  39% (916/2348)   æ­£åœ¨æ£€å‡ºæ–‡ä»¶:  40% (940/2348)   æ­£åœ¨æ£€å‡ºæ–‡ä»¶:  41% (963/2348)   æ­£åœ¨æ£€å‡ºæ–‡ä»¶:  42% (987/2348)   æ­£åœ¨æ£€å‡ºæ–‡ä»¶:  43% (1010/2348)   æ­£åœ¨æ£€å‡ºæ–‡ä»¶:  44% (1034/2348)   æ­£åœ¨æ£€å‡ºæ–‡ä»¶:  45% (1057/2348)   æ­£åœ¨æ£€å‡ºæ–‡ä»¶:  46% (1081/2348)   æ­£åœ¨æ£€å‡ºæ–‡ä»¶:  47% (1104/2348)   æ­£åœ¨æ£€å‡ºæ–‡ä»¶:  48% (1128/2348)   æ­£åœ¨æ£€å‡ºæ–‡ä»¶:  49% (1151/2348)   æ­£åœ¨æ£€å‡ºæ–‡ä»¶:  50% (1174/2348)   æ­£åœ¨æ£€å‡ºæ–‡ä»¶:  51% (1198/2348)   æ­£åœ¨æ£€å‡ºæ–‡ä»¶:  52% (1221/2348)   æ­£åœ¨æ£€å‡ºæ–‡ä»¶:  53% (1245/2348)   æ­£åœ¨æ£€å‡ºæ–‡ä»¶:  54% (1268/2348)   æ­£åœ¨æ£€å‡ºæ–‡ä»¶:  55% (1292/2348)   æ­£åœ¨æ£€å‡ºæ–‡ä»¶:  56% (1315/2348)   æ­£åœ¨æ£€å‡ºæ–‡ä»¶:  57% (1339/2348)   æ­£åœ¨æ£€å‡ºæ–‡ä»¶:  58% (1362/2348)   æ­£åœ¨æ£€å‡ºæ–‡ä»¶:  59% (1386/2348)   æ­£åœ¨æ£€å‡ºæ–‡ä»¶:  60% (1409/2348)   æ­£åœ¨æ£€å‡ºæ–‡ä»¶:  61% (1433/2348)   æ­£åœ¨æ£€å‡ºæ–‡ä»¶:  62% (1456/2348)   æ­£åœ¨æ£€å‡ºæ–‡ä»¶:  63% (1480/2348)   æ­£åœ¨æ£€å‡ºæ–‡ä»¶:  64% (1503/2348)   æ­£åœ¨æ£€å‡ºæ–‡ä»¶:  65% (1527/2348)   æ­£åœ¨æ£€å‡ºæ–‡ä»¶:  66% (1550/2348)   æ­£åœ¨æ£€å‡ºæ–‡ä»¶:  67% (1574/2348)   æ­£åœ¨æ£€å‡ºæ–‡ä»¶:  68% (1597/2348)   æ­£åœ¨æ£€å‡ºæ–‡ä»¶:  69% (1621/2348)   æ­£åœ¨æ£€å‡ºæ–‡ä»¶:  70% (1644/2348)   æ­£åœ¨æ£€å‡ºæ–‡ä»¶:  71% (1668/2348)   æ­£åœ¨æ£€å‡ºæ–‡ä»¶:  72% (1691/2348)   æ­£åœ¨æ£€å‡ºæ–‡ä»¶:  73% (1715/2348)   æ­£åœ¨æ£€å‡ºæ–‡ä»¶:  74% (1738/2348)   æ­£åœ¨æ£€å‡ºæ–‡ä»¶:  75% (1761/2348)   æ­£åœ¨æ£€å‡ºæ–‡ä»¶:  76% (1785/2348)   æ­£åœ¨æ£€å‡ºæ–‡ä»¶:  76% (1790/2348)   æ­£åœ¨æ£€å‡ºæ–‡ä»¶:  77% (1808/2348)   æ­£åœ¨æ£€å‡ºæ–‡ä»¶:  78% (1832/2348)   æ­£åœ¨æ£€å‡ºæ–‡ä»¶:  79% (1855/2348)   æ­£åœ¨æ£€å‡ºæ–‡ä»¶:  80% (1879/2348)   æ­£åœ¨æ£€å‡ºæ–‡ä»¶:  81% (1902/2348)   æ­£åœ¨æ£€å‡ºæ–‡ä»¶:  82% (1926/2348)   æ­£åœ¨æ£€å‡ºæ–‡ä»¶:  83% (1949/2348)   æ­£åœ¨æ£€å‡ºæ–‡ä»¶:  84% (1973/2348)   æ­£åœ¨æ£€å‡ºæ–‡ä»¶:  85% (1996/2348)   æ­£åœ¨æ£€å‡ºæ–‡ä»¶:  86% (2020/2348)   æ­£åœ¨æ£€å‡ºæ–‡ä»¶:  87% (2043/2348)   æ­£åœ¨æ£€å‡ºæ–‡ä»¶:  88% (2067/2348)   æ­£åœ¨æ£€å‡ºæ–‡ä»¶:  89% (2090/2348)   æ­£åœ¨æ£€å‡ºæ–‡ä»¶:  90% (2114/2348)   æ­£åœ¨æ£€å‡ºæ–‡ä»¶:  91% (2137/2348)   æ­£åœ¨æ£€å‡ºæ–‡ä»¶:  92% (2161/2348)   æ­£åœ¨æ£€å‡ºæ–‡ä»¶:  93% (2184/2348)   æ­£åœ¨æ£€å‡ºæ–‡ä»¶:  94% (2208/2348)   æ­£åœ¨æ£€å‡ºæ–‡ä»¶:  95% (2231/2348)   æ­£åœ¨æ£€å‡ºæ–‡ä»¶:  96% (2255/2348)   æ­£åœ¨æ£€å‡ºæ–‡ä»¶:  97% (2278/2348)   æ­£åœ¨æ£€å‡ºæ–‡ä»¶:  98% (2302/2348)   æ­£åœ¨æ£€å‡ºæ–‡ä»¶:  99% (2325/2348)   æ­£åœ¨æ£€å‡ºæ–‡ä»¶: 100% (2348/2348)   æ­£åœ¨æ£€å‡ºæ–‡ä»¶: 100% (2348/2348), å®Œæˆ.
+ target_project_update
+ rm -rf /home/indemind/.jenkins_slave/workspace/rubby-vislam-3566/SLAM
+ target_project_fetch
+ git clone ssh://git@192.168.50.191:222/abby/integration/SLAM -b superpoint_test --depth=1
æ­£å…‹éš†åˆ° 'SLAM'...
Warning: Permanently added '[192.168.50.191]:222' (ECDSA) to the list of known hosts.
+ insert_db
+ pushd /home/indemind/.jenkins_slave/workspace/rubby-vislam-3566/parker_vislam_source
~/.jenkins_slave/workspace/rubby-vislam-3566/parker_vislam_source ~/.jenkins_slave/workspace/rubby-vislam-3566
++ cmdb_mysql 'SELECT first_commit_id FROM prebuild where source_project='\''xuhaonan/parker_vislam_source'\'' and source_branch='\''rubbytest_relocation_E'\'' and target_project='\''abby/integration/SLAM'\'' and target_branch='\''superpoint_test'\'' and status='\''0'\'' and job_name='\''rubby-vislam-3566'\'' order by id desc limit 1;'
++ set +x
+ version=
++ echo
++ awk -F ' ' '{print $2}'
+ version=
++ git log -1 --pretty=format:%h
+ first_commit_id_now=91f6808
+ cmdb_mysql 'update prebuild set first_commit_id='\''91f6808'\'' where build_url='\''http://192.168.50.191:8088/job/rubby-vislam-3566/254/'\'';'
+ set +x
+ popd
~/.jenkins_slave/workspace/rubby-vislam-3566
+ [[ x86_64 =~ x86_64 ]]
+ docker exec -i c3566 /bin/bash
+ [[ c3566 == c405 ]]
+ [[ c3566 == c3566 ]]
+ echo 'rubby project building in c3566......'
rubby project building in c3566......
+ pushd /root/system/abby_msg
~/system/abby_msg /
+ git checkout ./
+ git clean -xdf ./
+ git pull origin master
From ssh://192.168.50.191:222/abby/source/abby_msg
 * branch            master     -> FETCH_HEAD
Already up to date.
+ popd
/
+ pushd /home/indemind/.jenkins_slave/workspace/rubby-vislam-3566/parker_vislam_source
/home/indemind/.jenkins_slave/workspace/rubby-vislam-3566/parker_vislam_source /
+ git submodule update --init --recursive
Submodule 'submodules/DepthModuleForRubby' (http://192.168.50.191:85/qiuliru/DepthModuleForRubby) registered for path 'submodules/DepthModuleForRubby'
Cloning into '/home/indemind/.jenkins_slave/workspace/rubby-vislam-3566/parker_vislam_source/submodules/DepthModuleForRubby'...
warning: redirecting to http://192.168.50.191:85/qiuliru/DepthModuleForRubby.git/
Submodule path 'submodules/DepthModuleForRubby': checked out '3a58862185e121fb41573b9ecc02915e4cc657b7'
+ git submodule update --remote
warning: redirecting to http://192.168.50.191:85/qiuliru/DepthModuleForRubby.git/
+ sed -i 's/make -j[0-9].*/make -j4/g' firstbuild.sh
+ '[' x91f6808 == x ']'
+ source /opt/ros/melodic/setup.bash
+ bash -ex firstbuild.sh
+ echo 'Uncompress vocabulary ...'
Uncompress vocabulary ...
+ ls /root/
system
+ echo 'Configuring and building ORB_SLAM3 ...'
Configuring and building ORB_SLAM3 ...
+ sudo cp -r /usr/local/slam/Thirdparty .
Unknown host QEMU_IFLA type: 47
Unknown host QEMU_IFLA type: 48
Unknown host QEMU_IFLA type: 43
Unknown host QEMU_IFLA type: 47
Unknown host QEMU_IFLA type: 48
Unknown host QEMU_IFLA type: 43
+ sudo chmod 777 Thirdparty -R
Unknown host QEMU_IFLA type: 47
Unknown host QEMU_IFLA type: 48
Unknown host QEMU_IFLA type: 43
Unknown host QEMU_IFLA type: 47
Unknown host QEMU_IFLA type: 48
Unknown host QEMU_IFLA type: 43
+ rm Thirdparty/DBoW2 -rf
+ rm Thirdparty/DLib -rf
+ rm Thirdparty/superpoint -rf
+ rm -rf DBoW2/lib
+ rm -rf DLib/lib
+ cd DBoW2
+ mkdir build
+ cd build
+ cmake .. -DCMAKE_BUILD_TYPE=Release
-- The C compiler identification is GNU 7.5.0
-- The CXX compiler identification is GNU 7.5.0
-- Check for working C compiler: /usr/bin/cc
-- Check for working C compiler: /usr/bin/cc -- works
-- Detecting C compiler ABI info
-- Detecting C compiler ABI info - done
-- Detecting C compile features
-- Detecting C compile features - done
-- Check for working CXX compiler: /usr/bin/c++
-- Check for working CXX compiler: /usr/bin/c++ -- works
-- Detecting CXX compiler ABI info
-- Detecting CXX compiler ABI info - done
-- Detecting CXX compile features
-- Detecting CXX compile features - done
-- Performing Test COMPILER_SUPPORTS_CXX11
-- Performing Test COMPILER_SUPPORTS_CXX11 - Success
-- Performing Test COMPILER_SUPPORTS_CXX0X
-- Performing Test COMPILER_SUPPORTS_CXX0X - Success
-- Using flag -std=c++11.
-- Use the imported target: /usr/local/include/eigen3
-- Configuring done
-- Generating done
-- Build files have been written to: /home/indemind/.jenkins_slave/workspace/rubby-vislam-3566/parker_vislam_source/DBoW2/build
+ make -j4
Scanning dependencies of target DBoW2
[ 22%] Building CXX object CMakeFiles/DBoW2.dir/DBoW2/FORB.cpp.o
[ 22%] Building CXX object CMakeFiles/DBoW2.dir/DBoW2/FeatureVector.cpp.o
[ 33%] Building CXX object CMakeFiles/DBoW2.dir/DBoW2/ScoringObject.cpp.o
[ 44%] Building CXX object CMakeFiles/DBoW2.dir/DBoW2/BowVector.cpp.o
[ 55%] Building CXX object CMakeFiles/DBoW2.dir/DBoW2/FSuperPoint80.cpp.o
[ 66%] Building CXX object CMakeFiles/DBoW2.dir/DBoW2/FSuperPointBinary.cc.o
[ 77%] Building CXX object CMakeFiles/DBoW2.dir/DUtils/Random.cpp.o
[ 88%] Building CXX object CMakeFiles/DBoW2.dir/DUtils/Timestamp.cpp.o
[100%] Linking CXX shared library ../lib/libDBoW2.so
[100%] Built target DBoW2
+ cd ../../DLib
+ mkdir build
+ cd build
+ cmake .. -DCMAKE_BUILD_TYPE=Release
-- The C compiler identification is GNU 7.5.0
-- The CXX compiler identification is GNU 7.5.0
-- Check for working C compiler: /usr/bin/cc
-- Check for working C compiler: /usr/bin/cc -- works
-- Detecting C compiler ABI info
-- Detecting C compiler ABI info - done
-- Detecting C compile features
-- Detecting C compile features - done
-- Check for working CXX compiler: /usr/bin/c++
-- Check for working CXX compiler: /usr/bin/c++ -- works
-- Detecting CXX compiler ABI info
-- Detecting CXX compiler ABI info - done
-- Detecting CXX compile features
-- Detecting CXX compile features - done
-- Performing Test COMPILER_SUPPORTS_CXX11
-- Performing Test COMPILER_SUPPORTS_CXX11 - Success
-- Performing Test COMPILER_SUPPORTS_CXX0X
-- Performing Test COMPILER_SUPPORTS_CXX0X - Success
-- Using flag -std=c++11.
-- Found OpenCV: /usr/local (found suitable version "3.4.3", minimum required is "3.4") 
-- Configuring done
-- Generating done
-- Build files have been written to: /home/indemind/.jenkins_slave/workspace/rubby-vislam-3566/parker_vislam_source/DLib/build
+ make -j4
Scanning dependencies of target DLib
[  3%] Building CXX object CMakeFiles/DLib.dir/src/DVision/PLYFile.cpp.o
[ 10%] Building CXX object CMakeFiles/DLib.dir/src/DVision/BRIEF.cpp.o
[ 10%] Building CXX object CMakeFiles/DLib.dir/src/DVision/ImageFunctions.cpp.o
[ 13%] Building CXX object CMakeFiles/DLib.dir/src/DVision/FSolver.cpp.o
[ 17%] Building CXX object CMakeFiles/DLib.dir/src/DVision/PatchFile.cpp.o
[ 20%] Building CXX object CMakeFiles/DLib.dir/src/DVision/BundleCamera.cpp.o
[ 24%] Building CXX object CMakeFiles/DLib.dir/src/DVision/HSolver.cpp.o
[ 27%] Building CXX object CMakeFiles/DLib.dir/src/DVision/Matches.cpp.o
[ 31%] Building CXX object CMakeFiles/DLib.dir/src/DVision/PMVSCamera.cpp.o
[ 34%] Building CXX object CMakeFiles/DLib.dir/src/DVision/PixelPointFile.cpp.o
[ 37%] Building CXX object CMakeFiles/DLib.dir/src/DUtilsCV/Drawing.cpp.o
[ 41%] Building CXX object CMakeFiles/DLib.dir/src/DUtilsCV/Geometry.cpp.o
[ 44%] Building CXX object CMakeFiles/DLib.dir/src/DUtilsCV/Mat.cpp.o
[ 48%] Building CXX object CMakeFiles/DLib.dir/src/DUtilsCV/Types.cpp.o
[ 51%] Building CXX object CMakeFiles/DLib.dir/src/DUtilsCV/GUI.cpp.o
[ 55%] Building CXX object CMakeFiles/DLib.dir/src/DUtilsCV/IO.cpp.o
/home/indemind/.jenkins_slave/workspace/rubby-vislam-3566/parker_vislam_source/DLib/src/DUtilsCV/GUI.cpp: In static member function 'static int DUtilsCV::GUI::showImage(const cv::Mat&, bool, DUtilsCV::GUI::tWinHandler*, int)':
/home/indemind/.jenkins_slave/workspace/rubby-vislam-3566/parker_vislam_source/DLib/src/DUtilsCV/GUI.cpp:56:10: warning: comparison is always false due to limited range of data type [-Wtype-limits]
   if(key == -1) key = NO_KEY;
      ~~~~^~~~~
[ 58%] Building CXX object CMakeFiles/DLib.dir/src/DUtils/BinaryFile.cpp.o
[ 62%] Building CXX object CMakeFiles/DLib.dir/src/DUtilsCV/Transformations.cpp.o
[ 65%] Building CXX object CMakeFiles/DLib.dir/src/DUtils/DebugFunctions.cpp.o
[ 68%] Building CXX object CMakeFiles/DLib.dir/src/DUtils/LUT.cpp.o
[ 72%] Building CXX object CMakeFiles/DLib.dir/src/DUtils/Profiler.cpp.o
[ 75%] Building CXX object CMakeFiles/DLib.dir/src/DUtils/StringFunctions.cpp.o
[ 79%] Building CXX object CMakeFiles/DLib.dir/src/DUtils/Timestamp.cpp.o
[ 82%] Building CXX object CMakeFiles/DLib.dir/src/DUtils/ConfigFile.cpp.o
[ 86%] Building CXX object CMakeFiles/DLib.dir/src/DUtils/FileFunctions.cpp.o
[ 89%] Building CXX object CMakeFiles/DLib.dir/src/DUtils/LineFile.cpp.o
[ 93%] Building CXX object CMakeFiles/DLib.dir/src/DUtils/Random.cpp.o
[ 96%] Building CXX object CMakeFiles/DLib.dir/src/DUtils/TimeManager.cpp.o
[100%] Linking CXX shared library ../lib/libDLib.so
[100%] Built target DLib
+ cd ../../superpoint
+ mkdir build
+ cd build
+ cmake .. -DCMAKE_BUILD_TYPE=Release
-- The C compiler identification is GNU 7.5.0
-- The CXX compiler identification is GNU 7.5.0
-- Check for working C compiler: /usr/bin/cc
-- Check for working C compiler: /usr/bin/cc -- works
-- Detecting C compiler ABI info
-- Detecting C compiler ABI info - done
-- Detecting C compile features
-- Detecting C compile features - done
-- Check for working CXX compiler: /usr/bin/c++
-- Check for working CXX compiler: /usr/bin/c++ -- works
-- Detecting CXX compiler ABI info
-- Detecting CXX compiler ABI info - done
-- Detecting CXX compile features
-- Detecting CXX compile features - done
Build type: Release
-- Found OpenCV: /usr/local (found suitable version "3.4.3", minimum required is "3.4") 
OPENCV VERSION:
3.4.3
-- Found Eigen3: /usr/local/include/eigen3 (Required is at least version "3.1.0") 
-- Found Glog: /usr/include  
-- Configuring done
-- Generating done
-- Build files have been written to: /home/indemind/.jenkins_slave/workspace/rubby-vislam-3566/parker_vislam_source/superpoint/build
+ make -j4
Scanning dependencies of target superpoint
[ 33%] Building CXX object CMakeFiles/superpoint.dir/src/SuperPointExtractor.cc.o
[ 66%] Building CXX object CMakeFiles/superpoint.dir/src/sppt_tools.cc.o
/home/indemind/.jenkins_slave/workspace/rubby-vislam-3566/parker_vislam_source/superpoint/src/sppt_tools.cc: In function 'void ORB_SLAM3::DrawPoint(const cv::Mat&, const std::vector<cv::KeyPoint>&, cv::Mat&)':
/home/indemind/.jenkins_slave/workspace/rubby-vislam-3566/parker_vislam_source/superpoint/src/sppt_tools.cc:10:25: warning: comparison between signed and unsigned integer expressions [-Wsign-compare]
       for (int i = 0; i < pts.size(); i++)
                       ~~^~~~~~~~~~~~
/home/indemind/.jenkins_slave/workspace/rubby-vislam-3566/parker_vislam_source/superpoint/src/sppt_tools.cc: In function 'void ORB_SLAM3::DrawMatch(const cv::Mat&, const std::vector<cv::KeyPoint>&, const cv::Mat&, const std::vector<cv::KeyPoint>&, const std::vector<cv::DMatch>&, cv::Mat&)':
/home/indemind/.jenkins_slave/workspace/rubby-vislam-3566/parker_vislam_source/superpoint/src/sppt_tools.cc:30:24: warning: comparison between signed and unsigned integer expressions [-Wsign-compare]
       for(int i = 0; i < matches.size(); i++)
                      ~~^~~~~~~~~~~~~~~~
/home/indemind/.jenkins_slave/workspace/rubby-vislam-3566/parker_vislam_source/superpoint/src/sppt_tools.cc: In function 'void ORB_SLAM3::convertSupperPointInfo2CV(const swr::dl::DoubleImagesFeatureInfo&, std::vector<cv::KeyPoint>&, cv::Mat&, std::vector<cv::KeyPoint>&, cv::Mat&)':
/home/indemind/.jenkins_slave/workspace/rubby-vislam-3566/parker_vislam_source/superpoint/src/sppt_tools.cc:45:26: warning: unused variable 'imageTypeTimeLeft' [-Wunused-variable]
     const ImageTypeTime& imageTypeTimeLeft = sppt_data.left.imageTypeTime;
                          ^~~~~~~~~~~~~~~~~
/home/indemind/.jenkins_slave/workspace/rubby-vislam-3566/parker_vislam_source/superpoint/src/sppt_tools.cc:46:26: warning: unused variable 'imageTypeTimeRight' [-Wunused-variable]
     const ImageTypeTime& imageTypeTimeRight = sppt_data.right.imageTypeTime;
                          ^~~~~~~~~~~~~~~~~~
/home/indemind/.jenkins_slave/workspace/rubby-vislam-3566/parker_vislam_source/superpoint/src/sppt_tools.cc: In function 'void ORB_SLAM3::convertSupperPointInfo2CV(const perception_msgs::DoubleImagesFeatureInfo&, std::vector<cv::KeyPoint>&, cv::Mat&, std::vector<cv::KeyPoint>&, cv::Mat&)':
/home/indemind/.jenkins_slave/workspace/rubby-vislam-3566/parker_vislam_source/superpoint/src/sppt_tools.cc:115:43: warning: unused variable 'imageTypeTimeLeft' [-Wunused-variable]
     const perception_msgs::ImageTypeTime& imageTypeTimeLeft = sppt_data.left.imageTypeTime;
                                           ^~~~~~~~~~~~~~~~~
/home/indemind/.jenkins_slave/workspace/rubby-vislam-3566/parker_vislam_source/superpoint/src/sppt_tools.cc:116:43: warning: unused variable 'imageTypeTimeRight' [-Wunused-variable]
     const perception_msgs::ImageTypeTime& imageTypeTimeRight = sppt_data.right.imageTypeTime;
                                           ^~~~~~~~~~~~~~~~~~
/home/indemind/.jenkins_slave/workspace/rubby-vislam-3566/parker_vislam_source/superpoint/src/SuperPointExtractor.cc: In member function 'void ORB_SLAM3::SuperPointExtractorNode::LoadPointsAndDescriptors(const std::vector<float>&, const std::vector<float>&)':
/home/indemind/.jenkins_slave/workspace/rubby-vislam-3566/parker_vislam_source/superpoint/src/SuperPointExtractor.cc:37:25: warning: comparison between signed and unsigned integer expressions [-Wsign-compare]
       for (int i = 0; i < imgPts.size(); i +=3)
                       ~~^~~~~~~~~~~~~~~
[100%] Linking CXX shared library ../lib/libsuperpoint.so
[100%] Built target superpoint
+ cd ../../
+ cd abseil-cpp
+ mkdir build
+ mkdir abseil_install
+ cd build
+ cmake ..
-- The CXX compiler identification is GNU 7.5.0
-- Check for working CXX compiler: /usr/bin/c++
-- Check for working CXX compiler: /usr/bin/c++ -- works
-- Detecting CXX compiler ABI info
-- Detecting CXX compiler ABI info - done
-- Detecting CXX compile features
-- Detecting CXX compile features - done
CMake Warning at CMakeLists.txt:74 (message):
  A future Abseil release will default ABSL_PROPAGATE_CXX_STD to ON for CMake
  3.8 and up.  We recommend enabling this option to ensure your project still
  builds correctly.


-- Looking for C++ include pthread.h
-- Looking for C++ include pthread.h - found
-- Looking for pthread_create
-- Looking for pthread_create - not found
-- Looking for pthread_create in pthreads
-- Looking for pthread_create in pthreads - not found
-- Looking for pthread_create in pthread
-- Looking for pthread_create in pthread - found
-- Found Threads: TRUE  
-- Configuring done
-- Generating done
-- Build files have been written to: /home/indemind/.jenkins_slave/workspace/rubby-vislam-3566/parker_vislam_source/abseil-cpp/build
+ make -j4
Scanning dependencies of target strerror
Scanning dependencies of target spinlock_wait
Scanning dependencies of target log_severity
Scanning dependencies of target civil_time
[  1%] Building CXX object absl/base/CMakeFiles/log_severity.dir/log_severity.cc.o
[  1%] Building CXX object absl/base/CMakeFiles/spinlock_wait.dir/internal/spinlock_wait.cc.o
[  2%] Building CXX object absl/time/CMakeFiles/civil_time.dir/internal/cctz/src/civil_time_detail.cc.o
[  3%] Building CXX object absl/base/CMakeFiles/strerror.dir/internal/strerror.cc.o
[  4%] Linking CXX static library libabsl_spinlock_wait.a
[  5%] Linking CXX static library libabsl_strerror.a
[  5%] Built target spinlock_wait
Scanning dependencies of target int128
[  5%] Building CXX object absl/numeric/CMakeFiles/int128.dir/int128.cc.o
[  5%] Linking CXX static library libabsl_log_severity.a
[  5%] Built target strerror
Scanning dependencies of target exponential_biased
[  5%] Building CXX object absl/profiling/CMakeFiles/exponential_biased.dir/internal/exponential_biased.cc.o
[  5%] Built target log_severity
Scanning dependencies of target time_zone
[  6%] Building CXX object absl/time/CMakeFiles/time_zone.dir/internal/cctz/src/time_zone_fixed.cc.o
[  6%] Linking CXX static library libabsl_civil_time.a
[  6%] Built target civil_time
[  6%] Building CXX object absl/time/CMakeFiles/time_zone.dir/internal/cctz/src/time_zone_format.cc.o
[  7%] Linking CXX static library libabsl_exponential_biased.a
[  7%] Built target exponential_biased
[  8%] Building CXX object absl/time/CMakeFiles/time_zone.dir/internal/cctz/src/time_zone_if.cc.o
[  9%] Linking CXX static library libabsl_int128.a
[  9%] Built target int128
[  9%] Building CXX object absl/time/CMakeFiles/time_zone.dir/internal/cctz/src/time_zone_impl.cc.o
Scanning dependencies of target leak_check_disable
[ 10%] Building CXX object absl/debugging/CMakeFiles/leak_check_disable.dir/leak_check_disable.cc.o
[ 10%] Linking CXX static library libabsl_leak_check_disable.a
[ 10%] Built target leak_check_disable
[ 11%] Building CXX object absl/time/CMakeFiles/time_zone.dir/internal/cctz/src/time_zone_info.cc.o
Scanning dependencies of target leak_check
[ 11%] Building CXX object absl/debugging/CMakeFiles/leak_check.dir/leak_check.cc.o
[ 12%] Linking CXX static library libabsl_leak_check.a
[ 12%] Built target leak_check
[ 12%] Building CXX object absl/time/CMakeFiles/time_zone.dir/internal/cctz/src/time_zone_libc.cc.o
Scanning dependencies of target flags_commandlineflag_internal
[ 13%] Building CXX object absl/flags/CMakeFiles/flags_commandlineflag_internal.dir/internal/commandlineflag.cc.o
[ 13%] Linking CXX static library libabsl_flags_commandlineflag_internal.a
[ 13%] Built target flags_commandlineflag_internal
[ 14%] Building CXX object absl/time/CMakeFiles/time_zone.dir/internal/cctz/src/time_zone_lookup.cc.o
Scanning dependencies of target periodic_sampler
[ 15%] Building CXX object absl/profiling/CMakeFiles/periodic_sampler.dir/internal/periodic_sampler.cc.o
[ 15%] Linking CXX static library libabsl_periodic_sampler.a
Scanning dependencies of target random_internal_platform
[ 15%] Building CXX object absl/random/CMakeFiles/random_internal_platform.dir/internal/randen_round_keys.cc.o
[ 15%] Built target periodic_sampler
[ 15%] Building CXX object absl/time/CMakeFiles/time_zone.dir/internal/cctz/src/time_zone_posix.cc.o
[ 16%] Linking CXX static library libabsl_random_internal_platform.a
[ 16%] Built target random_internal_platform
[ 17%] Building CXX object absl/time/CMakeFiles/time_zone.dir/internal/cctz/src/zone_info_source.cc.o
Scanning dependencies of target random_seed_gen_exception
[ 18%] Building CXX object absl/random/CMakeFiles/random_seed_gen_exception.dir/seed_gen_exception.cc.o
[ 18%] Linking CXX static library libabsl_random_seed_gen_exception.a
[ 19%] Linking CXX static library libabsl_time_zone.a
[ 19%] Built target random_seed_gen_exception
Scanning dependencies of target raw_logging_internal
Scanning dependencies of target random_internal_randen_hwaes_impl
Scanning dependencies of target random_internal_randen_slow
[ 19%] Building CXX object absl/base/CMakeFiles/raw_logging_internal.dir/internal/raw_logging.cc.o
[ 20%] Building CXX object absl/random/CMakeFiles/random_internal_randen_hwaes_impl.dir/internal/randen_hwaes.cc.o
[ 21%] Building CXX object absl/random/CMakeFiles/random_internal_randen_slow.dir/internal/randen_slow.cc.o
[ 21%] Built target time_zone
[ 21%] Linking CXX static library libabsl_random_internal_randen_hwaes_impl.a
[ 22%] Linking CXX static library libabsl_raw_logging_internal.a
[ 22%] Built target random_internal_randen_hwaes_impl
[ 22%] Built target raw_logging_internal
[ 22%] Linking CXX static library libabsl_random_internal_randen_slow.a
Scanning dependencies of target random_internal_randen_hwaes
Scanning dependencies of target throw_delegate
Scanning dependencies of target base
[ 22%] Building CXX object absl/random/CMakeFiles/random_internal_randen_hwaes.dir/internal/randen_detect.cc.o
[ 22%] Building CXX object absl/base/CMakeFiles/throw_delegate.dir/internal/throw_delegate.cc.o
[ 22%] Building CXX object absl/base/CMakeFiles/base.dir/internal/cycleclock.cc.o
[ 22%] Built target random_internal_randen_slow
[ 23%] Building CXX object absl/base/CMakeFiles/base.dir/internal/spinlock.cc.o
[ 24%] Linking CXX static library libabsl_random_internal_randen_hwaes.a
[ 24%] Built target random_internal_randen_hwaes
[ 24%] Building CXX object absl/base/CMakeFiles/base.dir/internal/sysinfo.cc.o
Scanning dependencies of target scoped_set_env
[ 24%] Building CXX object absl/base/CMakeFiles/scoped_set_env.dir/internal/scoped_set_env.cc.o
[ 25%] Linking CXX static library libabsl_throw_delegate.a
[ 25%] Built target throw_delegate
[ 26%] Building CXX object absl/base/CMakeFiles/base.dir/internal/thread_identity.cc.o
[ 26%] Building CXX object absl/base/CMakeFiles/base.dir/internal/unscaledcycleclock.cc.o
[ 27%] Linking CXX static library libabsl_scoped_set_env.a
Scanning dependencies of target bad_optional_access
[ 27%] Built target scoped_set_env
[ 27%] Building CXX object absl/types/CMakeFiles/bad_optional_access.dir/bad_optional_access.cc.o
Scanning dependencies of target debugging_internal
Scanning dependencies of target bad_variant_access
[ 28%] Building CXX object absl/debugging/CMakeFiles/debugging_internal.dir/internal/address_is_readable.cc.o
[ 28%] Building CXX object absl/types/CMakeFiles/bad_variant_access.dir/bad_variant_access.cc.o
[ 29%] Linking CXX static library libabsl_bad_variant_access.a
[ 30%] Building CXX object absl/debugging/CMakeFiles/debugging_internal.dir/internal/elf_mem_image.cc.o
[ 31%] Linking CXX static library libabsl_base.a
[ 32%] Linking CXX static library libabsl_bad_optional_access.a
[ 32%] Built target bad_variant_access
[ 32%] Building CXX object absl/debugging/CMakeFiles/debugging_internal.dir/internal/vdso_support.cc.o
[ 32%] Built target base
[ 32%] Built target bad_optional_access
Scanning dependencies of target cordz_functions
Scanning dependencies of target random_internal_randen
[ 33%] Building CXX object absl/strings/CMakeFiles/cordz_functions.dir/internal/cordz_functions.cc.o
[ 33%] Building CXX object absl/random/CMakeFiles/random_internal_randen.dir/internal/randen.cc.o
Scanning dependencies of target bad_any_cast_impl
[ 34%] Building CXX object absl/types/CMakeFiles/bad_any_cast_impl.dir/bad_any_cast.cc.o
[ 34%] Linking CXX static library libabsl_random_internal_randen.a
[ 35%] Linking CXX static library libabsl_debugging_internal.a
[ 35%] Built target random_internal_randen
[ 35%] Built target debugging_internal
Scanning dependencies of target malloc_internal
Scanning dependencies of target strings_internal
[ 35%] Linking CXX static library libabsl_cordz_functions.a
[ 36%] Building CXX object absl/base/CMakeFiles/malloc_internal.dir/internal/low_level_alloc.cc.o
[ 37%] Building CXX object absl/strings/CMakeFiles/strings_internal.dir/internal/ostringstream.cc.o
[ 37%] Built target cordz_functions
[ 38%] Linking CXX static library libabsl_bad_any_cast_impl.a
[ 38%] Building CXX object absl/strings/CMakeFiles/strings_internal.dir/internal/utf8.cc.o
[ 38%] Built target bad_any_cast_impl
[ 39%] Building CXX object absl/strings/CMakeFiles/strings_internal.dir/internal/escaping.cc.o
Scanning dependencies of target demangle_internal
[ 39%] Building CXX object absl/debugging/CMakeFiles/demangle_internal.dir/internal/demangle.cc.o
Scanning dependencies of target stacktrace
[ 39%] Building CXX object absl/debugging/CMakeFiles/stacktrace.dir/stacktrace.cc.o
[ 40%] Linking CXX static library libabsl_demangle_internal.a
[ 40%] Linking CXX static library libabsl_malloc_internal.a
[ 40%] Built target demangle_internal
Scanning dependencies of target city
[ 41%] Building CXX object absl/hash/CMakeFiles/city.dir/internal/city.cc.o
[ 41%] Built target malloc_internal
[ 41%] Linking CXX static library libabsl_strings_internal.a
Scanning dependencies of target low_level_hash
[ 42%] Building CXX object absl/hash/CMakeFiles/low_level_hash.dir/internal/low_level_hash.cc.o
[ 42%] Built target strings_internal
Scanning dependencies of target strings
[ 42%] Building CXX object absl/strings/CMakeFiles/strings.dir/ascii.cc.o
[ 42%] Linking CXX static library libabsl_low_level_hash.a
[ 43%] Linking CXX static library libabsl_stacktrace.a
[ 43%] Built target low_level_hash
[ 44%] Building CXX object absl/strings/CMakeFiles/strings.dir/charconv.cc.o
[ 44%] Built target stacktrace
[ 44%] Building CXX object absl/strings/CMakeFiles/strings.dir/escaping.cc.o
[ 44%] Linking CXX static library libabsl_city.a
[ 44%] Built target city
[ 45%] Building CXX object absl/strings/CMakeFiles/strings.dir/internal/charconv_bigint.cc.o
Scanning dependencies of target graphcycles_internal
[ 46%] Building CXX object absl/synchronization/CMakeFiles/graphcycles_internal.dir/internal/graphcycles.cc.o
[ 46%] Building CXX object absl/strings/CMakeFiles/strings.dir/internal/charconv_parse.cc.o
[ 47%] Building CXX object absl/strings/CMakeFiles/strings.dir/internal/memutil.cc.o
[ 47%] Building CXX object absl/strings/CMakeFiles/strings.dir/match.cc.o
[ 47%] Linking CXX static library libabsl_graphcycles_internal.a
[ 47%] Built target graphcycles_internal
[ 48%] Building CXX object absl/strings/CMakeFiles/strings.dir/numbers.cc.o
[ 48%] Building CXX object absl/strings/CMakeFiles/strings.dir/str_cat.cc.o
[ 49%] Building CXX object absl/strings/CMakeFiles/strings.dir/str_replace.cc.o
[ 49%] Building CXX object absl/strings/CMakeFiles/strings.dir/str_split.cc.o
[ 50%] Building CXX object absl/strings/CMakeFiles/strings.dir/string_view.cc.o
[ 51%] Building CXX object absl/strings/CMakeFiles/strings.dir/substitute.cc.o
[ 51%] Linking CXX static library libabsl_strings.a
[ 51%] Built target strings
Scanning dependencies of target symbolize
Scanning dependencies of target flags_commandlineflag
Scanning dependencies of target str_format_internal
Scanning dependencies of target time
[ 52%] Building CXX object absl/debugging/CMakeFiles/symbolize.dir/symbolize.cc.o
[ 53%] Building CXX object absl/flags/CMakeFiles/flags_commandlineflag.dir/commandlineflag.cc.o
[ 53%] Building CXX object absl/strings/CMakeFiles/str_format_internal.dir/internal/str_format/arg.cc.o
[ 53%] Building CXX object absl/time/CMakeFiles/time.dir/civil_time.cc.o
[ 53%] Linking CXX static library libabsl_flags_commandlineflag.a
[ 53%] Built target flags_commandlineflag
[ 54%] Building CXX object absl/time/CMakeFiles/time.dir/clock.cc.o
[ 54%] Linking CXX static library libabsl_symbolize.a
[ 54%] Built target symbolize
[ 55%] Building CXX object absl/strings/CMakeFiles/str_format_internal.dir/internal/str_format/bind.cc.o
[ 55%] Building CXX object absl/strings/CMakeFiles/str_format_internal.dir/internal/str_format/extension.cc.o
[ 55%] Building CXX object absl/time/CMakeFiles/time.dir/duration.cc.o
[ 56%] Building CXX object absl/strings/CMakeFiles/str_format_internal.dir/internal/str_format/float_conversion.cc.o
Scanning dependencies of target hash
[ 57%] Building CXX object absl/hash/CMakeFiles/hash.dir/internal/hash.cc.o
[ 58%] Building CXX object absl/time/CMakeFiles/time.dir/format.cc.o
[ 58%] Building CXX object absl/strings/CMakeFiles/str_format_internal.dir/internal/str_format/output.cc.o
Scanning dependencies of target cord_internal
[ 59%] Building CXX object absl/strings/CMakeFiles/cord_internal.dir/internal/cord_internal.cc.o
[ 60%] Building CXX object absl/time/CMakeFiles/time.dir/time.cc.o
[ 61%] Building CXX object absl/strings/CMakeFiles/str_format_internal.dir/internal/str_format/parser.cc.o
[ 61%] Linking CXX static library libabsl_hash.a
[ 61%] Built target hash
[ 61%] Building CXX object absl/strings/CMakeFiles/cord_internal.dir/internal/cord_rep_btree.cc.o
[ 61%] Linking CXX static library libabsl_time.a
[ 61%] Built target time
[ 62%] Building CXX object absl/strings/CMakeFiles/cord_internal.dir/internal/cord_rep_btree_navigator.cc.o
Scanning dependencies of target random_internal_seed_material
[ 63%] Building CXX object absl/random/CMakeFiles/random_internal_seed_material.dir/internal/seed_material.cc.o
[ 63%] Linking CXX static library libabsl_str_format_internal.a
[ 63%] Built target str_format_internal
[ 63%] Building CXX object absl/strings/CMakeFiles/cord_internal.dir/internal/cord_rep_btree_reader.cc.o
Scanning dependencies of target random_distributions
[ 64%] Building CXX object absl/random/CMakeFiles/random_distributions.dir/discrete_distribution.cc.o
[ 65%] Building CXX object absl/strings/CMakeFiles/cord_internal.dir/internal/cord_rep_consume.cc.o
[ 65%] Linking CXX static library libabsl_random_internal_seed_material.a
[ 65%] Built target random_internal_seed_material
[ 66%] Building CXX object absl/strings/CMakeFiles/cord_internal.dir/internal/cord_rep_ring.cc.o
Scanning dependencies of target synchronization
[ 67%] Building CXX object absl/synchronization/CMakeFiles/synchronization.dir/barrier.cc.o
[ 68%] Building CXX object absl/random/CMakeFiles/random_distributions.dir/gaussian_distribution.cc.o
[ 68%] Building CXX object absl/synchronization/CMakeFiles/synchronization.dir/blocking_counter.cc.o
[ 68%] Linking CXX static library libabsl_random_distributions.a
[ 68%] Linking CXX static library libabsl_cord_internal.a
[ 68%] Built target random_distributions
[ 68%] Built target cord_internal
[ 69%] Building CXX object absl/synchronization/CMakeFiles/synchronization.dir/internal/create_thread_identity.cc.o
[ 70%] Building CXX object absl/synchronization/CMakeFiles/synchronization.dir/internal/per_thread_sem.cc.o
Scanning dependencies of target examine_stack
[ 70%] Building CXX object absl/debugging/CMakeFiles/examine_stack.dir/internal/examine_stack.cc.o
Scanning dependencies of target flags_marshalling
[ 71%] Building CXX object absl/flags/CMakeFiles/flags_marshalling.dir/marshalling.cc.o
[ 71%] Building CXX object absl/synchronization/CMakeFiles/synchronization.dir/internal/waiter.cc.o
Scanning dependencies of target flags_private_handle_accessor
[ 72%] Linking CXX static library libabsl_examine_stack.a
[ 72%] Building CXX object absl/flags/CMakeFiles/flags_private_handle_accessor.dir/internal/private_handle_accessor.cc.o
[ 72%] Built target examine_stack
[ 73%] Building CXX object absl/synchronization/CMakeFiles/synchronization.dir/notification.cc.o
[ 74%] Linking CXX static library libabsl_flags_private_handle_accessor.a
Scanning dependencies of target random_internal_distribution_test_util
[ 75%] Building CXX object absl/random/CMakeFiles/random_internal_distribution_test_util.dir/internal/chi_square.cc.o
[ 75%] Built target flags_private_handle_accessor
[ 75%] Building CXX object absl/random/CMakeFiles/random_internal_distribution_test_util.dir/internal/distribution_test_util.cc.o
[ 75%] Linking CXX static library libabsl_flags_marshalling.a
[ 75%] Building CXX object absl/synchronization/CMakeFiles/synchronization.dir/mutex.cc.o
[ 75%] Built target flags_marshalling
Scanning dependencies of target random_internal_pool_urbg
[ 75%] Building CXX object absl/random/CMakeFiles/random_internal_pool_urbg.dir/internal/pool_urbg.cc.o
[ 76%] Linking CXX static library libabsl_random_internal_distribution_test_util.a
[ 76%] Built target random_internal_distribution_test_util
Scanning dependencies of target failure_signal_handler
[ 76%] Building CXX object absl/debugging/CMakeFiles/failure_signal_handler.dir/failure_signal_handler.cc.o
[ 77%] Linking CXX static library libabsl_random_internal_pool_urbg.a
[ 77%] Built target random_internal_pool_urbg
Scanning dependencies of target random_seed_sequences
[ 78%] Building CXX object absl/random/CMakeFiles/random_seed_sequences.dir/seed_sequences.cc.o
[ 79%] Linking CXX static library libabsl_synchronization.a
[ 80%] Linking CXX static library libabsl_failure_signal_handler.a
[ 80%] Built target synchronization
Scanning dependencies of target flags_program_name
Scanning dependencies of target hashtablez_sampler
[ 80%] Built target failure_signal_handler
[ 80%] Building CXX object absl/flags/CMakeFiles/flags_program_name.dir/internal/program_name.cc.o
[ 81%] Building CXX object absl/container/CMakeFiles/hashtablez_sampler.dir/internal/hashtablez_sampler.cc.o
Scanning dependencies of target cordz_handle
[ 82%] Building CXX object absl/strings/CMakeFiles/cordz_handle.dir/internal/cordz_handle.cc.o
[ 82%] Linking CXX static library libabsl_random_seed_sequences.a
[ 82%] Built target random_seed_sequences
[ 82%] Building CXX object absl/container/CMakeFiles/hashtablez_sampler.dir/internal/hashtablez_sampler_force_weak_definition.cc.o
[ 83%] Linking CXX static library libabsl_flags_program_name.a
[ 83%] Built target flags_program_name
Scanning dependencies of target flags_config
[ 84%] Building CXX object absl/flags/CMakeFiles/flags_config.dir/usage_config.cc.o
[ 84%] Linking CXX static library libabsl_cordz_handle.a
[ 84%] Built target cordz_handle
Scanning dependencies of target cordz_info
[ 85%] Building CXX object absl/strings/CMakeFiles/cordz_info.dir/internal/cordz_info.cc.o
[ 86%] Linking CXX static library libabsl_hashtablez_sampler.a
[ 86%] Built target hashtablez_sampler
Scanning dependencies of target raw_hash_set
[ 87%] Building CXX object absl/container/CMakeFiles/raw_hash_set.dir/internal/raw_hash_set.cc.o
[ 87%] Linking CXX static library libabsl_flags_config.a
[ 87%] Built target flags_config
Scanning dependencies of target flags_internal
[ 88%] Building CXX object absl/flags/CMakeFiles/flags_internal.dir/internal/flag.cc.o
[ 89%] Linking CXX static library libabsl_raw_hash_set.a
[ 89%] Built target raw_hash_set
[ 89%] Linking CXX static library libabsl_cordz_info.a
[ 89%] Built target cordz_info
Scanning dependencies of target cordz_sample_token
Scanning dependencies of target cord
[ 90%] Building CXX object absl/strings/CMakeFiles/cordz_sample_token.dir/internal/cordz_sample_token.cc.o
[ 91%] Building CXX object absl/strings/CMakeFiles/cord.dir/cord.cc.o
[ 91%] Linking CXX static library libabsl_flags_internal.a
[ 91%] Built target flags_internal
[ 91%] Linking CXX static library libabsl_cordz_sample_token.a
[ 91%] Built target cordz_sample_token
[ 91%] Linking CXX static library libabsl_cord.a
[ 91%] Built target cord
Scanning dependencies of target status
[ 92%] Building CXX object absl/status/CMakeFiles/status.dir/status_payload_printer.cc.o
[ 92%] Building CXX object absl/status/CMakeFiles/status.dir/status.cc.o
Scanning dependencies of target flags_reflection
[ 92%] Building CXX object absl/flags/CMakeFiles/flags_reflection.dir/reflection.cc.o
[ 93%] Linking CXX static library libabsl_status.a
[ 93%] Built target status
Scanning dependencies of target statusor
[ 93%] Building CXX object absl/status/CMakeFiles/statusor.dir/statusor.cc.o
[ 94%] Linking CXX static library libabsl_flags_reflection.a
[ 94%] Built target flags_reflection
Scanning dependencies of target flags
[ 95%] Building CXX object absl/flags/CMakeFiles/flags.dir/flag.cc.o
[ 96%] Linking CXX static library libabsl_statusor.a
[ 96%] Built target statusor
[ 96%] Linking CXX static library libabsl_flags.a
[ 96%] Built target flags
Scanning dependencies of target flags_usage_internal
[ 96%] Building CXX object absl/flags/CMakeFiles/flags_usage_internal.dir/internal/usage.cc.o
[ 97%] Linking CXX static library libabsl_flags_usage_internal.a
[ 97%] Built target flags_usage_internal
Scanning dependencies of target flags_usage
[ 97%] Building CXX object absl/flags/CMakeFiles/flags_usage.dir/usage.cc.o
[ 98%] Linking CXX static library libabsl_flags_usage.a
[ 98%] Built target flags_usage
Scanning dependencies of target flags_parse
[ 99%] Building CXX object absl/flags/CMakeFiles/flags_parse.dir/parse.cc.o
[100%] Linking CXX static library libabsl_flags_parse.a
[100%] Built target flags_parse
+ make install DESTDIR=../abseil_install
[  1%] Built target log_severity
[  3%] Built target strerror
[  4%] Built target raw_logging_internal
[  5%] Built target spinlock_wait
[  8%] Built target base
[  9%] Built target malloc_internal
[ 10%] Built target throw_delegate
[ 11%] Built target scoped_set_env
[ 12%] Built target bad_optional_access
[ 13%] Built target civil_time
[ 15%] Built target strings_internal
[ 18%] Built target debugging_internal
[ 19%] Built target demangle_internal
[ 20%] Built target int128
[ 27%] Built target strings
[ 28%] Built target symbolize
[ 29%] Built target stacktrace
[ 30%] Built target exponential_biased
[ 31%] Built target graphcycles_internal
[ 37%] Built target time_zone
[ 40%] Built target time
[ 45%] Built target synchronization
[ 47%] Built target hashtablez_sampler
[ 49%] Built target raw_hash_set
[ 50%] Built target leak_check_disable
[ 51%] Built target leak_check
[ 52%] Built target examine_stack
[ 53%] Built target failure_signal_handler
[ 56%] Built target str_format_internal
[ 57%] Built target flags_marshalling
[ 58%] Built target flags_commandlineflag_internal
[ 59%] Built target flags_program_name
[ 60%] Built target flags_config
[ 61%] Built target flags_commandlineflag
[ 62%] Built target flags_private_handle_accessor
[ 63%] Built target city
[ 64%] Built target low_level_hash
[ 65%] Built target bad_variant_access
[ 66%] Built target hash
[ 70%] Built target cord_internal
[ 71%] Built target cordz_functions
[ 72%] Built target cordz_handle
[ 73%] Built target cordz_info
[ 74%] Built target cord
[ 75%] Built target flags_reflection
[ 76%] Built target flags_internal
[ 77%] Built target flags
[ 78%] Built target flags_usage_internal
[ 79%] Built target flags_usage
[ 81%] Built target flags_parse
[ 82%] Built target periodic_sampler
[ 84%] Built target random_internal_distribution_test_util
[ 85%] Built target random_internal_platform
[ 86%] Built target random_internal_randen_hwaes_impl
[ 87%] Built target random_internal_randen_hwaes
[ 88%] Built target random_internal_randen_slow
[ 89%] Built target random_seed_gen_exception
[ 90%] Built target random_internal_seed_material
[ 91%] Built target random_internal_randen
[ 92%] Built target random_internal_pool_urbg
[ 93%] Built target random_seed_sequences
[ 95%] Built target random_distributions
[ 97%] Built target status
[ 98%] Built target statusor
[ 99%] Built target cordz_sample_token
[100%] Built target bad_any_cast_impl
Install the project...
-- Install configuration: ""
-- Installing: ../abseil_install/usr/local/lib/cmake/absl/abslTargets.cmake
-- Installing: ../abseil_install/usr/local/lib/cmake/absl/abslTargets-noconfig.cmake
-- Installing: ../abseil_install/usr/local/lib/cmake/absl/abslConfig.cmake
-- Installing: ../abseil_install/usr/local/lib/cmake/absl/abslConfigVersion.cmake
-- Installing: ../abseil_install/usr/local/include/absl
-- Installing: ../abseil_install/usr/local/include/absl/hash
-- Installing: ../abseil_install/usr/local/include/absl/hash/hash.h
-- Installing: ../abseil_install/usr/local/include/absl/hash/internal
-- Installing: ../abseil_install/usr/local/include/absl/hash/internal/low_level_hash.h
-- Installing: ../abseil_install/usr/local/include/absl/hash/internal/hash.h
-- Installing: ../abseil_install/usr/local/include/absl/hash/internal/city.h
-- Installing: ../abseil_install/usr/local/include/absl/hash/internal/spy_hash_state.h
-- Installing: ../abseil_install/usr/local/include/absl/hash/hash_testing.h
-- Installing: ../abseil_install/usr/local/include/absl/meta
-- Installing: ../abseil_install/usr/local/include/absl/meta/type_traits.h
-- Installing: ../abseil_install/usr/local/include/absl/container
-- Installing: ../abseil_install/usr/local/include/absl/container/btree_set.h
-- Installing: ../abseil_install/usr/local/include/absl/container/node_hash_set.h
-- Installing: ../abseil_install/usr/local/include/absl/container/inlined_vector.h
-- Installing: ../abseil_install/usr/local/include/absl/container/fixed_array.h
-- Installing: ../abseil_install/usr/local/include/absl/container/internal
-- Installing: ../abseil_install/usr/local/include/absl/container/internal/unordered_set_modifiers_test.h
-- Installing: ../abseil_install/usr/local/include/absl/container/internal/raw_hash_map.h
-- Installing: ../abseil_install/usr/local/include/absl/container/internal/common.h
-- Installing: ../abseil_install/usr/local/include/absl/container/internal/node_hash_policy.h
-- Installing: ../abseil_install/usr/local/include/absl/container/internal/unordered_set_constructor_test.h
-- Installing: ../abseil_install/usr/local/include/absl/container/internal/inlined_vector.h
-- Installing: ../abseil_install/usr/local/include/absl/container/internal/hash_generator_testing.h
-- Installing: ../abseil_install/usr/local/include/absl/container/internal/hash_policy_testing.h
-- Installing: ../abseil_install/usr/local/include/absl/container/internal/hash_function_defaults.h
-- Installing: ../abseil_install/usr/local/include/absl/container/internal/tracked.h
-- Installing: ../abseil_install/usr/local/include/absl/container/internal/test_instance_tracker.h
-- Installing: ../abseil_install/usr/local/include/absl/container/internal/unordered_set_lookup_test.h
-- Installing: ../abseil_install/usr/local/include/absl/container/internal/unordered_map_members_test.h
-- Installing: ../abseil_install/usr/local/include/absl/container/internal/unordered_set_members_test.h
-- Installing: ../abseil_install/usr/local/include/absl/container/internal/hashtable_debug.h
-- Installing: ../abseil_install/usr/local/include/absl/container/internal/unordered_map_constructor_test.h
-- Installing: ../abseil_install/usr/local/include/absl/container/internal/unordered_map_lookup_test.h
-- Installing: ../abseil_install/usr/local/include/absl/container/internal/btree_container.h
-- Installing: ../abseil_install/usr/local/include/absl/container/internal/container_memory.h
-- Installing: ../abseil_install/usr/local/include/absl/container/internal/compressed_tuple.h
-- Installing: ../abseil_install/usr/local/include/absl/container/internal/raw_hash_set.h
-- Installing: ../abseil_install/usr/local/include/absl/container/internal/layout.h
-- Installing: ../abseil_install/usr/local/include/absl/container/internal/have_sse.h
-- Installing: ../abseil_install/usr/local/include/absl/container/internal/btree.h
-- Installing: ../abseil_install/usr/local/include/absl/container/internal/counting_allocator.h
-- Installing: ../abseil_install/usr/local/include/absl/container/internal/unordered_map_modifiers_test.h
-- Installing: ../abseil_install/usr/local/include/absl/container/internal/hashtablez_sampler.h
-- Installing: ../abseil_install/usr/local/include/absl/container/internal/hash_policy_traits.h
-- Installing: ../abseil_install/usr/local/include/absl/container/internal/hashtable_debug_hooks.h
-- Installing: ../abseil_install/usr/local/include/absl/container/node_hash_map.h
-- Installing: ../abseil_install/usr/local/include/absl/container/btree_test.h
-- Installing: ../abseil_install/usr/local/include/absl/container/btree_map.h
-- Installing: ../abseil_install/usr/local/include/absl/container/flat_hash_map.h
-- Installing: ../abseil_install/usr/local/include/absl/container/flat_hash_set.h
-- Installing: ../abseil_install/usr/local/include/absl/base
-- Installing: ../abseil_install/usr/local/include/absl/base/log_severity.h
-- Installing: ../abseil_install/usr/local/include/absl/base/call_once.h
-- Installing: ../abseil_install/usr/local/include/absl/base/config.h
-- Installing: ../abseil_install/usr/local/include/absl/base/port.h
-- Installing: ../abseil_install/usr/local/include/absl/base/policy_checks.h
-- Installing: ../abseil_install/usr/local/include/absl/base/const_init.h
-- Installing: ../abseil_install/usr/local/include/absl/base/options.h
-- Installing: ../abseil_install/usr/local/include/absl/base/internal
-- Installing: ../abseil_install/usr/local/include/absl/base/internal/raw_logging.h
-- Installing: ../abseil_install/usr/local/include/absl/base/internal/strerror.h
-- Installing: ../abseil_install/usr/local/include/absl/base/internal/endian.h
-- Installing: ../abseil_install/usr/local/include/absl/base/internal/inline_variable.h
-- Installing: ../abseil_install/usr/local/include/absl/base/internal/spinlock_win32.inc
-- Installing: ../abseil_install/usr/local/include/absl/base/internal/atomic_hook.h
-- Installing: ../abseil_install/usr/local/include/absl/base/internal/throw_delegate.h
-- Installing: ../abseil_install/usr/local/include/absl/base/internal/spinlock_wait.h
-- Installing: ../abseil_install/usr/local/include/absl/base/internal/tsan_mutex_interface.h
-- Installing: ../abseil_install/usr/local/include/absl/base/internal/spinlock_posix.inc
-- Installing: ../abseil_install/usr/local/include/absl/base/internal/spinlock_akaros.inc
-- Installing: ../abseil_install/usr/local/include/absl/base/internal/low_level_scheduling.h
-- Installing: ../abseil_install/usr/local/include/absl/base/internal/exception_safety_testing.h
-- Installing: ../abseil_install/usr/local/include/absl/base/internal/cycleclock.h
-- Installing: ../abseil_install/usr/local/include/absl/base/internal/hide_ptr.h
-- Installing: ../abseil_install/usr/local/include/absl/base/internal/errno_saver.h
-- Installing: ../abseil_install/usr/local/include/absl/base/internal/sysinfo.h
-- Installing: ../abseil_install/usr/local/include/absl/base/internal/invoke.h
-- Installing: ../abseil_install/usr/local/include/absl/base/internal/unscaledcycleclock.h
-- Installing: ../abseil_install/usr/local/include/absl/base/internal/scoped_set_env.h
-- Installing: ../abseil_install/usr/local/include/absl/base/internal/atomic_hook_test_helper.h
-- Installing: ../abseil_install/usr/local/include/absl/base/internal/spinlock_linux.inc
-- Installing: ../abseil_install/usr/local/include/absl/base/internal/exception_testing.h
-- Installing: ../abseil_install/usr/local/include/absl/base/internal/dynamic_annotations.h
-- Installing: ../abseil_install/usr/local/include/absl/base/internal/inline_variable_testing.h
-- Installing: ../abseil_install/usr/local/include/absl/base/internal/spinlock.h
-- Installing: ../abseil_install/usr/local/include/absl/base/internal/fast_type_id.h
-- Installing: ../abseil_install/usr/local/include/absl/base/internal/identity.h
-- Installing: ../abseil_install/usr/local/include/absl/base/internal/per_thread_tls.h
-- Installing: ../abseil_install/usr/local/include/absl/base/internal/pretty_function.h
-- Installing: ../abseil_install/usr/local/include/absl/base/internal/low_level_alloc.h
-- Installing: ../abseil_install/usr/local/include/absl/base/internal/direct_mmap.h
-- Installing: ../abseil_install/usr/local/include/absl/base/internal/thread_annotations.h
-- Installing: ../abseil_install/usr/local/include/absl/base/internal/unaligned_access.h
-- Installing: ../abseil_install/usr/local/include/absl/base/internal/thread_identity.h
-- Installing: ../abseil_install/usr/local/include/absl/base/internal/scheduling_mode.h
-- Installing: ../abseil_install/usr/local/include/absl/base/optimization.h
-- Installing: ../abseil_install/usr/local/include/absl/base/dynamic_annotations.h
-- Installing: ../abseil_install/usr/local/include/absl/base/casts.h
-- Installing: ../abseil_install/usr/local/include/absl/base/attributes.h
-- Installing: ../abseil_install/usr/local/include/absl/base/thread_annotations.h
-- Installing: ../abseil_install/usr/local/include/absl/base/macros.h
-- Installing: ../abseil_install/usr/local/include/absl/functional
-- Installing: ../abseil_install/usr/local/include/absl/functional/internal
-- Installing: ../abseil_install/usr/local/include/absl/functional/internal/front_binder.h
-- Installing: ../abseil_install/usr/local/include/absl/functional/internal/function_ref.h
-- Installing: ../abseil_install/usr/local/include/absl/functional/bind_front.h
-- Installing: ../abseil_install/usr/local/include/absl/functional/function_ref.h
-- Installing: ../abseil_install/usr/local/include/absl/types
-- Installing: ../abseil_install/usr/local/include/absl/types/bad_optional_access.h
-- Installing: ../abseil_install/usr/local/include/absl/types/bad_variant_access.h
-- Installing: ../abseil_install/usr/local/include/absl/types/bad_any_cast.h
-- Installing: ../abseil_install/usr/local/include/absl/types/internal
-- Installing: ../abseil_install/usr/local/include/absl/types/internal/conformance_testing.h
-- Installing: ../abseil_install/usr/local/include/absl/types/internal/conformance_aliases.h
-- Installing: ../abseil_install/usr/local/include/absl/types/internal/span.h
-- Installing: ../abseil_install/usr/local/include/absl/types/internal/conformance_testing_helpers.h
-- Installing: ../abseil_install/usr/local/include/absl/types/internal/optional.h
-- Installing: ../abseil_install/usr/local/include/absl/types/internal/parentheses.h
-- Installing: ../abseil_install/usr/local/include/absl/types/internal/conformance_profile.h
-- Installing: ../abseil_install/usr/local/include/absl/types/internal/transform_args.h
-- Installing: ../abseil_install/usr/local/include/absl/types/internal/conformance_archetype.h
-- Installing: ../abseil_install/usr/local/include/absl/types/internal/variant.h
-- Installing: ../abseil_install/usr/local/include/absl/types/span.h
-- Installing: ../abseil_install/usr/local/include/absl/types/compare.h
-- Installing: ../abseil_install/usr/local/include/absl/types/any.h
-- Installing: ../abseil_install/usr/local/include/absl/types/optional.h
-- Installing: ../abseil_install/usr/local/include/absl/types/variant.h
-- Installing: ../abseil_install/usr/local/include/absl/status
-- Installing: ../abseil_install/usr/local/include/absl/status/statusor.h
-- Installing: ../abseil_install/usr/local/include/absl/status/status_payload_printer.h
-- Installing: ../abseil_install/usr/local/include/absl/status/status.h
-- Installing: ../abseil_install/usr/local/include/absl/status/internal
-- Installing: ../abseil_install/usr/local/include/absl/status/internal/statusor_internal.h
-- Installing: ../abseil_install/usr/local/include/absl/status/internal/status_internal.h
-- Installing: ../abseil_install/usr/local/include/absl/cleanup
-- Installing: ../abseil_install/usr/local/include/absl/cleanup/internal
-- Installing: ../abseil_install/usr/local/include/absl/cleanup/internal/cleanup.h
-- Installing: ../abseil_install/usr/local/include/absl/cleanup/cleanup.h
-- Installing: ../abseil_install/usr/local/include/absl/time
-- Installing: ../abseil_install/usr/local/include/absl/time/clock.h
-- Installing: ../abseil_install/usr/local/include/absl/time/internal
-- Installing: ../abseil_install/usr/local/include/absl/time/internal/get_current_time_posix.inc
-- Installing: ../abseil_install/usr/local/include/absl/time/internal/zoneinfo.inc
-- Installing: ../abseil_install/usr/local/include/absl/time/internal/test_util.h
-- Installing: ../abseil_install/usr/local/include/absl/time/internal/cctz
-- Installing: ../abseil_install/usr/local/include/absl/time/internal/cctz/include
-- Installing: ../abseil_install/usr/local/include/absl/time/internal/cctz/include/cctz
-- Installing: ../abseil_install/usr/local/include/absl/time/internal/cctz/include/cctz/zone_info_source.h
-- Installing: ../abseil_install/usr/local/include/absl/time/internal/cctz/include/cctz/civil_time_detail.h
-- Installing: ../abseil_install/usr/local/include/absl/time/internal/cctz/include/cctz/civil_time.h
-- Installing: ../abseil_install/usr/local/include/absl/time/internal/cctz/include/cctz/time_zone.h
-- Installing: ../abseil_install/usr/local/include/absl/time/internal/cctz/src
-- Installing: ../abseil_install/usr/local/include/absl/time/internal/cctz/src/time_zone_posix.h
-- Installing: ../abseil_install/usr/local/include/absl/time/internal/cctz/src/tzfile.h
-- Installing: ../abseil_install/usr/local/include/absl/time/internal/cctz/src/time_zone_impl.h
-- Installing: ../abseil_install/usr/local/include/absl/time/internal/cctz/src/time_zone_if.h
-- Installing: ../abseil_install/usr/local/include/absl/time/internal/cctz/src/time_zone_libc.h
-- Installing: ../abseil_install/usr/local/include/absl/time/internal/cctz/src/time_zone_info.h
-- Installing: ../abseil_install/usr/local/include/absl/time/internal/cctz/src/time_zone_fixed.h
-- Installing: ../abseil_install/usr/local/include/absl/time/internal/get_current_time_chrono.inc
-- Installing: ../abseil_install/usr/local/include/absl/time/civil_time.h
-- Installing: ../abseil_install/usr/local/include/absl/time/time.h
-- Installing: ../abseil_install/usr/local/include/absl/flags
-- Installing: ../abseil_install/usr/local/include/absl/flags/config.h
-- Installing: ../abseil_install/usr/local/include/absl/flags/flag.h
-- Installing: ../abseil_install/usr/local/include/absl/flags/parse.h
-- Installing: ../abseil_install/usr/local/include/absl/flags/internal
-- Installing: ../abseil_install/usr/local/include/absl/flags/internal/flag.h
-- Installing: ../abseil_install/usr/local/include/absl/flags/internal/parse.h
-- Installing: ../abseil_install/usr/local/include/absl/flags/internal/registry.h
-- Installing: ../abseil_install/usr/local/include/absl/flags/internal/private_handle_accessor.h
-- Installing: ../abseil_install/usr/local/include/absl/flags/internal/sequence_lock.h
-- Installing: ../abseil_install/usr/local/include/absl/flags/internal/flag_msvc.inc
-- Installing: ../abseil_install/usr/local/include/absl/flags/internal/path_util.h
-- Installing: ../abseil_install/usr/local/include/absl/flags/internal/usage.h
-- Installing: ../abseil_install/usr/local/include/absl/flags/internal/program_name.h
-- Installing: ../abseil_install/usr/local/include/absl/flags/internal/commandlineflag.h
-- Installing: ../abseil_install/usr/local/include/absl/flags/declare.h
-- Installing: ../abseil_install/usr/local/include/absl/flags/reflection.h
-- Installing: ../abseil_install/usr/local/include/absl/flags/usage_config.h
-- Installing: ../abseil_install/usr/local/include/absl/flags/usage.h
-- Installing: ../abseil_install/usr/local/include/absl/flags/marshalling.h
-- Installing: ../abseil_install/usr/local/include/absl/flags/commandlineflag.h
-- Installing: ../abseil_install/usr/local/include/absl/numeric
-- Installing: ../abseil_install/usr/local/include/absl/numeric/int128.h
-- Installing: ../abseil_install/usr/local/include/absl/numeric/int128_no_intrinsic.inc
-- Installing: ../abseil_install/usr/local/include/absl/numeric/internal
-- Installing: ../abseil_install/usr/local/include/absl/numeric/internal/representation.h
-- Installing: ../abseil_install/usr/local/include/absl/numeric/internal/bits.h
-- Installing: ../abseil_install/usr/local/include/absl/numeric/int128_have_intrinsic.inc
-- Installing: ../abseil_install/usr/local/include/absl/numeric/bits.h
-- Installing: ../abseil_install/usr/local/include/absl/profiling
-- Installing: ../abseil_install/usr/local/include/absl/profiling/internal
-- Installing: ../abseil_install/usr/local/include/absl/profiling/internal/periodic_sampler.h
-- Installing: ../abseil_install/usr/local/include/absl/profiling/internal/exponential_biased.h
-- Installing: ../abseil_install/usr/local/include/absl/profiling/internal/sample_recorder.h
-- Installing: ../abseil_install/usr/local/include/absl/random
-- Installing: ../abseil_install/usr/local/include/absl/random/seed_sequences.h
-- Installing: ../abseil_install/usr/local/include/absl/random/exponential_distribution.h
-- Installing: ../abseil_install/usr/local/include/absl/random/beta_distribution.h
-- Installing: ../abseil_install/usr/local/include/absl/random/mock_distributions.h
-- Installing: ../abseil_install/usr/local/include/absl/random/distributions.h
-- Installing: ../abseil_install/usr/local/include/absl/random/bernoulli_distribution.h
-- Installing: ../abseil_install/usr/local/include/absl/random/internal
-- Installing: ../abseil_install/usr/local/include/absl/random/internal/randen_traits.h
-- Installing: ../abseil_install/usr/local/include/absl/random/internal/pcg_engine.h
-- Installing: ../abseil_install/usr/local/include/absl/random/internal/mock_overload_set.h
-- Installing: ../abseil_install/usr/local/include/absl/random/internal/sequence_urbg.h
-- Installing: ../abseil_install/usr/local/include/absl/random/internal/mock_helpers.h
-- Installing: ../abseil_install/usr/local/include/absl/random/internal/randen_detect.h
-- Installing: ../abseil_install/usr/local/include/absl/random/internal/distribution_caller.h
-- Installing: ../abseil_install/usr/local/include/absl/random/internal/explicit_seed_seq.h
-- Installing: ../abseil_install/usr/local/include/absl/random/internal/fastmath.h
-- Installing: ../abseil_install/usr/local/include/absl/random/internal/fast_uniform_bits.h
-- Installing: ../abseil_install/usr/local/include/absl/random/internal/chi_square.h
-- Installing: ../abseil_install/usr/local/include/absl/random/internal/wide_multiply.h
-- Installing: ../abseil_install/usr/local/include/absl/random/internal/uniform_helper.h
-- Installing: ../abseil_install/usr/local/include/absl/random/internal/nanobenchmark.h
-- Installing: ../abseil_install/usr/local/include/absl/random/internal/randen_hwaes.h
-- Installing: ../abseil_install/usr/local/include/absl/random/internal/platform.h
-- Installing: ../abseil_install/usr/local/include/absl/random/internal/iostream_state_saver.h
-- Installing: ../abseil_install/usr/local/include/absl/random/internal/pool_urbg.h
-- Installing: ../abseil_install/usr/local/include/absl/random/internal/salted_seed_seq.h
-- Installing: ../abseil_install/usr/local/include/absl/random/internal/randen_engine.h
-- Installing: ../abseil_install/usr/local/include/absl/random/internal/seed_material.h
-- Installing: ../abseil_install/usr/local/include/absl/random/internal/nonsecure_base.h
-- Installing: ../abseil_install/usr/local/include/absl/random/internal/randen_slow.h
-- Installing: ../abseil_install/usr/local/include/absl/random/internal/distribution_test_util.h
-- Installing: ../abseil_install/usr/local/include/absl/random/internal/generate_real.h
-- Installing: ../abseil_install/usr/local/include/absl/random/internal/traits.h
-- Installing: ../abseil_install/usr/local/include/absl/random/internal/randen.h
-- Installing: ../abseil_install/usr/local/include/absl/random/seed_gen_exception.h
-- Installing: ../abseil_install/usr/local/include/absl/random/log_uniform_int_distribution.h
-- Installing: ../abseil_install/usr/local/include/absl/random/random.h
-- Installing: ../abseil_install/usr/local/include/absl/random/gaussian_distribution.h
-- Installing: ../abseil_install/usr/local/include/absl/random/uniform_real_distribution.h
-- Installing: ../abseil_install/usr/local/include/absl/random/poisson_distribution.h
-- Installing: ../abseil_install/usr/local/include/absl/random/uniform_int_distribution.h
-- Installing: ../abseil_install/usr/local/include/absl/random/zipf_distribution.h
-- Installing: ../abseil_install/usr/local/include/absl/random/mocking_bit_gen.h
-- Installing: ../abseil_install/usr/local/include/absl/random/discrete_distribution.h
-- Installing: ../abseil_install/usr/local/include/absl/random/bit_gen_ref.h
-- Installing: ../abseil_install/usr/local/include/absl/memory
-- Installing: ../abseil_install/usr/local/include/absl/memory/memory.h
-- Installing: ../abseil_install/usr/local/include/absl/synchronization
-- Installing: ../abseil_install/usr/local/include/absl/synchronization/mutex.h
-- Installing: ../abseil_install/usr/local/include/absl/synchronization/barrier.h
-- Installing: ../abseil_install/usr/local/include/absl/synchronization/notification.h
-- Installing: ../abseil_install/usr/local/include/absl/synchronization/internal
-- Installing: ../abseil_install/usr/local/include/absl/synchronization/internal/thread_pool.h
-- Installing: ../abseil_install/usr/local/include/absl/synchronization/internal/create_thread_identity.h
-- Installing: ../abseil_install/usr/local/include/absl/synchronization/internal/waiter.h
-- Installing: ../abseil_install/usr/local/include/absl/synchronization/internal/per_thread_sem.h
-- Installing: ../abseil_install/usr/local/include/absl/synchronization/internal/futex.h
-- Installing: ../abseil_install/usr/local/include/absl/synchronization/internal/graphcycles.h
-- Installing: ../abseil_install/usr/local/include/absl/synchronization/internal/kernel_timeout.h
-- Installing: ../abseil_install/usr/local/include/absl/synchronization/blocking_counter.h
-- Installing: ../abseil_install/usr/local/include/absl/strings
-- Installing: ../abseil_install/usr/local/include/absl/strings/ascii.h
-- Installing: ../abseil_install/usr/local/include/absl/strings/charconv.h
-- Installing: ../abseil_install/usr/local/include/absl/strings/numbers.h
-- Installing: ../abseil_install/usr/local/include/absl/strings/str_split.h
-- Installing: ../abseil_install/usr/local/include/absl/strings/cord.h
-- Installing: ../abseil_install/usr/local/include/absl/strings/str_join.h
-- Installing: ../abseil_install/usr/local/include/absl/strings/match.h
-- Installing: ../abseil_install/usr/local/include/absl/strings/cordz_test_helpers.h
-- Installing: ../abseil_install/usr/local/include/absl/strings/internal
-- Installing: ../abseil_install/usr/local/include/absl/strings/internal/cordz_update_tracker.h
-- Installing: ../abseil_install/usr/local/include/absl/strings/internal/cord_internal.h
-- Installing: ../abseil_install/usr/local/include/absl/strings/internal/cordz_statistics.h
-- Installing: ../abseil_install/usr/local/include/absl/strings/internal/numbers_test_common.h
-- Installing: ../abseil_install/usr/local/include/absl/strings/internal/memutil.h
-- Installing: ../abseil_install/usr/local/include/absl/strings/internal/cordz_update_scope.h
-- Installing: ../abseil_install/usr/local/include/absl/strings/internal/cord_rep_ring_reader.h
-- Installing: ../abseil_install/usr/local/include/absl/strings/internal/cord_rep_flat.h
-- Installing: ../abseil_install/usr/local/include/absl/strings/internal/resize_uninitialized.h
-- Installing: ../abseil_install/usr/local/include/absl/strings/internal/ostringstream.h
-- Installing: ../abseil_install/usr/local/include/absl/strings/internal/stl_type_traits.h
-- Installing: ../abseil_install/usr/local/include/absl/strings/internal/cordz_info.h
-- Installing: ../abseil_install/usr/local/include/absl/strings/internal/cord_rep_test_util.h
-- Installing: ../abseil_install/usr/local/include/absl/strings/internal/str_format
-- Installing: ../abseil_install/usr/local/include/absl/strings/internal/str_format/bind.h
-- Installing: ../abseil_install/usr/local/include/absl/strings/internal/str_format/float_conversion.h
-- Installing: ../abseil_install/usr/local/include/absl/strings/internal/str_format/arg.h
-- Installing: ../abseil_install/usr/local/include/absl/strings/internal/str_format/parser.h
-- Installing: ../abseil_install/usr/local/include/absl/strings/internal/str_format/output.h
-- Installing: ../abseil_install/usr/local/include/absl/strings/internal/str_format/extension.h
-- Installing: ../abseil_install/usr/local/include/absl/strings/internal/str_format/checker.h
-- Installing: ../abseil_install/usr/local/include/absl/strings/internal/charconv_parse.h
-- Installing: ../abseil_install/usr/local/include/absl/strings/internal/pow10_helper.h
-- Installing: ../abseil_install/usr/local/include/absl/strings/internal/str_join_internal.h
-- Installing: ../abseil_install/usr/local/include/absl/strings/internal/cord_rep_btree_navigator.h
-- Installing: ../abseil_install/usr/local/include/absl/strings/internal/escaping.h
-- Installing: ../abseil_install/usr/local/include/absl/strings/internal/char_map.h
-- Installing: ../abseil_install/usr/local/include/absl/strings/internal/string_constant.h
-- Installing: ../abseil_install/usr/local/include/absl/strings/internal/str_split_internal.h
-- Installing: ../abseil_install/usr/local/include/absl/strings/internal/cord_rep_btree_reader.h
-- Installing: ../abseil_install/usr/local/include/absl/strings/internal/escaping_test_common.h
-- Installing: ../abseil_install/usr/local/include/absl/strings/internal/cordz_sample_token.h
-- Installing: ../abseil_install/usr/local/include/absl/strings/internal/cordz_handle.h
-- Installing: ../abseil_install/usr/local/include/absl/strings/internal/cord_rep_consume.h
-- Installing: ../abseil_install/usr/local/include/absl/strings/internal/cord_rep_btree.h
-- Installing: ../abseil_install/usr/local/include/absl/strings/internal/utf8.h
-- Installing: ../abseil_install/usr/local/include/absl/strings/internal/charconv_bigint.h
-- Installing: ../abseil_install/usr/local/include/absl/strings/internal/cord_rep_ring.h
-- Installing: ../abseil_install/usr/local/include/absl/strings/internal/cordz_functions.h
-- Installing: ../abseil_install/usr/local/include/absl/strings/cord_test_helpers.h
-- Installing: ../abseil_install/usr/local/include/absl/strings/substitute.h
-- Installing: ../abseil_install/usr/local/include/absl/strings/escaping.h
-- Installing: ../abseil_install/usr/local/include/absl/strings/str_format.h
-- Installing: ../abseil_install/usr/local/include/absl/strings/str_replace.h
-- Installing: ../abseil_install/usr/local/include/absl/strings/strip.h
-- Installing: ../abseil_install/usr/local/include/absl/strings/str_cat.h
-- Installing: ../abseil_install/usr/local/include/absl/strings/string_view.h
-- Installing: ../abseil_install/usr/local/include/absl/debugging
-- Installing: ../abseil_install/usr/local/include/absl/debugging/leak_check.h
-- Installing: ../abseil_install/usr/local/include/absl/debugging/symbolize_elf.inc
-- Installing: ../abseil_install/usr/local/include/absl/debugging/symbolize_unimplemented.inc
-- Installing: ../abseil_install/usr/local/include/absl/debugging/internal
-- Installing: ../abseil_install/usr/local/include/absl/debugging/internal/stacktrace_unimplemented-inl.inc
-- Installing: ../abseil_install/usr/local/include/absl/debugging/internal/stacktrace_x86-inl.inc
-- Installing: ../abseil_install/usr/local/include/absl/debugging/internal/demangle.h
-- Installing: ../abseil_install/usr/local/include/absl/debugging/internal/stacktrace_riscv-inl.inc
-- Installing: ../abseil_install/usr/local/include/absl/debugging/internal/examine_stack.h
-- Installing: ../abseil_install/usr/local/include/absl/debugging/internal/address_is_readable.h
-- Installing: ../abseil_install/usr/local/include/absl/debugging/internal/stacktrace_arm-inl.inc
-- Installing: ../abseil_install/usr/local/include/absl/debugging/internal/stack_consumption.h
-- Installing: ../abseil_install/usr/local/include/absl/debugging/internal/stacktrace_emscripten-inl.inc
-- Installing: ../abseil_install/usr/local/include/absl/debugging/internal/stacktrace_powerpc-inl.inc
-- Installing: ../abseil_install/usr/local/include/absl/debugging/internal/symbolize.h
-- Installing: ../abseil_install/usr/local/include/absl/debugging/internal/elf_mem_image.h
-- Installing: ../abseil_install/usr/local/include/absl/debugging/internal/stacktrace_config.h
-- Installing: ../abseil_install/usr/local/include/absl/debugging/internal/stacktrace_generic-inl.inc
-- Installing: ../abseil_install/usr/local/include/absl/debugging/internal/vdso_support.h
-- Installing: ../abseil_install/usr/local/include/absl/debugging/internal/stacktrace_aarch64-inl.inc
-- Installing: ../abseil_install/usr/local/include/absl/debugging/internal/stacktrace_win32-inl.inc
-- Installing: ../abseil_install/usr/local/include/absl/debugging/symbolize.h
-- Installing: ../abseil_install/usr/local/include/absl/debugging/stacktrace.h
-- Installing: ../abseil_install/usr/local/include/absl/debugging/symbolize_win32.inc
-- Installing: ../abseil_install/usr/local/include/absl/debugging/symbolize_emscripten.inc
-- Installing: ../abseil_install/usr/local/include/absl/debugging/failure_signal_handler.h
-- Installing: ../abseil_install/usr/local/include/absl/debugging/symbolize_darwin.inc
-- Installing: ../abseil_install/usr/local/include/absl/utility
-- Installing: ../abseil_install/usr/local/include/absl/utility/utility.h
-- Installing: ../abseil_install/usr/local/include/absl/algorithm
-- Installing: ../abseil_install/usr/local/include/absl/algorithm/algorithm.h
-- Installing: ../abseil_install/usr/local/include/absl/algorithm/container.h
-- Installing: ../abseil_install/usr/local/lib/pkgconfig/absl_atomic_hook.pc
-- Installing: ../abseil_install/usr/local/lib/pkgconfig/absl_errno_saver.pc
-- Installing: ../abseil_install/usr/local/lib/pkgconfig/absl_log_severity.pc
-- Installing: ../abseil_install/usr/local/lib/libabsl_log_severity.a
-- Installing: ../abseil_install/usr/local/lib/pkgconfig/absl_raw_logging_internal.pc
-- Installing: ../abseil_install/usr/local/lib/libabsl_raw_logging_internal.a
-- Installing: ../abseil_install/usr/local/lib/pkgconfig/absl_spinlock_wait.pc
-- Installing: ../abseil_install/usr/local/lib/libabsl_spinlock_wait.a
-- Installing: ../abseil_install/usr/local/lib/pkgconfig/absl_config.pc
-- Installing: ../abseil_install/usr/local/lib/pkgconfig/absl_dynamic_annotations.pc
-- Installing: ../abseil_install/usr/local/lib/pkgconfig/absl_core_headers.pc
-- Installing: ../abseil_install/usr/local/lib/pkgconfig/absl_malloc_internal.pc
-- Installing: ../abseil_install/usr/local/lib/libabsl_malloc_internal.a
-- Installing: ../abseil_install/usr/local/lib/pkgconfig/absl_base_internal.pc
-- Installing: ../abseil_install/usr/local/lib/pkgconfig/absl_base.pc
-- Installing: ../abseil_install/usr/local/lib/libabsl_base.a
-- Installing: ../abseil_install/usr/local/lib/pkgconfig/absl_throw_delegate.pc
-- Installing: ../abseil_install/usr/local/lib/libabsl_throw_delegate.a
-- Installing: ../abseil_install/usr/local/lib/pkgconfig/absl_pretty_function.pc
-- Installing: ../abseil_install/usr/local/lib/pkgconfig/absl_endian.pc
-- Installing: ../abseil_install/usr/local/lib/pkgconfig/absl_scoped_set_env.pc
-- Installing: ../abseil_install/usr/local/lib/libabsl_scoped_set_env.a
-- Installing: ../abseil_install/usr/local/lib/pkgconfig/absl_strerror.pc
-- Installing: ../abseil_install/usr/local/lib/libabsl_strerror.a
-- Installing: ../abseil_install/usr/local/lib/pkgconfig/absl_fast_type_id.pc
-- Installing: ../abseil_install/usr/local/lib/pkgconfig/absl_algorithm.pc
-- Installing: ../abseil_install/usr/local/lib/pkgconfig/absl_algorithm_container.pc
-- Installing: ../abseil_install/usr/local/lib/pkgconfig/absl_cleanup_internal.pc
-- Installing: ../abseil_install/usr/local/lib/pkgconfig/absl_cleanup.pc
-- Installing: ../abseil_install/usr/local/lib/pkgconfig/absl_btree.pc
-- Installing: ../abseil_install/usr/local/lib/pkgconfig/absl_compressed_tuple.pc
-- Installing: ../abseil_install/usr/local/lib/pkgconfig/absl_fixed_array.pc
-- Installing: ../abseil_install/usr/local/lib/pkgconfig/absl_inlined_vector_internal.pc
-- Installing: ../abseil_install/usr/local/lib/pkgconfig/absl_inlined_vector.pc
-- Installing: ../abseil_install/usr/local/lib/pkgconfig/absl_counting_allocator.pc
-- Installing: ../abseil_install/usr/local/lib/pkgconfig/absl_flat_hash_map.pc
-- Installing: ../abseil_install/usr/local/lib/pkgconfig/absl_flat_hash_set.pc
-- Installing: ../abseil_install/usr/local/lib/pkgconfig/absl_node_hash_map.pc
-- Installing: ../abseil_install/usr/local/lib/pkgconfig/absl_node_hash_set.pc
-- Installing: ../abseil_install/usr/local/lib/pkgconfig/absl_container_memory.pc
-- Installing: ../abseil_install/usr/local/lib/pkgconfig/absl_hash_function_defaults.pc
-- Installing: ../abseil_install/usr/local/lib/pkgconfig/absl_hash_policy_traits.pc
-- Installing: ../abseil_install/usr/local/lib/pkgconfig/absl_hashtablez_sampler.pc
-- Installing: ../abseil_install/usr/local/lib/libabsl_hashtablez_sampler.a
-- Installing: ../abseil_install/usr/local/lib/pkgconfig/absl_hashtable_debug.pc
-- Installing: ../abseil_install/usr/local/lib/pkgconfig/absl_hashtable_debug_hooks.pc
-- Installing: ../abseil_install/usr/local/lib/pkgconfig/absl_have_sse.pc
-- Installing: ../abseil_install/usr/local/lib/pkgconfig/absl_node_hash_policy.pc
-- Installing: ../abseil_install/usr/local/lib/pkgconfig/absl_raw_hash_map.pc
-- Installing: ../abseil_install/usr/local/lib/pkgconfig/absl_container_common.pc
-- Installing: ../abseil_install/usr/local/lib/pkgconfig/absl_raw_hash_set.pc
-- Installing: ../abseil_install/usr/local/lib/libabsl_raw_hash_set.a
-- Installing: ../abseil_install/usr/local/lib/pkgconfig/absl_layout.pc
-- Installing: ../abseil_install/usr/local/lib/pkgconfig/absl_stacktrace.pc
-- Installing: ../abseil_install/usr/local/lib/libabsl_stacktrace.a
-- Installing: ../abseil_install/usr/local/lib/pkgconfig/absl_symbolize.pc
-- Installing: ../abseil_install/usr/local/lib/libabsl_symbolize.a
-- Installing: ../abseil_install/usr/local/lib/pkgconfig/absl_examine_stack.pc
-- Installing: ../abseil_install/usr/local/lib/libabsl_examine_stack.a
-- Installing: ../abseil_install/usr/local/lib/pkgconfig/absl_failure_signal_handler.pc
-- Installing: ../abseil_install/usr/local/lib/libabsl_failure_signal_handler.a
-- Installing: ../abseil_install/usr/local/lib/pkgconfig/absl_debugging_internal.pc
-- Installing: ../abseil_install/usr/local/lib/libabsl_debugging_internal.a
-- Installing: ../abseil_install/usr/local/lib/pkgconfig/absl_demangle_internal.pc
-- Installing: ../abseil_install/usr/local/lib/libabsl_demangle_internal.a
-- Installing: ../abseil_install/usr/local/lib/pkgconfig/absl_leak_check.pc
-- Installing: ../abseil_install/usr/local/lib/libabsl_leak_check.a
-- Installing: ../abseil_install/usr/local/lib/pkgconfig/absl_leak_check_disable.pc
-- Installing: ../abseil_install/usr/local/lib/libabsl_leak_check_disable.a
-- Installing: ../abseil_install/usr/local/lib/pkgconfig/absl_debugging.pc
-- Installing: ../abseil_install/usr/local/lib/pkgconfig/absl_flags_path_util.pc
-- Installing: ../abseil_install/usr/local/lib/pkgconfig/absl_flags_program_name.pc
-- Installing: ../abseil_install/usr/local/lib/libabsl_flags_program_name.a
-- Installing: ../abseil_install/usr/local/lib/pkgconfig/absl_flags_config.pc
-- Installing: ../abseil_install/usr/local/lib/libabsl_flags_config.a
-- Installing: ../abseil_install/usr/local/lib/pkgconfig/absl_flags_marshalling.pc
-- Installing: ../abseil_install/usr/local/lib/libabsl_flags_marshalling.a
-- Installing: ../abseil_install/usr/local/lib/pkgconfig/absl_flags_commandlineflag_internal.pc
-- Installing: ../abseil_install/usr/local/lib/libabsl_flags_commandlineflag_internal.a
-- Installing: ../abseil_install/usr/local/lib/pkgconfig/absl_flags_commandlineflag.pc
-- Installing: ../abseil_install/usr/local/lib/libabsl_flags_commandlineflag.a
-- Installing: ../abseil_install/usr/local/lib/pkgconfig/absl_flags_private_handle_accessor.pc
-- Installing: ../abseil_install/usr/local/lib/libabsl_flags_private_handle_accessor.a
-- Installing: ../abseil_install/usr/local/lib/pkgconfig/absl_flags_reflection.pc
-- Installing: ../abseil_install/usr/local/lib/libabsl_flags_reflection.a
-- Installing: ../abseil_install/usr/local/lib/pkgconfig/absl_flags_internal.pc
-- Installing: ../abseil_install/usr/local/lib/libabsl_flags_internal.a
-- Installing: ../abseil_install/usr/local/lib/pkgconfig/absl_flags.pc
-- Installing: ../abseil_install/usr/local/lib/libabsl_flags.a
-- Installing: ../abseil_install/usr/local/lib/pkgconfig/absl_flags_usage_internal.pc
-- Installing: ../abseil_install/usr/local/lib/libabsl_flags_usage_internal.a
-- Installing: ../abseil_install/usr/local/lib/pkgconfig/absl_flags_usage.pc
-- Installing: ../abseil_install/usr/local/lib/libabsl_flags_usage.a
-- Installing: ../abseil_install/usr/local/lib/pkgconfig/absl_flags_parse.pc
-- Installing: ../abseil_install/usr/local/lib/libabsl_flags_parse.a
-- Installing: ../abseil_install/usr/local/lib/pkgconfig/absl_bind_front.pc
-- Installing: ../abseil_install/usr/local/lib/pkgconfig/absl_function_ref.pc
-- Installing: ../abseil_install/usr/local/lib/pkgconfig/absl_hash.pc
-- Installing: ../abseil_install/usr/local/lib/libabsl_hash.a
-- Installing: ../abseil_install/usr/local/lib/pkgconfig/absl_city.pc
-- Installing: ../abseil_install/usr/local/lib/libabsl_city.a
-- Installing: ../abseil_install/usr/local/lib/pkgconfig/absl_low_level_hash.pc
-- Installing: ../abseil_install/usr/local/lib/libabsl_low_level_hash.a
-- Installing: ../abseil_install/usr/local/lib/pkgconfig/absl_memory.pc
-- Installing: ../abseil_install/usr/local/lib/pkgconfig/absl_type_traits.pc
-- Installing: ../abseil_install/usr/local/lib/pkgconfig/absl_meta.pc
-- Installing: ../abseil_install/usr/local/lib/pkgconfig/absl_bits.pc
-- Installing: ../abseil_install/usr/local/lib/pkgconfig/absl_int128.pc
-- Installing: ../abseil_install/usr/local/lib/libabsl_int128.a
-- Installing: ../abseil_install/usr/local/lib/pkgconfig/absl_numeric.pc
-- Installing: ../abseil_install/usr/local/lib/pkgconfig/absl_numeric_representation.pc
-- Installing: ../abseil_install/usr/local/lib/pkgconfig/absl_sample_recorder.pc
-- Installing: ../abseil_install/usr/local/lib/pkgconfig/absl_exponential_biased.pc
-- Installing: ../abseil_install/usr/local/lib/libabsl_exponential_biased.a
-- Installing: ../abseil_install/usr/local/lib/pkgconfig/absl_periodic_sampler.pc
-- Installing: ../abseil_install/usr/local/lib/libabsl_periodic_sampler.a
-- Installing: ../abseil_install/usr/local/lib/pkgconfig/absl_random_random.pc
-- Installing: ../abseil_install/usr/local/lib/pkgconfig/absl_random_bit_gen_ref.pc
-- Installing: ../abseil_install/usr/local/lib/pkgconfig/absl_random_internal_mock_helpers.pc
-- Installing: ../abseil_install/usr/local/lib/pkgconfig/absl_random_distributions.pc
-- Installing: ../abseil_install/usr/local/lib/libabsl_random_distributions.a
-- Installing: ../abseil_install/usr/local/lib/pkgconfig/absl_random_seed_gen_exception.pc
-- Installing: ../abseil_install/usr/local/lib/libabsl_random_seed_gen_exception.a
-- Installing: ../abseil_install/usr/local/lib/pkgconfig/absl_random_seed_sequences.pc
-- Installing: ../abseil_install/usr/local/lib/libabsl_random_seed_sequences.a
-- Installing: ../abseil_install/usr/local/lib/pkgconfig/absl_random_internal_traits.pc
-- Installing: ../abseil_install/usr/local/lib/pkgconfig/absl_random_internal_distribution_caller.pc
-- Installing: ../abseil_install/usr/local/lib/pkgconfig/absl_random_internal_fast_uniform_bits.pc
-- Installing: ../abseil_install/usr/local/lib/pkgconfig/absl_random_internal_seed_material.pc
-- Installing: ../abseil_install/usr/local/lib/libabsl_random_internal_seed_material.a
-- Installing: ../abseil_install/usr/local/lib/pkgconfig/absl_random_internal_pool_urbg.pc
-- Installing: ../abseil_install/usr/local/lib/libabsl_random_internal_pool_urbg.a
-- Installing: ../abseil_install/usr/local/lib/pkgconfig/absl_random_internal_salted_seed_seq.pc
-- Installing: ../abseil_install/usr/local/lib/pkgconfig/absl_random_internal_iostream_state_saver.pc
-- Installing: ../abseil_install/usr/local/lib/pkgconfig/absl_random_internal_generate_real.pc
-- Installing: ../abseil_install/usr/local/lib/pkgconfig/absl_random_internal_wide_multiply.pc
-- Installing: ../abseil_install/usr/local/lib/pkgconfig/absl_random_internal_fastmath.pc
-- Installing: ../abseil_install/usr/local/lib/pkgconfig/absl_random_internal_nonsecure_base.pc
-- Installing: ../abseil_install/usr/local/lib/pkgconfig/absl_random_internal_pcg_engine.pc
-- Installing: ../abseil_install/usr/local/lib/pkgconfig/absl_random_internal_randen_engine.pc
-- Installing: ../abseil_install/usr/local/lib/pkgconfig/absl_random_internal_platform.pc
-- Installing: ../abseil_install/usr/local/lib/libabsl_random_internal_platform.a
-- Installing: ../abseil_install/usr/local/lib/pkgconfig/absl_random_internal_randen.pc
-- Installing: ../abseil_install/usr/local/lib/libabsl_random_internal_randen.a
-- Installing: ../abseil_install/usr/local/lib/pkgconfig/absl_random_internal_randen_slow.pc
-- Installing: ../abseil_install/usr/local/lib/libabsl_random_internal_randen_slow.a
-- Installing: ../abseil_install/usr/local/lib/pkgconfig/absl_random_internal_randen_hwaes.pc
-- Installing: ../abseil_install/usr/local/lib/libabsl_random_internal_randen_hwaes.a
-- Installing: ../abseil_install/usr/local/lib/pkgconfig/absl_random_internal_randen_hwaes_impl.pc
-- Installing: ../abseil_install/usr/local/lib/libabsl_random_internal_randen_hwaes_impl.a
-- Installing: ../abseil_install/usr/local/lib/pkgconfig/absl_random_internal_distribution_test_util.pc
-- Installing: ../abseil_install/usr/local/lib/libabsl_random_internal_distribution_test_util.a
-- Installing: ../abseil_install/usr/local/lib/pkgconfig/absl_random_internal_uniform_helper.pc
-- Installing: ../abseil_install/usr/local/lib/pkgconfig/absl_status.pc
-- Installing: ../abseil_install/usr/local/lib/libabsl_status.a
-- Installing: ../abseil_install/usr/local/lib/pkgconfig/absl_statusor.pc
-- Installing: ../abseil_install/usr/local/lib/libabsl_statusor.a
-- Installing: ../abseil_install/usr/local/lib/pkgconfig/absl_strings.pc
-- Installing: ../abseil_install/usr/local/lib/libabsl_strings.a
-- Installing: ../abseil_install/usr/local/lib/pkgconfig/absl_strings_internal.pc
-- Installing: ../abseil_install/usr/local/lib/libabsl_strings_internal.a
-- Installing: ../abseil_install/usr/local/lib/pkgconfig/absl_str_format.pc
-- Installing: ../abseil_install/usr/local/lib/pkgconfig/absl_str_format_internal.pc
-- Installing: ../abseil_install/usr/local/lib/libabsl_str_format_internal.a
-- Installing: ../abseil_install/usr/local/lib/pkgconfig/absl_cord_internal.pc
-- Installing: ../abseil_install/usr/local/lib/libabsl_cord_internal.a
-- Installing: ../abseil_install/usr/local/lib/pkgconfig/absl_cordz_update_tracker.pc
-- Installing: ../abseil_install/usr/local/lib/pkgconfig/absl_cordz_functions.pc
-- Installing: ../abseil_install/usr/local/lib/libabsl_cordz_functions.a
-- Installing: ../abseil_install/usr/local/lib/pkgconfig/absl_cordz_statistics.pc
-- Installing: ../abseil_install/usr/local/lib/pkgconfig/absl_cordz_handle.pc
-- Installing: ../abseil_install/usr/local/lib/libabsl_cordz_handle.a
-- Installing: ../abseil_install/usr/local/lib/pkgconfig/absl_cordz_info.pc
-- Installing: ../abseil_install/usr/local/lib/libabsl_cordz_info.a
-- Installing: ../abseil_install/usr/local/lib/pkgconfig/absl_cordz_sample_token.pc
-- Installing: ../abseil_install/usr/local/lib/libabsl_cordz_sample_token.a
-- Installing: ../abseil_install/usr/local/lib/pkgconfig/absl_cordz_update_scope.pc
-- Installing: ../abseil_install/usr/local/lib/pkgconfig/absl_cord.pc
-- Installing: ../abseil_install/usr/local/lib/libabsl_cord.a
-- Installing: ../abseil_install/usr/local/lib/pkgconfig/absl_graphcycles_internal.pc
-- Installing: ../abseil_install/usr/local/lib/libabsl_graphcycles_internal.a
-- Installing: ../abseil_install/usr/local/lib/pkgconfig/absl_kernel_timeout_internal.pc
-- Installing: ../abseil_install/usr/local/lib/pkgconfig/absl_synchronization.pc
-- Installing: ../abseil_install/usr/local/lib/libabsl_synchronization.a
-- Installing: ../abseil_install/usr/local/lib/pkgconfig/absl_time.pc
-- Installing: ../abseil_install/usr/local/lib/libabsl_time.a
-- Installing: ../abseil_install/usr/local/lib/pkgconfig/absl_civil_time.pc
-- Installing: ../abseil_install/usr/local/lib/libabsl_civil_time.a
-- Installing: ../abseil_install/usr/local/lib/pkgconfig/absl_time_zone.pc
-- Installing: ../abseil_install/usr/local/lib/libabsl_time_zone.a
-- Installing: ../abseil_install/usr/local/lib/pkgconfig/absl_any.pc
-- Installing: ../abseil_install/usr/local/lib/pkgconfig/absl_bad_any_cast.pc
-- Installing: ../abseil_install/usr/local/lib/pkgconfig/absl_bad_any_cast_impl.pc
-- Installing: ../abseil_install/usr/local/lib/libabsl_bad_any_cast_impl.a
-- Installing: ../abseil_install/usr/local/lib/pkgconfig/absl_span.pc
-- Installing: ../abseil_install/usr/local/lib/pkgconfig/absl_optional.pc
-- Installing: ../abseil_install/usr/local/lib/pkgconfig/absl_bad_optional_access.pc
-- Installing: ../abseil_install/usr/local/lib/libabsl_bad_optional_access.a
-- Installing: ../abseil_install/usr/local/lib/pkgconfig/absl_bad_variant_access.pc
-- Installing: ../abseil_install/usr/local/lib/libabsl_bad_variant_access.a
-- Installing: ../abseil_install/usr/local/lib/pkgconfig/absl_variant.pc
-- Installing: ../abseil_install/usr/local/lib/pkgconfig/absl_compare.pc
-- Installing: ../abseil_install/usr/local/lib/pkgconfig/absl_utility.pc
+ cd ../../
+ cd usac
+ mkdir -p build
+ cd build
+ cmake ..
-- The C compiler identification is GNU 7.5.0
-- The CXX compiler identification is GNU 7.5.0
-- Check for working C compiler: /usr/bin/cc
-- Check for working C compiler: /usr/bin/cc -- works
-- Detecting C compiler ABI info
-- Detecting C compiler ABI info - done
-- Detecting C compile features
-- Detecting C compile features - done
-- Check for working CXX compiler: /usr/bin/c++
-- Check for working CXX compiler: /usr/bin/c++ -- works
-- Detecting CXX compiler ABI info
-- Detecting CXX compiler ABI info - done
-- Detecting CXX compile features
-- Detecting CXX compile features - done
-- Performing Test COMPILER_SUPPORTS_CXX11
-- Performing Test COMPILER_SUPPORTS_CXX11 - Success
-- Performing Test COMPILER_SUPPORTS_CXX0X
-- Performing Test COMPILER_SUPPORTS_CXX0X - Success
-- Using flag -std=c++11.
-- Found OpenCV: /usr/local (found suitable version "3.4.3", minimum required is "3.4.3") 
-- Looking for pthread.h
-- Looking for pthread.h - found
-- Looking for pthread_create
-- Looking for pthread_create - not found
-- Looking for pthread_create in pthreads
-- Looking for pthread_create in pthreads - not found
-- Looking for pthread_create in pthread
-- Looking for pthread_create in pthread - found
-- Found Threads: TRUE  
-- Boost version: 1.65.1
-- Found the following Boost libraries:
--   timer
--   regex
--   serialization
--   thread
--   system
--   filesystem
--   chrono
--   date_time
--   atomic
-- Configuring done
-- Generating done
-- Build files have been written to: /home/indemind/.jenkins_slave/workspace/rubby-vislam-3566/parker_vislam_source/usac/build
+ make -j4
Scanning dependencies of target usac
[  5%] Building CXX object CMakeFiles/usac.dir/src/usac/bundle.cpp.o
[ 15%] Building CXX object CMakeFiles/usac.dir/src/usac/essential_solver.cpp.o
[ 21%] Building CXX object CMakeFiles/usac.dir/src/usac/degeneracy.cpp.o
[ 21%] Building CXX object CMakeFiles/usac.dir/src/usac/dls_solver.cpp.o
[ 26%] Building CXX object CMakeFiles/usac.dir/src/usac/estimator.cpp.o
[ 31%] Building CXX object CMakeFiles/usac.dir/src/usac/fundamental_solver.cpp.o
[ 36%] Building CXX object CMakeFiles/usac.dir/src/usac/gamma_values.cpp.o
[ 42%] Building CXX object CMakeFiles/usac.dir/src/usac/grabcut.cpp.o
[ 47%] Building CXX object CMakeFiles/usac.dir/src/usac/homography_solver.cpp.o
[ 52%] Building CXX object CMakeFiles/usac.dir/src/usac/local_optimization.cpp.o
[ 57%] Building CXX object CMakeFiles/usac.dir/src/usac/pnp_solver.cpp.o
/home/indemind/.jenkins_slave/workspace/rubby-vislam-3566/parker_vislam_source/usac/src/usac/local_optimization.cpp: In constructor 'cv::usac::SimpleLocalOptimizationImpl::SimpleLocalOptimizationImpl(const cv::Ptr<cv::usac::Quality>&, const cv::Ptr<cv::usac::NonMinimalSolver>&, cv::Ptr<cv::usac::Termination>, const cv::Ptr<cv::usac::RandomGenerator>&, cv::Ptr<cv::usac::WeightFunction>, int, double, bool)':
/home/indemind/.jenkins_slave/workspace/rubby-vislam-3566/parker_vislam_source/usac/src/usac/local_optimization.cpp:370:9: warning: statement has no effect [-Wunused-value]
         random_generator_smaller_subset;
         ^~~~~~~~~~~~~~~~~~~~~~~~~~~~~~~
[ 63%] Building CXX object CMakeFiles/usac.dir/src/usac/quality.cpp.o
[ 68%] Building CXX object CMakeFiles/usac.dir/src/usac/ransac_solvers.cpp.o
[ 73%] Building CXX object CMakeFiles/usac.dir/src/usac/sampler.cpp.o
[ 78%] Building CXX object CMakeFiles/usac.dir/src/usac/termination.cpp.o
[ 84%] Building CXX object CMakeFiles/usac.dir/src/usac/utils.cpp.o
[ 89%] Building CXX object CMakeFiles/usac.dir/src/vision.cpp.o
[ 94%] Building CXX object CMakeFiles/usac.dir/src/polynom_solver.cpp.o
[100%] Linking CXX shared library ../lib/libusac.so
[100%] Built target usac
+ cd ../../
+ cp DBoW2 Thirdparty/ -r
+ cp DLib Thirdparty/ -r
+ cp superpoint Thirdparty -r
+ cp -r abseil-cpp/abseil_install Thirdparty/
+ cp usac Thirdparty/ -r
+ mkdir build
+ cd build
+ cmake .. -DCMAKE_BUILD_TYPE=Release
-- The C compiler identification is GNU 7.5.0
-- The CXX compiler identification is GNU 7.5.0
-- Check for working C compiler: /usr/bin/cc
-- Check for working C compiler: /usr/bin/cc -- works
-- Detecting C compiler ABI info
-- Detecting C compiler ABI info - done
-- Detecting C compile features
-- Detecting C compile features - done
-- Check for working CXX compiler: /usr/bin/c++
-- Check for working CXX compiler: /usr/bin/c++ -- works
-- Detecting CXX compiler ABI info
-- Detecting CXX compiler ABI info - done
-- Detecting CXX compile features
-- Detecting CXX compile features - done
Build type: Release
-- Found OpenCV: /usr/local (found suitable version "3.4.3", minimum required is "3.4") 
OPENCV VERSION:
3.4.3
-- Looking for pthread.h
-- Looking for pthread.h - found
-- Looking for pthread_create
-- Looking for pthread_create - not found
-- Looking for pthread_create in pthreads
-- Looking for pthread_create in pthreads - not found
-- Looking for pthread_create in pthread
-- Looking for pthread_create in pthread - found
-- Found Threads: TRUE  
-- Found required Ceres dependency: Eigen version 3.3.7 in /usr/local/include/eigen3
-- Found required Ceres dependency: glog
-- Found required Ceres dependency: gflags
-- Found Ceres version: 2.0.0 installed in: /usr/local with components: [EigenSparse, SparseLinearAlgebraLibrary, LAPACK, SuiteSparse, CXSparse, SchurSpecializations]
-- Boost version: 1.65.1
-- Found the following Boost libraries:
--   timer
--   regex
--   serialization
--   iostreams
--   thread
--   system
--   filesystem
--   chrono
--   date_time
--   atomic
-- Found Glog: /usr/include  
-- absl_DIR=/home/indemind/.jenkins_slave/workspace/rubby-vislam-3566/parker_vislam_source/Thirdparty/abseil_install/usr/local/lib/cmake/absl
-- Found PkgConfig: /usr/bin/pkg-config (found version "0.29.1") 
-- Checking for one of the modules 'cairo>=1.12.16'
-- CMAKE_CXX_COMPILER: GNU
-- CONFIG_BUILD_DEPTH=OFF
-- Configuring done
-- Generating done
-- Build files have been written to: /home/indemind/.jenkins_slave/workspace/rubby-vislam-3566/parker_vislam_source/build
+ make -j4
Scanning dependencies of target ORB_SLAM3
[  2%] Building CXX object CMakeFiles/ORB_SLAM3.dir/src/gridmap/grid_2d.cc.o
[  2%] Building CXX object CMakeFiles/ORB_SLAM3.dir/src/gridmap/image.cc.o
[  4%] Building CXX object CMakeFiles/ORB_SLAM3.dir/src/gridmap/color.cc.o
[  4%] Building CXX object CMakeFiles/ORB_SLAM3.dir/src/gridmap/CreateGridMap.cc.o
[  5%] Building CXX object CMakeFiles/ORB_SLAM3.dir/src/gridmap/normal_estimation_2d.cc.o
[  6%] Building CXX object CMakeFiles/ORB_SLAM3.dir/src/gridmap/point_cloud.cc.o
[  7%] Building CXX object CMakeFiles/ORB_SLAM3.dir/src/gridmap/points_batch.cc.o
[  8%] Building CXX object CMakeFiles/ORB_SLAM3.dir/src/gridmap/probability_grid.cc.o
[  9%] Building CXX object CMakeFiles/ORB_SLAM3.dir/src/gridmap/probability_grid_range_data_inserter_2d.cc.o
[ 10%] Building CXX object CMakeFiles/ORB_SLAM3.dir/src/gridmap/probability_values.cc.o
[ 11%] Building CXX object CMakeFiles/ORB_SLAM3.dir/src/gridmap/range_data_inserter_interface.cc.o
[ 12%] Building CXX object CMakeFiles/ORB_SLAM3.dir/src/gridmap/ray_casting.cc.o
[ 13%] Building CXX object CMakeFiles/ORB_SLAM3.dir/src/gridmap/ray_to_pixel_mask.cc.o
[ 14%] Building CXX object CMakeFiles/ORB_SLAM3.dir/src/gridmap/rigid_transform.cc.o
[ 15%] Building CXX object CMakeFiles/ORB_SLAM3.dir/src/gridmap/submap_painter.cc.o
[ 16%] Building CXX object CMakeFiles/ORB_SLAM3.dir/src/gridmap/transform.cc.o
[ 17%] Building CXX object CMakeFiles/ORB_SLAM3.dir/src/gridmap/tsd_value_converter.cc.o
[ 18%] Building CXX object CMakeFiles/ORB_SLAM3.dir/src/gridmap/tsdfMap.cc.o
[ 19%] Building CXX object CMakeFiles/ORB_SLAM3.dir/src/gridmap/tsdf_2d.cc.o
[ 20%] Building CXX object CMakeFiles/ORB_SLAM3.dir/src/gridmap/tsdf_range_data_inserter_2d.cc.o
[ 21%] Building CXX object CMakeFiles/ORB_SLAM3.dir/src/gridmap/value_conversion_tables.cc.o
[ 22%] Building CXX object CMakeFiles/ORB_SLAM3.dir/src/dealpose/DealPoseInterFace.cc.o
[ 23%] Building CXX object CMakeFiles/ORB_SLAM3.dir/src/IMUPreintegratedInterface.cc.o
[ 24%] Building CXX object CMakeFiles/ORB_SLAM3.dir/src/MapAndDataBaseManage.cc.o
[ 25%] Building CXX object CMakeFiles/ORB_SLAM3.dir/src/ceres_pose.cc.o
[ 26%] Building CXX object CMakeFiles/ORB_SLAM3.dir/src/tool/Icp.cpp.o
[ 27%] Building CXX object CMakeFiles/ORB_SLAM3.dir/src/ORBextractor.cc.o
[ 28%] Building CXX object CMakeFiles/ORB_SLAM3.dir/src/ORBmatcher.cc.o
[ 29%] Building CXX object CMakeFiles/ORB_SLAM3.dir/src/FrameDrawer.cc.o
[ 30%] Building CXX object CMakeFiles/ORB_SLAM3.dir/src/Converter.cc.o
[ 31%] Building CXX object CMakeFiles/ORB_SLAM3.dir/src/MapPoint.cc.o
[ 32%] Building CXX object CMakeFiles/ORB_SLAM3.dir/src/KeyFrame.cc.o
[ 34%] Building CXX object CMakeFiles/ORB_SLAM3.dir/src/Atlas.cc.o
[ 35%] Building CXX object CMakeFiles/ORB_SLAM3.dir/src/Map.cc.o
[ 36%] Building CXX object CMakeFiles/ORB_SLAM3.dir/src/MapDrawer.cc.o
[ 37%] Building CXX object CMakeFiles/ORB_SLAM3.dir/src/Frame.cc.o
[ 38%] Building CXX object CMakeFiles/ORB_SLAM3.dir/src/Sim3Solver.cc.o
[ 39%] Building CXX object CMakeFiles/ORB_SLAM3.dir/src/Viewer.cc.o
[ 40%] Building CXX object CMakeFiles/ORB_SLAM3.dir/src/ImuTypes.cc.o
[ 42%] Building CXX object CMakeFiles/ORB_SLAM3.dir/src/SlamErrors/FailedCounter.cc.o
[ 42%] Building CXX object CMakeFiles/ORB_SLAM3.dir/src/tool/DouglasPeucker.cc.o
[ 43%] Building CXX object CMakeFiles/ORB_SLAM3.dir/src/CameraModels/Pinhole.cpp.o
[ 44%] Building CXX object CMakeFiles/ORB_SLAM3.dir/src/CameraModels/KannalaBrandt8.cpp.o
[ 45%] Building CXX object CMakeFiles/ORB_SLAM3.dir/src/MLPnPsolver.cpp.o
[ 46%] Building CXX object CMakeFiles/ORB_SLAM3.dir/src/GeometricTools.cc.o
[ 47%] Building CXX object CMakeFiles/ORB_SLAM3.dir/src/TwoViewReconstruction.cc.o
[ 48%] Building CXX object CMakeFiles/ORB_SLAM3.dir/src/Config.cc.o
[ 49%] Building CXX object CMakeFiles/ORB_SLAM3.dir/src/Settings.cc.o
[ 50%] Building CXX object CMakeFiles/ORB_SLAM3.dir/src/tool/configs.cc.o
/home/indemind/.jenkins_slave/workspace/rubby-vislam-3566/parker_vislam_source/src/tool/configs.cc: In member function 'void CONFIGS::Config::readRwxRConfig(std::__cxx11::string)':
/home/indemind/.jenkins_slave/workspace/rubby-vislam-3566/parker_vislam_source/src/tool/configs.cc:422:40: error: variable 'std::ifstream ifs' has initializer but incomplete type
             std::ifstream ifs(Wx_R_file);
                                        ^
CMakeFiles/ORB_SLAM3.dir/build.make:1214: recipe for target 'CMakeFiles/ORB_SLAM3.dir/src/tool/configs.cc.o' failed
make[2]: *** [CMakeFiles/ORB_SLAM3.dir/src/tool/configs.cc.o] Error 1
make[2]: *** Waiting for unfinished jobs....
CMakeFiles/Makefile2:141: recipe for target 'CMakeFiles/ORB_SLAM3.dir/all' failed
make[1]: *** [CMakeFiles/ORB_SLAM3.dir/all] Error 2
Makefile:83: recipe for target 'all' failed
make: *** [all] Error 2
+ echo 0
+ popd
/
+ exit
+ [[ -f /home/indemind/.jenkins_slave/workspace/rubby-vislam-3566/no_code_change.log ]]
+ check_status_code
+ test -f /home/indemind/.jenkins_slave/workspace/rubby-vislam-3566/result.log
+ echo 'containge build is error'
containge build is error
+ exit 1
Build step 'Execute shell' marked build as failure
Email was triggered for: Failure - Any
Sending email for trigger: Failure - Any
Sending email to: qishanqing@indemind.cn wangshuaishuai@indemind.cn liuziwen@indemind.cn
Finished: FAILURE
