Started by user [8mha:////4HOQCKO8Bs/HYMEW+FBIw9/cZVzcK/iVQ2ceUdw+95QuAAAAnB+LCAAAAAAAAP9b85aBtbiIQTGjNKU4P08vOT+vOD8nVc83PyU1x6OyILUoJzMv2y+/JJUBAhiZGBgqihhk0NSjKDWzXb3RdlLBUSYGJk8GtpzUvPSSDB8G5tKinBIGIZ+sxLJE/ZzEvHT94JKizLx0a6BxUmjGOUNodHsLgAzmEgYB/dLi1CL95NLMytK8itLEPADJvgzLxQAAAA==[0må´”äº‘è½©
Running as SYSTEM
Building remotely on [8mha:////4GJECaSXI5jaa88kGHMmbEkdCg31N4g4yVAlsCFwflHgAAAAmR+LCAAAAAAAAP9b85aBtbiIQTGjNKU4P08vOT+vOD8nVc83PyU1x6OyILUoJzMv2y+/JJUBAhiZGBgqihhk0NSjKDWzXb3RdlLBUSYGJk8GtpzUvPSSDB8G5tKinBIGIZ+sxLJE/ZzEvHT94JKizLx0a6BxUmjGOUNodHsLgAzmEgZe/eT83ILSktQifUNLQwA4ziQnwgAAAA==[0m191 (192.168.50.191) in workspace /home/indemind/.jenkins_slave/workspace/rubby_dritdetect-slam-3566
[WS-CLEANUP] Deleting project workspace...
No emails were triggered.
[rubby_dritdetect-slam-3566] $ /bin/sh -xe /tmp/jenkins1769517859003262202.sh
+ bash -ex /home/indemind/myscript/build/build.sh
+++ dirname /home/indemind/myscript/build/build.sh
++ cd /home/indemind/myscript/build
++ pwd
+ project_path=/home/indemind/myscript/build
+ . /home/indemind/myscript/build/../sh/cmdb
++ set -x
++ export MYSQL_PWD=123
++ MYSQL_PWD=123
++ export -f cmdb_mysql
+ set -ex
+ export -f public_project_update
+ export -f project_build
+ init_project_env
++ date +%Y%m%d
+ DT=20231124
+ UserName=jenkins
+ API_TOKEN=11b65309c9835de9579d9c9038853d9eb7
+ GIT_PRIVATE_TOKEN=emEDrsaJVjxKK5gSWrf-
+ GIT_HOST=192.168.50.191
++ echo abby/integration/dirtdetect
++ awk -F/ '{print $1"%2F"$2}'
+ CONVERT_TARGET_PROJECT=abby%2Fintegration
++ curl -XGET -H 'Content-Type: application/json' --header 'PRIVATE-TOKEN: emEDrsaJVjxKK5gSWrf-' http://192.168.50.191:85/api/v4/projects/abby%2Fintegration
++ python -c 'import sys, json; print(json.load(sys.stdin)["id"])'
  % Total    % Received % Xferd  Average Speed   Time    Time     Time  Current
                                 Dload  Upload   Total   Spent    Left  Speed
  0     0    0     0    0     0      0      0 --:--:-- --:--:-- --:--:--     0100    35  100    35    0     0    449      0 --:--:-- --:--:-- --:--:--   454
Traceback (most recent call last):
  File "<string>", line 1, in <module>
KeyError: 'id'
+ SUB_PROJECT_ID=
+ true
+ '[' -z ']'
+ SOURCE_DIR=/home/indemind/.jenkins_slave/workspace/rubby_dritdetect-slam-3566/rubby_dirtdetect_source
+ TARGET_DIR=/home/indemind/.jenkins_slave/workspace/rubby_dritdetect-slam-3566/dirtdetect
+ prepare_env
++ uname -m
+ system_platform=x86_64
+ :
++ cat /proc/cpuinfo
++ grep processor
++ sort
++ uniq
++ wc -l
+ mt=-j4
+ export COMMIT_ID_FILE=/home/indemind/.jenkins_slave/workspace/rubby_dritdetect-slam-3566/_last_build_id
+ COMMIT_ID_FILE=/home/indemind/.jenkins_slave/workspace/rubby_dritdetect-slam-3566/_last_build_id
+ export COMMIT_MSG_FILE=/home/indemind/.jenkins_slave/workspace/rubby_dritdetect-slam-3566/_commit-msg
+ COMMIT_MSG_FILE=/home/indemind/.jenkins_slave/workspace/rubby_dritdetect-slam-3566/_commit-msg
+ export COMMIT_MSG_FILE_TMP=/home/indemind/.jenkins_slave/workspace/rubby_dritdetect-slam-3566/_commit-msg.tmp
+ COMMIT_MSG_FILE_TMP=/home/indemind/.jenkins_slave/workspace/rubby_dritdetect-slam-3566/_commit-msg.tmp
+ rm -f /home/indemind/.jenkins_slave/workspace/rubby_dritdetect-slam-3566/_last_build_id
+ rm -f /home/indemind/.jenkins_slave/workspace/rubby_dritdetect-slam-3566/_commit-msg
+ rm -f /home/indemind/.jenkins_slave/workspace/rubby_dritdetect-slam-3566/_commit-msg.tmp
+ rm -f /home/indemind/.jenkins_slave/workspace/rubby_dritdetect-slam-3566/result.log
+ rm -f /home/indemind/.jenkins_slave/workspace/rubby_dritdetect-slam-3566/no_code_change.log
+ CLONE_DEPTH=--depth=1
+ PUBLICBASETYPES_DIR=/home/indemind/system/I18RPublicBaseTypes
+ cmdb_mysql 'insert into prebuild(job_name,source_project,source_branch,target_project,target_branch,time,build_url,node_name,build_user) values ('\''rubby_dritdetect-slam-3566'\'','\''cuiyunxuan/rubby_dirtdetect_source'\'','\''master'\'','\''abby/integration/dirtdetect'\'','\''master'\'',now(),'\''http://192.168.50.191:8088/job/rubby_dritdetect-slam-3566/1/'\'','\''191'\'','\''cuiyunxuan'\'')'
+ set +x
+ DOCKER_CONTAINER_I18=build-x64-18.04
+ DOCKER_CONTAINER_RUBBY=c405
+ DOCKER_CONTAINER_RUBBY_INSIDE=c3566
+ DOCKER_CONTAINER_JAVA=node
+ JENKINS_JOB_A=mind
+ JENKINS_JOB_B=rbn
+ JENKINS_JOB_C=mark-check-tools
+ JENKINS_JOB_D=java
+ JENKINS_JOB_E=clean_recorder
+ JENKINS_JOB_F=i18r
+ JENKINS_JOB_G=nodejs
+ JENKINS_JOB_H=_ui
+ JENKINS_JOB_L=i12r
+ [[ rubby_dritdetect-slam-3566 =~ mind ]]
+ '[' true = false ']'
+ source_project_fetch
+ git clone ssh://git@192.168.50.191:222/cuiyunxuan/rubby_dirtdetect_source -b master --depth=1
æ­£å…‹éš†åˆ° 'rubby_dirtdetect_source'...
Warning: Permanently added '[192.168.50.191]:222' (ECDSA) to the list of known hosts.
+ target_project_update
+ rm -rf /home/indemind/.jenkins_slave/workspace/rubby_dritdetect-slam-3566/dirtdetect
+ target_project_fetch
+ git clone ssh://git@192.168.50.191:222/abby/integration/dirtdetect -b master --depth=1
æ­£å…‹éš†åˆ° 'dirtdetect'...
Warning: Permanently added '[192.168.50.191]:222' (ECDSA) to the list of known hosts.
+ insert_db
+ pushd /home/indemind/.jenkins_slave/workspace/rubby_dritdetect-slam-3566/rubby_dirtdetect_source
~/.jenkins_slave/workspace/rubby_dritdetect-slam-3566/rubby_dirtdetect_source ~/.jenkins_slave/workspace/rubby_dritdetect-slam-3566
++ cmdb_mysql 'SELECT first_commit_id FROM prebuild where source_project='\''cuiyunxuan/rubby_dirtdetect_source'\'' and source_branch='\''master'\'' and target_project='\''abby/integration/dirtdetect'\'' and target_branch='\''master'\'' and status='\''0'\'' and job_name='\''rubby_dritdetect-slam-3566'\'' order by id desc limit 1;'
++ set +x
+ version=
++ echo
++ awk -F ' ' '{print $2}'
+ version=
++ git log -1 --pretty=format:%h
+ first_commit_id_now=85fa1f7
+ cmdb_mysql 'update prebuild set first_commit_id='\''85fa1f7'\'' where build_url='\''http://192.168.50.191:8088/job/rubby_dritdetect-slam-3566/1/'\'';'
+ set +x
+ popd
~/.jenkins_slave/workspace/rubby_dritdetect-slam-3566
+ [[ x86_64 =~ x86_64 ]]
+ docker exec -i c3566 /bin/bash
+ [[ c3566 == c405 ]]
+ [[ c3566 == c3566 ]]
+ echo 'rubby project building in c3566......'
rubby project building in c3566......
+ pushd /root/system/abby_msg
~/system/abby_msg /
+ git checkout ./
+ git clean -xdf ./
+ git pull origin master
From ssh://192.168.50.191:222/abby/source/abby_msg
 * branch            master     -> FETCH_HEAD
Already up to date.
+ popd
/
+ pushd /home/indemind/.jenkins_slave/workspace/rubby_dritdetect-slam-3566/rubby_dirtdetect_source
/home/indemind/.jenkins_slave/workspace/rubby_dritdetect-slam-3566/rubby_dirtdetect_source /
+ git submodule update --init --recursive
fatal: No url found for submodule path 'abby_msg' in .gitmodules
+ git submodule update --remote
+ sed -i 's/make -j[0-9].*/make -j4/g' build.sh
+ '[' x85fa1f7 == x ']'
+ source /opt/ros/melodic/setup.bash
+ bash -ex build.sh
+ echo 'rubby_dirtdetect_interface ...'
rubby_dirtdetect_interface ...
+ rm -rf 'lib/*'
+ mkdir build
+ cd build
+ cmake .. -DCMAKE_BUILD_TYPE=Release
-- The C compiler identification is GNU 7.5.0
-- The CXX compiler identification is GNU 7.5.0
-- Check for working C compiler: /usr/bin/cc
-- Check for working C compiler: /usr/bin/cc -- works
-- Detecting C compiler ABI info
-- Detecting C compiler ABI info - done
-- Detecting C compile features
-- Detecting C compile features - done
-- Check for working CXX compiler: /usr/bin/c++
-- Check for working CXX compiler: /usr/bin/c++ -- works
-- Detecting CXX compiler ABI info
-- Detecting CXX compiler ABI info - done
-- Detecting CXX compile features
-- Detecting CXX compile features - done
Build type: Release
Detected armv8 -D__ARM_NEON__ -DENABLE_NEON -Ofast -std=c++17 -Wno-unused-result
-- Performing Test COMPILER_SUPPORTS_CXX17
-- Performing Test COMPILER_SUPPORTS_CXX17 - Success
-- Performing Test COMPILER_SUPPORTS_CXX11
-- Performing Test COMPILER_SUPPORTS_CXX11 - Success
-- Performing Test COMPILER_SUPPORTS_CXX0X
-- Performing Test COMPILER_SUPPORTS_CXX0X - Success
-- Using flag -std=c++17.
-- /home/indemind/.jenkins_slave/workspace/rubby_dritdetect-slam-3566/rubby_dirtdetect_source/opencv-3.4.3/build/
-- /home/indemind/.jenkins_slave/workspace/rubby_dritdetect-slam-3566/rubby_dirtdetect_source/opencvshare/include/opencv2/
-- Found OpenCV: /usr/local (found suitable version "3.4.3", minimum required is "3") 
-- Looking for pthread.h
-- Looking for pthread.h - found
-- Looking for pthread_create
-- Looking for pthread_create - not found
-- Looking for pthread_create in pthreads
-- Looking for pthread_create in pthreads - not found
-- Looking for pthread_create in pthread
-- Looking for pthread_create in pthread - found
-- Found Threads: TRUE  
-- Boost version: 1.65.1
-- Found the following Boost libraries:
--   thread
--   system
--   filesystem
--   chrono
--   date_time
--   atomic
OPENCV VERSION: 3.4.3
-- Configuring done
-- Generating done
-- Build files have been written to: /home/indemind/.jenkins_slave/workspace/rubby_dritdetect-slam-3566/rubby_dirtdetect_source/build
+ make -j4
Scanning dependencies of target annotation
[ 15%] Building CXX object CMakeFiles/annotation.dir/sample/data_annotation.cc.o
[ 15%] Building CXX object CMakeFiles/annotation.dir/src/recorder.cc.o
Scanning dependencies of target dirt_detect
[ 23%] Building CXX object CMakeFiles/dirt_detect.dir/src/dft_filter.cc.o
[ 30%] Building CXX object CMakeFiles/dirt_detect.dir/src/dirt_detect.cc.o
In file included from /home/indemind/.jenkins_slave/workspace/rubby_dritdetect-slam-3566/rubby_dirtdetect_source/src/recorder.cc:4:0:
/home/indemind/.jenkins_slave/workspace/rubby_dritdetect-slam-3566/rubby_dirtdetect_source/src/recorder.h:15:10: fatal error: sensor/DuskCheck.hpp: No such file or directory
 #include "sensor/DuskCheck.hpp"
          ^~~~~~~~~~~~~~~~~~~~~~
In file included from /home/indemind/.jenkins_slave/workspace/rubby_dritdetect-slam-3566/rubby_dirtdetect_source/sample/data_annotation.cc:6:0:
/home/indemind/.jenkins_slave/workspace/rubby_dritdetect-slam-3566/rubby_dirtdetect_source/src/recorder.h:15:10: fatal error: sensor/DuskCheck.hpp: No such file or directory
 #include "sensor/DuskCheck.hpp"
          ^~~~~~~~~~~~~~~~~~~~~~
compilation terminated.
compilation terminated.
CMakeFiles/annotation.dir/build.make:62: recipe for target 'CMakeFiles/annotation.dir/sample/data_annotation.cc.o' failed
make[2]: *** [CMakeFiles/annotation.dir/sample/data_annotation.cc.o] Error 1
make[2]: *** Waiting for unfinished jobs....
CMakeFiles/annotation.dir/build.make:86: recipe for target 'CMakeFiles/annotation.dir/src/recorder.cc.o' failed
make[2]: *** [CMakeFiles/annotation.dir/src/recorder.cc.o] Error 1
CMakeFiles/Makefile2:67: recipe for target 'CMakeFiles/annotation.dir/all' failed
make[1]: *** [CMakeFiles/annotation.dir/all] Error 2
make[1]: *** Waiting for unfinished jobs....
[ 38%] Building CXX object CMakeFiles/dirt_detect.dir/src/dirt_detect_interface.cc.o
[ 46%] Building CXX object CMakeFiles/dirt_detect.dir/src/dirt_detect_plugin.cc.o
In file included from /home/indemind/.jenkins_slave/workspace/rubby_dritdetect-slam-3566/rubby_dirtdetect_source/src/dirt_detect.h:6:0,
                 from /home/indemind/.jenkins_slave/workspace/rubby_dritdetect-slam-3566/rubby_dirtdetect_source/src/dirt_detect.cc:1:
/home/indemind/.jenkins_slave/workspace/rubby_dritdetect-slam-3566/rubby_dirtdetect_source/include/dirt_detect_interface.h:7:10: fatal error: sensor/DuskCheck.hpp: No such file or directory
 #include "sensor/DuskCheck.hpp"
          ^~~~~~~~~~~~~~~~~~~~~~
compilation terminated.
CMakeFiles/dirt_detect.dir/build.make:86: recipe for target 'CMakeFiles/dirt_detect.dir/src/dirt_detect.cc.o' failed
make[2]: *** [CMakeFiles/dirt_detect.dir/src/dirt_detect.cc.o] Error 1
make[2]: *** Waiting for unfinished jobs....
In file included from /home/indemind/.jenkins_slave/workspace/rubby_dritdetect-slam-3566/rubby_dirtdetect_source/src/dirt_detect_interface.cc:1:0:
/home/indemind/.jenkins_slave/workspace/rubby_dritdetect-slam-3566/rubby_dirtdetect_source/include/dirt_detect_interface.h:7:10: fatal error: sensor/DuskCheck.hpp: No such file or directory
 #include "sensor/DuskCheck.hpp"
          ^~~~~~~~~~~~~~~~~~~~~~
compilation terminated.
CMakeFiles/dirt_detect.dir/build.make:110: recipe for target 'CMakeFiles/dirt_detect.dir/src/dirt_detect_interface.cc.o' failed
make[2]: *** [CMakeFiles/dirt_detect.dir/src/dirt_detect_interface.cc.o] Error 1
/home/indemind/.jenkins_slave/workspace/rubby_dritdetect-slam-3566/rubby_dirtdetect_source/src/dirt_detect_plugin.cc:7:10: fatal error: msg/common/base/Time.h: No such file or directory
 #include "msg/common/base/Time.h"
          ^~~~~~~~~~~~~~~~~~~~~~~~
compilation terminated.
CMakeFiles/dirt_detect.dir/build.make:134: recipe for target 'CMakeFiles/dirt_detect.dir/src/dirt_detect_plugin.cc.o' failed
make[2]: *** [CMakeFiles/dirt_detect.dir/src/dirt_detect_plugin.cc.o] Error 1
make[1]: *** [CMakeFiles/dirt_detect.dir/all] Error 2
CMakeFiles/Makefile2:104: recipe for target 'CMakeFiles/dirt_detect.dir/all' failed
Makefile:83: recipe for target 'all' failed
make: *** [all] Error 2
+ echo 0
+ popd
/
+ exit
+ [[ -f /home/indemind/.jenkins_slave/workspace/rubby_dritdetect-slam-3566/no_code_change.log ]]
+ check_status_code
+ test -f /home/indemind/.jenkins_slave/workspace/rubby_dritdetect-slam-3566/result.log
+ echo 'containge build is error'
containge build is error
+ exit 1
Build step 'Execute shell' marked build as failure
Email was triggered for: Failure - Any
Sending email for trigger: Failure - Any
Sending email to: qishanqing@indemind.cn lishaohui@indemind.cn
Finished: FAILURE
