Started by user [8mha:////4E5dz7ZPjjbaYr/z11B7xpgm2ME6wK3XraoL/25bIDStAAAAlx+LCAAAAAAAAP9b85aBtbiIQTGjNKU4P08vOT+vOD8nVc83PyU1x6OyILUoJzMv2y+/JJUBAhiZGBgqihhk0NSjKDWzXb3RdlLBUSYGJk8GtpzUvPSSDB8G5tKinBIGIZ+sxLJE/ZzEvHT94JKizLx0a6BxUmjGOUNodHsLgAy2EgYe/dLi1CL9SqAZFaUAMeIq+MEAAAA=[0myangxu
Rebuilds build #[8mha:////4F4Ogvq/zycGXgmwHPLqVaOToe+BOuNkz/7NoorINi7TAAAAsB+LCAAAAAAAAP9b85aBtbiIQTGjNKU4P08vOT+vOD8nVc83PyU1x6OyILUoJzMv2y+/JJUBAhiZGBgqihhk0NSjKDWzXb3RdlLBUSYGJk8GtpzUvPSSDB8G5tKinBIGIZ+sxLJE/ZzEvHT94JKizLx0a6BxUmjGOUNodHsLgAzmEgZV/bLM1HL94pRs/az8JP2S1OIS3aLSpKRKXaCQrrGpmZm+sYkhABWtt57aAAAA[0m341
Running as SYSTEM
Building remotely on [8mha:////4GJECaSXI5jaa88kGHMmbEkdCg31N4g4yVAlsCFwflHgAAAAmR+LCAAAAAAAAP9b85aBtbiIQTGjNKU4P08vOT+vOD8nVc83PyU1x6OyILUoJzMv2y+/JJUBAhiZGBgqihhk0NSjKDWzXb3RdlLBUSYGJk8GtpzUvPSSDB8G5tKinBIGIZ+sxLJE/ZzEvHT94JKizLx0a6BxUmjGOUNodHsLgAzmEgZe/eT83ILSktQifUNLQwA4ziQnwgAAAA==[0m191 (192.168.50.191) in workspace /home/indemind/.jenkins_slave/workspace/test-rubby-sdk-3566
[WS-CLEANUP] Deleting project workspace...
[WS-CLEANUP] Deferred wipeout is used...
[WS-CLEANUP] Done
No emails were triggered.
[test-rubby-sdk-3566] $ /bin/sh -xe /tmp/jenkins14898094762844170265.sh
+ bash /home/indemind/myscript/build/build.sh
++ export MYSQL_PWD=123
++ MYSQL_PWD=123
++ export -f cmdb_mysql
+ set -ex
+ export -f public_project_update
+ export -f project_build
+ init_project_env
++ date +%Y%m%d
+ DT=20231219
+ UserName=jenkins
+ API_TOKEN=11b65309c9835de9579d9c9038853d9eb7
+ GIT_PRIVATE_TOKEN=emEDrsaJVjxKK5gSWrf-
+ GIT_HOST=192.168.50.191
++ echo abby/integration/sdk
++ awk -F/ '{print $1"%2F"$2}'
+ CONVERT_TARGET_PROJECT=abby%2Fintegration
++ curl -XGET -H 'Content-Type: application/json' --header 'PRIVATE-TOKEN: emEDrsaJVjxKK5gSWrf-' http://192.168.50.191:85/api/v4/projects/abby%2Fintegration
++ python -c 'import sys, json; print(json.load(sys.stdin)["id"])'
  % Total    % Received % Xferd  Average Speed   Time    Time     Time  Current
                                 Dload  Upload   Total   Spent    Left  Speed
  0     0    0     0    0     0      0      0 --:--:-- --:--:-- --:--:--     0100    35  100    35    0     0    728      0 --:--:-- --:--:-- --:--:--   744
Traceback (most recent call last):
  File "<string>", line 1, in <module>
KeyError: 'id'
+ SUB_PROJECT_ID=
+ true
+ '[' -z ']'
+ SOURCE_DIR=/home/indemind/.jenkins_slave/workspace/test-rubby-sdk-3566/sdk_plubins
+ TARGET_DIR=/home/indemind/.jenkins_slave/workspace/test-rubby-sdk-3566/sdk
+ prepare_env
++ uname -m
+ system_platform=x86_64
+ :
++ cat /proc/cpuinfo
++ grep processor
++ sort
++ uniq
++ wc -l
+ mt=-j4
+ export COMMIT_ID_FILE=/home/indemind/.jenkins_slave/workspace/test-rubby-sdk-3566/_last_build_id
+ COMMIT_ID_FILE=/home/indemind/.jenkins_slave/workspace/test-rubby-sdk-3566/_last_build_id
+ export COMMIT_MSG_FILE=/home/indemind/.jenkins_slave/workspace/test-rubby-sdk-3566/_commit-msg
+ COMMIT_MSG_FILE=/home/indemind/.jenkins_slave/workspace/test-rubby-sdk-3566/_commit-msg
+ export COMMIT_MSG_FILE_TMP=/home/indemind/.jenkins_slave/workspace/test-rubby-sdk-3566/_commit-msg.tmp
+ COMMIT_MSG_FILE_TMP=/home/indemind/.jenkins_slave/workspace/test-rubby-sdk-3566/_commit-msg.tmp
+ rm -f /home/indemind/.jenkins_slave/workspace/test-rubby-sdk-3566/_last_build_id
+ rm -f /home/indemind/.jenkins_slave/workspace/test-rubby-sdk-3566/_commit-msg
+ rm -f /home/indemind/.jenkins_slave/workspace/test-rubby-sdk-3566/_commit-msg.tmp
+ rm -f /home/indemind/.jenkins_slave/workspace/test-rubby-sdk-3566/result.log
+ rm -f /home/indemind/.jenkins_slave/workspace/test-rubby-sdk-3566/no_code_change.log
+ CLONE_DEPTH=--depth=1
+ PUBLICBASETYPES_DIR=/home/indemind/system/I18RPublicBaseTypes
+ cmdb_mysql 'insert into prebuild(job_name,source_project,source_branch,target_project,target_branch,time,build_url,node_name,build_user) values ('\''test-rubby-sdk-3566'\'','\''abby/source/sdk_plubins'\'','\''caffer'\'','\''abby/integration/sdk'\'','\''caffer'\'',now(),'\''http://192.168.50.191:8088/job/test-rubby-sdk-3566/343/'\'','\''191'\'','\''yangxu'\'')'
+ set +x
+ DOCKER_CONTAINER_I18=build-x64-18.04
+ DOCKER_CONTAINER_RUBBY=c405
+ DOCKER_CONTAINER_RUBBY_INSIDE=c3566
+ DOCKER_CONTAINER_JAVA=node
+ JENKINS_JOB_A=mind
+ JENKINS_JOB_B=rbn
+ JENKINS_JOB_C=mark-check-tools
+ JENKINS_JOB_D=java
+ JENKINS_JOB_E=clean_recorder
+ JENKINS_JOB_F=i18r
+ JENKINS_JOB_G=nodejs
+ JENKINS_JOB_H=_ui
+ JENKINS_JOB_L=i12r
+ [[ test-rubby-sdk-3566 =~ mind ]]
+ '[' true = false ']'
+ source_project_fetch
+ git clone ssh://git@192.168.50.191:222/abby/source/sdk_plubins -b caffer --depth=1
æ­£å…‹éš†åˆ° 'sdk_plubins'...
Warning: Permanently added '[192.168.50.191]:222' (ECDSA) to the list of known hosts.
+ target_project_update
+ rm -rf /home/indemind/.jenkins_slave/workspace/test-rubby-sdk-3566/sdk
+ target_project_fetch
+ git clone ssh://git@192.168.50.191:222/abby/integration/sdk -b caffer --depth=1
æ­£å…‹éš†åˆ° 'sdk'...
Warning: Permanently added '[192.168.50.191]:222' (ECDSA) to the list of known hosts.
+ insert_db
+ pushd /home/indemind/.jenkins_slave/workspace/test-rubby-sdk-3566/sdk_plubins
~/.jenkins_slave/workspace/test-rubby-sdk-3566/sdk_plubins ~/.jenkins_slave/workspace/test-rubby-sdk-3566
++ cmdb_mysql 'SELECT first_commit_id FROM prebuild where source_project='\''abby/source/sdk_plubins'\'' and source_branch='\''caffer'\'' and target_project='\''abby/integration/sdk'\'' and target_branch='\''caffer'\'' and status='\''0'\'' and job_name='\''test-rubby-sdk-3566'\'' order by id desc limit 1;'
++ set +x
+ version=
++ echo
++ awk -F ' ' '{print $2}'
+ version=
++ git log -1 --pretty=format:%h
+ first_commit_id_now=8223c58
+ cmdb_mysql 'update prebuild set first_commit_id='\''8223c58'\'' where build_url='\''http://192.168.50.191:8088/job/test-rubby-sdk-3566/343/'\'';'
+ set +x
+ popd
~/.jenkins_slave/workspace/test-rubby-sdk-3566
+ [[ x86_64 =~ x86_64 ]]
+ docker exec -i c3566 /bin/bash
+ [[ c3566 == c405 ]]
+ [[ c3566 == c3566 ]]
+ echo 'rubby project building in c3566......'
rubby project building in c3566......
+ pushd /root/system/abby_msg
~/system/abby_msg /
+ git checkout ./
+ git clean -xdf ./
+ git pull origin master
From ssh://192.168.50.191:222/abby/source/abby_msg
 * branch            master     -> FETCH_HEAD
Already up to date.
+ popd
/
+ pushd /home/indemind/.jenkins_slave/workspace/test-rubby-sdk-3566/sdk_plubins
/home/indemind/.jenkins_slave/workspace/test-rubby-sdk-3566/sdk_plubins /
+ git submodule update --init --recursive
Submodule 'submodules/abby_msg' (http://192.168.50.191:85/abby/source/abby_msg.git) registered for path 'submodules/abby_msg'
Submodule 'submodules/protocol' (http://192.168.50.191:85/abby/source/app_protocol.git) registered for path 'submodules/protocol'
Cloning into '/home/indemind/.jenkins_slave/workspace/test-rubby-sdk-3566/sdk_plubins/submodules/abby_msg'...
Cloning into '/home/indemind/.jenkins_slave/workspace/test-rubby-sdk-3566/sdk_plubins/submodules/protocol'...
Submodule path 'submodules/abby_msg': checked out '4a3bd0b2809445746bc10d8f3820cc82f4cadc53'
Submodule path 'submodules/protocol': checked out '4527abc9c59a9cb79178eff819923c633de5bddb'
+ git submodule update --remote
Submodule path 'submodules/abby_msg': checked out 'be9b1a4437fcdfa014a1ac56ffe3efed27c86567'
Submodule path 'submodules/protocol': checked out 'a60dda057c82fae25b1eb12b920d4368945a2dbf'
+ sed -i 's/make -j[0-9].*/make -j4/g' build.sh
+ '[' x8223c58 == x ']'
+ source /opt/ros/melodic/setup.bash
+ bash -ex build.sh
+ set -ex
+ git submodule update --init --recursive
Submodule path 'submodules/abby_msg': checked out '4a3bd0b2809445746bc10d8f3820cc82f4cadc53'
Submodule path 'submodules/protocol': checked out '4527abc9c59a9cb79178eff819923c633de5bddb'
+ git submodule update --remote
Submodule path 'submodules/abby_msg': checked out 'be9b1a4437fcdfa014a1ac56ffe3efed27c86567'
Submodule path 'submodules/protocol': checked out 'a60dda057c82fae25b1eb12b920d4368945a2dbf'
+ BuildDir=build
+ '[' -d build ']'
+ echo 'build is not exist.'
build is not exist.
+ mkdir build
+ cd build
+ cmake -DBUILD_ROS_NODE=ON -DUSE_ZK_ROBOT=OFF -DUSE_HMI_SIMULATOR=OFF ..
-- The C compiler identification is GNU 7.5.0
-- The CXX compiler identification is GNU 7.5.0
-- Check for working C compiler: /usr/bin/cc
-- Check for working C compiler: /usr/bin/cc -- works
-- Detecting C compiler ABI info
-- Detecting C compiler ABI info - done
-- Detecting C compile features
-- Detecting C compile features - done
-- Check for working CXX compiler: /usr/bin/c++
-- Check for working CXX compiler: /usr/bin/c++ -- works
-- Detecting CXX compiler ABI info
-- Detecting CXX compiler ABI info - done
-- Detecting CXX compile features
-- Detecting CXX compile features - done
-- HOST_ARCH: armv8
-- Found OpenCV: /usr/local (found suitable version "3.4.3", minimum required is "3.4") 
-- Found OpenCV: /usr/local (found version "3.4.3") 
-- Found OpenCV: /usr/local (found suitable version "3.4.3", minimum required is "3.4") 
-- Boost version: 1.65.1
-- Found the following Boost libraries:
--   filesystem
--   system
boost found
-- info:/home/indemind/.jenkins_slave/workspace/test-rubby-sdk-3566/sdk_plubins/submodules/
-- BUILD_ROS_NODE=ON
-- Using CATKIN_DEVEL_PREFIX: /home/indemind/.jenkins_slave/workspace/test-rubby-sdk-3566/sdk_plubins/build/devel
-- Using CMAKE_PREFIX_PATH: /opt/ros/melodic
-- This workspace overlays: /opt/ros/melodic
-- Found PythonInterp: /usr/bin/python2 (found suitable version "2.7.17", minimum required is "2") 
-- Using PYTHON_EXECUTABLE: /usr/bin/python2
-- Using Debian Python package layout
-- Using empy: /usr/bin/empy
-- Using CATKIN_ENABLE_TESTING: ON
-- Call enable_testing()
-- Using CATKIN_TEST_RESULTS_DIR: /home/indemind/.jenkins_slave/workspace/test-rubby-sdk-3566/sdk_plubins/build/test_results
-- Found gtest sources under '/usr/src/googletest': gtests will be built
-- Found gmock sources under '/usr/src/googletest': gmock will be built
CMake Warning (dev) at /usr/src/googletest/CMakeLists.txt:3 (project):
  Policy CMP0048 is not set: project() command manages VERSION variables.
  Run "cmake --help-policy CMP0048" for policy details.  Use the cmake_policy
  command to set the policy and suppress this warning.

  The following variable(s) would be set to empty:

    PROJECT_VERSION
    PROJECT_VERSION_MAJOR
    PROJECT_VERSION_MINOR
This warning is for project developers.  Use -Wno-dev to suppress it.

CMake Warning (dev) at /usr/src/googletest/googlemock/CMakeLists.txt:40 (project):
  Policy CMP0048 is not set: project() command manages VERSION variables.
  Run "cmake --help-policy CMP0048" for policy details.  Use the cmake_policy
  command to set the policy and suppress this warning.

  The following variable(s) would be set to empty:

    PROJECT_VERSION
    PROJECT_VERSION_MAJOR
    PROJECT_VERSION_MINOR
This warning is for project developers.  Use -Wno-dev to suppress it.

CMake Warning (dev) at /usr/src/googletest/googletest/CMakeLists.txt:47 (project):
  Policy CMP0048 is not set: project() command manages VERSION variables.
  Run "cmake --help-policy CMP0048" for policy details.  Use the cmake_policy
  command to set the policy and suppress this warning.

  The following variable(s) would be set to empty:

    PROJECT_VERSION
    PROJECT_VERSION_MAJOR
    PROJECT_VERSION_MINOR
This warning is for project developers.  Use -Wno-dev to suppress it.

-- Found PythonInterp: /usr/bin/python2 (found version "2.7.17") 
-- Looking for pthread.h
-- Looking for pthread.h - found
-- Looking for pthread_create
-- Looking for pthread_create - not found
-- Looking for pthread_create in pthreads
-- Looking for pthread_create in pthreads - not found
-- Looking for pthread_create in pthread
-- Looking for pthread_create in pthread - found
-- Found Threads: TRUE  
-- Using Python nosetests: /usr/bin/nosetests-2.7
-- catkin 0.7.29
-- BUILD_SHARED_LIBS is on
-- Using these message generators: gencpp;geneus;genlisp;gennodejs;genpy
-- CONFIG_USE_ZK_ROBOT = 0
-- CONFIG_USE_HMI_SIMULATOR = 0
-- Configuring done
-- Generating done
-- Build files have been written to: /home/indemind/.jenkins_slave/workspace/test-rubby-sdk-3566/sdk_plubins/build
+ make -j4
Scanning dependencies of target bag_recorder_plugin
Scanning dependencies of target bag_player_plugin
[  1%] Building CXX object plugins/bag_recorder/CMakeFiles/bag_recorder_plugin.dir/src/BagRecorderNode.cpp.o
[  1%] Building CXX object plugins/bag_player/CMakeFiles/bag_player_plugin.dir/src/BagPlayerNode.cpp.o
Scanning dependencies of target hmi_plugin
Scanning dependencies of target state_plugin
[  2%] Building CXX object plugins/hmi/CMakeFiles/hmi_plugin.dir/src/HMINode.cpp.o
[  3%] Building CXX object plugins/state/CMakeFiles/state_plugin.dir/src/Context.cpp.o
[  4%] Building CXX object plugins/bag_player/CMakeFiles/bag_player_plugin.dir/src/player/PlayerManager.cpp.o
[  5%] Building CXX object plugins/bag_recorder/CMakeFiles/bag_recorder_plugin.dir/src/record/Recorder.cpp.o
[  6%] Building CXX object plugins/state/CMakeFiles/state_plugin.dir/src/StateNode.cpp.o
[  7%] Building CXX object plugins/bag_player/CMakeFiles/bag_player_plugin.dir/src/player/Player.cpp.o
[  8%] Building CXX object plugins/bag_recorder/CMakeFiles/bag_recorder_plugin.dir/src/record/Bag.cpp.o
[ 10%] Building CXX object plugins/hmi/CMakeFiles/hmi_plugin.dir/src/hmi/hmi_manager.cpp.o
[ 11%] Linking CXX shared library ../../../lib/arm/libbag_recorder_plugin.so
[ 12%] Linking CXX shared library ../../../lib/arm/libbag_player_plugin.so
[ 12%] Built target bag_recorder_plugin
[ 13%] Building CXX object plugins/state/CMakeFiles/state_plugin.dir/src/state/state/fault/FaultState.cpp.o
[ 13%] Built target bag_player_plugin
[ 14%] Building CXX object plugins/hmi/CMakeFiles/hmi_plugin.dir/src/hmi/manual/manual_control.cpp.o
[ 14%] Building CXX object plugins/hmi/CMakeFiles/hmi_plugin.dir/src/hmi/auto/auto_control.cpp.o
[ 15%] Building CXX object plugins/state/CMakeFiles/state_plugin.dir/src/state/state/fault2/Fault2State.cpp.o
In file included from /home/indemind/.jenkins_slave/workspace/test-rubby-sdk-3566/sdk_plubins/plugins/hmi/src/hmi/auto/auto_control.h:12:0,
                 from /home/indemind/.jenkins_slave/workspace/test-rubby-sdk-3566/sdk_plubins/plugins/hmi/src/hmi/auto/auto_control.cpp:1:
/home/indemind/.jenkins_slave/workspace/test-rubby-sdk-3566/sdk_plubins/plugins/hmi/../../submodules/abby_msg/msg/perception/SemanticDepth.h:14:9: error: 'cv' does not name a type; did you mean 'cvT'?
         cv::Mat depth;
         ^~
         cvT
/home/indemind/.jenkins_slave/workspace/test-rubby-sdk-3566/sdk_plubins/plugins/hmi/../../submodules/abby_msg/msg/perception/SemanticDepth.h: In function 'void mind_os::serialize(const T&, mind_os::BytesBuffer&) [with T = perception_msgs::SemanticDepth]':
/home/indemind/.jenkins_slave/workspace/test-rubby-sdk-3566/sdk_plubins/plugins/hmi/../../submodules/abby_msg/msg/perception/SemanticDepth.h:25:24: error: 'const struct perception_msgs::SemanticDepth' has no member named 'depth'
         serialize(data.depth, buffer);
                        ^~~~~
/home/indemind/.jenkins_slave/workspace/test-rubby-sdk-3566/sdk_plubins/plugins/hmi/../../submodules/abby_msg/msg/perception/SemanticDepth.h: In function 'void mind_os::deserialize(mind_os::BytesBuffer&, T&) [with T = perception_msgs::SemanticDepth]':
/home/indemind/.jenkins_slave/workspace/test-rubby-sdk-3566/sdk_plubins/plugins/hmi/../../submodules/abby_msg/msg/perception/SemanticDepth.h:33:34: error: 'struct perception_msgs::SemanticDepth' has no member named 'depth'
         deserialize(buffer, data.depth);
                                  ^~~~~
Scanning dependencies of target monitor_resource_plugin
[ 15%] Building CXX object plugins/monitor_resource/CMakeFiles/monitor_resource_plugin.dir/src/ResourceMonitorNode.cpp.o
/home/indemind/.jenkins_slave/workspace/test-rubby-sdk-3566/sdk_plubins/plugins/hmi/src/hmi/auto/auto_control.cpp: In member function 'void abby::AutoControl::OnMeshMap(mind_os::ConstPtr<perception_msgs::SemanticDepth>&)':
/home/indemind/.jenkins_slave/workspace/test-rubby-sdk-3566/sdk_plubins/plugins/hmi/src/hmi/auto/auto_control.cpp:624:38: error: 'using element_type = const struct perception_msgs::SemanticDepth {aka const struct perception_msgs::SemanticDepth}' has no member named 'depth'
     SLOG(INFO) << "meshmap:" << msg->depth.rows << " * " << msg->depth.cols;
                                      ^~~~~
/home/indemind/.jenkins_slave/workspace/test-rubby-sdk-3566/sdk_plubins/plugins/hmi/src/hmi/auto/auto_control.cpp:624:66: error: 'using element_type = const struct perception_msgs::SemanticDepth {aka const struct perception_msgs::SemanticDepth}' has no member named 'depth'
     SLOG(INFO) << "meshmap:" << msg->depth.rows << " * " << msg->depth.cols;
                                                                  ^~~~~
/home/indemind/.jenkins_slave/workspace/test-rubby-sdk-3566/sdk_plubins/plugins/hmi/src/hmi/auto/auto_control.cpp:626:30: error: 'using element_type = const struct perception_msgs::SemanticDepth {aka const struct perception_msgs::SemanticDepth}' has no member named 'depth'
     for (int i = 0; i < msg->depth.rows; i++) {
                              ^~~~~
/home/indemind/.jenkins_slave/workspace/test-rubby-sdk-3566/sdk_plubins/plugins/hmi/src/hmi/auto/auto_control.cpp:627:36: error: 'using element_type = const struct perception_msgs::SemanticDepth {aka const struct perception_msgs::SemanticDepth}' has no member named 'depth'
         const uint16_t* row = msg->depth.ptr<uint16_t>(i);
                                    ^~~~~
/home/indemind/.jenkins_slave/workspace/test-rubby-sdk-3566/sdk_plubins/plugins/hmi/src/hmi/auto/auto_control.cpp:627:54: error: expected primary-expression before '>' token
         const uint16_t* row = msg->depth.ptr<uint16_t>(i);
                                                      ^
/home/indemind/.jenkins_slave/workspace/test-rubby-sdk-3566/sdk_plubins/plugins/hmi/src/hmi/auto/auto_control.cpp:628:34: error: 'using element_type = const struct perception_msgs::SemanticDepth {aka const struct perception_msgs::SemanticDepth}' has no member named 'depth'
         for (int j = 0; j < msg->depth.cols; j++) {
                                  ^~~~~
[ 16%] Building CXX object plugins/state/CMakeFiles/state_plugin.dir/src/state/state/clean/CleaningState.cpp.o
[ 17%] Building CXX object plugins/monitor_resource/CMakeFiles/monitor_resource_plugin.dir/src/ResourceMonitor/ResourceMonitor.cpp.o
plugins/hmi/CMakeFiles/hmi_plugin.dir/build.make:134: recipe for target 'plugins/hmi/CMakeFiles/hmi_plugin.dir/src/hmi/auto/auto_control.cpp.o' failed
make[2]: *** [plugins/hmi/CMakeFiles/hmi_plugin.dir/src/hmi/auto/auto_control.cpp.o] Error 1
make[2]: *** Waiting for unfinished jobs....
Scanning dependencies of target monitor_topic_plugin
[ 18%] Building CXX object plugins/monitor_topic/CMakeFiles/monitor_topic_plugin.dir/src/TopicMonitorNode.cpp.o
[ 20%] Linking CXX shared library ../../../lib/arm/libmonitor_resource_plugin.so
[ 20%] Built target monitor_resource_plugin
[ 21%] Building CXX object plugins/monitor_topic/CMakeFiles/monitor_topic_plugin.dir/src/TopicMonitor/TopicMonitor.cpp.o
[ 22%] Building CXX object plugins/state/CMakeFiles/state_plugin.dir/src/state/state/mapping_clean/MapCleaningState.cpp.o
Scanning dependencies of target sys_plugin
[ 23%] Building CXX object plugins/system/integration/CMakeFiles/sys_plugin.dir/src/SystemNode.cpp.o
[ 24%] Linking CXX shared library ../../../lib/arm/libmonitor_topic_plugin.so
[ 24%] Built target monitor_topic_plugin
[ 24%] Building CXX object plugins/state/CMakeFiles/state_plugin.dir/src/state/state/ready/ReadyState.cpp.o
[ 25%] Building CXX object plugins/system/integration/CMakeFiles/sys_plugin.dir/src/log/LogManager.cpp.o
Scanning dependencies of target test_sys_plugin
[ 26%] Building CXX object plugins/system/test/CMakeFiles/test_sys_plugin.dir/src/SystemNode.cpp.o
[ 27%] Building CXX object plugins/system/integration/CMakeFiles/sys_plugin.dir/src/time/TimeSetting.cpp.o
CMakeFiles/Makefile2:85: recipe for target 'plugins/hmi/CMakeFiles/hmi_plugin.dir/all' failed
make[1]: *** [plugins/hmi/CMakeFiles/hmi_plugin.dir/all] Error 2
make[1]: *** Waiting for unfinished jobs....
[ 28%] Building CXX object plugins/system/integration/CMakeFiles/sys_plugin.dir/src/ota/OTAManager.cpp.o
[ 30%] Building CXX object plugins/system/test/CMakeFiles/test_sys_plugin.dir/src/log/LogManager.cpp.o
[ 31%] Building CXX object plugins/state/CMakeFiles/state_plugin.dir/src/state/state/shutdown/ShutdownState.cpp.o
[ 32%] Building CXX object plugins/system/integration/CMakeFiles/sys_plugin.dir/src/config/ConfigManager.cpp.o
[ 33%] Building CXX object plugins/system/test/CMakeFiles/test_sys_plugin.dir/src/time/TimeSetting.cpp.o
[ 34%] Building CXX object plugins/system/test/CMakeFiles/test_sys_plugin.dir/src/ota/OTAManager.cpp.o
[ 35%] Building CXX object plugins/state/CMakeFiles/state_plugin.dir/src/state/state/startup/StartupState.cpp.o
[ 36%] Building CXX object plugins/state/CMakeFiles/state_plugin.dir/src/state/state/remote/RemoteState.cpp.o
[ 37%] Linking CXX shared library ../../../../lib/arm/libsys_plugin.so
[ 37%] Built target sys_plugin
[ 38%] Building CXX object plugins/state/CMakeFiles/state_plugin.dir/src/state/factory/StateFactory.cpp.o
[ 40%] Linking CXX shared library ../../../../lib/arm/libtest_sys_plugin.so
[ 40%] Built target test_sys_plugin
[ 41%] Building CXX object plugins/state/CMakeFiles/state_plugin.dir/src/state/state/self_test/SelfTestState.cpp.o
[ 42%] Building CXX object plugins/state/CMakeFiles/state_plugin.dir/src/state/state/clean_region/CleanRegionState.cpp.o
[ 43%] Building CXX object plugins/state/CMakeFiles/state_plugin.dir/src/state/state/clean_partition/CleanPartitionState.cpp.o
[ 44%] Building CXX object plugins/state/CMakeFiles/state_plugin.dir/src/state/state/maintenance/MaintenanceState.cpp.o
[ 45%] Building CXX object plugins/state/CMakeFiles/state_plugin.dir/src/state/state/visitation/VisitationState.cpp.o
[ 46%] Building CXX object plugins/state/CMakeFiles/state_plugin.dir/src/state/state/manual/ManualState.cpp.o
[ 46%] Building CXX object plugins/state/CMakeFiles/state_plugin.dir/src/state/state/p2p/P2pState.cpp.o
[ 47%] Building CXX object plugins/state/CMakeFiles/state_plugin.dir/src/state/state/common/DepthClient.cpp.o
[ 48%] Building CXX object plugins/state/CMakeFiles/state_plugin.dir/src/state/state/common/JsClient.cpp.o
[ 50%] Building CXX object plugins/state/CMakeFiles/state_plugin.dir/src/state/state/common/NavClient.cpp.o
[ 51%] Building CXX object plugins/state/CMakeFiles/state_plugin.dir/src/state/state/common/OtherClient.cpp.o
[ 52%] Building CXX object plugins/state/CMakeFiles/state_plugin.dir/src/state/state/common/PpClient.cpp.o
[ 53%] Building CXX object plugins/state/CMakeFiles/state_plugin.dir/src/state/state/common/SlamClient.cpp.o
[ 54%] Building CXX object plugins/state/CMakeFiles/state_plugin.dir/src/state/state/common/SensorClient.cpp.o
[ 55%] Building CXX object plugins/state/CMakeFiles/state_plugin.dir/src/state/state/common/Maintenance.cpp.o
[ 56%] Building CXX object plugins/state/CMakeFiles/state_plugin.dir/src/state/state/quick_map/QuickMapState.cpp.o
[ 57%] Building CXX object plugins/state/CMakeFiles/state_plugin.dir/src/state/state/common/DirtyClient.cpp.o
[ 57%] Linking CXX shared library ../../../lib/arm/libstate_plugin.so
[ 57%] Built target state_plugin
Makefile:129: recipe for target 'all' failed
make: *** [all] Error 2
+ echo 0
+ popd
/
+ exit
+ [[ -f /home/indemind/.jenkins_slave/workspace/test-rubby-sdk-3566/no_code_change.log ]]
+ check_status_code
+ test -f /home/indemind/.jenkins_slave/workspace/test-rubby-sdk-3566/result.log
+ echo 'containge build is error'
containge build is error
+ exit 1
Build step 'Execute shell' marked build as failure
Email was triggered for: Failure - Any
Sending email for trigger: Failure - Any
Sending email to: qishanqing@indemind.cn lishaohui@indemind.cn
Finished: FAILURE
