Started by user [8mha:////4MzersSP/9cKUovrzPMuoS/kLqxVF8zd8yb1BUJ8RGIAAAAAmh+LCAAAAAAAAP9b85aBtbiIQTGjNKU4P08vOT+vOD8nVc83PyU1x6OyILUoJzMv2y+/JJUBAhiZGBgqihhk0NSjKDWzXb3RdlLBUSYGJk8GtpzUvPSSDB8G5tKinBIGIZ+sxLJE/ZzEvHT94JKizLx0a6BxUmjGOUNodHsLgAzuEgYB/dLi1CL9nMzSXKDZQJMAv/Rqu8UAAAA=[0mliumengyang
Rebuilds build #[8mha:////4KTbYLusEWhK0is5lSbKq3e1uxsEWw6E04arhlYhFQCOAAAAnx+LCAAAAAAAAP9b85aBtbiIQTGjNKU4P08vOT+vOD8nVc83PyU1x6OyILUoJzMv2y+/JJUBAhiZGBgqihhk0NSjKDWzXb3RdlLBUSYGJk8GtpzUvPSSDB8G5tKinBIGIZ+sxLJE/ZzEvHT94JKizLx0a6BxUmjGOUNodHsLQIwSBhH9rPwk/fTUoqJK3dTcpNSU1BR9EwCAy1TvyQAAAA==[0m4
Running as SYSTEM
Building remotely on [8mha:////4Mv+1wvIWl3OXIDGu6w3unSREX/fT0xpLFWon9eyySx4AAAAoR+LCAAAAAAAAP9b85aBtbiIQTGjNKU4P08vOT+vOD8nVc83PyU1x6OyILUoJzMv2y+/JJUBAhiZGBgqihhk0NSjKDWzXb3RdlLBUSYGJk8GtpzUvPSSDB8G5tKinBIGIZ+sxLJE/ZzEvHT94JKizLx0a6BxUmjGOUNodHsLgAzuEgZR/eT83ILSktQi/eyMxJTEYt3kxCJzAF4ra8rKAAAA[0mkhadas-car7 (car7) in workspace /root/workspace/workspace/gerry-embeded
[WS-CLEANUP] Clean-up disabled, skipping workspace deletion.
[gerry-embeded] $ /bin/sh -xe /tmp/jenkins4607965059361939099.sh
+ bash /root/myscript/build/build.sh
++ export MYSQL_PWD=123
++ MYSQL_PWD=123
++ export -f cmdb_mysql
+ . /root/myscript/build/../sh/version-update.sh
++ . /root/.bashrc
+++ '[' -z '' ']'
+++ return
+ set -ex
+ export -f public_project_update
+ export -f project_build
+ init_project_env
++ date +%Y%m%d
+ DT=20240627
+ UserName=jenkins
+ API_TOKEN=11b65309c9835de9579d9c9038853d9eb7
+ GIT_PRIVATE_TOKEN=emEDrsaJVjxKK5gSWrf-
+ GIT_HOST=192.168.50.191
++ awk -F/ '{print $1"%2F"$2}'
++ echo wukong/integration/embedded
+ CONVERT_TARGET_PROJECT=wukong%2Fintegration
++ python -c 'import sys, json; print(json.load(sys.stdin)["id"])'
/root/myscript/build/build.sh: line 15: python: command not found
++ curl -XGET -H 'Content-Type: application/json' --header 'PRIVATE-TOKEN: emEDrsaJVjxKK5gSWrf-' http://192.168.50.191:85/api/v4/projects/wukong%2Fintegration
  % Total    % Received % Xferd  Average Speed   Time    Time     Time  Current
                                 Dload  Upload   Total   Spent    Left  Speed
  0     0    0     0    0     0      0      0 --:--:-- --:--:-- --:--:--     0100    35  100    35    0     0    777      0 --:--:-- --:--:-- --:--:--   777
(23) Failed writing body
+ SUB_PROJECT_ID=
+ true
+ '[' -z ']'
+ SOURCE_DIR=/root/workspace/workspace/gerry-embeded/gerry
+ TARGET_DIR=/root/workspace/workspace/gerry-embeded/embedded
+ prepare_env
++ uname -m
+ system_platform=aarch64
+ :
++ sort
++ uniq
++ grep processor
++ cat /proc/cpuinfo
++ wc -l
+ mt=-j4
+ export COMMIT_ID_FILE=/root/workspace/workspace/gerry-embeded/_last_build_id
+ COMMIT_ID_FILE=/root/workspace/workspace/gerry-embeded/_last_build_id
+ export COMMIT_MSG_FILE=/root/workspace/workspace/gerry-embeded/_commit-msg
+ COMMIT_MSG_FILE=/root/workspace/workspace/gerry-embeded/_commit-msg
+ export COMMIT_MSG_FILE_TMP=/root/workspace/workspace/gerry-embeded/_commit-msg.tmp
+ COMMIT_MSG_FILE_TMP=/root/workspace/workspace/gerry-embeded/_commit-msg.tmp
+ rm -f /root/workspace/workspace/gerry-embeded/_last_build_id
+ rm -f /root/workspace/workspace/gerry-embeded/_commit-msg
+ rm -f /root/workspace/workspace/gerry-embeded/_commit-msg.tmp
+ rm -f /root/workspace/workspace/gerry-embeded/result.log
+ rm -f /root/workspace/workspace/gerry-embeded/no_code_change.log
+ sign_env
+ CONFIG_DIR_SET=/root/system
+ CONFIG_BRANCH=mind_os
+ CLONE_DEPTH=--depth=1
+ CONFIG_DIR=/root/system/i18rconfig
+ CONFIG_REMOTE='git clone ssh://git@192.168.50.191:222/AroundI18RProject/i18rconfig /root/system/i18rconfig -b mind_os --depth=1'
+ [[ aarch64 =~ x86_64 ]]
+ ENCRYPTION_TOOL=/root/system/i18rconfig/encrypt
+ CLONE_DEPTH=--depth=1
+ PUBLICBASETYPES_DIR=/root/system/I18RPublicBaseTypes
+ cmdb_mysql 'insert into prebuild(job_name,source_project,source_branch,target_project,target_branch,time,build_url,node_name,build_user) values ('\''gerry-embeded'\'','\''EmbeddedGroup/gerry/gerry'\'','\''master'\'','\''wukong/integration/embedded'\'','\''master'\'',now(),'\''http://192.168.50.191:8088/job/gerry-embeded/5/'\'','\''khadas-car7'\'','\''liumengang'\'')'
+ set +x
+ DOCKER_CONTAINER_I18=build-x64-18.04
+ DOCKER_CONTAINER_RUBBY=c405
+ DOCKER_CONTAINER_RUBBY_INSIDE=c3566
+ DOCKER_CONTAINER_JAVA=node
+ JENKINS_JOB_A=mind
+ JENKINS_JOB_B=rbn
+ JENKINS_JOB_C=mark-check-tools
+ JENKINS_JOB_D=java
+ JENKINS_JOB_E=clean_recorder
+ JENKINS_JOB_F=i18r
+ JENKINS_JOB_G=nodejs
+ JENKINS_JOB_H=_ui
+ JENKINS_JOB_L=i12r
+ [[ gerry-embeded =~ mind ]]
+ '[' false = false ']'
+ source_project_update
+ '[' -d /root/workspace/workspace/gerry-embeded/gerry ']'
+ pushd /root/workspace/workspace/gerry-embeded/gerry
~/workspace/workspace/gerry-embeded/gerry ~/workspace/workspace/gerry-embeded
+ git checkout ./
Updated 1 path from the index
+ git pull --rebase
From ssh://192.168.50.191:222/EmbeddedGroup/gerry/gerry
   753c87e..d906433  master     -> origin/master
Updating 753c87e..d906433
Fast-forward
 .../tof_module/third_lib/include/libuvc/libuvc.h   | 741 +++++++++++++++++++++
 .../third_lib/include/libuvc/libuvc_config.h       |  22 +
 2 files changed, 763 insertions(+)
 create mode 100644 sensor/core/tof_module/third_lib/include/libuvc/libuvc.h
 create mode 100644 sensor/core/tof_module/third_lib/include/libuvc/libuvc_config.h
Current branch master is up to date.
+ popd
~/workspace/workspace/gerry-embeded
+ target_project_update
+ rm -rf /root/workspace/workspace/gerry-embeded/embedded
+ target_project_fetch
+ git clone ssh://git@192.168.50.191:222/wukong/integration/embedded -b master --depth=1
Cloning into 'embedded'...
+ insert_db
+ pushd /root/workspace/workspace/gerry-embeded/gerry
~/workspace/workspace/gerry-embeded/gerry ~/workspace/workspace/gerry-embeded
++ cmdb_mysql 'SELECT first_commit_id FROM prebuild where source_project='\''EmbeddedGroup/gerry/gerry'\'' and source_branch='\''master'\'' and target_project='\''wukong/integration/embedded'\'' and target_branch='\''master'\'' and status='\''0'\'' and job_name='\''gerry-embeded'\'' order by id desc limit 1;'
++ set +x
+ version=
++ awk -F ' ' '{print $2}'
++ echo
+ version=
++ git log -1 --pretty=format:%h
+ first_commit_id_now=d906433
+ cmdb_mysql 'update prebuild set first_commit_id='\''d906433'\'' where build_url='\''http://192.168.50.191:8088/job/gerry-embeded/5/'\'';'
+ set +x
+ popd
~/workspace/workspace/gerry-embeded
+ [[ aarch64 =~ x86_64 ]]
+ [[ gerry-embeded =~ i18r ]]
+ project_build
+ pushd /root/workspace/workspace/gerry-embeded/gerry
~/workspace/workspace/gerry-embeded/gerry ~/workspace/workspace/gerry-embeded
+ project_init_remote
++ find -type f -name sync_submodules.sh
+ sf=
+ '[' -z ']'
+ git submodule update --init --recursive
Submodule path 'messages': checked out '315d85c65a973127ac556c18f6733b9c70931a67'
+ git submodule update --remote
Submodule path 'messages': checked out '49178dd4f1245a784a76dc667e0374d4ee2a9b91'
+ sed -i 's/make -j[0-9].*/make -j4/g' build.sh
+ '[' -z ']'
+ '[' xd906433 == x ']'
+ bash -ex build.sh
++ wc -l
++ grep processor
++ cat /proc/cpuinfo
+ NR=6
++ uname -m
+ PLATFORM=aarch64
+ echo 'now platform is aarch64 ...'
now platform is aarch64 ...
+ [[ 0 -gt 0 ]]
+ '[' aarch64 = x86_64 ']'
+ '[' aarch64 = aarch64 ']'
+ arm64_compile_arm64
+ '[' '!' -d build_arm64 ']'
+ cd build_arm64
+ cmake -DCOMPILE_FOR_SDK=OFF -DCROSS_COMPILE_ENABLE=OFF ..
LIBRARY_OUTPUT_PATH /root/workspace/workspace/gerry-embeded/gerry/install/lib/arm ..................
EXECUTABLE_OUTPUT_PATH /root/workspace/workspace/gerry-embeded/gerry/install/bin/arm .....................
-- BUILD_ROS_NODE=OFF
-- emb_common version is 1.0.2
-- imsee version is 1.0.2
-- KeyBoard version is 1.0.2
-- McuData version is 1.0.2
-- multimodule version is 1.0.2
-- sensorControl version is 1.0.2
-- tof_module version is 1.0.2
-- sensor_plugin version is 1.0.2
-- test_plugin version is 1.0.2
-- sensor_subscriber_plugin version is 1.0.2
-- Configuring done
-- Generating done
-- Build files have been written to: /root/workspace/workspace/gerry-embeded/gerry/build_arm64
+ make -j6
[ 21%] Built target emb_common
[ 26%] Built target monitor_node
[ 30%] Built target KeyBoard
[ 33%] Built target sensorControl
[ 36%] Built target sensor_subscriber_plugin
[ 40%] Built target test_plugin
[ 50%] Built target multi_main
[ 81%] Built target imsee
[ 84%] Built target multimodule
[ 93%] Built target McuData
[ 95%] Building CXX object sensor/core/tof_module/src/CMakeFiles/tof_module.dir/Tof.cpp.o
Scanning dependencies of target sensor_plugin
[ 96%] Building CXX object sensor/nodes/sensor_plugin/CMakeFiles/sensor_plugin.dir/SensorPlugin.cpp.o
In file included from /root/workspace/workspace/gerry-embeded/gerry/sensor/core/tof_module/src/../third_lib/include/csvio.h:7,
                 from /root/workspace/workspace/gerry-embeded/gerry/sensor/core/tof_module/src/Tof.cpp:9:
/root/workspace/workspace/gerry-embeded/gerry/sensor/core/tof_module/src/../third_lib/include/constants_c.h:12:32: error: â€˜CV_LOAD_IMAGE_UNCHANGEDâ€™ conflicts with a previous declaration
   12 |     CV_LOAD_IMAGE_UNCHANGED  =-1,
      |                                ^
In file included from /usr/local/include/opencv2/highgui/highgui_c.h:48,
                 from /usr/local/include/opencv2/highgui.hpp:842,
                 from /usr/local/include/opencv2/opencv.hpp:68,
                 from /root/workspace/workspace/gerry-embeded/gerry/sensor/core/tof_module/src/../third_lib/include/csvio.h:5,
                 from /root/workspace/workspace/gerry-embeded/gerry/sensor/core/tof_module/src/Tof.cpp:9:
/usr/local/include/opencv2/imgcodecs/imgcodecs_c.h:58:5: note: previous declaration â€˜<unnamed enum> CV_LOAD_IMAGE_UNCHANGEDâ€™
   58 |     CV_LOAD_IMAGE_UNCHANGED  =-1,
      |     ^~~~~~~~~~~~~~~~~~~~~~~
In file included from /root/workspace/workspace/gerry-embeded/gerry/sensor/core/tof_module/src/../third_lib/include/csvio.h:7,
                 from /root/workspace/workspace/gerry-embeded/gerry/sensor/core/tof_module/src/Tof.cpp:9:
/root/workspace/workspace/gerry-embeded/gerry/sensor/core/tof_module/src/../third_lib/include/constants_c.h:14:31: error: â€˜CV_LOAD_IMAGE_GRAYSCALEâ€™ conflicts with a previous declaration
   14 |     CV_LOAD_IMAGE_GRAYSCALE  =0,
      |                               ^
In file included from /usr/local/include/opencv2/highgui/highgui_c.h:48,
                 from /usr/local/include/opencv2/highgui.hpp:842,
                 from /usr/local/include/opencv2/opencv.hpp:68,
                 from /root/workspace/workspace/gerry-embeded/gerry/sensor/core/tof_module/src/../third_lib/include/csvio.h:5,
                 from /root/workspace/workspace/gerry-embeded/gerry/sensor/core/tof_module/src/Tof.cpp:9:
/usr/local/include/opencv2/imgcodecs/imgcodecs_c.h:60:5: note: previous declaration â€˜<unnamed enum> CV_LOAD_IMAGE_GRAYSCALEâ€™
   60 |     CV_LOAD_IMAGE_GRAYSCALE  =0,
      |     ^~~~~~~~~~~~~~~~~~~~~~~
In file included from /root/workspace/workspace/gerry-embeded/gerry/sensor/core/tof_module/src/../third_lib/include/csvio.h:7,
                 from /root/workspace/workspace/gerry-embeded/gerry/sensor/core/tof_module/src/Tof.cpp:9:
/root/workspace/workspace/gerry-embeded/gerry/sensor/core/tof_module/src/../third_lib/include/constants_c.h:16:31: error: â€˜CV_LOAD_IMAGE_COLORâ€™ conflicts with a previous declaration
   16 |     CV_LOAD_IMAGE_COLOR      =1,
      |                               ^
In file included from /usr/local/include/opencv2/highgui/highgui_c.h:48,
                 from /usr/local/include/opencv2/highgui.hpp:842,
                 from /usr/local/include/opencv2/opencv.hpp:68,
                 from /root/workspace/workspace/gerry-embeded/gerry/sensor/core/tof_module/src/../third_lib/include/csvio.h:5,
                 from /root/workspace/workspace/gerry-embeded/gerry/sensor/core/tof_module/src/Tof.cpp:9:
/usr/local/include/opencv2/imgcodecs/imgcodecs_c.h:62:5: note: previous declaration â€˜<unnamed enum> CV_LOAD_IMAGE_COLORâ€™
   62 |     CV_LOAD_IMAGE_COLOR      =1,
      |     ^~~~~~~~~~~~~~~~~~~
In file included from /root/workspace/workspace/gerry-embeded/gerry/sensor/core/tof_module/src/../third_lib/include/csvio.h:7,
                 from /root/workspace/workspace/gerry-embeded/gerry/sensor/core/tof_module/src/Tof.cpp:9:
/root/workspace/workspace/gerry-embeded/gerry/sensor/core/tof_module/src/../third_lib/include/constants_c.h:18:31: error: â€˜CV_LOAD_IMAGE_ANYDEPTHâ€™ conflicts with a previous declaration
   18 |     CV_LOAD_IMAGE_ANYDEPTH   =2,
      |                               ^
In file included from /usr/local/include/opencv2/highgui/highgui_c.h:48,
                 from /usr/local/include/opencv2/highgui.hpp:842,
                 from /usr/local/include/opencv2/opencv.hpp:68,
                 from /root/workspace/workspace/gerry-embeded/gerry/sensor/core/tof_module/src/../third_lib/include/csvio.h:5,
                 from /root/workspace/workspace/gerry-embeded/gerry/sensor/core/tof_module/src/Tof.cpp:9:
/usr/local/include/opencv2/imgcodecs/imgcodecs_c.h:64:5: note: previous declaration â€˜<unnamed enum> CV_LOAD_IMAGE_ANYDEPTHâ€™
   64 |     CV_LOAD_IMAGE_ANYDEPTH   =2,
      |     ^~~~~~~~~~~~~~~~~~~~~~
In file included from /root/workspace/workspace/gerry-embeded/gerry/sensor/core/tof_module/src/../third_lib/include/csvio.h:7,
                 from /root/workspace/workspace/gerry-embeded/gerry/sensor/core/tof_module/src/Tof.cpp:9:
/root/workspace/workspace/gerry-embeded/gerry/sensor/core/tof_module/src/../third_lib/include/constants_c.h:20:31: error: â€˜CV_LOAD_IMAGE_ANYCOLORâ€™ conflicts with a previous declaration
   20 |     CV_LOAD_IMAGE_ANYCOLOR   =4,
      |                               ^
In file included from /usr/local/include/opencv2/highgui/highgui_c.h:48,
                 from /usr/local/include/opencv2/highgui.hpp:842,
                 from /usr/local/include/opencv2/opencv.hpp:68,
                 from /root/workspace/workspace/gerry-embeded/gerry/sensor/core/tof_module/src/../third_lib/include/csvio.h:5,
                 from /root/workspace/workspace/gerry-embeded/gerry/sensor/core/tof_module/src/Tof.cpp:9:
/usr/local/include/opencv2/imgcodecs/imgcodecs_c.h:66:5: note: previous declaration â€˜<unnamed enum> CV_LOAD_IMAGE_ANYCOLORâ€™
   66 |     CV_LOAD_IMAGE_ANYCOLOR   =4,
      |     ^~~~~~~~~~~~~~~~~~~~~~
In file included from /root/workspace/workspace/gerry-embeded/gerry/sensor/core/tof_module/src/../third_lib/include/csvio.h:7,
                 from /root/workspace/workspace/gerry-embeded/gerry/sensor/core/tof_module/src/Tof.cpp:9:
/root/workspace/workspace/gerry-embeded/gerry/sensor/core/tof_module/src/../third_lib/include/constants_c.h:22:40: error: â€˜CV_LOAD_IMAGE_IGNORE_ORIENTATIONâ€™ conflicts with a previous declaration
   22 |     CV_LOAD_IMAGE_IGNORE_ORIENTATION  =128
      |                                        ^~~
In file included from /usr/local/include/opencv2/highgui/highgui_c.h:48,
                 from /usr/local/include/opencv2/highgui.hpp:842,
                 from /usr/local/include/opencv2/opencv.hpp:68,
                 from /root/workspace/workspace/gerry-embeded/gerry/sensor/core/tof_module/src/../third_lib/include/csvio.h:5,
                 from /root/workspace/workspace/gerry-embeded/gerry/sensor/core/tof_module/src/Tof.cpp:9:
/usr/local/include/opencv2/imgcodecs/imgcodecs_c.h:68:5: note: previous declaration â€˜<unnamed enum> CV_LOAD_IMAGE_IGNORE_ORIENTATIONâ€™
   68 |     CV_LOAD_IMAGE_IGNORE_ORIENTATION  =128
      |     ^~~~~~~~~~~~~~~~~~~~~~~~~~~~~~~~
In file included from /root/workspace/workspace/gerry-embeded/gerry/sensor/core/tof_module/src/../third_lib/include/csvio.h:7,
                 from /root/workspace/workspace/gerry-embeded/gerry/sensor/core/tof_module/src/Tof.cpp:9:
/root/workspace/workspace/gerry-embeded/gerry/sensor/core/tof_module/src/../third_lib/include/constants_c.h:28:30: error: â€˜CV_IMWRITE_JPEG_QUALITYâ€™ conflicts with a previous declaration
   28 |     CV_IMWRITE_JPEG_QUALITY =1,
      |                              ^
In file included from /usr/local/include/opencv2/highgui/highgui_c.h:48,
                 from /usr/local/include/opencv2/highgui.hpp:842,
                 from /usr/local/include/opencv2/opencv.hpp:68,
                 from /root/workspace/workspace/gerry-embeded/gerry/sensor/core/tof_module/src/../third_lib/include/csvio.h:5,
                 from /root/workspace/workspace/gerry-embeded/gerry/sensor/core/tof_module/src/Tof.cpp:9:
/usr/local/include/opencv2/imgcodecs/imgcodecs_c.h:82:5: note: previous declaration â€˜<unnamed enum> CV_IMWRITE_JPEG_QUALITYâ€™
   82 |     CV_IMWRITE_JPEG_QUALITY =1,
      |     ^~~~~~~~~~~~~~~~~~~~~~~
In file included from /root/workspace/workspace/gerry-embeded/gerry/sensor/core/tof_module/src/../third_lib/include/csvio.h:7,
                 from /root/workspace/workspace/gerry-embeded/gerry/sensor/core/tof_module/src/Tof.cpp:9:
/root/workspace/workspace/gerry-embeded/gerry/sensor/core/tof_module/src/../third_lib/include/constants_c.h:29:34: error: â€˜CV_IMWRITE_JPEG_PROGRESSIVEâ€™ conflicts with a previous declaration
   29 |     CV_IMWRITE_JPEG_PROGRESSIVE =2,
      |                                  ^
In file included from /usr/local/include/opencv2/highgui/highgui_c.h:48,
                 from /usr/local/include/opencv2/highgui.hpp:842,
                 from /usr/local/include/opencv2/opencv.hpp:68,
                 from /root/workspace/workspace/gerry-embeded/gerry/sensor/core/tof_module/src/../third_lib/include/csvio.h:5,
                 from /root/workspace/workspace/gerry-embeded/gerry/sensor/core/tof_module/src/Tof.cpp:9:
/usr/local/include/opencv2/imgcodecs/imgcodecs_c.h:83:5: note: previous declaration â€˜<unnamed enum> CV_IMWRITE_JPEG_PROGRESSIVEâ€™
   83 |     CV_IMWRITE_JPEG_PROGRESSIVE =2,
      |     ^~~~~~~~~~~~~~~~~~~~~~~~~~~
In file included from /root/workspace/workspace/gerry-embeded/gerry/sensor/core/tof_module/src/../third_lib/include/csvio.h:7,
                 from /root/workspace/workspace/gerry-embeded/gerry/sensor/core/tof_module/src/Tof.cpp:9:
/root/workspace/workspace/gerry-embeded/gerry/sensor/core/tof_module/src/../third_lib/include/constants_c.h:30:31: error: â€˜CV_IMWRITE_JPEG_OPTIMIZEâ€™ conflicts with a previous declaration
   30 |     CV_IMWRITE_JPEG_OPTIMIZE =3,
      |                               ^
In file included from /usr/local/include/opencv2/highgui/highgui_c.h:48,
                 from /usr/local/include/opencv2/highgui.hpp:842,
                 from /usr/local/include/opencv2/opencv.hpp:68,
                 from /root/workspace/workspace/gerry-embeded/gerry/sensor/core/tof_module/src/../third_lib/include/csvio.h:5,
                 from /root/workspace/workspace/gerry-embeded/gerry/sensor/core/tof_module/src/Tof.cpp:9:
/usr/local/include/opencv2/imgcodecs/imgcodecs_c.h:84:5: note: previous declaration â€˜<unnamed enum> CV_IMWRITE_JPEG_OPTIMIZEâ€™
   84 |     CV_IMWRITE_JPEG_OPTIMIZE =3,
      |     ^~~~~~~~~~~~~~~~~~~~~~~~
In file included from /root/workspace/workspace/gerry-embeded/gerry/sensor/core/tof_module/src/../third_lib/include/csvio.h:7,
                 from /root/workspace/workspace/gerry-embeded/gerry/sensor/core/tof_module/src/Tof.cpp:9:
/root/workspace/workspace/gerry-embeded/gerry/sensor/core/tof_module/src/../third_lib/include/constants_c.h:31:35: error: â€˜CV_IMWRITE_JPEG_RST_INTERVALâ€™ conflicts with a previous declaration
   31 |     CV_IMWRITE_JPEG_RST_INTERVAL =4,
      |                                   ^
In file included from /usr/local/include/opencv2/highgui/highgui_c.h:48,
                 from /usr/local/include/opencv2/highgui.hpp:842,
                 from /usr/local/include/opencv2/opencv.hpp:68,
                 from /root/workspace/workspace/gerry-embeded/gerry/sensor/core/tof_module/src/../third_lib/include/csvio.h:5,
                 from /root/workspace/workspace/gerry-embeded/gerry/sensor/core/tof_module/src/Tof.cpp:9:
/usr/local/include/opencv2/imgcodecs/imgcodecs_c.h:85:5: note: previous declaration â€˜<unnamed enum> CV_IMWRITE_JPEG_RST_INTERVALâ€™
   85 |     CV_IMWRITE_JPEG_RST_INTERVAL =4,
      |     ^~~~~~~~~~~~~~~~~~~~~~~~~~~~
In file included from /root/workspace/workspace/gerry-embeded/gerry/sensor/core/tof_module/src/../third_lib/include/csvio.h:7,
                 from /root/workspace/workspace/gerry-embeded/gerry/sensor/core/tof_module/src/Tof.cpp:9:
/root/workspace/workspace/gerry-embeded/gerry/sensor/core/tof_module/src/../third_lib/include/constants_c.h:32:35: error: â€˜CV_IMWRITE_JPEG_LUMA_QUALITYâ€™ conflicts with a previous declaration
   32 |     CV_IMWRITE_JPEG_LUMA_QUALITY =5,
      |                                   ^
In file included from /usr/local/include/opencv2/highgui/highgui_c.h:48,
                 from /usr/local/include/opencv2/highgui.hpp:842,
                 from /usr/local/include/opencv2/opencv.hpp:68,
                 from /root/workspace/workspace/gerry-embeded/gerry/sensor/core/tof_module/src/../third_lib/include/csvio.h:5,
                 from /root/workspace/workspace/gerry-embeded/gerry/sensor/core/tof_module/src/Tof.cpp:9:
/usr/local/include/opencv2/imgcodecs/imgcodecs_c.h:86:5: note: previous declaration â€˜<unnamed enum> CV_IMWRITE_JPEG_LUMA_QUALITYâ€™
   86 |     CV_IMWRITE_JPEG_LUMA_QUALITY =5,
      |     ^~~~~~~~~~~~~~~~~~~~~~~~~~~~
In file included from /root/workspace/workspace/gerry-embeded/gerry/sensor/core/tof_module/src/../third_lib/include/csvio.h:7,
                 from /root/workspace/workspace/gerry-embeded/gerry/sensor/core/tof_module/src/Tof.cpp:9:
/root/workspace/workspace/gerry-embeded/gerry/sensor/core/tof_module/src/../third_lib/include/constants_c.h:33:37: error: â€˜CV_IMWRITE_JPEG_CHROMA_QUALITYâ€™ conflicts with a previous declaration
   33 |     CV_IMWRITE_JPEG_CHROMA_QUALITY =6,
      |                                     ^
In file included from /usr/local/include/opencv2/highgui/highgui_c.h:48,
                 from /usr/local/include/opencv2/highgui.hpp:842,
                 from /usr/local/include/opencv2/opencv.hpp:68,
                 from /root/workspace/workspace/gerry-embeded/gerry/sensor/core/tof_module/src/../third_lib/include/csvio.h:5,
                 from /root/workspace/workspace/gerry-embeded/gerry/sensor/core/tof_module/src/Tof.cpp:9:
/usr/local/include/opencv2/imgcodecs/imgcodecs_c.h:87:5: note: previous declaration â€˜<unnamed enum> CV_IMWRITE_JPEG_CHROMA_QUALITYâ€™
   87 |     CV_IMWRITE_JPEG_CHROMA_QUALITY =6,
      |     ^~~~~~~~~~~~~~~~~~~~~~~~~~~~~~
In file included from /root/workspace/workspace/gerry-embeded/gerry/sensor/core/tof_module/src/../third_lib/include/csvio.h:7,
                 from /root/workspace/workspace/gerry-embeded/gerry/sensor/core/tof_module/src/Tof.cpp:9:
/root/workspace/workspace/gerry-embeded/gerry/sensor/core/tof_module/src/../third_lib/include/constants_c.h:34:33: error: â€˜CV_IMWRITE_PNG_COMPRESSIONâ€™ conflicts with a previous declaration
   34 |     CV_IMWRITE_PNG_COMPRESSION =16,
      |                                 ^~
In file included from /usr/local/include/opencv2/highgui/highgui_c.h:48,
                 from /usr/local/include/opencv2/highgui.hpp:842,
                 from /usr/local/include/opencv2/opencv.hpp:68,
                 from /root/workspace/workspace/gerry-embeded/gerry/sensor/core/tof_module/src/../third_lib/include/csvio.h:5,
                 from /root/workspace/workspace/gerry-embeded/gerry/sensor/core/tof_module/src/Tof.cpp:9:
/usr/local/include/opencv2/imgcodecs/imgcodecs_c.h:88:5: note: previous declaration â€˜<unnamed enum> CV_IMWRITE_PNG_COMPRESSIONâ€™
   88 |     CV_IMWRITE_PNG_COMPRESSION =16,
      |     ^~~~~~~~~~~~~~~~~~~~~~~~~~
In file included from /root/workspace/workspace/gerry-embeded/gerry/sensor/core/tof_module/src/../third_lib/include/csvio.h:7,
                 from /root/workspace/workspace/gerry-embeded/gerry/sensor/core/tof_module/src/Tof.cpp:9:
/root/workspace/workspace/gerry-embeded/gerry/sensor/core/tof_module/src/../third_lib/include/constants_c.h:35:30: error: â€˜CV_IMWRITE_PNG_STRATEGYâ€™ conflicts with a previous declaration
   35 |     CV_IMWRITE_PNG_STRATEGY =17,
      |                              ^~
In file included from /usr/local/include/opencv2/highgui/highgui_c.h:48,
                 from /usr/local/include/opencv2/highgui.hpp:842,
                 from /usr/local/include/opencv2/opencv.hpp:68,
                 from /root/workspace/workspace/gerry-embeded/gerry/sensor/core/tof_module/src/../third_lib/include/csvio.h:5,
                 from /root/workspace/workspace/gerry-embeded/gerry/sensor/core/tof_module/src/Tof.cpp:9:
/usr/local/include/opencv2/imgcodecs/imgcodecs_c.h:89:5: note: previous declaration â€˜<unnamed enum> CV_IMWRITE_PNG_STRATEGYâ€™
   89 |     CV_IMWRITE_PNG_STRATEGY =17,
      |     ^~~~~~~~~~~~~~~~~~~~~~~
In file included from /root/workspace/workspace/gerry-embeded/gerry/sensor/core/tof_module/src/../third_lib/include/csvio.h:7,
                 from /root/workspace/workspace/gerry-embeded/gerry/sensor/core/tof_module/src/Tof.cpp:9:
/root/workspace/workspace/gerry-embeded/gerry/sensor/core/tof_module/src/../third_lib/include/constants_c.h:36:29: error: â€˜CV_IMWRITE_PNG_BILEVELâ€™ conflicts with a previous declaration
   36 |     CV_IMWRITE_PNG_BILEVEL =18,
      |                             ^~
In file included from /usr/local/include/opencv2/highgui/highgui_c.h:48,
                 from /usr/local/include/opencv2/highgui.hpp:842,
                 from /usr/local/include/opencv2/opencv.hpp:68,
                 from /root/workspace/workspace/gerry-embeded/gerry/sensor/core/tof_module/src/../third_lib/include/csvio.h:5,
                 from /root/workspace/workspace/gerry-embeded/gerry/sensor/core/tof_module/src/Tof.cpp:9:
/usr/local/include/opencv2/imgcodecs/imgcodecs_c.h:90:5: note: previous declaration â€˜<unnamed enum> CV_IMWRITE_PNG_BILEVELâ€™
   90 |     CV_IMWRITE_PNG_BILEVEL =18,
      |     ^~~~~~~~~~~~~~~~~~~~~~
In file included from /root/workspace/workspace/gerry-embeded/gerry/sensor/core/tof_module/src/../third_lib/include/csvio.h:7,
                 from /root/workspace/workspace/gerry-embeded/gerry/sensor/core/tof_module/src/Tof.cpp:9:
/root/workspace/workspace/gerry-embeded/gerry/sensor/core/tof_module/src/../third_lib/include/constants_c.h:37:38: error: â€˜CV_IMWRITE_PNG_STRATEGY_DEFAULTâ€™ conflicts with a previous declaration
   37 |     CV_IMWRITE_PNG_STRATEGY_DEFAULT =0,
      |                                      ^
In file included from /usr/local/include/opencv2/highgui/highgui_c.h:48,
                 from /usr/local/include/opencv2/highgui.hpp:842,
                 from /usr/local/include/opencv2/opencv.hpp:68,
                 from /root/workspace/workspace/gerry-embeded/gerry/sensor/core/tof_module/src/../third_lib/include/csvio.h:5,
                 from /root/workspace/workspace/gerry-embeded/gerry/sensor/core/tof_module/src/Tof.cpp:9:
/usr/local/include/opencv2/imgcodecs/imgcodecs_c.h:91:5: note: previous declaration â€˜<unnamed enum> CV_IMWRITE_PNG_STRATEGY_DEFAULTâ€™
   91 |     CV_IMWRITE_PNG_STRATEGY_DEFAULT =0,
      |     ^~~~~~~~~~~~~~~~~~~~~~~~~~~~~~~
In file included from /root/workspace/workspace/gerry-embeded/gerry/sensor/core/tof_module/src/../third_lib/include/csvio.h:7,
                 from /root/workspace/workspace/gerry-embeded/gerry/sensor/core/tof_module/src/Tof.cpp:9:
/root/workspace/workspace/gerry-embeded/gerry/sensor/core/tof_module/src/../third_lib/include/constants_c.h:38:39: error: â€˜CV_IMWRITE_PNG_STRATEGY_FILTEREDâ€™ conflicts with a previous declaration
   38 |     CV_IMWRITE_PNG_STRATEGY_FILTERED =1,
      |                                       ^
In file included from /usr/local/include/opencv2/highgui/highgui_c.h:48,
                 from /usr/local/include/opencv2/highgui.hpp:842,
                 from /usr/local/include/opencv2/opencv.hpp:68,
                 from /root/workspace/workspace/gerry-embeded/gerry/sensor/core/tof_module/src/../third_lib/include/csvio.h:5,
                 from /root/workspace/workspace/gerry-embeded/gerry/sensor/core/tof_module/src/Tof.cpp:9:
/usr/local/include/opencv2/imgcodecs/imgcodecs_c.h:92:5: note: previous declaration â€˜<unnamed enum> CV_IMWRITE_PNG_STRATEGY_FILTEREDâ€™
   92 |     CV_IMWRITE_PNG_STRATEGY_FILTERED =1,
      |     ^~~~~~~~~~~~~~~~~~~~~~~~~~~~~~~~
In file included from /root/workspace/workspace/gerry-embeded/gerry/sensor/core/tof_module/src/../third_lib/include/csvio.h:7,
                 from /root/workspace/workspace/gerry-embeded/gerry/sensor/core/tof_module/src/Tof.cpp:9:
/root/workspace/workspace/gerry-embeded/gerry/sensor/core/tof_module/src/../third_lib/include/constants_c.h:39:43: error: â€˜CV_IMWRITE_PNG_STRATEGY_HUFFMAN_ONLYâ€™ conflicts with a previous declaration
   39 |     CV_IMWRITE_PNG_STRATEGY_HUFFMAN_ONLY =2,
      |                                           ^
In file included from /usr/local/include/opencv2/highgui/highgui_c.h:48,
                 from /usr/local/include/opencv2/highgui.hpp:842,
                 from /usr/local/include/opencv2/opencv.hpp:68,
                 from /root/workspace/workspace/gerry-embeded/gerry/sensor/core/tof_module/src/../third_lib/include/csvio.h:5,
                 from /root/workspace/workspace/gerry-embeded/gerry/sensor/core/tof_module/src/Tof.cpp:9:
/usr/local/include/opencv2/imgcodecs/imgcodecs_c.h:93:5: note: previous declaration â€˜<unnamed enum> CV_IMWRITE_PNG_STRATEGY_HUFFMAN_ONLYâ€™
   93 |     CV_IMWRITE_PNG_STRATEGY_HUFFMAN_ONLY =2,
      |     ^~~~~~~~~~~~~~~~~~~~~~~~~~~~~~~~~~~~
In file included from /root/workspace/workspace/gerry-embeded/gerry/sensor/core/tof_module/src/../third_lib/include/csvio.h:7,
                 from /root/workspace/workspace/gerry-embeded/gerry/sensor/core/tof_module/src/Tof.cpp:9:
/root/workspace/workspace/gerry-embeded/gerry/sensor/core/tof_module/src/../third_lib/include/constants_c.h:40:34: error: â€˜CV_IMWRITE_PNG_STRATEGY_RLEâ€™ conflicts with a previous declaration
   40 |     CV_IMWRITE_PNG_STRATEGY_RLE =3,
      |                                  ^
In file included from /usr/local/include/opencv2/highgui/highgui_c.h:48,
                 from /usr/local/include/opencv2/highgui.hpp:842,
                 from /usr/local/include/opencv2/opencv.hpp:68,
                 from /root/workspace/workspace/gerry-embeded/gerry/sensor/core/tof_module/src/../third_lib/include/csvio.h:5,
                 from /root/workspace/workspace/gerry-embeded/gerry/sensor/core/tof_module/src/Tof.cpp:9:
/usr/local/include/opencv2/imgcodecs/imgcodecs_c.h:94:5: note: previous declaration â€˜<unnamed enum> CV_IMWRITE_PNG_STRATEGY_RLEâ€™
   94 |     CV_IMWRITE_PNG_STRATEGY_RLE =3,
      |     ^~~~~~~~~~~~~~~~~~~~~~~~~~~
In file included from /root/workspace/workspace/gerry-embeded/gerry/sensor/core/tof_module/src/../third_lib/include/csvio.h:7,
                 from /root/workspace/workspace/gerry-embeded/gerry/sensor/core/tof_module/src/Tof.cpp:9:
/root/workspace/workspace/gerry-embeded/gerry/sensor/core/tof_module/src/../third_lib/include/constants_c.h:41:36: error: â€˜CV_IMWRITE_PNG_STRATEGY_FIXEDâ€™ conflicts with a previous declaration
   41 |     CV_IMWRITE_PNG_STRATEGY_FIXED =4,
      |                                    ^
In file included from /usr/local/include/opencv2/highgui/highgui_c.h:48,
                 from /usr/local/include/opencv2/highgui.hpp:842,
                 from /usr/local/include/opencv2/opencv.hpp:68,
                 from /root/workspace/workspace/gerry-embeded/gerry/sensor/core/tof_module/src/../third_lib/include/csvio.h:5,
                 from /root/workspace/workspace/gerry-embeded/gerry/sensor/core/tof_module/src/Tof.cpp:9:
/usr/local/include/opencv2/imgcodecs/imgcodecs_c.h:95:5: note: previous declaration â€˜<unnamed enum> CV_IMWRITE_PNG_STRATEGY_FIXEDâ€™
   95 |     CV_IMWRITE_PNG_STRATEGY_FIXED =4,
      |     ^~~~~~~~~~~~~~~~~~~~~~~~~~~~~
In file included from /root/workspace/workspace/gerry-embeded/gerry/sensor/core/tof_module/src/../third_lib/include/csvio.h:7,
                 from /root/workspace/workspace/gerry-embeded/gerry/sensor/core/tof_module/src/Tof.cpp:9:
/root/workspace/workspace/gerry-embeded/gerry/sensor/core/tof_module/src/../third_lib/include/constants_c.h:42:28: error: â€˜CV_IMWRITE_PXM_BINARYâ€™ conflicts with a previous declaration
   42 |     CV_IMWRITE_PXM_BINARY =32,
      |                            ^~
In file included from /usr/local/include/opencv2/highgui/highgui_c.h:48,
                 from /usr/local/include/opencv2/highgui.hpp:842,
                 from /usr/local/include/opencv2/opencv.hpp:68,
                 from /root/workspace/workspace/gerry-embeded/gerry/sensor/core/tof_module/src/../third_lib/include/csvio.h:5,
                 from /root/workspace/workspace/gerry-embeded/gerry/sensor/core/tof_module/src/Tof.cpp:9:
/usr/local/include/opencv2/imgcodecs/imgcodecs_c.h:96:5: note: previous declaration â€˜<unnamed enum> CV_IMWRITE_PXM_BINARYâ€™
   96 |     CV_IMWRITE_PXM_BINARY =32,
      |     ^~~~~~~~~~~~~~~~~~~~~
In file included from /root/workspace/workspace/gerry-embeded/gerry/sensor/core/tof_module/src/../third_lib/include/csvio.h:7,
                 from /root/workspace/workspace/gerry-embeded/gerry/sensor/core/tof_module/src/Tof.cpp:9:
/root/workspace/workspace/gerry-embeded/gerry/sensor/core/tof_module/src/../third_lib/include/constants_c.h:43:27: error: â€˜CV_IMWRITE_EXR_TYPEâ€™ conflicts with a previous declaration
   43 |     CV_IMWRITE_EXR_TYPE = 48,
      |                           ^~
In file included from /usr/local/include/opencv2/highgui/highgui_c.h:48,
                 from /usr/local/include/opencv2/highgui.hpp:842,
                 from /usr/local/include/opencv2/opencv.hpp:68,
                 from /root/workspace/workspace/gerry-embeded/gerry/sensor/core/tof_module/src/../third_lib/include/csvio.h:5,
                 from /root/workspace/workspace/gerry-embeded/gerry/sensor/core/tof_module/src/Tof.cpp:9:
/usr/local/include/opencv2/imgcodecs/imgcodecs_c.h:97:5: note: previous declaration â€˜<unnamed enum> CV_IMWRITE_EXR_TYPEâ€™
   97 |     CV_IMWRITE_EXR_TYPE = 48,
      |     ^~~~~~~~~~~~~~~~~~~
In file included from /root/workspace/workspace/gerry-embeded/gerry/sensor/core/tof_module/src/../third_lib/include/csvio.h:7,
                 from /root/workspace/workspace/gerry-embeded/gerry/sensor/core/tof_module/src/Tof.cpp:9:
/root/workspace/workspace/gerry-embeded/gerry/sensor/core/tof_module/src/../third_lib/include/constants_c.h:44:30: error: â€˜CV_IMWRITE_WEBP_QUALITYâ€™ conflicts with a previous declaration
   44 |     CV_IMWRITE_WEBP_QUALITY =64,
      |                              ^~
In file included from /usr/local/include/opencv2/highgui/highgui_c.h:48,
                 from /usr/local/include/opencv2/highgui.hpp:842,
                 from /usr/local/include/opencv2/opencv.hpp:68,
                 from /root/workspace/workspace/gerry-embeded/gerry/sensor/core/tof_module/src/../third_lib/include/csvio.h:5,
                 from /root/workspace/workspace/gerry-embeded/gerry/sensor/core/tof_module/src/Tof.cpp:9:
/usr/local/include/opencv2/imgcodecs/imgcodecs_c.h:98:5: note: previous declaration â€˜<unnamed enum> CV_IMWRITE_WEBP_QUALITYâ€™
   98 |     CV_IMWRITE_WEBP_QUALITY =64,
      |     ^~~~~~~~~~~~~~~~~~~~~~~
In file included from /root/workspace/workspace/gerry-embeded/gerry/sensor/core/tof_module/src/../third_lib/include/csvio.h:7,
                 from /root/workspace/workspace/gerry-embeded/gerry/sensor/core/tof_module/src/Tof.cpp:9:
/root/workspace/workspace/gerry-embeded/gerry/sensor/core/tof_module/src/../third_lib/include/constants_c.h:45:32: error: â€˜CV_IMWRITE_PAM_TUPLETYPEâ€™ conflicts with a previous declaration
   45 |     CV_IMWRITE_PAM_TUPLETYPE = 128,
      |                                ^~~
In file included from /usr/local/include/opencv2/highgui/highgui_c.h:48,
                 from /usr/local/include/opencv2/highgui.hpp:842,
                 from /usr/local/include/opencv2/opencv.hpp:68,
                 from /root/workspace/workspace/gerry-embeded/gerry/sensor/core/tof_module/src/../third_lib/include/csvio.h:5,
                 from /root/workspace/workspace/gerry-embeded/gerry/sensor/core/tof_module/src/Tof.cpp:9:
/usr/local/include/opencv2/imgcodecs/imgcodecs_c.h:99:5: note: previous declaration â€˜<unnamed enum> CV_IMWRITE_PAM_TUPLETYPEâ€™
   99 |     CV_IMWRITE_PAM_TUPLETYPE = 128,
      |     ^~~~~~~~~~~~~~~~~~~~~~~~
In file included from /root/workspace/workspace/gerry-embeded/gerry/sensor/core/tof_module/src/../third_lib/include/csvio.h:7,
                 from /root/workspace/workspace/gerry-embeded/gerry/sensor/core/tof_module/src/Tof.cpp:9:
/root/workspace/workspace/gerry-embeded/gerry/sensor/core/tof_module/src/../third_lib/include/constants_c.h:46:34: error: â€˜CV_IMWRITE_PAM_FORMAT_NULLâ€™ conflicts with a previous declaration
   46 |     CV_IMWRITE_PAM_FORMAT_NULL = 0,
      |                                  ^
In file included from /usr/local/include/opencv2/highgui/highgui_c.h:48,
                 from /usr/local/include/opencv2/highgui.hpp:842,
                 from /usr/local/include/opencv2/opencv.hpp:68,
                 from /root/workspace/workspace/gerry-embeded/gerry/sensor/core/tof_module/src/../third_lib/include/csvio.h:5,
                 from /root/workspace/workspace/gerry-embeded/gerry/sensor/core/tof_module/src/Tof.cpp:9:
/usr/local/include/opencv2/imgcodecs/imgcodecs_c.h:100:5: note: previous declaration â€˜<unnamed enum> CV_IMWRITE_PAM_FORMAT_NULLâ€™
  100 |     CV_IMWRITE_PAM_FORMAT_NULL = 0,
      |     ^~~~~~~~~~~~~~~~~~~~~~~~~~
In file included from /root/workspace/workspace/gerry-embeded/gerry/sensor/core/tof_module/src/../third_lib/include/csvio.h:7,
                 from /root/workspace/workspace/gerry-embeded/gerry/sensor/core/tof_module/src/Tof.cpp:9:
/root/workspace/workspace/gerry-embeded/gerry/sensor/core/tof_module/src/../third_lib/include/constants_c.h:47:43: error: â€˜CV_IMWRITE_PAM_FORMAT_BLACKANDWHITEâ€™ conflicts with a previous declaration
   47 |     CV_IMWRITE_PAM_FORMAT_BLACKANDWHITE = 1,
      |                                           ^
In file included from /usr/local/include/opencv2/highgui/highgui_c.h:48,
                 from /usr/local/include/opencv2/highgui.hpp:842,
                 from /usr/local/include/opencv2/opencv.hpp:68,
                 from /root/workspace/workspace/gerry-embeded/gerry/sensor/core/tof_module/src/../third_lib/include/csvio.h:5,
                 from /root/workspace/workspace/gerry-embeded/gerry/sensor/core/tof_module/src/Tof.cpp:9:
/usr/local/include/opencv2/imgcodecs/imgcodecs_c.h:101:5: note: previous declaration â€˜<unnamed enum> CV_IMWRITE_PAM_FORMAT_BLACKANDWHITEâ€™
  101 |     CV_IMWRITE_PAM_FORMAT_BLACKANDWHITE = 1,
      |     ^~~~~~~~~~~~~~~~~~~~~~~~~~~~~~~~~~~
In file included from /root/workspace/workspace/gerry-embeded/gerry/sensor/core/tof_module/src/../third_lib/include/csvio.h:7,
                 from /root/workspace/workspace/gerry-embeded/gerry/sensor/core/tof_module/src/Tof.cpp:9:
/root/workspace/workspace/gerry-embeded/gerry/sensor/core/tof_module/src/../third_lib/include/constants_c.h:48:39: error: â€˜CV_IMWRITE_PAM_FORMAT_GRAYSCALEâ€™ conflicts with a previous declaration
   48 |     CV_IMWRITE_PAM_FORMAT_GRAYSCALE = 2,
      |                                       ^
In file included from /usr/local/include/opencv2/highgui/highgui_c.h:48,
                 from /usr/local/include/opencv2/highgui.hpp:842,
                 from /usr/local/include/opencv2/opencv.hpp:68,
                 from /root/workspace/workspace/gerry-embeded/gerry/sensor/core/tof_module/src/../third_lib/include/csvio.h:5,
                 from /root/workspace/workspace/gerry-embeded/gerry/sensor/core/tof_module/src/Tof.cpp:9:
/usr/local/include/opencv2/imgcodecs/imgcodecs_c.h:102:5: note: previous declaration â€˜<unnamed enum> CV_IMWRITE_PAM_FORMAT_GRAYSCALEâ€™
  102 |     CV_IMWRITE_PAM_FORMAT_GRAYSCALE = 2,
      |     ^~~~~~~~~~~~~~~~~~~~~~~~~~~~~~~
In file included from /root/workspace/workspace/gerry-embeded/gerry/sensor/core/tof_module/src/../third_lib/include/csvio.h:7,
                 from /root/workspace/workspace/gerry-embeded/gerry/sensor/core/tof_module/src/Tof.cpp:9:
/root/workspace/workspace/gerry-embeded/gerry/sensor/core/tof_module/src/../third_lib/include/constants_c.h:49:45: error: â€˜CV_IMWRITE_PAM_FORMAT_GRAYSCALE_ALPHAâ€™ conflicts with a previous declaration
   49 |     CV_IMWRITE_PAM_FORMAT_GRAYSCALE_ALPHA = 3,
      |                                             ^
In file included from /usr/local/include/opencv2/highgui/highgui_c.h:48,
                 from /usr/local/include/opencv2/highgui.hpp:842,
                 from /usr/local/include/opencv2/opencv.hpp:68,
                 from /root/workspace/workspace/gerry-embeded/gerry/sensor/core/tof_module/src/../third_lib/include/csvio.h:5,
                 from /root/workspace/workspace/gerry-embeded/gerry/sensor/core/tof_module/src/Tof.cpp:9:
/usr/local/include/opencv2/imgcodecs/imgcodecs_c.h:103:5: note: previous declaration â€˜<unnamed enum> CV_IMWRITE_PAM_FORMAT_GRAYSCALE_ALPHAâ€™
  103 |     CV_IMWRITE_PAM_FORMAT_GRAYSCALE_ALPHA = 3,
      |     ^~~~~~~~~~~~~~~~~~~~~~~~~~~~~~~~~~~~~
In file included from /root/workspace/workspace/gerry-embeded/gerry/sensor/core/tof_module/src/../third_lib/include/csvio.h:7,
                 from /root/workspace/workspace/gerry-embeded/gerry/sensor/core/tof_module/src/Tof.cpp:9:
/root/workspace/workspace/gerry-embeded/gerry/sensor/core/tof_module/src/../third_lib/include/constants_c.h:50:33: error: â€˜CV_IMWRITE_PAM_FORMAT_RGBâ€™ conflicts with a previous declaration
   50 |     CV_IMWRITE_PAM_FORMAT_RGB = 4,
      |                                 ^
In file included from /usr/local/include/opencv2/highgui/highgui_c.h:48,
                 from /usr/local/include/opencv2/highgui.hpp:842,
                 from /usr/local/include/opencv2/opencv.hpp:68,
                 from /root/workspace/workspace/gerry-embeded/gerry/sensor/core/tof_module/src/../third_lib/include/csvio.h:5,
                 from /root/workspace/workspace/gerry-embeded/gerry/sensor/core/tof_module/src/Tof.cpp:9:
/usr/local/include/opencv2/imgcodecs/imgcodecs_c.h:104:5: note: previous declaration â€˜<unnamed enum> CV_IMWRITE_PAM_FORMAT_RGBâ€™
  104 |     CV_IMWRITE_PAM_FORMAT_RGB = 4,
      |     ^~~~~~~~~~~~~~~~~~~~~~~~~
In file included from /root/workspace/workspace/gerry-embeded/gerry/sensor/core/tof_module/src/../third_lib/include/csvio.h:7,
                 from /root/workspace/workspace/gerry-embeded/gerry/sensor/core/tof_module/src/Tof.cpp:9:
/root/workspace/workspace/gerry-embeded/gerry/sensor/core/tof_module/src/../third_lib/include/constants_c.h:51:39: error: â€˜CV_IMWRITE_PAM_FORMAT_RGB_ALPHAâ€™ conflicts with a previous declaration
   51 |     CV_IMWRITE_PAM_FORMAT_RGB_ALPHA = 5,
      |                                       ^
In file included from /usr/local/include/opencv2/highgui/highgui_c.h:48,
                 from /usr/local/include/opencv2/highgui.hpp:842,
                 from /usr/local/include/opencv2/opencv.hpp:68,
                 from /root/workspace/workspace/gerry-embeded/gerry/sensor/core/tof_module/src/../third_lib/include/csvio.h:5,
                 from /root/workspace/workspace/gerry-embeded/gerry/sensor/core/tof_module/src/Tof.cpp:9:
/usr/local/include/opencv2/imgcodecs/imgcodecs_c.h:105:5: note: previous declaration â€˜<unnamed enum> CV_IMWRITE_PAM_FORMAT_RGB_ALPHAâ€™
  105 |     CV_IMWRITE_PAM_FORMAT_RGB_ALPHA = 5,
      |     ^~~~~~~~~~~~~~~~~~~~~~~~~~~~~~~
/root/workspace/workspace/gerry-embeded/gerry/sensor/core/tof_module/src/Tof.cpp: In member function â€˜void emb_node::lygtof::ReadTofData()â€™:
/root/workspace/workspace/gerry-embeded/gerry/sensor/core/tof_module/src/Tof.cpp:118:23: warning: unused variable â€˜framelenâ€™ [-Wunused-variable]
  118 |     unsigned long int framelen = frame->data_bytes;
      |                       ^~~~~~~~
/root/workspace/workspace/gerry-embeded/gerry/sensor/core/tof_module/src/Tof.cpp: In member function â€˜virtual int emb_node::lygtof::Start()â€™:
/root/workspace/workspace/gerry-embeded/gerry/sensor/core/tof_module/src/Tof.cpp:207:1: warning: label â€˜format_failedâ€™ defined but not used [-Wunused-label]
  207 | format_failed:
      | ^~~~~~~~~~~~~
/root/workspace/workspace/gerry-embeded/gerry/sensor/core/tof_module/src/Tof.cpp:209:1: warning: label â€˜open_failedâ€™ defined but not used [-Wunused-label]
  209 | open_failed:
      | ^~~~~~~~~~~
/root/workspace/workspace/gerry-embeded/gerry/sensor/core/tof_module/src/Tof.cpp:211:1: warning: label â€˜find_failedâ€™ defined but not used [-Wunused-label]
  211 | find_failed:
      | ^~~~~~~~~~~
/root/workspace/workspace/gerry-embeded/gerry/sensor/core/tof_module/src/Tof.cpp:213:1: warning: label â€˜init_failedâ€™ defined but not used [-Wunused-label]
  213 | init_failed:
      | ^~~~~~~~~~~
make[2]: *** [sensor/core/tof_module/src/CMakeFiles/tof_module.dir/build.make:63: sensor/core/tof_module/src/CMakeFiles/tof_module.dir/Tof.cpp.o] Error 1
make[1]: *** [CMakeFiles/Makefile2:627: sensor/core/tof_module/src/CMakeFiles/tof_module.dir/all] Error 2
make[1]: *** Waiting for unfinished jobs....
[ 98%] Linking CXX shared library ../../../../install/lib/arm/libsensor_plugin.so
[ 98%] Built target sensor_plugin
make: *** [Makefile:84: all] Error 2
Build step 'Execute shell' marked build as failure
Finished: FAILURE
