Started by user [8mha:////4E5dz7ZPjjbaYr/z11B7xpgm2ME6wK3XraoL/25bIDStAAAAlx+LCAAAAAAAAP9b85aBtbiIQTGjNKU4P08vOT+vOD8nVc83PyU1x6OyILUoJzMv2y+/JJUBAhiZGBgqihhk0NSjKDWzXb3RdlLBUSYGJk8GtpzUvPSSDB8G5tKinBIGIZ+sxLJE/ZzEvHT94JKizLx0a6BxUmjGOUNodHsLgAy2EgYe/dLi1CL9SqAZFaUAMeIq+MEAAAA=[0myangxu
Rebuilds build #[8mha:////4Ji+eT8xt2JfMTDA+h4Qv7Q8Rj3QQPNdFp5UVlZZASzGAAAAnx+LCAAAAAAAAP9b85aBtbiIQTGjNKU4P08vOT+vOD8nVc83PyU1x6OyILUoJzMv2y+/JJUBAhiZGBgqihhk0NSjKDWzXb3RdlLBUSYGJk8GtpzUvPSSDB8G5tKinBIGIZ+sxLJE/ZzEvHT94JKizLx0a6BxUmjGOUNodHsLgAzmEgZh/az8JP2CxKLs1KL4xIICfSNDSwB0IyonyAAAAA==[0m219
Running as SYSTEM
Building remotely on [8mha:////4J8M8M4pLAVsr5HsUCuoFBwpyiajxV9VrGbWj66EbYmPAAAAoR+LCAAAAAAAAP9b85aBtbiIQTGjNKU4P08vOT+vOD8nVc83PyU1x6OyILUoJzMv2y+/JJUBAhiZGBgqihhk0NSjKDWzXb3RdlLBUSYGJk8GtpzUvPSSDB8G5tKinBIGIZ+sxLJE/ZzEvHT94JKizLx0a6BxUmjGOUNodHsLgAzuEgZR/eT83ILSktQi/eyMxJTEYt3kxCJjAEfvBs3KAAAA[0mkhadas-car3 (car3) in workspace /root/workspace/workspace/parker_app
[WS-CLEANUP] Deleting project workspace...
[WS-CLEANUP] Deferred wipeout is used...
No emails were triggered.
[parker_app] $ /bin/sh -xe /tmp/jenkins6309806158802016382.sh
+ bash /root/myscript/build/parkerapp.sh
++ export MYSQL_PWD=123
++ MYSQL_PWD=123
++ export -f cmdb_mysql
+ . /root/myscript/build/../sh/version-update.sh
+ set -ex
+ init_project_env
++ whoami
+ '[' root = root ']'
+ ios=root
+ RELEASE_DIR=/root
+ DESKTOP_DIR=/root/workspace/i18rApplicationDeb/work/root/workspace
+ appname=PARKER
+ sourcename=parker
+ BUILD_DIR=/root/workspace
+ APP_WORKSPACE=/root/workspace/i18rApplicationDeb/work
+ WORK_DIR=/root/workspace/i18rApplicationDeb/work/root/workspace
+ VERSION_FILE=/root/workspace/i18rApplicationDeb/work/DEBIAN/control
+ UI_DIR=/mnt/ftp/release/PARKER/client
+ TEST_DIR=/mnt/ftp/release/PARKER/test
+ FTP_RELEASE_DIR=/mnt/ftp/release/PARKER/fresh_version
+ FTP_RELEASE_SIGN_DIR=/mnt/ftp/release/PARKER/sign
+ FTP_RELEASE_OTA_DIR=/mnt/ftp/release/PARKER/ota_full_version
+ FTP_RELEASE_OTA_DIFF_DIR=/mnt/ftp/release/PARKER/ota
+ function_list=/mnt/ftp/release/app_update_release
+ CONFIG_DIR=/root/system/i18rconfig
+ OTA_DIR=/root/system/i18rota
++ uname -m
+ PLATFORM=aarch64
+ RELEASE_BRANCH=devel/evt3_133_EVT
+ ui_job_name=parker_ui
+ CLONE_DEPTH=--depth=1
+ ENCRYPTION_TOOL=/root/system/i18rconfig/upx_arm.out
++ echo EVT
++ perl -npe s,_,-,g
+ x=EVT
+ tgz_release=INTG
+ trash_dir=/mnt/ftp/Trash
+ CONFIG_REMOTE='git clone ssh://git@192.168.50.191:222/AroundI18RProject/i18rconfig /root/system/i18rconfig -b parker-dev --depth=1'
+ is-trigger-job
+ '[' xyangxu = xtimer ']'
+ mount_ftp
+ '[' -d /mnt/ftp/release ']'
+ check_paremter_is_right
+ [[ -z 133 ]]
++ check 133
++ local a=133
++ printf %d 133
++ echo integer
++ return
+ [[ integer == vb ]]
++ check 133
++ local a=133
++ printf %d 133
++ echo integer
++ return
+ [[ integer == integer ]]
+ echo 'check paremter is done'
check paremter is done
+ clean_workspace
+ pushd /root/workspace
~/workspace ~/workspace/workspace/parker_app
+ sudo rm -rf i18rApplicationDeb 'INDEMINDAPP*' parker client
sudo: æ— æ³•è§£æžä¸»æœºï¼šcar3
+ popd
~/workspace/workspace/parker_app
+ App_project_fetch
+ pushd /root/workspace
~/workspace ~/workspace/workspace/parker_app
+ git clone ssh://git@192.168.50.191:222/AroundI18RProject/i18rApplicationDeb.git --depth=1
æ­£å…‹éš†åˆ° 'i18rApplicationDeb'...
+ mkdir -p /root/workspace/i18rApplicationDeb/work/root/workspace
+ pushd /root/workspace
~/workspace ~/workspace ~/workspace/workspace/parker_app
+ git clone ssh://git@192.168.50.191:222/parker/source/server.git parker -b stage2
æ­£å…‹éš†åˆ° 'parker'...
+ pushd parker
~/workspace/parker ~/workspace ~/workspace ~/workspace/workspace/parker_app
+ config_project_update
+ [[ -d /root/system/i18rconfig ]]
+ rm -rf /root/system/i18rconfig
+ git clone ssh://git@192.168.50.191:222/AroundI18RProject/i18rconfig /root/system/i18rconfig -b parker-dev --depth=1
æ­£å…‹éš†åˆ° '/root/system/i18rconfig'...
+ ui_job_build
+ export 'PATH=/usr/bin/bin:/usr/bin/bin:/opt/ros/melodic/bin:/usr/local/sbin:/usr/local/bin:/usr/sbin:/usr/bin:/sbin:/bin:/usr/games:/usr/local/games:~/myscript/sh'
+ PATH='/usr/bin/bin:/usr/bin/bin:/opt/ros/melodic/bin:/usr/local/sbin:/usr/local/bin:/usr/sbin:/usr/bin:/sbin:/bin:/usr/games:/usr/local/games:~/myscript/sh'
+ [[ -z '' ]]
+ [[ test == true ]]
+ [[ '' == true ]]
+ git submodule update --init --recursive
+ bash jc build parker_ui -s
å­æ¨¡ç»„ 'modules/depth'ï¼ˆhttp://192.168.50.191:85/parker/integration/depth.gitï¼‰æœªå¯¹è·¯å¾„ 'modules/depth' æ³¨å†Œ
å­æ¨¡ç»„ 'modules/detector'ï¼ˆhttp://192.168.50.191:85/parker/integration/perception.gitï¼‰æœªå¯¹è·¯å¾„ 'modules/detector' æ³¨å†Œ
å­æ¨¡ç»„ 'modules/marker'ï¼ˆhttp://192.168.50.191:85/parker/integration/marker.gitï¼‰æœªå¯¹è·¯å¾„ 'modules/marker' æ³¨å†Œ
å­æ¨¡ç»„ 'modules/navigation'ï¼ˆhttp://192.168.50.191:85/parker/integration/navigation.gitï¼‰æœªå¯¹è·¯å¾„ 'modules/navigation' æ³¨å†Œ
å­æ¨¡ç»„ 'modules/selfcalibr'ï¼ˆhttp://192.168.50.191:85/parker/integration/calibr.gitï¼‰æœªå¯¹è·¯å¾„ 'modules/selfcalibr' æ³¨å†Œ
å­æ¨¡ç»„ 'modules/sensor'ï¼ˆhttp://192.168.50.191:85/parker/integration/sensors.gitï¼‰æœªå¯¹è·¯å¾„ 'modules/sensor' æ³¨å†Œ
å­æ¨¡ç»„ 'modules/slam'ï¼ˆhttp://192.168.50.191:85/parker/integration/slam.gitï¼‰æœªå¯¹è·¯å¾„ 'modules/slam' æ³¨å†Œ
å­æ¨¡ç»„ 'modules/types'ï¼ˆhttp://192.168.50.191:85/parker/source/messages.gitï¼‰æœªå¯¹è·¯å¾„ 'modules/types' æ³¨å†Œ
æ­£å…‹éš†åˆ° '/root/workspace/parker/modules/depth'...
Started parker_ui #217
æ­£å…‹éš†åˆ° '/root/workspace/parker/modules/detector'...
æ­£å…‹éš†åˆ° '/root/workspace/parker/modules/marker'...
æ­£å…‹éš†åˆ° '/root/workspace/parker/modules/navigation'...
Completed parker_ui #217 : SUCCESS
æ­£å…‹éš†åˆ° '/root/workspace/parker/modules/selfcalibr'...
æ­£å…‹éš†åˆ° '/root/workspace/parker/modules/sensor'...
æ­£å…‹éš†åˆ° '/root/workspace/parker/modules/slam'...
æ­£å…‹éš†åˆ° '/root/workspace/parker/modules/types'...
å­æ¨¡ç»„è·¯å¾„ 'modules/depth'ï¼šæ£€å‡º 'd8bade4cb903a780878feab0ff1e3cc8494f5cd2'
å­æ¨¡ç»„è·¯å¾„ 'modules/detector'ï¼šæ£€å‡º '82f8090b09949416ae85cea5ef9b1c445052ec74'
å­æ¨¡ç»„è·¯å¾„ 'modules/marker'ï¼šæ£€å‡º '96f8c9f5ba788bd09e42627250cdc4601ff275eb'
å­æ¨¡ç»„è·¯å¾„ 'modules/navigation'ï¼šæ£€å‡º '2a243f9929690f3b41735af7b49349c512e7fe18'
å­æ¨¡ç»„è·¯å¾„ 'modules/selfcalibr'ï¼šæ£€å‡º 'ef2380ee15caba750c11e1484953c3ad3b6d70f5'
å­æ¨¡ç»„è·¯å¾„ 'modules/sensor'ï¼šæ£€å‡º '38baacad0844743d0a5f8935fbd096b8db4f9e94'
å­æ¨¡ç»„è·¯å¾„ 'modules/slam'ï¼šæ£€å‡º 'dd1871d863426a8566bae9bce3399ada51bb8ec8'
å­æ¨¡ç»„è·¯å¾„ 'modules/types'ï¼šæ£€å‡º 'a7f6e9b17b95d4948b10699534c572f8f53c8c07'
+ git submodule update --remote
å­æ¨¡ç»„è·¯å¾„ 'modules/depth'ï¼šæ£€å‡º '90b82166c55bddc95358cd41718296640a986535'
å­æ¨¡ç»„è·¯å¾„ 'modules/detector'ï¼šæ£€å‡º '671857a4a95193bc0c4017e6cd97e9e901b14961'
å­æ¨¡ç»„è·¯å¾„ 'modules/marker'ï¼šæ£€å‡º 'fa2ac76c904f037a6ab84cac8ffc9df00e7604c7'
å­æ¨¡ç»„è·¯å¾„ 'modules/navigation'ï¼šæ£€å‡º '15f9b58d04a8de0baa7050ef707d1be8fcc5b369'
å­æ¨¡ç»„è·¯å¾„ 'modules/selfcalibr'ï¼šæ£€å‡º '1240f987d5ea8eb844e3c9d83d5b4010553670dd'
å­æ¨¡ç»„è·¯å¾„ 'modules/sensor'ï¼šæ£€å‡º 'ed0afe56fd4094688bc3dc40c39bc260e842ec14'
å­æ¨¡ç»„è·¯å¾„ 'modules/slam'ï¼šæ£€å‡º '427f229b9637fe45a9d9a0f02241143405c61f7c'
å­æ¨¡ç»„è·¯å¾„ 'modules/types'ï¼šæ£€å‡º '81539c7a1ed7560a1ec6b17c25ffddf755f17868'
+ submodule_version_check
+ [[ ! -z '' ]]
+ [[ ! -z '' ]]
+ i18rproject_conf_update
+ Modules_List=(selfcalibr depth sensor marker detector navigation slam type sdk)
+ local Modules_List
+ for i in "${Modules_List[@]}"
++ ls /root/system/i18rconfig/EVT/selfcalibr
ls: æ— æ³•è®¿é—®'/root/system/i18rconfig/EVT/selfcalibr': æ²¡æœ‰é‚£ä¸ªæ–‡ä»¶æˆ–ç›®å½•
+ local Files_List=
+ '[' -z '' ']'
+ for i in "${Modules_List[@]}"
++ ls /root/system/i18rconfig/EVT/depth
ls: æ— æ³•è®¿é—®'/root/system/i18rconfig/EVT/depth': æ²¡æœ‰é‚£ä¸ªæ–‡ä»¶æˆ–ç›®å½•
+ local Files_List=
+ '[' -z '' ']'
+ for i in "${Modules_List[@]}"
++ ls /root/system/i18rconfig/EVT/sensor
ls: æ— æ³•è®¿é—®'/root/system/i18rconfig/EVT/sensor': æ²¡æœ‰é‚£ä¸ªæ–‡ä»¶æˆ–ç›®å½•
+ local Files_List=
+ '[' -z '' ']'
+ for i in "${Modules_List[@]}"
++ ls /root/system/i18rconfig/EVT/marker
ls: æ— æ³•è®¿é—®'/root/system/i18rconfig/EVT/marker': æ²¡æœ‰é‚£ä¸ªæ–‡ä»¶æˆ–ç›®å½•
+ local Files_List=
+ '[' -z '' ']'
+ for i in "${Modules_List[@]}"
++ ls /root/system/i18rconfig/EVT/detector
ls: æ— æ³•è®¿é—®'/root/system/i18rconfig/EVT/detector': æ²¡æœ‰é‚£ä¸ªæ–‡ä»¶æˆ–ç›®å½•
+ local Files_List=
+ '[' -z '' ']'
+ for i in "${Modules_List[@]}"
++ ls /root/system/i18rconfig/EVT/navigation
+ local 'Files_List=base_global_planner_params.yaml
base_local_planner_params.yaml
costmap_common_params_wsbot.yaml
dwa_local_planner_params_wsbot.yaml
global_costmap_params.yaml
local_costmap_params.yaml
move_base_params.yaml
nav_config.yaml
teb_local_planner_params_imbot.yaml'
+ '[' -z 'base_global_planner_params.yaml
base_local_planner_params.yaml
costmap_common_params_wsbot.yaml
dwa_local_planner_params_wsbot.yaml
global_costmap_params.yaml
local_costmap_params.yaml
move_base_params.yaml
nav_config.yaml
teb_local_planner_params_imbot.yaml' ']'
+ [[ navigation =~ navigation ]]
+ cp -ar /root/system/i18rconfig/EVT/navigation/. modules/navigation/arm64/share/wsbot_navigation/param/
+ for i in "${Modules_List[@]}"
++ ls /root/system/i18rconfig/EVT/slam
ls: æ— æ³•è®¿é—®'/root/system/i18rconfig/EVT/slam': æ²¡æœ‰é‚£ä¸ªæ–‡ä»¶æˆ–ç›®å½•
+ local Files_List=
+ '[' -z '' ']'
+ for i in "${Modules_List[@]}"
++ ls /root/system/i18rconfig/EVT/type
ls: æ— æ³•è®¿é—®'/root/system/i18rconfig/EVT/type': æ²¡æœ‰é‚£ä¸ªæ–‡ä»¶æˆ–ç›®å½•
+ local Files_List=
+ '[' -z '' ']'
+ for i in "${Modules_List[@]}"
++ ls /root/system/i18rconfig/EVT/sdk
+ local Files_List=local_config
+ '[' -z local_config ']'
+ [[ navigation =~ sdk ]]
+ [[ sdk =~ slam ]]
+ [[ sdk =~ depth ]]
+ [[ sdk =~ sdk ]]
+ cp -ar /root/system/i18rconfig/EVT/sdk/. /root/workspace/i18rApplicationDeb/work/root/workspace/
+ release_note
+ [[ test = true ]]
+ '[' '' = true ']'
+ project_info_database
+ cmdb_mysql 'insert into indemindapp(appname,version,swr_version,submodule_version,time,note,indemind_release,sdk_branch,build_url,node_name,build_user) values ('\''PARKER'\'','\''133'\'','\''EVT'\'','\'''\'',now(),'\'''\'','\''test'\'','\''stage2'\'','\''http://192.168.50.26:8080/job/parker_app/220/'\'','\''khadas-car3'\'','\''yangxu'\'')'
+ set +x
+ mkdir build
+ cd build
+ set +x
+ [[ EVT =~ ICE_EVT ]]
+ [[ EVT =~ DVT ]]
+ [[ EVT =~ PVT ]]
+ [[ EVT =~ MP ]]
+ cmake -D SERVER_VERSION:STRIONG=133 ..
-- The C compiler identification is GNU 7.5.0
-- The CXX compiler identification is GNU 7.5.0
-- Check for working C compiler: /usr/bin/cc
-- Check for working C compiler: /usr/bin/cc -- works
-- Detecting C compiler ABI info
-- Detecting C compiler ABI info - done
-- Detecting C compile features
-- Detecting C compile features - done
-- Check for working CXX compiler: /usr/bin/c++
-- Check for working CXX compiler: /usr/bin/c++ -- works
-- Detecting CXX compiler ABI info
-- Detecting CXX compiler ABI info - done
-- Detecting CXX compile features
-- Detecting CXX compile features - done
-- PRO_DIR: /root/workspace/parker
-- HOST_ARCH: armv8
-- PLATFORM=arm64
-- SERVER_VERSION=1.0.0
-- MBUILD_MONITOR=ON
-- MBUILD_RECORDER=ON
-- MBUILD_TEST=ON
-- MBUILD_DEPTH=ON
-- DEPTH_PATH=/root/workspace/parker/modules/depth
-- MBUILD_DEPTH_SIMULATOR=OFF
-- MBUILD_MCU_COPROCESSOR=ON
-- MBUILD_MCU_COPROCESSOR_SIMULATOR=OFF
-- MCUCOP_INCLUDE=/root/workspace/parker/modules/sensor/arm64/include
-- MBUILD_DETECTOR=ON
-- DETECTOR_PATH: /root/workspace/parker/modules/detector
-- DETECTOR_INC=/root/workspace/parker/modules/detector/include
-- MBUILD_DETECTOR_SIMULATOR=OFF
-- Boost version: 1.65.1
-- Found the following Boost libraries:
--   system
--   filesystem
-- MBUILD_IMSEE=ON
-- IMSEE_PATH: /root/workspace/parker/modules/sensor
-- MBUILD_IMSEE_SIMULATOR=OFF
-- MBUILD_SLAM=ON
-- SLAM_PATH: /root/workspace/parker/modules/slam/arm64
-- MBUILD_NAV=ON
-- NAV_PATH: /root/workspace/parker/modules/navigation
-- MBUILD_ROS_WRAPPER=OFF
-- MBUILD_TOF=ON
-- MBUILD_TOF_SIMULATOR=OFF
-- MBUILD_LASER=ON
-- MBUILD_LASER_SIMULATOR=ON
-- CONFIG_BUILD_LASER_SIMULATOR 1
-- MBUILD_SENSOR_SYSTEM=ON
-- MBUILD_SENSOR_SYSTEM_SIMULATOR=OFF
-- MBUILD_EMB_MANAGER=ON
-- MBUILD_EMB_MANAGER_SIMULATOR=OFF
-- MBUILD_HMI_SERVICES=ON
-- MBUILD_HMI_SERVICES_SIMULATOR=OFF
-- MBUILD_CALIBRATION=ON
-- MBUILD_CALIBRATION_SIMULATOR=OFF
-- CABLIR_PATH: /root/workspace/parker/modules/selfcalibr
-- CABLIR_PATH_INCLUDE: /root/workspace/parker/modules/selfcalibr/arm64/include
-- MBUILD_HARDWARE_CHECKER=ON
-- MBUILD_SOFTWARE_CHECKER=ON
-- MBUILD_CLOUD=ON
-- CONFIG_BUILD_CLOUD = 1
-- MBUILD_MAP=ON
-- CONFIG_BUILD_MAP = 1
-- MBUILD_WORKLOGS=ON
-- CONFIG_BUILD_WORKLOGS = 1
-- MBUILD_EXCEPTION_HIDING=ON
-- CONFIG_BUILD_EXCEPTION_HIDING = 1
-- MBUILD_MSG_FORWARD=OFF
-- MBUILD_CAN=ON
-- MBUILD_CAN_SIMULATOR=OFF
-- MBUILD_VCU=ON
-- MBUILD_VCU_SIMULATOR=ON
-- MBUILD_MARKER=ON
-- MARKER_PATH: /root/workspace/parker/modules/marker
-- Use the imported target: /usr/include/eigen3
-- MBUILD_KBCONTROL=ON
-- KBCONTROL_PATH: /root/workspace/parker/kbcontrol
-- MBUILD_DATACOLLEC=OFF
-- SERVER_PATH: /root/workspace/parker/server
-- BUILD_WITH_ROS is ON
-- Using CATKIN_DEVEL_PREFIX: /root/workspace/parker/build/devel
-- Using CMAKE_PREFIX_PATH: /root/workspace/parker/modules/navigation/arm64;/opt/ros/melodic
-- This workspace overlays: /root/workspace/parker/modules/navigation/arm64;/opt/ros/melodic
-- Found PythonInterp: /usr/bin/python2 (found suitable version "2.7.17", minimum required is "2") 
-- Using PYTHON_EXECUTABLE: /usr/bin/python2
-- Using Debian Python package layout
-- Using empy: /usr/bin/empy
-- Using CATKIN_ENABLE_TESTING: ON
-- Call enable_testing()
-- Using CATKIN_TEST_RESULTS_DIR: /root/workspace/parker/build/test_results
-- Found gtest sources under '/usr/src/googletest': gtests will be built
-- Found gmock sources under '/usr/src/googletest': gmock will be built
-- Found PythonInterp: /usr/bin/python2 (found version "2.7.17") 
-- Looking for pthread.h
-- Looking for pthread.h - found
-- Looking for pthread_create
-- Looking for pthread_create - not found
-- Looking for pthread_create in pthreads
-- Looking for pthread_create in pthreads - not found
-- Looking for pthread_create in pthread
-- Looking for pthread_create in pthread - found
-- Found Threads: TRUE  
-- Using Python nosetests: /usr/bin/nosetests-2.7
-- catkin 0.7.29
-- BUILD_SHARED_LIBS is on
-- Using these message generators: gencpp;geneus;genlisp;gennodejs;genpy
-- Found OpenCV: /usr/local (found version "3.4.3") 
-- LIB_MODULES=/root/workspace/parker/modules/depth/arm64/lib/libdepth.so
-- LIB_MODULES=/root/workspace/parker/modules/sensor/arm64/lib/libsensor_module.so
-- LIB_MODULES=-lnnsdk
-- LIB_MODULES=-lOpenVX
-- LIB_MODULES=-lOpenVXU
-- LIB_MODULES=-lArchModelSw
-- LIB_MODULES=-lCLC
-- LIB_MODULES=-lGAL
-- LIB_MODULES=-lNNArchPerf
-- LIB_MODULES=-lVSC
-- LIB_MODULES=-lovxlib
-- LIB_MODULES=/root/workspace/parker/modules/detector/lib/arm/libperception.so
-- LIB_MODULES=/root/workspace/parker/modules/detector/lib/arm/libPSL.so
-- LIB_MODULES=/root/workspace/parker/modules/sensor/arm64/lib/libimsee_module.so
-- LIB_MODULES=/root/workspace/parker/modules/slam/arm64/lib/libParker_SLAM.so
-- LIB_MODULES=/root/workspace/parker/modules/slam/arm64/lib/libORB_SLAM3.so
-- LIB_MODULES=/root/workspace/parker/modules/slam/arm64/Thirdparty/DBoW2/lib/libDBoW2.so
-- LIB_MODULES=/root/workspace/parker/modules/slam/arm64/Thirdparty/DLib/lib/libDLib.so
-- LIB_MODULES=/root/workspace/parker/modules/slam/arm64/Thirdparty/gtsam/lib/lib/libgtsam.so
-- LIB_MODULES=/root/workspace/parker/modules/slam/arm64/Thirdparty/gtsam/lib/lib/libmetis-gtsam.so
-- LIB_MODULES=/root/workspace/parker/modules/slam/arm64/Thirdparty/gtsam/lib/lib/libgtsam_unstable.so
-- LIB_MODULES=/root/workspace/parker/modules/slam/arm64/Thirdparty/gtsam/lib/lib/libCppUnitLite.a
-- LIB_MODULES=/root/workspace/parker/modules/slam/arm64/Thirdparty/Kimera-RPGO/lib/lib/libKimeraRPGO.so
-- LIB_MODULES=/root/workspace/parker/modules/slam/arm64/Thirdparty/superpoint/lib/libsuperpoint.so
-- LIB_MODULES=/root/workspace/parker/modules/navigation/arm64/lib/libpath_planning.so
-- LIB_MODULES=/opt/ros/melodic/lib/libtf.so
-- LIB_MODULES=/root/workspace/parker/modules/navigation/arm64/lib/libcostmap_2d.so
-- LIB_MODULES=/root/workspace/parker/modules/sensor/arm64/lib/libusbtof_module.so
-- LIB_MODULES=/root/workspace/parker/modules/sensor/arm64/deps/libspectre.so
-- LIB_MODULES=/root/workspace/parker/modules/sensor/arm64/deps/libdepthcomputation.so
-- LIB_MODULES=/root/workspace/parker/modules/sensor/arm64/deps/libdepthmapwrapper.so
-- LIB_MODULES=/root/workspace/parker/modules/sensor/arm64/lib/libmulti_module.so
-- LIB_MODULES=/root/workspace/parker/modules/sensor/arm64/lib/libemb_monitor.so
-- LIB_MODULES=/root/workspace/parker/modules/sensor/arm64/lib/libemb_monitor.so
-- LIB_MODULES=/root/workspace/parker/modules/sensor/arm64/lib/libmonitor_node.so
-- LIB_MODULES=/root/workspace/parker/modules/selfcalibr/arm64/lib/libselfStereoCameraCalibration.so
-- LIB_MODULES=uuid
-- LIB_MODULES=/root/workspace/parker/modules/sensor/arm64/lib/libmcu_module.so
-- LIB_MODULES=/root/workspace/parker/modules/marker/arm64/lib/libmarker.so
-- LIB_MODULES=/root/workspace/parker/modules/marker/arm64/lib/libapriltag.so
-- LIB_MODULES=/root/workspace/parker/kbcontrol/libs/arm64/libkbcontrol.so
-- LIB_MODULES=/root/workspace/workspace/parker-ros/i18r_robot/install/lib/libbase_local_planner.so
-- LIB_MODULES=/root/workspace/workspace/parker-ros/i18r_robot/install/lib/libtrajectory_planner_ros.so
-- LIB_MODULES=/opt/ros/melodic/lib/libvoxel_grid.so
-- LIB_MODULES=/root/workspace/workspace/parker-ros/i18r_robot/install/lib/librotate_recovery.so
-- LIB_MODULES=/root/workspace/workspace/parker-ros/i18r_robot/install/lib/libcostmap_2d.so
-- LIB_MODULES=/root/workspace/workspace/parker-ros/i18r_robot/install/lib/liblayers.so
-- LIB_MODULES=/opt/ros/melodic/lib/libdynamic_reconfigure_config_init_mutex.so
-- LIB_MODULES=/opt/ros/melodic/lib/liblaser_geometry.so
-- LIB_MODULES=/opt/ros/melodic/lib/libtf.so
-- LIB_MODULES=/opt/ros/melodic/lib/libclass_loader.so
-- LIB_MODULES=/usr/lib/libPocoFoundation.so
-- LIB_MODULES=/usr/lib/aarch64-linux-gnu/libdl.so
-- LIB_MODULES=/opt/ros/melodic/lib/libtf2_ros.so
-- LIB_MODULES=/opt/ros/melodic/lib/libactionlib.so
-- LIB_MODULES=/opt/ros/melodic/lib/libmessage_filters.so
-- LIB_MODULES=/opt/ros/melodic/lib/libtf2.so
-- LIB_MODULES=/opt/ros/melodic/lib/libroscpp.so
-- LIB_MODULES=/opt/ros/melodic/lib/librosconsole.so
-- LIB_MODULES=/opt/ros/melodic/lib/librosconsole_log4cxx.so
-- LIB_MODULES=/opt/ros/melodic/lib/librosconsole_backend_interface.so
-- LIB_MODULES=/usr/lib/aarch64-linux-gnu/liblog4cxx.so
-- LIB_MODULES=/usr/lib/aarch64-linux-gnu/libboost_regex.so
-- LIB_MODULES=/opt/ros/melodic/lib/libxmlrpcpp.so
-- LIB_MODULES=/opt/ros/melodic/lib/libroscpp_serialization.so
-- LIB_MODULES=/opt/ros/melodic/lib/librostime.so
-- LIB_MODULES=/opt/ros/melodic/lib/libcpp_common.so
-- LIB_MODULES=/usr/lib/aarch64-linux-gnu/libboost_thread.so
-- LIB_MODULES=/usr/lib/aarch64-linux-gnu/libboost_chrono.so
-- LIB_MODULES=/usr/lib/aarch64-linux-gnu/libboost_date_time.so
-- LIB_MODULES=/usr/lib/aarch64-linux-gnu/libboost_atomic.so
-- LIB_MODULES=/usr/lib/aarch64-linux-gnu/libpthread.so
-- LIB_MODULES=/usr/lib/aarch64-linux-gnu/libconsole_bridge.so.0.4
-- LIB_MODULES=/opt/ros/melodic/lib/libroslib.so
-- LIB_MODULES=/opt/ros/melodic/lib/librospack.so
-- LIB_MODULES=/usr/lib/aarch64-linux-gnu/libpython2.7.so
-- LIB_MODULES=/usr/lib/aarch64-linux-gnu/libboost_filesystem.so
-- LIB_MODULES=/usr/lib/aarch64-linux-gnu/libboost_program_options.so
-- LIB_MODULES=/usr/lib/aarch64-linux-gnu/libboost_system.so
-- LIB_MODULES=/usr/lib/aarch64-linux-gnu/libtinyxml2.so
-- Configuring done
CMake Warning at cmake/server/BuildServer.cmake:56 (add_executable):
  Cannot generate a safe runtime search path for target parker because there
  is a cycle in the constraint graph:

    dir 0 is [/root/workspace/parker/modules/depth/arm64/lib]
    dir 1 is [/root/workspace/parker/modules/sensor/arm64/lib]
    dir 2 is [/root/workspace/parker/modules/detector/lib/arm]
    dir 3 is [/root/workspace/parker/modules/slam/arm64/lib]
    dir 4 is [/root/workspace/parker/modules/slam/arm64/Thirdparty/DBoW2/lib]
    dir 5 is [/root/workspace/parker/modules/slam/arm64/Thirdparty/DLib/lib]
    dir 6 is [/root/workspace/parker/modules/slam/arm64/Thirdparty/gtsam/lib/lib]
    dir 7 is [/root/workspace/parker/modules/slam/arm64/Thirdparty/Kimera-RPGO/lib/lib]
    dir 8 is [/root/workspace/parker/modules/slam/arm64/Thirdparty/superpoint/lib]
    dir 9 is [/root/workspace/parker/modules/navigation/arm64/lib]
      dir 15 must precede it due to runtime library [libbase_local_planner.so]
    dir 10 is [/opt/ros/melodic/lib]
      dir 9 must precede it due to runtime library [libcostmap_2d.so]
      dir 15 must precede it due to runtime library [libcostmap_2d.so]
    dir 11 is [/root/workspace/parker/modules/sensor/arm64/deps]
    dir 12 is [/root/workspace/parker/modules/selfcalibr/arm64/lib]
    dir 13 is [/root/workspace/parker/modules/marker/arm64/lib]
    dir 14 is [/root/workspace/parker/kbcontrol/libs/arm64]
    dir 15 is [/root/workspace/workspace/parker-ros/i18r_robot/install/lib]
      dir 9 must precede it due to runtime library [libpath_planning.so.1.10.3_3]
    dir 16 is [/usr/local/lib]

  Some of these libraries may not be found correctly.
Call Stack (most recent call first):
  CMakeLists.txt:32 (include)


-- Generating done
-- Build files have been written to: /root/workspace/parker/build
+ make -j4
Scanning dependencies of target parker
[  1%] Building CXX object CMakeFiles/parker.dir/server/nodes/monitor/data/DataMonitor.cpp.o
[  2%] Building CXX object CMakeFiles/parker.dir/server/nodes/monitor/MonitorNode.cpp.o
[  3%] Building CXX object CMakeFiles/parker.dir/server/nodes/monitor/error_report/ErrorReportMonitor.cpp.o
[  4%] Building CXX object CMakeFiles/parker.dir/server/nodes/monitor/hd_resource/HardwareResourceMonitor.cpp.o
[  5%] Building CXX object CMakeFiles/parker.dir/server/nodes/recorder/RecorderNode.cpp.o
[  6%] Building CXX object CMakeFiles/parker.dir/server/nodes/recorder/recorder/Recorder.cpp.o
[  7%] Building CXX object CMakeFiles/parker.dir/server/nodes/recorder/player/Player.cpp.o
[  7%] Building CXX object CMakeFiles/parker.dir/server/nodes/recorder/player/PlayerDetector.cpp.o
[  8%] Building CXX object CMakeFiles/parker.dir/server/nodes/test/Test.cpp.o
In file included from /root/workspace/parker/server/nodes/recorder/player/PlayerDetector.cpp:1:0:
/root/workspace/parker/server/nodes/recorder/player/PlayerDetector.h:14:13: error: â€˜SerializeDetectorâ€™ does not name a type; did you mean â€˜PlayerDetectorâ€™?
             SerializeDetector seria;
             ^~~~~~~~~~~~~~~~~
             PlayerDetector
/root/workspace/parker/server/nodes/recorder/player/PlayerDetector.h:15:18: error: â€˜DataCenterâ€™ in namespace â€˜swrâ€™ does not name a type
             swr::DataCenter*  dc;
                  ^~~~~~~~~~
[  9%] Building CXX object CMakeFiles/parker.dir/server/nodes/test/cases/CaseFactory.cpp.o
In file included from /root/workspace/parker/server/nodes/recorder/RecorderNode.h:9:0,
                 from /root/workspace/parker/server/nodes/recorder/RecorderNode.cpp:8:
/root/workspace/parker/server/nodes/recorder/player/PlayerDetector.h:14:13: error: â€˜SerializeDetectorâ€™ does not name a type; did you mean â€˜PlayerDetectorâ€™?
             SerializeDetector seria;
             ^~~~~~~~~~~~~~~~~
             PlayerDetector
/root/workspace/parker/server/nodes/recorder/player/PlayerDetector.cpp: In constructor â€˜swr::recorder::PlayerDetector::PlayerDetector(std::__cxx11::string)â€™:
/root/workspace/parker/server/nodes/recorder/player/PlayerDetector.cpp:7:35: error: class â€˜swr::recorder::PlayerDetectorâ€™ does not have any field named â€˜seriaâ€™
                                 : seria(filename), m_keepwork(m_ioQueue) {
                                   ^~~~~
/root/workspace/parker/server/nodes/recorder/player/PlayerDetector.cpp:8:9: error: â€˜dcâ€™ was not declared in this scope
         dc = DataCenter::GetInstance();
         ^~
/root/workspace/parker/server/nodes/recorder/player/PlayerDetector.cpp: In member function â€˜virtual void swr::recorder::PlayerDetector::Run()â€™:
/root/workspace/parker/server/nodes/recorder/player/PlayerDetector.cpp:17:13: error: â€˜seriaâ€™ was not declared in this scope
             seria.read(info);
             ^~~~~
/root/workspace/parker/server/nodes/recorder/player/PlayerDetector.cpp:17:13: note: suggested alternative: â€˜termioâ€™
             seria.read(info);
             ^~~~~
             termio
/root/workspace/parker/server/nodes/recorder/player/PlayerDetector.cpp:33:11: error: â€˜dcâ€™ was not declared in this scope
           dc->topicDoubleImageFeature << info;
           ^~
[ 10%] Building CXX object CMakeFiles/parker.dir/server/nodes/depth/DepthProxy.cpp.o
CMakeFiles/parker.dir/build.make:230: recipe for target 'CMakeFiles/parker.dir/server/nodes/recorder/player/PlayerDetector.cpp.o' failed
make[2]: *** [CMakeFiles/parker.dir/server/nodes/recorder/player/PlayerDetector.cpp.o] Error 1
make[2]: *** æ­£åœ¨ç­‰å¾…æœªå®Œæˆçš„ä»»åŠ¡....
CMakeFiles/parker.dir/build.make:158: recipe for target 'CMakeFiles/parker.dir/server/nodes/recorder/RecorderNode.cpp.o' failed
make[2]: *** [CMakeFiles/parker.dir/server/nodes/recorder/RecorderNode.cpp.o] Error 1
/root/workspace/parker/server/nodes/depth/DepthProxy.cpp: In member function â€˜bool swr::node::DepthProxy::OnInitParam(bool&)â€™:
/root/workspace/parker/server/nodes/depth/DepthProxy.cpp:180:24: warning: unused variable â€˜enableCameraâ€™ [-Wunused-variable]
                 auto &&enableCamera = true;
                        ^~~~~~~~~~~~
CMakeFiles/Makefile2:1507: recipe for target 'CMakeFiles/parker.dir/all' failed
make[1]: *** [CMakeFiles/parker.dir/all] Error 2
Makefile:140: recipe for target 'all' failed
make: *** [all] Error 2
Build step 'Execute shell' marked build as failure
Email was triggered for: Failure - Any
Sending email for trigger: Failure - Any
Sending email to: qishanqing@indemind.cn wangjianwei@indemind.cn
Finished: FAILURE
