Started by user [8mha:////4MzersSP/9cKUovrzPMuoS/kLqxVF8zd8yb1BUJ8RGIAAAAAmh+LCAAAAAAAAP9b85aBtbiIQTGjNKU4P08vOT+vOD8nVc83PyU1x6OyILUoJzMv2y+/JJUBAhiZGBgqihhk0NSjKDWzXb3RdlLBUSYGJk8GtpzUvPSSDB8G5tKinBIGIZ+sxLJE/ZzEvHT94JKizLx0a6BxUmjGOUNodHsLgAzuEgYB/dLi1CL9nMzSXKDZQJMAv/Rqu8UAAAA=[0mliumengyang
Rebuilds build #[8mha:////4Ddz1pRrx6VyOxvUEaQ4cgYukEA55I6X49ic9CHD0dYKAAAArR+LCAAAAAAAAP9b85aBtbiIQTGjNKU4P08vOT+vOD8nVc83PyU1x6OyILUoJzMv2y+/JJUBAhiZGBgqihhk0NSjKDWzXb3RdlLBUSYGJk8GtpzUvPSSDB8G5tKinBIGIZ+sxLJE/ZzEvHT94JKizLx0a6BxUmjGOUNodHsLgAymEgZ1/bLM1HL91Nyk1JTUFP2s/CT95MS01CJdMzMDQ12YsLkBAEfF8dXcAAAA[0m70
Running as SYSTEM
Building remotely on [8mha:////4Mv+1wvIWl3OXIDGu6w3unSREX/fT0xpLFWon9eyySx4AAAAoR+LCAAAAAAAAP9b85aBtbiIQTGjNKU4P08vOT+vOD8nVc83PyU1x6OyILUoJzMv2y+/JJUBAhiZGBgqihhk0NSjKDWzXb3RdlLBUSYGJk8GtpzUvPSSDB8G5tKinBIGIZ+sxLJE/ZzEvHT94JKizLx0a6BxUmjGOUNodHsLgAzuEgZR/eT83ILSktQi/eyMxJTEYt3kxCJzAF4ra8rKAAAA[0mkhadas-car7 (car7) in workspace /root/workspace/workspace/cafer-6601-embeded
[WS-CLEANUP] Clean-up disabled, skipping workspace deletion.
[cafer-6601-embeded] $ /bin/sh -xe /tmp/jenkins4143173582103481869.sh
+ bash /root/myscript/build/build.sh
++ export MYSQL_PWD=123
++ MYSQL_PWD=123
++ export -f cmdb_mysql
+ set -ex
+ export -f public_project_update
+ export -f project_build
+ init_project_env
++ date +%Y%m%d
+ DT=20240111
+ UserName=jenkins
+ API_TOKEN=11b65309c9835de9579d9c9038853d9eb7
+ GIT_PRIVATE_TOKEN=emEDrsaJVjxKK5gSWrf-
+ GIT_HOST=192.168.50.191
++ awk -F/ '{print $1"%2F"$2}'
++ echo abby/integration/sensors
+ CONVERT_TARGET_PROJECT=abby%2Fintegration
++ python -c 'import sys, json; print(json.load(sys.stdin)["id"])'
/root/myscript/build/build.sh: line 14: python: command not found
++ curl -XGET -H 'Content-Type: application/json' --header 'PRIVATE-TOKEN: emEDrsaJVjxKK5gSWrf-' http://192.168.50.191:85/api/v4/projects/abby%2Fintegration
  % Total    % Received % Xferd  Average Speed   Time    Time     Time  Current
                                 Dload  Upload   Total   Spent    Left  Speed
  0     0    0     0    0     0      0      0 --:--:-- --:--:-- --:--:--     0100    35  100    35    0     0    729      0 --:--:-- --:--:-- --:--:--   729
(23) Failed writing body
+ SUB_PROJECT_ID=
+ true
+ '[' -z ']'
+ SOURCE_DIR=/root/workspace/workspace/cafer-6601-embeded/rubby_sensor_6601
+ TARGET_DIR=/root/workspace/workspace/cafer-6601-embeded/sensors
+ prepare_env
++ uname -m
+ system_platform=aarch64
+ :
++ wc -l
++ grep processor
++ sort
++ cat /proc/cpuinfo
++ uniq
+ mt=-j4
+ export COMMIT_ID_FILE=/root/workspace/workspace/cafer-6601-embeded/_last_build_id
+ COMMIT_ID_FILE=/root/workspace/workspace/cafer-6601-embeded/_last_build_id
+ export COMMIT_MSG_FILE=/root/workspace/workspace/cafer-6601-embeded/_commit-msg
+ COMMIT_MSG_FILE=/root/workspace/workspace/cafer-6601-embeded/_commit-msg
+ export COMMIT_MSG_FILE_TMP=/root/workspace/workspace/cafer-6601-embeded/_commit-msg.tmp
+ COMMIT_MSG_FILE_TMP=/root/workspace/workspace/cafer-6601-embeded/_commit-msg.tmp
+ rm -f /root/workspace/workspace/cafer-6601-embeded/_last_build_id
+ rm -f /root/workspace/workspace/cafer-6601-embeded/_commit-msg
+ rm -f /root/workspace/workspace/cafer-6601-embeded/_commit-msg.tmp
+ rm -f /root/workspace/workspace/cafer-6601-embeded/result.log
+ rm -f /root/workspace/workspace/cafer-6601-embeded/no_code_change.log
+ CLONE_DEPTH=--depth=1
+ PUBLICBASETYPES_DIR=/root/system/I18RPublicBaseTypes
+ cmdb_mysql 'insert into prebuild(job_name,source_project,source_branch,target_project,target_branch,time,build_url,node_name,build_user) values ('\''cafer-6601-embeded'\'','\''EmbeddedGroup/rubby_sensor_6601'\'','\''master'\'','\''abby/integration/sensors'\'','\''caffer'\'',now(),'\''http://192.168.50.191:8088/job/cafer-6601-embeded/71/'\'','\''khadas-car7'\'','\''liumengang'\'')'
+ set +x
+ DOCKER_CONTAINER_I18=build-x64-18.04
+ DOCKER_CONTAINER_RUBBY=c405
+ DOCKER_CONTAINER_RUBBY_INSIDE=c3566
+ DOCKER_CONTAINER_JAVA=node
+ JENKINS_JOB_A=mind
+ JENKINS_JOB_B=rbn
+ JENKINS_JOB_C=mark-check-tools
+ JENKINS_JOB_D=java
+ JENKINS_JOB_E=clean_recorder
+ JENKINS_JOB_F=i18r
+ JENKINS_JOB_G=nodejs
+ JENKINS_JOB_H=_ui
+ JENKINS_JOB_L=i12r
+ [[ cafer-6601-embeded =~ mind ]]
+ '[' false = false ']'
+ source_project_update
+ '[' -d /root/workspace/workspace/cafer-6601-embeded/rubby_sensor_6601 ']'
+ pushd /root/workspace/workspace/cafer-6601-embeded/rubby_sensor_6601
~/workspace/workspace/cafer-6601-embeded/rubby_sensor_6601 ~/workspace/workspace/cafer-6601-embeded
+ git checkout ./
Updated 1 path from the index
+ git pull --rebase
From ssh://192.168.50.191:222/EmbeddedGroup/rubby_sensor_6601
   00d7039..b151430  master     -> origin/master
Updating 00d7039..b151430
Fast-forward
 sensor/core/imsee/src/6601_mipi/mipi_imsee.cpp | 13 +++++++++++++
 sensor/core/imsee/src/6601_mipi/mipi_imsee.hpp |  4 ++--
 2 files changed, 15 insertions(+), 2 deletions(-)
Current branch master is up to date.
+ popd
~/workspace/workspace/cafer-6601-embeded
+ target_project_update
+ rm -rf /root/workspace/workspace/cafer-6601-embeded/sensors
+ target_project_fetch
+ git clone ssh://git@192.168.50.191:222/abby/integration/sensors -b caffer --depth=1
Cloning into 'sensors'...
+ insert_db
+ pushd /root/workspace/workspace/cafer-6601-embeded/rubby_sensor_6601
~/workspace/workspace/cafer-6601-embeded/rubby_sensor_6601 ~/workspace/workspace/cafer-6601-embeded
++ cmdb_mysql 'SELECT first_commit_id FROM prebuild where source_project='\''EmbeddedGroup/rubby_sensor_6601'\'' and source_branch='\''master'\'' and target_project='\''abby/integration/sensors'\'' and target_branch='\''caffer'\'' and status='\''0'\'' and job_name='\''cafer-6601-embeded'\'' order by id desc limit 1;'
++ set +x
+ version='first_commit_id
00d7039'
++ awk -F ' ' '{print $2}'
++ echo first_commit_id 00d7039
+ version=00d7039
++ git log -1 --pretty=format:%h
+ first_commit_id_now=b151430
+ cmdb_mysql 'update prebuild set first_commit_id='\''b151430'\'' where build_url='\''http://192.168.50.191:8088/job/cafer-6601-embeded/71/'\'';'
+ set +x
+ popd
~/workspace/workspace/cafer-6601-embeded
+ [[ aarch64 =~ x86_64 ]]
+ [[ cafer-6601-embeded =~ rbn ]]
+ [[ cafer-6601-embeded =~ mind ]]
+ public_project_update
+ rm -rf /root/system/I18RPublicBaseTypes
+ [[ cafer-6601-embeded =~ nodejs ]]
+ [[ cafer-6601-embeded =~ clean_recorder ]]
+ [[ cafer-6601-embeded =~ i18r ]]
+ public_i18rutilitysubmodule_update
+ pushd /root/system/i18rutilitysubmodule
~/system/i18rutilitysubmodule ~/workspace/workspace/cafer-6601-embeded
+ git checkout ./
Updated 0 paths from the index
+ git clean -xdf ./
+ git pull origin develop
From ssh://192.168.50.191:222/AroundI18RProject/i18rutilitysubmodule
 * branch            develop    -> FETCH_HEAD
Already up to date.
+ ./install.sh
+ popd
~/workspace/workspace/cafer-6601-embeded
+ project_build
+ pushd /root/workspace/workspace/cafer-6601-embeded/rubby_sensor_6601
~/workspace/workspace/cafer-6601-embeded/rubby_sensor_6601 ~/workspace/workspace/cafer-6601-embeded
+ project_init_remote
++ find -type f -name sync_submodules.sh
+ sf=
+ '[' -z ']'
+ git submodule update --init --recursive
+ git submodule update --remote
+ sed -i 's/make -j[0-9].*/make -j4/g' build.sh
+ '[' -z ']'
+ '[' xb151430 == x00d7039 ']'
+ bash -ex build.sh
++ wc -l
++ grep processor
++ cat /proc/cpuinfo
+ NR=6
++ uname -m
+ PLATFORM=aarch64
+ echo 'now platform is aarch64 ...'
now platform is aarch64 ...
+ [[ 0 -gt 0 ]]
+ '[' aarch64 = x86_64 ']'
+ '[' aarch64 = aarch64 ']'
+ arm64_compile_arm64
+ '[' '!' -d build_arm64 ']'
+ cd build_arm64
+ cmake -DCOMPILE_FOR_SDK=OFF -DCROSS_COMPILE_ENABLE=OFF ..
LIBRARY_OUTPUT_PATH /root/workspace/workspace/cafer-6601-embeded/rubby_sensor_6601/install/lib/arm ..................
EXECUTABLE_OUTPUT_PATH /root/workspace/workspace/cafer-6601-embeded/rubby_sensor_6601/install/bin/arm .....................
-- BUILD_ROS_NODE=OFF
-- emb_common version is 1.0.2
-- imsee version is 1.0.2
-- KeyBoard version is 1.0.2
-- McuData version is 1.0.2
-- multimodule version is 1.0.2
-- sensorControl version is 1.0.2
-- sensor_plugin version is 1.0.2
-- test_plugin version is 1.0.2
-- sensor_subscriber_plugin version is 1.0.2
-- Configuring done
-- Generating done
-- Build files have been written to: /root/workspace/workspace/cafer-6601-embeded/rubby_sensor_6601/build_arm64
+ make -j6
[ 21%] Built target emb_common
[ 26%] Built target monitor_node
[ 29%] Built target test_plugin
[ 34%] Built target KeyBoard
[ 37%] Built target sensorControl
[ 40%] Built target sensor_subscriber_plugin
Scanning dependencies of target imsee
[ 43%] Built target multimodule
[ 45%] Building CXX object sensor/core/imsee/src/CMakeFiles/imsee.dir/6601_mipi/mipi_imsee.cpp.o
[ 46%] Building CXX object sensor/core/imsee/src/CMakeFiles/imsee.dir/ImseeModule.cpp.o
[ 54%] Built target McuData
[ 59%] Built target multi_main
[ 62%] Built target gs2_calibration
/root/workspace/workspace/cafer-6601-embeded/rubby_sensor_6601/sensor/core/imsee/src/6601_mipi/mipi_imsee.cpp: In constructor â€˜imsee_module::MIPI_IMSEE::MIPI_IMSEE()â€™:
/root/workspace/workspace/cafer-6601-embeded/rubby_sensor_6601/sensor/core/imsee/src/6601_mipi/mipi_imsee.cpp:186:3: error: â€˜postFilterLibHandleâ€™ was not declared in this scope; did you mean â€˜postFilterLibPathâ€™?
  186 |   postFilterLibHandle = nullptr;
      |   ^~~~~~~~~~~~~~~~~~~
      |   postFilterLibPath
/root/workspace/workspace/cafer-6601-embeded/rubby_sensor_6601/sensor/core/imsee/src/6601_mipi/mipi_imsee.cpp:187:3: error: â€˜postFilterLibProcessâ€™ was not declared in this scope; did you mean â€˜PostFilterLibProcess_tâ€™?
  187 |   postFilterLibProcess = nullptr;
      |   ^~~~~~~~~~~~~~~~~~~~
      |   PostFilterLibProcess_t
/root/workspace/workspace/cafer-6601-embeded/rubby_sensor_6601/sensor/core/imsee/src/6601_mipi/mipi_imsee.cpp:184:10: warning: unused variable â€˜imuAccScaleValâ€™ [-Wunused-variable]
  184 |   double imuAccScaleVal = 0;
      |          ^~~~~~~~~~~~~~
/root/workspace/workspace/cafer-6601-embeded/rubby_sensor_6601/sensor/core/imsee/src/6601_mipi/mipi_imsee.cpp:185:10: warning: unused variable â€˜imuGyroScaleValâ€™ [-Wunused-variable]
  185 |   double imuGyroScaleVal = 0;
      |          ^~~~~~~~~~~~~~~
/root/workspace/workspace/cafer-6601-embeded/rubby_sensor_6601/sensor/core/imsee/src/6601_mipi/mipi_imsee.cpp: In member function â€˜void imsee_module::MIPI_IMSEE::ImuRecieveThread()â€™:
/root/workspace/workspace/cafer-6601-embeded/rubby_sensor_6601/sensor/core/imsee/src/6601_mipi/mipi_imsee.cpp:760:97: warning: pointer of type â€˜void *â€™ used in arithmetic [-Wpointer-arith]
  760 |     for (void *addr_ptr = iio_buffer_start(imuBuf); addr_ptr < iio_buffer_end(imuBuf); addr_ptr += iio_buffer_step(imuBuf)) {
      |                                                                                        ~~~~~~~~~^~~~~~~~~~~~~~~~~~~~~~~~~~
/root/workspace/workspace/cafer-6601-embeded/rubby_sensor_6601/sensor/core/imsee/src/ImseeModule.cpp: In static member function â€˜static imsee_module::ImseeModule* imsee_module::ImseeModule::Create(std::string)â€™:
/root/workspace/workspace/cafer-6601-embeded/rubby_sensor_6601/sensor/core/imsee/src/ImseeModule.cpp:203:43: warning: â€˜void* memset(void*, int, size_t)â€™ clearing an object of non-trivial type â€˜struct imsee_module::ImseeDeviceâ€™; use assignment or value-initialization instead [-Wclass-memaccess]
  203 |     memset(&device, 0, sizeof(ImseeDevice));
      |                                           ^
In file included from /root/workspace/workspace/cafer-6601-embeded/rubby_sensor_6601/sensor/core/imsee/src/imsee.hpp:9,
                 from /root/workspace/workspace/cafer-6601-embeded/rubby_sensor_6601/sensor/core/imsee/src/ImseeModule.cpp:11:
/root/workspace/workspace/cafer-6601-embeded/rubby_sensor_6601/sensor/core/imsee/src/ImseeModule.hpp:21:8: note: â€˜struct imsee_module::ImseeDeviceâ€™ declared here
   21 | struct ImseeDevice {
      |        ^~~~~~~~~~~
/root/workspace/workspace/cafer-6601-embeded/rubby_sensor_6601/sensor/core/imsee/src/6601_mipi/mipi_imsee.cpp: In member function â€˜int imsee_module::MIPI_IMSEE::ImgInit(int, int, int)â€™:
/root/workspace/workspace/cafer-6601-embeded/rubby_sensor_6601/sensor/core/imsee/src/6601_mipi/mipi_imsee.cpp:982:7: warning: unused variable â€˜retâ€™ [-Wunused-variable]
  982 |   int ret;
      |       ^~~
/root/workspace/workspace/cafer-6601-embeded/rubby_sensor_6601/sensor/core/imsee/src/6601_mipi/mipi_imsee.cpp: In member function â€˜int imsee_module::MIPI_IMSEE::ImgStart()â€™:
/root/workspace/workspace/cafer-6601-embeded/rubby_sensor_6601/sensor/core/imsee/src/6601_mipi/mipi_imsee.cpp:1088:23: warning: comparison of integer expressions of different signedness: â€˜intâ€™ and â€˜std::vector<std::shared_ptr<VioBufInfo> >::size_typeâ€™ {aka â€˜long unsigned intâ€™} [-Wsign-compare]
 1088 |     for (int i = 0; i < vec_path_buf[path_id].size(); i++) {
      |                     ~~^~~~~~~~~~~~~~~~~~~~~~~~~~~~~~
/root/workspace/workspace/cafer-6601-embeded/rubby_sensor_6601/sensor/core/imsee/src/6601_mipi/mipi_imsee.cpp:1051:29: warning: unused variable â€˜eventsâ€™ [-Wunused-variable]
 1051 |   struct epoll_event event, events[MAX_EVENTS_NUM];
      |                             ^~~~~~
/root/workspace/workspace/cafer-6601-embeded/rubby_sensor_6601/sensor/core/imsee/src/6601_mipi/mipi_imsee.cpp: In member function â€˜virtual int imsee_module::MIPI_IMSEE::Stop()â€™:
/root/workspace/workspace/cafer-6601-embeded/rubby_sensor_6601/sensor/core/imsee/src/6601_mipi/mipi_imsee.cpp:1269:7: warning: unused variable â€˜retâ€™ [-Wunused-variable]
 1269 |   int ret = 0;
      |       ^~~
make[2]: *** [sensor/core/imsee/src/CMakeFiles/imsee.dir/build.make:63: sensor/core/imsee/src/CMakeFiles/imsee.dir/6601_mipi/mipi_imsee.cpp.o] Error 1
make[2]: *** Waiting for unfinished jobs....
make[1]: *** [CMakeFiles/Makefile2:423: sensor/core/imsee/src/CMakeFiles/imsee.dir/all] Error 2
make: *** [Makefile:84: all] Error 2
Build step 'Execute shell' marked build as failure
Finished: FAILURE
