Started by user [8mha:////4HSeVHkKJ5mgbZK4sWy8myCb9E5jTwXackQ/FiSdye3XAAAAmR+LCAAAAAAAAP9b85aBtbiIQTGjNKU4P08vOT+vOD8nVc83PyU1x6OyILUoJzMv2y+/JJUBAhiZGBgqihhk0NSjKDWzXb3RdlLBUSYGJk8GtpzUvPSSDB8G5tKinBIGIZ+sxLJE/ZzEvHT94JKizLx0a6BxUmjGOUNodHsLgAz2EgZe/dLi1CL9wszSnMyiUgDL2Mr0wgAAAA==[0mQiuliru
Rebuilds build #[8mha:////4Fs7vrUzhz3P9GXweOCck7gyaP3qjh0QMFvmrxVaRuIWAAAArR+LCAAAAAAAAP9b85aBtbiIQTGjNKU4P08vOT+vOD8nVc83PyU1x6OyILUoJzMv2y+/JJUBAhiZGBgqihhk0NSjKDWzXb3RdlLBUSYGJk8GtpzUvPSSDB8G5tKinBIGIZ+sxLJE/ZzEvHT94JKizLx0a6BxUmjGOUNodHsLgAzmEgYV/bLM1HL9lNSCkgz9rPwk/aLSpKRKXTBftyS1uETf0NIEAE9Nvv7ZAAAA[0m194
Running as SYSTEM
Building remotely on [8mha:////4GJECaSXI5jaa88kGHMmbEkdCg31N4g4yVAlsCFwflHgAAAAmR+LCAAAAAAAAP9b85aBtbiIQTGjNKU4P08vOT+vOD8nVc83PyU1x6OyILUoJzMv2y+/JJUBAhiZGBgqihhk0NSjKDWzXb3RdlLBUSYGJk8GtpzUvPSSDB8G5tKinBIGIZ+sxLJE/ZzEvHT94JKizLx0a6BxUmjGOUNodHsLgAzmEgZe/eT83ILSktQifUNLQwA4ziQnwgAAAA==[0m191 (192.168.50.191) in workspace /home/indemind/.jenkins_slave/workspace/rubby-depth-test
[WS-CLEANUP] Clean-up disabled, skipping workspace deletion.
No emails were triggered.
[rubby-depth-test] $ /bin/sh -xe /tmp/jenkins1851892737813382257.sh
+ bash /home/indemind/myscript/build/build.sh
++ export MYSQL_PWD=123
++ MYSQL_PWD=123
++ export -f cmdb_mysql
+ . /home/indemind/myscript/build/../sh/version-update.sh
++ . /home/indemind/.bashrc
+++ case $- in
+++ return
+ set -ex
+ export -f public_project_update
+ export -f project_build
+ init_project_env
++ date +%Y%m%d
+ DT=20240716
+ UserName=jenkins
+ API_TOKEN=11b65309c9835de9579d9c9038853d9eb7
+ GIT_PRIVATE_TOKEN=emEDrsaJVjxKK5gSWrf-
+ GIT_HOST=192.168.50.191
++ echo abby/integration/depth
++ awk -F/ '{print $1"%2F"$2}'
+ CONVERT_TARGET_PROJECT=abby%2Fintegration
++ curl -XGET -H 'Content-Type: application/json' --header 'PRIVATE-TOKEN: emEDrsaJVjxKK5gSWrf-' http://192.168.50.191:85/api/v4/projects/abby%2Fintegration
++ python -c 'import sys, json; print(json.load(sys.stdin)["id"])'
  % Total    % Received % Xferd  Average Speed   Time    Time     Time  Current
                                 Dload  Upload   Total   Spent    Left  Speed
  0     0    0     0    0     0      0      0 --:--:-- --:--:-- --:--:--     0100    35  100    35    0     0    893      0 --:--:-- --:--:-- --:--:--   921
Traceback (most recent call last):
  File "<string>", line 1, in <module>
KeyError: 'id'
+ SUB_PROJECT_ID=
+ true
+ '[' -z ']'
+ SOURCE_DIR=/home/indemind/.jenkins_slave/workspace/rubby-depth-test/DepthModuleForRubby
+ TARGET_DIR=/home/indemind/.jenkins_slave/workspace/rubby-depth-test/depth
+ prepare_env
++ uname -m
+ system_platform=x86_64
+ :
++ cat /proc/cpuinfo
++ grep processor
++ sort
++ uniq
++ wc -l
+ mt=-j4
+ export COMMIT_ID_FILE=/home/indemind/.jenkins_slave/workspace/rubby-depth-test/_last_build_id
+ COMMIT_ID_FILE=/home/indemind/.jenkins_slave/workspace/rubby-depth-test/_last_build_id
+ export COMMIT_MSG_FILE=/home/indemind/.jenkins_slave/workspace/rubby-depth-test/_commit-msg
+ COMMIT_MSG_FILE=/home/indemind/.jenkins_slave/workspace/rubby-depth-test/_commit-msg
+ export COMMIT_MSG_FILE_TMP=/home/indemind/.jenkins_slave/workspace/rubby-depth-test/_commit-msg.tmp
+ COMMIT_MSG_FILE_TMP=/home/indemind/.jenkins_slave/workspace/rubby-depth-test/_commit-msg.tmp
+ rm -f /home/indemind/.jenkins_slave/workspace/rubby-depth-test/_last_build_id
+ rm -f /home/indemind/.jenkins_slave/workspace/rubby-depth-test/_commit-msg
+ rm -f /home/indemind/.jenkins_slave/workspace/rubby-depth-test/_commit-msg.tmp
+ rm -f /home/indemind/.jenkins_slave/workspace/rubby-depth-test/result.log
+ rm -f /home/indemind/.jenkins_slave/workspace/rubby-depth-test/no_code_change.log
+ sign_env
+ CONFIG_DIR_SET=/home/indemind/system
+ CONFIG_BRANCH=mind_os
+ CLONE_DEPTH=--depth=1
+ CONFIG_DIR=/home/indemind/system/i18rconfig
+ CONFIG_REMOTE='git clone ssh://git@192.168.50.191:222/AroundI18RProject/i18rconfig /home/indemind/system/i18rconfig -b mind_os --depth=1'
+ [[ x86_64 =~ x86_64 ]]
+ ENCRYPTION_TOOL=/home/indemind/system/i18rconfig/encrypt_x64
+ CLONE_DEPTH=--depth=1
+ PUBLICBASETYPES_DIR=/home/indemind/system/I18RPublicBaseTypes
+ cmdb_mysql 'insert into prebuild(job_name,source_project,source_branch,target_project,target_branch,time,build_url,node_name,build_user) values ('\''rubby-depth-test'\'','\''qiuliru/DepthModuleForRubby'\'','\''dev_shending_mid'\'','\''abby/integration/depth'\'','\''caffer'\'',now(),'\''http://192.168.50.191:8088/job/rubby-depth-test/195/'\'','\''191'\'','\''qiuliru'\'')'
+ set +x
+ DOCKER_CONTAINER_I18=build-x64-18.04
+ DOCKER_CONTAINER_RUBBY=c405
+ DOCKER_CONTAINER_RUBBY_INSIDE=c3566
+ DOCKER_CONTAINER_JAVA=node
+ JENKINS_JOB_A=mind
+ JENKINS_JOB_B=rbn
+ JENKINS_JOB_C=mark-check-tools
+ JENKINS_JOB_D=java
+ JENKINS_JOB_E=clean_recorder
+ JENKINS_JOB_F=i18r
+ JENKINS_JOB_G=nodejs
+ JENKINS_JOB_H=_ui
+ JENKINS_JOB_L=i12r
+ [[ rubby-depth-test =~ mind ]]
+ '[' false = false ']'
+ source_project_update
+ '[' -d /home/indemind/.jenkins_slave/workspace/rubby-depth-test/DepthModuleForRubby ']'
+ pushd /home/indemind/.jenkins_slave/workspace/rubby-depth-test/DepthModuleForRubby
~/.jenkins_slave/workspace/rubby-depth-test/DepthModuleForRubby ~/.jenkins_slave/workspace/rubby-depth-test
+ git checkout ./
+ git pull --rebase
Warning: Permanently added '[192.168.50.191]:222' (ECDSA) to the list of known hosts.
æ¥è‡ª ssh://192.168.50.191:222/qiuliru/DepthModuleForRubby
   ebdc973..7769877  dev_shending_mid -> origin/dev_shending_mid
é¦–å…ˆï¼Œå›žé€€åˆ†æ”¯ä»¥ä¾¿åœ¨ä¸Šé¢é‡æ”¾æ‚¨çš„å·¥ä½œ...
å¿«è¿› dev_shending_mid è‡³ 776987713b23617f596d8e151a507e779ca47052ã€‚
+ popd
~/.jenkins_slave/workspace/rubby-depth-test
+ target_project_update
+ rm -rf /home/indemind/.jenkins_slave/workspace/rubby-depth-test/depth
+ target_project_fetch
+ git clone ssh://git@192.168.50.191:222/abby/integration/depth -b caffer --depth=1
æ­£å…‹éš†åˆ° 'depth'...
Warning: Permanently added '[192.168.50.191]:222' (ECDSA) to the list of known hosts.
+ insert_db
+ pushd /home/indemind/.jenkins_slave/workspace/rubby-depth-test/DepthModuleForRubby
~/.jenkins_slave/workspace/rubby-depth-test/DepthModuleForRubby ~/.jenkins_slave/workspace/rubby-depth-test
++ cmdb_mysql 'SELECT first_commit_id FROM prebuild where source_project='\''qiuliru/DepthModuleForRubby'\'' and source_branch='\''dev_shending_mid'\'' and target_project='\''abby/integration/depth'\'' and target_branch='\''caffer'\'' and status='\''0'\'' and job_name='\''rubby-depth-test'\'' order by id desc limit 1;'
++ set +x
+ version='first_commit_id
ebdc973'
++ echo first_commit_id ebdc973
++ awk -F ' ' '{print $2}'
+ version=ebdc973
++ git log -1 --pretty=format:%h
+ first_commit_id_now=7769877
+ cmdb_mysql 'update prebuild set first_commit_id='\''7769877'\'' where build_url='\''http://192.168.50.191:8088/job/rubby-depth-test/195/'\'';'
+ set +x
+ popd
~/.jenkins_slave/workspace/rubby-depth-test
+ [[ x86_64 =~ x86_64 ]]
+ docker exec -i c405 /bin/bash
++ cat /home/indemind/system/i18rconfig/encryption.list
cat: /home/indemind/system/i18rconfig/encryption.list: æ²¡æœ‰é‚£ä¸ªæ–‡ä»¶æˆ–ç›®å½•
++ cat /home/indemind/system/i18rconfig/encryption.list
cat: /home/indemind/system/i18rconfig/encryption.list: æ²¡æœ‰é‚£ä¸ªæ–‡ä»¶æˆ–ç›®å½•
+ [[ c405 == c405 ]]
+ echo 'rubby project building in c405......'
rubby project building in c405......
+ pushd /root/system/abby_msg
/bin/bash: line 4: pushd: /root/system/abby_msg: No such file or directory
+ git checkout ./
fatal: not a git repository (or any of the parent directories): .git
+ git pull origin master
fatal: not a git repository (or any of the parent directories): .git
+ popd
/bin/bash: line 7: popd: directory stack empty
+ pushd /home/indemind/.jenkins_slave/workspace/rubby-depth-test/DepthModuleForRubby
/home/indemind/.jenkins_slave/workspace/rubby-depth-test/DepthModuleForRubby /
+ git submodule update --init --recursive
Submodule path 'source/submodules/abby_msg': checked out 'd1567adfab8b002112b3f9cc3bb50da2fbe1fe35'
+ git submodule update --remote
From http://192.168.50.191:85/abby/source/abby_msg
   8ed0f4c..a6f1a74  master     -> origin/master
Submodule path 'source/submodules/abby_msg': checked out 'a6f1a740a021ccb99a7b4fe59f000bd13da112b8'
+ sed -i 's/make -j[0-9].*/make -j4/g' compile.sh
+ source /opt/ros/melodic/setup.bash
+ bash -ex compile.sh
+ main
+ git submodule update --init --recursive
Submodule path 'source/submodules/abby_msg': checked out 'd1567adfab8b002112b3f9cc3bb50da2fbe1fe35'
+ git submodule update --remote
Submodule path 'source/submodules/abby_msg': checked out 'a6f1a740a021ccb99a7b4fe59f000bd13da112b8'
+++ dirname compile.sh
++ cd .
++ pwd
+ local projectPath=/home/indemind/.jenkins_slave/workspace/rubby-depth-test/DepthModuleForRubby
+ local libPath=
++ arch
+ '[' aarch64 = x86_64 ']'
+ libPath=/home/indemind/.jenkins_slave/workspace/rubby-depth-test/DepthModuleForRubby/install/lib/arm
+ echo 'libpath: /home/indemind/.jenkins_slave/workspace/rubby-depth-test/DepthModuleForRubby/install/lib/arm'
libpath: /home/indemind/.jenkins_slave/workspace/rubby-depth-test/DepthModuleForRubby/install/lib/arm
+ cd /home/indemind/.jenkins_slave/workspace/rubby-depth-test/DepthModuleForRubby
+ mkdir build
/bin/mkdir: cannot create directory 'build': File exists
+ true
+ cd build
+ cmake ..
Build type: Release
Detected armv8  -D__ARM_PLATFORM__ -D__ARM_NEON__ -DENABLE_NEON -Ofast -std=c++17 -Wno-unused-result
-- Using flag -std=c++17.
-- CONFIG_BUILD_ROS=OFF
-- Boost version: 1.65.1
-- Found the following Boost libraries:
--   system
--   filesystem
CMake Warning at source/CMakeLists.txt:98 (message):
  OpenMP found.


-- CONFIG_BUILD_I18R=OFF
-- CONFIG_BUILD_I26R=OFF
-- CONFIG_BUILD_RUBBY=ON
-- CONFIG_BUILD_TOF=ON
-- CONFIG_BUILD_OPENCV_CONTRIB=OFF
-- config path="/home/indemind/.jenkins_slave/workspace/rubby-depth-test/DepthModuleForRubby/source/../config/"
-- BUILD_TEST_NODE=ON
-- BUILD_TOF_CAM_TEST_NODE=OFF
-- Configuring done
-- Generating done
-- Build files have been written to: /home/indemind/.jenkins_slave/workspace/rubby-depth-test/DepthModuleForRubby/build
+ make
Scanning dependencies of target depth
[  3%] Building CXX object source/CMakeFiles/depth.dir/modules/impl/depth_impl.cpp.o
In file included from /home/indemind/.jenkins_slave/workspace/rubby-depth-test/DepthModuleForRubby/source/include/Rubby/depth.h:46:0,
                 from /home/indemind/.jenkins_slave/workspace/rubby-depth-test/DepthModuleForRubby/source/modules/impl/depth_impl.h:10,
                 from /home/indemind/.jenkins_slave/workspace/rubby-depth-test/DepthModuleForRubby/source/modules/impl/depth_impl.cpp:6:
/home/indemind/.jenkins_slave/workspace/rubby-depth-test/DepthModuleForRubby/source/submodules/abby_msg/msg/server/state/ChangeMop.h: In function 'void mind_os::serialize(const T&, mind_os::BytesBuffer&) [with T = state_msgs::ChangeMop]':
/home/indemind/.jenkins_slave/workspace/rubby-depth-test/DepthModuleForRubby/source/submodules/abby_msg/msg/server/state/ChangeMop.h:16:32: error: no matching function for call to 'serialize(mind_os::BytesBuffer&, const bool&)'
     serialize(buffer, data.down);
                                ^
In file included from /home/indemind/.jenkins_slave/workspace/rubby-depth-test/DepthModuleForRubby/source/submodules/abby_msg/msg/sensor/ImgMsg.h:6:0,
                 from /home/indemind/.jenkins_slave/workspace/rubby-depth-test/DepthModuleForRubby/source/include/Rubby/depth.h:36,
                 from /home/indemind/.jenkins_slave/workspace/rubby-depth-test/DepthModuleForRubby/source/modules/impl/depth_impl.h:10,
                 from /home/indemind/.jenkins_slave/workspace/rubby-depth-test/DepthModuleForRubby/source/modules/impl/depth_impl.cpp:6:
/usr/local/include/mind_os/serialization/serialization.h:20:13: note: candidate: template<class T> void mind_os::serialize(const T&, mind_os::BytesBuffer&)
 inline void serialize(const T& data, BytesBuffer& buffer) {
             ^~~~~~~~~
/usr/local/include/mind_os/serialization/serialization.h:20:13: note:   template argument deduction/substitution failed:
In file included from /home/indemind/.jenkins_slave/workspace/rubby-depth-test/DepthModuleForRubby/source/include/Rubby/depth.h:46:0,
                 from /home/indemind/.jenkins_slave/workspace/rubby-depth-test/DepthModuleForRubby/source/modules/impl/depth_impl.h:10,
                 from /home/indemind/.jenkins_slave/workspace/rubby-depth-test/DepthModuleForRubby/source/modules/impl/depth_impl.cpp:6:
/home/indemind/.jenkins_slave/workspace/rubby-depth-test/DepthModuleForRubby/source/submodules/abby_msg/msg/server/state/ChangeMop.h:16:28: note:   cannot convert 'data.state_msgs::ChangeMop::down' (type 'const bool') to type 'mind_os::BytesBuffer&'
     serialize(buffer, data.down);
                       ~~~~~^~~~
In file included from /home/indemind/.jenkins_slave/workspace/rubby-depth-test/DepthModuleForRubby/source/submodules/abby_msg/msg/sensor/ImgMsg.h:6:0,
                 from /home/indemind/.jenkins_slave/workspace/rubby-depth-test/DepthModuleForRubby/source/include/Rubby/depth.h:36,
                 from /home/indemind/.jenkins_slave/workspace/rubby-depth-test/DepthModuleForRubby/source/modules/impl/depth_impl.h:10,
                 from /home/indemind/.jenkins_slave/workspace/rubby-depth-test/DepthModuleForRubby/source/modules/impl/depth_impl.cpp:6:
/usr/local/include/mind_os/serialization/serialization.h:31:13: note: candidate: template<class T, class TYPE_GUARD> void mind_os::serialize(const std::vector<_Tp>&, mind_os::BytesBuffer&)
 inline void serialize(const std::vector<T>& data, BytesBuffer& buffer) {
             ^~~~~~~~~
/usr/local/include/mind_os/serialization/serialization.h:31:13: note:   template argument deduction/substitution failed:
In file included from /home/indemind/.jenkins_slave/workspace/rubby-depth-test/DepthModuleForRubby/source/include/Rubby/depth.h:46:0,
                 from /home/indemind/.jenkins_slave/workspace/rubby-depth-test/DepthModuleForRubby/source/modules/impl/depth_impl.h:10,
                 from /home/indemind/.jenkins_slave/workspace/rubby-depth-test/DepthModuleForRubby/source/modules/impl/depth_impl.cpp:6:
/home/indemind/.jenkins_slave/workspace/rubby-depth-test/DepthModuleForRubby/source/submodules/abby_msg/msg/server/state/ChangeMop.h:16:32: note:   'mind_os::BytesBuffer' is not derived from 'const std::vector<_Tp>'
     serialize(buffer, data.down);
                                ^
In file included from /home/indemind/.jenkins_slave/workspace/rubby-depth-test/DepthModuleForRubby/source/submodules/abby_msg/msg/sensor/ImgMsg.h:6:0,
                 from /home/indemind/.jenkins_slave/workspace/rubby-depth-test/DepthModuleForRubby/source/include/Rubby/depth.h:36,
                 from /home/indemind/.jenkins_slave/workspace/rubby-depth-test/DepthModuleForRubby/source/modules/impl/depth_impl.h:10,
                 from /home/indemind/.jenkins_slave/workspace/rubby-depth-test/DepthModuleForRubby/source/modules/impl/depth_impl.cpp:6:
/usr/local/include/mind_os/serialization/serialization.h:51:13: note: candidate: template<class T> void mind_os::serialize(const std::__cxx11::list<T>&, mind_os::BytesBuffer&)
 inline void serialize(const std::list<T>& data, BytesBuffer& buffer) {
             ^~~~~~~~~
/usr/local/include/mind_os/serialization/serialization.h:51:13: note:   template argument deduction/substitution failed:
In file included from /home/indemind/.jenkins_slave/workspace/rubby-depth-test/DepthModuleForRubby/source/include/Rubby/depth.h:46:0,
                 from /home/indemind/.jenkins_slave/workspace/rubby-depth-test/DepthModuleForRubby/source/modules/impl/depth_impl.h:10,
                 from /home/indemind/.jenkins_slave/workspace/rubby-depth-test/DepthModuleForRubby/source/modules/impl/depth_impl.cpp:6:
/home/indemind/.jenkins_slave/workspace/rubby-depth-test/DepthModuleForRubby/source/submodules/abby_msg/msg/server/state/ChangeMop.h:16:32: note:   'mind_os::BytesBuffer' is not derived from 'const std::__cxx11::list<T>'
     serialize(buffer, data.down);
                                ^
In file included from /home/indemind/.jenkins_slave/workspace/rubby-depth-test/DepthModuleForRubby/source/submodules/abby_msg/msg/sensor/ImgMsg.h:6:0,
                 from /home/indemind/.jenkins_slave/workspace/rubby-depth-test/DepthModuleForRubby/source/include/Rubby/depth.h:36,
                 from /home/indemind/.jenkins_slave/workspace/rubby-depth-test/DepthModuleForRubby/source/modules/impl/depth_impl.h:10,
                 from /home/indemind/.jenkins_slave/workspace/rubby-depth-test/DepthModuleForRubby/source/modules/impl/depth_impl.cpp:6:
/usr/local/include/mind_os/serialization/serialization.h:71:13: note: candidate: template<class T, class TYPE_GUARD> void mind_os::serialize(T*, size_t, mind_os::BytesBuffer&)
 inline void serialize(T* data, size_t size, BytesBuffer& buffer) {
             ^~~~~~~~~
/usr/local/include/mind_os/serialization/serialization.h:71:13: note:   template argument deduction/substitution failed:
In file included from /home/indemind/.jenkins_slave/workspace/rubby-depth-test/DepthModuleForRubby/source/include/Rubby/depth.h:46:0,
                 from /home/indemind/.jenkins_slave/workspace/rubby-depth-test/DepthModuleForRubby/source/modules/impl/depth_impl.h:10,
                 from /home/indemind/.jenkins_slave/workspace/rubby-depth-test/DepthModuleForRubby/source/modules/impl/depth_impl.cpp:6:
/home/indemind/.jenkins_slave/workspace/rubby-depth-test/DepthModuleForRubby/source/submodules/abby_msg/msg/server/state/ChangeMop.h:16:32: note:   mismatched types 'T*' and 'mind_os::BytesBuffer'
     serialize(buffer, data.down);
                                ^
In file included from /home/indemind/.jenkins_slave/workspace/rubby-depth-test/DepthModuleForRubby/source/submodules/abby_msg/msg/sensor/ImgMsg.h:6:0,
                 from /home/indemind/.jenkins_slave/workspace/rubby-depth-test/DepthModuleForRubby/source/include/Rubby/depth.h:36,
                 from /home/indemind/.jenkins_slave/workspace/rubby-depth-test/DepthModuleForRubby/source/modules/impl/depth_impl.h:10,
                 from /home/indemind/.jenkins_slave/workspace/rubby-depth-test/DepthModuleForRubby/source/modules/impl/depth_impl.cpp:6:
/usr/local/include/mind_os/serialization/serialization.h:76:13: note: candidate: template<class T, class TYPE_GUARD, bool flag> void mind_os::serialize(T*, size_t, mind_os::BytesBuffer&)
 inline void serialize(T* data, size_t size, BytesBuffer& buffer) {
             ^~~~~~~~~
/usr/local/include/mind_os/serialization/serialization.h:76:13: note:   template argument deduction/substitution failed:
In file included from /home/indemind/.jenkins_slave/workspace/rubby-depth-test/DepthModuleForRubby/source/include/Rubby/depth.h:46:0,
                 from /home/indemind/.jenkins_slave/workspace/rubby-depth-test/DepthModuleForRubby/source/modules/impl/depth_impl.h:10,
                 from /home/indemind/.jenkins_slave/workspace/rubby-depth-test/DepthModuleForRubby/source/modules/impl/depth_impl.cpp:6:
/home/indemind/.jenkins_slave/workspace/rubby-depth-test/DepthModuleForRubby/source/submodules/abby_msg/msg/server/state/ChangeMop.h:16:32: note:   mismatched types 'T*' and 'mind_os::BytesBuffer'
     serialize(buffer, data.down);
                                ^
source/CMakeFiles/depth.dir/build.make:470: recipe for target 'source/CMakeFiles/depth.dir/modules/impl/depth_impl.cpp.o' failed
make[2]: *** [source/CMakeFiles/depth.dir/modules/impl/depth_impl.cpp.o] Error 1
CMakeFiles/Makefile2:87: recipe for target 'source/CMakeFiles/depth.dir/all' failed
make[1]: *** [source/CMakeFiles/depth.dir/all] Error 2
Makefile:83: recipe for target 'all' failed
make: *** [all] Error 2
+ echo 0
+ [[ rubby-depth-test =~ mind ]]
+ popd
/
+ exit
+ [[ -f /home/indemind/.jenkins_slave/workspace/rubby-depth-test/no_code_change.log ]]
+ check_status_code
+ test -f /home/indemind/.jenkins_slave/workspace/rubby-depth-test/result.log
+ echo 'containge build is error'
containge build is error
+ exit 1
Build step 'Execute shell' marked build as failure
Email was triggered for: Failure - Any
Sending email for trigger: Failure - Any
Sending email to: qishanqing@indemind.cn lishaohui@indemind.cn
Finished: FAILURE
