Started by user [8mha:////4MzersSP/9cKUovrzPMuoS/kLqxVF8zd8yb1BUJ8RGIAAAAAmh+LCAAAAAAAAP9b85aBtbiIQTGjNKU4P08vOT+vOD8nVc83PyU1x6OyILUoJzMv2y+/JJUBAhiZGBgqihhk0NSjKDWzXb3RdlLBUSYGJk8GtpzUvPSSDB8G5tKinBIGIZ+sxLJE/ZzEvHT94JKizLx0a6BxUmjGOUNodHsLgAzuEgYB/dLi1CL9nMzSXKDZQJMAv/Rqu8UAAAA=[0mliumengyang
Rebuilds build #[8mha:////4E+M2rZ66lFnVC8tb+iwLjiwUsjeR/0Za5P8VNRhWUVrAAAAph+LCAAAAAAAAP9b85aBtbiIQTGjNKU4P08vOT+vOD8nVc83PyU1x6OyILUoJzMv2y+/JJUBAhiZGBgqihhk0NSjKDWzXb3RdlLBUSYGJk8GtpzUvPSSDB8G5tKinBIGIZ+sxLJE/ZzEvHT94JKizLx0a6BxUmjGOUNodHsLgAymEgYp/az8JP3kxLTUIl0zMwND3dTcpNSU1BR9C0MApQdmpc8AAAA=[0m81
Running as SYSTEM
Building remotely on [8mha:////4Mv+1wvIWl3OXIDGu6w3unSREX/fT0xpLFWon9eyySx4AAAAoR+LCAAAAAAAAP9b85aBtbiIQTGjNKU4P08vOT+vOD8nVc83PyU1x6OyILUoJzMv2y+/JJUBAhiZGBgqihhk0NSjKDWzXb3RdlLBUSYGJk8GtpzUvPSSDB8G5tKinBIGIZ+sxLJE/ZzEvHT94JKizLx0a6BxUmjGOUNodHsLgAzuEgZR/eT83ILSktQi/eyMxJTEYt3kxCJzAF4ra8rKAAAA[0mkhadas-car7 (car7) in workspace /root/workspace/workspace/cafer-6601-embeded
[WS-CLEANUP] Clean-up disabled, skipping workspace deletion.
[cafer-6601-embeded] $ /bin/sh -xe /tmp/jenkins1197001509188052698.sh
+ bash /root/myscript/build/build.sh
++ export MYSQL_PWD=123
++ MYSQL_PWD=123
++ export -f cmdb_mysql
+ set -ex
+ export -f public_project_update
+ export -f project_build
+ init_project_env
++ date +%Y%m%d
+ DT=20240115
+ UserName=jenkins
+ API_TOKEN=11b65309c9835de9579d9c9038853d9eb7
+ GIT_PRIVATE_TOKEN=emEDrsaJVjxKK5gSWrf-
+ GIT_HOST=192.168.50.191
++ awk -F/ '{print $1"%2F"$2}'
++ echo abby/integration/sensors
+ CONVERT_TARGET_PROJECT=abby%2Fintegration
++ python -c 'import sys, json; print(json.load(sys.stdin)["id"])'
/root/myscript/build/build.sh: line 14: python: command not found
++ curl -XGET -H 'Content-Type: application/json' --header 'PRIVATE-TOKEN: emEDrsaJVjxKK5gSWrf-' http://192.168.50.191:85/api/v4/projects/abby%2Fintegration
  % Total    % Received % Xferd  Average Speed   Time    Time     Time  Current
                                 Dload  Upload   Total   Spent    Left  Speed
  0     0    0     0    0     0      0      0 --:--:-- --:--:-- --:--:--     0100    35  100    35    0     0   1093      0 --:--:-- --:--:-- --:--:--  1129
(23) Failed writing body
+ SUB_PROJECT_ID=
+ true
+ '[' -z ']'
+ SOURCE_DIR=/root/workspace/workspace/cafer-6601-embeded/rubby_sensor_6601
+ TARGET_DIR=/root/workspace/workspace/cafer-6601-embeded/sensors
+ prepare_env
++ uname -m
+ system_platform=aarch64
+ :
++ sort
++ grep processor
++ uniq
++ cat /proc/cpuinfo
++ wc -l
+ mt=-j4
+ export COMMIT_ID_FILE=/root/workspace/workspace/cafer-6601-embeded/_last_build_id
+ COMMIT_ID_FILE=/root/workspace/workspace/cafer-6601-embeded/_last_build_id
+ export COMMIT_MSG_FILE=/root/workspace/workspace/cafer-6601-embeded/_commit-msg
+ COMMIT_MSG_FILE=/root/workspace/workspace/cafer-6601-embeded/_commit-msg
+ export COMMIT_MSG_FILE_TMP=/root/workspace/workspace/cafer-6601-embeded/_commit-msg.tmp
+ COMMIT_MSG_FILE_TMP=/root/workspace/workspace/cafer-6601-embeded/_commit-msg.tmp
+ rm -f /root/workspace/workspace/cafer-6601-embeded/_last_build_id
+ rm -f /root/workspace/workspace/cafer-6601-embeded/_commit-msg
+ rm -f /root/workspace/workspace/cafer-6601-embeded/_commit-msg.tmp
+ rm -f /root/workspace/workspace/cafer-6601-embeded/result.log
+ rm -f /root/workspace/workspace/cafer-6601-embeded/no_code_change.log
+ CLONE_DEPTH=--depth=1
+ PUBLICBASETYPES_DIR=/root/system/I18RPublicBaseTypes
+ cmdb_mysql 'insert into prebuild(job_name,source_project,source_branch,target_project,target_branch,time,build_url,node_name,build_user) values ('\''cafer-6601-embeded'\'','\''EmbeddedGroup/rubby_sensor_6601'\'','\''master'\'','\''abby/integration/sensors'\'','\''caffer'\'',now(),'\''http://192.168.50.191:8088/job/cafer-6601-embeded/82/'\'','\''khadas-car7'\'','\''liumengang'\'')'
+ set +x
+ DOCKER_CONTAINER_I18=build-x64-18.04
+ DOCKER_CONTAINER_RUBBY=c405
+ DOCKER_CONTAINER_RUBBY_INSIDE=c3566
+ DOCKER_CONTAINER_JAVA=node
+ JENKINS_JOB_A=mind
+ JENKINS_JOB_B=rbn
+ JENKINS_JOB_C=mark-check-tools
+ JENKINS_JOB_D=java
+ JENKINS_JOB_E=clean_recorder
+ JENKINS_JOB_F=i18r
+ JENKINS_JOB_G=nodejs
+ JENKINS_JOB_H=_ui
+ JENKINS_JOB_L=i12r
+ [[ cafer-6601-embeded =~ mind ]]
+ '[' false = false ']'
+ source_project_update
+ '[' -d /root/workspace/workspace/cafer-6601-embeded/rubby_sensor_6601 ']'
+ pushd /root/workspace/workspace/cafer-6601-embeded/rubby_sensor_6601
~/workspace/workspace/cafer-6601-embeded/rubby_sensor_6601 ~/workspace/workspace/cafer-6601-embeded
+ git checkout ./
Updated 1 path from the index
+ git pull --rebase
From ssh://192.168.50.191:222/EmbeddedGroup/rubby_sensor_6601
   13546ce..c96af56  master     -> origin/master
Updating 13546ce..c96af56
Fast-forward
 sensor/core/multi_module/src/MultiModule.cpp | 10 ++++++++--
 1 file changed, 8 insertions(+), 2 deletions(-)
Current branch master is up to date.
+ popd
~/workspace/workspace/cafer-6601-embeded
+ target_project_update
+ rm -rf /root/workspace/workspace/cafer-6601-embeded/sensors
+ target_project_fetch
+ git clone ssh://git@192.168.50.191:222/abby/integration/sensors -b caffer --depth=1
Cloning into 'sensors'...
+ insert_db
+ pushd /root/workspace/workspace/cafer-6601-embeded/rubby_sensor_6601
~/workspace/workspace/cafer-6601-embeded/rubby_sensor_6601 ~/workspace/workspace/cafer-6601-embeded
++ cmdb_mysql 'SELECT first_commit_id FROM prebuild where source_project='\''EmbeddedGroup/rubby_sensor_6601'\'' and source_branch='\''master'\'' and target_project='\''abby/integration/sensors'\'' and target_branch='\''caffer'\'' and status='\''0'\'' and job_name='\''cafer-6601-embeded'\'' order by id desc limit 1;'
++ set +x
+ version='first_commit_id
13546ce'
++ awk -F ' ' '{print $2}'
++ echo first_commit_id 13546ce
+ version=13546ce
++ git log -1 --pretty=format:%h
+ first_commit_id_now=c96af56
+ cmdb_mysql 'update prebuild set first_commit_id='\''c96af56'\'' where build_url='\''http://192.168.50.191:8088/job/cafer-6601-embeded/82/'\'';'
+ set +x
+ popd
~/workspace/workspace/cafer-6601-embeded
+ [[ aarch64 =~ x86_64 ]]
+ [[ cafer-6601-embeded =~ rbn ]]
+ [[ cafer-6601-embeded =~ mind ]]
+ public_project_update
+ rm -rf /root/system/I18RPublicBaseTypes
+ [[ cafer-6601-embeded =~ nodejs ]]
+ [[ cafer-6601-embeded =~ clean_recorder ]]
+ [[ cafer-6601-embeded =~ i18r ]]
+ public_i18rutilitysubmodule_update
+ pushd /root/system/i18rutilitysubmodule
~/system/i18rutilitysubmodule ~/workspace/workspace/cafer-6601-embeded
+ git checkout ./
Updated 0 paths from the index
+ git clean -xdf ./
+ git pull origin develop
From ssh://192.168.50.191:222/AroundI18RProject/i18rutilitysubmodule
 * branch            develop    -> FETCH_HEAD
Already up to date.
+ ./install.sh
+ popd
~/workspace/workspace/cafer-6601-embeded
+ project_build
+ pushd /root/workspace/workspace/cafer-6601-embeded/rubby_sensor_6601
~/workspace/workspace/cafer-6601-embeded/rubby_sensor_6601 ~/workspace/workspace/cafer-6601-embeded
+ project_init_remote
++ find -type f -name sync_submodules.sh
+ sf=
+ '[' -z ']'
+ git submodule update --init --recursive
+ git submodule update --remote
+ sed -i 's/make -j[0-9].*/make -j4/g' build.sh
+ '[' -z ']'
+ '[' xc96af56 == x13546ce ']'
+ bash -ex build.sh
++ wc -l
++ grep processor
++ cat /proc/cpuinfo
+ NR=6
++ uname -m
+ PLATFORM=aarch64
+ echo 'now platform is aarch64 ...'
now platform is aarch64 ...
+ [[ 0 -gt 0 ]]
+ '[' aarch64 = x86_64 ']'
+ '[' aarch64 = aarch64 ']'
+ arm64_compile_arm64
+ '[' '!' -d build_arm64 ']'
+ cd build_arm64
+ cmake -DCOMPILE_FOR_SDK=OFF -DCROSS_COMPILE_ENABLE=OFF ..
LIBRARY_OUTPUT_PATH /root/workspace/workspace/cafer-6601-embeded/rubby_sensor_6601/install/lib/arm ..................
EXECUTABLE_OUTPUT_PATH /root/workspace/workspace/cafer-6601-embeded/rubby_sensor_6601/install/bin/arm .....................
-- BUILD_ROS_NODE=OFF
-- emb_common version is 1.0.2
-- imsee version is 1.0.2
-- KeyBoard version is 1.0.2
-- McuData version is 1.0.2
-- multimodule version is 1.0.2
-- sensorControl version is 1.0.2
-- sensor_plugin version is 1.0.2
-- test_plugin version is 1.0.2
-- sensor_subscriber_plugin version is 1.0.2
-- Configuring done
-- Generating done
-- Build files have been written to: /root/workspace/workspace/cafer-6601-embeded/rubby_sensor_6601/build_arm64
+ make -j6
[ 21%] Built target emb_common
[ 26%] Built target KeyBoard
[ 29%] Built target sensorControl
[ 34%] Built target monitor_node
[ 37%] Built target test_plugin
[ 40%] Built target sensor_subscriber_plugin
Scanning dependencies of target multi_main
Scanning dependencies of target multimodule
[ 78%] Built target imsee
[ 79%] Building CXX object sensor/core/multi_module/sample/CMakeFiles/multi_main.dir/__/src/MultiModule.cpp.o
[ 87%] Built target McuData
[ 89%] Building CXX object sensor/core/multi_module/src/CMakeFiles/multimodule.dir/MultiModule.cpp.o
[ 92%] Built target gs2_calibration
/root/workspace/workspace/cafer-6601-embeded/rubby_sensor_6601/sensor/core/multi_module/src/MultiModule.cpp: In member function â€˜virtual int emb_node::ToolsModule::LoadConfig(std::string)â€™:
/root/workspace/workspace/cafer-6601-embeded/rubby_sensor_6601/sensor/core/multi_module/src/MultiModule.cpp:190:26: warning: unused variable â€˜configFileâ€™ [-Wunused-variable]
  190 |   YAMLConfig::ConfigFile configFile;
      |                          ^~~~~~~~~~
/root/workspace/workspace/cafer-6601-embeded/rubby_sensor_6601/sensor/core/multi_module/src/MultiModule.cpp: In member function â€˜virtual int emb_node::ToolsModule::LoadConfig(std::string)â€™:
/root/workspace/workspace/cafer-6601-embeded/rubby_sensor_6601/sensor/core/multi_module/src/MultiModule.cpp:190:26: warning: unused variable â€˜configFileâ€™ [-Wunused-variable]
  190 |   YAMLConfig::ConfigFile configFile;
      |                          ^~~~~~~~~~
/root/workspace/workspace/cafer-6601-embeded/rubby_sensor_6601/sensor/core/multi_module/src/MultiModule.cpp: In member function â€˜void emb_node::ToolsModule::GetCmainfo()â€™:
/root/workspace/workspace/cafer-6601-embeded/rubby_sensor_6601/sensor/core/multi_module/src/MultiModule.cpp:249:9: error: redeclaration of â€˜FILE* fâ€™
  249 |   FILE *f = popen("cat /proc/meminfo | grep -ai CmaTotal", "r");
      |         ^
/root/workspace/workspace/cafer-6601-embeded/rubby_sensor_6601/sensor/core/multi_module/src/MultiModule.cpp:244:9: note: â€˜FILE* fâ€™ previously declared here
  244 |   FILE *f = popen("cat /proc/meminfo | grep -ai CmaFree", "r");
      |         ^
/root/workspace/workspace/cafer-6601-embeded/rubby_sensor_6601/sensor/core/multi_module/src/MultiModule.cpp:252:15: error: redeclaration of â€˜std::string valâ€™
  252 |   std::string val(buf);
      |               ^~~
/root/workspace/workspace/cafer-6601-embeded/rubby_sensor_6601/sensor/core/multi_module/src/MultiModule.cpp:247:15: note: â€˜std::string valâ€™ previously declared here
  247 |   std::string val(buf);
      |               ^~~
/root/workspace/workspace/cafer-6601-embeded/rubby_sensor_6601/sensor/core/multi_module/src/MultiModule.cpp: In member function â€˜void emb_node::ToolsModule::GetCmainfo()â€™:
/root/workspace/workspace/cafer-6601-embeded/rubby_sensor_6601/sensor/core/multi_module/src/MultiModule.cpp:249:9: error: redeclaration of â€˜FILE* fâ€™
  249 |   FILE *f = popen("cat /proc/meminfo | grep -ai CmaTotal", "r");
      |         ^
/root/workspace/workspace/cafer-6601-embeded/rubby_sensor_6601/sensor/core/multi_module/src/MultiModule.cpp:244:9: note: â€˜FILE* fâ€™ previously declared here
  244 |   FILE *f = popen("cat /proc/meminfo | grep -ai CmaFree", "r");
      |         ^
/root/workspace/workspace/cafer-6601-embeded/rubby_sensor_6601/sensor/core/multi_module/src/MultiModule.cpp:252:15: error: redeclaration of â€˜std::string valâ€™
  252 |   std::string val(buf);
      |               ^~~
/root/workspace/workspace/cafer-6601-embeded/rubby_sensor_6601/sensor/core/multi_module/src/MultiModule.cpp:247:15: note: â€˜std::string valâ€™ previously declared here
  247 |   std::string val(buf);
      |               ^~~
/root/workspace/workspace/cafer-6601-embeded/rubby_sensor_6601/sensor/core/multi_module/src/MultiModule.cpp: In member function â€˜void emb_node::ToolsModule::SysCheckTaks()â€™:
/root/workspace/workspace/cafer-6601-embeded/rubby_sensor_6601/sensor/core/multi_module/src/MultiModule.cpp:269:14: warning: unused variable â€˜nowTimeâ€™ [-Wunused-variable]
  269 |     uint64_t nowTime = GetSystimeMs();
      |              ^~~~~~~
/root/workspace/workspace/cafer-6601-embeded/rubby_sensor_6601/sensor/core/multi_module/src/MultiModule.cpp:258:12: warning: unused variable â€˜temperatureLastTimeâ€™ [-Wunused-variable]
  258 |   uint64_t temperatureLastTime = GetSystimeMs();
      |            ^~~~~~~~~~~~~~~~~~~
/root/workspace/workspace/cafer-6601-embeded/rubby_sensor_6601/sensor/core/multi_module/src/MultiModule.cpp: In member function â€˜void emb_node::ToolsModule::SysCheckTaks()â€™:
/root/workspace/workspace/cafer-6601-embeded/rubby_sensor_6601/sensor/core/multi_module/src/MultiModule.cpp:269:14: warning: unused variable â€˜nowTimeâ€™ [-Wunused-variable]
  269 |     uint64_t nowTime = GetSystimeMs();
      |              ^~~~~~~
/root/workspace/workspace/cafer-6601-embeded/rubby_sensor_6601/sensor/core/multi_module/src/MultiModule.cpp:258:12: warning: unused variable â€˜temperatureLastTimeâ€™ [-Wunused-variable]
  258 |   uint64_t temperatureLastTime = GetSystimeMs();
      |            ^~~~~~~~~~~~~~~~~~~
/root/workspace/workspace/cafer-6601-embeded/rubby_sensor_6601/sensor/core/multi_module/src/MultiModule.cpp: In member function â€˜virtual int emb_node::ToolsModule::SetSysTime(uint64_t)â€™:
/root/workspace/workspace/cafer-6601-embeded/rubby_sensor_6601/sensor/core/multi_module/src/MultiModule.cpp:333:1: warning: no return statement in function returning non-void [-Wreturn-type]
  333 | }
      | ^
/root/workspace/workspace/cafer-6601-embeded/rubby_sensor_6601/sensor/core/multi_module/src/MultiModule.cpp: In member function â€˜virtual int emb_node::ToolsModule::SetSysTime(int, int, int, int, int, int, int)â€™:
/root/workspace/workspace/cafer-6601-embeded/rubby_sensor_6601/sensor/core/multi_module/src/MultiModule.cpp:347:1: warning: no return statement in function returning non-void [-Wreturn-type]
  347 | }
      | ^
/root/workspace/workspace/cafer-6601-embeded/rubby_sensor_6601/sensor/core/multi_module/src/MultiModule.cpp: In member function â€˜virtual int emb_node::ToolsModule::SetSysTime(uint64_t)â€™:
/root/workspace/workspace/cafer-6601-embeded/rubby_sensor_6601/sensor/core/multi_module/src/MultiModule.cpp:333:1: warning: no return statement in function returning non-void [-Wreturn-type]
  333 | }
      | ^
/root/workspace/workspace/cafer-6601-embeded/rubby_sensor_6601/sensor/core/multi_module/src/MultiModule.cpp: In member function â€˜virtual int emb_node::ToolsModule::SetSysTime(int, int, int, int, int, int, int)â€™:
/root/workspace/workspace/cafer-6601-embeded/rubby_sensor_6601/sensor/core/multi_module/src/MultiModule.cpp:347:1: warning: no return statement in function returning non-void [-Wreturn-type]
  347 | }
      | ^
/root/workspace/workspace/cafer-6601-embeded/rubby_sensor_6601/sensor/core/multi_module/src/MultiModule.cpp: At global scope:
/root/workspace/workspace/cafer-6601-embeded/rubby_sensor_6601/sensor/core/multi_module/src/MultiModule.cpp:466:1: warning: â€˜typedefâ€™ was ignored in this declaration
  466 | typedef struct CPU_OCCUPY {
      | ^~~~~~~
/root/workspace/workspace/cafer-6601-embeded/rubby_sensor_6601/sensor/core/multi_module/src/MultiModule.cpp: At global scope:
/root/workspace/workspace/cafer-6601-embeded/rubby_sensor_6601/sensor/core/multi_module/src/MultiModule.cpp:466:1: warning: â€˜typedefâ€™ was ignored in this declaration
  466 | typedef struct CPU_OCCUPY {
      | ^~~~~~~
/root/workspace/workspace/cafer-6601-embeded/rubby_sensor_6601/sensor/core/multi_module/src/MultiModule.cpp: In member function â€˜int emb_node::ToolsModule::SetAndGetVoice(int)â€™:
/root/workspace/workspace/cafer-6601-embeded/rubby_sensor_6601/sensor/core/multi_module/src/MultiModule.cpp:632:20: warning: ISO C++ forbids converting a string constant to â€˜char*â€™ [-Wwrite-strings]
  632 |   char *sctrlstr = "DAC Digital";
      |                    ^~~~~~~~~~~~~
/root/workspace/workspace/cafer-6601-embeded/rubby_sensor_6601/sensor/core/multi_module/src/MultiModule.cpp: In member function â€˜int emb_node::ToolsModule::SetAndGetVoice(int)â€™:
/root/workspace/workspace/cafer-6601-embeded/rubby_sensor_6601/sensor/core/multi_module/src/MultiModule.cpp:632:20: warning: ISO C++ forbids converting a string constant to â€˜char*â€™ [-Wwrite-strings]
  632 |   char *sctrlstr = "DAC Digital";
      |                    ^~~~~~~~~~~~~
/root/workspace/workspace/cafer-6601-embeded/rubby_sensor_6601/sensor/core/multi_module/src/MultiModule.cpp:633:8: warning: unused variable â€˜volMinâ€™ [-Wunused-variable]
  633 |   long volMin = 0, volMax = 0, leftVal = 0, rightVal = 0;
      |        ^~~~~~
/root/workspace/workspace/cafer-6601-embeded/rubby_sensor_6601/sensor/core/multi_module/src/MultiModule.cpp:633:20: warning: unused variable â€˜volMaxâ€™ [-Wunused-variable]
  633 |   long volMin = 0, volMax = 0, leftVal = 0, rightVal = 0;
      |                    ^~~~~~
/root/workspace/workspace/cafer-6601-embeded/rubby_sensor_6601/sensor/core/multi_module/src/MultiModule.cpp:633:8: warning: unused variable â€˜volMinâ€™ [-Wunused-variable]
  633 |   long volMin = 0, volMax = 0, leftVal = 0, rightVal = 0;
      |        ^~~~~~
/root/workspace/workspace/cafer-6601-embeded/rubby_sensor_6601/sensor/core/multi_module/src/MultiModule.cpp:633:20: warning: unused variable â€˜volMaxâ€™ [-Wunused-variable]
  633 |   long volMin = 0, volMax = 0, leftVal = 0, rightVal = 0;
      |                    ^~~~~~
/root/workspace/workspace/cafer-6601-embeded/rubby_sensor_6601/sensor/core/multi_module/src/MultiModule.cpp: In function â€˜int emb_node::GetCpuId_X86(char*)â€™:
/root/workspace/workspace/cafer-6601-embeded/rubby_sensor_6601/sensor/core/multi_module/src/MultiModule.cpp:929:9: warning: unused variable â€˜lengthâ€™ [-Wunused-variable]
  929 |  size_t length = 0;
      |         ^~~~~~
/root/workspace/workspace/cafer-6601-embeded/rubby_sensor_6601/sensor/core/multi_module/src/MultiModule.cpp: In function â€˜int emb_node::GetCpuId_X86(char*)â€™:
/root/workspace/workspace/cafer-6601-embeded/rubby_sensor_6601/sensor/core/multi_module/src/MultiModule.cpp:929:9: warning: unused variable â€˜lengthâ€™ [-Wunused-variable]
  929 |  size_t length = 0;
      |         ^~~~~~
/root/workspace/workspace/cafer-6601-embeded/rubby_sensor_6601/sensor/core/multi_module/src/MultiModule.cpp: In member function â€˜virtual bool emb_node::ToolsModule::RtmpCtrl(uint8_t, std::string)â€™:
/root/workspace/workspace/cafer-6601-embeded/rubby_sensor_6601/sensor/core/multi_module/src/MultiModule.cpp:1052:16: warning: ISO C++ forbids converting a string constant to â€˜char*â€™ [-Wwrite-strings]
 1052 |     char* ip = "127.0.0.1";
      |                ^~~~~~~~~~~
/root/workspace/workspace/cafer-6601-embeded/rubby_sensor_6601/sensor/core/multi_module/src/MultiModule.cpp: In member function â€˜virtual bool emb_node::ToolsModule::RtmpCtrl(uint8_t, std::string)â€™:
/root/workspace/workspace/cafer-6601-embeded/rubby_sensor_6601/sensor/core/multi_module/src/MultiModule.cpp:1052:16: warning: ISO C++ forbids converting a string constant to â€˜char*â€™ [-Wwrite-strings]
 1052 |     char* ip = "127.0.0.1";
      |                ^~~~~~~~~~~
/root/workspace/workspace/cafer-6601-embeded/rubby_sensor_6601/sensor/core/multi_module/src/MultiModule.cpp: At global scope:
/root/workspace/workspace/cafer-6601-embeded/rubby_sensor_6601/sensor/core/multi_module/src/MultiModule.cpp:141:47: warning: â€˜emb_node::errMsgâ€™ defined but not used [-Wunused-variable]
  141 | static emb_sensors::error_types::ErrorMessage errMsg;
      |                                               ^~~~~~
/root/workspace/workspace/cafer-6601-embeded/rubby_sensor_6601/sensor/core/multi_module/src/MultiModule.cpp: At global scope:
/root/workspace/workspace/cafer-6601-embeded/rubby_sensor_6601/sensor/core/multi_module/src/MultiModule.cpp:141:47: warning: â€˜emb_node::errMsgâ€™ defined but not used [-Wunused-variable]
  141 | static emb_sensors::error_types::ErrorMessage errMsg;
      |                                               ^~~~~~
make[2]: *** [sensor/core/multi_module/src/CMakeFiles/multimodule.dir/build.make:63: sensor/core/multi_module/src/CMakeFiles/multimodule.dir/MultiModule.cpp.o] Error 1
make[1]: *** [CMakeFiles/Makefile2:537: sensor/core/multi_module/src/CMakeFiles/multimodule.dir/all] Error 2
make[1]: *** Waiting for unfinished jobs....
make[2]: *** [sensor/core/multi_module/sample/CMakeFiles/multi_main.dir/build.make:63: sensor/core/multi_module/sample/CMakeFiles/multi_main.dir/__/src/MultiModule.cpp.o] Error 1
make[1]: *** [CMakeFiles/Makefile2:565: sensor/core/multi_module/sample/CMakeFiles/multi_main.dir/all] Error 2
make: *** [Makefile:84: all] Error 2
Build step 'Execute shell' marked build as failure
Finished: FAILURE
