Started by user [8mha:////4NEJzf6Z0/myHxJ1fNgp0z1sSwi1yXxuxiy79e0qJwosAAAAlB+LCAAAAAAAAP9b85aBtbiIQTGjNKU4P08vOT+vOD8nVc83PyU1x6OyILUoJzMv2y+/JJUBAhiZGBgqihhk0NSjKDWzXb3RdlLBUSYGJk8GtpzUvPSSDB8G5tKinBIGIZ+sxLJE/ZzEvHT94JKizLx0a6BxUmjGOUNodHsLgAyOEgYO/dLi1CL9ilIAKZda8r0AAAA=[0mxuhaonan
Rebuilds build #[8mha:////4IESHZRYWA/g7+RmJk74oyrLUKT4THf6tsTeXmPQ9eymAAAAsh+LCAAAAAAAAP9b85aBtbiIQTGjNKU4P08vOT+vOD8nVc83PyU1x6OyILUoJzMv2y+/JJUBAhiZGBgqihhk0NSjKDWzXb3RdlLBUSYGJk8GtpzUvPSSDB8G5tKinBIGIZ+sxLJE/ZzEvHT94JKizLx0a6BxUmjGOUNodHsLgAzmEgYN/bLM1HL94pzEXP2s/CT9otKkpEpdEFc3JTWpNF3X2NTMTN/QwAgA46LODd0AAAA=[0m102
Running as SYSTEM
Building remotely on [8mha:////4JiinonVqRVUq+0157MFNdoHlSrLzLyDeg8j8rfRwRzcAAAAmx+LCAAAAAAAAP9b85aBtbiIQTGjNKU4P08vOT+vOD8nVc83PyU1x6OyILUoJzMv2y+/JJUBAhiZGBgqihhk0NSjKDWzXb3RdlLBUSYGJk8GtpzUvPSSDB8G5tKinBIGIZ+sxLJE/ZzEvHT94JKizLx0a6BxUmjGOUNodHsLgAzWEgZ+/eT83ILSktQi/WRjUzMzABiYJ1zEAAAA[0mc3566 (car8) in workspace /root/workspace/workspace/rubby-slam-debug-3566
[WS-CLEANUP] Clean-up disabled, skipping workspace deletion.
No emails were triggered.
[rubby-slam-debug-3566] $ /bin/sh -xe /tmp/jenkins5468295854187908144.sh
+ bash -ex /root/myscript/build/build.sh
+++ dirname /root/myscript/build/build.sh
++ cd /root/myscript/build
++ pwd
+ project_path=/root/myscript/build
+ . /root/myscript/build/../sh/cmdb
++ set -x
++ export MYSQL_PWD=123
++ MYSQL_PWD=123
++ export -f cmdb_mysql
+ . /root/myscript/build/../sh/version-update.sh
++ . /root/.bashrc
+++ '[' -z '' ']'
+++ return
+ set -ex
+ export -f public_project_update
+ export -f project_build
+ init_project_env
++ date +%Y%m%d
+ DT=20240517
+ UserName=jenkins
+ API_TOKEN=11b65309c9835de9579d9c9038853d9eb7
+ GIT_PRIVATE_TOKEN=emEDrsaJVjxKK5gSWrf-
+ GIT_HOST=192.168.50.191
++ echo abby/integration/SLAM
++ awk -F/ '{print $1"%2F"$2}'
+ CONVERT_TARGET_PROJECT=abby%2Fintegration
++ curl -XGET -H 'Content-Type: application/json' --header 'PRIVATE-TOKEN: emEDrsaJVjxKK5gSWrf-' http://192.168.50.191:85/api/v4/projects/abby%2Fintegration
++ python -c 'import sys, json; print(json.load(sys.stdin)["id"])'
  % Total    % Received % Xferd  Average Speed   Time    Time     Time  Current
                                 Dload  Upload   Total   Spent    Left  Speed
  0     0    0     0    0     0      0      0 --:--:-- --:--:-- --:--:--     0100    35  100    35    0     0    714      0 --:--:-- --:--:-- --:--:--   714
Traceback (most recent call last):
  File "<string>", line 1, in <module>
KeyError: 'id'
+ SUB_PROJECT_ID=
+ true
+ '[' -z ']'
+ SOURCE_DIR=/root/workspace/workspace/rubby-slam-debug-3566/parker_vislam_source
+ TARGET_DIR=/root/workspace/workspace/rubby-slam-debug-3566/SLAM
+ prepare_env
++ uname -m
+ system_platform=aarch64
+ :
++ cat /proc/cpuinfo
++ grep processor
++ sort
++ wc -l
++ uniq
+ mt=-j4
+ export COMMIT_ID_FILE=/root/workspace/workspace/rubby-slam-debug-3566/_last_build_id
+ COMMIT_ID_FILE=/root/workspace/workspace/rubby-slam-debug-3566/_last_build_id
+ export COMMIT_MSG_FILE=/root/workspace/workspace/rubby-slam-debug-3566/_commit-msg
+ COMMIT_MSG_FILE=/root/workspace/workspace/rubby-slam-debug-3566/_commit-msg
+ export COMMIT_MSG_FILE_TMP=/root/workspace/workspace/rubby-slam-debug-3566/_commit-msg.tmp
+ COMMIT_MSG_FILE_TMP=/root/workspace/workspace/rubby-slam-debug-3566/_commit-msg.tmp
+ rm -f /root/workspace/workspace/rubby-slam-debug-3566/_last_build_id
+ rm -f /root/workspace/workspace/rubby-slam-debug-3566/_commit-msg
+ rm -f /root/workspace/workspace/rubby-slam-debug-3566/_commit-msg.tmp
+ rm -f /root/workspace/workspace/rubby-slam-debug-3566/result.log
+ rm -f /root/workspace/workspace/rubby-slam-debug-3566/no_code_change.log
+ sign_env
+ CONFIG_DIR_SET=/root/system
+ CONFIG_BRANCH=mind_os
+ CLONE_DEPTH=--depth=1
+ CONFIG_DIR=/root/system/i18rconfig
+ CONFIG_REMOTE='git clone ssh://git@192.168.50.191:222/AroundI18RProject/i18rconfig /root/system/i18rconfig -b mind_os --depth=1'
+ [[ aarch64 =~ x86_64 ]]
+ ENCRYPTION_TOOL=/root/system/i18rconfig/encrypt
+ CLONE_DEPTH=--depth=1
+ PUBLICBASETYPES_DIR=/root/system/I18RPublicBaseTypes
+ cmdb_mysql 'insert into prebuild(job_name,source_project,source_branch,target_project,target_branch,time,build_url,node_name,build_user) values ('\''rubby-slam-debug-3566'\'','\''xuhaonan/parker_vislam_source'\'','\''rubbytest_relocation_mulpnp'\'','\''abby/integration/SLAM'\'','\''caffer-dev'\'',now(),'\''http://192.168.50.191:8088/job/rubby-slam-debug-3566/103/'\'','\''c3566'\'','\''xu'\'')'
+ set +x
+ DOCKER_CONTAINER_I18=build-x64-18.04
+ DOCKER_CONTAINER_RUBBY=c405
+ DOCKER_CONTAINER_RUBBY_INSIDE=c3566
+ DOCKER_CONTAINER_JAVA=node
+ JENKINS_JOB_A=mind
+ JENKINS_JOB_B=rbn
+ JENKINS_JOB_C=mark-check-tools
+ JENKINS_JOB_D=java
+ JENKINS_JOB_E=clean_recorder
+ JENKINS_JOB_F=i18r
+ JENKINS_JOB_G=nodejs
+ JENKINS_JOB_H=_ui
+ JENKINS_JOB_L=i12r
+ [[ rubby-slam-debug-3566 =~ mind ]]
+ '[' false = false ']'
+ source_project_update
+ '[' -d /root/workspace/workspace/rubby-slam-debug-3566/parker_vislam_source ']'
+ pushd /root/workspace/workspace/rubby-slam-debug-3566/parker_vislam_source
~/workspace/workspace/rubby-slam-debug-3566/parker_vislam_source ~/workspace/workspace/rubby-slam-debug-3566
+ git checkout ./
+ git pull --rebase
Already up to date.
Current branch rubbytest_relocation_mulpnp is up to date.
+ popd
~/workspace/workspace/rubby-slam-debug-3566
+ target_project_update
+ rm -rf /root/workspace/workspace/rubby-slam-debug-3566/SLAM
+ target_project_fetch
+ git clone ssh://git@192.168.50.191:222/abby/integration/SLAM -b caffer-dev --depth=1
Cloning into 'SLAM'...
Checking out files:  30% (282/939)   Checking out files:  31% (292/939)   Checking out files:  32% (301/939)   Checking out files:  33% (310/939)   Checking out files:  34% (320/939)   Checking out files:  35% (329/939)   Checking out files:  36% (339/939)   Checking out files:  37% (348/939)   Checking out files:  38% (357/939)   Checking out files:  39% (367/939)   Checking out files:  40% (376/939)   Checking out files:  41% (385/939)   Checking out files:  42% (395/939)   Checking out files:  43% (404/939)   Checking out files:  44% (414/939)   Checking out files:  45% (423/939)   Checking out files:  46% (432/939)   Checking out files:  47% (442/939)   Checking out files:  48% (451/939)   Checking out files:  49% (461/939)   Checking out files:  50% (470/939)   Checking out files:  51% (479/939)   Checking out files:  52% (489/939)   Checking out files:  53% (498/939)   Checking out files:  54% (508/939)   Checking out files:  55% (517/939)   Checking out files:  56% (526/939)   Checking out files:  57% (536/939)   Checking out files:  58% (545/939)   Checking out files:  59% (555/939)   Checking out files:  60% (564/939)   Checking out files:  61% (573/939)   Checking out files:  62% (583/939)   Checking out files:  63% (592/939)   Checking out files:  64% (601/939)   Checking out files:  65% (611/939)   Checking out files:  66% (620/939)   Checking out files:  67% (630/939)   Checking out files:  68% (639/939)   Checking out files:  69% (648/939)   Checking out files:  70% (658/939)   Checking out files:  71% (667/939)   Checking out files:  72% (677/939)   Checking out files:  73% (686/939)   Checking out files:  74% (695/939)   Checking out files:  75% (705/939)   Checking out files:  76% (714/939)   Checking out files:  77% (724/939)   Checking out files:  78% (733/939)   Checking out files:  79% (742/939)   Checking out files:  80% (752/939)   Checking out files:  81% (761/939)   Checking out files:  82% (770/939)   Checking out files:  83% (780/939)   Checking out files:  84% (789/939)   Checking out files:  85% (799/939)   Checking out files:  86% (808/939)   Checking out files:  87% (817/939)   Checking out files:  88% (827/939)   Checking out files:  89% (836/939)   Checking out files:  90% (846/939)   Checking out files:  91% (855/939)   Checking out files:  92% (864/939)   Checking out files:  93% (874/939)   Checking out files:  94% (883/939)   Checking out files:  95% (893/939)   Checking out files:  96% (902/939)   Checking out files:  97% (911/939)   Checking out files:  98% (921/939)   Checking out files:  99% (930/939)   Checking out files:  99% (937/939)   Checking out files: 100% (939/939)   Checking out files: 100% (939/939), done.
+ insert_db
+ pushd /root/workspace/workspace/rubby-slam-debug-3566/parker_vislam_source
~/workspace/workspace/rubby-slam-debug-3566/parker_vislam_source ~/workspace/workspace/rubby-slam-debug-3566
++ cmdb_mysql 'SELECT first_commit_id FROM prebuild where source_project='\''xuhaonan/parker_vislam_source'\'' and source_branch='\''rubbytest_relocation_mulpnp'\'' and target_project='\''abby/integration/SLAM'\'' and target_branch='\''caffer-dev'\'' and status='\''0'\'' and job_name='\''rubby-slam-debug-3566'\'' order by id desc limit 1;'
++ set +x
+ version=
++ echo
++ awk -F ' ' '{print $2}'
+ version=
++ git log -1 --pretty=format:%h
+ first_commit_id_now=11da337
+ cmdb_mysql 'update prebuild set first_commit_id='\''11da337'\'' where build_url='\''http://192.168.50.191:8088/job/rubby-slam-debug-3566/103/'\'';'
+ set +x
+ popd
~/workspace/workspace/rubby-slam-debug-3566
+ [[ aarch64 =~ x86_64 ]]
+ [[ rubby-slam-debug-3566 =~ i18r ]]
+ project_build
+ pushd /root/workspace/workspace/rubby-slam-debug-3566/parker_vislam_source
~/workspace/workspace/rubby-slam-debug-3566/parker_vislam_source ~/workspace/workspace/rubby-slam-debug-3566
+ project_init_remote
++ find -type f -name sync_submodules.sh
+ sf=
+ '[' -z ']'
+ git submodule update --init --recursive
+ git submodule update --remote
warning: redirecting to http://192.168.50.191:85/qiuliru/DepthModuleForRubby.git/
From http://192.168.50.191:85/qiuliru/DepthModuleForRubby
   ebd4199..340bc12  dev_shending_filtered -> origin/dev_shending_filtered
 + 7cabdc4...c0b66b5 dev_shending_mid      -> origin/dev_shending_mid  (forced update)
+ sed -i 's/make -j[0-9].*/make -j4/g' build.sh
+ '[' -z ']'
+ '[' x11da337 == x ']'
+ bash -ex build.sh
+ echo 'Uncompress vocabulary ...'
Uncompress vocabulary ...
+ ls /root/
ljx
myscript
system
tmp
wifi.sh
wifi_hostapd.sh
wifi_indemind.sh
wifi_indemind901.sh
workspace
+ echo 'Configuring and building IM_SLAM ...'
Configuring and building IM_SLAM ...
+ cd DBoW2
+ mkdir build
mkdir: cannot create directory â€˜buildâ€™: File exists
+ true
+ cd build
+ cmake .. -DCMAKE_BUILD_TYPE=Release
CMake Deprecation Warning at CMakeLists.txt:1 (cmake_minimum_required):
  Compatibility with CMake < 2.8.12 will be removed from a future version of
  CMake.

  Update the VERSION argument <min> value or use a ...<max> suffix to tell
  CMake that the project does not need compatibility with older versions.


-- Using flag -std=c++11.
-- Use the imported target: /usr/local/include/eigen3
-- Configuring done
-- Generating done
-- Build files have been written to: /root/workspace/workspace/rubby-slam-debug-3566/parker_vislam_source/DBoW2/build
+ make -j4
Consolidate compiler generated dependencies of target DBoW2
[100%] Built target DBoW2
+ cd ../../DLib
+ mkdir build
mkdir: cannot create directory â€˜buildâ€™: File exists
+ true
+ cd build
+ cmake .. -DCMAKE_BUILD_TYPE=Release
-- Using flag -std=c++11.
-- Configuring done
-- Generating done
-- Build files have been written to: /root/workspace/workspace/rubby-slam-debug-3566/parker_vislam_source/DLib/build
+ make -j4
Consolidate compiler generated dependencies of target DLib
[100%] Built target DLib
+ cd ../../superpoint
+ mkdir build
mkdir: cannot create directory â€˜buildâ€™: File exists
+ true
+ cd build
+ cmake .. -DCMAKE_BUILD_TYPE=Release
CMake Deprecation Warning at CMakeLists.txt:1 (cmake_minimum_required):
  Compatibility with CMake < 2.8.12 will be removed from a future version of
  CMake.

  Update the VERSION argument <min> value or use a ...<max> suffix to tell
  CMake that the project does not need compatibility with older versions.


Build type: Release
OPENCV VERSION:
3.4.3
-- Configuring done
-- Generating done
-- Build files have been written to: /root/workspace/workspace/rubby-slam-debug-3566/parker_vislam_source/superpoint/build
+ make -j4
Consolidate compiler generated dependencies of target superpoint
[100%] Built target superpoint
+ cd ../../
+ cd usac
+ mkdir -p build
+ cd build
+ cmake ..
-- Using flag -std=c++11.
-- Configuring done
-- Generating done
-- Build files have been written to: /root/workspace/workspace/rubby-slam-debug-3566/parker_vislam_source/usac/build
+ make -j4
Consolidate compiler generated dependencies of target usac
[100%] Built target usac
+ cd ../../
+ cd abseil-cpp
+ mkdir build
mkdir: cannot create directory â€˜buildâ€™: File exists
+ true
+ mkdir abseil_install
mkdir: cannot create directory â€˜abseil_installâ€™: File exists
+ true
+ cd build
+ cmake ..
CMake Warning at CMakeLists.txt:74 (message):
  A future Abseil release will default ABSL_PROPAGATE_CXX_STD to ON for CMake
  3.8 and up.  We recommend enabling this option to ensure your project still
  builds correctly.


-- Configuring done
-- Generating done
-- Build files have been written to: /root/workspace/workspace/rubby-slam-debug-3566/parker_vislam_source/abseil-cpp/build
+ make -j4
Consolidate compiler generated dependencies of target spinlock_wait
Consolidate compiler generated dependencies of target strerror
Consolidate compiler generated dependencies of target log_severity
[  1%] Built target spinlock_wait
[  3%] Built target strerror
[  4%] Built target log_severity
Consolidate compiler generated dependencies of target time_zone
Consolidate compiler generated dependencies of target exponential_biased
Consolidate compiler generated dependencies of target int128
Consolidate compiler generated dependencies of target civil_time
[  5%] Built target exponential_biased
[  6%] Built target int128
[  7%] Built target civil_time
[ 13%] Built target time_zone
Consolidate compiler generated dependencies of target leak_check
Consolidate compiler generated dependencies of target leak_check_disable
Consolidate compiler generated dependencies of target flags_commandlineflag_internal
Consolidate compiler generated dependencies of target periodic_sampler
[ 14%] Built target leak_check
[ 15%] Built target leak_check_disable
[ 16%] Built target flags_commandlineflag_internal
[ 17%] Built target periodic_sampler
Consolidate compiler generated dependencies of target random_internal_platform
Consolidate compiler generated dependencies of target random_seed_gen_exception
Consolidate compiler generated dependencies of target raw_logging_internal
[ 18%] Built target random_internal_platform
[ 19%] Built target random_seed_gen_exception
[ 20%] Built target raw_logging_internal
Consolidate compiler generated dependencies of target random_internal_randen_hwaes_impl
Consolidate compiler generated dependencies of target random_internal_randen_slow
Consolidate compiler generated dependencies of target throw_delegate
[ 21%] Built target random_internal_randen_hwaes_impl
Consolidate compiler generated dependencies of target base
[ 22%] Built target throw_delegate
[ 23%] Built target random_internal_randen_slow
Consolidate compiler generated dependencies of target scoped_set_env
[ 26%] Built target base
Consolidate compiler generated dependencies of target bad_optional_access
Consolidate compiler generated dependencies of target debugging_internal
[ 27%] Built target scoped_set_env
Consolidate compiler generated dependencies of target bad_variant_access
[ 28%] Built target bad_optional_access
[ 31%] Built target debugging_internal
[ 32%] Built target bad_variant_access
Consolidate compiler generated dependencies of target city
Consolidate compiler generated dependencies of target low_level_hash
Consolidate compiler generated dependencies of target cordz_functions
[ 33%] Built target city
Consolidate compiler generated dependencies of target random_internal_randen_hwaes
[ 34%] Built target low_level_hash
[ 35%] Built target cordz_functions
Consolidate compiler generated dependencies of target bad_any_cast_impl
[ 36%] Built target random_internal_randen_hwaes
Consolidate compiler generated dependencies of target stacktrace
Consolidate compiler generated dependencies of target malloc_internal
[ 37%] Built target bad_any_cast_impl
[ 38%] Built target stacktrace
Consolidate compiler generated dependencies of target strings_internal
[ 39%] Built target malloc_internal
Consolidate compiler generated dependencies of target demangle_internal
[ 40%] Built target demangle_internal
Consolidate compiler generated dependencies of target random_internal_randen
[ 42%] Built target strings_internal
[ 43%] Built target random_internal_randen
Consolidate compiler generated dependencies of target graphcycles_internal
[ 44%] Built target graphcycles_internal
Consolidate compiler generated dependencies of target strings
[ 51%] Built target strings
Consolidate compiler generated dependencies of target symbolize
Consolidate compiler generated dependencies of target flags_commandlineflag
Consolidate compiler generated dependencies of target time
[ 52%] Built target symbolize
Consolidate compiler generated dependencies of target str_format_internal
[ 55%] Built target flags_commandlineflag
[ 56%] Built target time
Consolidate compiler generated dependencies of target hash
[ 59%] Built target str_format_internal
Consolidate compiler generated dependencies of target random_distributions
[ 60%] Built target hash
Consolidate compiler generated dependencies of target random_internal_seed_material
Consolidate compiler generated dependencies of target cord_internal
[ 62%] Built target random_distributions
Consolidate compiler generated dependencies of target random_internal_distribution_test_util
[ 63%] Built target random_internal_seed_material
[ 67%] Built target cord_internal
[ 69%] Built target random_internal_distribution_test_util
Consolidate compiler generated dependencies of target flags_marshalling
Consolidate compiler generated dependencies of target examine_stack
Consolidate compiler generated dependencies of target synchronization
Consolidate compiler generated dependencies of target flags_private_handle_accessor
[ 70%] Built target flags_marshalling
[ 71%] Built target examine_stack
[ 76%] Built target synchronization
[ 77%] Built target flags_private_handle_accessor
Consolidate compiler generated dependencies of target random_internal_pool_urbg
Consolidate compiler generated dependencies of target failure_signal_handler
Consolidate compiler generated dependencies of target flags_program_name
[ 78%] Built target random_internal_pool_urbg
Consolidate compiler generated dependencies of target hashtablez_sampler
[ 79%] Built target failure_signal_handler
[ 80%] Built target flags_program_name
Consolidate compiler generated dependencies of target cordz_handle
[ 82%] Built target hashtablez_sampler
Consolidate compiler generated dependencies of target random_seed_sequences
Consolidate compiler generated dependencies of target flags_config
[ 83%] Built target cordz_handle
[ 84%] Built target random_seed_sequences
[ 85%] Built target flags_config
Consolidate compiler generated dependencies of target raw_hash_set
Consolidate compiler generated dependencies of target cordz_info
[ 87%] Built target raw_hash_set
Consolidate compiler generated dependencies of target flags_internal
[ 88%] Built target cordz_info
[ 89%] Built target flags_internal
Consolidate compiler generated dependencies of target cordz_sample_token
Consolidate compiler generated dependencies of target cord
[ 90%] Built target cordz_sample_token
[ 91%] Built target cord
Consolidate compiler generated dependencies of target flags_reflection
Consolidate compiler generated dependencies of target status
[ 92%] Built target flags_reflection
[ 94%] Built target status
Consolidate compiler generated dependencies of target flags
Consolidate compiler generated dependencies of target statusor
[ 95%] Built target flags
[ 96%] Built target statusor
Consolidate compiler generated dependencies of target flags_usage_internal
[ 97%] Built target flags_usage_internal
Consolidate compiler generated dependencies of target flags_usage
[ 98%] Built target flags_usage
Consolidate compiler generated dependencies of target flags_parse
[100%] Built target flags_parse
+ make install DESTDIR=../abseil_install
[  1%] Built target log_severity
[  2%] Built target raw_logging_internal
[  3%] Built target spinlock_wait
[  6%] Built target base
[  7%] Built target malloc_internal
[  8%] Built target throw_delegate
[  9%] Built target scoped_set_env
[ 11%] Built target strerror
[ 17%] Built target time_zone
[ 20%] Built target debugging_internal
[ 21%] Built target stacktrace
[ 23%] Built target strings_internal
[ 24%] Built target demangle_internal
[ 25%] Built target int128
[ 32%] Built target strings
[ 33%] Built target symbolize
[ 34%] Built target exponential_biased
[ 35%] Built target graphcycles_internal
[ 36%] Built target civil_time
[ 39%] Built target time
[ 44%] Built target synchronization
[ 46%] Built target hashtablez_sampler
[ 47%] Built target bad_optional_access
[ 49%] Built target raw_hash_set
[ 50%] Built target examine_stack
[ 51%] Built target failure_signal_handler
[ 52%] Built target leak_check
[ 53%] Built target leak_check_disable
[ 54%] Built target flags_program_name
[ 55%] Built target flags_config
[ 58%] Built target str_format_internal
[ 59%] Built target flags_marshalling
[ 60%] Built target flags_commandlineflag_internal
[ 61%] Built target flags_commandlineflag
[ 62%] Built target flags_private_handle_accessor
[ 63%] Built target bad_variant_access
[ 64%] Built target city
[ 65%] Built target low_level_hash
[ 66%] Built target hash
[ 70%] Built target cord_internal
[ 71%] Built target cordz_functions
[ 72%] Built target cordz_handle
[ 73%] Built target cordz_info
[ 74%] Built target cord
[ 75%] Built target flags_reflection
[ 76%] Built target flags_internal
[ 77%] Built target flags
[ 78%] Built target flags_usage_internal
[ 79%] Built target flags_usage
[ 81%] Built target flags_parse
[ 82%] Built target periodic_sampler
[ 84%] Built target random_distributions
[ 85%] Built target random_seed_gen_exception
[ 86%] Built target random_internal_seed_material
[ 87%] Built target random_internal_platform
[ 88%] Built target random_internal_randen_hwaes_impl
[ 89%] Built target random_internal_randen_slow
[ 90%] Built target random_internal_randen_hwaes
[ 91%] Built target random_internal_randen
[ 92%] Built target random_internal_pool_urbg
[ 93%] Built target random_seed_sequences
[ 95%] Built target random_internal_distribution_test_util
[ 97%] Built target status
[ 98%] Built target statusor
[ 99%] Built target cordz_sample_token
[100%] Built target bad_any_cast_impl
Install the project...
-- Install configuration: ""
-- Up-to-date: ../abseil_install/usr/local/lib/cmake/absl/abslTargets.cmake
-- Up-to-date: ../abseil_install/usr/local/lib/cmake/absl/abslTargets-noconfig.cmake
-- Up-to-date: ../abseil_install/usr/local/lib/cmake/absl/abslConfig.cmake
-- Up-to-date: ../abseil_install/usr/local/lib/cmake/absl/abslConfigVersion.cmake
-- Up-to-date: ../abseil_install/usr/local/include/absl
-- Up-to-date: ../abseil_install/usr/local/include/absl/numeric
-- Up-to-date: ../abseil_install/usr/local/include/absl/numeric/int128_no_intrinsic.inc
-- Up-to-date: ../abseil_install/usr/local/include/absl/numeric/int128_have_intrinsic.inc
-- Up-to-date: ../abseil_install/usr/local/include/absl/numeric/internal
-- Up-to-date: ../abseil_install/usr/local/include/absl/numeric/internal/bits.h
-- Up-to-date: ../abseil_install/usr/local/include/absl/numeric/internal/representation.h
-- Up-to-date: ../abseil_install/usr/local/include/absl/numeric/bits.h
-- Up-to-date: ../abseil_install/usr/local/include/absl/numeric/int128.h
-- Up-to-date: ../abseil_install/usr/local/include/absl/algorithm
-- Up-to-date: ../abseil_install/usr/local/include/absl/algorithm/algorithm.h
-- Up-to-date: ../abseil_install/usr/local/include/absl/algorithm/container.h
-- Up-to-date: ../abseil_install/usr/local/include/absl/utility
-- Up-to-date: ../abseil_install/usr/local/include/absl/utility/utility.h
-- Up-to-date: ../abseil_install/usr/local/include/absl/cleanup
-- Up-to-date: ../abseil_install/usr/local/include/absl/cleanup/cleanup.h
-- Up-to-date: ../abseil_install/usr/local/include/absl/cleanup/internal
-- Up-to-date: ../abseil_install/usr/local/include/absl/cleanup/internal/cleanup.h
-- Up-to-date: ../abseil_install/usr/local/include/absl/synchronization
-- Up-to-date: ../abseil_install/usr/local/include/absl/synchronization/blocking_counter.h
-- Up-to-date: ../abseil_install/usr/local/include/absl/synchronization/notification.h
-- Up-to-date: ../abseil_install/usr/local/include/absl/synchronization/internal
-- Up-to-date: ../abseil_install/usr/local/include/absl/synchronization/internal/graphcycles.h
-- Up-to-date: ../abseil_install/usr/local/include/absl/synchronization/internal/create_thread_identity.h
-- Up-to-date: ../abseil_install/usr/local/include/absl/synchronization/internal/waiter.h
-- Up-to-date: ../abseil_install/usr/local/include/absl/synchronization/internal/futex.h
-- Up-to-date: ../abseil_install/usr/local/include/absl/synchronization/internal/kernel_timeout.h
-- Up-to-date: ../abseil_install/usr/local/include/absl/synchronization/internal/thread_pool.h
-- Up-to-date: ../abseil_install/usr/local/include/absl/synchronization/internal/per_thread_sem.h
-- Up-to-date: ../abseil_install/usr/local/include/absl/synchronization/mutex.h
-- Up-to-date: ../abseil_install/usr/local/include/absl/synchronization/barrier.h
-- Up-to-date: ../abseil_install/usr/local/include/absl/container
-- Up-to-date: ../abseil_install/usr/local/include/absl/container/inlined_vector.h
-- Up-to-date: ../abseil_install/usr/local/include/absl/container/node_hash_map.h
-- Up-to-date: ../abseil_install/usr/local/include/absl/container/flat_hash_map.h
-- Up-to-date: ../abseil_install/usr/local/include/absl/container/internal
-- Up-to-date: ../abseil_install/usr/local/include/absl/container/internal/hash_policy_traits.h
-- Up-to-date: ../abseil_install/usr/local/include/absl/container/internal/unordered_set_constructor_test.h
-- Up-to-date: ../abseil_install/usr/local/include/absl/container/internal/btree_container.h
-- Up-to-date: ../abseil_install/usr/local/include/absl/container/internal/inlined_vector.h
-- Up-to-date: ../abseil_install/usr/local/include/absl/container/internal/raw_hash_map.h
-- Up-to-date: ../abseil_install/usr/local/include/absl/container/internal/container_memory.h
-- Up-to-date: ../abseil_install/usr/local/include/absl/container/internal/node_hash_policy.h
-- Up-to-date: ../abseil_install/usr/local/include/absl/container/internal/unordered_set_modifiers_test.h
-- Up-to-date: ../abseil_install/usr/local/include/absl/container/internal/unordered_set_members_test.h
-- Up-to-date: ../abseil_install/usr/local/include/absl/container/internal/compressed_tuple.h
-- Up-to-date: ../abseil_install/usr/local/include/absl/container/internal/test_instance_tracker.h
-- Up-to-date: ../abseil_install/usr/local/include/absl/container/internal/layout.h
-- Up-to-date: ../abseil_install/usr/local/include/absl/container/internal/hash_generator_testing.h
-- Up-to-date: ../abseil_install/usr/local/include/absl/container/internal/unordered_map_constructor_test.h
-- Up-to-date: ../abseil_install/usr/local/include/absl/container/internal/hash_policy_testing.h
-- Up-to-date: ../abseil_install/usr/local/include/absl/container/internal/hashtable_debug.h
-- Up-to-date: ../abseil_install/usr/local/include/absl/container/internal/hashtable_debug_hooks.h
-- Up-to-date: ../abseil_install/usr/local/include/absl/container/internal/hash_function_defaults.h
-- Up-to-date: ../abseil_install/usr/local/include/absl/container/internal/btree.h
-- Up-to-date: ../abseil_install/usr/local/include/absl/container/internal/unordered_set_lookup_test.h
-- Up-to-date: ../abseil_install/usr/local/include/absl/container/internal/have_sse.h
-- Up-to-date: ../abseil_install/usr/local/include/absl/container/internal/counting_allocator.h
-- Up-to-date: ../abseil_install/usr/local/include/absl/container/internal/common.h
-- Up-to-date: ../abseil_install/usr/local/include/absl/container/internal/hashtablez_sampler.h
-- Up-to-date: ../abseil_install/usr/local/include/absl/container/internal/unordered_map_members_test.h
-- Up-to-date: ../abseil_install/usr/local/include/absl/container/internal/raw_hash_set.h
-- Up-to-date: ../abseil_install/usr/local/include/absl/container/internal/tracked.h
-- Up-to-date: ../abseil_install/usr/local/include/absl/container/internal/unordered_map_modifiers_test.h
-- Up-to-date: ../abseil_install/usr/local/include/absl/container/internal/unordered_map_lookup_test.h
-- Up-to-date: ../abseil_install/usr/local/include/absl/container/btree_set.h
-- Up-to-date: ../abseil_install/usr/local/include/absl/container/btree_map.h
-- Up-to-date: ../abseil_install/usr/local/include/absl/container/flat_hash_set.h
-- Up-to-date: ../abseil_install/usr/local/include/absl/container/fixed_array.h
-- Up-to-date: ../abseil_install/usr/local/include/absl/container/node_hash_set.h
-- Up-to-date: ../abseil_install/usr/local/include/absl/container/btree_test.h
-- Up-to-date: ../abseil_install/usr/local/include/absl/hash
-- Up-to-date: ../abseil_install/usr/local/include/absl/hash/internal
-- Up-to-date: ../abseil_install/usr/local/include/absl/hash/internal/spy_hash_state.h
-- Up-to-date: ../abseil_install/usr/local/include/absl/hash/internal/city.h
-- Up-to-date: ../abseil_install/usr/local/include/absl/hash/internal/hash.h
-- Up-to-date: ../abseil_install/usr/local/include/absl/hash/internal/low_level_hash.h
-- Up-to-date: ../abseil_install/usr/local/include/absl/hash/hash_testing.h
-- Up-to-date: ../abseil_install/usr/local/include/absl/hash/hash.h
-- Up-to-date: ../abseil_install/usr/local/include/absl/flags
-- Up-to-date: ../abseil_install/usr/local/include/absl/flags/parse.h
-- Up-to-date: ../abseil_install/usr/local/include/absl/flags/config.h
-- Up-to-date: ../abseil_install/usr/local/include/absl/flags/internal
-- Up-to-date: ../abseil_install/usr/local/include/absl/flags/internal/parse.h
-- Up-to-date: ../abseil_install/usr/local/include/absl/flags/internal/sequence_lock.h
-- Up-to-date: ../abseil_install/usr/local/include/absl/flags/internal/registry.h
-- Up-to-date: ../abseil_install/usr/local/include/absl/flags/internal/usage.h
-- Up-to-date: ../abseil_install/usr/local/include/absl/flags/internal/program_name.h
-- Up-to-date: ../abseil_install/usr/local/include/absl/flags/internal/commandlineflag.h
-- Up-to-date: ../abseil_install/usr/local/include/absl/flags/internal/flag.h
-- Up-to-date: ../abseil_install/usr/local/include/absl/flags/internal/path_util.h
-- Up-to-date: ../abseil_install/usr/local/include/absl/flags/internal/flag_msvc.inc
-- Up-to-date: ../abseil_install/usr/local/include/absl/flags/internal/private_handle_accessor.h
-- Up-to-date: ../abseil_install/usr/local/include/absl/flags/usage_config.h
-- Up-to-date: ../abseil_install/usr/local/include/absl/flags/usage.h
-- Up-to-date: ../abseil_install/usr/local/include/absl/flags/commandlineflag.h
-- Up-to-date: ../abseil_install/usr/local/include/absl/flags/marshalling.h
-- Up-to-date: ../abseil_install/usr/local/include/absl/flags/declare.h
-- Up-to-date: ../abseil_install/usr/local/include/absl/flags/flag.h
-- Up-to-date: ../abseil_install/usr/local/include/absl/flags/reflection.h
-- Up-to-date: ../abseil_install/usr/local/include/absl/random
-- Up-to-date: ../abseil_install/usr/local/include/absl/random/mocking_bit_gen.h
-- Up-to-date: ../abseil_install/usr/local/include/absl/random/beta_distribution.h
-- Up-to-date: ../abseil_install/usr/local/include/absl/random/log_uniform_int_distribution.h
-- Up-to-date: ../abseil_install/usr/local/include/absl/random/mock_distributions.h
-- Up-to-date: ../abseil_install/usr/local/include/absl/random/zipf_distribution.h
-- Up-to-date: ../abseil_install/usr/local/include/absl/random/uniform_real_distribution.h
-- Up-to-date: ../abseil_install/usr/local/include/absl/random/internal
-- Up-to-date: ../abseil_install/usr/local/include/absl/random/internal/distribution_test_util.h
-- Up-to-date: ../abseil_install/usr/local/include/absl/random/internal/uniform_helper.h
-- Up-to-date: ../abseil_install/usr/local/include/absl/random/internal/nonsecure_base.h
-- Up-to-date: ../abseil_install/usr/local/include/absl/random/internal/distribution_caller.h
-- Up-to-date: ../abseil_install/usr/local/include/absl/random/internal/seed_material.h
-- Up-to-date: ../abseil_install/usr/local/include/absl/random/internal/mock_helpers.h
-- Up-to-date: ../abseil_install/usr/local/include/absl/random/internal/randen_engine.h
-- Up-to-date: ../abseil_install/usr/local/include/absl/random/internal/wide_multiply.h
-- Up-to-date: ../abseil_install/usr/local/include/absl/random/internal/pcg_engine.h
-- Up-to-date: ../abseil_install/usr/local/include/absl/random/internal/fast_uniform_bits.h
-- Up-to-date: ../abseil_install/usr/local/include/absl/random/internal/randen_slow.h
-- Up-to-date: ../abseil_install/usr/local/include/absl/random/internal/randen.h
-- Up-to-date: ../abseil_install/usr/local/include/absl/random/internal/generate_real.h
-- Up-to-date: ../abseil_install/usr/local/include/absl/random/internal/salted_seed_seq.h
-- Up-to-date: ../abseil_install/usr/local/include/absl/random/internal/nanobenchmark.h
-- Up-to-date: ../abseil_install/usr/local/include/absl/random/internal/sequence_urbg.h
-- Up-to-date: ../abseil_install/usr/local/include/absl/random/internal/fastmath.h
-- Up-to-date: ../abseil_install/usr/local/include/absl/random/internal/randen_traits.h
-- Up-to-date: ../abseil_install/usr/local/include/absl/random/internal/randen_hwaes.h
-- Up-to-date: ../abseil_install/usr/local/include/absl/random/internal/explicit_seed_seq.h
-- Up-to-date: ../abseil_install/usr/local/include/absl/random/internal/traits.h
-- Up-to-date: ../abseil_install/usr/local/include/absl/random/internal/randen_detect.h
-- Up-to-date: ../abseil_install/usr/local/include/absl/random/internal/iostream_state_saver.h
-- Up-to-date: ../abseil_install/usr/local/include/absl/random/internal/platform.h
-- Up-to-date: ../abseil_install/usr/local/include/absl/random/internal/chi_square.h
-- Up-to-date: ../abseil_install/usr/local/include/absl/random/internal/mock_overload_set.h
-- Up-to-date: ../abseil_install/usr/local/include/absl/random/internal/pool_urbg.h
-- Up-to-date: ../abseil_install/usr/local/include/absl/random/seed_sequences.h
-- Up-to-date: ../abseil_install/usr/local/include/absl/random/discrete_distribution.h
-- Up-to-date: ../abseil_install/usr/local/include/absl/random/gaussian_distribution.h
-- Up-to-date: ../abseil_install/usr/local/include/absl/random/bernoulli_distribution.h
-- Up-to-date: ../abseil_install/usr/local/include/absl/random/exponential_distribution.h
-- Up-to-date: ../abseil_install/usr/local/include/absl/random/uniform_int_distribution.h
-- Up-to-date: ../abseil_install/usr/local/include/absl/random/random.h
-- Up-to-date: ../abseil_install/usr/local/include/absl/random/seed_gen_exception.h
-- Up-to-date: ../abseil_install/usr/local/include/absl/random/bit_gen_ref.h
-- Up-to-date: ../abseil_install/usr/local/include/absl/random/poisson_distribution.h
-- Up-to-date: ../abseil_install/usr/local/include/absl/random/distributions.h
-- Up-to-date: ../abseil_install/usr/local/include/absl/time
-- Up-to-date: ../abseil_install/usr/local/include/absl/time/time.h
-- Up-to-date: ../abseil_install/usr/local/include/absl/time/internal
-- Up-to-date: ../abseil_install/usr/local/include/absl/time/internal/zoneinfo.inc
-- Up-to-date: ../abseil_install/usr/local/include/absl/time/internal/cctz
-- Up-to-date: ../abseil_install/usr/local/include/absl/time/internal/cctz/include
-- Up-to-date: ../abseil_install/usr/local/include/absl/time/internal/cctz/include/cctz
-- Up-to-date: ../abseil_install/usr/local/include/absl/time/internal/cctz/include/cctz/zone_info_source.h
-- Up-to-date: ../abseil_install/usr/local/include/absl/time/internal/cctz/include/cctz/time_zone.h
-- Up-to-date: ../abseil_install/usr/local/include/absl/time/internal/cctz/include/cctz/civil_time_detail.h
-- Up-to-date: ../abseil_install/usr/local/include/absl/time/internal/cctz/include/cctz/civil_time.h
-- Up-to-date: ../abseil_install/usr/local/include/absl/time/internal/cctz/src
-- Up-to-date: ../abseil_install/usr/local/include/absl/time/internal/cctz/src/time_zone_fixed.h
-- Up-to-date: ../abseil_install/usr/local/include/absl/time/internal/cctz/src/tzfile.h
-- Up-to-date: ../abseil_install/usr/local/include/absl/time/internal/cctz/src/time_zone_info.h
-- Up-to-date: ../abseil_install/usr/local/include/absl/time/internal/cctz/src/time_zone_impl.h
-- Up-to-date: ../abseil_install/usr/local/include/absl/time/internal/cctz/src/time_zone_if.h
-- Up-to-date: ../abseil_install/usr/local/include/absl/time/internal/cctz/src/time_zone_libc.h
-- Up-to-date: ../abseil_install/usr/local/include/absl/time/internal/cctz/src/time_zone_posix.h
-- Up-to-date: ../abseil_install/usr/local/include/absl/time/internal/get_current_time_chrono.inc
-- Up-to-date: ../abseil_install/usr/local/include/absl/time/internal/get_current_time_posix.inc
-- Up-to-date: ../abseil_install/usr/local/include/absl/time/internal/test_util.h
-- Up-to-date: ../abseil_install/usr/local/include/absl/time/clock.h
-- Up-to-date: ../abseil_install/usr/local/include/absl/time/civil_time.h
-- Up-to-date: ../abseil_install/usr/local/include/absl/meta
-- Up-to-date: ../abseil_install/usr/local/include/absl/meta/type_traits.h
-- Up-to-date: ../abseil_install/usr/local/include/absl/memory
-- Up-to-date: ../abseil_install/usr/local/include/absl/memory/memory.h
-- Up-to-date: ../abseil_install/usr/local/include/absl/debugging
-- Up-to-date: ../abseil_install/usr/local/include/absl/debugging/failure_signal_handler.h
-- Up-to-date: ../abseil_install/usr/local/include/absl/debugging/symbolize_win32.inc
-- Up-to-date: ../abseil_install/usr/local/include/absl/debugging/symbolize.h
-- Up-to-date: ../abseil_install/usr/local/include/absl/debugging/stacktrace.h
-- Up-to-date: ../abseil_install/usr/local/include/absl/debugging/symbolize_emscripten.inc
-- Up-to-date: ../abseil_install/usr/local/include/absl/debugging/internal
-- Up-to-date: ../abseil_install/usr/local/include/absl/debugging/internal/stacktrace_aarch64-inl.inc
-- Up-to-date: ../abseil_install/usr/local/include/absl/debugging/internal/stacktrace_emscripten-inl.inc
-- Up-to-date: ../abseil_install/usr/local/include/absl/debugging/internal/stacktrace_generic-inl.inc
-- Up-to-date: ../abseil_install/usr/local/include/absl/debugging/internal/symbolize.h
-- Up-to-date: ../abseil_install/usr/local/include/absl/debugging/internal/stack_consumption.h
-- Up-to-date: ../abseil_install/usr/local/include/absl/debugging/internal/stacktrace_x86-inl.inc
-- Up-to-date: ../abseil_install/usr/local/include/absl/debugging/internal/stacktrace_config.h
-- Up-to-date: ../abseil_install/usr/local/include/absl/debugging/internal/vdso_support.h
-- Up-to-date: ../abseil_install/usr/local/include/absl/debugging/internal/address_is_readable.h
-- Up-to-date: ../abseil_install/usr/local/include/absl/debugging/internal/elf_mem_image.h
-- Up-to-date: ../abseil_install/usr/local/include/absl/debugging/internal/stacktrace_powerpc-inl.inc
-- Up-to-date: ../abseil_install/usr/local/include/absl/debugging/internal/stacktrace_win32-inl.inc
-- Up-to-date: ../abseil_install/usr/local/include/absl/debugging/internal/stacktrace_riscv-inl.inc
-- Up-to-date: ../abseil_install/usr/local/include/absl/debugging/internal/examine_stack.h
-- Up-to-date: ../abseil_install/usr/local/include/absl/debugging/internal/stacktrace_unimplemented-inl.inc
-- Up-to-date: ../abseil_install/usr/local/include/absl/debugging/internal/demangle.h
-- Up-to-date: ../abseil_install/usr/local/include/absl/debugging/internal/stacktrace_arm-inl.inc
-- Up-to-date: ../abseil_install/usr/local/include/absl/debugging/symbolize_elf.inc
-- Up-to-date: ../abseil_install/usr/local/include/absl/debugging/symbolize_darwin.inc
-- Up-to-date: ../abseil_install/usr/local/include/absl/debugging/symbolize_unimplemented.inc
-- Up-to-date: ../abseil_install/usr/local/include/absl/debugging/leak_check.h
-- Up-to-date: ../abseil_install/usr/local/include/absl/profiling
-- Up-to-date: ../abseil_install/usr/local/include/absl/profiling/internal
-- Up-to-date: ../abseil_install/usr/local/include/absl/profiling/internal/sample_recorder.h
-- Up-to-date: ../abseil_install/usr/local/include/absl/profiling/internal/periodic_sampler.h
-- Up-to-date: ../abseil_install/usr/local/include/absl/profiling/internal/exponential_biased.h
-- Up-to-date: ../abseil_install/usr/local/include/absl/functional
-- Up-to-date: ../abseil_install/usr/local/include/absl/functional/function_ref.h
-- Up-to-date: ../abseil_install/usr/local/include/absl/functional/bind_front.h
-- Up-to-date: ../abseil_install/usr/local/include/absl/functional/internal
-- Up-to-date: ../abseil_install/usr/local/include/absl/functional/internal/front_binder.h
-- Up-to-date: ../abseil_install/usr/local/include/absl/functional/internal/function_ref.h
-- Up-to-date: ../abseil_install/usr/local/include/absl/types
-- Up-to-date: ../abseil_install/usr/local/include/absl/types/variant.h
-- Up-to-date: ../abseil_install/usr/local/include/absl/types/internal
-- Up-to-date: ../abseil_install/usr/local/include/absl/types/internal/variant.h
-- Up-to-date: ../abseil_install/usr/local/include/absl/types/internal/conformance_testing.h
-- Up-to-date: ../abseil_install/usr/local/include/absl/types/internal/conformance_archetype.h
-- Up-to-date: ../abseil_install/usr/local/include/absl/types/internal/parentheses.h
-- Up-to-date: ../abseil_install/usr/local/include/absl/types/internal/conformance_testing_helpers.h
-- Up-to-date: ../abseil_install/usr/local/include/absl/types/internal/conformance_profile.h
-- Up-to-date: ../abseil_install/usr/local/include/absl/types/internal/optional.h
-- Up-to-date: ../abseil_install/usr/local/include/absl/types/internal/conformance_aliases.h
-- Up-to-date: ../abseil_install/usr/local/include/absl/types/internal/transform_args.h
-- Up-to-date: ../abseil_install/usr/local/include/absl/types/internal/span.h
-- Up-to-date: ../abseil_install/usr/local/include/absl/types/compare.h
-- Up-to-date: ../abseil_install/usr/local/include/absl/types/bad_any_cast.h
-- Up-to-date: ../abseil_install/usr/local/include/absl/types/any.h
-- Up-to-date: ../abseil_install/usr/local/include/absl/types/bad_optional_access.h
-- Up-to-date: ../abseil_install/usr/local/include/absl/types/bad_variant_access.h
-- Up-to-date: ../abseil_install/usr/local/include/absl/types/optional.h
-- Up-to-date: ../abseil_install/usr/local/include/absl/types/span.h
-- Up-to-date: ../abseil_install/usr/local/include/absl/base
-- Up-to-date: ../abseil_install/usr/local/include/absl/base/options.h
-- Up-to-date: ../abseil_install/usr/local/include/absl/base/optimization.h
-- Up-to-date: ../abseil_install/usr/local/include/absl/base/policy_checks.h
-- Up-to-date: ../abseil_install/usr/local/include/absl/base/port.h
-- Up-to-date: ../abseil_install/usr/local/include/absl/base/dynamic_annotations.h
-- Up-to-date: ../abseil_install/usr/local/include/absl/base/config.h
-- Up-to-date: ../abseil_install/usr/local/include/absl/base/const_init.h
-- Up-to-date: ../abseil_install/usr/local/include/absl/base/internal
-- Up-to-date: ../abseil_install/usr/local/include/absl/base/internal/identity.h
-- Up-to-date: ../abseil_install/usr/local/include/absl/base/internal/low_level_scheduling.h
-- Up-to-date: ../abseil_install/usr/local/include/absl/base/internal/scoped_set_env.h
-- Up-to-date: ../abseil_install/usr/local/include/absl/base/internal/inline_variable_testing.h
-- Up-to-date: ../abseil_install/usr/local/include/absl/base/internal/spinlock_akaros.inc
-- Up-to-date: ../abseil_install/usr/local/include/absl/base/internal/invoke.h
-- Up-to-date: ../abseil_install/usr/local/include/absl/base/internal/dynamic_annotations.h
-- Up-to-date: ../abseil_install/usr/local/include/absl/base/internal/unaligned_access.h
-- Up-to-date: ../abseil_install/usr/local/include/absl/base/internal/spinlock_linux.inc
-- Up-to-date: ../abseil_install/usr/local/include/absl/base/internal/scheduling_mode.h
-- Up-to-date: ../abseil_install/usr/local/include/absl/base/internal/spinlock_wait.h
-- Up-to-date: ../abseil_install/usr/local/include/absl/base/internal/per_thread_tls.h
-- Up-to-date: ../abseil_install/usr/local/include/absl/base/internal/exception_testing.h
-- Up-to-date: ../abseil_install/usr/local/include/absl/base/internal/spinlock_win32.inc
-- Up-to-date: ../abseil_install/usr/local/include/absl/base/internal/fast_type_id.h
-- Up-to-date: ../abseil_install/usr/local/include/absl/base/internal/atomic_hook_test_helper.h
-- Up-to-date: ../abseil_install/usr/local/include/absl/base/internal/unscaledcycleclock.h
-- Up-to-date: ../abseil_install/usr/local/include/absl/base/internal/direct_mmap.h
-- Up-to-date: ../abseil_install/usr/local/include/absl/base/internal/strerror.h
-- Up-to-date: ../abseil_install/usr/local/include/absl/base/internal/errno_saver.h
-- Up-to-date: ../abseil_install/usr/local/include/absl/base/internal/pretty_function.h
-- Up-to-date: ../abseil_install/usr/local/include/absl/base/internal/exception_safety_testing.h
-- Up-to-date: ../abseil_install/usr/local/include/absl/base/internal/atomic_hook.h
-- Up-to-date: ../abseil_install/usr/local/include/absl/base/internal/spinlock_posix.inc
-- Up-to-date: ../abseil_install/usr/local/include/absl/base/internal/tsan_mutex_interface.h
-- Up-to-date: ../abseil_install/usr/local/include/absl/base/internal/spinlock.h
-- Up-to-date: ../abseil_install/usr/local/include/absl/base/internal/sysinfo.h
-- Up-to-date: ../abseil_install/usr/local/include/absl/base/internal/thread_identity.h
-- Up-to-date: ../abseil_install/usr/local/include/absl/base/internal/thread_annotations.h
-- Up-to-date: ../abseil_install/usr/local/include/absl/base/internal/hide_ptr.h
-- Up-to-date: ../abseil_install/usr/local/include/absl/base/internal/raw_logging.h
-- Up-to-date: ../abseil_install/usr/local/include/absl/base/internal/inline_variable.h
-- Up-to-date: ../abseil_install/usr/local/include/absl/base/internal/low_level_alloc.h
-- Up-to-date: ../abseil_install/usr/local/include/absl/base/internal/endian.h
-- Up-to-date: ../abseil_install/usr/local/include/absl/base/internal/cycleclock.h
-- Up-to-date: ../abseil_install/usr/local/include/absl/base/internal/throw_delegate.h
-- Up-to-date: ../abseil_install/usr/local/include/absl/base/attributes.h
-- Up-to-date: ../abseil_install/usr/local/include/absl/base/macros.h
-- Up-to-date: ../abseil_install/usr/local/include/absl/base/log_severity.h
-- Up-to-date: ../abseil_install/usr/local/include/absl/base/call_once.h
-- Up-to-date: ../abseil_install/usr/local/include/absl/base/thread_annotations.h
-- Up-to-date: ../abseil_install/usr/local/include/absl/base/casts.h
-- Up-to-date: ../abseil_install/usr/local/include/absl/status
-- Up-to-date: ../abseil_install/usr/local/include/absl/status/status.h
-- Up-to-date: ../abseil_install/usr/local/include/absl/status/statusor.h
-- Up-to-date: ../abseil_install/usr/local/include/absl/status/internal
-- Up-to-date: ../abseil_install/usr/local/include/absl/status/internal/status_internal.h
-- Up-to-date: ../abseil_install/usr/local/include/absl/status/internal/statusor_internal.h
-- Up-to-date: ../abseil_install/usr/local/include/absl/status/status_payload_printer.h
-- Up-to-date: ../abseil_install/usr/local/include/absl/strings
-- Up-to-date: ../abseil_install/usr/local/include/absl/strings/strip.h
-- Up-to-date: ../abseil_install/usr/local/include/absl/strings/match.h
-- Up-to-date: ../abseil_install/usr/local/include/absl/strings/ascii.h
-- Up-to-date: ../abseil_install/usr/local/include/absl/strings/charconv.h
-- Up-to-date: ../abseil_install/usr/local/include/absl/strings/internal
-- Up-to-date: ../abseil_install/usr/local/include/absl/strings/internal/resize_uninitialized.h
-- Up-to-date: ../abseil_install/usr/local/include/absl/strings/internal/cord_rep_ring.h
-- Up-to-date: ../abseil_install/usr/local/include/absl/strings/internal/cordz_update_scope.h
-- Up-to-date: ../abseil_install/usr/local/include/absl/strings/internal/cord_rep_ring_reader.h
-- Up-to-date: ../abseil_install/usr/local/include/absl/strings/internal/cordz_functions.h
-- Up-to-date: ../abseil_install/usr/local/include/absl/strings/internal/cord_rep_btree.h
-- Up-to-date: ../abseil_install/usr/local/include/absl/strings/internal/utf8.h
-- Up-to-date: ../abseil_install/usr/local/include/absl/strings/internal/cord_internal.h
-- Up-to-date: ../abseil_install/usr/local/include/absl/strings/internal/ostringstream.h
-- Up-to-date: ../abseil_install/usr/local/include/absl/strings/internal/cord_rep_test_util.h
-- Up-to-date: ../abseil_install/usr/local/include/absl/strings/internal/char_map.h
-- Up-to-date: ../abseil_install/usr/local/include/absl/strings/internal/cord_rep_btree_reader.h
-- Up-to-date: ../abseil_install/usr/local/include/absl/strings/internal/cordz_update_tracker.h
-- Up-to-date: ../abseil_install/usr/local/include/absl/strings/internal/str_split_internal.h
-- Up-to-date: ../abseil_install/usr/local/include/absl/strings/internal/charconv_bigint.h
-- Up-to-date: ../abseil_install/usr/local/include/absl/strings/internal/memutil.h
-- Up-to-date: ../abseil_install/usr/local/include/absl/strings/internal/escaping.h
-- Up-to-date: ../abseil_install/usr/local/include/absl/strings/internal/cordz_handle.h
-- Up-to-date: ../abseil_install/usr/local/include/absl/strings/internal/pow10_helper.h
-- Up-to-date: ../abseil_install/usr/local/include/absl/strings/internal/numbers_test_common.h
-- Up-to-date: ../abseil_install/usr/local/include/absl/strings/internal/str_join_internal.h
-- Up-to-date: ../abseil_install/usr/local/include/absl/strings/internal/cordz_statistics.h
-- Up-to-date: ../abseil_install/usr/local/include/absl/strings/internal/cordz_info.h
-- Up-to-date: ../abseil_install/usr/local/include/absl/strings/internal/cordz_sample_token.h
-- Up-to-date: ../abseil_install/usr/local/include/absl/strings/internal/str_format
-- Up-to-date: ../abseil_install/usr/local/include/absl/strings/internal/str_format/checker.h
-- Up-to-date: ../abseil_install/usr/local/include/absl/strings/internal/str_format/arg.h
-- Up-to-date: ../abseil_install/usr/local/include/absl/strings/internal/str_format/bind.h
-- Up-to-date: ../abseil_install/usr/local/include/absl/strings/internal/str_format/parser.h
-- Up-to-date: ../abseil_install/usr/local/include/absl/strings/internal/str_format/float_conversion.h
-- Up-to-date: ../abseil_install/usr/local/include/absl/strings/internal/str_format/output.h
-- Up-to-date: ../abseil_install/usr/local/include/absl/strings/internal/str_format/extension.h
-- Up-to-date: ../abseil_install/usr/local/include/absl/strings/internal/string_constant.h
-- Up-to-date: ../abseil_install/usr/local/include/absl/strings/internal/escaping_test_common.h
-- Up-to-date: ../abseil_install/usr/local/include/absl/strings/internal/cord_rep_btree_navigator.h
-- Up-to-date: ../abseil_install/usr/local/include/absl/strings/internal/cord_rep_flat.h
-- Up-to-date: ../abseil_install/usr/local/include/absl/strings/internal/charconv_parse.h
-- Up-to-date: ../abseil_install/usr/local/include/absl/strings/internal/stl_type_traits.h
-- Up-to-date: ../abseil_install/usr/local/include/absl/strings/internal/cord_rep_consume.h
-- Up-to-date: ../abseil_install/usr/local/include/absl/strings/substitute.h
-- Up-to-date: ../abseil_install/usr/local/include/absl/strings/escaping.h
-- Up-to-date: ../abseil_install/usr/local/include/absl/strings/string_view.h
-- Up-to-date: ../abseil_install/usr/local/include/absl/strings/str_cat.h
-- Up-to-date: ../abseil_install/usr/local/include/absl/strings/str_split.h
-- Up-to-date: ../abseil_install/usr/local/include/absl/strings/str_replace.h
-- Up-to-date: ../abseil_install/usr/local/include/absl/strings/numbers.h
-- Up-to-date: ../abseil_install/usr/local/include/absl/strings/cord.h
-- Up-to-date: ../abseil_install/usr/local/include/absl/strings/cord_test_helpers.h
-- Up-to-date: ../abseil_install/usr/local/include/absl/strings/cordz_test_helpers.h
-- Up-to-date: ../abseil_install/usr/local/include/absl/strings/str_format.h
-- Up-to-date: ../abseil_install/usr/local/include/absl/strings/str_join.h
-- Up-to-date: ../abseil_install/usr/local/lib/pkgconfig/absl_atomic_hook.pc
-- Up-to-date: ../abseil_install/usr/local/lib/pkgconfig/absl_errno_saver.pc
-- Up-to-date: ../abseil_install/usr/local/lib/pkgconfig/absl_log_severity.pc
-- Up-to-date: ../abseil_install/usr/local/lib/libabsl_log_severity.a
-- Up-to-date: ../abseil_install/usr/local/lib/pkgconfig/absl_raw_logging_internal.pc
-- Up-to-date: ../abseil_install/usr/local/lib/libabsl_raw_logging_internal.a
-- Up-to-date: ../abseil_install/usr/local/lib/pkgconfig/absl_spinlock_wait.pc
-- Up-to-date: ../abseil_install/usr/local/lib/libabsl_spinlock_wait.a
-- Up-to-date: ../abseil_install/usr/local/lib/pkgconfig/absl_config.pc
-- Up-to-date: ../abseil_install/usr/local/lib/pkgconfig/absl_dynamic_annotations.pc
-- Up-to-date: ../abseil_install/usr/local/lib/pkgconfig/absl_core_headers.pc
-- Up-to-date: ../abseil_install/usr/local/lib/pkgconfig/absl_malloc_internal.pc
-- Up-to-date: ../abseil_install/usr/local/lib/libabsl_malloc_internal.a
-- Up-to-date: ../abseil_install/usr/local/lib/pkgconfig/absl_base_internal.pc
-- Up-to-date: ../abseil_install/usr/local/lib/pkgconfig/absl_base.pc
-- Up-to-date: ../abseil_install/usr/local/lib/libabsl_base.a
-- Up-to-date: ../abseil_install/usr/local/lib/pkgconfig/absl_throw_delegate.pc
-- Up-to-date: ../abseil_install/usr/local/lib/libabsl_throw_delegate.a
-- Up-to-date: ../abseil_install/usr/local/lib/pkgconfig/absl_pretty_function.pc
-- Up-to-date: ../abseil_install/usr/local/lib/pkgconfig/absl_endian.pc
-- Up-to-date: ../abseil_install/usr/local/lib/pkgconfig/absl_scoped_set_env.pc
-- Up-to-date: ../abseil_install/usr/local/lib/libabsl_scoped_set_env.a
-- Up-to-date: ../abseil_install/usr/local/lib/pkgconfig/absl_strerror.pc
-- Up-to-date: ../abseil_install/usr/local/lib/libabsl_strerror.a
-- Up-to-date: ../abseil_install/usr/local/lib/pkgconfig/absl_fast_type_id.pc
-- Up-to-date: ../abseil_install/usr/local/lib/pkgconfig/absl_algorithm.pc
-- Up-to-date: ../abseil_install/usr/local/lib/pkgconfig/absl_algorithm_container.pc
-- Up-to-date: ../abseil_install/usr/local/lib/pkgconfig/absl_cleanup_internal.pc
-- Up-to-date: ../abseil_install/usr/local/lib/pkgconfig/absl_cleanup.pc
-- Up-to-date: ../abseil_install/usr/local/lib/pkgconfig/absl_btree.pc
-- Up-to-date: ../abseil_install/usr/local/lib/pkgconfig/absl_compressed_tuple.pc
-- Up-to-date: ../abseil_install/usr/local/lib/pkgconfig/absl_fixed_array.pc
-- Up-to-date: ../abseil_install/usr/local/lib/pkgconfig/absl_inlined_vector_internal.pc
-- Up-to-date: ../abseil_install/usr/local/lib/pkgconfig/absl_inlined_vector.pc
-- Up-to-date: ../abseil_install/usr/local/lib/pkgconfig/absl_counting_allocator.pc
-- Up-to-date: ../abseil_install/usr/local/lib/pkgconfig/absl_flat_hash_map.pc
-- Up-to-date: ../abseil_install/usr/local/lib/pkgconfig/absl_flat_hash_set.pc
-- Up-to-date: ../abseil_install/usr/local/lib/pkgconfig/absl_node_hash_map.pc
-- Up-to-date: ../abseil_install/usr/local/lib/pkgconfig/absl_node_hash_set.pc
-- Up-to-date: ../abseil_install/usr/local/lib/pkgconfig/absl_container_memory.pc
-- Up-to-date: ../abseil_install/usr/local/lib/pkgconfig/absl_hash_function_defaults.pc
-- Up-to-date: ../abseil_install/usr/local/lib/pkgconfig/absl_hash_policy_traits.pc
-- Up-to-date: ../abseil_install/usr/local/lib/pkgconfig/absl_hashtablez_sampler.pc
-- Up-to-date: ../abseil_install/usr/local/lib/libabsl_hashtablez_sampler.a
-- Up-to-date: ../abseil_install/usr/local/lib/pkgconfig/absl_hashtable_debug.pc
-- Up-to-date: ../abseil_install/usr/local/lib/pkgconfig/absl_hashtable_debug_hooks.pc
-- Up-to-date: ../abseil_install/usr/local/lib/pkgconfig/absl_have_sse.pc
-- Up-to-date: ../abseil_install/usr/local/lib/pkgconfig/absl_node_hash_policy.pc
-- Up-to-date: ../abseil_install/usr/local/lib/pkgconfig/absl_raw_hash_map.pc
-- Up-to-date: ../abseil_install/usr/local/lib/pkgconfig/absl_container_common.pc
-- Up-to-date: ../abseil_install/usr/local/lib/pkgconfig/absl_raw_hash_set.pc
-- Up-to-date: ../abseil_install/usr/local/lib/libabsl_raw_hash_set.a
-- Up-to-date: ../abseil_install/usr/local/lib/pkgconfig/absl_layout.pc
-- Up-to-date: ../abseil_install/usr/local/lib/pkgconfig/absl_stacktrace.pc
-- Up-to-date: ../abseil_install/usr/local/lib/libabsl_stacktrace.a
-- Up-to-date: ../abseil_install/usr/local/lib/pkgconfig/absl_symbolize.pc
-- Up-to-date: ../abseil_install/usr/local/lib/libabsl_symbolize.a
-- Up-to-date: ../abseil_install/usr/local/lib/pkgconfig/absl_examine_stack.pc
-- Up-to-date: ../abseil_install/usr/local/lib/libabsl_examine_stack.a
-- Up-to-date: ../abseil_install/usr/local/lib/pkgconfig/absl_failure_signal_handler.pc
-- Up-to-date: ../abseil_install/usr/local/lib/libabsl_failure_signal_handler.a
-- Up-to-date: ../abseil_install/usr/local/lib/pkgconfig/absl_debugging_internal.pc
-- Up-to-date: ../abseil_install/usr/local/lib/libabsl_debugging_internal.a
-- Up-to-date: ../abseil_install/usr/local/lib/pkgconfig/absl_demangle_internal.pc
-- Up-to-date: ../abseil_install/usr/local/lib/libabsl_demangle_internal.a
-- Up-to-date: ../abseil_install/usr/local/lib/pkgconfig/absl_leak_check.pc
-- Up-to-date: ../abseil_install/usr/local/lib/libabsl_leak_check.a
-- Up-to-date: ../abseil_install/usr/local/lib/pkgconfig/absl_leak_check_disable.pc
-- Up-to-date: ../abseil_install/usr/local/lib/libabsl_leak_check_disable.a
-- Up-to-date: ../abseil_install/usr/local/lib/pkgconfig/absl_debugging.pc
-- Up-to-date: ../abseil_install/usr/local/lib/pkgconfig/absl_flags_path_util.pc
-- Up-to-date: ../abseil_install/usr/local/lib/pkgconfig/absl_flags_program_name.pc
-- Up-to-date: ../abseil_install/usr/local/lib/libabsl_flags_program_name.a
-- Up-to-date: ../abseil_install/usr/local/lib/pkgconfig/absl_flags_config.pc
-- Up-to-date: ../abseil_install/usr/local/lib/libabsl_flags_config.a
-- Up-to-date: ../abseil_install/usr/local/lib/pkgconfig/absl_flags_marshalling.pc
-- Up-to-date: ../abseil_install/usr/local/lib/libabsl_flags_marshalling.a
-- Up-to-date: ../abseil_install/usr/local/lib/pkgconfig/absl_flags_commandlineflag_internal.pc
-- Up-to-date: ../abseil_install/usr/local/lib/libabsl_flags_commandlineflag_internal.a
-- Up-to-date: ../abseil_install/usr/local/lib/pkgconfig/absl_flags_commandlineflag.pc
-- Up-to-date: ../abseil_install/usr/local/lib/libabsl_flags_commandlineflag.a
-- Up-to-date: ../abseil_install/usr/local/lib/pkgconfig/absl_flags_private_handle_accessor.pc
-- Up-to-date: ../abseil_install/usr/local/lib/libabsl_flags_private_handle_accessor.a
-- Up-to-date: ../abseil_install/usr/local/lib/pkgconfig/absl_flags_reflection.pc
-- Up-to-date: ../abseil_install/usr/local/lib/libabsl_flags_reflection.a
-- Up-to-date: ../abseil_install/usr/local/lib/pkgconfig/absl_flags_internal.pc
-- Up-to-date: ../abseil_install/usr/local/lib/libabsl_flags_internal.a
-- Up-to-date: ../abseil_install/usr/local/lib/pkgconfig/absl_flags.pc
-- Up-to-date: ../abseil_install/usr/local/lib/libabsl_flags.a
-- Up-to-date: ../abseil_install/usr/local/lib/pkgconfig/absl_flags_usage_internal.pc
-- Up-to-date: ../abseil_install/usr/local/lib/libabsl_flags_usage_internal.a
-- Up-to-date: ../abseil_install/usr/local/lib/pkgconfig/absl_flags_usage.pc
-- Up-to-date: ../abseil_install/usr/local/lib/libabsl_flags_usage.a
-- Up-to-date: ../abseil_install/usr/local/lib/pkgconfig/absl_flags_parse.pc
-- Up-to-date: ../abseil_install/usr/local/lib/libabsl_flags_parse.a
-- Up-to-date: ../abseil_install/usr/local/lib/pkgconfig/absl_bind_front.pc
-- Up-to-date: ../abseil_install/usr/local/lib/pkgconfig/absl_function_ref.pc
-- Up-to-date: ../abseil_install/usr/local/lib/pkgconfig/absl_hash.pc
-- Up-to-date: ../abseil_install/usr/local/lib/libabsl_hash.a
-- Up-to-date: ../abseil_install/usr/local/lib/pkgconfig/absl_city.pc
-- Up-to-date: ../abseil_install/usr/local/lib/libabsl_city.a
-- Up-to-date: ../abseil_install/usr/local/lib/pkgconfig/absl_low_level_hash.pc
-- Up-to-date: ../abseil_install/usr/local/lib/libabsl_low_level_hash.a
-- Up-to-date: ../abseil_install/usr/local/lib/pkgconfig/absl_memory.pc
-- Up-to-date: ../abseil_install/usr/local/lib/pkgconfig/absl_type_traits.pc
-- Up-to-date: ../abseil_install/usr/local/lib/pkgconfig/absl_meta.pc
-- Up-to-date: ../abseil_install/usr/local/lib/pkgconfig/absl_bits.pc
-- Up-to-date: ../abseil_install/usr/local/lib/pkgconfig/absl_int128.pc
-- Up-to-date: ../abseil_install/usr/local/lib/libabsl_int128.a
-- Up-to-date: ../abseil_install/usr/local/lib/pkgconfig/absl_numeric.pc
-- Up-to-date: ../abseil_install/usr/local/lib/pkgconfig/absl_numeric_representation.pc
-- Up-to-date: ../abseil_install/usr/local/lib/pkgconfig/absl_sample_recorder.pc
-- Up-to-date: ../abseil_install/usr/local/lib/pkgconfig/absl_exponential_biased.pc
-- Up-to-date: ../abseil_install/usr/local/lib/libabsl_exponential_biased.a
-- Up-to-date: ../abseil_install/usr/local/lib/pkgconfig/absl_periodic_sampler.pc
-- Up-to-date: ../abseil_install/usr/local/lib/libabsl_periodic_sampler.a
-- Up-to-date: ../abseil_install/usr/local/lib/pkgconfig/absl_random_random.pc
-- Up-to-date: ../abseil_install/usr/local/lib/pkgconfig/absl_random_bit_gen_ref.pc
-- Up-to-date: ../abseil_install/usr/local/lib/pkgconfig/absl_random_internal_mock_helpers.pc
-- Up-to-date: ../abseil_install/usr/local/lib/pkgconfig/absl_random_distributions.pc
-- Up-to-date: ../abseil_install/usr/local/lib/libabsl_random_distributions.a
-- Up-to-date: ../abseil_install/usr/local/lib/pkgconfig/absl_random_seed_gen_exception.pc
-- Up-to-date: ../abseil_install/usr/local/lib/libabsl_random_seed_gen_exception.a
-- Up-to-date: ../abseil_install/usr/local/lib/pkgconfig/absl_random_seed_sequences.pc
-- Up-to-date: ../abseil_install/usr/local/lib/libabsl_random_seed_sequences.a
-- Up-to-date: ../abseil_install/usr/local/lib/pkgconfig/absl_random_internal_traits.pc
-- Up-to-date: ../abseil_install/usr/local/lib/pkgconfig/absl_random_internal_distribution_caller.pc
-- Up-to-date: ../abseil_install/usr/local/lib/pkgconfig/absl_random_internal_fast_uniform_bits.pc
-- Up-to-date: ../abseil_install/usr/local/lib/pkgconfig/absl_random_internal_seed_material.pc
-- Up-to-date: ../abseil_install/usr/local/lib/libabsl_random_internal_seed_material.a
-- Up-to-date: ../abseil_install/usr/local/lib/pkgconfig/absl_random_internal_pool_urbg.pc
-- Up-to-date: ../abseil_install/usr/local/lib/libabsl_random_internal_pool_urbg.a
-- Up-to-date: ../abseil_install/usr/local/lib/pkgconfig/absl_random_internal_salted_seed_seq.pc
-- Up-to-date: ../abseil_install/usr/local/lib/pkgconfig/absl_random_internal_iostream_state_saver.pc
-- Up-to-date: ../abseil_install/usr/local/lib/pkgconfig/absl_random_internal_generate_real.pc
-- Up-to-date: ../abseil_install/usr/local/lib/pkgconfig/absl_random_internal_wide_multiply.pc
-- Up-to-date: ../abseil_install/usr/local/lib/pkgconfig/absl_random_internal_fastmath.pc
-- Up-to-date: ../abseil_install/usr/local/lib/pkgconfig/absl_random_internal_nonsecure_base.pc
-- Up-to-date: ../abseil_install/usr/local/lib/pkgconfig/absl_random_internal_pcg_engine.pc
-- Up-to-date: ../abseil_install/usr/local/lib/pkgconfig/absl_random_internal_randen_engine.pc
-- Up-to-date: ../abseil_install/usr/local/lib/pkgconfig/absl_random_internal_platform.pc
-- Up-to-date: ../abseil_install/usr/local/lib/libabsl_random_internal_platform.a
-- Up-to-date: ../abseil_install/usr/local/lib/pkgconfig/absl_random_internal_randen.pc
-- Up-to-date: ../abseil_install/usr/local/lib/libabsl_random_internal_randen.a
-- Up-to-date: ../abseil_install/usr/local/lib/pkgconfig/absl_random_internal_randen_slow.pc
-- Up-to-date: ../abseil_install/usr/local/lib/libabsl_random_internal_randen_slow.a
-- Up-to-date: ../abseil_install/usr/local/lib/pkgconfig/absl_random_internal_randen_hwaes.pc
-- Up-to-date: ../abseil_install/usr/local/lib/libabsl_random_internal_randen_hwaes.a
-- Up-to-date: ../abseil_install/usr/local/lib/pkgconfig/absl_random_internal_randen_hwaes_impl.pc
-- Up-to-date: ../abseil_install/usr/local/lib/libabsl_random_internal_randen_hwaes_impl.a
-- Up-to-date: ../abseil_install/usr/local/lib/pkgconfig/absl_random_internal_distribution_test_util.pc
-- Up-to-date: ../abseil_install/usr/local/lib/libabsl_random_internal_distribution_test_util.a
-- Up-to-date: ../abseil_install/usr/local/lib/pkgconfig/absl_random_internal_uniform_helper.pc
-- Up-to-date: ../abseil_install/usr/local/lib/pkgconfig/absl_status.pc
-- Up-to-date: ../abseil_install/usr/local/lib/libabsl_status.a
-- Up-to-date: ../abseil_install/usr/local/lib/pkgconfig/absl_statusor.pc
-- Up-to-date: ../abseil_install/usr/local/lib/libabsl_statusor.a
-- Up-to-date: ../abseil_install/usr/local/lib/pkgconfig/absl_strings.pc
-- Up-to-date: ../abseil_install/usr/local/lib/libabsl_strings.a
-- Up-to-date: ../abseil_install/usr/local/lib/pkgconfig/absl_strings_internal.pc
-- Up-to-date: ../abseil_install/usr/local/lib/libabsl_strings_internal.a
-- Up-to-date: ../abseil_install/usr/local/lib/pkgconfig/absl_str_format.pc
-- Up-to-date: ../abseil_install/usr/local/lib/pkgconfig/absl_str_format_internal.pc
-- Up-to-date: ../abseil_install/usr/local/lib/libabsl_str_format_internal.a
-- Up-to-date: ../abseil_install/usr/local/lib/pkgconfig/absl_cord_internal.pc
-- Up-to-date: ../abseil_install/usr/local/lib/libabsl_cord_internal.a
-- Up-to-date: ../abseil_install/usr/local/lib/pkgconfig/absl_cordz_update_tracker.pc
-- Up-to-date: ../abseil_install/usr/local/lib/pkgconfig/absl_cordz_functions.pc
-- Up-to-date: ../abseil_install/usr/local/lib/libabsl_cordz_functions.a
-- Up-to-date: ../abseil_install/usr/local/lib/pkgconfig/absl_cordz_statistics.pc
-- Up-to-date: ../abseil_install/usr/local/lib/pkgconfig/absl_cordz_handle.pc
-- Up-to-date: ../abseil_install/usr/local/lib/libabsl_cordz_handle.a
-- Up-to-date: ../abseil_install/usr/local/lib/pkgconfig/absl_cordz_info.pc
-- Up-to-date: ../abseil_install/usr/local/lib/libabsl_cordz_info.a
-- Up-to-date: ../abseil_install/usr/local/lib/pkgconfig/absl_cordz_sample_token.pc
-- Up-to-date: ../abseil_install/usr/local/lib/libabsl_cordz_sample_token.a
-- Up-to-date: ../abseil_install/usr/local/lib/pkgconfig/absl_cordz_update_scope.pc
-- Up-to-date: ../abseil_install/usr/local/lib/pkgconfig/absl_cord.pc
-- Up-to-date: ../abseil_install/usr/local/lib/libabsl_cord.a
-- Up-to-date: ../abseil_install/usr/local/lib/pkgconfig/absl_graphcycles_internal.pc
-- Up-to-date: ../abseil_install/usr/local/lib/libabsl_graphcycles_internal.a
-- Up-to-date: ../abseil_install/usr/local/lib/pkgconfig/absl_kernel_timeout_internal.pc
-- Up-to-date: ../abseil_install/usr/local/lib/pkgconfig/absl_synchronization.pc
-- Up-to-date: ../abseil_install/usr/local/lib/libabsl_synchronization.a
-- Up-to-date: ../abseil_install/usr/local/lib/pkgconfig/absl_time.pc
-- Up-to-date: ../abseil_install/usr/local/lib/libabsl_time.a
-- Up-to-date: ../abseil_install/usr/local/lib/pkgconfig/absl_civil_time.pc
-- Up-to-date: ../abseil_install/usr/local/lib/libabsl_civil_time.a
-- Up-to-date: ../abseil_install/usr/local/lib/pkgconfig/absl_time_zone.pc
-- Up-to-date: ../abseil_install/usr/local/lib/libabsl_time_zone.a
-- Up-to-date: ../abseil_install/usr/local/lib/pkgconfig/absl_any.pc
-- Up-to-date: ../abseil_install/usr/local/lib/pkgconfig/absl_bad_any_cast.pc
-- Up-to-date: ../abseil_install/usr/local/lib/pkgconfig/absl_bad_any_cast_impl.pc
-- Up-to-date: ../abseil_install/usr/local/lib/libabsl_bad_any_cast_impl.a
-- Up-to-date: ../abseil_install/usr/local/lib/pkgconfig/absl_span.pc
-- Up-to-date: ../abseil_install/usr/local/lib/pkgconfig/absl_optional.pc
-- Up-to-date: ../abseil_install/usr/local/lib/pkgconfig/absl_bad_optional_access.pc
-- Up-to-date: ../abseil_install/usr/local/lib/libabsl_bad_optional_access.a
-- Up-to-date: ../abseil_install/usr/local/lib/pkgconfig/absl_bad_variant_access.pc
-- Up-to-date: ../abseil_install/usr/local/lib/libabsl_bad_variant_access.a
-- Up-to-date: ../abseil_install/usr/local/lib/pkgconfig/absl_variant.pc
-- Up-to-date: ../abseil_install/usr/local/lib/pkgconfig/absl_compare.pc
-- Up-to-date: ../abseil_install/usr/local/lib/pkgconfig/absl_utility.pc
+ cd ../../
+ mkdir build
mkdir: cannot create directory â€˜buildâ€™: File exists
+ true
+ cd build
+ cmake .. -DCMAKE_BUILD_TYPE=Release
Build type: Release
OPENCV VERSION:
3.4.3
-- absl_DIR=/root/workspace/workspace/rubby-slam-debug-3566/parker_vislam_source/Thirdparty/abseil_install/usr/local/lib/cmake/absl
-- CMAKE_CXX_COMPILER: GNU
-- CONFIG_BUILD_DEPTH=OFF
-- Configuring done
-- Generating done
-- Build files have been written to: /root/workspace/workspace/rubby-slam-debug-3566/parker_vislam_source/build
+ make -j4
Consolidate compiler generated dependencies of target IM_SLAM
[  1%] Building CXX object CMakeFiles/IM_SLAM.dir/src/MapPoint.cc.o
[  2%] Building CXX object CMakeFiles/IM_SLAM.dir/src/KeyFrame.cc.o
[  4%] Building CXX object CMakeFiles/IM_SLAM.dir/src/Atlas.cc.o
[  4%] Building CXX object CMakeFiles/IM_SLAM.dir/src/Map.cc.o
[  5%] Building CXX object CMakeFiles/IM_SLAM.dir/src/MapDrawer.cc.o
[  6%] Building CXX object CMakeFiles/IM_SLAM.dir/src/Frame.cc.o
[  7%] Building CXX object CMakeFiles/IM_SLAM.dir/src/Sim3Solver.cc.o
[  8%] Building CXX object CMakeFiles/IM_SLAM.dir/src/Viewer.cc.o
[  9%] Building CXX object CMakeFiles/IM_SLAM.dir/src/ImuTypes.cc.o
[ 10%] Building CXX object CMakeFiles/IM_SLAM.dir/src/SlamErrors/FailedCounter.cc.o
[ 11%] Building CXX object CMakeFiles/IM_SLAM.dir/src/tool/DouglasPeucker.cc.o
[ 12%] Building CXX object CMakeFiles/IM_SLAM.dir/src/CameraModels/Pinhole.cpp.o
[ 13%] Building CXX object CMakeFiles/IM_SLAM.dir/src/CameraModels/KannalaBrandt8.cpp.o
[ 14%] Building CXX object CMakeFiles/IM_SLAM.dir/src/MLPnPsolver.cpp.o
[ 15%] Building CXX object CMakeFiles/IM_SLAM.dir/src/GeometricTools.cc.o
[ 16%] Building CXX object CMakeFiles/IM_SLAM.dir/src/TwoViewReconstruction.cc.o
[ 17%] Building CXX object CMakeFiles/IM_SLAM.dir/src/Config.cc.o
[ 18%] Building CXX object CMakeFiles/IM_SLAM.dir/src/Settings.cc.o
[ 20%] Building CXX object CMakeFiles/IM_SLAM.dir/src/tool/configs.cc.o
[ 21%] Building CXX object CMakeFiles/IM_SLAM.dir/src/tool/ReadDataSet.cc.o
[ 22%] Building CXX object CMakeFiles/IM_SLAM.dir/src/tool/thread/MultiThread.cpp.o
[ 23%] Building CXX object CMakeFiles/IM_SLAM.dir/src/tool/guassBg.cc.o
[ 24%] Building CXX object CMakeFiles/IM_SLAM.dir/src/tool/Initialization.cc.o
[ 25%] Building CXX object CMakeFiles/IM_SLAM.dir/src/tool/pose_viewer.cc.o
[ 26%] Building CXX object CMakeFiles/IM_SLAM.dir/src/tool/encoder_integration.cpp.o
[ 27%] Building CXX object CMakeFiles/IM_SLAM.dir/src/tool/common.cc.o
[ 28%] Building CXX object CMakeFiles/IM_SLAM.dir/src/gtsamOptimizer.cc.o
[ 29%] Building CXX object CMakeFiles/IM_SLAM.dir/src/tool/LoopClosureDetector.cpp.o
[ 30%] Building CXX object CMakeFiles/IM_SLAM.dir/src/FuseSensor.cc.o
[ 31%] Building CXX object CMakeFiles/IM_SLAM.dir/src/judge_imu_still.cc.o
[ 32%] Building CXX object CMakeFiles/IM_SLAM.dir/src/InitKeyFrame.cc.o
[ 33%] Building CXX object CMakeFiles/IM_SLAM.dir/src/System.cc.o
[ 34%] Building CXX object CMakeFiles/IM_SLAM.dir/src/ThinningMap.cc.o
[ 35%] Building CXX object CMakeFiles/IM_SLAM.dir/src/Tracking.cc.o
[ 36%] Building CXX object CMakeFiles/IM_SLAM.dir/src/LocalMapping.cc.o
[ 37%] Building CXX object CMakeFiles/IM_SLAM.dir/src/LoopManage.cc.o
[ 38%] Building CXX object CMakeFiles/IM_SLAM.dir/src/GridMapFilling.cc.o
[ 40%] Building CXX object CMakeFiles/IM_SLAM.dir/src/GridFilter.cc.o
[ 41%] Building CXX object CMakeFiles/IM_SLAM.dir/src/Optimizer.cc.o
[ 42%] Building CXX object CMakeFiles/IM_SLAM.dir/src/tool/WriteDataSet.cc.o
[ 43%] Building CXX object CMakeFiles/IM_SLAM.dir/src/flowcontrol.cpp.o
[ 44%] Building CXX object CMakeFiles/IM_SLAM.dir/src/spa_cost_function.cc.o
[ 45%] Building CXX object CMakeFiles/IM_SLAM.dir/src/gps_smooth.cc.o
[ 46%] Building CXX object CMakeFiles/IM_SLAM.dir/src/Matcher.cc.o
[ 47%] Building CXX object CMakeFiles/IM_SLAM.dir/src/tool/GPSFuse.cc.o
[ 48%] Building CXX object CMakeFiles/IM_SLAM.dir/src/slam_logging.cc.o
[ 49%] Building CXX object CMakeFiles/IM_SLAM.dir/src/tool/RelativePose.cpp.o
[ 50%] Building CXX object CMakeFiles/IM_SLAM.dir/src/Slide.cc.o
c++: internal compiler error: Killed (program cc1plus)
Please submit a full bug report,
with preprocessed source if appropriate.
See <file:///usr/share/doc/gcc-7/README.Bugs> for instructions.
CMakeFiles/IM_SLAM.dir/build.make:1139: recipe for target 'CMakeFiles/IM_SLAM.dir/src/Slide.cc.o' failed
make[2]: *** [CMakeFiles/IM_SLAM.dir/src/Slide.cc.o] Error 4
make[2]: *** Waiting for unfinished jobs....
CMakeFiles/Makefile2:86: recipe for target 'CMakeFiles/IM_SLAM.dir/all' failed
make[1]: *** [CMakeFiles/IM_SLAM.dir/all] Error 2
Makefile:90: recipe for target 'all' failed
make: *** [all] Error 2
Build step 'Execute shell' marked build as failure
Email was triggered for: Failure - Any
Sending email for trigger: Failure - Any
Sending email to: qishanqing@indemind.cn lishaohui@indemind.cn
Finished: FAILURE
