Started by user [8mha:////4Hr/xdFmTLt5KnrTe8trZK2TESQ/V/NsI0vaVi1tHUXnAAAAmx+LCAAAAAAAAP9b85aBtbiIQTGjNKU4P08vOT+vOD8nVc83PyU1x6OyILUoJzMv2y+/JJUBAhiZGBgqihhk0NSjKDWzXb3RdlLBUSYGJk8GtpzUvPSSDB8G5tKinBIGIZ+sxLJE/ZzEvHT94JKizLx0a6BxUmjGOUNodHsLgAyuEgYB/dLi1CL9qgygIcUZpYmZAFPXC9zFAAAA[0mzhangshuai
Running as SYSTEM
Building remotely on [8mha:////4GJECaSXI5jaa88kGHMmbEkdCg31N4g4yVAlsCFwflHgAAAAmR+LCAAAAAAAAP9b85aBtbiIQTGjNKU4P08vOT+vOD8nVc83PyU1x6OyILUoJzMv2y+/JJUBAhiZGBgqihhk0NSjKDWzXb3RdlLBUSYGJk8GtpzUvPSSDB8G5tKinBIGIZ+sxLJE/ZzEvHT94JKizLx0a6BxUmjGOUNodHsLgAzmEgZe/eT83ILSktQifUNLQwA4ziQnwgAAAA==[0m191 (192.168.50.191) in workspace /home/indemind/.jenkins_slave/workspace/rubby-slam-debug-3566
[WS-CLEANUP] Clean-up disabled, skipping workspace deletion.
No emails were triggered.
[rubby-slam-debug-3566] $ /bin/sh -xe /tmp/jenkins14598022830019045528.sh
+ bash -ex /home/indemind/myscript/build/build.sh
+++ dirname /home/indemind/myscript/build/build.sh
++ cd /home/indemind/myscript/build
++ pwd
+ project_path=/home/indemind/myscript/build
+ . /home/indemind/myscript/build/../sh/cmdb
++ set -x
++ export MYSQL_PWD=123
++ MYSQL_PWD=123
++ export -f cmdb_mysql
+ set -ex
+ export -f public_project_update
+ export -f project_build
+ init_project_env
++ date +%Y%m%d
+ DT=20230629
+ UserName=jenkins
+ API_TOKEN=11b65309c9835de9579d9c9038853d9eb7
+ GIT_PRIVATE_TOKEN=emEDrsaJVjxKK5gSWrf-
+ GIT_HOST=192.168.50.191
++ echo abby/integration/SLAM
++ awk -F/ '{print $1"%2F"$2}'
+ CONVERT_TARGET_PROJECT=abby%2Fintegration
++ curl -XGET -H 'Content-Type: application/json' --header 'PRIVATE-TOKEN: emEDrsaJVjxKK5gSWrf-' http://192.168.50.191:85/api/v4/projects/abby%2Fintegration
++ python -c 'import sys, json; print(json.load(sys.stdin)["id"])'
  % Total    % Received % Xferd  Average Speed   Time    Time     Time  Current
                                 Dload  Upload   Total   Spent    Left  Speed
  0     0    0     0    0     0      0      0 --:--:-- --:--:-- --:--:--     0100    35  100    35    0     0     89      0 --:--:-- --:--:-- --:--:--    90
Traceback (most recent call last):
  File "<string>", line 1, in <module>
KeyError: 'id'
+ SUB_PROJECT_ID=
+ true
+ '[' -z ']'
+ SOURCE_DIR=/home/indemind/.jenkins_slave/workspace/rubby-slam-debug-3566/vio_sam
+ TARGET_DIR=/home/indemind/.jenkins_slave/workspace/rubby-slam-debug-3566/SLAM
+ prepare_env
++ uname -m
+ system_platform=x86_64
+ :
++ cat /proc/cpuinfo
++ grep processor
++ sort
++ uniq
++ wc -l
+ mt=-j4
+ export COMMIT_ID_FILE=/home/indemind/.jenkins_slave/workspace/rubby-slam-debug-3566/_last_build_id
+ COMMIT_ID_FILE=/home/indemind/.jenkins_slave/workspace/rubby-slam-debug-3566/_last_build_id
+ export COMMIT_MSG_FILE=/home/indemind/.jenkins_slave/workspace/rubby-slam-debug-3566/_commit-msg
+ COMMIT_MSG_FILE=/home/indemind/.jenkins_slave/workspace/rubby-slam-debug-3566/_commit-msg
+ export COMMIT_MSG_FILE_TMP=/home/indemind/.jenkins_slave/workspace/rubby-slam-debug-3566/_commit-msg.tmp
+ COMMIT_MSG_FILE_TMP=/home/indemind/.jenkins_slave/workspace/rubby-slam-debug-3566/_commit-msg.tmp
+ rm -f /home/indemind/.jenkins_slave/workspace/rubby-slam-debug-3566/_last_build_id
+ rm -f /home/indemind/.jenkins_slave/workspace/rubby-slam-debug-3566/_commit-msg
+ rm -f /home/indemind/.jenkins_slave/workspace/rubby-slam-debug-3566/_commit-msg.tmp
+ rm -f /home/indemind/.jenkins_slave/workspace/rubby-slam-debug-3566/result.log
+ rm -f /home/indemind/.jenkins_slave/workspace/rubby-slam-debug-3566/no_code_change.log
+ CLONE_DEPTH=--depth=1
+ PUBLICBASETYPES_DIR=/home/indemind/system/I18RPublicBaseTypes
+ cmdb_mysql 'insert into prebuild(job_name,source_project,source_branch,target_project,target_branch,time,build_url,node_name,build_user) values ('\''rubby-slam-debug-3566'\'','\''fangwanyuan/vio_sam'\'','\''debug'\'','\''abby/integration/SLAM'\'','\''debug'\'',now(),'\''http://192.168.50.26:8080/job/rubby-slam-debug-3566/18/'\'','\''191'\'','\''zhangshuai'\'')'
+ set +x
+ DOCKER_CONTAINER_I18=build-x64-18.04
+ DOCKER_CONTAINER_RUBBY=c405
+ DOCKER_CONTAINER_RUBBY_INSIDE=c3566
+ DOCKER_CONTAINER_JAVA=node
+ JENKINS_JOB_A=mind
+ JENKINS_JOB_B=rbn
+ JENKINS_JOB_C=mark-check-tools
+ JENKINS_JOB_D=java
+ JENKINS_JOB_E=nodejs
+ JENKINS_JOB_F=_ui
+ JENKINS_JOB_G=i12r
+ JENKINS_JOB_E=clean_recorder
+ JENKINS_JOB_F=i18r
+ [[ rubby-slam-debug-3566 =~ mind ]]
+ '[' false = false ']'
+ source_project_update
+ '[' -d /home/indemind/.jenkins_slave/workspace/rubby-slam-debug-3566/vio_sam ']'
+ pushd /home/indemind/.jenkins_slave/workspace/rubby-slam-debug-3566/vio_sam
~/.jenkins_slave/workspace/rubby-slam-debug-3566/vio_sam ~/.jenkins_slave/workspace/rubby-slam-debug-3566
+ git checkout ./
fatal: Not a git repository (or any of the parent directories): .git
Build step 'Execute shell' marked build as failure
Email was triggered for: Failure - Any
Sending email for trigger: Failure - Any
Sending email to: qishanqing@indemind.cn lishaohui@indemind.cn
Finished: FAILURE
