Started by user [8mha:////4Hr/xdFmTLt5KnrTe8trZK2TESQ/V/NsI0vaVi1tHUXnAAAAmx+LCAAAAAAAAP9b85aBtbiIQTGjNKU4P08vOT+vOD8nVc83PyU1x6OyILUoJzMv2y+/JJUBAhiZGBgqihhk0NSjKDWzXb3RdlLBUSYGJk8GtpzUvPSSDB8G5tKinBIGIZ+sxLJE/ZzEvHT94JKizLx0a6BxUmjGOUNodHsLgAyuEgYB/dLi1CL9qgygIcUZpYmZAFPXC9zFAAAA[0mzhangshuai
Running as SYSTEM
Building remotely on [8mha:////4GJECaSXI5jaa88kGHMmbEkdCg31N4g4yVAlsCFwflHgAAAAmR+LCAAAAAAAAP9b85aBtbiIQTGjNKU4P08vOT+vOD8nVc83PyU1x6OyILUoJzMv2y+/JJUBAhiZGBgqihhk0NSjKDWzXb3RdlLBUSYGJk8GtpzUvPSSDB8G5tKinBIGIZ+sxLJE/ZzEvHT94JKizLx0a6BxUmjGOUNodHsLgAzmEgZe/eT83ILSktQifUNLQwA4ziQnwgAAAA==[0m191 (192.168.50.191) in workspace /home/indemind/.jenkins_slave/workspace/rubby-slam-sppt-3566
[WS-CLEANUP] Clean-up disabled, skipping workspace deletion.
No emails were triggered.
[rubby-slam-sppt-3566] $ /bin/sh -xe /tmp/jenkins10968079376806640271.sh
+ bash -ex /home/indemind/myscript/build/build.sh
+++ dirname /home/indemind/myscript/build/build.sh
++ cd /home/indemind/myscript/build
++ pwd
+ project_path=/home/indemind/myscript/build
+ . /home/indemind/myscript/build/../sh/cmdb
++ set -x
++ export MYSQL_PWD=123
++ MYSQL_PWD=123
++ export -f cmdb_mysql
+ set -ex
+ export -f public_project_update
+ export -f project_build
+ init_project_env
++ date +%Y%m%d
+ DT=20230710
+ UserName=jenkins
+ API_TOKEN=11b65309c9835de9579d9c9038853d9eb7
+ GIT_PRIVATE_TOKEN=emEDrsaJVjxKK5gSWrf-
+ GIT_HOST=192.168.50.191
++ echo abby/integration/SLAM
++ awk -F/ '{print $1"%2F"$2}'
+ CONVERT_TARGET_PROJECT=abby%2Fintegration
++ curl -XGET -H 'Content-Type: application/json' --header 'PRIVATE-TOKEN: emEDrsaJVjxKK5gSWrf-' http://192.168.50.191:85/api/v4/projects/abby%2Fintegration
++ python -c 'import sys, json; print(json.load(sys.stdin)["id"])'
  % Total    % Received % Xferd  Average Speed   Time    Time     Time  Current
                                 Dload  Upload   Total   Spent    Left  Speed
  0     0    0     0    0     0      0      0 --:--:-- --:--:-- --:--:--     0100    35  100    35    0     0    514      0 --:--:-- --:--:-- --:--:--   522
Traceback (most recent call last):
  File "<string>", line 1, in <module>
KeyError: 'id'
+ SUB_PROJECT_ID=
+ true
+ '[' -z ']'
+ SOURCE_DIR=/home/indemind/.jenkins_slave/workspace/rubby-slam-sppt-3566/vio_sam
+ TARGET_DIR=/home/indemind/.jenkins_slave/workspace/rubby-slam-sppt-3566/SLAM
+ prepare_env
++ uname -m
+ system_platform=x86_64
+ :
++ cat /proc/cpuinfo
++ grep processor
++ sort
++ uniq
++ wc -l
+ mt=-j4
+ export COMMIT_ID_FILE=/home/indemind/.jenkins_slave/workspace/rubby-slam-sppt-3566/_last_build_id
+ COMMIT_ID_FILE=/home/indemind/.jenkins_slave/workspace/rubby-slam-sppt-3566/_last_build_id
+ export COMMIT_MSG_FILE=/home/indemind/.jenkins_slave/workspace/rubby-slam-sppt-3566/_commit-msg
+ COMMIT_MSG_FILE=/home/indemind/.jenkins_slave/workspace/rubby-slam-sppt-3566/_commit-msg
+ export COMMIT_MSG_FILE_TMP=/home/indemind/.jenkins_slave/workspace/rubby-slam-sppt-3566/_commit-msg.tmp
+ COMMIT_MSG_FILE_TMP=/home/indemind/.jenkins_slave/workspace/rubby-slam-sppt-3566/_commit-msg.tmp
+ rm -f /home/indemind/.jenkins_slave/workspace/rubby-slam-sppt-3566/_last_build_id
+ rm -f /home/indemind/.jenkins_slave/workspace/rubby-slam-sppt-3566/_commit-msg
+ rm -f /home/indemind/.jenkins_slave/workspace/rubby-slam-sppt-3566/_commit-msg.tmp
+ rm -f /home/indemind/.jenkins_slave/workspace/rubby-slam-sppt-3566/result.log
+ rm -f /home/indemind/.jenkins_slave/workspace/rubby-slam-sppt-3566/no_code_change.log
+ CLONE_DEPTH=--depth=1
+ PUBLICBASETYPES_DIR=/home/indemind/system/I18RPublicBaseTypes
+ cmdb_mysql 'insert into prebuild(job_name,source_project,source_branch,target_project,target_branch,time,build_url,node_name,build_user) values ('\''rubby-slam-sppt-3566'\'','\''fangwanyuan/vio_sam'\'','\''superpoint'\'','\''abby/integration/SLAM'\'','\''superpoint'\'',now(),'\''http://192.168.50.26:8080/job/rubby-slam-sppt-3566/56/'\'','\''191'\'','\''zhangshuai'\'')'
+ set +x
+ DOCKER_CONTAINER_I18=build-x64-18.04
+ DOCKER_CONTAINER_RUBBY=c405
+ DOCKER_CONTAINER_RUBBY_INSIDE=c3566
+ DOCKER_CONTAINER_JAVA=node
+ JENKINS_JOB_A=mind
+ JENKINS_JOB_B=rbn
+ JENKINS_JOB_C=mark-check-tools
+ JENKINS_JOB_D=java
+ JENKINS_JOB_E=nodejs
+ JENKINS_JOB_F=_ui
+ JENKINS_JOB_G=i12r
+ JENKINS_JOB_E=clean_recorder
+ JENKINS_JOB_F=i18r
+ [[ rubby-slam-sppt-3566 =~ mind ]]
+ '[' false = false ']'
+ source_project_update
+ '[' -d /home/indemind/.jenkins_slave/workspace/rubby-slam-sppt-3566/vio_sam ']'
+ pushd /home/indemind/.jenkins_slave/workspace/rubby-slam-sppt-3566/vio_sam
~/.jenkins_slave/workspace/rubby-slam-sppt-3566/vio_sam ~/.jenkins_slave/workspace/rubby-slam-sppt-3566
+ git checkout ./
+ git pull --rebase
Warning: Permanently added '[192.168.50.191]:222' (ECDSA) to the list of known hosts.
æ¥è‡ª ssh://192.168.50.191:222/fangwanyuan/vio_sam
   007c9ab..88d4f64  superpoint -> origin/superpoint
é¦–å…ˆï¼Œå›žé€€åˆ†æ”¯ä»¥ä¾¿åœ¨ä¸Šé¢é‡æ”¾æ‚¨çš„å·¥ä½œ...
å¿«è¿› superpoint è‡³ 88d4f64a555e15c982fdeb5a60b52623567b74beã€‚
+ popd
~/.jenkins_slave/workspace/rubby-slam-sppt-3566
+ target_project_update
+ rm -rf /home/indemind/.jenkins_slave/workspace/rubby-slam-sppt-3566/SLAM
+ target_project_fetch
+ git clone ssh://git@192.168.50.191:222/abby/integration/SLAM -b superpoint --depth=1
æ­£å…‹éš†åˆ° 'SLAM'...
Warning: Permanently added '[192.168.50.191]:222' (ECDSA) to the list of known hosts.
+ insert_db
+ pushd /home/indemind/.jenkins_slave/workspace/rubby-slam-sppt-3566/vio_sam
~/.jenkins_slave/workspace/rubby-slam-sppt-3566/vio_sam ~/.jenkins_slave/workspace/rubby-slam-sppt-3566
++ cmdb_mysql 'SELECT first_commit_id FROM prebuild where source_project='\''fangwanyuan/vio_sam'\'' and source_branch='\''superpoint'\'' and target_project='\''abby/integration/SLAM'\'' and target_branch='\''superpoint'\'' and status='\''0'\'' and job_name='\''rubby-slam-sppt-3566'\'' order by id desc limit 1;'
++ set +x
+ version='first_commit_id
007c9ab'
++ echo first_commit_id 007c9ab
++ awk -F ' ' '{print $2}'
+ version=007c9ab
++ git log -1 --pretty=format:%h
+ first_commit_id_now=88d4f64
+ cmdb_mysql 'update prebuild set first_commit_id='\''88d4f64'\'' where build_url='\''http://192.168.50.26:8080/job/rubby-slam-sppt-3566/56/'\'';'
+ set +x
+ popd
~/.jenkins_slave/workspace/rubby-slam-sppt-3566
+ [[ x86_64 =~ x86_64 ]]
+ docker exec -i c3566 /bin/bash
+ [[ c3566 == c405 ]]
+ [[ c3566 == c3566 ]]
+ echo 'rubby project building in c3566......'
rubby project building in c3566......
+ pushd /root/system/abby_msg
~/system/abby_msg /
+ git checkout ./
+ git clean -xdf ./
+ git pull origin master
From ssh://192.168.50.191:222/abby/source/abby_msg
 * branch            master     -> FETCH_HEAD
Already up to date.
+ popd
/
+ pushd /home/indemind/.jenkins_slave/workspace/rubby-slam-sppt-3566/vio_sam
/home/indemind/.jenkins_slave/workspace/rubby-slam-sppt-3566/vio_sam /
+ git submodule update --init --recursive
Submodule path 'submodules/DepthModuleForRubby': checked out '901f7236e5b8a5906e58904296753c0eb7015996'
+ git submodule update --remote
warning: redirecting to http://192.168.50.191:85/qiuliru/DepthModuleForRubby.git/
Submodule path 'submodules/DepthModuleForRubby': checked out '3a58862185e121fb41573b9ecc02915e4cc657b7'
+ sed -i 's/make -j[0-9].*/make -j4/g' build.sh
+ '[' x88d4f64 == x007c9ab ']'
+ source /opt/ros/melodic/setup.bash
+ bash -ex build.sh
+ echo 'Uncompress vocabulary ...'
Uncompress vocabulary ...
+ echo 'Configuring and building ORB_SLAM3 ...'
Configuring and building ORB_SLAM3 ...
++ arch
+ '[' aarch64 = x86_64 ']'
+ echo 'env arm64'
env arm64
+ echo 'rsync -av ./3rdparty/arm64/rubby/Thirdparty ../ --exclude=.* --exclude=DBoW2 --exclude=DLib --exclude=build '
rsync -av ./3rdparty/arm64/rubby/Thirdparty ../ --exclude=.* --exclude=DBoW2 --exclude=DLib --exclude=build 
+ rsync -av ./3rdparty/arm64/rubby/Thirdparty ../ '--exclude=.*' --exclude=DBoW2 --exclude=DLib --exclude=build
sending incremental file list

sent 145,194 bytes  received 622 bytes  97,210.67 bytes/sec
total size is 91,012,484  speedup is 624.16
++ ls ../
Thirdparty path:  SLAM Thirdparty abby_msg vio_sam
+ echo 'Thirdparty path: ' SLAM Thirdparty abby_msg vio_sam
build DBoW2
+ echo 'build DBoW2'
+ cd DBoW2
+ mkdir build
/bin/mkdir: cannot create directory 'build': File exists
+ true
+ cd build
+ cmake .. -DCMAKE_BUILD_TYPE=Release
-- Using flag -std=c++11.
-- Configuring done
-- Generating done
-- Build files have been written to: /home/indemind/.jenkins_slave/workspace/rubby-slam-sppt-3566/vio_sam/DBoW2/build
+ make -j4
[100%] Built target DBoW2
build DLib
+ echo 'build DLib'
+ cd ../../DLib
+ mkdir build
/bin/mkdir: cannot create directory 'build': File exists
+ true
+ cd build
+ cmake .. -DCMAKE_BUILD_TYPE=Release
-- Using flag -std=c++11.
-- Configuring done
-- Generating done
-- Build files have been written to: /home/indemind/.jenkins_slave/workspace/rubby-slam-sppt-3566/vio_sam/DLib/build
+ make -j4
[100%] Built target DLib
+ cd ../../
+ mkdir build
/bin/mkdir: cannot create directory 'build': File exists
+ true
+ cd build
+ cmake .. -DCMAKE_BUILD_TYPE=Release
Build type: Release
-- Using flag -std=c++11.
OPENCV VERSION:
3.4.3
-- Boost version: 1.65.1
-- Found the following Boost libraries:
--   timer
--   regex
--   serialization
--   thread
--   system
--   filesystem
--   chrono
--   date_time
--   atomic
-- CONFIG_BUILD_DEPTH=OFF
-- Configuring done
-- Generating done
-- Build files have been written to: /home/indemind/.jenkins_slave/workspace/rubby-slam-sppt-3566/vio_sam/build
+ make -j4
Scanning dependencies of target ORB_SLAM3
[  3%] Building CXX object CMakeFiles/ORB_SLAM3.dir/src/MapPoint.cc.o
[  1%] Building CXX object CMakeFiles/ORB_SLAM3.dir/src/Atlas.cc.o
[  5%] Building CXX object CMakeFiles/ORB_SLAM3.dir/src/FrameDrawer.cc.o
[  6%] Building CXX object CMakeFiles/ORB_SLAM3.dir/src/KeyFrame.cc.o
[  8%] Building CXX object CMakeFiles/ORB_SLAM3.dir/src/Map.cc.o
[ 10%] Building CXX object CMakeFiles/ORB_SLAM3.dir/src/Frame.cc.o
[ 11%] Building CXX object CMakeFiles/ORB_SLAM3.dir/src/tool/ReadDataSet.cc.o
[ 13%] Building CXX object CMakeFiles/ORB_SLAM3.dir/src/tool/encoder_integration.cpp.o
[ 15%] Building CXX object CMakeFiles/ORB_SLAM3.dir/src/gtsamOptimizer.cc.o
[ 16%] Building CXX object CMakeFiles/ORB_SLAM3.dir/src/tool/LoopClosureDetector.cpp.o
[ 18%] Building CXX object CMakeFiles/ORB_SLAM3.dir/src/FuseSensor.cc.o
[ 20%] Building CXX object CMakeFiles/ORB_SLAM3.dir/src/judge_imu_still.cc.o
[ 22%] Building CXX object CMakeFiles/ORB_SLAM3.dir/src/System.cc.o
[ 23%] Building CXX object CMakeFiles/ORB_SLAM3.dir/src/Tracking.cc.o
[ 25%] Building CXX object CMakeFiles/ORB_SLAM3.dir/src/LocalMapping.cc.o
[ 27%] Building CXX object CMakeFiles/ORB_SLAM3.dir/src/LoopClosing.cc.o
[ 28%] Building CXX object CMakeFiles/ORB_SLAM3.dir/src/GridMapFilling.cc.o
[ 30%] Building CXX object CMakeFiles/ORB_SLAM3.dir/src/tool/Icp.cpp.o
[ 32%] Building CXX object CMakeFiles/ORB_SLAM3.dir/src/Matcher.cc.o
[ 33%] Linking CXX shared library ../lib/libORB_SLAM3.so
[ 91%] Built target ORB_SLAM3
[ 93%] Linking CXX executable ../Examples/Stereo/slam_test
Scanning dependencies of target slam_plugin
[ 94%] Building CXX object CMakeFiles/slam_plugin.dir/Examples/slam_rubby_demo/slam_plugin.cc.o
../lib/libORB_SLAM3.so: undefined reference to `SLAM_LOG_PATH[abi:cxx11]()'
collect2: error: ld returned 1 exit status
CMakeFiles/slam_test.dir/build.make:158: recipe for target '../Examples/Stereo/slam_test' failed
make[2]: *** [../Examples/Stereo/slam_test] Error 1
CMakeFiles/Makefile2:141: recipe for target 'CMakeFiles/slam_test.dir/all' failed
make[1]: *** [CMakeFiles/slam_test.dir/all] Error 2
make[1]: *** Waiting for unfinished jobs....
[ 96%] Linking CXX shared library ../lib/libslam_plugin.so
[ 98%] Built target slam_plugin
Makefile:83: recipe for target 'all' failed
make: *** [all] Error 2
+ echo 0
+ popd
/
+ exit
+ [[ -f /home/indemind/.jenkins_slave/workspace/rubby-slam-sppt-3566/no_code_change.log ]]
+ check_status_code
+ test -f /home/indemind/.jenkins_slave/workspace/rubby-slam-sppt-3566/result.log
+ echo 'containge build is error'
containge build is error
+ exit 1
Build step 'Execute shell' marked build as failure
Email was triggered for: Failure - Any
Sending email for trigger: Failure - Any
Sending email to: qishanqing@indemind.cn lishaohui@indemind.cn
Finished: FAILURE
