Started by user [8mha:////4MzersSP/9cKUovrzPMuoS/kLqxVF8zd8yb1BUJ8RGIAAAAAmh+LCAAAAAAAAP9b85aBtbiIQTGjNKU4P08vOT+vOD8nVc83PyU1x6OyILUoJzMv2y+/JJUBAhiZGBgqihhk0NSjKDWzXb3RdlLBUSYGJk8GtpzUvPSSDB8G5tKinBIGIZ+sxLJE/ZzEvHT94JKizLx0a6BxUmjGOUNodHsLgAzuEgYB/dLi1CL9nMzSXKDZQJMAv/Rqu8UAAAA=[0mliumengyang
Rebuilds build #[8mha:////4HUmOnEk7nb0Qpw4GgkQtpbB9jcS017DD2HY73otRZBUAAAArx+LCAAAAAAAAP9b85aBtbiIQTGjNKU4P08vOT+vOD8nVc83PyU1x6OyILUoJzMv2y+/JJUBAhiZGBgqihhk0NSjKDWzXb3RdlLBUSYGJk8GtpzUvPSSDB8G5tKinBIGIZ+sxLJE/ZzEvHT94JKizLx0a6BxUmjGOUNodHsLQIwSBk39sszUcv3U3KTUlNQU/az8JP2CxKLs1CJdqJBuXmp5SX6avjEACaeZC94AAAA=[0m3
Running as SYSTEM
Building remotely on [8mha:////4D6yRyBYe7oknGfyEvkNHQn9TOnFM8NY87mS+dJ5YRC3AAAAoR+LCAAAAAAAAP9b85aBtbiIQTGjNKU4P08vOT+vOD8nVc83PyU1x6OyILUoJzMv2y+/JJUBAhiZGBgqihhk0NSjKDWzXb3RdlLBUSYGJk8GtpzUvPSSDB8G5tKinBIGIZ+sxLJE/ZzEvHT94JKizLx0a6BxUmjGOUNodHsLgAzuEgZR/eT83ILSktQi/eyMxJTEYt3kxCIzAMgbbL3KAAAA[0mkhadas-car6 (car6) in workspace /root/workspace/workspace/parker-embeded-newtof
[WS-CLEANUP] Deleting project workspace...
[WS-CLEANUP] Deferred wipeout is used...
[WS-CLEANUP] Done
No emails were triggered.
[parker-embeded-newtof] $ /bin/sh -xe /tmp/jenkins10834298447110817780.sh
+ bash /root/myscript/build/build.sh
++ export MYSQL_PWD=123
++ MYSQL_PWD=123
++ export -f cmdb_mysql
+ set -ex
+ export -f public_project_update
+ export -f project_build
+ init_project_env
++ date +%Y%m%d
+ DT=20230607
+ UserName=jenkins
+ API_TOKEN=11b65309c9835de9579d9c9038853d9eb7
+ GIT_PRIVATE_TOKEN=emEDrsaJVjxKK5gSWrf-
+ GIT_HOST=192.168.50.191
++ awk -F/ '{print $1"%2F"$2}'
++ echo parker/integration/sensors
+ CONVERT_TARGET_PROJECT=parker%2Fintegration
++ python -c 'import sys, json; print(json.load(sys.stdin)["id"])'
++ curl -XGET -H 'Content-Type: application/json' --header 'PRIVATE-TOKEN: emEDrsaJVjxKK5gSWrf-' http://192.168.50.191:85/api/v4/projects/parker%2Fintegration
  % Total    % Received % Xferd  Average Speed   Time    Time     Time  Current
                                 Dload  Upload   Total   Spent    Left  Speed
  0     0    0     0    0     0      0      0 --:--:-- --:--:-- --:--:--     0100    35  100    35    0     0    760      0 --:--:-- --:--:-- --:--:--   760
Traceback (most recent call last):
  File "<string>", line 1, in <module>
KeyError: 'id'
+ SUB_PROJECT_ID=
+ true
+ '[' -z ']'
+ SOURCE_DIR=/root/workspace/workspace/parker-embeded-newtof/parker_sensors_group
+ TARGET_DIR=/root/workspace/workspace/parker-embeded-newtof/sensors
+ prepare_env
++ uname -m
+ system_platform=aarch64
++ sort
++ wc -l
++ uniq
++ grep processor
++ cat /proc/cpuinfo
+ core=6
+ [[ 6 == 32 ]]
+ [[ 6 == 16 ]]
+ [[ 6 == 6 ]]
+ mt=-j4
+ export COMMIT_ID_FILE=/root/workspace/workspace/parker-embeded-newtof/_last_build_id
+ COMMIT_ID_FILE=/root/workspace/workspace/parker-embeded-newtof/_last_build_id
+ export COMMIT_MSG_FILE=/root/workspace/workspace/parker-embeded-newtof/_commit-msg
+ COMMIT_MSG_FILE=/root/workspace/workspace/parker-embeded-newtof/_commit-msg
+ export COMMIT_MSG_FILE_TMP=/root/workspace/workspace/parker-embeded-newtof/_commit-msg.tmp
+ COMMIT_MSG_FILE_TMP=/root/workspace/workspace/parker-embeded-newtof/_commit-msg.tmp
+ rm -f /root/workspace/workspace/parker-embeded-newtof/_last_build_id
+ rm -f /root/workspace/workspace/parker-embeded-newtof/_commit-msg
+ rm -f /root/workspace/workspace/parker-embeded-newtof/_commit-msg.tmp
+ rm -f /root/workspace/workspace/parker-embeded-newtof/result.log
+ rm -f /root/workspace/workspace/parker-embeded-newtof/no_code_change.log
+ CLONE_DEPTH=--depth=1
+ PUBLICBASETYPES_DIR=/root/system/I18RPublicBaseTypes
+ cmdb_mysql 'insert into prebuild(job_name,source_project,source_branch,target_project,target_branch,time,build_url,node_name,build_user) values ('\''parker-embeded-newtof'\'','\''EmbeddedGroup/parker/parker_sensors_group'\'','\''dev_sunnytof'\'','\''parker/integration/sensors'\'','\''sunnytof'\'',now(),'\''http://192.168.50.26:8080/job/parker-embeded-newtof/4/'\'','\''khadas-car6'\'','\''liumengang'\'')'
+ set +x
+ DOCKER_CONTAINER_I18=build-x64-18.04
+ DOCKER_CONTAINER_RUBBY=c405
+ DOCKER_CONTAINER_RUBBY_INSIDE=c3566
+ DOCKER_CONTAINER_JAVA=node
+ JENKINS_JOB_A=mind
+ JENKINS_JOB_B=rbn
+ JENKINS_JOB_C=mark-check-tools
+ JENKINS_JOB_D=java
+ JENKINS_JOB_E=nodejs
+ JENKINS_JOB_F=_ui
+ JENKINS_JOB_G=i12r
+ JENKINS_JOB_E=clean_recorder
+ [[ parker-embeded-newtof =~ mind ]]
+ '[' true = false ']'
+ source_project_fetch
+ git clone ssh://git@192.168.50.191:222/EmbeddedGroup/parker/parker_sensors_group -b dev_sunnytof --depth=1
Ê≠£ÂÖãÈöÜÂà∞ 'parker_sensors_group'...
Ê≠£Âú®Ê£ÄÂá∫Êñá‰ª∂:  98% (953/970)   Ê≠£Âú®Ê£ÄÂá∫Êñá‰ª∂:  99% (961/970)   Ê≠£Âú®Ê£ÄÂá∫Êñá‰ª∂: 100% (970/970)   Ê≠£Âú®Ê£ÄÂá∫Êñá‰ª∂: 100% (970/970), ÂÆåÊàê.
+ target_project_update
+ rm -rf /root/workspace/workspace/parker-embeded-newtof/sensors
+ target_project_fetch
+ git clone ssh://git@192.168.50.191:222/parker/integration/sensors -b sunnytof --depth=1
Ê≠£ÂÖãÈöÜÂà∞ 'sensors'...
+ insert_db
+ pushd /root/workspace/workspace/parker-embeded-newtof/parker_sensors_group
~/workspace/workspace/parker-embeded-newtof/parker_sensors_group ~/workspace/workspace/parker-embeded-newtof
++ cmdb_mysql 'SELECT first_commit_id FROM prebuild where source_project='\''EmbeddedGroup/parker/parker_sensors_group'\'' and source_branch='\''dev_sunnytof'\'' and target_project='\''parker/integration/sensors'\'' and target_branch='\''sunnytof'\'' and status='\''0'\'' and job_name='\''parker-embeded-newtof'\'' order by id desc limit 1;'
++ set +x
+ version='first_commit_id
1437c2d'
++ awk -F ' ' '{print $2}'
++ echo first_commit_id 1437c2d
+ version=1437c2d
++ git log -1 --pretty=format:%h
+ first_commit_id_now=86e07a9
+ cmdb_mysql 'update prebuild set first_commit_id='\''86e07a9'\'' where build_url='\''http://192.168.50.26:8080/job/parker-embeded-newtof/4/'\'';'
+ set +x
+ popd
~/workspace/workspace/parker-embeded-newtof
+ [[ aarch64 =~ x86_64 ]]
+ [[ parker-embeded-newtof =~ rbn ]]
+ [[ parker-embeded-newtof =~ mind ]]
+ public_project_update
+ rm -rf /root/system/I18RPublicBaseTypes
+ [[ parker-embeded-newtof =~ i12r ]]
+ [[ parker-embeded-newtof =~ clean_recorder ]]
+ git clone ssh://git@192.168.50.191:222/AroundI18RProject/I18RPublicBaseTypes.git /root/system/I18RPublicBaseTypes -b develop --depth=1
Ê≠£ÂÖãÈöÜÂà∞ '/root/system/I18RPublicBaseTypes'...
+ pushd /root/system/I18RPublicBaseTypes
~/system/I18RPublicBaseTypes ~/workspace/workspace/parker-embeded-newtof
+ ./install.sh
-- The C compiler identification is GNU 7.5.0
-- The CXX compiler identification is GNU 7.5.0
-- Check for working C compiler: /usr/bin/cc
-- Check for working C compiler: /usr/bin/cc -- works
-- Detecting C compiler ABI info
-- Detecting C compiler ABI info - done
-- Detecting C compile features
-- Detecting C compile features - done
-- Check for working CXX compiler: /usr/bin/c++
-- Check for working CXX compiler: /usr/bin/c++ -- works
-- Detecting CXX compiler ABI info
-- Detecting CXX compiler ABI info - done
-- Detecting CXX compile features
-- Detecting CXX compile features - done
-- CMAKE_INSTALL_PREFIX: /usr/local.
-- I18R_INCLUDE_INSTALL_DIR: /usr/local/include/I18RPublicBaseTypes.
-- CMAKE_CURRENT_SOURCE_DIR: /root/system/I18RPublicBaseTypes.
-- Configuring done
-- Generating done
-- Build files have been written to: /root/system/I18RPublicBaseTypes/build
sudo: Êó†Ê≥ïËß£Êûê‰∏ªÊú∫Ôºöcar6
Install the project...
-- Install configuration: "Release"
-- Installing: /usr/local/include/I18RPublicBaseTypes/base_types.h
-- Installing: /usr/local/include/I18RPublicBaseTypes/calibr_types.h
-- Installing: /usr/local/include/I18RPublicBaseTypes/cloud_types.h
-- Installing: /usr/local/include/I18RPublicBaseTypes/control_types.h
-- Installing: /usr/local/include/I18RPublicBaseTypes/depth_types.h
-- Installing: /usr/local/include/I18RPublicBaseTypes/detector_types.h
-- Installing: /usr/local/include/I18RPublicBaseTypes/error_types.h
-- Installing: /usr/local/include/I18RPublicBaseTypes/geometry_types.h
-- Installing: /usr/local/include/I18RPublicBaseTypes/hmi_types.h
-- Installing: /usr/local/include/I18RPublicBaseTypes/imsee_types.h
-- Installing: /usr/local/include/I18RPublicBaseTypes/marker_types.h
-- Installing: /usr/local/include/I18RPublicBaseTypes/msg_types.h
-- Installing: /usr/local/include/I18RPublicBaseTypes/old_hmi_types.h
-- Installing: /usr/local/include/I18RPublicBaseTypes/sensor_types.h
-- Installing: /usr/local/include/I18RPublicBaseTypes/server_types.h
-- Installing: /usr/local/include/I18RPublicBaseTypes/slam_types.h
-- Installing: /usr/local/include/I18RPublicBaseTypes/swr_types.h
-- Installing: /usr/local/include/I18RPublicBaseTypes/README.md
-- Installing: /usr/local/include/I18RPublicBaseTypes/base/Data.h
-- Installing: /usr/local/include/I18RPublicBaseTypes/base/ErrorInfo.h
-- Installing: /usr/local/include/I18RPublicBaseTypes/base/ErrorMessage.h
-- Installing: /usr/local/include/I18RPublicBaseTypes/base/FormatData.h
-- Installing: /usr/local/include/I18RPublicBaseTypes/base/InternalErrorCode.h
-- Installing: /usr/local/include/I18RPublicBaseTypes/base/Module.h
-- Installing: /usr/local/include/I18RPublicBaseTypes/base/README.md
-- Installing: /usr/local/include/I18RPublicBaseTypes/base/ThreadInfo.h
-- Installing: /usr/local/include/I18RPublicBaseTypes/base/Time.h
-- Installing: /usr/local/include/I18RPublicBaseTypes/base/WorkStatus.h
-- Installing: /usr/local/include/I18RPublicBaseTypes/calibr/Cameara2Camera.h
-- Installing: /usr/local/include/I18RPublicBaseTypes/calibr/Camera2Lidar.h
-- Installing: /usr/local/include/I18RPublicBaseTypes/calibr/Camera2Odometry.h
-- Installing: /usr/local/include/I18RPublicBaseTypes/calibr/Camera2Tof.h
-- Installing: /usr/local/include/I18RPublicBaseTypes/calibr/Imu2Odometry.h
-- Installing: /usr/local/include/I18RPublicBaseTypes/calibr/README.md
-- Installing: /usr/local/include/I18RPublicBaseTypes/calibr/Transform.h
-- Installing: /usr/local/include/I18RPublicBaseTypes/cloud/README.md
-- Installing: /usr/local/include/I18RPublicBaseTypes/control/PointCloud.h
-- Installing: /usr/local/include/I18RPublicBaseTypes/control/README.md
-- Installing: /usr/local/include/I18RPublicBaseTypes/control/autoClean_property.h
-- Installing: /usr/local/include/I18RPublicBaseTypes/control/clean_path.h
-- Installing: /usr/local/include/I18RPublicBaseTypes/control/current_type.h
-- Installing: /usr/local/include/I18RPublicBaseTypes/control/drop_event.h
-- Installing: /usr/local/include/I18RPublicBaseTypes/control/grass_boundary.h
-- Installing: /usr/local/include/I18RPublicBaseTypes/control/pose.h
-- Installing: /usr/local/include/I18RPublicBaseTypes/control/robot_event.h
-- Installing: /usr/local/include/I18RPublicBaseTypes/control/robot_status.h
-- Installing: /usr/local/include/I18RPublicBaseTypes/control/work_mode.h
-- Installing: /usr/local/include/I18RPublicBaseTypes/control/work_runs.h
-- Installing: /usr/local/include/I18RPublicBaseTypes/depth/CalibrationImage.h
-- Installing: /usr/local/include/I18RPublicBaseTypes/depth/DepthMatrix.h
-- Installing: /usr/local/include/I18RPublicBaseTypes/depth/DepthPointCloud.h
-- Installing: /usr/local/include/I18RPublicBaseTypes/depth/GrassBoundary.h
-- Installing: /usr/local/include/I18RPublicBaseTypes/depth/LightAdjustment.h
-- Installing: /usr/local/include/I18RPublicBaseTypes/depth/README.md
-- Installing: /usr/local/include/I18RPublicBaseTypes/depth/SourceImage.h
-- Installing: /usr/local/include/I18RPublicBaseTypes/detector/DetectorResult.h
-- Installing: /usr/local/include/I18RPublicBaseTypes/detector/README.md
-- Installing: /usr/local/include/I18RPublicBaseTypes/detector/class.h
-- Installing: /usr/local/include/I18RPublicBaseTypes/detector/detect_types.h
-- Installing: /usr/local/include/I18RPublicBaseTypes/detector/detector_param.h
-- Installing: /usr/local/include/I18RPublicBaseTypes/detector/error_code.h
-- Installing: /usr/local/include/I18RPublicBaseTypes/detector/instance.h
-- Installing: /usr/local/include/I18RPublicBaseTypes/detector/map.h
-- Installing: /usr/local/include/I18RPublicBaseTypes/geometry/EulerAngle.h
-- Installing: /usr/local/include/I18RPublicBaseTypes/geometry/Point.h
-- Installing: /usr/local/include/I18RPublicBaseTypes/geometry/Quaternion.h
-- Installing: /usr/local/include/I18RPublicBaseTypes/hmi/README.md
-- Installing: /usr/local/include/I18RPublicBaseTypes/hmi/gen.sh
-- Installing: /usr/local/include/I18RPublicBaseTypes/hmi/public.fbs
-- Installing: /usr/local/include/I18RPublicBaseTypes/hmi/report.fbs
-- Installing: /usr/local/include/I18RPublicBaseTypes/hmi/request.fbs
-- Installing: /usr/local/include/I18RPublicBaseTypes/hmi/response.fbs
-- Installing: /usr/local/include/I18RPublicBaseTypes/hmi/public_generated.h
-- Installing: /usr/local/include/I18RPublicBaseTypes/hmi/report_generated.h
-- Installing: /usr/local/include/I18RPublicBaseTypes/hmi/request_generated.h
-- Installing: /usr/local/include/I18RPublicBaseTypes/hmi/response_generated.h
-- Installing: /usr/local/include/I18RPublicBaseTypes/hmi/public.h
-- Installing: /usr/local/include/I18RPublicBaseTypes/hmi/report.h
-- Installing: /usr/local/include/I18RPublicBaseTypes/hmi/request.h
-- Installing: /usr/local/include/I18RPublicBaseTypes/hmi/response.h
-- Installing: /usr/local/include/I18RPublicBaseTypes/imsee/CImseeImage.h
-- Installing: /usr/local/include/I18RPublicBaseTypes/imsee/CImseeImu.h
-- Installing: /usr/local/include/I18RPublicBaseTypes/imsee/CImseeMsgHotplug.h
-- Installing: /usr/local/include/I18RPublicBaseTypes/imsee/CImseeMsgImage.h
-- Installing: /usr/local/include/I18RPublicBaseTypes/imsee/CImseeMsgImu.h
-- Installing: /usr/local/include/I18RPublicBaseTypes/imsee/CImseeMsgParam.h
-- Installing: /usr/local/include/I18RPublicBaseTypes/imsee/CameraParameter.h
-- Installing: /usr/local/include/I18RPublicBaseTypes/imsee/CameraParameterOld.h
-- Installing: /usr/local/include/I18RPublicBaseTypes/imsee/IMUParameter.h
-- Installing: /usr/local/include/I18RPublicBaseTypes/imsee/ModuleInfo.h
-- Installing: /usr/local/include/I18RPublicBaseTypes/imsee/MoudleAllParam.h
-- Installing: /usr/local/include/I18RPublicBaseTypes/imsee/Resolution.h
-- Installing: /usr/local/include/I18RPublicBaseTypes/imsee/SDebugSet.h
-- Installing: /usr/local/include/I18RPublicBaseTypes/imsee/SlamParameter.h
-- Installing: /usr/local/include/I18RPublicBaseTypes/imsee/StreamType.h
-- Installing: /usr/local/include/I18RPublicBaseTypes/marker/MarkerState.h
-- Installing: /usr/local/include/I18RPublicBaseTypes/marker/state.h
-- Installing: /usr/local/include/I18RPublicBaseTypes/msg/AFI.h
-- Installing: /usr/local/include/I18RPublicBaseTypes/msg/Basic.h
-- Installing: /usr/local/include/I18RPublicBaseTypes/msg/Config.h
-- Installing: /usr/local/include/I18RPublicBaseTypes/msg/Log.h
-- Installing: /usr/local/include/I18RPublicBaseTypes/msg/Route.h
-- Installing: /usr/local/include/I18RPublicBaseTypes/msg/Work.h
-- Installing: /usr/local/include/I18RPublicBaseTypes/sensor/BumperEvent.h
-- Installing: /usr/local/include/I18RPublicBaseTypes/sensor/CleanEvent.h
-- Installing: /usr/local/include/I18RPublicBaseTypes/sensor/CliffData.h
-- Installing: /usr/local/include/I18RPublicBaseTypes/sensor/CliffEvent.h
-- Installing: /usr/local/include/I18RPublicBaseTypes/sensor/CtrlType.h
-- Installing: /usr/local/include/I18RPublicBaseTypes/sensor/DropEvent.h
-- Installing: /usr/local/include/I18RPublicBaseTypes/sensor/EncoderData.h
-- Installing: /usr/local/include/I18RPublicBaseTypes/sensor/LaserScan.h
-- Installing: /usr/local/include/I18RPublicBaseTypes/sensor/PointCloud2.h
-- Installing: /usr/local/include/I18RPublicBaseTypes/sensor/RobotChassisEvent.h
-- Installing: /usr/local/include/I18RPublicBaseTypes/sensor/SonyCamera.h
-- Installing: /usr/local/include/I18RPublicBaseTypes/sensor/StartStopSwitchEvent.h
-- Installing: /usr/local/include/I18RPublicBaseTypes/sensor/TofDepthData.h
-- Installing: /usr/local/include/I18RPublicBaseTypes/sensor/TofDepthImg.h
-- Installing: /usr/local/include/I18RPublicBaseTypes/sensor/TofGrayImg.h
-- Installing: /usr/local/include/I18RPublicBaseTypes/sensor/TofPointCloud.h
-- Installing: /usr/local/include/I18RPublicBaseTypes/sensor/UltraData.h
-- Installing: /usr/local/include/I18RPublicBaseTypes/sensor/UsbHotplug.h
-- Installing: /usr/local/include/I18RPublicBaseTypes/sensor/VelocityCmd.h
-- Installing: /usr/local/include/I18RPublicBaseTypes/sensor/VelocityData.h
-- Installing: /usr/local/include/I18RPublicBaseTypes/server/DataRateState.h
-- Installing: /usr/local/include/I18RPublicBaseTypes/server/SystemState.h
-- Installing: /usr/local/include/I18RPublicBaseTypes/server/UserOperation.h
-- Installing: /usr/local/include/I18RPublicBaseTypes/slam/Pose.h
-- Installing: /usr/local/include/I18RPublicBaseTypes/slam/README.md
-- Installing: /usr/local/include/I18RPublicBaseTypes/slam/SlamResult.h
-- Installing: /usr/local/include/I18RPublicBaseTypes/slam/SlamState.h
-- Installing: /usr/local/include/I18RPublicBaseTypes/error/ErrorCode.h
-- Installing: /usr/local/include/I18RPublicBaseTypes/error/ErrorEvent.h
-- Installing: /usr/local/include/I18RPublicBaseTypes/error/ErrorMessage.h
-- Installing: /usr/local/include/I18RPublicBaseTypes/error/ErrorTable.h
-- Installing: /usr/local/include/I18RPublicBaseTypes/error/IceErrorCode.h
-- Installing: /usr/local/include/I18RPublicBaseTypes/error/error_maps.yaml
sudo: Êó†Ê≥ïËß£Êûê‰∏ªÊú∫Ôºöcar6
+ popd
~/workspace/workspace/parker-embeded-newtof
+ public_i18rutilitysubmodule_update
+ pushd /root/system/i18rutilitysubmodule
~/system/i18rutilitysubmodule ~/workspace/workspace/parker-embeded-newtof
+ git checkout ./
+ git clean -xdf ./
+ git pull origin develop
Êù•Ëá™ ssh://192.168.50.191:222/AroundI18RProject/i18rutilitysubmodule
 * branch            develop    -> FETCH_HEAD
Â∑≤ÁªèÊòØÊúÄÊñ∞ÁöÑ„ÄÇ
+ ./install.sh
sudo: Êó†Ê≥ïËß£Êûê‰∏ªÊú∫Ôºöcar6
+ popd
~/workspace/workspace/parker-embeded-newtof
+ project_build
+ pushd /root/workspace/workspace/parker-embeded-newtof/parker_sensors_group
~/workspace/workspace/parker-embeded-newtof/parker_sensors_group ~/workspace/workspace/parker-embeded-newtof
+ project_init_remote
+ git submodule update --init --recursive
Â≠êÊ®°ÁªÑ 'messages'Ôºàhttp://192.168.50.191:85/parker/source/messages.gitÔºâÊú™ÂØπË∑ØÂæÑ 'messages' Ê≥®ÂÜå
Ê≠£ÂÖãÈöÜÂà∞ '/root/workspace/workspace/parker-embeded-newtof/parker_sensors_group/messages'...
Â≠êÊ®°ÁªÑË∑ØÂæÑ 'messages'ÔºöÊ£ÄÂá∫ '3b1ca1e8d616c4d06bd56da8fdfebbcf4cfba3ae'
+ git submodule update --remote
Â≠êÊ®°ÁªÑË∑ØÂæÑ 'messages'ÔºöÊ£ÄÂá∫ 'd369616bc3e4206617654aaa9db73902b167452c'
+ sed -i 's/make -j[0-9].*/make -j4/g' build.sh
+ '[' x86e07a9 == x1437c2d ']'
+ bash -ex build.sh
+ '[' '!' -d build_arm64 ']'
+ mkdir build_arm64
+ '[' '!' -d build_x64 ']'
+ mkdir build_x64
+ '[' '!' -d build_sdk ']'
+ mkdir build_sdk
+ '[' -z ']'
+ BUILD_PLATFORM=sdk
++ uname -m
+ PLATFORM=aarch64
+ echo 'now platform is aarch64 ...'
now platform is aarch64 ...
+ [[ 0 -gt 0 ]]
+ '[' aarch64 = x86_64 ']'
+ '[' aarch64 = aarch64 ']'
+ case $BUILD_PLATFORM in
+ echo 'build for sdk .........'
build for sdk .........
+ compile_sdk
+ cd build_sdk
+ cmake -DCROSS_COMPILE_ENABLE=OFF ..
-- The C compiler identification is GNU 7.5.0
-- The CXX compiler identification is GNU 7.5.0
-- Check for working C compiler: /usr/bin/cc
-- Check for working C compiler: /usr/bin/cc -- works
-- Detecting C compiler ABI info
-- Detecting C compiler ABI info - done
-- Detecting C compile features
-- Detecting C compile features - done
-- Check for working CXX compiler: /usr/bin/c++
-- Check for working CXX compiler: /usr/bin/c++ -- works
-- Detecting CXX compiler ABI info
-- Detecting CXX compiler ABI info - done
-- Detecting CXX compile features
-- Detecting CXX compile features - done
LIBRARY_OUTPUT_PATH /root/workspace/workspace/parker-embeded-newtof/parker_sensors_group/install/lib ..................
EXECUTABLE_OUTPUT_PATH /root/workspace/workspace/parker-embeded-newtof/parker_sensors_group/install/bin .....................
-- emb_common version is 1.3.31
-- monitor_node version is 1.3.31
-- emb_monitor version is 1.3.31
-- sensor_module version is 1.3.31
-- mcu_module version is 1.3.31
-- Found OpenCV: /usr/local (found suitable version "3.4.3", minimum required is "3") 
-- imsee_module version is 1.3.31
-- usbtof_module version is 1.3.31
-- lidar_module version is 1.3.31
-- multi_module version is 1.3.31
*************************************************
current platform is aarch64
*************************************************
-- sunnytof_module version is 1.3.31
-- Configuring done
-- Generating done
-- Build files have been written to: /root/workspace/workspace/parker-embeded-newtof/parker_sensors_group/build_sdk
+ make -j4
Scanning dependencies of target emb_common
[  1%] Building CXX object common/CMakeFiles/emb_common.dir/CRC16.cpp.o
[  1%] Building CXX object common/CMakeFiles/emb_common.dir/common.cpp.o
[  2%] Building CXX object common/CMakeFiles/emb_common.dir/ByteFifo.cpp.o
Scanning dependencies of target monitor_node
[  3%] Building CXX object emb_node/CMakeFiles/monitor_node.dir/MonitorNode.cpp.o
[  4%] Building CXX object common/CMakeFiles/emb_common.dir/CRC32.cpp.o
[  4%] Building CXX object common/CMakeFiles/emb_common.dir/ThreadCpuSet.cpp.o
[  5%] Building CXX object common/CMakeFiles/emb_common.dir/RobotDebug.cpp.o
/root/workspace/workspace/parker-embeded-newtof/parker_sensors_group/common/ThreadCpuSet.cpp: In function ‚Äòvoid GetCpuInfo(int, CpuInfo*)‚Äô:
/root/workspace/workspace/parker-embeded-newtof/parker_sensors_group/common/ThreadCpuSet.cpp:47:12: warning: ignoring return value of ‚Äòchar* fgets(char*, int, FILE*)‚Äô, declared with attribute warn_unused_result [-Wunused-result]
       fgets(buff, sizeof(buff), fp);
       ~~~~~^~~~~~~~~~~~~~~~~~~~~~~~
/root/workspace/workspace/parker-embeded-newtof/parker_sensors_group/common/ThreadCpuSet.cpp:56:12: warning: ignoring return value of ‚Äòchar* fgets(char*, int, FILE*)‚Äô, declared with attribute warn_unused_result [-Wunused-result]
       fgets(buff, sizeof(buff), fp);
       ~~~~~^~~~~~~~~~~~~~~~~~~~~~~~
/root/workspace/workspace/parker-embeded-newtof/parker_sensors_group/common/ThreadCpuSet.cpp:65:12: warning: ignoring return value of ‚Äòchar* fgets(char*, int, FILE*)‚Äô, declared with attribute warn_unused_result [-Wunused-result]
       fgets(buff, sizeof(buff), fp);
       ~~~~~^~~~~~~~~~~~~~~~~~~~~~~~
/root/workspace/workspace/parker-embeded-newtof/parker_sensors_group/common/ThreadCpuSet.cpp: In function ‚Äòint SetThreadPriority(pthread_t, int, const char*)‚Äô:
/root/workspace/workspace/parker-embeded-newtof/parker_sensors_group/common/ThreadCpuSet.cpp:202:11: warning: ignoring return value of ‚Äòint system(const char*)‚Äô, declared with attribute warn_unused_result [-Wunused-result]
     system("sysctl -w kernel.sched_rt_runtime_us=-1");  //‰ºòÂÖàÁ∫ßÈÖçÁΩÆÁöÑbug‰∏¥Êó∂Ëß£ÂÜ≥ÊñπÊ°à
     ~~~~~~^~~~~~~~~~~~~~~~~~~~~~~~~~~~~~~~~~~~~~~~~~~
[  6%] Building CXX object common/CMakeFiles/emb_common.dir/TimeSync.cpp.o
/root/workspace/workspace/parker-embeded-newtof/parker_sensors_group/common/ByteFifo.cpp: In member function ‚Äòint ByteFifo::Init()‚Äô:
/root/workspace/workspace/parker-embeded-newtof/parker_sensors_group/common/ByteFifo.cpp:32:7: warning: unused variable ‚Äòflags‚Äô [-Wunused-variable]
   int flags = fcntl(writeFd, F_GETFL);
       ^~~~~
[  7%] Building CXX object common/CMakeFiles/emb_common.dir/MsgQueue.cpp.o
[  8%] Building CXX object common/CMakeFiles/emb_common.dir/ThreadMsgQueue.cpp.o
/root/workspace/workspace/parker-embeded-newtof/parker_sensors_group/common/MsgQueue.cpp: In member function ‚Äòvoid emblib::MsgQueue::Init(const char*)‚Äô:
/root/workspace/workspace/parker-embeded-newtof/parker_sensors_group/common/MsgQueue.cpp:32:10: warning: ignoring return value of ‚Äòssize_t write(int, const void*, size_t)‚Äô, declared with attribute warn_unused_result [-Wunused-result]
     write(fp, pid_str, strlen(pid_str));
     ~~~~~^~~~~~~~~~~~~~~~~~~~~~~~~~~~~~
[  9%] Building CXX object common/CMakeFiles/emb_common.dir/ConfigYaml.cpp.o
[  9%] Building CXX object common/CMakeFiles/emb_common.dir/md5.cpp.o
[ 10%] Building CXX object common/CMakeFiles/emb_common.dir/md5file.cpp.o
[ 11%] Linking CXX shared library ../../install/lib/libmonitor_node.so
[ 11%] Built target monitor_node
[ 12%] Linking CXX shared library ../../install/lib/libemb_common.so
[ 12%] Built target emb_common
Scanning dependencies of target mcu_module
Scanning dependencies of target multi_module
Scanning dependencies of target sensor_module
[ 13%] Building CXX object mcu_module/src/CMakeFiles/mcu_module.dir/__/__/drivers/serial.cpp.o
[ 13%] Building CXX object multi_module/src/CMakeFiles/multi_module.dir/__/__/drivers/serial.cpp.o
[ 14%] Building CXX object sensor_module/src/CMakeFiles/sensor_module.dir/SensorModuleDriver.cpp.o
Scanning dependencies of target imsee_module
[ 15%] Building CXX object imsee_module/src/CMakeFiles/imsee_module.dir/ImseeModule.cpp.o
[ 16%] Building CXX object multi_module/src/CMakeFiles/multi_module.dir/__/__/drivers/can.cpp.o
[ 17%] Building CXX object mcu_module/src/CMakeFiles/mcu_module.dir/__/__/drivers/can.cpp.o
/root/workspace/workspace/parker-embeded-newtof/parker_sensors_group/sensor_module/src/SensorModuleDriver.cpp: In member function ‚Äòint sensor_module::SensorModuleDriver::start()‚Äô:
/root/workspace/workspace/parker-embeded-newtof/parker_sensors_group/sensor_module/src/SensorModuleDriver.cpp:117:1: warning: control reaches end of non-void function [-Wreturn-type]
 }
 ^
/root/workspace/workspace/parker-embeded-newtof/parker_sensors_group/sensor_module/src/SensorModuleDriver.cpp:90:7: warning: ‚Äòret‚Äô may be used uninitialized in this function [-Wmaybe-uninitialized]
   int ret;
       ^~~
[ 18%] Building CXX object multi_module/src/CMakeFiles/multi_module.dir/MultiModule.cpp.o
[ 19%] Building CXX object imsee_module/src/CMakeFiles/imsee_module.dir/imsee.cpp.o
[ 20%] Building CXX object mcu_module/src/CMakeFiles/mcu_module.dir/McuModuleDriver.cpp.o
/root/workspace/workspace/parker-embeded-newtof/parker_sensors_group/imsee_module/src/imsee.cpp:1486:0: warning: "MAC_MODE_INCLUDE_OTP_88" redefined
 #define MAC_MODE_INCLUDE_OTP_88 ((uint8_t)0x10)     //!< MAC mode bit   4: include first 88 OTP bits
 
In file included from /root/workspace/workspace/parker-embeded-newtof/parker_sensors_group/imsee_module/src/imsee.cpp:34:0:
/root/workspace/workspace/parker-embeded-newtof/parker_sensors_group/imsee_module/src/../library/sha256.h:110:0: note: this is the location of the previous definition
 #define MAC_MODE_INCLUDE_OTP_88         ((uint8) 0x10)       //!< MAC mode bit   4: include first 88 OTP bits
 
/root/workspace/workspace/parker-embeded-newtof/parker_sensors_group/imsee_module/src/imsee.cpp:1487:0: warning: "MAC_MODE_INCLUDE_OTP_64" redefined
 #define MAC_MODE_INCLUDE_OTP_64 ((uint8_t)0x20)     //!< MAC mode bit   5: include first 64 OTP bits
 
In file included from /root/workspace/workspace/parker-embeded-newtof/parker_sensors_group/imsee_module/src/imsee.cpp:34:0:
/root/workspace/workspace/parker-embeded-newtof/parker_sensors_group/imsee_module/src/../library/sha256.h:111:0: note: this is the location of the previous definition
 #define MAC_MODE_INCLUDE_OTP_64         ((uint8) 0x20)       //!< MAC mode bit   5: include first 64 OTP bits
 
/root/workspace/workspace/parker-embeded-newtof/parker_sensors_group/imsee_module/src/imsee.cpp:1493:0: warning: "MAC_MODE_CHALLENGE" redefined
 #define MAC_MODE_CHALLENGE ((uint8_t)0x00)          //!< MAC mode       0: first SHA block from data slot
 
In file included from /root/workspace/workspace/parker-embeded-newtof/parker_sensors_group/imsee_module/src/imsee.cpp:34:0:
/root/workspace/workspace/parker-embeded-newtof/parker_sensors_group/imsee_module/src/../library/sha256.h:105:0: note: this is the location of the previous definition
 #define MAC_MODE_CHALLENGE              ((uint8) 0x00)       //!< MAC mode       0: first SHA block from data slot
 
/root/workspace/workspace/parker-embeded-newtof/parker_sensors_group/imsee_module/src/imsee.cpp:1494:0: warning: "MAC_MODE_BLOCK2_TEMPKEY" redefined
 #define MAC_MODE_BLOCK2_TEMPKEY ((uint8_t)0x01)     //!< MAC mode bit   0: second SHA block from TempKey
 
In file included from /root/workspace/workspace/parker-embeded-newtof/parker_sensors_group/imsee_module/src/imsee.cpp:34:0:
/root/workspace/workspace/parker-embeded-newtof/parker_sensors_group/imsee_module/src/../library/sha256.h:106:0: note: this is the location of the previous definition
 #define MAC_MODE_BLOCK2_TEMPKEY         ((uint8) 0x01)       //!< MAC mode bit   0: second SHA block from TempKey
 
/root/workspace/workspace/parker-embeded-newtof/parker_sensors_group/imsee_module/src/imsee.cpp:1495:0: warning: "MAC_MODE_BLOCK1_TEMPKEY" redefined
 #define MAC_MODE_BLOCK1_TEMPKEY ((uint8_t)0x02)     //!< MAC mode bit   1: first SHA block from TempKey
 
In file included from /root/workspace/workspace/parker-embeded-newtof/parker_sensors_group/imsee_module/src/imsee.cpp:34:0:
/root/workspace/workspace/parker-embeded-newtof/parker_sensors_group/imsee_module/src/../library/sha256.h:107:0: note: this is the location of the previous definition
 #define MAC_MODE_BLOCK1_TEMPKEY         ((uint8) 0x02)       //!< MAC mode bit   1: first SHA block from TempKey
 
/root/workspace/workspace/parker-embeded-newtof/parker_sensors_group/imsee_module/src/imsee.cpp:1496:0: warning: "MAC_MODE_SOURCE_FLAG_MATCH" redefined
 #define MAC_MODE_SOURCE_FLAG_MATCH ((uint8_t)0x04)  //!< MAC mode bit   2: match TempKey.SourceFlag
 
In file included from /root/workspace/workspace/parker-embeded-newtof/parker_sensors_group/imsee_module/src/imsee.cpp:34:0:
/root/workspace/workspace/parker-embeded-newtof/parker_sensors_group/imsee_module/src/../library/sha256.h:108:0: note: this is the location of the previous definition
 #define MAC_MODE_SOURCE_FLAG_MATCH      ((uint8) 0x04)       //!< MAC mode bit   2: match TempKey.SourceFlag
 
/root/workspace/workspace/parker-embeded-newtof/parker_sensors_group/imsee_module/src/imsee.cpp:1497:0: warning: "MAC_MODE_PASSTHROUGH" redefined
 #define MAC_MODE_PASSTHROUGH ((uint8_t)0x07)        //!< MAC mode bit 0-2: pass-through mode
 
In file included from /root/workspace/workspace/parker-embeded-newtof/parker_sensors_group/imsee_module/src/imsee.cpp:34:0:
/root/workspace/workspace/parker-embeded-newtof/parker_sensors_group/imsee_module/src/../library/sha256.h:109:0: note: this is the location of the previous definition
 #define MAC_MODE_PASSTHROUGH            ((uint8) 0x07)       //!< MAC mode bit 0-2: pass-through mode
 
/root/workspace/workspace/parker-embeded-newtof/parker_sensors_group/imsee_module/src/imsee.cpp:1500:0: warning: "MAC_MODE_INCLUDE_SN" redefined
 #define MAC_MODE_INCLUDE_SN ((uint8_t)0x40)         //!< MAC mode bit   6: include serial number
 
In file included from /root/workspace/workspace/parker-embeded-newtof/parker_sensors_group/imsee_module/src/imsee.cpp:34:0:
/root/workspace/workspace/parker-embeded-newtof/parker_sensors_group/imsee_module/src/../library/sha256.h:112:0: note: this is the location of the previous definition
 #define MAC_MODE_INCLUDE_SN             ((uint8) 0x40)       //!< MAC mode bit   6: include serial number
 
/root/workspace/workspace/parker-embeded-newtof/parker_sensors_group/imsee_module/src/imsee.cpp:1502:0: warning: "MAC_MODE_MASK" redefined
 #define MAC_MODE_MASK ((uint8_t)0x77)               //!< MAC mode bits 3 and 7 are 0.
 
In file included from /root/workspace/workspace/parker-embeded-newtof/parker_sensors_group/imsee_module/src/imsee.cpp:34:0:
/root/workspace/workspace/parker-embeded-newtof/parker_sensors_group/imsee_module/src/../library/sha256.h:114:0: note: this is the location of the previous definition
 #define MAC_MODE_MASK                   ((uint8) 0x77)       //!< MAC mode bits 3 and 7 are 0.
 
/root/workspace/workspace/parker-embeded-newtof/parker_sensors_group/imsee_module/src/imsee.cpp:1504:0: warning: "NONCE_MODE_SEED_UPDATE" redefined
 #define NONCE_MODE_SEED_UPDATE ((uint8_t)0x00)     //!< Nonce mode: update seed
 
In file included from /root/workspace/workspace/parker-embeded-newtof/parker_sensors_group/imsee_module/src/imsee.cpp:34:0:
/root/workspace/workspace/parker-embeded-newtof/parker_sensors_group/imsee_module/src/../library/sha256.h:143:0: note: this is the location of the previous definition
 #define NONCE_MODE_SEED_UPDATE          ((uint8_t) 0x00)       //!< Nonce mode: update seed
 
/root/workspace/workspace/parker-embeded-newtof/parker_sensors_group/imsee_module/src/imsee.cpp:1505:0: warning: "NONCE_MODE_NO_SEED_UPDATE" redefined
 #define NONCE_MODE_NO_SEED_UPDATE ((uint8_t)0x01)  //!< Nonce mode: do not update seed
 
In file included from /root/workspace/workspace/parker-embeded-newtof/parker_sensors_group/imsee_module/src/imsee.cpp:34:0:
/root/workspace/workspace/parker-embeded-newtof/parker_sensors_group/imsee_module/src/../library/sha256.h:144:0: note: this is the location of the previous definition
 #define NONCE_MODE_NO_SEED_UPDATE       ((uint8_t) 0x01)       //!< Nonce mode: do not update seed
 
/root/workspace/workspace/parker-embeded-newtof/parker_sensors_group/imsee_module/src/imsee.cpp:1506:0: warning: "NONCE_MODE_INVALID" redefined
 #define NONCE_MODE_INVALID ((uint8_t)0x02)         //!< Nonce mode 2 is invalid.
 
In file included from /root/workspace/workspace/parker-embeded-newtof/parker_sensors_group/imsee_module/src/imsee.cpp:34:0:
/root/workspace/workspace/parker-embeded-newtof/parker_sensors_group/imsee_module/src/../library/sha256.h:145:0: note: this is the location of the previous definition
 #define NONCE_MODE_INVALID              ((uint8_t) 0x02)       //!< Nonce mode 2 is invalid.
 
/root/workspace/workspace/parker-embeded-newtof/parker_sensors_group/imsee_module/src/imsee.cpp:1507:0: warning: "NONCE_MODE_PASSTHROUGH" redefined
 #define NONCE_MODE_PASSTHROUGH ((uint8_t)0x03)     //!< Nonce mode: pass-through
 
In file included from /root/workspace/workspace/parker-embeded-newtof/parker_sensors_group/imsee_module/src/imsee.cpp:34:0:
/root/workspace/workspace/parker-embeded-newtof/parker_sensors_group/imsee_module/src/../library/sha256.h:146:0: note: this is the location of the previous definition
 #define NONCE_MODE_PASSTHROUGH          ((uint8_t) 0x03)       //!< Nonce mode: pass-through
 
[ 21%] Building CXX object sensor_module/src/CMakeFiles/sensor_module.dir/SensorModule.cpp.o
/root/workspace/workspace/parker-embeded-newtof/parker_sensors_group/multi_module/src/MultiModule.cpp: In member function ‚Äòvirtual int multi_module::ToolsModule::Init()‚Äô:
/root/workspace/workspace/parker-embeded-newtof/parker_sensors_group/multi_module/src/MultiModule.cpp:244:25: warning: comparison between signed and unsigned integer expressions [-Wsign-compare]
       for (int i = 0; i < vec.size(); i++) {
                       ~~^~~~~~~~~~~~
/root/workspace/workspace/parker-embeded-newtof/parker_sensors_group/multi_module/src/MultiModule.cpp:248:17: warning: comparison between signed and unsigned integer expressions [-Wsign-compare]
           if (i == vec.size() - 1) {
               ~~^~~~~~~~~~~~~~~~~
/root/workspace/workspace/parker-embeded-newtof/parker_sensors_group/multi_module/src/MultiModule.cpp: In member function ‚Äòvoid multi_module::ToolsModule::SysCheckTaks()‚Äô:
/root/workspace/workspace/parker-embeded-newtof/parker_sensors_group/multi_module/src/MultiModule.cpp:283:16: warning: unused variable ‚ÄònowTime‚Äô [-Wunused-variable]
       uint64_t nowTime = GetSystimeMs();
                ^~~~~~~
/root/workspace/workspace/parker-embeded-newtof/parker_sensors_group/multi_module/src/MultiModule.cpp:273:14: warning: unused variable ‚ÄòtemperatureLastTime‚Äô [-Wunused-variable]
     uint64_t temperatureLastTime = GetSystimeMs();
              ^~~~~~~~~~~~~~~~~~~
/root/workspace/workspace/parker-embeded-newtof/parker_sensors_group/multi_module/src/MultiModule.cpp: In member function ‚Äòvirtual int multi_module::ToolsModule::Start()‚Äô:
/root/workspace/workspace/parker-embeded-newtof/parker_sensors_group/multi_module/src/MultiModule.cpp:322:33: warning: unused variable ‚ÄòStatus‚Äô [-Wunused-variable]
     swr::base_types::WorkStatus Status;
                                 ^~~~~~
/root/workspace/workspace/parker-embeded-newtof/parker_sensors_group/multi_module/src/MultiModule.cpp: In member function ‚Äòvirtual int multi_module::ToolsModule::Stop()‚Äô:
/root/workspace/workspace/parker-embeded-newtof/parker_sensors_group/multi_module/src/MultiModule.cpp:362:33: warning: unused variable ‚ÄòStatus‚Äô [-Wunused-variable]
     swr::base_types::WorkStatus Status;
                                 ^~~~~~
/root/workspace/workspace/parker-embeded-newtof/parker_sensors_group/multi_module/src/MultiModule.cpp: In member function ‚Äòint multi_module::ToolsModule::GetFreeRam(multi_module::RamType&)‚Äô:
/root/workspace/workspace/parker-embeded-newtof/parker_sensors_group/multi_module/src/MultiModule.cpp:491:18: warning: suggest parentheses around comparison in operand of ‚Äò&‚Äô [-Wparentheses]
       if (*start >= '0' & *start <= '9') {
           ~~~~~~~^~~~~~
In file included from /root/workspace/workspace/parker-embeded-newtof/parker_sensors_group/common/TimeUsedCheck.hpp:5:0,
                 from /root/workspace/workspace/parker-embeded-newtof/parker_sensors_group/common/EmbLib.hpp:10,
                 from /root/workspace/workspace/parker-embeded-newtof/parker_sensors_group/multi_module/src/MultiModule.cpp:23:
/root/workspace/workspace/parker-embeded-newtof/parker_sensors_group/multi_module/src/MultiModule.cpp: In member function ‚Äòvirtual int multi_module::ToolsModule::GetFreeMem(float&)‚Äô:
/root/workspace/workspace/parker-embeded-newtof/parker_sensors_group/common/RobotDebug.hpp:108:313: warning: format ‚Äò%f‚Äô expects a matching ‚Äòdouble‚Äô argument [-Wformat=]
 #define RobotINFO(format, ...) {if(EmbLog::GetInstance()->GetLogSwitch() && (LOG_LEVEL_INFO >= EmbLog::GetInstance()->GetLogMinLevel()))  fprintf(stdout, "%lu [%s:%d/%s] [sensors] " LOG_COLOR_BOLDGREEN format LOG_COLOR_RESET "\n", GetSystimeMs(), basename((char *)__FILE__), __LINE__, __FUNCTION__, ##__VA_ARGS__);}
                                                                                                                                                                                                                                                                                                                         ^
/root/workspace/workspace/parker-embeded-newtof/parker_sensors_group/multi_module/src/MultiModule.cpp:531:7: note: in expansion of macro ‚ÄòRobotINFO‚Äô
       RobotINFO("system, emmc size: %f, free %f", freeSize);
       ^~~~~~~~~
/root/workspace/workspace/parker-embeded-newtof/parker_sensors_group/multi_module/src/MultiModule.cpp: At global scope:
/root/workspace/workspace/parker-embeded-newtof/parker_sensors_group/multi_module/src/MultiModule.cpp:593:3: warning: ‚Äòtypedef‚Äô was ignored in this declaration
   typedef struct CPU_OCCUPY
   ^~~~~~~
/root/workspace/workspace/parker-embeded-newtof/parker_sensors_group/multi_module/src/MultiModule.cpp: In member function ‚Äòvirtual int multi_module::ToolsModule::ThreeColorLightControl(std::__cxx11::string, multi_module::PowerType)‚Äô:
/root/workspace/workspace/parker-embeded-newtof/parker_sensors_group/multi_module/src/MultiModule.cpp:665:9: warning: variable ‚Äòret‚Äô set but not used [-Wunused-but-set-variable]
     int ret = 0;
         ^~~
/root/workspace/workspace/parker-embeded-newtof/parker_sensors_group/multi_module/src/MultiModule.cpp: In member function ‚Äòint multi_module::ToolsModule::SetAndGetVoice(int)‚Äô:
/root/workspace/workspace/parker-embeded-newtof/parker_sensors_group/multi_module/src/MultiModule.cpp:708:22: warning: ISO C++ forbids converting a string constant to ‚Äòchar*‚Äô [-Wwrite-strings]
     char *sctrlstr = "DAC Digital";
                      ^~~~~~~~~~~~~
/root/workspace/workspace/parker-embeded-newtof/parker_sensors_group/multi_module/src/MultiModule.cpp:709:10: warning: unused variable ‚ÄòvolMin‚Äô [-Wunused-variable]
     long volMin = 0, volMax = 0, leftVal = 0, rightVal = 0;
          ^~~~~~
/root/workspace/workspace/parker-embeded-newtof/parker_sensors_group/multi_module/src/MultiModule.cpp:709:22: warning: unused variable ‚ÄòvolMax‚Äô [-Wunused-variable]
     long volMin = 0, volMax = 0, leftVal = 0, rightVal = 0;
                      ^~~~~~
[ 21%] Building CXX object mcu_module/src/CMakeFiles/mcu_module.dir/McuModuleProtocol.cpp.o
/root/workspace/workspace/parker-embeded-newtof/parker_sensors_group/imsee_module/src/imsee.cpp: In member function ‚Äòvirtual int imsee_module::IMSEE::Init(int, int, int, int)‚Äô:
/root/workspace/workspace/parker-embeded-newtof/parker_sensors_group/imsee_module/src/imsee.cpp:365:31: warning: unused variable ‚ÄòStatus‚Äô [-Wunused-variable]
   swr::base_types::WorkStatus Status;
                               ^~~~~~
/root/workspace/workspace/parker-embeded-newtof/parker_sensors_group/imsee_module/src/imsee.cpp: In member function ‚Äòint imsee_module::IMSEE::UnexportGpio()‚Äô:
/root/workspace/workspace/parker-embeded-newtof/parker_sensors_group/imsee_module/src/imsee.cpp:554:7: warning: unused variable ‚Äòret‚Äô [-Wunused-variable]
   int ret = system("echo 0 > /sys/class/gpio/gpio422/value");
       ^~~
/root/workspace/workspace/parker-embeded-newtof/parker_sensors_group/imsee_module/src/imsee.cpp: In member function ‚Äòvirtual int imsee_module::IMSEE::Start()‚Äô:
/root/workspace/workspace/parker-embeded-newtof/parker_sensors_group/imsee_module/src/imsee.cpp:615:23: warning: comparison between signed and unsigned integer expressions [-Wsign-compare]
     for (int i = 0; i < vec.size(); i++) {
                     ~~^~~~~~~~~~~~
/root/workspace/workspace/parker-embeded-newtof/parker_sensors_group/imsee_module/src/imsee.cpp:619:15: warning: comparison between signed and unsigned integer expressions [-Wsign-compare]
         if (i == vec.size() - 1) {
             ~~^~~~~~~~~~~~~~~~~
/root/workspace/workspace/parker-embeded-newtof/parker_sensors_group/imsee_module/src/imsee.cpp:566:31: warning: unused variable ‚ÄòworkStatus‚Äô [-Wunused-variable]
   swr::base_types::WorkStatus workStatus;
                               ^~~~~~~~~~
/root/workspace/workspace/parker-embeded-newtof/parker_sensors_group/imsee_module/src/imsee.cpp: In member function ‚Äòvirtual int imsee_module::IMSEE::Stop()‚Äô:
/root/workspace/workspace/parker-embeded-newtof/parker_sensors_group/imsee_module/src/imsee.cpp:728:31: warning: unused variable ‚ÄòStatus‚Äô [-Wunused-variable]
   swr::base_types::WorkStatus Status;
                               ^~~~~~
/root/workspace/workspace/parker-embeded-newtof/parker_sensors_group/imsee_module/src/imsee.cpp: In member function ‚Äòint imsee_module::IMSEE::GetEncryptSerialNum(uint8_t*)‚Äô:
/root/workspace/workspace/parker-embeded-newtof/parker_sensors_group/imsee_module/src/imsee.cpp:1977:11: warning: unused variable ‚Äòval‚Äô [-Wunused-variable]
   uint8_t val = 0;
           ^~~
/root/workspace/workspace/parker-embeded-newtof/parker_sensors_group/imsee_module/src/imsee.cpp: In function ‚Äòvoid imsee_module::reg_write_fill(imsee_module::reg_cmd*, uint32_t, imsee_module::DEVICE_OPTION, imsee_module::SEND_OPTION, imsee_module::IMUDEVICE_OPTION)‚Äô:
/root/workspace/workspace/parker-embeded-newtof/parker_sensors_group/imsee_module/src/imsee.cpp:2489:11: warning: variable ‚ÄòdevID‚Äô set but not used [-Wunused-but-set-variable]
   uint8_t devID = 0;
           ^~~~~
/root/workspace/workspace/parker-embeded-newtof/parker_sensors_group/multi_module/src/MultiModule.cpp: In member function ‚Äòint multi_module::ToolsModule::GetFreeRam(multi_module::RamType&)‚Äô:
/root/workspace/workspace/parker-embeded-newtof/parker_sensors_group/multi_module/src/MultiModule.cpp:485:10: warning: ignoring return value of ‚Äòsize_t fread(void*, size_t, size_t, FILE*)‚Äô, declared with attribute warn_unused_result [-Wunused-result]
     fread(buff, 1, 1024, fp);
     ~~~~~^~~~~~~~~~~~~~~~~~~
/root/workspace/workspace/parker-embeded-newtof/parker_sensors_group/multi_module/src/MultiModule.cpp: In member function ‚Äòvirtual int multi_module::ToolsModule::GetCpuOccupy()‚Äô:
/root/workspace/workspace/parker-embeded-newtof/parker_sensors_group/multi_module/src/MultiModule.cpp:620:10: warning: ignoring return value of ‚Äòchar* fgets(char*, int, FILE*)‚Äô, declared with attribute warn_unused_result [-Wunused-result]
     fgets(buff, sizeof(buff), fd);
     ~~~~~^~~~~~~~~~~~~~~~~~~~~~~~
/root/workspace/workspace/parker-embeded-newtof/parker_sensors_group/multi_module/src/MultiModule.cpp:631:10: warning: ignoring return value of ‚Äòchar* fgets(char*, int, FILE*)‚Äô, declared with attribute warn_unused_result [-Wunused-result]
     fgets(buff, sizeof(buff), fd);
     ~~~~~^~~~~~~~~~~~~~~~~~~~~~~~
/root/workspace/workspace/parker-embeded-newtof/parker_sensors_group/multi_module/src/MultiModule.cpp: In member function ‚Äòvirtual int multi_module::ToolsModule::EnableWifi()‚Äô:
/root/workspace/workspace/parker-embeded-newtof/parker_sensors_group/multi_module/src/MultiModule.cpp:645:11: warning: ignoring return value of ‚Äòint system(const char*)‚Äô, declared with attribute warn_unused_result [-Wunused-result]
     system("modprobe dhd");
     ~~~~~~^~~~~~~~~~~~~~~~
/root/workspace/workspace/parker-embeded-newtof/parker_sensors_group/multi_module/src/MultiModule.cpp:646:11: warning: ignoring return value of ‚Äòint system(const char*)‚Äô, declared with attribute warn_unused_result [-Wunused-result]
     system("sysctl net.ipv4.ip_forward=1");
     ~~~~~~^~~~~~~~~~~~~~~~~~~~~~~~~~~~~~~~
/root/workspace/workspace/parker-embeded-newtof/parker_sensors_group/multi_module/src/MultiModule.cpp:647:11: warning: ignoring return value of ‚Äòint system(const char*)‚Äô, declared with attribute warn_unused_result [-Wunused-result]
     system("iptables -t nat -A POSTROUTING -s 10.0.0.1/8 -o eth0 -j MASQUERADE");
     ~~~~~~^~~~~~~~~~~~~~~~~~~~~~~~~~~~~~~~~~~~~~~~~~~~~~~~~~~~~~~~~~~~~~~~~~~~~~
/root/workspace/workspace/parker-embeded-newtof/parker_sensors_group/multi_module/src/MultiModule.cpp:648:11: warning: ignoring return value of ‚Äòint system(const char*)‚Äô, declared with attribute warn_unused_result [-Wunused-result]
     system("nmcli radio wifi off");
     ~~~~~~^~~~~~~~~~~~~~~~~~~~~~~~
/root/workspace/workspace/parker-embeded-newtof/parker_sensors_group/multi_module/src/MultiModule.cpp:649:11: warning: ignoring return value of ‚Äòint system(const char*)‚Äô, declared with attribute warn_unused_result [-Wunused-result]
     system("rfkill unblock wlan");
     ~~~~~~^~~~~~~~~~~~~~~~~~~~~~~
/root/workspace/workspace/parker-embeded-newtof/parker_sensors_group/multi_module/src/MultiModule.cpp:650:11: warning: ignoring return value of ‚Äòint system(const char*)‚Äô, declared with attribute warn_unused_result [-Wunused-result]
     system("ifconfig wlan0 10.0.0.1 netmask 255.0.0.0 up");
     ~~~~~~^~~~~~~~~~~~~~~~~~~~~~~~~~~~~~~~~~~~~~~~~~~~~~~~
/root/workspace/workspace/parker-embeded-newtof/parker_sensors_group/multi_module/src/MultiModule.cpp:652:11: warning: ignoring return value of ‚Äòint system(const char*)‚Äô, declared with attribute warn_unused_result [-Wunused-result]
     system("service isc-dhcp-server restart");
     ~~~~~~^~~~~~~~~~~~~~~~~~~~~~~~~~~~~~~~~~~
/root/workspace/workspace/parker-embeded-newtof/parker_sensors_group/multi_module/src/MultiModule.cpp:653:11: warning: ignoring return value of ‚Äòint system(const char*)‚Äô, declared with attribute warn_unused_result [-Wunused-result]
     system("service hostapd restart");
     ~~~~~~^~~~~~~~~~~~~~~~~~~~~~~~~~~
/root/workspace/workspace/parker-embeded-newtof/parker_sensors_group/multi_module/src/MultiModule.cpp: In member function ‚Äòvirtual int multi_module::ToolsModule::DisableWifi()‚Äô:
/root/workspace/workspace/parker-embeded-newtof/parker_sensors_group/multi_module/src/MultiModule.cpp:659:11: warning: ignoring return value of ‚Äòint system(const char*)‚Äô, declared with attribute warn_unused_result [-Wunused-result]
     system("rmmod dhd");
     ~~~~~~^~~~~~~~~~~~~
/root/workspace/workspace/parker-embeded-newtof/parker_sensors_group/multi_module/src/MultiModule.cpp: In member function ‚Äòint multi_module::ToolsModule::WifiAP(multi_module::PowerType, std::__cxx11::string, std::__cxx11::string)‚Äô:
/root/workspace/workspace/parker-embeded-newtof/parker_sensors_group/multi_module/src/MultiModule.cpp:910:11: warning: ignoring return value of ‚Äòint system(const char*)‚Äô, declared with attribute warn_unused_result [-Wunused-result]
     system("modprobe dhd");
     ~~~~~~^~~~~~~~~~~~~~~~
/root/workspace/workspace/parker-embeded-newtof/parker_sensors_group/multi_module/src/MultiModule.cpp:911:11: warning: ignoring return value of ‚Äòint system(const char*)‚Äô, declared with attribute warn_unused_result [-Wunused-result]
     system("sysctl net.ipv4.ip_forward=1");
     ~~~~~~^~~~~~~~~~~~~~~~~~~~~~~~~~~~~~~~
/root/workspace/workspace/parker-embeded-newtof/parker_sensors_group/multi_module/src/MultiModule.cpp:912:11: warning: ignoring return value of ‚Äòint system(const char*)‚Äô, declared with attribute warn_unused_result [-Wunused-result]
     system("iptables -t nat -A POSTROUTING -s 10.0.0.1/8 -o eth0 -j MASQUERADE");
     ~~~~~~^~~~~~~~~~~~~~~~~~~~~~~~~~~~~~~~~~~~~~~~~~~~~~~~~~~~~~~~~~~~~~~~~~~~~~
/root/workspace/workspace/parker-embeded-newtof/parker_sensors_group/multi_module/src/MultiModule.cpp:913:11: warning: ignoring return value of ‚Äòint system(const char*)‚Äô, declared with attribute warn_unused_result [-Wunused-result]
     system("nmcli radio wifi off");
     ~~~~~~^~~~~~~~~~~~~~~~~~~~~~~~
/root/workspace/workspace/parker-embeded-newtof/parker_sensors_group/multi_module/src/MultiModule.cpp:914:11: warning: ignoring return value of ‚Äòint system(const char*)‚Äô, declared with attribute warn_unused_result [-Wunused-result]
     system("rfkill unblock wlan");
     ~~~~~~^~~~~~~~~~~~~~~~~~~~~~~
/root/workspace/workspace/parker-embeded-newtof/parker_sensors_group/multi_module/src/MultiModule.cpp:915:11: warning: ignoring return value of ‚Äòint system(const char*)‚Äô, declared with attribute warn_unused_result [-Wunused-result]
     system("ifconfig wlan0 10.0.0.1 netmask 255.0.0.0 up");
     ~~~~~~^~~~~~~~~~~~~~~~~~~~~~~~~~~~~~~~~~~~~~~~~~~~~~~~
/root/workspace/workspace/parker-embeded-newtof/parker_sensors_group/multi_module/src/MultiModule.cpp:917:11: warning: ignoring return value of ‚Äòint system(const char*)‚Äô, declared with attribute warn_unused_result [-Wunused-result]
     system("service isc-dhcp-server restart");
     ~~~~~~^~~~~~~~~~~~~~~~~~~~~~~~~~~~~~~~~~~
/root/workspace/workspace/parker-embeded-newtof/parker_sensors_group/multi_module/src/MultiModule.cpp:918:11: warning: ignoring return value of ‚Äòint system(const char*)‚Äô, declared with attribute warn_unused_result [-Wunused-result]
     system("service hostapd restart");
     ~~~~~~^~~~~~~~~~~~~~~~~~~~~~~~~~~
/root/workspace/workspace/parker-embeded-newtof/parker_sensors_group/multi_module/src/MultiModule.cpp: In member function ‚Äòint multi_module::ToolsModule::WifiSTA(multi_module::PowerType, std::__cxx11::string, std::__cxx11::string)‚Äô:
/root/workspace/workspace/parker-embeded-newtof/parker_sensors_group/multi_module/src/MultiModule.cpp:928:11: warning: ignoring return value of ‚Äòint system(const char*)‚Äô, declared with attribute warn_unused_result [-Wunused-result]
     system("rmmod dhd");
     ~~~~~~^~~~~~~~~~~~~
/root/workspace/workspace/parker-embeded-newtof/parker_sensors_group/multi_module/src/MultiModule.cpp:929:11: warning: ignoring return value of ‚Äòint system(const char*)‚Äô, declared with attribute warn_unused_result [-Wunused-result]
     system("modprobe dhd");
     ~~~~~~^~~~~~~~~~~~~~~~
/root/workspace/workspace/parker-embeded-newtof/parker_sensors_group/multi_module/src/MultiModule.cpp:930:11: warning: ignoring return value of ‚Äòint system(const char*)‚Äô, declared with attribute warn_unused_result [-Wunused-result]
     system("rfkill unblock wlan");
     ~~~~~~^~~~~~~~~~~~~~~~~~~~~~~
/root/workspace/workspace/parker-embeded-newtof/parker_sensors_group/multi_module/src/MultiModule.cpp:931:11: warning: ignoring return value of ‚Äòint system(const char*)‚Äô, declared with attribute warn_unused_result [-Wunused-result]
     system("ifconfig wlan0 up");
     ~~~~~~^~~~~~~~~~~~~~~~~~~~~
/root/workspace/workspace/parker-embeded-newtof/parker_sensors_group/multi_module/src/MultiModule.cpp:932:11: warning: ignoring return value of ‚Äòint system(const char*)‚Äô, declared with attribute warn_unused_result [-Wunused-result]
     system("nmcli radio wifi on");
     ~~~~~~^~~~~~~~~~~~~~~~~~~~~~~
/root/workspace/workspace/parker-embeded-newtof/parker_sensors_group/multi_module/src/MultiModule.cpp:933:11: warning: ignoring return value of ‚Äòint system(const char*)‚Äô, declared with attribute warn_unused_result [-Wunused-result]
     system("rm -f /etc/NetworkManager/system-connections/*");
     ~~~~~~^~~~~~~~~~~~~~~~~~~~~~~~~~~~~~~~~~~~~~~~~~~~~~~~~~
/root/workspace/workspace/parker-embeded-newtof/parker_sensors_group/multi_module/src/MultiModule.cpp:937:11: warning: ignoring return value of ‚Äòint system(const char*)‚Äô, declared with attribute warn_unused_result [-Wunused-result]
     system(cmd);
     ~~~~~~^~~~~
/root/workspace/workspace/parker-embeded-newtof/parker_sensors_group/multi_module/src/MultiModule.cpp: In member function ‚Äòvirtual int multi_module::ToolsModule::ReadProductInfo(multi_module::NpuProductInfo&)‚Äô:
/root/workspace/workspace/parker-embeded-newtof/parker_sensors_group/multi_module/src/MultiModule.cpp:942:11: warning: ignoring return value of ‚Äòint system(const char*)‚Äô, declared with attribute warn_unused_result [-Wunused-result]
     system("echo usid > /sys/class/unifykeys/name");
     ~~~~~~^~~~~~~~~~~~~~~~~~~~~~~~~~~~~~~~~~~~~~~~~
/root/workspace/workspace/parker-embeded-newtof/parker_sensors_group/multi_module/src/MultiModule.cpp: In member function ‚Äòvirtual int multi_module::ToolsModule::WriteProductInfo(multi_module::NpuProductInfo&)‚Äô:
/root/workspace/workspace/parker-embeded-newtof/parker_sensors_group/multi_module/src/MultiModule.cpp:1024:9: warning: ignoring return value of ‚Äòint system(const char*)‚Äô, declared with attribute warn_unused_result [-Wunused-result]
   system("echo 1 > /sys/class/unifykeys/attach");
   ~~~~~~^~~~~~~~~~~~~~~~~~~~~~~~~~~~~~~~~~~~~~~~
/root/workspace/workspace/parker-embeded-newtof/parker_sensors_group/multi_module/src/MultiModule.cpp:1025:9: warning: ignoring return value of ‚Äòint system(const char*)‚Äô, declared with attribute warn_unused_result [-Wunused-result]
   system("echo usid > /sys/class/unifykeys/name");
   ~~~~~~^~~~~~~~~~~~~~~~~~~~~~~~~~~~~~~~~~~~~~~~~
/root/workspace/workspace/parker-embeded-newtof/parker_sensors_group/multi_module/src/MultiModule.cpp:1036:9: warning: ignoring return value of ‚Äòint system(const char*)‚Äô, declared with attribute warn_unused_result [-Wunused-result]
   system(cmd);
   ~~~~~~^~~~~
[ 22%] Building CXX object mcu_module/src/CMakeFiles/mcu_module.dir/SerialDriver.cpp.o
/root/workspace/workspace/parker-embeded-newtof/parker_sensors_group/imsee_module/src/imsee.cpp: In member function ‚Äòint imsee_module::IMSEE::ImseePower(imsee_module::PowerType)‚Äô:
/root/workspace/workspace/parker-embeded-newtof/parker_sensors_group/imsee_module/src/imsee.cpp:350:11: warning: ignoring return value of ‚Äòint system(const char*)‚Äô, declared with attribute warn_unused_result [-Wunused-result]
     system("echo 1 > /sys/class/gpio/gpio422/value");
     ~~~~~~^~~~~~~~~~~~~~~~~~~~~~~~~~~~~~~~~~~~~~~~~~
/root/workspace/workspace/parker-embeded-newtof/parker_sensors_group/imsee_module/src/imsee.cpp:353:11: warning: ignoring return value of ‚Äòint system(const char*)‚Äô, declared with attribute warn_unused_result [-Wunused-result]
     system("echo 0 > /sys/class/gpio/gpio422/value");
     ~~~~~~^~~~~~~~~~~~~~~~~~~~~~~~~~~~~~~~~~~~~~~~~~
/root/workspace/workspace/parker-embeded-newtof/parker_sensors_group/imsee_module/src/imsee.cpp: In member function ‚Äòint imsee_module::IMSEE::ExportGpio()‚Äô:
/root/workspace/workspace/parker-embeded-newtof/parker_sensors_group/imsee_module/src/imsee.cpp:539:10: warning: ignoring return value of ‚Äòsize_t fread(void*, size_t, size_t, FILE*)‚Äô, declared with attribute warn_unused_result [-Wunused-result]
     fread(buff, 1, 16, fp);
     ~~~~~^~~~~~~~~~~~~~~~~
/root/workspace/workspace/parker-embeded-newtof/parker_sensors_group/imsee_module/src/imsee.cpp:543:13: warning: ignoring return value of ‚Äòint system(const char*)‚Äô, declared with attribute warn_unused_result [-Wunused-result]
       system("echo out > /sys/class/gpio/gpio422/direction");
       ~~~~~~^~~~~~~~~~~~~~~~~~~~~~~~~~~~~~~~~~~~~~~~~~~~~~~~
/root/workspace/workspace/parker-embeded-newtof/parker_sensors_group/imsee_module/src/imsee.cpp: In member function ‚Äòint imsee_module::IMSEE::UnexportGpio()‚Äô:
/root/workspace/workspace/parker-embeded-newtof/parker_sensors_group/imsee_module/src/imsee.cpp:555:9: warning: ignoring return value of ‚Äòint system(const char*)‚Äô, declared with attribute warn_unused_result [-Wunused-result]
   system("echo 422 > /sys/class/gpio/unexport");
   ~~~~~~^~~~~~~~~~~~~~~~~~~~~~~~~~~~~~~~~~~~~~~
/root/workspace/workspace/parker-embeded-newtof/parker_sensors_group/imsee_module/src/imsee.cpp: In member function ‚Äòvirtual int imsee_module::IMSEE::Start()‚Äô:
/root/workspace/workspace/parker-embeded-newtof/parker_sensors_group/imsee_module/src/imsee.cpp:576:8: warning: ignoring return value of ‚Äòsize_t fread(void*, size_t, size_t, FILE*)‚Äô, declared with attribute warn_unused_result [-Wunused-result]
   fread(buff, 1, 1024, fp);
   ~~~~~^~~~~~~~~~~~~~~~~~~
/root/workspace/workspace/parker-embeded-newtof/parker_sensors_group/imsee_module/src/imsee.cpp: In member function ‚Äòint imsee_module::IMSEE::ReadFile_from_Flash(char*, uint32_t)‚Äô:
/root/workspace/workspace/parker-embeded-newtof/parker_sensors_group/imsee_module/src/imsee.cpp:3185:12: warning: ignoring return value of ‚Äòssize_t write(int, const void*, size_t)‚Äô, declared with attribute warn_unused_result [-Wunused-result]
     ::write(fd, buf, count);
     ~~~~~~~^~~~~~~~~~~~~~~~
/root/workspace/workspace/parker-embeded-newtof/parker_sensors_group/sensor_module/src/SensorModule.cpp: In member function ‚Äòvirtual int sensor_module::SubProcessorModule::Start()‚Äô:
/root/workspace/workspace/parker-embeded-newtof/parker_sensors_group/sensor_module/src/SensorModule.cpp:333:31: warning: unused variable ‚Äòstatus‚Äô [-Wunused-variable]
   swr::base_types::WorkStatus status;
                               ^~~~~~
/root/workspace/workspace/parker-embeded-newtof/parker_sensors_group/sensor_module/src/SensorModule.cpp: In member function ‚Äòvirtual int sensor_module::SubProcessorModule::FirmWareUpgrade(const string&)‚Äô:
/root/workspace/workspace/parker-embeded-newtof/parker_sensors_group/sensor_module/src/SensorModule.cpp:450:58: warning: format not a string literal and no format arguments [-Wformat-security]
   sprintf(file_name, (char *)mDriver.bin_file_name.data());
                                                          ^
/root/workspace/workspace/parker-embeded-newtof/parker_sensors_group/sensor_module/src/SensorModule.cpp:430:17: warning: unused variable ‚ÄòPacknum‚Äô [-Wunused-variable]
   unsigned long Packnum;
                 ^~~~~~~
/root/workspace/workspace/parker-embeded-newtof/parker_sensors_group/sensor_module/src/SensorModule.cpp:431:17: warning: unused variable ‚ÄòCurrentPackID‚Äô [-Wunused-variable]
   unsigned long CurrentPackID = 0;
                 ^~~~~~~~~~~~~
/root/workspace/workspace/parker-embeded-newtof/parker_sensors_group/sensor_module/src/SensorModule.cpp: In member function ‚Äòvirtual int sensor_module::SubProcessorModule::Stop()‚Äô:
/root/workspace/workspace/parker-embeded-newtof/parker_sensors_group/sensor_module/src/SensorModule.cpp:593:31: warning: unused variable ‚Äòstatus‚Äô [-Wunused-variable]
   swr::base_types::WorkStatus status;
                               ^~~~~~
/root/workspace/workspace/parker-embeded-newtof/parker_sensors_group/sensor_module/src/SensorModule.cpp: In member function ‚Äòvoid sensor_module::SubProcessorModule::GpsDataHadlerTask()‚Äô:
/root/workspace/workspace/parker-embeded-newtof/parker_sensors_group/sensor_module/src/SensorModule.cpp:792:120: warning: format ‚Äò%llu‚Äô expects argument of type ‚Äòlong long unsigned int‚Äô, but argument 3 has type ‚Äòuint64_t {aka long unsigned int}‚Äô [-Wformat=]
       sprintf(data, "$%llu,%s%s%s%s%s%s%s%s%s%s%s%s%s%s\r\n", nmeaData.utcTime, nmeaData.lat, nmeaData.latDir, nmeaData.lon, nmeaData.lonDir, nmeaData.qual, nmeaData.sats, nmeaData.hdop, nmeaData.alt,
                                                               ~~~~~~~~~~~~~~~~                                          
               nmeaData.undulation, nmeaData.age, nmeaData.rms, nmeaData.posStatus, nmeaData.speedKn, nmeaData.trackTrue);
                                                                                                                        ^
/root/workspace/workspace/parker-embeded-newtof/parker_sensors_group/sensor_module/src/SensorModule.cpp: In member function ‚Äòvirtual void sensor_module::SubProcessorModule::DriverLoopHandlerTask()‚Äô:
/root/workspace/workspace/parker-embeded-newtof/parker_sensors_group/sensor_module/src/SensorModule.cpp:846:8: warning: unused variable ‚ÄògetDataTimeout‚Äô [-Wunused-variable]
   bool getDataTimeout = false;
        ^~~~~~~~~~~~~~
/root/workspace/workspace/parker-embeded-newtof/parker_sensors_group/sensor_module/src/SensorModule.cpp:847:7: warning: unused variable ‚ÄòperByteTimeout‚Äô [-Wunused-variable]
   int perByteTimeout = 1000000;
       ^~~~~~~~~~~~~~
/root/workspace/workspace/parker-embeded-newtof/parker_sensors_group/sensor_module/src/SensorModule.cpp: In member function ‚Äòvirtual int sensor_module::SubProcessorModule::Init()‚Äô:
/root/workspace/workspace/parker-embeded-newtof/parker_sensors_group/sensor_module/src/SensorModule.cpp:976:31: warning: unused variable ‚Äòstatus‚Äô [-Wunused-variable]
   swr::base_types::WorkStatus status;
                               ^~~~~~
/root/workspace/workspace/parker-embeded-newtof/parker_sensors_group/sensor_module/src/SensorModule.cpp:1021:26: warning: unused variable ‚ÄòconfigFile‚Äô [-Wunused-variable]
   YAMLConfig::ConfigFile configFile;
                          ^~~~~~~~~~
/root/workspace/workspace/parker-embeded-newtof/parker_sensors_group/sensor_module/src/SensorModule.cpp: In member function ‚Äòvirtual int sensor_module::SubProcessorModule::FirmWareUpgrade(const string&)‚Äô:
/root/workspace/workspace/parker-embeded-newtof/parker_sensors_group/sensor_module/src/SensorModule.cpp:464:8: warning: ignoring return value of ‚Äòsize_t fread(void*, size_t, size_t, FILE*)‚Äô, declared with attribute warn_unused_result [-Wunused-result]
   fread(buffer, 1, file_Len + 1, file);
   ~~~~~^~~~~~~~~~~~~~~~~~~~~~~~~~~~~~~
[ 23%] Building CXX object mcu_module/src/CMakeFiles/mcu_module.dir/CanDriver.cpp.o
[ 24%] Building CXX object multi_module/src/CMakeFiles/multi_module.dir/MultiModuleDriver.cpp.o
/root/workspace/workspace/parker-embeded-newtof/parker_sensors_group/mcu_module/src/CanDriver.cpp: In function ‚Äòvoid mcu_module::CanIpLinkRestart()‚Äô:
/root/workspace/workspace/parker-embeded-newtof/parker_sensors_group/mcu_module/src/CanDriver.cpp:121:9: warning: ignoring return value of ‚Äòint system(const char*)‚Äô, declared with attribute warn_unused_result [-Wunused-result]
   system("ip link set can0 down; ip link set can0 up");
   ~~~~~~^~~~~~~~~~~~~~~~~~~~~~~~~~~~~~~~~~~~~~~~~~~~~~
/root/workspace/workspace/parker-embeded-newtof/parker_sensors_group/mcu_module/src/CanDriver.cpp: At global scope:
/root/workspace/workspace/parker-embeded-newtof/parker_sensors_group/mcu_module/src/CanDriver.cpp:19:13: warning: ‚Äòmcu_module::bDataLost‚Äô defined but not used [-Wunused-variable]
 static bool bDataLost = false;
             ^~~~~~~~~
[ 25%] Building CXX object mcu_module/src/CMakeFiles/mcu_module.dir/McuModule.cpp.o
/root/workspace/workspace/parker-embeded-newtof/parker_sensors_group/sensor_module/src/SensorModule.cpp: In member function ‚Äòvoid sensor_module::SubProcessorModule::GpsDataHadlerTask()‚Äô:
/root/workspace/workspace/parker-embeded-newtof/parker_sensors_group/sensor_module/src/SensorModule.cpp:686:6: warning: ‚Äò%s‚Äô directive writing up to 199 bytes into a region of size between 7 and 1021 [-Wformat-overflow=]
 void SubProcessorModule::GpsDataHadlerTask() {
      ^~~~~~~~~~~~~~~~~~
In file included from /usr/include/stdio.h:862:0,
                 from /usr/include/c++/7/cstdio:42,
                 from /usr/include/c++/7/ext/string_conversions.h:43,
                 from /usr/include/c++/7/bits/basic_string.h:6361,
                 from /usr/include/c++/7/string:52,
                 from /usr/include/c++/7/bits/locale_classes.h:40,
                 from /usr/include/c++/7/bits/ios_base.h:41,
                 from /usr/include/c++/7/ios:42,
                 from /usr/include/yaml-cpp/parser.h:10,
                 from /usr/include/yaml-cpp/yaml.h:10,
                 from /root/workspace/workspace/parker-embeded-newtof/parker_sensors_group/sensor_module/src/SensorModule.cpp:4:
/usr/include/aarch64-linux-gnu/bits/stdio2.h:34:43: note: ‚Äò__builtin___sprintf_chk‚Äô output between 6 and 2811 bytes into a destination of size 1024
       __bos (__s), __fmt, __va_arg_pack ());
                                           ^
/root/workspace/workspace/parker-embeded-newtof/parker_sensors_group/multi_module/src/MultiModuleDriver.cpp: In member function ‚Äòint multi_module::MultiModuleDriver::Init(const string&)‚Äô:
/root/workspace/workspace/parker-embeded-newtof/parker_sensors_group/multi_module/src/MultiModuleDriver.cpp:28:27: warning: passing NULL to non-pointer argument 2 of ‚Äòint access(const char*, int)‚Äô [-Wconversion-null]
   if (access(DirName, NULL) != 0) {
                           ^
[ 26%] Building CXX object sensor_module/src/CMakeFiles/sensor_module.dir/SensorModuleProtocol.cpp.o
/root/workspace/workspace/parker-embeded-newtof/parker_sensors_group/sensor_module/src/SensorModuleProtocol.cpp: In member function ‚Äòbool sensor_module::SensorModuleProtocol::crccheck(uint8_t*, int)‚Äô:
/root/workspace/workspace/parker-embeded-newtof/parker_sensors_group/sensor_module/src/SensorModuleProtocol.cpp:29:36: warning: suggest parentheses around arithmetic in operand of ‚Äò|‚Äô [-Wparentheses]
   if (crc != ((data[len - 2] << 8) & 0xff00 | data[len - 1])) {
               ~~~~~~~~~~~~~~~~~~~~~^~~~~~~~
/root/workspace/workspace/parker-embeded-newtof/parker_sensors_group/sensor_module/src/SensorModuleProtocol.cpp: In member function ‚Äòint sensor_module::SensorModuleProtocol::SendTime(uint64_t&)‚Äô:
/root/workspace/workspace/parker-embeded-newtof/parker_sensors_group/sensor_module/src/SensorModuleProtocol.cpp:41:12: warning: unused variable ‚Äònow‚Äô [-Wunused-variable]
   uint16_t now = time >> 16;
            ^~~
/root/workspace/workspace/parker-embeded-newtof/parker_sensors_group/sensor_module/src/SensorModuleProtocol.cpp: In member function ‚Äòint sensor_module::SensorModuleProtocol::DataHandler(uint8_t*, int)‚Äô:
/root/workspace/workspace/parker-embeded-newtof/parker_sensors_group/sensor_module/src/SensorModuleProtocol.cpp:242:1: warning: control reaches end of non-void function [-Wreturn-type]
 }
 ^
[ 26%] Building C object sensor_module/src/CMakeFiles/sensor_module.dir/__/library/parse.c.o
[ 27%] Building C object sensor_module/src/CMakeFiles/sensor_module.dir/__/library/sha204_comm_marshaling.c.o
[ 28%] Building C object sensor_module/src/CMakeFiles/sensor_module.dir/__/library/sha204_comm.c.o
[ 29%] Building C object sensor_module/src/CMakeFiles/sensor_module.dir/__/library/sha204_helper.c.o
[ 30%] Building C object sensor_module/src/CMakeFiles/sensor_module.dir/__/library/sha204_i2c.c.o
[ 30%] Building C object sensor_module/src/CMakeFiles/sensor_module.dir/__/library/sha256.c.o
[ 31%] Building CXX object sensor_module/src/CMakeFiles/sensor_module.dir/__/library/md5.cpp.o
[ 32%] Building CXX object sensor_module/src/CMakeFiles/sensor_module.dir/__/library/md5file.cpp.o
[ 33%] Linking CXX shared library ../../../install/lib/libmulti_module.so
[ 33%] Built target multi_module
Scanning dependencies of target usbtof_module
[ 34%] Building CXX object usbtof_module/src/CMakeFiles/usbtof_module.dir/Usb3dtof.cpp.o
/root/workspace/workspace/parker-embeded-newtof/parker_sensors_group/sensor_module/library/md5file.cpp: In function ‚Äòstd::__cxx11::string getFileMD5(const string&)‚Äô:
/root/workspace/workspace/parker-embeded-newtof/parker_sensors_group/sensor_module/library/md5file.cpp:42:24: warning: comparison between signed and unsigned integer expressions [-Wsign-compare]
     if (totalReadCount != fileLength) {
         ~~~~~~~~~~~~~~~^~~~~~~~~~~~~
[ 35%] Building C object sensor_module/src/CMakeFiles/sensor_module.dir/__/library/timer_utilities.c.o
[ 35%] Building C object sensor_module/src/CMakeFiles/sensor_module.dir/__/library/utility.c.o
[ 36%] Building C object sensor_module/src/CMakeFiles/sensor_module.dir/__/library/sha204_app.c.o
/root/workspace/workspace/parker-embeded-newtof/parker_sensors_group/sensor_module/library/sha204_app.c: In function ‚ÄòEvelock_Atsha204A_DoubleMac‚Äô:
/root/workspace/workspace/parker-embeded-newtof/parker_sensors_group/sensor_module/library/sha204_app.c:114:3: warning: implicit declaration of function ‚Äòusleep‚Äô; did you mean ‚Äòfseek‚Äô? [-Wimplicit-function-declaration]
   usleep(10);
   ^~~~~~
   fseek
/root/workspace/workspace/parker-embeded-newtof/parker_sensors_group/sensor_module/library/sha204_app.c: In function ‚ÄòMasterHasKey_RandomNumber_Encrypted_Authentication‚Äô:
/root/workspace/workspace/parker-embeded-newtof/parker_sensors_group/sensor_module/library/sha204_app.c:226:12: warning: ‚Äòreturn‚Äô with a value, in function returning void
     return 0;
            ^
/root/workspace/workspace/parker-embeded-newtof/parker_sensors_group/sensor_module/library/sha204_app.c:212:6: note: declared here
 void MasterHasKey_RandomNumber_Encrypted_Authentication(void)
      ^~~~~~~~~~~~~~~~~~~~~~~~~~~~~~~~~~~~~~~~~~~~~~~~~~
/root/workspace/workspace/parker-embeded-newtof/parker_sensors_group/sensor_module/library/sha204_app.c:236:12: warning: ‚Äòreturn‚Äô with a value, in function returning void
     return 0;
            ^
/root/workspace/workspace/parker-embeded-newtof/parker_sensors_group/sensor_module/library/sha204_app.c:212:6: note: declared here
 void MasterHasKey_RandomNumber_Encrypted_Authentication(void)
      ^~~~~~~~~~~~~~~~~~~~~~~~~~~~~~~~~~~~~~~~~~~~~~~~~~
/root/workspace/workspace/parker-embeded-newtof/parker_sensors_group/sensor_module/library/sha204_app.c:245:12: warning: ‚Äòreturn‚Äô with a value, in function returning void
     return 0;
            ^
/root/workspace/workspace/parker-embeded-newtof/parker_sensors_group/sensor_module/library/sha204_app.c:212:6: note: declared here
 void MasterHasKey_RandomNumber_Encrypted_Authentication(void)
      ^~~~~~~~~~~~~~~~~~~~~~~~~~~~~~~~~~~~~~~~~~~~~~~~~~
[ 37%] Building CXX object sensor_module/src/CMakeFiles/sensor_module.dir/__/__/drivers/serial.cpp.o
[ 37%] Building C object imsee_module/src/CMakeFiles/imsee_module.dir/__/__/third_lib/libuvc/src/ctrl.c.o
[ 38%] Building C object imsee_module/src/CMakeFiles/imsee_module.dir/__/__/third_lib/libuvc/src/ctrl-gen.c.o
[ 39%] Linking CXX shared library ../../../install/lib/libsensor_module.so
[ 40%] Building C object imsee_module/src/CMakeFiles/imsee_module.dir/__/__/third_lib/libuvc/src/device.c.o
[ 40%] Built target sensor_module
Scanning dependencies of target lidar_module
[ 41%] Building CXX object lidar_module/src/CMakeFiles/lidar_module.dir/device_base.cpp.o
/root/workspace/workspace/parker-embeded-newtof/parker_sensors_group/usbtof_module/src/Usb3dtof.cpp: In member function ‚Äòusb_3d_tof::DEVICE_STATE usb_3d_tof::Tof::InternalStart()‚Äô:
/root/workspace/workspace/parker-embeded-newtof/parker_sensors_group/usbtof_module/src/Usb3dtof.cpp:746:60: warning: ISO C++ forbids converting a string constant to ‚Äòchar*‚Äô [-Wwrite-strings]
   DepthMapWrapperSetUp("NULL", (char *)spc_file_name.data());
                                                            ^
/root/workspace/workspace/parker-embeded-newtof/parker_sensors_group/usbtof_module/src/Usb3dtof.cpp: In member function ‚Äòvirtual int usb_3d_tof::Tof::Start()‚Äô:
/root/workspace/workspace/parker-embeded-newtof/parker_sensors_group/usbtof_module/src/Usb3dtof.cpp:860:23: warning: comparison between signed and unsigned integer expressions [-Wsign-compare]
     for (int i = 0; i < vec.size(); i++) {
                     ~~^~~~~~~~~~~~
/root/workspace/workspace/parker-embeded-newtof/parker_sensors_group/usbtof_module/src/Usb3dtof.cpp:864:15: warning: comparison between signed and unsigned integer expressions [-Wsign-compare]
         if (i == vec.size() - 1) {
             ~~^~~~~~~~~~~~~~~~~
/root/workspace/workspace/parker-embeded-newtof/parker_sensors_group/usbtof_module/src/Usb3dtof.cpp:871:9: warning: enumeration value ‚ÄòOPENED‚Äô not handled in switch [-Wswitch]
   switch(res){
         ^
/root/workspace/workspace/parker-embeded-newtof/parker_sensors_group/usbtof_module/src/Usb3dtof.cpp:819:31: warning: unused variable ‚ÄòworkStatus‚Äô [-Wunused-variable]
   swr::base_types::WorkStatus workStatus;
                               ^~~~~~~~~~
/root/workspace/workspace/parker-embeded-newtof/parker_sensors_group/usbtof_module/src/Usb3dtof.cpp: In member function ‚Äòint usb_3d_tof::Tof::FindDevices()‚Äô:
/root/workspace/workspace/parker-embeded-newtof/parker_sensors_group/usbtof_module/src/Usb3dtof.cpp:933:13: warning: unused variable ‚Äòbus_num‚Äô [-Wunused-variable]
     uint8_t bus_num = uvc_get_bus_number(dev);
             ^~~~~~~
/root/workspace/workspace/parker-embeded-newtof/parker_sensors_group/usbtof_module/src/Usb3dtof.cpp:934:13: warning: unused variable ‚Äòbus_addr‚Äô [-Wunused-variable]
     uint8_t bus_addr = uvc_get_device_address(dev);
             ^~~~~~~~
/root/workspace/workspace/parker-embeded-newtof/parker_sensors_group/usbtof_module/src/Usb3dtof.cpp: In member function ‚Äòvoid usb_3d_tof::Tof::TofRecvTask()‚Äô:
/root/workspace/workspace/parker-embeded-newtof/parker_sensors_group/usbtof_module/src/Usb3dtof.cpp:1168:25: warning: comparison between signed and unsigned integer expressions [-Wsign-compare]
    if(frame->data_bytes < imagesize){
       ~~~~~~~~~~~~~~~~~~^~~~~~~~~~~
/root/workspace/workspace/parker-embeded-newtof/parker_sensors_group/usbtof_module/src/Usb3dtof.cpp:1177:24: warning: comparison between signed and unsigned integer expressions [-Wsign-compare]
   if(frame->data_bytes != imagesize){
      ~~~~~~~~~~~~~~~~~~^~~~~~~~~~~~
/root/workspace/workspace/parker-embeded-newtof/parker_sensors_group/usbtof_module/src/Usb3dtof.cpp: In member function ‚Äòint usb_3d_tof::Tof::FlashReadBuf(uint8_t*, uint32_t, uint32_t)‚Äô:
/root/workspace/workspace/parker-embeded-newtof/parker_sensors_group/usbtof_module/src/Usb3dtof.cpp:2351:20: warning: comparison between signed and unsigned integer expressions [-Wsign-compare]
       if(sum_count >= len){
          ~~~~~~~~~~^~~~~~
[ 42%] Building C object imsee_module/src/CMakeFiles/imsee_module.dir/__/__/third_lib/libuvc/src/diag.c.o
[ 42%] Building C object imsee_module/src/CMakeFiles/imsee_module.dir/__/__/third_lib/libuvc/src/frame.c.o
[ 43%] Building C object imsee_module/src/CMakeFiles/imsee_module.dir/__/__/third_lib/libuvc/src/init.c.o
/root/workspace/workspace/parker-embeded-newtof/parker_sensors_group/third_lib/libuvc/src/init.c: In function ‚Äò_uvc_handle_events‚Äô:
/root/workspace/workspace/parker-embeded-newtof/parker_sensors_group/third_lib/libuvc/src/init.c:98:3: warning: implicit declaration of function ‚ÄòAttachThreadToEmbCpu‚Äô [-Wimplicit-function-declaration]
   AttachThreadToEmbCpu(pthread_self());
   ^~~~~~~~~~~~~~~~~~~~
/root/workspace/workspace/parker-embeded-newtof/parker_sensors_group/third_lib/libuvc/src/init.c:99:3: warning: implicit declaration of function ‚ÄòSetThreadPriority‚Äô; did you mean ‚Äò__sched_priority‚Äô? [-Wimplicit-function-declaration]
   SetThreadPriority(pthread_self(), UVC_SYS_PRIORITY, "sys uvc recv event");
   ^~~~~~~~~~~~~~~~~
   __sched_priority
[ 44%] Building C object imsee_module/src/CMakeFiles/imsee_module.dir/__/__/third_lib/libuvc/src/misc.c.o
[ 45%] Building C object imsee_module/src/CMakeFiles/imsee_module.dir/__/__/third_lib/libuvc/src/stream.c.o
/root/workspace/workspace/parker-embeded-newtof/parker_sensors_group/third_lib/libuvc/src/stream.c: In function ‚Äò_uvc_user_caller‚Äô:
/root/workspace/workspace/parker-embeded-newtof/parker_sensors_group/third_lib/libuvc/src/stream.c:1315:3: warning: implicit declaration of function ‚Äòpthread_setname_np‚Äô; did you mean ‚Äòpthread_setcanceltype‚Äô? [-Wimplicit-function-declaration]
   pthread_setname_np(pthread_self(), "SysUvcUserCB");
   ^~~~~~~~~~~~~~~~~~
   pthread_setcanceltype
/root/workspace/workspace/parker-embeded-newtof/parker_sensors_group/usbtof_module/src/Usb3dtof.cpp: In member function ‚Äòint usb_3d_tof::Tof::TofPower(usb_3d_tof::PowerType)‚Äô:
/root/workspace/workspace/parker-embeded-newtof/parker_sensors_group/usbtof_module/src/Usb3dtof.cpp:766:11: warning: ignoring return value of ‚Äòint system(const char*)‚Äô, declared with attribute warn_unused_result [-Wunused-result]
     system("echo 1 > /sys/class/gpio/gpio423/value");
     ~~~~~~^~~~~~~~~~~~~~~~~~~~~~~~~~~~~~~~~~~~~~~~~~
/root/workspace/workspace/parker-embeded-newtof/parker_sensors_group/usbtof_module/src/Usb3dtof.cpp:769:11: warning: ignoring return value of ‚Äòint system(const char*)‚Äô, declared with attribute warn_unused_result [-Wunused-result]
     system("echo 0 > /sys/class/gpio/gpio423/value");
     ~~~~~~^~~~~~~~~~~~~~~~~~~~~~~~~~~~~~~~~~~~~~~~~~
/root/workspace/workspace/parker-embeded-newtof/parker_sensors_group/usbtof_module/src/Usb3dtof.cpp: In member function ‚Äòint usb_3d_tof::Tof::ExportGpio()‚Äô:
/root/workspace/workspace/parker-embeded-newtof/parker_sensors_group/usbtof_module/src/Usb3dtof.cpp:789:10: warning: ignoring return value of ‚Äòsize_t fread(void*, size_t, size_t, FILE*)‚Äô, declared with attribute warn_unused_result [-Wunused-result]
     fread(buff, 1, 16, fp);
     ~~~~~^~~~~~~~~~~~~~~~~
/root/workspace/workspace/parker-embeded-newtof/parker_sensors_group/usbtof_module/src/Usb3dtof.cpp:794:13: warning: ignoring return value of ‚Äòint system(const char*)‚Äô, declared with attribute warn_unused_result [-Wunused-result]
       system("echo out > /sys/class/gpio/gpio423/direction");
       ~~~~~~^~~~~~~~~~~~~~~~~~~~~~~~~~~~~~~~~~~~~~~~~~~~~~~~
/root/workspace/workspace/parker-embeded-newtof/parker_sensors_group/usbtof_module/src/Usb3dtof.cpp: In member function ‚Äòint usb_3d_tof::Tof::UnexportGpio()‚Äô:
/root/workspace/workspace/parker-embeded-newtof/parker_sensors_group/usbtof_module/src/Usb3dtof.cpp:806:11: warning: ignoring return value of ‚Äòint system(const char*)‚Äô, declared with attribute warn_unused_result [-Wunused-result]
     system("echo 0 > /sys/class/gpio/gpio423/value");
     ~~~~~~^~~~~~~~~~~~~~~~~~~~~~~~~~~~~~~~~~~~~~~~~~
/root/workspace/workspace/parker-embeded-newtof/parker_sensors_group/usbtof_module/src/Usb3dtof.cpp:807:11: warning: ignoring return value of ‚Äòint system(const char*)‚Äô, declared with attribute warn_unused_result [-Wunused-result]
     system("echo 423 > /sys/class/gpio/unexport");
     ~~~~~~^~~~~~~~~~~~~~~~~~~~~~~~~~~~~~~~~~~~~~~
/root/workspace/workspace/parker-embeded-newtof/parker_sensors_group/usbtof_module/src/Usb3dtof.cpp: In member function ‚Äòvirtual int usb_3d_tof::Tof::Start()‚Äô:
/root/workspace/workspace/parker-embeded-newtof/parker_sensors_group/usbtof_module/src/Usb3dtof.cpp:826:8: warning: ignoring return value of ‚Äòsize_t fread(void*, size_t, size_t, FILE*)‚Äô, declared with attribute warn_unused_result [-Wunused-result]
   fread(buff, 1, 1024, fp);
   ~~~~~^~~~~~~~~~~~~~~~~~~
[ 46%] Building C object imsee_module/src/CMakeFiles/imsee_module.dir/__/__/third_lib/libusb/core.c.o
/root/workspace/workspace/parker-embeded-newtof/parker_sensors_group/usbtof_module/src/Usb3dtof.cpp: In member function ‚Äòbool usb_3d_tof::Tof::NeedUpdateCalibration(const char*, uint16_t*)‚Äô:
/root/workspace/workspace/parker-embeded-newtof/parker_sensors_group/usbtof_module/src/Usb3dtof.cpp:1453:1: warning: control reaches end of non-void function [-Wreturn-type]
 }
 ^
/root/workspace/workspace/parker-embeded-newtof/parker_sensors_group/usbtof_module/src/Usb3dtof.cpp: In member function ‚Äòint usb_3d_tof::Tof::ReadClibrationFromEepromToFile(const char*, uint16_t*)‚Äô:
/root/workspace/workspace/parker-embeded-newtof/parker_sensors_group/usbtof_module/src/Usb3dtof.cpp:1867:1: warning: control reaches end of non-void function [-Wreturn-type]
 }
 ^
[ 47%] Building CXX object lidar_module/src/CMakeFiles/lidar_module.dir/device.cpp.o
[ 47%] Building C object imsee_module/src/CMakeFiles/imsee_module.dir/__/__/third_lib/libusb/descriptor.c.o
[ 48%] Building C object imsee_module/src/CMakeFiles/imsee_module.dir/__/__/third_lib/libusb/hotplug.c.o
[ 48%] Linking CXX shared library ../../../install/lib/libmcu_module.so
[ 49%] Building C object imsee_module/src/CMakeFiles/imsee_module.dir/__/__/third_lib/libusb/io.c.o
In file included from /root/workspace/workspace/parker-embeded-newtof/parker_sensors_group/lidar_module/src/device.cpp:3:0:
/root/workspace/workspace/parker-embeded-newtof/parker_sensors_group/lidar_module/src/utility.h: In static member function ‚Äòstatic int ldcp_sdk::Utility::Base64Decode(const char*, int, uint8_t*)‚Äô:
/root/workspace/workspace/parker-embeded-newtof/parker_sensors_group/lidar_module/src/utility.h:96:35: warning: array subscript has type ‚Äòchar‚Äô [-Wchar-subscripts]
         value = value << 6 | lut[c];
                                   ^
[ 49%] Built target mcu_module
Scanning dependencies of target controller
[ 49%] Building CXX object emb_monitor/sample/CMakeFiles/controller.dir/controller.cpp.o
[ 50%] Building C object imsee_module/src/CMakeFiles/imsee_module.dir/__/__/third_lib/libusb/strerror.c.o
[ 50%] Building C object imsee_module/src/CMakeFiles/imsee_module.dir/__/__/third_lib/libusb/sync.c.o
[ 51%] Building C object imsee_module/src/CMakeFiles/imsee_module.dir/__/__/third_lib/libusb/os/linux_netlink.c.o
/root/workspace/workspace/parker-embeded-newtof/parker_sensors_group/third_lib/libusb/os/linux_netlink.c: In function ‚Äòlinux_netlink_event_thread_main‚Äô:
/root/workspace/workspace/parker-embeded-newtof/parker_sensors_group/third_lib/libusb/os/linux_netlink.c:383:2: warning: implicit declaration of function ‚ÄòAttachThreadToEmbCpu‚Äô [-Wimplicit-function-declaration]
  AttachThreadToEmbCpu(pthread_self());
  ^~~~~~~~~~~~~~~~~~~~
[ 52%] Building C object imsee_module/src/CMakeFiles/imsee_module.dir/__/__/third_lib/libusb/os/linux_udev.c.o
[ 53%] Building C object imsee_module/src/CMakeFiles/imsee_module.dir/__/__/third_lib/libusb/os/linux_usbfs.c.o
/root/workspace/workspace/parker-embeded-newtof/parker_sensors_group/lidar_module/src/device.cpp: In member function ‚Äòldcp_sdk::error_t ldcp_sdk::Device::persistSettings()‚Äô:
/root/workspace/workspace/parker-embeded-newtof/parker_sensors_group/lidar_module/src/device.cpp:680:39: warning: unused variable ‚Äòallocator‚Äô [-Wunused-variable]
   rapidjson::Document::AllocatorType& allocator = request.GetAllocator();
                                       ^~~~~~~~~
[ 54%] Building C object imsee_module/src/CMakeFiles/imsee_module.dir/__/__/third_lib/libusb/os/poll_posix.c.o
[ 54%] Building C object imsee_module/src/CMakeFiles/imsee_module.dir/__/__/third_lib/libusb/os/threads_posix.c.o
[ 55%] Building C object imsee_module/src/CMakeFiles/imsee_module.dir/__/library/sha256.c.o
[ 56%] Linking CXX shared library ../../../install/lib/libimsee_module.so
[ 56%] Built target imsee_module
Scanning dependencies of target sensor_main
[ 57%] Building CXX object sensor_module/sample/CMakeFiles/sensor_main.dir/sensor_main.cpp.o
[ 58%] Building CXX object emb_monitor/sample/CMakeFiles/controller.dir/__/EmbController.cpp.o
[ 59%] Building CXX object lidar_module/src/CMakeFiles/lidar_module.dir/bootloader.cpp.o
[ 59%] Linking CXX executable ../../../install/bin/sensor_main
[ 59%] Built target sensor_main
Scanning dependencies of target mcu_main
[ 60%] Building CXX object mcu_module/sample/CMakeFiles/mcu_main.dir/mcu_main.cpp.o
In file included from /root/workspace/workspace/parker-embeded-newtof/parker_sensors_group/lidar_module/src/bootloader.cpp:3:0:
/root/workspace/workspace/parker-embeded-newtof/parker_sensors_group/lidar_module/src/utility.h: In static member function ‚Äòstatic int ldcp_sdk::Utility::Base64Decode(const char*, int, uint8_t*)‚Äô:
/root/workspace/workspace/parker-embeded-newtof/parker_sensors_group/lidar_module/src/utility.h:96:35: warning: array subscript has type ‚Äòchar‚Äô [-Wchar-subscripts]
         value = value << 6 | lut[c];
                                   ^
[ 61%] Linking CXX executable ../../../install/bin/controller
[ 61%] Built target controller
Scanning dependencies of target imsee_main
[ 62%] Building CXX object imsee_module/sample/CMakeFiles/imsee_main.dir/imsee_main.cpp.o
[ 62%] Building CXX object lidar_module/src/CMakeFiles/lidar_module.dir/device_info.cpp.o
[ 63%] Building CXX object lidar_module/src/CMakeFiles/lidar_module.dir/location.cpp.o
[ 64%] Building CXX object lidar_module/src/CMakeFiles/lidar_module.dir/session.cpp.o
[ 65%] Building CXX object usbtof_module/src/CMakeFiles/usbtof_module.dir/md5.cpp.o
In file included from /root/workspace/workspace/parker-embeded-newtof/parker_sensors_group/common/TimeUsedCheck.hpp:5:0,
                 from /root/workspace/workspace/parker-embeded-newtof/parker_sensors_group/common/EmbLib.hpp:10,
                 from /root/workspace/workspace/parker-embeded-newtof/parker_sensors_group/imsee_module/sample/imsee_main.cpp:5:
/root/workspace/workspace/parker-embeded-newtof/parker_sensors_group/imsee_module/sample/imsee_main.cpp: In lambda function:
/root/workspace/workspace/parker-embeded-newtof/parker_sensors_group/common/RobotDebug.hpp:108:313: warning: format ‚Äò%u‚Äô expects argument of type ‚Äòunsigned int‚Äô, but argument 7 has type ‚Äòswr::base_types::Time {aka long unsigned int}‚Äô [-Wformat=]
 #define RobotINFO(format, ...) {if(EmbLog::GetInstance()->GetLogSwitch() && (LOG_LEVEL_INFO >= EmbLog::GetInstance()->GetLogMinLevel()))  fprintf(stdout, "%lu [%s:%d/%s] [sensors] " LOG_COLOR_BOLDGREEN format LOG_COLOR_RESET "\n", GetSystimeMs(), basename((char *)__FILE__), __LINE__, __FUNCTION__, ##__VA_ARGS__);}
                                                                                                                                                                                                                                                                                                                         ^
/root/workspace/workspace/parker-embeded-newtof/parker_sensors_group/imsee_module/sample/imsee_main.cpp:263:9: note: in expansion of macro ‚ÄòRobotINFO‚Äô
         RobotINFO("error msg %u: 0x%.8x ON", msg.stamp, msg.code);
         ^~~~~~~~~
/root/workspace/workspace/parker-embeded-newtof/parker_sensors_group/common/RobotDebug.hpp:108:313: warning: format ‚Äò%u‚Äô expects argument of type ‚Äòunsigned int‚Äô, but argument 7 has type ‚Äòswr::base_types::Time {aka long unsigned int}‚Äô [-Wformat=]
 #define RobotINFO(format, ...) {if(EmbLog::GetInstance()->GetLogSwitch() && (LOG_LEVEL_INFO >= EmbLog::GetInstance()->GetLogMinLevel()))  fprintf(stdout, "%lu [%s:%d/%s] [sensors] " LOG_COLOR_BOLDGREEN format LOG_COLOR_RESET "\n", GetSystimeMs(), basename((char *)__FILE__), __LINE__, __FUNCTION__, ##__VA_ARGS__);}
                                                                                                                                                                                                                                                                                                                         ^
/root/workspace/workspace/parker-embeded-newtof/parker_sensors_group/imsee_module/sample/imsee_main.cpp:265:9: note: in expansion of macro ‚ÄòRobotINFO‚Äô
         RobotINFO("error msg %u: 0x%.8x OFF", msg.stamp, msg.code);
         ^~~~~~~~~
[ 66%] Building C object usbtof_module/src/CMakeFiles/usbtof_module.dir/__/__/third_lib/libuvc/src/ctrl.c.o
[ 67%] Building C object usbtof_module/src/CMakeFiles/usbtof_module.dir/__/__/third_lib/libuvc/src/ctrl-gen.c.o
[ 67%] Building CXX object mcu_module/sample/CMakeFiles/mcu_main.dir/keyboard_control.cpp.o
[ 68%] Linking CXX executable ../../../install/bin/imsee_main
[ 68%] Building C object usbtof_module/src/CMakeFiles/usbtof_module.dir/__/__/third_lib/libuvc/src/device.c.o
[ 68%] Built target imsee_main
Scanning dependencies of target multi_main
[ 69%] Building CXX object multi_module/sample/CMakeFiles/multi_main.dir/__/__/drivers/serial.cpp.o
[ 70%] Building C object usbtof_module/src/CMakeFiles/usbtof_module.dir/__/__/third_lib/libuvc/src/diag.c.o
[ 71%] Building C object usbtof_module/src/CMakeFiles/usbtof_module.dir/__/__/third_lib/libuvc/src/frame.c.o
[ 72%] Building C object usbtof_module/src/CMakeFiles/usbtof_module.dir/__/__/third_lib/libuvc/src/init.c.o
/root/workspace/workspace/parker-embeded-newtof/parker_sensors_group/third_lib/libuvc/src/init.c: In function ‚Äò_uvc_handle_events‚Äô:
/root/workspace/workspace/parker-embeded-newtof/parker_sensors_group/third_lib/libuvc/src/init.c:98:3: warning: implicit declaration of function ‚ÄòAttachThreadToEmbCpu‚Äô [-Wimplicit-function-declaration]
   AttachThreadToEmbCpu(pthread_self());
   ^~~~~~~~~~~~~~~~~~~~
/root/workspace/workspace/parker-embeded-newtof/parker_sensors_group/third_lib/libuvc/src/init.c:99:3: warning: implicit declaration of function ‚ÄòSetThreadPriority‚Äô; did you mean ‚Äò__sched_priority‚Äô? [-Wimplicit-function-declaration]
   SetThreadPriority(pthread_self(), UVC_SYS_PRIORITY, "sys uvc recv event");
   ^~~~~~~~~~~~~~~~~
   __sched_priority
[ 72%] Building C object usbtof_module/src/CMakeFiles/usbtof_module.dir/__/__/third_lib/libuvc/src/misc.c.o
[ 73%] Building C object usbtof_module/src/CMakeFiles/usbtof_module.dir/__/__/third_lib/libuvc/src/stream.c.o
/root/workspace/workspace/parker-embeded-newtof/parker_sensors_group/third_lib/libuvc/src/stream.c: In function ‚Äò_uvc_user_caller‚Äô:
/root/workspace/workspace/parker-embeded-newtof/parker_sensors_group/third_lib/libuvc/src/stream.c:1315:3: warning: implicit declaration of function ‚Äòpthread_setname_np‚Äô; did you mean ‚Äòpthread_setcanceltype‚Äô? [-Wimplicit-function-declaration]
   pthread_setname_np(pthread_self(), "SysUvcUserCB");
   ^~~~~~~~~~~~~~~~~~
   pthread_setcanceltype
[ 74%] Building C object usbtof_module/src/CMakeFiles/usbtof_module.dir/__/__/third_lib/libusb/core.c.o
[ 75%] Building CXX object multi_module/sample/CMakeFiles/multi_main.dir/__/__/drivers/can.cpp.o
[ 76%] Building CXX object lidar_module/src/CMakeFiles/lidar_module.dir/transport.cpp.o
[ 77%] Building C object usbtof_module/src/CMakeFiles/usbtof_module.dir/__/__/third_lib/libusb/descriptor.c.o
In file included from /root/workspace/workspace/parker-embeded-newtof/parker_sensors_group/lidar_module/src/transport.cpp:2:0:
/root/workspace/workspace/parker-embeded-newtof/parker_sensors_group/lidar_module/src/utility.h: In static member function ‚Äòstatic int ldcp_sdk::Utility::Base64Decode(const char*, int, uint8_t*)‚Äô:
/root/workspace/workspace/parker-embeded-newtof/parker_sensors_group/lidar_module/src/utility.h:96:35: warning: array subscript has type ‚Äòchar‚Äô [-Wchar-subscripts]
         value = value << 6 | lut[c];
                                   ^
[ 78%] Building C object usbtof_module/src/CMakeFiles/usbtof_module.dir/__/__/third_lib/libusb/hotplug.c.o
[ 78%] Building C object usbtof_module/src/CMakeFiles/usbtof_module.dir/__/__/third_lib/libusb/io.c.o
[ 78%] Building CXX object multi_module/sample/CMakeFiles/multi_main.dir/__/src/MultiModule.cpp.o
[ 79%] Building C object usbtof_module/src/CMakeFiles/usbtof_module.dir/__/__/third_lib/libusb/strerror.c.o
[ 80%] Building C object usbtof_module/src/CMakeFiles/usbtof_module.dir/__/__/third_lib/libusb/sync.c.o
[ 81%] Building C object usbtof_module/src/CMakeFiles/usbtof_module.dir/__/__/third_lib/libusb/os/linux_netlink.c.o
/root/workspace/workspace/parker-embeded-newtof/parker_sensors_group/third_lib/libusb/os/linux_netlink.c: In function ‚Äòlinux_netlink_event_thread_main‚Äô:
/root/workspace/workspace/parker-embeded-newtof/parker_sensors_group/third_lib/libusb/os/linux_netlink.c:383:2: warning: implicit declaration of function ‚ÄòAttachThreadToEmbCpu‚Äô [-Wimplicit-function-declaration]
  AttachThreadToEmbCpu(pthread_self());
  ^~~~~~~~~~~~~~~~~~~~
/root/workspace/workspace/parker-embeded-newtof/parker_sensors_group/lidar_module/src/transport.cpp: In constructor ‚Äòldcp_sdk::NetworkTransport::NetworkTransport(const ldcp_sdk::NetworkLocation&)‚Äô:
/root/workspace/workspace/parker-embeded-newtof/parker_sensors_group/lidar_module/src/transport.cpp:49:27: warning: ‚Äòldcp_sdk::NetworkTransport::device_address_‚Äô will be initialized after [-Wreorder]
   asio::ip::tcp::endpoint device_address_;
                           ^~~~~~~~~~~~~~~
/root/workspace/workspace/parker-embeded-newtof/parker_sensors_group/lidar_module/src/transport.cpp:48:25: warning:   ‚Äòasio::ip::tcp::socket ldcp_sdk::NetworkTransport::primary_socket_‚Äô [-Wreorder]
   asio::ip::tcp::socket primary_socket_;
                         ^~~~~~~~~~~~~~~
/root/workspace/workspace/parker-embeded-newtof/parker_sensors_group/lidar_module/src/transport.cpp:61:1: warning:   when initialized here [-Wreorder]
 NetworkTransport::NetworkTransport(const NetworkLocation& location)
 ^~~~~~~~~~~~~~~~
/root/workspace/workspace/parker-embeded-newtof/parker_sensors_group/lidar_module/src/transport.cpp: In member function ‚Äòrapidjson::Document ldcp_sdk::NetworkTransport::parseIncomingMessage(size_t)‚Äô:
/root/workspace/workspace/parker-embeded-newtof/parker_sensors_group/lidar_module/src/transport.cpp:271:70: warning: comparison between signed and unsigned integer expressions [-Wsign-compare]
           if (!(asio::buffers_end(incoming_message_buffer_.data()) -
                 ~~~~~~~~~~~~~~~~~~~~~~~~~~~~~~~~~~~~~~~~~~~~~~~~~~~~~ 
                 asio::buffers_begin(incoming_message_buffer_.data()) >= character_count + 1))
                 ~~~~~~~~~~~~~~~~~~~~~~~~~~~~~~~~~~~~~~~~~~~~~~~~~~~~~^~~~~~~~~~~~~~~~~~~~~~
/root/workspace/workspace/parker-embeded-newtof/parker_sensors_group/lidar_module/src/transport.cpp: In member function ‚Äòbool ldcp_sdk::NetworkTransport::verifyOobPacket(uint8_t*, int)‚Äô:
/root/workspace/workspace/parker-embeded-newtof/parker_sensors_group/lidar_module/src/transport.cpp:345:14: warning: comparison between signed and unsigned integer expressions [-Wsign-compare]
   if (length < offsetof(OobPacket, payload)){
              ^
[ 81%] Building C object usbtof_module/src/CMakeFiles/usbtof_module.dir/__/__/third_lib/libusb/os/linux_udev.c.o
[ 82%] Building C object usbtof_module/src/CMakeFiles/usbtof_module.dir/__/__/third_lib/libusb/os/linux_usbfs.c.o
[ 83%] Linking CXX executable ../../../install/bin/mcu_main
[ 83%] Built target mcu_main
Scanning dependencies of target sunnytof_module
[ 84%] Building CXX object sunnytof_module/src/CMakeFiles/sunnytof_module.dir/SunnyTof.cpp.o
[ 85%] Building C object usbtof_module/src/CMakeFiles/usbtof_module.dir/__/__/third_lib/libusb/os/poll_posix.c.o
[ 86%] Building C object usbtof_module/src/CMakeFiles/usbtof_module.dir/__/__/third_lib/libusb/os/threads_posix.c.o
/root/workspace/workspace/parker-embeded-newtof/parker_sensors_group/multi_module/src/MultiModule.cpp: In member function ‚Äòvirtual int multi_module::ToolsModule::Init()‚Äô:
/root/workspace/workspace/parker-embeded-newtof/parker_sensors_group/multi_module/src/MultiModule.cpp:244:25: warning: comparison between signed and unsigned integer expressions [-Wsign-compare]
       for (int i = 0; i < vec.size(); i++) {
                       ~~^~~~~~~~~~~~
/root/workspace/workspace/parker-embeded-newtof/parker_sensors_group/multi_module/src/MultiModule.cpp:248:17: warning: comparison between signed and unsigned integer expressions [-Wsign-compare]
           if (i == vec.size() - 1) {
               ~~^~~~~~~~~~~~~~~~~
/root/workspace/workspace/parker-embeded-newtof/parker_sensors_group/multi_module/src/MultiModule.cpp: In member function ‚Äòvoid multi_module::ToolsModule::SysCheckTaks()‚Äô:
/root/workspace/workspace/parker-embeded-newtof/parker_sensors_group/multi_module/src/MultiModule.cpp:283:16: warning: unused variable ‚ÄònowTime‚Äô [-Wunused-variable]
       uint64_t nowTime = GetSystimeMs();
                ^~~~~~~
/root/workspace/workspace/parker-embeded-newtof/parker_sensors_group/multi_module/src/MultiModule.cpp:273:14: warning: unused variable ‚ÄòtemperatureLastTime‚Äô [-Wunused-variable]
     uint64_t temperatureLastTime = GetSystimeMs();
              ^~~~~~~~~~~~~~~~~~~
/root/workspace/workspace/parker-embeded-newtof/parker_sensors_group/multi_module/src/MultiModule.cpp: In member function ‚Äòvirtual int multi_module::ToolsModule::Start()‚Äô:
/root/workspace/workspace/parker-embeded-newtof/parker_sensors_group/multi_module/src/MultiModule.cpp:322:33: warning: unused variable ‚ÄòStatus‚Äô [-Wunused-variable]
     swr::base_types::WorkStatus Status;
                                 ^~~~~~
/root/workspace/workspace/parker-embeded-newtof/parker_sensors_group/multi_module/src/MultiModule.cpp: In member function ‚Äòvirtual int multi_module::ToolsModule::Stop()‚Äô:
/root/workspace/workspace/parker-embeded-newtof/parker_sensors_group/multi_module/src/MultiModule.cpp:362:33: warning: unused variable ‚ÄòStatus‚Äô [-Wunused-variable]
     swr::base_types::WorkStatus Status;
                                 ^~~~~~
/root/workspace/workspace/parker-embeded-newtof/parker_sensors_group/multi_module/src/MultiModule.cpp: In member function ‚Äòint multi_module::ToolsModule::GetFreeRam(multi_module::RamType&)‚Äô:
/root/workspace/workspace/parker-embeded-newtof/parker_sensors_group/multi_module/src/MultiModule.cpp:491:18: warning: suggest parentheses around comparison in operand of ‚Äò&‚Äô [-Wparentheses]
       if (*start >= '0' & *start <= '9') {
           ~~~~~~~^~~~~~
In file included from /root/workspace/workspace/parker-embeded-newtof/parker_sensors_group/common/TimeUsedCheck.hpp:5:0,
                 from /root/workspace/workspace/parker-embeded-newtof/parker_sensors_group/common/EmbLib.hpp:10,
                 from /root/workspace/workspace/parker-embeded-newtof/parker_sensors_group/multi_module/src/MultiModule.cpp:23:
/root/workspace/workspace/parker-embeded-newtof/parker_sensors_group/multi_module/src/MultiModule.cpp: In member function ‚Äòvirtual int multi_module::ToolsModule::GetFreeMem(float&)‚Äô:
/root/workspace/workspace/parker-embeded-newtof/parker_sensors_group/common/RobotDebug.hpp:108:313: warning: format ‚Äò%f‚Äô expects a matching ‚Äòdouble‚Äô argument [-Wformat=]
 #define RobotINFO(format, ...) {if(EmbLog::GetInstance()->GetLogSwitch() && (LOG_LEVEL_INFO >= EmbLog::GetInstance()->GetLogMinLevel()))  fprintf(stdout, "%lu [%s:%d/%s] [sensors] " LOG_COLOR_BOLDGREEN format LOG_COLOR_RESET "\n", GetSystimeMs(), basename((char *)__FILE__), __LINE__, __FUNCTION__, ##__VA_ARGS__);}
                                                                                                                                                                                                                                                                                                                         ^
/root/workspace/workspace/parker-embeded-newtof/parker_sensors_group/multi_module/src/MultiModule.cpp:531:7: note: in expansion of macro ‚ÄòRobotINFO‚Äô
       RobotINFO("system, emmc size: %f, free %f", freeSize);
       ^~~~~~~~~
/root/workspace/workspace/parker-embeded-newtof/parker_sensors_group/multi_module/src/MultiModule.cpp: At global scope:
/root/workspace/workspace/parker-embeded-newtof/parker_sensors_group/multi_module/src/MultiModule.cpp:593:3: warning: ‚Äòtypedef‚Äô was ignored in this declaration
   typedef struct CPU_OCCUPY
   ^~~~~~~
/root/workspace/workspace/parker-embeded-newtof/parker_sensors_group/multi_module/src/MultiModule.cpp: In member function ‚Äòvirtual int multi_module::ToolsModule::ThreeColorLightControl(std::__cxx11::string, multi_module::PowerType)‚Äô:
/root/workspace/workspace/parker-embeded-newtof/parker_sensors_group/multi_module/src/MultiModule.cpp:665:9: warning: variable ‚Äòret‚Äô set but not used [-Wunused-but-set-variable]
     int ret = 0;
         ^~~
/root/workspace/workspace/parker-embeded-newtof/parker_sensors_group/multi_module/src/MultiModule.cpp: In member function ‚Äòint multi_module::ToolsModule::SetAndGetVoice(int)‚Äô:
/root/workspace/workspace/parker-embeded-newtof/parker_sensors_group/multi_module/src/MultiModule.cpp:708:22: warning: ISO C++ forbids converting a string constant to ‚Äòchar*‚Äô [-Wwrite-strings]
     char *sctrlstr = "DAC Digital";
                      ^~~~~~~~~~~~~
[ 87%] Linking CXX shared library ../../../install/lib/libusbtof_module.so
/root/workspace/workspace/parker-embeded-newtof/parker_sensors_group/multi_module/src/MultiModule.cpp:709:10: warning: unused variable ‚ÄòvolMin‚Äô [-Wunused-variable]
     long volMin = 0, volMax = 0, leftVal = 0, rightVal = 0;
          ^~~~~~
/root/workspace/workspace/parker-embeded-newtof/parker_sensors_group/multi_module/src/MultiModule.cpp:709:22: warning: unused variable ‚ÄòvolMax‚Äô [-Wunused-variable]
     long volMin = 0, volMax = 0, leftVal = 0, rightVal = 0;
                      ^~~~~~
[ 87%] Built target usbtof_module
Scanning dependencies of target usbtof_main
[ 88%] Building CXX object usbtof_module/sample/CMakeFiles/usbtof_main.dir/usbtof_main.cpp.o
/root/workspace/workspace/parker-embeded-newtof/parker_sensors_group/multi_module/src/MultiModule.cpp: In member function ‚Äòint multi_module::ToolsModule::GetFreeRam(multi_module::RamType&)‚Äô:
/root/workspace/workspace/parker-embeded-newtof/parker_sensors_group/multi_module/src/MultiModule.cpp:485:10: warning: ignoring return value of ‚Äòsize_t fread(void*, size_t, size_t, FILE*)‚Äô, declared with attribute warn_unused_result [-Wunused-result]
     fread(buff, 1, 1024, fp);
     ~~~~~^~~~~~~~~~~~~~~~~~~
/root/workspace/workspace/parker-embeded-newtof/parker_sensors_group/multi_module/src/MultiModule.cpp: In member function ‚Äòvirtual int multi_module::ToolsModule::GetCpuOccupy()‚Äô:
/root/workspace/workspace/parker-embeded-newtof/parker_sensors_group/multi_module/src/MultiModule.cpp:620:10: warning: ignoring return value of ‚Äòchar* fgets(char*, int, FILE*)‚Äô, declared with attribute warn_unused_result [-Wunused-result]
     fgets(buff, sizeof(buff), fd);
     ~~~~~^~~~~~~~~~~~~~~~~~~~~~~~
/root/workspace/workspace/parker-embeded-newtof/parker_sensors_group/multi_module/src/MultiModule.cpp:631:10: warning: ignoring return value of ‚Äòchar* fgets(char*, int, FILE*)‚Äô, declared with attribute warn_unused_result [-Wunused-result]
     fgets(buff, sizeof(buff), fd);
     ~~~~~^~~~~~~~~~~~~~~~~~~~~~~~
/root/workspace/workspace/parker-embeded-newtof/parker_sensors_group/multi_module/src/MultiModule.cpp: In member function ‚Äòvirtual int multi_module::ToolsModule::EnableWifi()‚Äô:
/root/workspace/workspace/parker-embeded-newtof/parker_sensors_group/multi_module/src/MultiModule.cpp:645:11: warning: ignoring return value of ‚Äòint system(const char*)‚Äô, declared with attribute warn_unused_result [-Wunused-result]
     system("modprobe dhd");
     ~~~~~~^~~~~~~~~~~~~~~~
/root/workspace/workspace/parker-embeded-newtof/parker_sensors_group/multi_module/src/MultiModule.cpp:646:11: warning: ignoring return value of ‚Äòint system(const char*)‚Äô, declared with attribute warn_unused_result [-Wunused-result]
     system("sysctl net.ipv4.ip_forward=1");
     ~~~~~~^~~~~~~~~~~~~~~~~~~~~~~~~~~~~~~~
/root/workspace/workspace/parker-embeded-newtof/parker_sensors_group/multi_module/src/MultiModule.cpp:647:11: warning: ignoring return value of ‚Äòint system(const char*)‚Äô, declared with attribute warn_unused_result [-Wunused-result]
     system("iptables -t nat -A POSTROUTING -s 10.0.0.1/8 -o eth0 -j MASQUERADE");
     ~~~~~~^~~~~~~~~~~~~~~~~~~~~~~~~~~~~~~~~~~~~~~~~~~~~~~~~~~~~~~~~~~~~~~~~~~~~~
/root/workspace/workspace/parker-embeded-newtof/parker_sensors_group/multi_module/src/MultiModule.cpp:648:11: warning: ignoring return value of ‚Äòint system(const char*)‚Äô, declared with attribute warn_unused_result [-Wunused-result]
     system("nmcli radio wifi off");
     ~~~~~~^~~~~~~~~~~~~~~~~~~~~~~~
/root/workspace/workspace/parker-embeded-newtof/parker_sensors_group/multi_module/src/MultiModule.cpp:649:11: warning: ignoring return value of ‚Äòint system(const char*)‚Äô, declared with attribute warn_unused_result [-Wunused-result]
     system("rfkill unblock wlan");
     ~~~~~~^~~~~~~~~~~~~~~~~~~~~~~
/root/workspace/workspace/parker-embeded-newtof/parker_sensors_group/multi_module/src/MultiModule.cpp:650:11: warning: ignoring return value of ‚Äòint system(const char*)‚Äô, declared with attribute warn_unused_result [-Wunused-result]
     system("ifconfig wlan0 10.0.0.1 netmask 255.0.0.0 up");
     ~~~~~~^~~~~~~~~~~~~~~~~~~~~~~~~~~~~~~~~~~~~~~~~~~~~~~~
/root/workspace/workspace/parker-embeded-newtof/parker_sensors_group/multi_module/src/MultiModule.cpp:652:11: warning: ignoring return value of ‚Äòint system(const char*)‚Äô, declared with attribute warn_unused_result [-Wunused-result]
     system("service isc-dhcp-server restart");
     ~~~~~~^~~~~~~~~~~~~~~~~~~~~~~~~~~~~~~~~~~
/root/workspace/workspace/parker-embeded-newtof/parker_sensors_group/multi_module/src/MultiModule.cpp:653:11: warning: ignoring return value of ‚Äòint system(const char*)‚Äô, declared with attribute warn_unused_result [-Wunused-result]
     system("service hostapd restart");
     ~~~~~~^~~~~~~~~~~~~~~~~~~~~~~~~~~
/root/workspace/workspace/parker-embeded-newtof/parker_sensors_group/multi_module/src/MultiModule.cpp: In member function ‚Äòvirtual int multi_module::ToolsModule::DisableWifi()‚Äô:
/root/workspace/workspace/parker-embeded-newtof/parker_sensors_group/multi_module/src/MultiModule.cpp:659:11: warning: ignoring return value of ‚Äòint system(const char*)‚Äô, declared with attribute warn_unused_result [-Wunused-result]
     system("rmmod dhd");
     ~~~~~~^~~~~~~~~~~~~
/root/workspace/workspace/parker-embeded-newtof/parker_sensors_group/multi_module/src/MultiModule.cpp: In member function ‚Äòint multi_module::ToolsModule::WifiAP(multi_module::PowerType, std::__cxx11::string, std::__cxx11::string)‚Äô:
/root/workspace/workspace/parker-embeded-newtof/parker_sensors_group/multi_module/src/MultiModule.cpp:910:11: warning: ignoring return value of ‚Äòint system(const char*)‚Äô, declared with attribute warn_unused_result [-Wunused-result]
     system("modprobe dhd");
     ~~~~~~^~~~~~~~~~~~~~~~
/root/workspace/workspace/parker-embeded-newtof/parker_sensors_group/multi_module/src/MultiModule.cpp:911:11: warning: ignoring return value of ‚Äòint system(const char*)‚Äô, declared with attribute warn_unused_result [-Wunused-result]
     system("sysctl net.ipv4.ip_forward=1");
     ~~~~~~^~~~~~~~~~~~~~~~~~~~~~~~~~~~~~~~
/root/workspace/workspace/parker-embeded-newtof/parker_sensors_group/multi_module/src/MultiModule.cpp:912:11: warning: ignoring return value of ‚Äòint system(const char*)‚Äô, declared with attribute warn_unused_result [-Wunused-result]
     system("iptables -t nat -A POSTROUTING -s 10.0.0.1/8 -o eth0 -j MASQUERADE");
     ~~~~~~^~~~~~~~~~~~~~~~~~~~~~~~~~~~~~~~~~~~~~~~~~~~~~~~~~~~~~~~~~~~~~~~~~~~~~
/root/workspace/workspace/parker-embeded-newtof/parker_sensors_group/multi_module/src/MultiModule.cpp:913:11: warning: ignoring return value of ‚Äòint system(const char*)‚Äô, declared with attribute warn_unused_result [-Wunused-result]
     system("nmcli radio wifi off");
     ~~~~~~^~~~~~~~~~~~~~~~~~~~~~~~
/root/workspace/workspace/parker-embeded-newtof/parker_sensors_group/multi_module/src/MultiModule.cpp:914:11: warning: ignoring return value of ‚Äòint system(const char*)‚Äô, declared with attribute warn_unused_result [-Wunused-result]
     system("rfkill unblock wlan");
     ~~~~~~^~~~~~~~~~~~~~~~~~~~~~~
/root/workspace/workspace/parker-embeded-newtof/parker_sensors_group/multi_module/src/MultiModule.cpp:915:11: warning: ignoring return value of ‚Äòint system(const char*)‚Äô, declared with attribute warn_unused_result [-Wunused-result]
     system("ifconfig wlan0 10.0.0.1 netmask 255.0.0.0 up");
     ~~~~~~^~~~~~~~~~~~~~~~~~~~~~~~~~~~~~~~~~~~~~~~~~~~~~~~
/root/workspace/workspace/parker-embeded-newtof/parker_sensors_group/multi_module/src/MultiModule.cpp:917:11: warning: ignoring return value of ‚Äòint system(const char*)‚Äô, declared with attribute warn_unused_result [-Wunused-result]
     system("service isc-dhcp-server restart");
     ~~~~~~^~~~~~~~~~~~~~~~~~~~~~~~~~~~~~~~~~~
/root/workspace/workspace/parker-embeded-newtof/parker_sensors_group/multi_module/src/MultiModule.cpp:918:11: warning: ignoring return value of ‚Äòint system(const char*)‚Äô, declared with attribute warn_unused_result [-Wunused-result]
     system("service hostapd restart");
     ~~~~~~^~~~~~~~~~~~~~~~~~~~~~~~~~~
/root/workspace/workspace/parker-embeded-newtof/parker_sensors_group/multi_module/src/MultiModule.cpp: In member function ‚Äòint multi_module::ToolsModule::WifiSTA(multi_module::PowerType, std::__cxx11::string, std::__cxx11::string)‚Äô:
/root/workspace/workspace/parker-embeded-newtof/parker_sensors_group/multi_module/src/MultiModule.cpp:928:11: warning: ignoring return value of ‚Äòint system(const char*)‚Äô, declared with attribute warn_unused_result [-Wunused-result]
     system("rmmod dhd");
     ~~~~~~^~~~~~~~~~~~~
/root/workspace/workspace/parker-embeded-newtof/parker_sensors_group/multi_module/src/MultiModule.cpp:929:11: warning: ignoring return value of ‚Äòint system(const char*)‚Äô, declared with attribute warn_unused_result [-Wunused-result]
     system("modprobe dhd");
     ~~~~~~^~~~~~~~~~~~~~~~
/root/workspace/workspace/parker-embeded-newtof/parker_sensors_group/multi_module/src/MultiModule.cpp:930:11: warning: ignoring return value of ‚Äòint system(const char*)‚Äô, declared with attribute warn_unused_result [-Wunused-result]
     system("rfkill unblock wlan");
     ~~~~~~^~~~~~~~~~~~~~~~~~~~~~~
/root/workspace/workspace/parker-embeded-newtof/parker_sensors_group/multi_module/src/MultiModule.cpp:931:11: warning: ignoring return value of ‚Äòint system(const char*)‚Äô, declared with attribute warn_unused_result [-Wunused-result]
     system("ifconfig wlan0 up");
     ~~~~~~^~~~~~~~~~~~~~~~~~~~~
/root/workspace/workspace/parker-embeded-newtof/parker_sensors_group/multi_module/src/MultiModule.cpp:932:11: warning: ignoring return value of ‚Äòint system(const char*)‚Äô, declared with attribute warn_unused_result [-Wunused-result]
     system("nmcli radio wifi on");
     ~~~~~~^~~~~~~~~~~~~~~~~~~~~~~
/root/workspace/workspace/parker-embeded-newtof/parker_sensors_group/multi_module/src/MultiModule.cpp:933:11: warning: ignoring return value of ‚Äòint system(const char*)‚Äô, declared with attribute warn_unused_result [-Wunused-result]
     system("rm -f /etc/NetworkManager/system-connections/*");
     ~~~~~~^~~~~~~~~~~~~~~~~~~~~~~~~~~~~~~~~~~~~~~~~~~~~~~~~~
/root/workspace/workspace/parker-embeded-newtof/parker_sensors_group/multi_module/src/MultiModule.cpp:937:11: warning: ignoring return value of ‚Äòint system(const char*)‚Äô, declared with attribute warn_unused_result [-Wunused-result]
     system(cmd);
     ~~~~~~^~~~~
/root/workspace/workspace/parker-embeded-newtof/parker_sensors_group/multi_module/src/MultiModule.cpp: In member function ‚Äòvirtual int multi_module::ToolsModule::ReadProductInfo(multi_module::NpuProductInfo&)‚Äô:
/root/workspace/workspace/parker-embeded-newtof/parker_sensors_group/multi_module/src/MultiModule.cpp:942:11: warning: ignoring return value of ‚Äòint system(const char*)‚Äô, declared with attribute warn_unused_result [-Wunused-result]
     system("echo usid > /sys/class/unifykeys/name");
     ~~~~~~^~~~~~~~~~~~~~~~~~~~~~~~~~~~~~~~~~~~~~~~~
/root/workspace/workspace/parker-embeded-newtof/parker_sensors_group/multi_module/src/MultiModule.cpp: In member function ‚Äòvirtual int multi_module::ToolsModule::WriteProductInfo(multi_module::NpuProductInfo&)‚Äô:
/root/workspace/workspace/parker-embeded-newtof/parker_sensors_group/multi_module/src/MultiModule.cpp:1024:9: warning: ignoring return value of ‚Äòint system(const char*)‚Äô, declared with attribute warn_unused_result [-Wunused-result]
   system("echo 1 > /sys/class/unifykeys/attach");
   ~~~~~~^~~~~~~~~~~~~~~~~~~~~~~~~~~~~~~~~~~~~~~~
/root/workspace/workspace/parker-embeded-newtof/parker_sensors_group/multi_module/src/MultiModule.cpp:1025:9: warning: ignoring return value of ‚Äòint system(const char*)‚Äô, declared with attribute warn_unused_result [-Wunused-result]
   system("echo usid > /sys/class/unifykeys/name");
   ~~~~~~^~~~~~~~~~~~~~~~~~~~~~~~~~~~~~~~~~~~~~~~~
/root/workspace/workspace/parker-embeded-newtof/parker_sensors_group/multi_module/src/MultiModule.cpp:1036:9: warning: ignoring return value of ‚Äòint system(const char*)‚Äô, declared with attribute warn_unused_result [-Wunused-result]
   system(cmd);
   ~~~~~~^~~~~
In file included from /root/workspace/workspace/parker-embeded-newtof/parker_sensors_group/sunnytof_module/src/SunnyTof.cpp:12:0:
/root/workspace/workspace/parker-embeded-newtof/parker_sensors_group/include/SunnyTofModule.hpp:44:71: error: ‚ÄòSunnyTofDepthData‚Äô is not a member of ‚Äòswr::sensor_types‚Äô
   virtual void RegisterCallBack(std::function<void(swr::sensor_types::SunnyTofDepthData &)> cb) = 0;
                                                                       ^~~~~~~~~~~~~~~~~
/root/workspace/workspace/parker-embeded-newtof/parker_sensors_group/include/SunnyTofModule.hpp:44:71: note: suggested alternative: ‚ÄòTofDepthData‚Äô
   virtual void RegisterCallBack(std::function<void(swr::sensor_types::SunnyTofDepthData &)> cb) = 0;
                                                                       ^~~~~~~~~~~~~~~~~
                                                                       TofDepthData
/root/workspace/workspace/parker-embeded-newtof/parker_sensors_group/include/SunnyTofModule.hpp:44:91: error: template argument 1 is invalid
   virtual void RegisterCallBack(std::function<void(swr::sensor_types::SunnyTofDepthData &)> cb) = 0;
                                                                                           ^
/root/workspace/workspace/parker-embeded-newtof/parker_sensors_group/include/SunnyTofModule.hpp:44:71: error: ‚ÄòSunnyTofDepthData‚Äô is not a member of ‚Äòswr::sensor_types‚Äô
   virtual void RegisterCallBack(std::function<void(swr::sensor_types::SunnyTofDepthData &)> cb) = 0;
                                                                       ^~~~~~~~~~~~~~~~~
/root/workspace/workspace/parker-embeded-newtof/parker_sensors_group/include/SunnyTofModule.hpp:44:71: note: suggested alternative: ‚ÄòTofDepthData‚Äô
   virtual void RegisterCallBack(std::function<void(swr::sensor_types::SunnyTofDepthData &)> cb) = 0;
                                                                       ^~~~~~~~~~~~~~~~~
                                                                       TofDepthData
/root/workspace/workspace/parker-embeded-newtof/parker_sensors_group/include/SunnyTofModule.hpp:44:91: error: template argument 1 is invalid
   virtual void RegisterCallBack(std::function<void(swr::sensor_types::SunnyTofDepthData &)> cb) = 0;
                                                                                           ^
/root/workspace/workspace/parker-embeded-newtof/parker_sensors_group/include/SunnyTofModule.hpp:44:71: error: ‚ÄòSunnyTofDepthData‚Äô is not a member of ‚Äòswr::sensor_types‚Äô
   virtual void RegisterCallBack(std::function<void(swr::sensor_types::SunnyTofDepthData &)> cb) = 0;
                                                                       ^~~~~~~~~~~~~~~~~
/root/workspace/workspace/parker-embeded-newtof/parker_sensors_group/include/SunnyTofModule.hpp:44:71: note: suggested alternative: ‚ÄòTofDepthData‚Äô
   virtual void RegisterCallBack(std::function<void(swr::sensor_types::SunnyTofDepthData &)> cb) = 0;
                                                                       ^~~~~~~~~~~~~~~~~
                                                                       TofDepthData
/root/workspace/workspace/parker-embeded-newtof/parker_sensors_group/include/SunnyTofModule.hpp:44:91: error: template argument 1 is invalid
   virtual void RegisterCallBack(std::function<void(swr::sensor_types::SunnyTofDepthData &)> cb) = 0;
                                                                                           ^
/root/workspace/workspace/parker-embeded-newtof/parker_sensors_group/include/SunnyTofModule.hpp:44:38: error: ‚Äòstd::function‚Äô is not a type
   virtual void RegisterCallBack(std::function<void(swr::sensor_types::SunnyTofDepthData &)> cb) = 0;
                                      ^~~~~~~~
/root/workspace/workspace/parker-embeded-newtof/parker_sensors_group/include/SunnyTofModule.hpp:44:46: error: expected ‚Äò,‚Äô or ‚Äò...‚Äô before ‚Äò<‚Äô token
   virtual void RegisterCallBack(std::function<void(swr::sensor_types::SunnyTofDepthData &)> cb) = 0;
                                              ^
/root/workspace/workspace/parker-embeded-newtof/parker_sensors_group/include/SunnyTofModule.hpp:49:77: error: ‚ÄòSunnyTofDepthData‚Äô is not a member of ‚Äòswr::sensor_types‚Äô
   virtual void RegisterSecondCallBack(std::function<void(swr::sensor_types::SunnyTofDepthData &)> cb) = 0;
                                                                             ^~~~~~~~~~~~~~~~~
/root/workspace/workspace/parker-embeded-newtof/parker_sensors_group/include/SunnyTofModule.hpp:49:77: note: suggested alternative: ‚ÄòTofDepthData‚Äô
   virtual void RegisterSecondCallBack(std::function<void(swr::sensor_types::SunnyTofDepthData &)> cb) = 0;
                                                                             ^~~~~~~~~~~~~~~~~
                                                                             TofDepthData
/root/workspace/workspace/parker-embeded-newtof/parker_sensors_group/include/SunnyTofModule.hpp:49:97: error: template argument 1 is invalid
   virtual void RegisterSecondCallBack(std::function<void(swr::sensor_types::SunnyTofDepthData &)> cb) = 0;
                                                                                                 ^
/root/workspace/workspace/parker-embeded-newtof/parker_sensors_group/include/SunnyTofModule.hpp:49:77: error: ‚ÄòSunnyTofDepthData‚Äô is not a member of ‚Äòswr::sensor_types‚Äô
   virtual void RegisterSecondCallBack(std::function<void(swr::sensor_types::SunnyTofDepthData &)> cb) = 0;
                                                                             ^~~~~~~~~~~~~~~~~
/root/workspace/workspace/parker-embeded-newtof/parker_sensors_group/include/SunnyTofModule.hpp:49:77: note: suggested alternative: ‚ÄòTofDepthData‚Äô
   virtual void RegisterSecondCallBack(std::function<void(swr::sensor_types::SunnyTofDepthData &)> cb) = 0;
                                                                             ^~~~~~~~~~~~~~~~~
                                                                             TofDepthData
/root/workspace/workspace/parker-embeded-newtof/parker_sensors_group/include/SunnyTofModule.hpp:49:97: error: template argument 1 is invalid
   virtual void RegisterSecondCallBack(std::function<void(swr::sensor_types::SunnyTofDepthData &)> cb) = 0;
                                                                                                 ^
/root/workspace/workspace/parker-embeded-newtof/parker_sensors_group/include/SunnyTofModule.hpp:49:77: error: ‚ÄòSunnyTofDepthData‚Äô is not a member of ‚Äòswr::sensor_types‚Äô
   virtual void RegisterSecondCallBack(std::function<void(swr::sensor_types::SunnyTofDepthData &)> cb) = 0;
                                                                             ^~~~~~~~~~~~~~~~~
/root/workspace/workspace/parker-embeded-newtof/parker_sensors_group/include/SunnyTofModule.hpp:49:77: note: suggested alternative: ‚ÄòTofDepthData‚Äô
   virtual void RegisterSecondCallBack(std::function<void(swr::sensor_types::SunnyTofDepthData &)> cb) = 0;
                                                                             ^~~~~~~~~~~~~~~~~
                                                                             TofDepthData
/root/workspace/workspace/parker-embeded-newtof/parker_sensors_group/include/SunnyTofModule.hpp:49:97: error: template argument 1 is invalid
   virtual void RegisterSecondCallBack(std::function<void(swr::sensor_types::SunnyTofDepthData &)> cb) = 0;
                                                                                                 ^
/root/workspace/workspace/parker-embeded-newtof/parker_sensors_group/include/SunnyTofModule.hpp:49:44: error: ‚Äòstd::function‚Äô is not a type
   virtual void RegisterSecondCallBack(std::function<void(swr::sensor_types::SunnyTofDepthData &)> cb) = 0;
                                            ^~~~~~~~
/root/workspace/workspace/parker-embeded-newtof/parker_sensors_group/include/SunnyTofModule.hpp:49:52: error: expected ‚Äò,‚Äô or ‚Äò...‚Äô before ‚Äò<‚Äô token
   virtual void RegisterSecondCallBack(std::function<void(swr::sensor_types::SunnyTofDepthData &)> cb) = 0;
                                                    ^
/root/workspace/workspace/parker-embeded-newtof/parker_sensors_group/sunnytof_module/src/SunnyTof.cpp:43:63: error: ‚ÄòSunnyTofDepthData‚Äô is not a member of ‚Äòswr::sensor_types‚Äô
   void RegisterCallBack(std::function<void(swr::sensor_types::SunnyTofDepthData &)> cb);        //Á¨¨‰∏Ä‰∏™sensorÁöÑÊï∞ÊçÆÂõûË∞É
                                                               ^~~~~~~~~~~~~~~~~
/root/workspace/workspace/parker-embeded-newtof/parker_sensors_group/sunnytof_module/src/SunnyTof.cpp:43:63: note: suggested alternative: ‚ÄòTofDepthData‚Äô
   void RegisterCallBack(std::function<void(swr::sensor_types::SunnyTofDepthData &)> cb);        //Á¨¨‰∏Ä‰∏™sensorÁöÑÊï∞ÊçÆÂõûË∞É
                                                               ^~~~~~~~~~~~~~~~~
                                                               TofDepthData
/root/workspace/workspace/parker-embeded-newtof/parker_sensors_group/sunnytof_module/src/SunnyTof.cpp:43:83: error: template argument 1 is invalid
   void RegisterCallBack(std::function<void(swr::sensor_types::SunnyTofDepthData &)> cb);        //Á¨¨‰∏Ä‰∏™sensorÁöÑÊï∞ÊçÆÂõûË∞É
                                                                                   ^
/root/workspace/workspace/parker-embeded-newtof/parker_sensors_group/sunnytof_module/src/SunnyTof.cpp:43:63: error: ‚ÄòSunnyTofDepthData‚Äô is not a member of ‚Äòswr::sensor_types‚Äô
   void RegisterCallBack(std::function<void(swr::sensor_types::SunnyTofDepthData &)> cb);        //Á¨¨‰∏Ä‰∏™sensorÁöÑÊï∞ÊçÆÂõûË∞É
                                                               ^~~~~~~~~~~~~~~~~
/root/workspace/workspace/parker-embeded-newtof/parker_sensors_group/sunnytof_module/src/SunnyTof.cpp:43:63: note: suggested alternative: ‚ÄòTofDepthData‚Äô
   void RegisterCallBack(std::function<void(swr::sensor_types::SunnyTofDepthData &)> cb);        //Á¨¨‰∏Ä‰∏™sensorÁöÑÊï∞ÊçÆÂõûË∞É
                                                               ^~~~~~~~~~~~~~~~~
                                                               TofDepthData
/root/workspace/workspace/parker-embeded-newtof/parker_sensors_group/sunnytof_module/src/SunnyTof.cpp:43:83: error: template argument 1 is invalid
   void RegisterCallBack(std::function<void(swr::sensor_types::SunnyTofDepthData &)> cb);        //Á¨¨‰∏Ä‰∏™sensorÁöÑÊï∞ÊçÆÂõûË∞É
                                                                                   ^
/root/workspace/workspace/parker-embeded-newtof/parker_sensors_group/sunnytof_module/src/SunnyTof.cpp:43:63: error: ‚ÄòSunnyTofDepthData‚Äô is not a member of ‚Äòswr::sensor_types‚Äô
   void RegisterCallBack(std::function<void(swr::sensor_types::SunnyTofDepthData &)> cb);        //Á¨¨‰∏Ä‰∏™sensorÁöÑÊï∞ÊçÆÂõûË∞É
                                                               ^~~~~~~~~~~~~~~~~
/root/workspace/workspace/parker-embeded-newtof/parker_sensors_group/sunnytof_module/src/SunnyTof.cpp:43:63: note: suggested alternative: ‚ÄòTofDepthData‚Äô
   void RegisterCallBack(std::function<void(swr::sensor_types::SunnyTofDepthData &)> cb);        //Á¨¨‰∏Ä‰∏™sensorÁöÑÊï∞ÊçÆÂõûË∞É
                                                               ^~~~~~~~~~~~~~~~~
                                                               TofDepthData
/root/workspace/workspace/parker-embeded-newtof/parker_sensors_group/sunnytof_module/src/SunnyTof.cpp:43:83: error: template argument 1 is invalid
   void RegisterCallBack(std::function<void(swr::sensor_types::SunnyTofDepthData &)> cb);        //Á¨¨‰∏Ä‰∏™sensorÁöÑÊï∞ÊçÆÂõûË∞É
                                                                                   ^
/root/workspace/workspace/parker-embeded-newtof/parker_sensors_group/sunnytof_module/src/SunnyTof.cpp:43:30: error: ‚Äòstd::function‚Äô is not a type
   void RegisterCallBack(std::function<void(swr::sensor_types::SunnyTofDepthData &)> cb);        //Á¨¨‰∏Ä‰∏™sensorÁöÑÊï∞ÊçÆÂõûË∞É
                              ^~~~~~~~
/root/workspace/workspace/parker-embeded-newtof/parker_sensors_group/sunnytof_module/src/SunnyTof.cpp:43:38: error: expected ‚Äò,‚Äô or ‚Äò...‚Äô before ‚Äò<‚Äô token
   void RegisterCallBack(std::function<void(swr::sensor_types::SunnyTofDepthData &)> cb);        //Á¨¨‰∏Ä‰∏™sensorÁöÑÊï∞ÊçÆÂõûË∞É
                                      ^
/root/workspace/workspace/parker-embeded-newtof/parker_sensors_group/sunnytof_module/src/SunnyTof.cpp:44:69: error: ‚ÄòSunnyTofDepthData‚Äô is not a member of ‚Äòswr::sensor_types‚Äô
   void RegisterSecondCallBack(std::function<void(swr::sensor_types::SunnyTofDepthData &)> cb);  //Á¨¨‰∫å‰∏™sensorÁöÑÊï∞ÊçÆÂõûË∞É
                                                                     ^~~~~~~~~~~~~~~~~
/root/workspace/workspace/parker-embeded-newtof/parker_sensors_group/sunnytof_module/src/SunnyTof.cpp:44:69: note: suggested alternative: ‚ÄòTofDepthData‚Äô
   void RegisterSecondCallBack(std::function<void(swr::sensor_types::SunnyTofDepthData &)> cb);  //Á¨¨‰∫å‰∏™sensorÁöÑÊï∞ÊçÆÂõûË∞É
                                                                     ^~~~~~~~~~~~~~~~~
                                                                     TofDepthData
/root/workspace/workspace/parker-embeded-newtof/parker_sensors_group/sunnytof_module/src/SunnyTof.cpp:44:89: error: template argument 1 is invalid
   void RegisterSecondCallBack(std::function<void(swr::sensor_types::SunnyTofDepthData &)> cb);  //Á¨¨‰∫å‰∏™sensorÁöÑÊï∞ÊçÆÂõûË∞É
                                                                                         ^
/root/workspace/workspace/parker-embeded-newtof/parker_sensors_group/sunnytof_module/src/SunnyTof.cpp:44:69: error: ‚ÄòSunnyTofDepthData‚Äô is not a member of ‚Äòswr::sensor_types‚Äô
   void RegisterSecondCallBack(std::function<void(swr::sensor_types::SunnyTofDepthData &)> cb);  //Á¨¨‰∫å‰∏™sensorÁöÑÊï∞ÊçÆÂõûË∞É
                                                                     ^~~~~~~~~~~~~~~~~
/root/workspace/workspace/parker-embeded-newtof/parker_sensors_group/sunnytof_module/src/SunnyTof.cpp:44:69: note: suggested alternative: ‚ÄòTofDepthData‚Äô
   void RegisterSecondCallBack(std::function<void(swr::sensor_types::SunnyTofDepthData &)> cb);  //Á¨¨‰∫å‰∏™sensorÁöÑÊï∞ÊçÆÂõûË∞É
                                                                     ^~~~~~~~~~~~~~~~~
                                                                     TofDepthData
/root/workspace/workspace/parker-embeded-newtof/parker_sensors_group/sunnytof_module/src/SunnyTof.cpp:44:89: error: template argument 1 is invalid
   void RegisterSecondCallBack(std::function<void(swr::sensor_types::SunnyTofDepthData &)> cb);  //Á¨¨‰∫å‰∏™sensorÁöÑÊï∞ÊçÆÂõûË∞É
                                                                                         ^
/root/workspace/workspace/parker-embeded-newtof/parker_sensors_group/sunnytof_module/src/SunnyTof.cpp:44:69: error: ‚ÄòSunnyTofDepthData‚Äô is not a member of ‚Äòswr::sensor_types‚Äô
   void RegisterSecondCallBack(std::function<void(swr::sensor_types::SunnyTofDepthData &)> cb);  //Á¨¨‰∫å‰∏™sensorÁöÑÊï∞ÊçÆÂõûË∞É
                                                                     ^~~~~~~~~~~~~~~~~
/root/workspace/workspace/parker-embeded-newtof/parker_sensors_group/sunnytof_module/src/SunnyTof.cpp:44:69: note: suggested alternative: ‚ÄòTofDepthData‚Äô
   void RegisterSecondCallBack(std::function<void(swr::sensor_types::SunnyTofDepthData &)> cb);  //Á¨¨‰∫å‰∏™sensorÁöÑÊï∞ÊçÆÂõûË∞É
                                                                     ^~~~~~~~~~~~~~~~~
                                                                     TofDepthData
/root/workspace/workspace/parker-embeded-newtof/parker_sensors_group/sunnytof_module/src/SunnyTof.cpp:44:89: error: template argument 1 is invalid
   void RegisterSecondCallBack(std::function<void(swr::sensor_types::SunnyTofDepthData &)> cb);  //Á¨¨‰∫å‰∏™sensorÁöÑÊï∞ÊçÆÂõûË∞É
                                                                                         ^
/root/workspace/workspace/parker-embeded-newtof/parker_sensors_group/sunnytof_module/src/SunnyTof.cpp:44:36: error: ‚Äòstd::function‚Äô is not a type
   void RegisterSecondCallBack(std::function<void(swr::sensor_types::SunnyTofDepthData &)> cb);  //Á¨¨‰∫å‰∏™sensorÁöÑÊï∞ÊçÆÂõûË∞É
                                    ^~~~~~~~
/root/workspace/workspace/parker-embeded-newtof/parker_sensors_group/sunnytof_module/src/SunnyTof.cpp:44:44: error: expected ‚Äò,‚Äô or ‚Äò...‚Äô before ‚Äò<‚Äô token
   void RegisterSecondCallBack(std::function<void(swr::sensor_types::SunnyTofDepthData &)> cb);  //Á¨¨‰∫å‰∏™sensorÁöÑÊï∞ÊçÆÂõûË∞É
                                            ^
/root/workspace/workspace/parker-embeded-newtof/parker_sensors_group/sunnytof_module/src/SunnyTof.cpp:52:41: error: ‚ÄòSunnyTofDepthData‚Äô is not a member of ‚Äòswr::sensor_types‚Äô
   std::function<void(swr::sensor_types::SunnyTofDepthData &)> pDepthData;
                                         ^~~~~~~~~~~~~~~~~
/root/workspace/workspace/parker-embeded-newtof/parker_sensors_group/sunnytof_module/src/SunnyTof.cpp:52:41: note: suggested alternative: ‚ÄòTofDepthData‚Äô
   std::function<void(swr::sensor_types::SunnyTofDepthData &)> pDepthData;
                                         ^~~~~~~~~~~~~~~~~
                                         TofDepthData
/root/workspace/workspace/parker-embeded-newtof/parker_sensors_group/sunnytof_module/src/SunnyTof.cpp:52:61: error: template argument 1 is invalid
   std::function<void(swr::sensor_types::SunnyTofDepthData &)> pDepthData;
                                                             ^
/root/workspace/workspace/parker-embeded-newtof/parker_sensors_group/sunnytof_module/src/SunnyTof.cpp:53:41: error: ‚ÄòSunnyTofDepthData‚Äô is not a member of ‚Äòswr::sensor_types‚Äô
   std::function<void(swr::sensor_types::SunnyTofDepthData &)> pDepthDataSecond;  //Á¨¨‰∫åÂè∞tofÁöÑÊï∞ÊçÆÂõûË∞É
                                         ^~~~~~~~~~~~~~~~~
/root/workspace/workspace/parker-embeded-newtof/parker_sensors_group/sunnytof_module/src/SunnyTof.cpp:53:41: note: suggested alternative: ‚ÄòTofDepthData‚Äô
   std::function<void(swr::sensor_types::SunnyTofDepthData &)> pDepthDataSecond;  //Á¨¨‰∫åÂè∞tofÁöÑÊï∞ÊçÆÂõûË∞É
                                         ^~~~~~~~~~~~~~~~~
                                         TofDepthData
/root/workspace/workspace/parker-embeded-newtof/parker_sensors_group/sunnytof_module/src/SunnyTof.cpp:53:61: error: template argument 1 is invalid
   std::function<void(swr::sensor_types::SunnyTofDepthData &)> pDepthDataSecond;  //Á¨¨‰∫åÂè∞tofÁöÑÊï∞ÊçÆÂõûË∞É
                                                             ^
/root/workspace/workspace/parker-embeded-newtof/parker_sensors_group/sunnytof_module/src/SunnyTof.cpp: In constructor ‚ÄòHST006Tof::SunnyTof::SunnyTof()‚Äô:
/root/workspace/workspace/parker-embeded-newtof/parker_sensors_group/sunnytof_module/src/SunnyTof.cpp:131:16: error: cannot convert ‚Äòstd::nullptr_t‚Äô to ‚Äòint‚Äô in assignment
   pDepthData = nullptr;
                ^~~~~~~
/root/workspace/workspace/parker-embeded-newtof/parker_sensors_group/sunnytof_module/src/SunnyTof.cpp:132:22: error: cannot convert ‚Äòstd::nullptr_t‚Äô to ‚Äòint‚Äô in assignment
   pDepthDataSecond = nullptr;
                      ^~~~~~~
/root/workspace/workspace/parker-embeded-newtof/parker_sensors_group/sunnytof_module/src/SunnyTof.cpp: In destructor ‚Äòvirtual HST006Tof::SunnyTof::~SunnyTof()‚Äô:
/root/workspace/workspace/parker-embeded-newtof/parker_sensors_group/sunnytof_module/src/SunnyTof.cpp:168:16: error: cannot convert ‚Äòstd::nullptr_t‚Äô to ‚Äòint‚Äô in assignment
   pDepthData = nullptr;
                ^~~~~~~
/root/workspace/workspace/parker-embeded-newtof/parker_sensors_group/sunnytof_module/src/SunnyTof.cpp:169:22: error: cannot convert ‚Äòstd::nullptr_t‚Äô to ‚Äòint‚Äô in assignment
   pDepthDataSecond = nullptr;
                      ^~~~~~~
/root/workspace/workspace/parker-embeded-newtof/parker_sensors_group/sunnytof_module/src/SunnyTof.cpp: In static member function ‚Äòstatic void HST006Tof::SunnyTof::TofDataCallBack(TofFrameData*, void*)‚Äô:
/root/workspace/workspace/parker-embeded-newtof/parker_sensors_group/sunnytof_module/src/SunnyTof.cpp:362:22: error: ‚ÄòSunnyTofDepthData‚Äô is not a member of ‚Äòswr::sensor_types‚Äô
   swr::sensor_types::SunnyTofDepthData depthData;
                      ^~~~~~~~~~~~~~~~~
/root/workspace/workspace/parker-embeded-newtof/parker_sensors_group/sunnytof_module/src/SunnyTof.cpp:362:22: note: suggested alternative: ‚ÄòTofDepthData‚Äô
   swr::sensor_types::SunnyTofDepthData depthData;
                      ^~~~~~~~~~~~~~~~~
                      TofDepthData
/root/workspace/workspace/parker-embeded-newtof/parker_sensors_group/sunnytof_module/src/SunnyTof.cpp:363:3: error: ‚ÄòdepthData‚Äô was not declared in this scope
   depthData.width = tofFrameData->frameWidth;
   ^~~~~~~~~
/root/workspace/workspace/parker-embeded-newtof/parker_sensors_group/sunnytof_module/src/SunnyTof.cpp:363:3: note: suggested alternative: ‚ÄòpDepthData‚Äô
   depthData.width = tofFrameData->frameWidth;
   ^~~~~~~~~
   pDepthData
/root/workspace/workspace/parker-embeded-newtof/parker_sensors_group/sunnytof_module/src/SunnyTof.cpp:397:26: error: invalid operands of types ‚Äòint‚Äô and ‚Äòstd::nullptr_t‚Äô to binary ‚Äòoperator!=‚Äô
   if (device->pDepthData != nullptr) {
       ~~~~~~~~~~~~~~~~~~~^~~~~~~~~~
/root/workspace/workspace/parker-embeded-newtof/parker_sensors_group/sunnytof_module/src/SunnyTof.cpp:399:33: error: expression cannot be used as a function
     device->pDepthData(depthData);
                                 ^
/root/workspace/workspace/parker-embeded-newtof/parker_sensors_group/sunnytof_module/src/SunnyTof.cpp: In static member function ‚Äòstatic void HST006Tof::SunnyTof::SecondTofDataCallBack(TofFrameData*, void*)‚Äô:
/root/workspace/workspace/parker-embeded-newtof/parker_sensors_group/sunnytof_module/src/SunnyTof.cpp:410:22: error: ‚ÄòSunnyTofDepthData‚Äô is not a member of ‚Äòswr::sensor_types‚Äô
   swr::sensor_types::SunnyTofDepthData depthData;
                      ^~~~~~~~~~~~~~~~~
/root/workspace/workspace/parker-embeded-newtof/parker_sensors_group/sunnytof_module/src/SunnyTof.cpp:410:22: note: suggested alternative: ‚ÄòTofDepthData‚Äô
   swr::sensor_types::SunnyTofDepthData depthData;
                      ^~~~~~~~~~~~~~~~~
                      TofDepthData
/root/workspace/workspace/parker-embeded-newtof/parker_sensors_group/sunnytof_module/src/SunnyTof.cpp:411:3: error: ‚ÄòdepthData‚Äô was not declared in this scope
   depthData.width = tofFrameData->frameWidth;
   ^~~~~~~~~
/root/workspace/workspace/parker-embeded-newtof/parker_sensors_group/sunnytof_module/src/SunnyTof.cpp:411:3: note: suggested alternative: ‚ÄòpDepthData‚Äô
   depthData.width = tofFrameData->frameWidth;
   ^~~~~~~~~
   pDepthData
/root/workspace/workspace/parker-embeded-newtof/parker_sensors_group/sunnytof_module/src/SunnyTof.cpp:425:32: error: invalid operands of types ‚Äòint‚Äô and ‚Äòstd::nullptr_t‚Äô to binary ‚Äòoperator!=‚Äô
   if (device->pDepthDataSecond != nullptr) {
       ~~~~~~~~~~~~~~~~~~~~~~~~~^~~~~~~~~~
/root/workspace/workspace/parker-embeded-newtof/parker_sensors_group/sunnytof_module/src/SunnyTof.cpp:426:39: error: expression cannot be used as a function
     device->pDepthDataSecond(depthData);
                                       ^
/root/workspace/workspace/parker-embeded-newtof/parker_sensors_group/sunnytof_module/src/SunnyTof.cpp: In member function ‚Äòvoid HST006Tof::SunnyTof::RecvTofData()‚Äô:
/root/workspace/workspace/parker-embeded-newtof/parker_sensors_group/sunnytof_module/src/SunnyTof.cpp:432:16: warning: unused variable ‚ÄòtmpSerialNum‚Äô [-Wunused-variable]
   DeviceSerial tmpSerialNum;
                ^~~~~~~~~~~~
/root/workspace/workspace/parker-embeded-newtof/parker_sensors_group/sunnytof_module/src/SunnyTof.cpp: In member function ‚Äòbool HST006Tof::SunnyTof::FindTofDeviec()‚Äô:
/root/workspace/workspace/parker-embeded-newtof/parker_sensors_group/sunnytof_module/src/SunnyTof.cpp:502:12: warning: unused variable ‚Äòdev_index‚Äô [-Wunused-variable]
   uint32_t dev_index = 0;
            ^~~~~~~~~
/root/workspace/workspace/parker-embeded-newtof/parker_sensors_group/sunnytof_module/src/SunnyTof.cpp: In member function ‚Äòbool HST006Tof::SunnyTof::StartTofDevice()‚Äô:
/root/workspace/workspace/parker-embeded-newtof/parker_sensors_group/sunnytof_module/src/SunnyTof.cpp:510:21: warning: comparison between signed and unsigned integer expressions [-Wsign-compare]
   for (int i = 0; i < dev_num; i++) {
                   ~~^~~~~~~~~
/root/workspace/workspace/parker-embeded-newtof/parker_sensors_group/sunnytof_module/src/SunnyTof.cpp: In member function ‚Äòvirtual bool HST006Tof::SunnyTof::Stop()‚Äô:
/root/workspace/workspace/parker-embeded-newtof/parker_sensors_group/sunnytof_module/src/SunnyTof.cpp:606:21: warning: comparison between signed and unsigned integer expressions [-Wsign-compare]
   for (int i = 0; i < dev_num; i++)
                   ~~^~~~~~~~~
/root/workspace/workspace/parker-embeded-newtof/parker_sensors_group/sunnytof_module/src/SunnyTof.cpp:609:21: warning: comparison between signed and unsigned integer expressions [-Wsign-compare]
   for (int i = 0; i < dev_num; i++)
                   ~~^~~~~~~~~
/root/workspace/workspace/parker-embeded-newtof/parker_sensors_group/sunnytof_module/src/SunnyTof.cpp:613:21: warning: comparison between signed and unsigned integer expressions [-Wsign-compare]
   for (int i = 0; i < dev_num; i++)
                   ~~^~~~~~~~~
/root/workspace/workspace/parker-embeded-newtof/parker_sensors_group/sunnytof_module/src/SunnyTof.cpp:632:16: error: cannot convert ‚Äòstd::nullptr_t‚Äô to ‚Äòint‚Äô in assignment
   pDepthData = nullptr;
                ^~~~~~~
/root/workspace/workspace/parker-embeded-newtof/parker_sensors_group/sunnytof_module/src/SunnyTof.cpp:633:22: error: cannot convert ‚Äòstd::nullptr_t‚Äô to ‚Äòint‚Äô in assignment
   pDepthDataSecond = nullptr;
                      ^~~~~~~
/root/workspace/workspace/parker-embeded-newtof/parker_sensors_group/sunnytof_module/src/SunnyTof.cpp:636:1: warning: no return statement in function returning non-void [-Wreturn-type]
 }
 ^
/root/workspace/workspace/parker-embeded-newtof/parker_sensors_group/sunnytof_module/src/SunnyTof.cpp: At global scope:
/root/workspace/workspace/parker-embeded-newtof/parker_sensors_group/sunnytof_module/src/SunnyTof.cpp:639:71: error: ‚ÄòSunnyTofDepthData‚Äô is not a member of ‚Äòswr::sensor_types‚Äô
 void SunnyTof::RegisterCallBack(std::function<void(swr::sensor_types::SunnyTofDepthData &)> cb) {
                                                                       ^~~~~~~~~~~~~~~~~
/root/workspace/workspace/parker-embeded-newtof/parker_sensors_group/sunnytof_module/src/SunnyTof.cpp:639:71: note: suggested alternative: ‚ÄòTofDepthData‚Äô
 void SunnyTof::RegisterCallBack(std::function<void(swr::sensor_types::SunnyTofDepthData &)> cb) {
                                                                       ^~~~~~~~~~~~~~~~~
                                                                       TofDepthData
/root/workspace/workspace/parker-embeded-newtof/parker_sensors_group/sunnytof_module/src/SunnyTof.cpp:639:91: error: template argument 1 is invalid
 void SunnyTof::RegisterCallBack(std::function<void(swr::sensor_types::SunnyTofDepthData &)> cb) {
                                                                                           ^
/root/workspace/workspace/parker-embeded-newtof/parker_sensors_group/sunnytof_module/src/SunnyTof.cpp:639:71: error: ‚ÄòSunnyTofDepthData‚Äô is not a member of ‚Äòswr::sensor_types‚Äô
 void SunnyTof::RegisterCallBack(std::function<void(swr::sensor_types::SunnyTofDepthData &)> cb) {
                                                                       ^~~~~~~~~~~~~~~~~
/root/workspace/workspace/parker-embeded-newtof/parker_sensors_group/sunnytof_module/src/SunnyTof.cpp:639:71: note: suggested alternative: ‚ÄòTofDepthData‚Äô
 void SunnyTof::RegisterCallBack(std::function<void(swr::sensor_types::SunnyTofDepthData &)> cb) {
                                                                       ^~~~~~~~~~~~~~~~~
                                                                       TofDepthData
/root/workspace/workspace/parker-embeded-newtof/parker_sensors_group/sunnytof_module/src/SunnyTof.cpp:639:91: error: template argument 1 is invalid
 void SunnyTof::RegisterCallBack(std::function<void(swr::sensor_types::SunnyTofDepthData &)> cb) {
                                                                                           ^
/root/workspace/workspace/parker-embeded-newtof/parker_sensors_group/sunnytof_module/src/SunnyTof.cpp:639:71: error: ‚ÄòSunnyTofDepthData‚Äô is not a member of ‚Äòswr::sensor_types‚Äô
 void SunnyTof::RegisterCallBack(std::function<void(swr::sensor_types::SunnyTofDepthData &)> cb) {
                                                                       ^~~~~~~~~~~~~~~~~
/root/workspace/workspace/parker-embeded-newtof/parker_sensors_group/sunnytof_module/src/SunnyTof.cpp:639:71: note: suggested alternative: ‚ÄòTofDepthData‚Äô
 void SunnyTof::RegisterCallBack(std::function<void(swr::sensor_types::SunnyTofDepthData &)> cb) {
                                                                       ^~~~~~~~~~~~~~~~~
                                                                       TofDepthData
/root/workspace/workspace/parker-embeded-newtof/parker_sensors_group/sunnytof_module/src/SunnyTof.cpp:639:91: error: template argument 1 is invalid
 void SunnyTof::RegisterCallBack(std::function<void(swr::sensor_types::SunnyTofDepthData &)> cb) {
                                                                                           ^
/root/workspace/workspace/parker-embeded-newtof/parker_sensors_group/sunnytof_module/src/SunnyTof.cpp:639:38: error: variable or field ‚ÄòRegisterCallBack‚Äô declared void
 void SunnyTof::RegisterCallBack(std::function<void(swr::sensor_types::SunnyTofDepthData &)> cb) {
                                      ^~~~~~~~
/root/workspace/workspace/parker-embeded-newtof/parker_sensors_group/sunnytof_module/src/SunnyTof.cpp:639:71: error: ‚ÄòSunnyTofDepthData‚Äô is not a member of ‚Äòswr::sensor_types‚Äô
 void SunnyTof::RegisterCallBack(std::function<void(swr::sensor_types::SunnyTofDepthData &)> cb) {
                                                                       ^~~~~~~~~~~~~~~~~
/root/workspace/workspace/parker-embeded-newtof/parker_sensors_group/sunnytof_module/src/SunnyTof.cpp:639:71: note: suggested alternative: ‚ÄòTofDepthData‚Äô
 void SunnyTof::RegisterCallBack(std::function<void(swr::sensor_types::SunnyTofDepthData &)> cb) {
                                                                       ^~~~~~~~~~~~~~~~~
                                                                       TofDepthData
/root/workspace/workspace/parker-embeded-newtof/parker_sensors_group/sunnytof_module/src/SunnyTof.cpp:639:91: error: template argument 1 is invalid
 void SunnyTof::RegisterCallBack(std::function<void(swr::sensor_types::SunnyTofDepthData &)> cb) {
                                                                                           ^
/root/workspace/workspace/parker-embeded-newtof/parker_sensors_group/sunnytof_module/src/SunnyTof.cpp:645:77: error: ‚ÄòSunnyTofDepthData‚Äô is not a member of ‚Äòswr::sensor_types‚Äô
 void SunnyTof::RegisterSecondCallBack(std::function<void(swr::sensor_types::SunnyTofDepthData &)> cb) {
                                                                             ^~~~~~~~~~~~~~~~~
/root/workspace/workspace/parker-embeded-newtof/parker_sensors_group/sunnytof_module/src/SunnyTof.cpp:645:77: note: suggested alternative: ‚ÄòTofDepthData‚Äô
 void SunnyTof::RegisterSecondCallBack(std::function<void(swr::sensor_types::SunnyTofDepthData &)> cb) {
                                                                             ^~~~~~~~~~~~~~~~~
                                                                             TofDepthData
/root/workspace/workspace/parker-embeded-newtof/parker_sensors_group/sunnytof_module/src/SunnyTof.cpp:645:97: error: template argument 1 is invalid
 void SunnyTof::RegisterSecondCallBack(std::function<void(swr::sensor_types::SunnyTofDepthData &)> cb) {
                                                                                                 ^
/root/workspace/workspace/parker-embeded-newtof/parker_sensors_group/sunnytof_module/src/SunnyTof.cpp:645:77: error: ‚ÄòSunnyTofDepthData‚Äô is not a member of ‚Äòswr::sensor_types‚Äô
 void SunnyTof::RegisterSecondCallBack(std::function<void(swr::sensor_types::SunnyTofDepthData &)> cb) {
                                                                             ^~~~~~~~~~~~~~~~~
/root/workspace/workspace/parker-embeded-newtof/parker_sensors_group/sunnytof_module/src/SunnyTof.cpp:645:77: note: suggested alternative: ‚ÄòTofDepthData‚Äô
 void SunnyTof::RegisterSecondCallBack(std::function<void(swr::sensor_types::SunnyTofDepthData &)> cb) {
                                                                             ^~~~~~~~~~~~~~~~~
                                                                             TofDepthData
/root/workspace/workspace/parker-embeded-newtof/parker_sensors_group/sunnytof_module/src/SunnyTof.cpp:645:97: error: template argument 1 is invalid
 void SunnyTof::RegisterSecondCallBack(std::function<void(swr::sensor_types::SunnyTofDepthData &)> cb) {
                                                                                                 ^
/root/workspace/workspace/parker-embeded-newtof/parker_sensors_group/sunnytof_module/src/SunnyTof.cpp:645:77: error: ‚ÄòSunnyTofDepthData‚Äô is not a member of ‚Äòswr::sensor_types‚Äô
 void SunnyTof::RegisterSecondCallBack(std::function<void(swr::sensor_types::SunnyTofDepthData &)> cb) {
                                                                             ^~~~~~~~~~~~~~~~~
/root/workspace/workspace/parker-embeded-newtof/parker_sensors_group/sunnytof_module/src/SunnyTof.cpp:645:77: note: suggested alternative: ‚ÄòTofDepthData‚Äô
 void SunnyTof::RegisterSecondCallBack(std::function<void(swr::sensor_types::SunnyTofDepthData &)> cb) {
                                                                             ^~~~~~~~~~~~~~~~~
                                                                             TofDepthData
/root/workspace/workspace/parker-embeded-newtof/parker_sensors_group/sunnytof_module/src/SunnyTof.cpp:645:97: error: template argument 1 is invalid
 void SunnyTof::RegisterSecondCallBack(std::function<void(swr::sensor_types::SunnyTofDepthData &)> cb) {
                                                                                                 ^
/root/workspace/workspace/parker-embeded-newtof/parker_sensors_group/sunnytof_module/src/SunnyTof.cpp:645:44: error: variable or field ‚ÄòRegisterSecondCallBack‚Äô declared void
 void SunnyTof::RegisterSecondCallBack(std::function<void(swr::sensor_types::SunnyTofDepthData &)> cb) {
                                            ^~~~~~~~
/root/workspace/workspace/parker-embeded-newtof/parker_sensors_group/sunnytof_module/src/SunnyTof.cpp:645:77: error: ‚ÄòSunnyTofDepthData‚Äô is not a member of ‚Äòswr::sensor_types‚Äô
 void SunnyTof::RegisterSecondCallBack(std::function<void(swr::sensor_types::SunnyTofDepthData &)> cb) {
                                                                             ^~~~~~~~~~~~~~~~~
/root/workspace/workspace/parker-embeded-newtof/parker_sensors_group/sunnytof_module/src/SunnyTof.cpp:645:77: note: suggested alternative: ‚ÄòTofDepthData‚Äô
 void SunnyTof::RegisterSecondCallBack(std::function<void(swr::sensor_types::SunnyTofDepthData &)> cb) {
                                                                             ^~~~~~~~~~~~~~~~~
                                                                             TofDepthData
/root/workspace/workspace/parker-embeded-newtof/parker_sensors_group/sunnytof_module/src/SunnyTof.cpp:645:97: error: template argument 1 is invalid
 void SunnyTof::RegisterSecondCallBack(std::function<void(swr::sensor_types::SunnyTofDepthData &)> cb) {
                                                                                                 ^
/root/workspace/workspace/parker-embeded-newtof/parker_sensors_group/sunnytof_module/src/SunnyTof.cpp: In member function ‚Äòbool HST006Tof::SunnyTof::ExportGpio()‚Äô:
/root/workspace/workspace/parker-embeded-newtof/parker_sensors_group/sunnytof_module/src/SunnyTof.cpp:207:10: warning: ignoring return value of ‚Äòsize_t fread(void*, size_t, size_t, FILE*)‚Äô, declared with attribute warn_unused_result [-Wunused-result]
     fread(buff, 1, 16, fp);
     ~~~~~^~~~~~~~~~~~~~~~~
/root/workspace/workspace/parker-embeded-newtof/parker_sensors_group/sunnytof_module/src/SunnyTof.cpp:212:13: warning: ignoring return value of ‚Äòint system(const char*)‚Äô, declared with attribute warn_unused_result [-Wunused-result]
       system("echo out > /sys/class/gpio/gpio423/direction");
       ~~~~~~^~~~~~~~~~~~~~~~~~~~~~~~~~~~~~~~~~~~~~~~~~~~~~~~
/root/workspace/workspace/parker-embeded-newtof/parker_sensors_group/sunnytof_module/src/SunnyTof.cpp: In member function ‚Äòbool HST006Tof::SunnyTof::UnexportGpio()‚Äô:
/root/workspace/workspace/parker-embeded-newtof/parker_sensors_group/sunnytof_module/src/SunnyTof.cpp:223:11: warning: ignoring return value of ‚Äòint system(const char*)‚Äô, declared with attribute warn_unused_result [-Wunused-result]
     system("echo 0 > /sys/class/gpio/gpio423/value");
     ~~~~~~^~~~~~~~~~~~~~~~~~~~~~~~~~~~~~~~~~~~~~~~~~
/root/workspace/workspace/parker-embeded-newtof/parker_sensors_group/sunnytof_module/src/SunnyTof.cpp:224:11: warning: ignoring return value of ‚Äòint system(const char*)‚Äô, declared with attribute warn_unused_result [-Wunused-result]
     system("echo 423 > /sys/class/gpio/unexport");
     ~~~~~~^~~~~~~~~~~~~~~~~~~~~~~~~~~~~~~~~~~~~~~
/root/workspace/workspace/parker-embeded-newtof/parker_sensors_group/sunnytof_module/src/SunnyTof.cpp: In member function ‚Äòvoid HST006Tof::SunnyTof::UsbPower(bool)‚Äô:
/root/workspace/workspace/parker-embeded-newtof/parker_sensors_group/sunnytof_module/src/SunnyTof.cpp:239:11: warning: ignoring return value of ‚Äòint system(const char*)‚Äô, declared with attribute warn_unused_result [-Wunused-result]
     system("echo 1 > /sys/class/gpio/gpio423/value");
     ~~~~~~^~~~~~~~~~~~~~~~~~~~~~~~~~~~~~~~~~~~~~~~~~
/root/workspace/workspace/parker-embeded-newtof/parker_sensors_group/sunnytof_module/src/SunnyTof.cpp:242:11: warning: ignoring return value of ‚Äòint system(const char*)‚Äô, declared with attribute warn_unused_result [-Wunused-result]
     system("echo 0 > /sys/class/gpio/gpio423/value");
     ~~~~~~^~~~~~~~~~~~~~~~~~~~~~~~~~~~~~~~~~~~~~~~~~
/root/workspace/workspace/parker-embeded-newtof/parker_sensors_group/sunnytof_module/src/SunnyTof.cpp: In member function ‚Äòvirtual bool HST006Tof::SunnyTof::Init()‚Äô:
/root/workspace/workspace/parker-embeded-newtof/parker_sensors_group/sunnytof_module/src/SunnyTof.cpp:479:8: warning: ignoring return value of ‚Äòsize_t fread(void*, size_t, size_t, FILE*)‚Äô, declared with attribute warn_unused_result [-Wunused-result]
   fread(platForm, 1, 64, fp);
   ~~~~~^~~~~~~~~~~~~~~~~~~~~
/root/workspace/workspace/parker-embeded-newtof/parker_sensors_group/sunnytof_module/src/SunnyTof.cpp: In member function ‚Äòvirtual bool HST006Tof::SunnyTof::Start()‚Äô:
/root/workspace/workspace/parker-embeded-newtof/parker_sensors_group/sunnytof_module/src/SunnyTof.cpp:598:1: warning: control reaches end of non-void function [-Wreturn-type]
 }
 ^
sunnytof_module/src/CMakeFiles/sunnytof_module.dir/build.make:62: recipe for target 'sunnytof_module/src/CMakeFiles/sunnytof_module.dir/SunnyTof.cpp.o' failed
make[2]: *** [sunnytof_module/src/CMakeFiles/sunnytof_module.dir/SunnyTof.cpp.o] Error 1
CMakeFiles/Makefile2:1185: recipe for target 'sunnytof_module/src/CMakeFiles/sunnytof_module.dir/all' failed
make[1]: *** [sunnytof_module/src/CMakeFiles/sunnytof_module.dir/all] Error 2
make[1]: *** Ê≠£Âú®Á≠âÂæÖÊú™ÂÆåÊàêÁöÑ‰ªªÂä°....
[ 89%] Building CXX object multi_module/sample/CMakeFiles/multi_main.dir/__/src/MultiModuleDriver.cpp.o
/root/workspace/workspace/parker-embeded-newtof/parker_sensors_group/multi_module/src/MultiModuleDriver.cpp: In member function ‚Äòint multi_module::MultiModuleDriver::Init(const string&)‚Äô:
/root/workspace/workspace/parker-embeded-newtof/parker_sensors_group/multi_module/src/MultiModuleDriver.cpp:28:27: warning: passing NULL to non-pointer argument 2 of ‚Äòint access(const char*, int)‚Äô [-Wconversion-null]
   if (access(DirName, NULL) != 0) {
                           ^
/root/workspace/workspace/parker-embeded-newtof/parker_sensors_group/usbtof_module/sample/usbtof_main.cpp:67:13: warning: ‚Äòvoid writePointCloud(std::__cxx11::string, swr::sensor_types::TofPoinCloud*, size_t)‚Äô defined but not used [-Wunused-function]
 static void writePointCloud(std::string filename,
             ^~~~~~~~~~~~~~~
/root/workspace/workspace/parker-embeded-newtof/parker_sensors_group/usbtof_module/sample/usbtof_main.cpp:46:13: warning: ‚Äòvoid writeDepthData(std::__cxx11::string, swr::sensor_types::TofDepthData*, unsigned int)‚Äô defined but not used [-Wunused-function]
 static void writeDepthData(std::string filename,
             ^~~~~~~~~~~~~~
[ 89%] Linking CXX executable ../../../install/bin/usbtof_main
[ 89%] Built target usbtof_main
[ 90%] Building CXX object multi_module/sample/CMakeFiles/multi_main.dir/multi_main.cpp.o
[ 91%] Building CXX object lidar_module/src/CMakeFiles/lidar_module.dir/LidarData.cpp.o
/root/workspace/workspace/parker-embeded-newtof/parker_sensors_group/multi_module/sample/multi_main.cpp: In function ‚Äòint main(int, char**)‚Äô:
/root/workspace/workspace/parker-embeded-newtof/parker_sensors_group/multi_module/sample/multi_main.cpp:26:7: warning: unused variable ‚Äòleft‚Äô [-Wunused-variable]
   int left, total, cpuNum;
       ^~~~
/root/workspace/workspace/parker-embeded-newtof/parker_sensors_group/multi_module/sample/multi_main.cpp:26:13: warning: unused variable ‚Äòtotal‚Äô [-Wunused-variable]
   int left, total, cpuNum;
             ^~~~~
/root/workspace/workspace/parker-embeded-newtof/parker_sensors_group/multi_module/sample/multi_main.cpp:28:7: warning: unused variable ‚Äòbrightvalue‚Äô [-Wunused-variable]
   int brightvalue;
       ^~~~~~~~~~~
/root/workspace/workspace/parker-embeded-newtof/parker_sensors_group/multi_module/sample/multi_main.cpp:30:9: warning: unused variable ‚Äòtemp‚Äô [-Wunused-variable]
   float temp, freeMem, totalMem;
         ^~~~
/root/workspace/workspace/parker-embeded-newtof/parker_sensors_group/multi_module/sample/multi_main.cpp:30:15: warning: unused variable ‚ÄòfreeMem‚Äô [-Wunused-variable]
   float temp, freeMem, totalMem;
               ^~~~~~~
/root/workspace/workspace/parker-embeded-newtof/parker_sensors_group/multi_module/sample/multi_main.cpp:30:24: warning: unused variable ‚ÄòtotalMem‚Äô [-Wunused-variable]
   float temp, freeMem, totalMem;
                        ^~~~~~~~
[ 92%] Linking CXX executable ../../../install/bin/multi_main
[ 92%] Built target multi_main
[ 92%] Linking CXX shared library ../../../install/lib/liblidar_module.so
[ 92%] Built target lidar_module
Makefile:83: recipe for target 'all' failed
make: *** [all] Error 2
Build step 'Execute shell' marked build as failure
Email was triggered for: Failure - Any
Sending email for trigger: Failure - Any
Sending email to: qishanqing@indemind.cn wangshuaishuai@indemind.cn liuziwen@indemind.cn
Finished: FAILURE
