Started by user [8mha:////4CxdUWQECjdXMwyVgfqeFaIP/aI9EkxHsnLryzaOJrJlAAAAmx+LCAAAAAAAAP9b85aBtbiIQTGjNKU4P08vOT+vOD8nVc83PyU1x6OyILUoJzMv2y+/JJUBAhiZGBgqihhk0NSjKDWzXb3RdlLBUSYGJk8GtpzUvPSSDB8G5tKinBIGIZ+sxLJE/ZzEvHT94JKizLx0a6BxUmjGOUNodHsLgAzmEgZ+/dLi1CL9nMzKxLyc/Lx0AJMuWZLEAAAA[0mÊùéÁÇéÈæô
Rebuilds build #[8mha:////4Ato9RCjJx3h6gXErKdAg6z4Ck1c2UOE3DDmDf4WWEWSAAAAsB+LCAAAAAAAAP9b85aBtbiIQTGjNKU4P08vOT+vOD8nVc83PyU1x6OyILUoJzMv2y+/JJUBAhiZGBgqihhk0NSjKDWzXb3RdlLBUSYGJk8GtpzUvPSSDB8G5tKinBIGIZ+sxLJE/ZzEvHT94JKizLx0a6BxUmjGOUNodHsLgAzmEgZV/bLM1HL94pRs/az8JP2S1OIS3aLSpKRKXaCQrrGpmZm+oaUxABpmk8baAAAA[0m193
Running as SYSTEM
Building remotely on [8mha:////4GJECaSXI5jaa88kGHMmbEkdCg31N4g4yVAlsCFwflHgAAAAmR+LCAAAAAAAAP9b85aBtbiIQTGjNKU4P08vOT+vOD8nVc83PyU1x6OyILUoJzMv2y+/JJUBAhiZGBgqihhk0NSjKDWzXb3RdlLBUSYGJk8GtpzUvPSSDB8G5tKinBIGIZ+sxLJE/ZzEvHT94JKizLx0a6BxUmjGOUNodHsLgAzmEgZe/eT83ILSktQifUNLQwA4ziQnwgAAAA==[0m191 (192.168.50.191) in workspace /home/indemind/.jenkins_slave/workspace/test-rubby-sdk-3566
[WS-CLEANUP] Deleting project workspace...
[WS-CLEANUP] Deferred wipeout is used...
[WS-CLEANUP] Done
No emails were triggered.
[test-rubby-sdk-3566] $ /bin/sh -xe /tmp/jenkins923626792639287984.sh
+ bash /home/indemind/myscript/build/build.sh
++ export MYSQL_PWD=123
++ MYSQL_PWD=123
++ export -f cmdb_mysql
+ set -ex
+ export -f public_project_update
+ export -f project_build
+ init_project_env
++ date +%Y%m%d
+ DT=20230919
+ UserName=jenkins
+ API_TOKEN=11b65309c9835de9579d9c9038853d9eb7
+ GIT_PRIVATE_TOKEN=emEDrsaJVjxKK5gSWrf-
+ GIT_HOST=192.168.50.191
++ echo abby/integration/sdk
++ awk -F/ '{print $1"%2F"$2}'
+ CONVERT_TARGET_PROJECT=abby%2Fintegration
++ curl -XGET -H 'Content-Type: application/json' --header 'PRIVATE-TOKEN: emEDrsaJVjxKK5gSWrf-' http://192.168.50.191:85/api/v4/projects/abby%2Fintegration
++ python -c 'import sys, json; print(json.load(sys.stdin)["id"])'
  % Total    % Received % Xferd  Average Speed   Time    Time     Time  Current
                                 Dload  Upload   Total   Spent    Left  Speed
  0     0    0     0    0     0      0      0 --:--:-- --:--:-- --:--:--     0100    35  100    35    0     0    535      0 --:--:-- --:--:-- --:--:--   538
Traceback (most recent call last):
  File "<string>", line 1, in <module>
KeyError: 'id'
+ SUB_PROJECT_ID=
+ true
+ '[' -z ']'
+ SOURCE_DIR=/home/indemind/.jenkins_slave/workspace/test-rubby-sdk-3566/sdk_plubins
+ TARGET_DIR=/home/indemind/.jenkins_slave/workspace/test-rubby-sdk-3566/sdk
+ prepare_env
++ uname -m
+ system_platform=x86_64
+ :
++ cat /proc/cpuinfo
++ grep processor
++ sort
++ uniq
++ wc -l
+ mt=-j4
+ export COMMIT_ID_FILE=/home/indemind/.jenkins_slave/workspace/test-rubby-sdk-3566/_last_build_id
+ COMMIT_ID_FILE=/home/indemind/.jenkins_slave/workspace/test-rubby-sdk-3566/_last_build_id
+ export COMMIT_MSG_FILE=/home/indemind/.jenkins_slave/workspace/test-rubby-sdk-3566/_commit-msg
+ COMMIT_MSG_FILE=/home/indemind/.jenkins_slave/workspace/test-rubby-sdk-3566/_commit-msg
+ export COMMIT_MSG_FILE_TMP=/home/indemind/.jenkins_slave/workspace/test-rubby-sdk-3566/_commit-msg.tmp
+ COMMIT_MSG_FILE_TMP=/home/indemind/.jenkins_slave/workspace/test-rubby-sdk-3566/_commit-msg.tmp
+ rm -f /home/indemind/.jenkins_slave/workspace/test-rubby-sdk-3566/_last_build_id
+ rm -f /home/indemind/.jenkins_slave/workspace/test-rubby-sdk-3566/_commit-msg
+ rm -f /home/indemind/.jenkins_slave/workspace/test-rubby-sdk-3566/_commit-msg.tmp
+ rm -f /home/indemind/.jenkins_slave/workspace/test-rubby-sdk-3566/result.log
+ rm -f /home/indemind/.jenkins_slave/workspace/test-rubby-sdk-3566/no_code_change.log
+ CLONE_DEPTH=--depth=1
+ PUBLICBASETYPES_DIR=/home/indemind/system/I18RPublicBaseTypes
+ cmdb_mysql 'insert into prebuild(job_name,source_project,source_branch,target_project,target_branch,time,build_url,node_name,build_user) values ('\''test-rubby-sdk-3566'\'','\''abby/source/sdk_plubins'\'','\''rubby-last'\'','\''abby/integration/sdk'\'','\''dev'\'',now(),'\''http://192.168.50.191:8088/job/test-rubby-sdk-3566/194/'\'','\''191'\'','\''liyanlong'\'')'
+ set +x
+ DOCKER_CONTAINER_I18=build-x64-18.04
+ DOCKER_CONTAINER_RUBBY=c405
+ DOCKER_CONTAINER_RUBBY_INSIDE=c3566
+ DOCKER_CONTAINER_JAVA=node
+ JENKINS_JOB_A=mind
+ JENKINS_JOB_B=rbn
+ JENKINS_JOB_C=mark-check-tools
+ JENKINS_JOB_D=java
+ JENKINS_JOB_E=nodejs
+ JENKINS_JOB_F=_ui
+ JENKINS_JOB_G=i12r
+ JENKINS_JOB_E=clean_recorder
+ JENKINS_JOB_F=i18r
+ [[ test-rubby-sdk-3566 =~ mind ]]
+ '[' true = false ']'
+ source_project_fetch
+ git clone ssh://git@192.168.50.191:222/abby/source/sdk_plubins -b rubby-last --depth=1
Ê≠£ÂÖãÈöÜÂà∞ 'sdk_plubins'...
Warning: Permanently added '[192.168.50.191]:222' (ECDSA) to the list of known hosts.
+ target_project_update
+ rm -rf /home/indemind/.jenkins_slave/workspace/test-rubby-sdk-3566/sdk
+ target_project_fetch
+ git clone ssh://git@192.168.50.191:222/abby/integration/sdk -b dev --depth=1
Ê≠£ÂÖãÈöÜÂà∞ 'sdk'...
Warning: Permanently added '[192.168.50.191]:222' (ECDSA) to the list of known hosts.
+ insert_db
+ pushd /home/indemind/.jenkins_slave/workspace/test-rubby-sdk-3566/sdk_plubins
~/.jenkins_slave/workspace/test-rubby-sdk-3566/sdk_plubins ~/.jenkins_slave/workspace/test-rubby-sdk-3566
++ cmdb_mysql 'SELECT first_commit_id FROM prebuild where source_project='\''abby/source/sdk_plubins'\'' and source_branch='\''rubby-last'\'' and target_project='\''abby/integration/sdk'\'' and target_branch='\''dev'\'' and status='\''0'\'' and job_name='\''test-rubby-sdk-3566'\'' order by id desc limit 1;'
++ set +x
+ version=
++ echo
++ awk -F ' ' '{print $2}'
+ version=
++ git log -1 --pretty=format:%h
+ first_commit_id_now=4cce42b
+ cmdb_mysql 'update prebuild set first_commit_id='\''4cce42b'\'' where build_url='\''http://192.168.50.191:8088/job/test-rubby-sdk-3566/194/'\'';'
+ set +x
+ popd
~/.jenkins_slave/workspace/test-rubby-sdk-3566
+ [[ x86_64 =~ x86_64 ]]
+ docker exec -i c3566 /bin/bash
+ [[ c3566 == c405 ]]
+ [[ c3566 == c3566 ]]
+ echo 'rubby project building in c3566......'
rubby project building in c3566......
+ pushd /root/system/abby_msg
~/system/abby_msg /
+ git checkout ./
+ git clean -xdf ./
+ git pull origin master
From ssh://192.168.50.191:222/abby/source/abby_msg
 * branch            master     -> FETCH_HEAD
Already up to date.
+ popd
/
+ pushd /home/indemind/.jenkins_slave/workspace/test-rubby-sdk-3566/sdk_plubins
/home/indemind/.jenkins_slave/workspace/test-rubby-sdk-3566/sdk_plubins /
+ git submodule update --init --recursive
Submodule 'submodules/abby_msg' (http://192.168.50.191:85/abby/source/abby_msg.git) registered for path 'submodules/abby_msg'
Submodule 'submodules/protocol' (http://192.168.50.191:85/abby/source/app_protocol.git) registered for path 'submodules/protocol'
Cloning into '/home/indemind/.jenkins_slave/workspace/test-rubby-sdk-3566/sdk_plubins/submodules/abby_msg'...
Cloning into '/home/indemind/.jenkins_slave/workspace/test-rubby-sdk-3566/sdk_plubins/submodules/protocol'...
Submodule path 'submodules/abby_msg': checked out 'b3997637f9d88de7e5b0ed15b99fe02aebf3f429'
Submodule path 'submodules/protocol': checked out '12c8360d3f0d360ea0957a85f243cdb1b845bafd'
+ git submodule update --remote
Submodule path 'submodules/abby_msg': checked out '099987430b05ff4182d5ec486dca47951b155b57'
+ sed -i 's/make -j[0-9].*/make -j4/g' build.sh
+ '[' x4cce42b == x ']'
+ source /opt/ros/melodic/setup.bash
+ bash -ex build.sh
+ set -ex
+ git submodule update --init --recursive
Submodule path 'submodules/abby_msg': checked out 'b3997637f9d88de7e5b0ed15b99fe02aebf3f429'
+ git submodule update --remote
Submodule path 'submodules/abby_msg': checked out '099987430b05ff4182d5ec486dca47951b155b57'
+ BuildDir=build
+ '[' -d build ']'
+ echo 'build is not exist.'
build is not exist.
+ mkdir build
+ cd build
+ cmake -DBUILD_ROS_NODE=ON -DUSE_ZK_ROBOT=OFF -DUSE_HMI_SIMULATOR=OFF ..
-- The C compiler identification is GNU 7.5.0
-- The CXX compiler identification is GNU 7.5.0
-- Check for working C compiler: /usr/bin/cc
-- Check for working C compiler: /usr/bin/cc -- works
-- Detecting C compiler ABI info
-- Detecting C compiler ABI info - done
-- Detecting C compile features
-- Detecting C compile features - done
-- Check for working CXX compiler: /usr/bin/c++
-- Check for working CXX compiler: /usr/bin/c++ -- works
-- Detecting CXX compiler ABI info
-- Detecting CXX compiler ABI info - done
-- Detecting CXX compile features
-- Detecting CXX compile features - done
-- HOST_ARCH: armv8
-- Found OpenCV: /usr/local (found suitable version "3.4.3", minimum required is "3.4") 
-- Found OpenCV: /usr/local (found version "3.4.3") 
-- Found OpenCV: /usr/local (found suitable version "3.4.3", minimum required is "3.4") 
-- BUILD_ROS_NODE=ON
-- Using CATKIN_DEVEL_PREFIX: /home/indemind/.jenkins_slave/workspace/test-rubby-sdk-3566/sdk_plubins/build/devel
-- Using CMAKE_PREFIX_PATH: /opt/ros/melodic
-- This workspace overlays: /opt/ros/melodic
-- Found PythonInterp: /usr/bin/python2 (found suitable version "2.7.17", minimum required is "2") 
-- Using PYTHON_EXECUTABLE: /usr/bin/python2
-- Using Debian Python package layout
-- Using empy: /usr/bin/empy
-- Using CATKIN_ENABLE_TESTING: ON
-- Call enable_testing()
-- Using CATKIN_TEST_RESULTS_DIR: /home/indemind/.jenkins_slave/workspace/test-rubby-sdk-3566/sdk_plubins/build/test_results
-- Found gtest sources under '/usr/src/googletest': gtests will be built
-- Found gmock sources under '/usr/src/googletest': gmock will be built
CMake Warning (dev) at /usr/src/googletest/CMakeLists.txt:3 (project):
  Policy CMP0048 is not set: project() command manages VERSION variables.
  Run "cmake --help-policy CMP0048" for policy details.  Use the cmake_policy
  command to set the policy and suppress this warning.

  The following variable(s) would be set to empty:

    PROJECT_VERSION
    PROJECT_VERSION_MAJOR
    PROJECT_VERSION_MINOR
This warning is for project developers.  Use -Wno-dev to suppress it.

CMake Warning (dev) at /usr/src/googletest/googlemock/CMakeLists.txt:40 (project):
  Policy CMP0048 is not set: project() command manages VERSION variables.
  Run "cmake --help-policy CMP0048" for policy details.  Use the cmake_policy
  command to set the policy and suppress this warning.

  The following variable(s) would be set to empty:

    PROJECT_VERSION
    PROJECT_VERSION_MAJOR
    PROJECT_VERSION_MINOR
This warning is for project developers.  Use -Wno-dev to suppress it.

CMake Warning (dev) at /usr/src/googletest/googletest/CMakeLists.txt:47 (project):
  Policy CMP0048 is not set: project() command manages VERSION variables.
  Run "cmake --help-policy CMP0048" for policy details.  Use the cmake_policy
  command to set the policy and suppress this warning.

  The following variable(s) would be set to empty:

    PROJECT_VERSION
    PROJECT_VERSION_MAJOR
    PROJECT_VERSION_MINOR
This warning is for project developers.  Use -Wno-dev to suppress it.

-- Found PythonInterp: /usr/bin/python2 (found version "2.7.17") 
-- Looking for pthread.h
-- Looking for pthread.h - found
-- Looking for pthread_create
-- Looking for pthread_create - not found
-- Looking for pthread_create in pthreads
-- Looking for pthread_create in pthreads - not found
-- Looking for pthread_create in pthread
-- Looking for pthread_create in pthread - found
-- Found Threads: TRUE  
-- Using Python nosetests: /usr/bin/nosetests-2.7
-- catkin 0.7.29
-- BUILD_SHARED_LIBS is on
-- Using these message generators: gencpp;geneus;genlisp;gennodejs;genpy
-- CONFIG_USE_ZK_ROBOT = 0
-- CONFIG_USE_HMI_SIMULATOR = 0
-- Configuring done
-- Generating done
-- Build files have been written to: /home/indemind/.jenkins_slave/workspace/test-rubby-sdk-3566/sdk_plubins/build
+ make -j4
Scanning dependencies of target bag_player_plugin
Scanning dependencies of target bag_recorder_plugin
[  1%] Building CXX object plugins/bag_recorder/CMakeFiles/bag_recorder_plugin.dir/src/BagRecorderNode.cpp.o
[  2%] Building CXX object plugins/bag_player/CMakeFiles/bag_player_plugin.dir/src/BagPlayerNode.cpp.o
Scanning dependencies of target state_plugin
[  3%] Building CXX object plugins/state/CMakeFiles/state_plugin.dir/src/Context.cpp.o
Scanning dependencies of target hmi_plugin
[  4%] Building CXX object plugins/hmi/CMakeFiles/hmi_plugin.dir/src/HMINode.cpp.o
[  5%] Building CXX object plugins/bag_recorder/CMakeFiles/bag_recorder_plugin.dir/src/record/Recorder.cpp.o
[  6%] Building CXX object plugins/bag_player/CMakeFiles/bag_player_plugin.dir/src/player/PlayerManager.cpp.o
[  8%] Building CXX object plugins/state/CMakeFiles/state_plugin.dir/src/StateNode.cpp.o
[  9%] Building CXX object plugins/bag_recorder/CMakeFiles/bag_recorder_plugin.dir/src/record/Bag.cpp.o
[ 10%] Building CXX object plugins/bag_player/CMakeFiles/bag_player_plugin.dir/src/player/Player.cpp.o
[ 11%] Building CXX object plugins/hmi/CMakeFiles/hmi_plugin.dir/src/hmi/hmi_manager.cpp.o
[ 12%] Linking CXX shared library ../../../lib/arm/libbag_recorder_plugin.so
[ 12%] Built target bag_recorder_plugin
[ 13%] Building CXX object plugins/hmi/CMakeFiles/hmi_plugin.dir/src/hmi/manual_set.cpp.o
[ 15%] Linking CXX shared library ../../../lib/arm/libbag_player_plugin.so
[ 15%] Built target bag_player_plugin
[ 16%] Building CXX object plugins/hmi/CMakeFiles/hmi_plugin.dir/src/hmi/auto_set.cpp.o
[ 17%] Building CXX object plugins/state/CMakeFiles/state_plugin.dir/src/state/state/fault/FaultState.cpp.o
[ 18%] Building CXX object plugins/state/CMakeFiles/state_plugin.dir/src/state/state/fault2/Fault2State.cpp.o
[ 19%] Building CXX object plugins/state/CMakeFiles/state_plugin.dir/src/state/state/clean/CleaningState.cpp.o
Scanning dependencies of target monitor_resource_plugin
[ 20%] Building CXX object plugins/monitor_resource/CMakeFiles/monitor_resource_plugin.dir/src/ResourceMonitorNode.cpp.o
[ 22%] Building CXX object plugins/monitor_resource/CMakeFiles/monitor_resource_plugin.dir/src/ResourceMonitor/ResourceMonitor.cpp.o
/home/indemind/.jenkins_slave/workspace/test-rubby-sdk-3566/sdk_plubins/plugins/state/src/state/state/clean/CleaningState.cpp: In member function 'void abby::state::CleaningState::OnCleanInfo(mind_os::ConstPtr<nav_msgs::CleanInfo>&)':
/home/indemind/.jenkins_slave/workspace/test-rubby-sdk-3566/sdk_plubins/plugins/state/src/state/state/clean/CleaningState.cpp:655:48: error: 'RETURNSATRTPOINT' is not a member of 'nav_msgs::CleanInfo'
     if(msg->CleanState == nav_msgs::CleanInfo::RETURNSATRTPOINT)
                                                ^~~~~~~~~~~~~~~~
Scanning dependencies of target monitor_topic_plugin
[ 23%] Building CXX object plugins/monitor_topic/CMakeFiles/monitor_topic_plugin.dir/src/TopicMonitorNode.cpp.o
plugins/state/CMakeFiles/state_plugin.dir/build.make:158: recipe for target 'plugins/state/CMakeFiles/state_plugin.dir/src/state/state/clean/CleaningState.cpp.o' failed
make[2]: *** [plugins/state/CMakeFiles/state_plugin.dir/src/state/state/clean/CleaningState.cpp.o] Error 1
CMakeFiles/Makefile2:140: recipe for target 'plugins/state/CMakeFiles/state_plugin.dir/all' failed
make[1]: *** [plugins/state/CMakeFiles/state_plugin.dir/all] Error 2
make[1]: *** Waiting for unfinished jobs....
[ 24%] Building CXX object plugins/monitor_topic/CMakeFiles/monitor_topic_plugin.dir/src/TopicMonitor/TopicMonitor.cpp.o
[ 25%] Linking CXX shared library ../../../lib/arm/libmonitor_resource_plugin.so
[ 25%] Built target monitor_resource_plugin
[ 26%] Linking CXX shared library ../../../lib/arm/libmonitor_topic_plugin.so
[ 26%] Built target monitor_topic_plugin
[ 27%] Linking CXX shared library ../../../lib/arm/libhmi_plugin.so
[ 27%] Built target hmi_plugin
Makefile:129: recipe for target 'all' failed
make: *** [all] Error 2
+ echo 0
+ popd
/
+ exit
+ [[ -f /home/indemind/.jenkins_slave/workspace/test-rubby-sdk-3566/no_code_change.log ]]
+ check_status_code
+ test -f /home/indemind/.jenkins_slave/workspace/test-rubby-sdk-3566/result.log
+ echo 'containge build is error'
containge build is error
+ exit 1
Build step 'Execute shell' marked build as failure
Email was triggered for: Failure - Any
Sending email for trigger: Failure - Any
Sending email to: qishanqing@indemind.cn lishaohui@indemind.cn
Finished: FAILURE
