Started by user [8mha:////4E5dz7ZPjjbaYr/z11B7xpgm2ME6wK3XraoL/25bIDStAAAAlx+LCAAAAAAAAP9b85aBtbiIQTGjNKU4P08vOT+vOD8nVc83PyU1x6OyILUoJzMv2y+/JJUBAhiZGBgqihhk0NSjKDWzXb3RdlLBUSYGJk8GtpzUvPSSDB8G5tKinBIGIZ+sxLJE/ZzEvHT94JKizLx0a6BxUmjGOUNodHsLgAy2EgYe/dLi1CL9SqAZFaUAMeIq+MEAAAA=[0myangxu
Running as SYSTEM
Building remotely on [8mha:////4MPPEh8feJE9uNY0ThUfUuMmeXp+equSlRr0prvRJKt5AAAAoR+LCAAAAAAAAP9b85aBtbiIQTGjNKU4P08vOT+vOD8nVc83PyU1x6OyILUoJzMv2y+/JJUBAhiZGBgqihhk0NSjKDWzXb3RdlLBUSYGJk8GtpzUvPSSDB8G5tKinBIGIZ+sxLJE/ZzEvHT94JKizLx0a6BxUmjGOUNodHsLgAzuEgZR/eT83ILSktQi/eyMxJTEYt3kxCJDAGuOCCPKAAAA[0mkhadas-car1 (khadas-car2) in workspace /root/workspace/workspace/parker_app
[WS-CLEANUP] Deleting project workspace...
[WS-CLEANUP] Deferred wipeout is used...
[WS-CLEANUP] Done
No emails were triggered.
[parker_app] $ /bin/sh -xe /tmp/jenkins5468540487583576909.sh
+ bash /root/myscript/build/parckerapp.sh
++ export MYSQL_PWD=123
++ MYSQL_PWD=123
++ export -f cmdb_mysql
+ . /root/myscript/build/../sh/version-update.sh
+ set -ex
+ init_project_env
++ whoami
+ '[' root = root ']'
+ ios=root
+ RELEASE_DIR=/root
+ DESKTOP_DIR=/root/workspace/i18rApplicationDeb/work/root/workspace
+ BUILD_DIR=/root/workspace
+ APP_WORKSPACE=/root/workspace/i18rApplicationDeb/work
+ WORK_DIR=/root/workspace/i18rApplicationDeb/work/root/workspace
+ VERSION_FILE=/root/workspace/i18rApplicationDeb/work/DEBIAN/control
+ UI_DIR=/mnt/ftp/release/INDEMINDAPP/client
+ TEST_DIR=/mnt/ftp/release/INDEMINDAPP/test
+ FTP_RELEASE_DIR=/mnt/ftp/release/INDEMINDAPP/fresh_version
+ FTP_RELEASE_SIGN_DIR=/mnt/ftp/release/INDEMINDAPP/sign
+ FTP_RELEASE_OTA_DIR=/mnt/ftp/release/INDEMINDAPP/ota_full_version
+ FTP_RELEASE_OTA_DIFF_DIR=/mnt/ftp/release/INDEMINDAPP/ota
+ function_list=/mnt/ftp/release/app_update_release
+ appname=PARCER
+ sourcename=parker
+ CONFIG_DIR=/root/system/i18rconfig
+ OTA_DIR=/root/system/i18rota
++ uname -m
+ PLATFORM=aarch64
+ RELEASE_BRANCH=devel/evt3_18_EVT
+ ui_job_name=parker_ui
+ CLONE_DEPTH=--depth=1
+ ENCRYPTION_TOOL=/root/system/i18rconfig/upx_arm.out
++ perl -npe s,_,-,g
++ echo EVT
+ x=EVT
+ tgz_release=INTG
+ trash_dir=/mnt/ftp/Trash
+ CONFIG_REMOTE='git clone ssh://git@192.168.50.191:222/AroundI18RProject/i18rconfig /root/system/i18rconfig -b parker-dev --depth=1'
+ is-trigger-job
+ '[' = TIMERTRIGGER ']'
/root/myscript/build/../sh/version-update.sh: 第 316 行: [: =: 需要一元表达式
+ mount_ftp
+ '[' -d /mnt/ftp/release ']'
+ check_paremter_is_right
+ [[ -z 18 ]]
++ check 18
++ local a=18
++ printf %d 18
++ echo integer
++ return
+ [[ integer == vb ]]
++ check 18
++ local a=18
++ printf %d 18
++ echo integer
++ return
+ [[ integer == integer ]]
+ echo 'check paremter is done'
check paremter is done
+ clean_workspace
+ pushd /root/workspace
~/workspace ~/workspace/workspace/parker_app
+ sudo rm -rf i18rApplicationDeb 'INDEMINDAPP*' parker client
sudo: 无法解析主机：car1: 资源暂时不可用
+ popd
~/workspace/workspace/parker_app
+ App_project_fetch
+ pushd /root/workspace
~/workspace ~/workspace/workspace/parker_app
+ git clone ssh://git@192.168.50.191:222/AroundI18RProject/i18rApplicationDeb.git --depth=1
正克隆到 'i18rApplicationDeb'...
+ mkdir -p /root/workspace/i18rApplicationDeb/work/root/workspace
+ pushd /root/workspace
~/workspace ~/workspace ~/workspace/workspace/parker_app
+ git clone ssh://git@192.168.50.191:222/parker/source/server.git parker -b dev_slam
正克隆到 'parker'...
+ pushd parker
~/workspace/parker ~/workspace ~/workspace ~/workspace/workspace/parker_app
+ config_project_update
+ [[ -d /root/system/i18rconfig ]]
+ rm -rf /root/system/i18rconfig
+ git clone ssh://git@192.168.50.191:222/AroundI18RProject/i18rconfig /root/system/i18rconfig -b parker-dev --depth=1
正克隆到 '/root/system/i18rconfig'...
+ ui_job_build
+ export 'PATH=/usr/bin/bin:/usr/bin/bin:/opt/ros/melodic/bin:/usr/local/sbin:/usr/local/bin:/usr/sbin:/usr/bin:/sbin:/bin:/usr/games:/usr/local/games:~/myscript/sh:~/myscript/sh'
+ PATH='/usr/bin/bin:/usr/bin/bin:/opt/ros/melodic/bin:/usr/local/sbin:/usr/local/bin:/usr/sbin:/usr/bin:/sbin:/bin:/usr/games:/usr/local/games:~/myscript/sh:~/myscript/sh'
+ [[ -z '' ]]
+ [[ '' == true ]]
+ git submodule update --init --recursive
+ bash jc build parker_ui -s
子模组 'modules/depth'（http://192.168.50.191:85/parker/integration/depth.git）未对路径 'modules/depth' 注册
子模组 'modules/detector'（http://192.168.50.191:85/parker/integration/perception.git）未对路径 'modules/detector' 注册
子模组 'modules/marker'（http://192.168.50.191:85/parker/integration/marker.git）未对路径 'modules/marker' 注册
子模组 'modules/navigation'（http://192.168.50.191:85/parker/integration/navigation.git）未对路径 'modules/navigation' 注册
子模组 'modules/selfcalibr'（http://192.168.50.191:85/parker/integration/calibr.git）未对路径 'modules/selfcalibr' 注册
子模组 'modules/sensor'（http://192.168.50.191:85/parker/integration/sensors.git）未对路径 'modules/sensor' 注册
子模组 'modules/slam'（http://192.168.50.191:85/parker/integration/slam.git）未对路径 'modules/slam' 注册
子模组 'modules/types'（http://192.168.50.191:85/parker/source/messages.git）未对路径 'modules/types' 注册
正克隆到 '/root/workspace/parker/modules/depth'...
Started parker_ui #45
正克隆到 '/root/workspace/parker/modules/detector'...
正克隆到 '/root/workspace/parker/modules/marker'...
正克隆到 '/root/workspace/parker/modules/navigation'...
正克隆到 '/root/workspace/parker/modules/selfcalibr'...
正克隆到 '/root/workspace/parker/modules/sensor'...
正克隆到 '/root/workspace/parker/modules/slam'...
正克隆到 '/root/workspace/parker/modules/types'...
子模组路径 'modules/depth'：检出 'd8bade4cb903a780878feab0ff1e3cc8494f5cd2'
子模组路径 'modules/detector'：检出 '82f8090b09949416ae85cea5ef9b1c445052ec74'
子模组路径 'modules/marker'：检出 '96f8c9f5ba788bd09e42627250cdc4601ff275eb'
子模组路径 'modules/navigation'：检出 '2a243f9929690f3b41735af7b49349c512e7fe18'
子模组路径 'modules/selfcalibr'：检出 'ef2380ee15caba750c11e1484953c3ad3b6d70f5'
子模组路径 'modules/sensor'：检出 '38baacad0844743d0a5f8935fbd096b8db4f9e94'
子模组路径 'modules/slam'：检出 'dd1871d863426a8566bae9bce3399ada51bb8ec8'
子模组路径 'modules/types'：检出 'a7f6e9b17b95d4948b10699534c572f8f53c8c07'
+ git submodule update --remote
子模组路径 'modules/depth'：检出 'a199ab4c68ca1cb755039efb1d6626a7961cdf5f'
子模组路径 'modules/detector'：检出 '0b30b78fa055f9c16527d3aace07772158a7c4c6'
子模组路径 'modules/marker'：检出 '6f1dc439e934438559c6f0899b969dae5c63c6c6'
子模组路径 'modules/navigation'：检出 '6dd15a06a27b809fef2729f1ac69b260f473fba2'
子模组路径 'modules/selfcalibr'：检出 '1240f987d5ea8eb844e3c9d83d5b4010553670dd'
子模组路径 'modules/sensor'：检出 '07cd31b1825abeccab3d56b9bc9850f5b8c24b43'
子模组路径 'modules/slam'：检出 'ba3c8f6de037fc59f8daffe3bfa34477f0c586bf'
子模组路径 'modules/types'：检出 '1baff3351d6e84a78db62b20d7cc79a515372e8a'
+ submodule_version_check
+ [[ ! -z '' ]]
+ [[ ! -z '' ]]
+ i18rproject_conf_update
+ Modules_List=(selfcalibr depth sensor marker detector navigation slam type sdk)
+ local Modules_List
+ for i in "${Modules_List[@]}"
++ ls /root/system/i18rconfig/EVT/selfcalibr
ls: 无法访问'/root/system/i18rconfig/EVT/selfcalibr': 没有那个文件或目录
+ local Files_List=
+ '[' -z '' ']'
+ for i in "${Modules_List[@]}"
++ ls /root/system/i18rconfig/EVT/depth
ls: 无法访问'/root/system/i18rconfig/EVT/depth': 没有那个文件或目录
+ local Files_List=
+ '[' -z '' ']'
+ for i in "${Modules_List[@]}"
++ ls /root/system/i18rconfig/EVT/sensor
ls: 无法访问'/root/system/i18rconfig/EVT/sensor': 没有那个文件或目录
+ local Files_List=
+ '[' -z '' ']'
+ for i in "${Modules_List[@]}"
++ ls /root/system/i18rconfig/EVT/marker
ls: 无法访问'/root/system/i18rconfig/EVT/marker': 没有那个文件或目录
+ local Files_List=
+ '[' -z '' ']'
+ for i in "${Modules_List[@]}"
++ ls /root/system/i18rconfig/EVT/detector
ls: 无法访问'/root/system/i18rconfig/EVT/detector': 没有那个文件或目录
+ local Files_List=
+ '[' -z '' ']'
+ for i in "${Modules_List[@]}"
++ ls /root/system/i18rconfig/EVT/navigation
+ local 'Files_List=base_global_planner_params.yaml
base_local_planner_params.yaml
costmap_common_params_wsbot.yaml
dwa_local_planner_params_wsbot.yaml
global_costmap_params.yaml
local_costmap_params.yaml
move_base_params.yaml
nav_config.yaml
teb_local_planner_params_imbot.yaml'
+ '[' -z 'base_global_planner_params.yaml
base_local_planner_params.yaml
costmap_common_params_wsbot.yaml
dwa_local_planner_params_wsbot.yaml
global_costmap_params.yaml
local_costmap_params.yaml
move_base_params.yaml
nav_config.yaml
teb_local_planner_params_imbot.yaml' ']'
+ [[ navigation =~ navigation ]]
+ cp -ar /root/system/i18rconfig/EVT/navigation/. modules/navigation/arm64/share/wsbot_navigation/param/
+ for i in "${Modules_List[@]}"
++ ls /root/system/i18rconfig/EVT/slam
ls: 无法访问'/root/system/i18rconfig/EVT/slam': 没有那个文件或目录
+ local Files_List=
+ '[' -z '' ']'
+ for i in "${Modules_List[@]}"
++ ls /root/system/i18rconfig/EVT/type
ls: 无法访问'/root/system/i18rconfig/EVT/type': 没有那个文件或目录
+ local Files_List=
+ '[' -z '' ']'
+ for i in "${Modules_List[@]}"
++ ls /root/system/i18rconfig/EVT/sdk
+ local Files_List=local_config
+ '[' -z local_config ']'
+ [[ navigation =~ sdk ]]
+ [[ sdk =~ slam ]]
+ [[ sdk =~ depth ]]
+ [[ sdk =~ sdk ]]
+ cp -ar /root/system/i18rconfig/EVT/sdk/. /root/workspace/i18rApplicationDeb/work/root/workspace/
+ release_note
+ [[ test = true ]]
+ '[' '' = true ']'
+ project_info_database
+ cmdb_mysql 'insert into indemindapp(appname,version,swr_version,submodule_version,time,note,indemind_release,sdk_branch,build_url,node_name) values ('\''PARCER'\'','\''18'\'','\''EVT'\'','\'''\'',now(),'\'''\'','\''test'\'','\''dev_slam'\'','\''http://192.168.50.26:8080/job/parker_app/45/'\'','\''khadas-car1'\'')'
+ set +x
+ mkdir build
+ cd build
+ set +x
+ [[ EVT =~ ICE_EVT ]]
+ [[ EVT =~ DVT ]]
+ [[ EVT =~ PVT ]]
+ [[ EVT =~ MP ]]
+ cmake -D SERVER_VERSION:STRIONG=18 ..
-- The C compiler identification is GNU 7.5.0
-- The CXX compiler identification is GNU 7.5.0
-- Check for working C compiler: /usr/bin/cc
-- Check for working C compiler: /usr/bin/cc -- works
-- Detecting C compiler ABI info
-- Detecting C compiler ABI info - done
-- Detecting C compile features
-- Detecting C compile features - done
-- Check for working CXX compiler: /usr/bin/c++
-- Check for working CXX compiler: /usr/bin/c++ -- works
-- Detecting CXX compiler ABI info
-- Detecting CXX compiler ABI info - done
-- Detecting CXX compile features
-- Detecting CXX compile features - done
-- PRO_DIR: /root/workspace/parker
-- HOST_ARCH: armv8
-- PLATFORM=arm64
-- SERVER_VERSION=1.0.0
-- MBUILD_MONITOR=ON
-- MBUILD_RECORDER=ON
-- MBUILD_TEST=ON
-- MBUILD_DEPTH=ON
-- DEPTH_PATH=/root/workspace/parker/modules/depth
-- MBUILD_DEPTH_SIMULATOR=OFF
-- MBUILD_MCU_COPROCESSOR=ON
-- MBUILD_MCU_COPROCESSOR_SIMULATOR=OFF
-- MCUCOP_INCLUDE=/root/workspace/parker/modules/sensor/arm64/include
-- MBUILD_DETECTOR=ON
-- DETECTOR_PATH: /root/workspace/parker/modules/detector
-- DETECTOR_INC=/root/workspace/parker/modules/detector/include
-- MBUILD_DETECTOR_SIMULATOR=OFF
-- Boost version: 1.65.1
-- Found the following Boost libraries:
--   system
--   filesystem
-- MBUILD_IMSEE=ON
-- IMSEE_PATH: /root/workspace/parker/modules/sensor
-- MBUILD_IMSEE_SIMULATOR=OFF
-- MBUILD_SLAM=ON
-- SLAM_PATH: /root/workspace/parker/modules/slam/arm64/
-- MBUILD_NAV=ON
-- NAV_PATH: /root/workspace/parker/modules/navigation
-- MBUILD_ROS_WRAPPER=OFF
-- MBUILD_TOF=ON
-- MBUILD_TOF_SIMULATOR=OFF
-- MBUILD_LASER=ON
-- MBUILD_LASER_SIMULATOR=OFF
-- MBUILD_SENSOR_SYSTEM=ON
-- MBUILD_SENSOR_SYSTEM_SIMULATOR=OFF
-- MBUILD_EMB_MANAGER=ON
-- MBUILD_EMB_MANAGER_SIMULATOR=OFF
-- MBUILD_HMI_SERVICES=ON
-- MBUILD_HMI_SERVICES_SIMULATOR=OFF
-- MBUILD_CALIBRATION=ON
-- MBUILD_CALIBRATION_SIMULATOR=OFF
-- CABLIR_PATH: /root/workspace/parker/modules/selfcalibr
-- CABLIR_PATH_INCLUDE: /root/workspace/parker/modules/selfcalibr/arm64/include
-- MBUILD_HARDWARE_CHECKER=ON
-- MBUILD_SOFTWARE_CHECKER=ON
-- MBUILD_CLOUD=ON
-- CONFIG_BUILD_CLOUD = 1
-- MBUILD_MAP=ON
-- CONFIG_BUILD_MAP = 1
-- MBUILD_WORKLOGS=ON
-- CONFIG_BUILD_WORKLOGS = 1
-- MBUILD_EXCEPTION_HIDING=ON
-- CONFIG_BUILD_EXCEPTION_HIDING = 1
-- MBUILD_MSG_FORWARD=OFF
-- MBUILD_CAN=ON
-- MBUILD_CAN_SIMULATOR=OFF
-- MBUILD_VCU=ON
-- MBUILD_VCU_SIMULATOR=ON
-- MBUILD_MARKER=ON
-- MARKER_PATH: /root/workspace/parker/modules/marker
-- Use the imported target: /usr/include/eigen3
-- MBUILD_KBCONTROL=ON
-- KBCONTROL_PATH: /root/workspace/parker/kbcontrol
-- MBUILD_DATACOLLEC=OFF
-- SERVER_PATH: /root/workspace/parker/server
-- BUILD_WITH_ROS is ON
-- Using CATKIN_DEVEL_PREFIX: /root/workspace/parker/build/devel
-- Using CMAKE_PREFIX_PATH: /root/workspace/parker/modules/navigation/arm64;/opt/ros/melodic
-- This workspace overlays: /root/workspace/parker/modules/navigation/arm64;/opt/ros/melodic
-- Found PythonInterp: /usr/bin/python2 (found suitable version "2.7.17", minimum required is "2") 
-- Using PYTHON_EXECUTABLE: /usr/bin/python2
-- Using Debian Python package layout
-- Using empy: /usr/bin/empy
-- Using CATKIN_ENABLE_TESTING: ON
-- Call enable_testing()
-- Using CATKIN_TEST_RESULTS_DIR: /root/workspace/parker/build/test_results
-- Found gtest sources under '/usr/src/googletest': gtests will be built
-- Found gmock sources under '/usr/src/googletest': gmock will be built
-- Found PythonInterp: /usr/bin/python2 (found version "2.7.17") 
-- Looking for pthread.h
-- Looking for pthread.h - found
-- Looking for pthread_create
-- Looking for pthread_create - not found
-- Looking for pthread_create in pthreads
-- Looking for pthread_create in pthreads - not found
-- Looking for pthread_create in pthread
-- Looking for pthread_create in pthread - found
-- Found Threads: TRUE  
-- Using Python nosetests: /usr/bin/nosetests-2.7
-- catkin 0.7.29
-- BUILD_SHARED_LIBS is on
-- Using these message generators: gencpp;geneus;genlisp;gennodejs;genpy
-- Found OpenCV: /usr/local (found version "3.4.3") 
-- LIB_MODULES=/root/workspace/parker/modules/depth/arm64/lib/libdepth.so
-- LIB_MODULES=/root/workspace/parker/modules/sensor/arm64/lib/libsensor_module.so
-- LIB_MODULES=-lnnsdk
-- LIB_MODULES=-lOpenVX
-- LIB_MODULES=-lOpenVXU
-- LIB_MODULES=-lArchModelSw
-- LIB_MODULES=-lCLC
-- LIB_MODULES=-lGAL
-- LIB_MODULES=-lNNArchPerf
-- LIB_MODULES=-lVSC
-- LIB_MODULES=-lovxlib
-- LIB_MODULES=/root/workspace/parker/modules/detector/lib/libdetector.so
-- LIB_MODULES=/root/workspace/parker/modules/sensor/arm64/lib/libimsee_module.so
-- LIB_MODULES=/root/workspace/parker/modules/slam/arm64//lib/libParker_SLAM.so
-- LIB_MODULES=/root/workspace/parker/modules/slam/arm64//Thirdparty/cartographer/usr/local/lib/libcartographer.so
-- LIB_MODULES=/root/workspace/parker/modules/slam/arm64//Thirdparty/DBoW2/lib/libDBoW2.so
-- LIB_MODULES=/root/workspace/parker/modules/navigation/arm64/lib/libpath_planning.so
-- LIB_MODULES=/opt/ros/melodic/lib/libtf.so
-- LIB_MODULES=/root/workspace/parker/modules/navigation/arm64/lib/libcostmap_2d.so
-- LIB_MODULES=/root/workspace/parker/modules/sensor/arm64/lib/libusbtof_module.so
-- LIB_MODULES=/root/workspace/parker/modules/sensor/arm64/deps/libspectre.so
-- LIB_MODULES=/root/workspace/parker/modules/sensor/arm64/deps/libdepthcomputation.so
-- LIB_MODULES=/root/workspace/parker/modules/sensor/arm64/deps/libdepthmapwrapper.so
-- LIB_MODULES=/root/workspace/parker/modules/sensor/arm64/lib/liblidar_module.so
-- LIB_MODULES=/root/workspace/parker/modules/sensor/arm64/lib/libmulti_module.so
-- LIB_MODULES=/root/workspace/parker/modules/sensor/arm64/lib/libemb_monitor.so
-- LIB_MODULES=/root/workspace/parker/modules/sensor/arm64/lib/libemb_monitor.so
-- LIB_MODULES=/root/workspace/parker/modules/sensor/arm64/lib/libmonitor_node.so
-- LIB_MODULES=/root/workspace/parker/modules/selfcalibr/arm64/lib/libselfStereoCameraCalibration.so
-- LIB_MODULES=uuid
-- LIB_MODULES=/root/workspace/parker/modules/sensor/arm64/lib/libmcu_module.so
-- LIB_MODULES=/root/workspace/parker/modules/marker/arm64/lib/libmarker.so
-- LIB_MODULES=/root/workspace/parker/modules/marker/arm64/lib/libapriltag.so
-- LIB_MODULES=/root/workspace/parker/kbcontrol/libs/arm64/libkbcontrol.so
-- LIB_MODULES=/root/workspace/parker/modules/navigation/arm64/lib/libbase_local_planner.so
-- LIB_MODULES=/root/workspace/parker/modules/navigation/arm64/lib/libtrajectory_planner_ros.so
-- LIB_MODULES=/opt/ros/melodic/lib/libvoxel_grid.so
-- LIB_MODULES=/root/workspace/parker/modules/navigation/arm64/lib/librotate_recovery.so
-- LIB_MODULES=/opt/ros/melodic/lib/libcostmap_2d.so
-- LIB_MODULES=/opt/ros/melodic/lib/liblayers.so
-- LIB_MODULES=/opt/ros/melodic/lib/libdynamic_reconfigure_config_init_mutex.so
-- LIB_MODULES=/opt/ros/melodic/lib/liblaser_geometry.so
-- LIB_MODULES=/opt/ros/melodic/lib/libtf.so
-- LIB_MODULES=/opt/ros/melodic/lib/libclass_loader.so
-- LIB_MODULES=/usr/lib/libPocoFoundation.so
-- LIB_MODULES=/usr/lib/aarch64-linux-gnu/libdl.so
-- LIB_MODULES=/opt/ros/melodic/lib/libtf2_ros.so
-- LIB_MODULES=/opt/ros/melodic/lib/libactionlib.so
-- LIB_MODULES=/opt/ros/melodic/lib/libmessage_filters.so
-- LIB_MODULES=/opt/ros/melodic/lib/libtf2.so
-- LIB_MODULES=/opt/ros/melodic/lib/libroscpp.so
-- LIB_MODULES=/opt/ros/melodic/lib/librosconsole.so
-- LIB_MODULES=/opt/ros/melodic/lib/librosconsole_log4cxx.so
-- LIB_MODULES=/opt/ros/melodic/lib/librosconsole_backend_interface.so
-- LIB_MODULES=/usr/lib/aarch64-linux-gnu/liblog4cxx.so
-- LIB_MODULES=/usr/lib/aarch64-linux-gnu/libboost_regex.so
-- LIB_MODULES=/opt/ros/melodic/lib/libxmlrpcpp.so
-- LIB_MODULES=/opt/ros/melodic/lib/libroscpp_serialization.so
-- LIB_MODULES=/opt/ros/melodic/lib/librostime.so
-- LIB_MODULES=/opt/ros/melodic/lib/libcpp_common.so
-- LIB_MODULES=/usr/lib/aarch64-linux-gnu/libboost_thread.so
-- LIB_MODULES=/usr/lib/aarch64-linux-gnu/libboost_chrono.so
-- LIB_MODULES=/usr/lib/aarch64-linux-gnu/libboost_date_time.so
-- LIB_MODULES=/usr/lib/aarch64-linux-gnu/libboost_atomic.so
-- LIB_MODULES=/usr/lib/aarch64-linux-gnu/libpthread.so
-- LIB_MODULES=/usr/lib/aarch64-linux-gnu/libconsole_bridge.so.0.4
-- LIB_MODULES=/opt/ros/melodic/lib/libroslib.so
-- LIB_MODULES=/opt/ros/melodic/lib/librospack.so
-- LIB_MODULES=/usr/lib/aarch64-linux-gnu/libpython2.7.so
-- LIB_MODULES=/usr/lib/aarch64-linux-gnu/libboost_filesystem.so
-- LIB_MODULES=/usr/lib/aarch64-linux-gnu/libboost_program_options.so
-- LIB_MODULES=/usr/lib/aarch64-linux-gnu/libboost_system.so
-- LIB_MODULES=/usr/lib/aarch64-linux-gnu/libtinyxml2.so
-- Configuring done
CMake Warning at cmake/server/BuildServer.cmake:56 (add_executable):
  Cannot generate a safe runtime search path for target parker because there
  is a cycle in the constraint graph:

    dir 0 is [/root/workspace/parker/modules/depth/arm64/lib]
    dir 1 is [/root/workspace/parker/modules/sensor/arm64/lib]
    dir 2 is [/root/workspace/parker/modules/detector/lib]
    dir 3 is [/root/workspace/parker/modules/slam/arm64/lib]
    dir 4 is [/root/workspace/parker/modules/slam/arm64/Thirdparty/cartographer/usr/local/lib]
    dir 5 is [/root/workspace/parker/modules/slam/arm64/Thirdparty/DBoW2/lib]
    dir 6 is [/root/workspace/parker/modules/navigation/arm64/lib]
      dir 7 must precede it due to runtime library [libcostmap_2d.so]
    dir 7 is [/opt/ros/melodic/lib]
      dir 6 must precede it due to runtime library [libcostmap_2d.so]
    dir 8 is [/root/workspace/parker/modules/sensor/arm64/deps]
    dir 9 is [/root/workspace/parker/modules/selfcalibr/arm64/lib]
    dir 10 is [/root/workspace/parker/modules/marker/arm64/lib]
    dir 11 is [/root/workspace/parker/kbcontrol/libs/arm64]
    dir 12 is [/usr/local/lib]

  Some of these libraries may not be found correctly.
Call Stack (most recent call first):
  CMakeLists.txt:32 (include)


-- Generating done
-- Build files have been written to: /root/workspace/parker/build
+ make -j4
-- PRO_DIR: /root/workspace/parker
-- HOST_ARCH: armv8
-- PLATFORM=arm64
-- SERVER_VERSION=1.0.0
-- MBUILD_MONITOR=ON
-- MBUILD_RECORDER=ON
-- MBUILD_TEST=ON
-- MBUILD_DEPTH=ON
-- DEPTH_PATH=/root/workspace/parker/modules/depth
-- MBUILD_DEPTH_SIMULATOR=OFF
-- MBUILD_MCU_COPROCESSOR=ON
-- MBUILD_MCU_COPROCESSOR_SIMULATOR=OFF
-- MCUCOP_INCLUDE=/root/workspace/parker/modules/sensor/arm64/include
-- MBUILD_DETECTOR=ON
-- DETECTOR_PATH: /root/workspace/parker/modules/detector
-- DETECTOR_INC=/root/workspace/parker/modules/detector/include
-- MBUILD_DETECTOR_SIMULATOR=OFF
-- Boost version: 1.65.1
-- Found the following Boost libraries:
--   system
--   filesystem
-- MBUILD_IMSEE=ON
-- IMSEE_PATH: /root/workspace/parker/modules/sensor
-- MBUILD_IMSEE_SIMULATOR=OFF
-- MBUILD_SLAM=ON
-- SLAM_PATH: /root/workspace/parker/modules/slam/arm64/
-- MBUILD_NAV=ON
-- NAV_PATH: /root/workspace/parker/modules/navigation
-- MBUILD_ROS_WRAPPER=OFF
-- MBUILD_TOF=ON
-- MBUILD_TOF_SIMULATOR=OFF
-- MBUILD_LASER=ON
-- MBUILD_LASER_SIMULATOR=OFF
-- MBUILD_SENSOR_SYSTEM=ON
-- MBUILD_SENSOR_SYSTEM_SIMULATOR=OFF
-- MBUILD_EMB_MANAGER=ON
-- MBUILD_EMB_MANAGER_SIMULATOR=OFF
-- MBUILD_HMI_SERVICES=ON
-- MBUILD_HMI_SERVICES_SIMULATOR=OFF
-- MBUILD_CALIBRATION=ON
-- MBUILD_CALIBRATION_SIMULATOR=OFF
-- CABLIR_PATH: /root/workspace/parker/modules/selfcalibr
-- CABLIR_PATH_INCLUDE: /root/workspace/parker/modules/selfcalibr/arm64/include
-- MBUILD_HARDWARE_CHECKER=ON
-- MBUILD_SOFTWARE_CHECKER=ON
-- MBUILD_CLOUD=ON
-- CONFIG_BUILD_CLOUD = 1
-- MBUILD_MAP=ON
-- CONFIG_BUILD_MAP = 1
-- MBUILD_WORKLOGS=ON
-- CONFIG_BUILD_WORKLOGS = 1
-- MBUILD_EXCEPTION_HIDING=ON
-- CONFIG_BUILD_EXCEPTION_HIDING = 1
-- MBUILD_MSG_FORWARD=OFF
-- MBUILD_CAN=ON
-- MBUILD_CAN_SIMULATOR=OFF
-- MBUILD_VCU=ON
-- MBUILD_VCU_SIMULATOR=ON
-- MBUILD_MARKER=ON
-- MARKER_PATH: /root/workspace/parker/modules/marker
-- Use the imported target: /usr/include/eigen3
-- MBUILD_KBCONTROL=ON
-- KBCONTROL_PATH: /root/workspace/parker/kbcontrol
-- MBUILD_DATACOLLEC=OFF
-- SERVER_PATH: /root/workspace/parker/server
-- BUILD_WITH_ROS is ON
-- Using CATKIN_DEVEL_PREFIX: /root/workspace/parker/build/devel
-- Using CMAKE_PREFIX_PATH: /root/workspace/parker/modules/navigation/arm64;/opt/ros/melodic
-- This workspace overlays: /root/workspace/parker/modules/navigation/arm64;/opt/ros/melodic
-- Found PythonInterp: /usr/bin/python2 (found suitable version "2.7.17", minimum required is "2") 
-- Using PYTHON_EXECUTABLE: /usr/bin/python2
-- Using Debian Python package layout
-- Using empy: /usr/bin/empy
-- Using CATKIN_ENABLE_TESTING: ON
-- Call enable_testing()
-- Using CATKIN_TEST_RESULTS_DIR: /root/workspace/parker/build/test_results
-- Found gtest sources under '/usr/src/googletest': gtests will be built
-- Found gmock sources under '/usr/src/googletest': gmock will be built
-- Found PythonInterp: /usr/bin/python2 (found version "2.7.17") 
-- Using Python nosetests: /usr/bin/nosetests-2.7
-- catkin 0.7.29
-- BUILD_SHARED_LIBS is on
-- Using these message generators: gencpp;geneus;genlisp;gennodejs;genpy
-- LIB_MODULES=/root/workspace/parker/modules/depth/arm64/lib/libdepth.so
-- LIB_MODULES=/root/workspace/parker/modules/sensor/arm64/lib/libsensor_module.so
-- LIB_MODULES=-lnnsdk
-- LIB_MODULES=-lOpenVX
-- LIB_MODULES=-lOpenVXU
-- LIB_MODULES=-lArchModelSw
-- LIB_MODULES=-lCLC
-- LIB_MODULES=-lGAL
-- LIB_MODULES=-lNNArchPerf
-- LIB_MODULES=-lVSC
-- LIB_MODULES=-lovxlib
-- LIB_MODULES=/root/workspace/parker/modules/detector/lib/libdetector.so
-- LIB_MODULES=/root/workspace/parker/modules/sensor/arm64/lib/libimsee_module.so
-- LIB_MODULES=/root/workspace/parker/modules/slam/arm64//lib/libParker_SLAM.so
-- LIB_MODULES=/root/workspace/parker/modules/slam/arm64//Thirdparty/cartographer/usr/local/lib/libcartographer.so
-- LIB_MODULES=/root/workspace/parker/modules/slam/arm64//Thirdparty/DBoW2/lib/libDBoW2.so
-- LIB_MODULES=/root/workspace/parker/modules/navigation/arm64/lib/libpath_planning.so
-- LIB_MODULES=/opt/ros/melodic/lib/libtf.so
-- LIB_MODULES=/root/workspace/parker/modules/navigation/arm64/lib/libcostmap_2d.so
-- LIB_MODULES=/root/workspace/parker/modules/sensor/arm64/lib/libusbtof_module.so
-- LIB_MODULES=/root/workspace/parker/modules/sensor/arm64/deps/libspectre.so
-- LIB_MODULES=/root/workspace/parker/modules/sensor/arm64/deps/libdepthcomputation.so
-- LIB_MODULES=/root/workspace/parker/modules/sensor/arm64/deps/libdepthmapwrapper.so
-- LIB_MODULES=/root/workspace/parker/modules/sensor/arm64/lib/liblidar_module.so
-- LIB_MODULES=/root/workspace/parker/modules/sensor/arm64/lib/libmulti_module.so
-- LIB_MODULES=/root/workspace/parker/modules/sensor/arm64/lib/libemb_monitor.so
-- LIB_MODULES=/root/workspace/parker/modules/sensor/arm64/lib/libemb_monitor.so
-- LIB_MODULES=/root/workspace/parker/modules/sensor/arm64/lib/libmonitor_node.so
-- LIB_MODULES=/root/workspace/parker/modules/selfcalibr/arm64/lib/libselfStereoCameraCalibration.so
-- LIB_MODULES=uuid
-- LIB_MODULES=/root/workspace/parker/modules/sensor/arm64/lib/libmcu_module.so
-- LIB_MODULES=/root/workspace/parker/modules/marker/arm64/lib/libmarker.so
-- LIB_MODULES=/root/workspace/parker/modules/marker/arm64/lib/libapriltag.so
-- LIB_MODULES=/root/workspace/parker/kbcontrol/libs/arm64/libkbcontrol.so
-- LIB_MODULES=/root/workspace/parker/modules/navigation/arm64/lib/libbase_local_planner.so
-- LIB_MODULES=/root/workspace/parker/modules/navigation/arm64/lib/libtrajectory_planner_ros.so
-- LIB_MODULES=/opt/ros/melodic/lib/libvoxel_grid.so
-- LIB_MODULES=/root/workspace/parker/modules/navigation/arm64/lib/librotate_recovery.so
-- LIB_MODULES=/opt/ros/melodic/lib/libcostmap_2d.so
-- LIB_MODULES=/opt/ros/melodic/lib/liblayers.so
-- LIB_MODULES=/opt/ros/melodic/lib/libdynamic_reconfigure_config_init_mutex.so
-- LIB_MODULES=/opt/ros/melodic/lib/liblaser_geometry.so
-- LIB_MODULES=/opt/ros/melodic/lib/libtf.so
-- LIB_MODULES=/opt/ros/melodic/lib/libclass_loader.so
-- LIB_MODULES=/usr/lib/libPocoFoundation.so
-- LIB_MODULES=/usr/lib/aarch64-linux-gnu/libdl.so
-- LIB_MODULES=/opt/ros/melodic/lib/libtf2_ros.so
-- LIB_MODULES=/opt/ros/melodic/lib/libactionlib.so
-- LIB_MODULES=/opt/ros/melodic/lib/libmessage_filters.so
-- LIB_MODULES=/opt/ros/melodic/lib/libtf2.so
-- LIB_MODULES=/opt/ros/melodic/lib/libroscpp.so
-- LIB_MODULES=/opt/ros/melodic/lib/librosconsole.so
-- LIB_MODULES=/opt/ros/melodic/lib/librosconsole_log4cxx.so
-- LIB_MODULES=/opt/ros/melodic/lib/librosconsole_backend_interface.so
-- LIB_MODULES=/usr/lib/aarch64-linux-gnu/liblog4cxx.so
-- LIB_MODULES=/usr/lib/aarch64-linux-gnu/libboost_regex.so
-- LIB_MODULES=/opt/ros/melodic/lib/libxmlrpcpp.so
-- LIB_MODULES=/opt/ros/melodic/lib/libroscpp_serialization.so
-- LIB_MODULES=/opt/ros/melodic/lib/librostime.so
-- LIB_MODULES=/opt/ros/melodic/lib/libcpp_common.so
-- LIB_MODULES=/usr/lib/aarch64-linux-gnu/libboost_thread.so
-- LIB_MODULES=/usr/lib/aarch64-linux-gnu/libboost_chrono.so
-- LIB_MODULES=/usr/lib/aarch64-linux-gnu/libboost_date_time.so
-- LIB_MODULES=/usr/lib/aarch64-linux-gnu/libboost_atomic.so
-- LIB_MODULES=/usr/lib/aarch64-linux-gnu/libpthread.so
-- LIB_MODULES=/usr/lib/aarch64-linux-gnu/libconsole_bridge.so.0.4
-- LIB_MODULES=/opt/ros/melodic/lib/libroslib.so
-- LIB_MODULES=/opt/ros/melodic/lib/librospack.so
-- LIB_MODULES=/usr/lib/aarch64-linux-gnu/libpython2.7.so
-- LIB_MODULES=/usr/lib/aarch64-linux-gnu/libboost_filesystem.so
-- LIB_MODULES=/usr/lib/aarch64-linux-gnu/libboost_program_options.so
-- LIB_MODULES=/usr/lib/aarch64-linux-gnu/libboost_system.so
-- LIB_MODULES=/usr/lib/aarch64-linux-gnu/libtinyxml2.so
-- Configuring done
CMake Warning at cmake/server/BuildServer.cmake:56 (add_executable):
  Cannot generate a safe runtime search path for target parker because there
  is a cycle in the constraint graph:

    dir 0 is [/root/workspace/parker/modules/depth/arm64/lib]
    dir 1 is [/root/workspace/parker/modules/sensor/arm64/lib]
    dir 2 is [/root/workspace/parker/modules/detector/lib]
    dir 3 is [/root/workspace/parker/modules/slam/arm64/lib]
    dir 4 is [/root/workspace/parker/modules/slam/arm64/Thirdparty/cartographer/usr/local/lib]
    dir 5 is [/root/workspace/parker/modules/slam/arm64/Thirdparty/DBoW2/lib]
    dir 6 is [/root/workspace/parker/modules/navigation/arm64/lib]
      dir 7 must precede it due to runtime library [libcostmap_2d.so]
    dir 7 is [/opt/ros/melodic/lib]
      dir 6 must precede it due to runtime library [libcostmap_2d.so]
    dir 8 is [/root/workspace/parker/modules/sensor/arm64/deps]
    dir 9 is [/root/workspace/parker/modules/selfcalibr/arm64/lib]
    dir 10 is [/root/workspace/parker/modules/marker/arm64/lib]
    dir 11 is [/root/workspace/parker/kbcontrol/libs/arm64]
    dir 12 is [/usr/local/lib]

  Some of these libraries may not be found correctly.
Call Stack (most recent call first):
  CMakeLists.txt:32 (include)


-- Generating done
-- Build files have been written to: /root/workspace/parker/build
Scanning dependencies of target parker
make[2]: 警告：文件“/usr/local/include/opencv2/opencv_modules.hpp”的修改时间在未来 23849065 秒后
[  1%] Building CXX object CMakeFiles/parker.dir/server/nodes/monitor/hd_resource/HardwareResourceMonitor.cpp.o
[  2%] Building CXX object CMakeFiles/parker.dir/server/nodes/monitor/MonitorNode.cpp.o
[  3%] Building CXX object CMakeFiles/parker.dir/server/nodes/monitor/data/DataMonitor.cpp.o
[  4%] Building CXX object CMakeFiles/parker.dir/server/nodes/monitor/error_report/ErrorReportMonitor.cpp.o
[  5%] Building CXX object CMakeFiles/parker.dir/server/nodes/recorder/RecorderNode.cpp.o
[  6%] Building CXX object CMakeFiles/parker.dir/server/nodes/recorder/recorder/Recorder.cpp.o
Completed parker_ui #45 : FAILURE
[  7%] Building CXX object CMakeFiles/parker.dir/server/nodes/recorder/player/Player.cpp.o
[  8%] Building CXX object CMakeFiles/parker.dir/server/nodes/test/Test.cpp.o
[  9%] Building CXX object CMakeFiles/parker.dir/server/nodes/test/cases/CaseFactory.cpp.o
[  9%] Building CXX object CMakeFiles/parker.dir/server/nodes/depth/DepthProxy.cpp.o
[ 10%] Building CXX object CMakeFiles/parker.dir/server/nodes/mcu_coprocessor/McuCoprocessorNode.cpp.o
/root/workspace/parker/server/nodes/depth/DepthProxy.cpp: In member function ‘bool swr::node::DepthProxy::OnInitParam(bool&)’:
/root/workspace/parker/server/nodes/depth/DepthProxy.cpp:177:24: warning: unused variable ‘enableCamera’ [-Wunused-variable]
                 auto &&enableCamera = true;
                        ^~~~~~~~~~~~
[ 12%] Building CXX object CMakeFiles/parker.dir/server/nodes/detector/DetectorProxy.cpp.o
[ 13%] Building CXX object CMakeFiles/parker.dir/server/nodes/imsee/ImseeProxy.cpp.o
[ 14%] Building CXX object CMakeFiles/parker.dir/server/util/model_param/ModelParam.cpp.o
[ 15%] Building CXX object CMakeFiles/parker.dir/server/nodes/slam/SlamProxy.cpp.o
In file included from /root/workspace/parker/server/nodes/detector/DetectorProxy.cpp:1:0:
/root/workspace/parker/server/nodes/detector/DetectorProxy.h:24:5: error: ‘robot_detector’ does not name a type
     robot_detector::Detector* instance;
     ^~~~~~~~~~~~~~
/root/workspace/parker/server/nodes/detector/DetectorProxy.h:29:36: error: ‘robot_detector’ does not name a type
     void PublishDetectorData(const robot_detector::DetectorResult& detecRlt,
                                    ^~~~~~~~~~~~~~
/root/workspace/parker/server/nodes/detector/DetectorProxy.h:29:66: error: expected unqualified-id before ‘&’ token
     void PublishDetectorData(const robot_detector::DetectorResult& detecRlt,
                                                                  ^
/root/workspace/parker/server/nodes/detector/DetectorProxy.h:29:66: error: expected ‘)’ before ‘&’ token
/root/workspace/parker/server/nodes/detector/DetectorProxy.h:29:66: error: expected ‘;’ at end of member declaration
/root/workspace/parker/server/nodes/detector/DetectorProxy.h:29:68: error: ‘detecRlt’ does not name a type; did you mean ‘execlp’?
     void PublishDetectorData(const robot_detector::DetectorResult& detecRlt,
                                                                    ^~~~~~~~
                                                                    execlp
/root/workspace/parker/server/nodes/detector/DetectorProxy.cpp: In constructor ‘swr::node::DetectorProxy::DetectorProxy()’:
/root/workspace/parker/server/nodes/detector/DetectorProxy.cpp:9:5: error: ‘instance’ was not declared in this scope
     instance = nullptr;
     ^~~~~~~~
/root/workspace/parker/server/nodes/detector/DetectorProxy.cpp:9:5: note: suggested alternative: ‘isspace’
     instance = nullptr;
     ^~~~~~~~
     isspace
/root/workspace/parker/server/nodes/detector/DetectorProxy.cpp: In destructor ‘virtual swr::node::DetectorProxy::~DetectorProxy()’:
/root/workspace/parker/server/nodes/detector/DetectorProxy.cpp:15:5: error: ‘robot_detector’ has not been declared
     robot_detector::Destroy(instance);
     ^~~~~~~~~~~~~~
/root/workspace/parker/server/nodes/detector/DetectorProxy.cpp:15:29: error: ‘instance’ was not declared in this scope
     robot_detector::Destroy(instance);
                             ^~~~~~~~
/root/workspace/parker/server/nodes/detector/DetectorProxy.cpp:15:29: note: suggested alternative: ‘isspace’
     robot_detector::Destroy(instance);
                             ^~~~~~~~
                             isspace
/root/workspace/parker/server/nodes/detector/DetectorProxy.cpp: In member function ‘bool swr::node::DetectorProxy::Pause()’:
/root/workspace/parker/server/nodes/detector/DetectorProxy.cpp:20:9: error: ‘instance’ was not declared in this scope
     if (instance != nullptr) {
         ^~~~~~~~
/root/workspace/parker/server/nodes/detector/DetectorProxy.cpp:20:9: note: suggested alternative: ‘isspace’
     if (instance != nullptr) {
         ^~~~~~~~
         isspace
/root/workspace/parker/server/nodes/detector/DetectorProxy.cpp: In member function ‘bool swr::node::DetectorProxy::Restart()’:
/root/workspace/parker/server/nodes/detector/DetectorProxy.cpp:27:9: error: ‘instance’ was not declared in this scope
     if (instance != nullptr) {
         ^~~~~~~~
/root/workspace/parker/server/nodes/detector/DetectorProxy.cpp:27:9: note: suggested alternative: ‘isspace’
     if (instance != nullptr) {
         ^~~~~~~~
         isspace
/root/workspace/parker/server/nodes/detector/DetectorProxy.cpp: In member function ‘virtual bool swr::node::DetectorProxy::Init()’:
/root/workspace/parker/server/nodes/detector/DetectorProxy.cpp:60:5: error: ‘instance’ was not declared in this scope
     instance = robot_detector::Create();
     ^~~~~~~~
/root/workspace/parker/server/nodes/detector/DetectorProxy.cpp:60:5: note: suggested alternative: ‘isspace’
     instance = robot_detector::Create();
     ^~~~~~~~
     isspace
/root/workspace/parker/server/nodes/detector/DetectorProxy.cpp:60:16: error: ‘robot_detector’ has not been declared
     instance = robot_detector::Create();
                ^~~~~~~~~~~~~~
[ 16%] Building CXX object CMakeFiles/parker.dir/server/nodes/navigation/NavProxy.cpp.o
/root/workspace/parker/server/nodes/detector/DetectorProxy.cpp: In member function ‘bool swr::node::DetectorProxy::OnLoadMap(const string&)’:
/root/workspace/parker/server/nodes/detector/DetectorProxy.cpp:119:20: error: ‘instance’ was not declared in this scope
     if (nullptr == instance) {
                    ^~~~~~~~
/root/workspace/parker/server/nodes/detector/DetectorProxy.cpp:119:20: note: suggested alternative: ‘isspace’
     if (nullptr == instance) {
                    ^~~~~~~~
                    isspace
/root/workspace/parker/server/nodes/detector/DetectorProxy.cpp:124:20: error: ‘instance’ was not declared in this scope
     auto success = instance->LoadMap(file);
                    ^~~~~~~~
/root/workspace/parker/server/nodes/detector/DetectorProxy.cpp:124:20: note: suggested alternative: ‘isspace’
     auto success = instance->LoadMap(file);
                    ^~~~~~~~
                    isspace
/root/workspace/parker/server/nodes/detector/DetectorProxy.cpp: In member function ‘bool swr::node::DetectorProxy::OnStart(bool&)’:
/root/workspace/parker/server/nodes/detector/DetectorProxy.cpp:132:9: error: ‘instance’ was not declared in this scope
     if (instance != nullptr) {
         ^~~~~~~~
/root/workspace/parker/server/nodes/detector/DetectorProxy.cpp:132:9: note: suggested alternative: ‘isspace’
     if (instance != nullptr) {
         ^~~~~~~~
         isspace
/root/workspace/parker/server/nodes/detector/DetectorProxy.cpp: In member function ‘bool swr::node::DetectorProxy::OnPaused()’:
/root/workspace/parker/server/nodes/detector/DetectorProxy.cpp:147:20: error: ‘instance’ was not declared in this scope
     auto success = instance->Pause();
                    ^~~~~~~~
/root/workspace/parker/server/nodes/detector/DetectorProxy.cpp:147:20: note: suggested alternative: ‘isspace’
     auto success = instance->Pause();
                    ^~~~~~~~
                    isspace
/root/workspace/parker/server/nodes/detector/DetectorProxy.cpp: In member function ‘bool swr::node::DetectorProxy::OnResume()’:
/root/workspace/parker/server/nodes/detector/DetectorProxy.cpp:156:20: error: ‘instance’ was not declared in this scope
     auto success = instance->Restart();
                    ^~~~~~~~
/root/workspace/parker/server/nodes/detector/DetectorProxy.cpp:156:20: note: suggested alternative: ‘isspace’
     auto success = instance->Restart();
                    ^~~~~~~~
                    isspace
/root/workspace/parker/server/nodes/detector/DetectorProxy.cpp: In member function ‘bool swr::node::DetectorProxy::OnSaveMap(const string&)’:
/root/workspace/parker/server/nodes/detector/DetectorProxy.cpp:165:20: error: ‘instance’ was not declared in this scope
     if (nullptr == instance) {
                    ^~~~~~~~
/root/workspace/parker/server/nodes/detector/DetectorProxy.cpp:165:20: note: suggested alternative: ‘isspace’
     if (nullptr == instance) {
                    ^~~~~~~~
                    isspace
/root/workspace/parker/server/nodes/detector/DetectorProxy.cpp:170:20: error: ‘instance’ was not declared in this scope
     auto success = instance->SaveMap(file);
                    ^~~~~~~~
/root/workspace/parker/server/nodes/detector/DetectorProxy.cpp:170:20: note: suggested alternative: ‘isspace’
     auto success = instance->SaveMap(file);
                    ^~~~~~~~
                    isspace
/root/workspace/parker/server/nodes/detector/DetectorProxy.cpp: In member function ‘bool swr::node::DetectorProxy::OnStopped(bool&)’:
/root/workspace/parker/server/nodes/detector/DetectorProxy.cpp:178:9: error: ‘instance’ was not declared in this scope
     if (instance != nullptr) {
         ^~~~~~~~
/root/workspace/parker/server/nodes/detector/DetectorProxy.cpp:178:9: note: suggested alternative: ‘isspace’
     if (instance != nullptr) {
         ^~~~~~~~
         isspace
/root/workspace/parker/server/nodes/detector/DetectorProxy.cpp: In member function ‘bool swr::node::DetectorProxy::OnInitParam(bool&)’:
/root/workspace/parker/server/nodes/detector/DetectorProxy.cpp:202:19: error: ‘instance’ was not declared in this scope
         success = instance->SetParam(srv.param);
                   ^~~~~~~~
/root/workspace/parker/server/nodes/detector/DetectorProxy.cpp:202:19: note: suggested alternative: ‘isspace’
         success = instance->SetParam(srv.param);
                   ^~~~~~~~
                   isspace
/root/workspace/parker/server/nodes/detector/DetectorProxy.cpp: At global scope:
/root/workspace/parker/server/nodes/detector/DetectorProxy.cpp:216:11: error: ‘robot_detector’ does not name a type
     const robot_detector::DetectorResult& detecRlt,
           ^~~~~~~~~~~~~~
/root/workspace/parker/server/nodes/detector/DetectorProxy.cpp:216:41: error: expected unqualified-id before ‘&’ token
     const robot_detector::DetectorResult& detecRlt,
                                         ^
/root/workspace/parker/server/nodes/detector/DetectorProxy.cpp:216:41: error: expected ‘)’ before ‘&’ token
/root/workspace/parker/server/nodes/detector/DetectorProxy.cpp:216:43: error: expected initializer before ‘detecRlt’
     const robot_detector::DetectorResult& detecRlt,
                                           ^~~~~~~~
/root/workspace/parker/server/nodes/detector/DetectorProxy.cpp: In member function ‘void swr::node::DetectorProxy::OnSenmaticMap(const swr::dl::SenmaticMap&)’:
/root/workspace/parker/server/nodes/detector/DetectorProxy.cpp:257:5: error: ‘instance’ was not declared in this scope
     instance->SetSenmaticMap(msg);
     ^~~~~~~~
/root/workspace/parker/server/nodes/detector/DetectorProxy.cpp:257:5: note: suggested alternative: ‘isspace’
     instance->SetSenmaticMap(msg);
     ^~~~~~~~
     isspace
/root/workspace/parker/server/nodes/detector/DetectorProxy.cpp: In member function ‘void swr::node::DetectorProxy::OnImageData(const swr::imsee_types::CImseeImage&)’:
/root/workspace/parker/server/nodes/detector/DetectorProxy.cpp:262:5: error: ‘instance’ was not declared in this scope
     instance->SetImage(msg.time, msg.left);
     ^~~~~~~~
/root/workspace/parker/server/nodes/detector/DetectorProxy.cpp:262:5: note: suggested alternative: ‘isspace’
     instance->SetImage(msg.time, msg.left);
     ^~~~~~~~
     isspace
/root/workspace/parker/server/nodes/detector/DetectorProxy.cpp: In member function ‘void swr::node::DetectorProxy::OnLidarData(const std::shared_ptr<const swr::sensor_types::LaserScan>&)’:
/root/workspace/parker/server/nodes/detector/DetectorProxy.cpp:267:5: error: ‘instance’ was not declared in this scope
     instance->SetLidar(*msg.get());
     ^~~~~~~~
/root/workspace/parker/server/nodes/detector/DetectorProxy.cpp:267:5: note: suggested alternative: ‘isspace’
     instance->SetLidar(*msg.get());
     ^~~~~~~~
     isspace
/root/workspace/parker/server/nodes/detector/DetectorProxy.cpp: In member function ‘void swr::node::DetectorProxy::OnDepthData(const swr::depth_types::DepthMatrix&)’:
/root/workspace/parker/server/nodes/detector/DetectorProxy.cpp:271:5: error: ‘instance’ was not declared in this scope
     instance->SetDepth(msg);
     ^~~~~~~~
/root/workspace/parker/server/nodes/detector/DetectorProxy.cpp:271:5: note: suggested alternative: ‘isspace’
     instance->SetDepth(msg);
     ^~~~~~~~
     isspace
/root/workspace/parker/server/nodes/detector/DetectorProxy.cpp: In member function ‘void swr::node::DetectorProxy::OnSlamResult(const swr::slam_types::SlamResult&)’:
/root/workspace/parker/server/nodes/detector/DetectorProxy.cpp:275:5: error: ‘instance’ was not declared in this scope
     instance->SetPose(msg);
     ^~~~~~~~
/root/workspace/parker/server/nodes/detector/DetectorProxy.cpp:275:5: note: suggested alternative: ‘isspace’
     instance->SetPose(msg);
     ^~~~~~~~
     isspace
/root/workspace/parker/server/nodes/detector/DetectorProxy.cpp: In member function ‘bool swr::node::DetectorProxy::OnStopped(bool&)’:
/root/workspace/parker/server/nodes/detector/DetectorProxy.cpp:189:1: warning: control reaches end of non-void function [-Wreturn-type]
 }
 ^
CMakeFiles/parker.dir/build.make:326: recipe for target 'CMakeFiles/parker.dir/server/nodes/detector/DetectorProxy.cpp.o' failed
make[2]: *** [CMakeFiles/parker.dir/server/nodes/detector/DetectorProxy.cpp.o] Error 1
make[2]: *** 正在等待未完成的任务....
/root/workspace/parker/server/nodes/slam/SlamProxy.cpp: In member function ‘void swr::node::SlamProxy::OnSenmaticMap(const swr::dl::SenmaticMap&)’:
/root/workspace/parker/server/nodes/slam/SlamProxy.cpp:342:18: warning: variable ‘error’ set but not used [-Wunused-but-set-variable]
             auto error = m_location->revSenmaticMapN(map);
                  ^~~~~
CMakeFiles/Makefile2:1507: recipe for target 'CMakeFiles/parker.dir/all' failed
make[1]: *** [CMakeFiles/parker.dir/all] Error 2
Makefile:140: recipe for target 'all' failed
make: *** [all] Error 2
Build step 'Execute shell' marked build as failure
Email was triggered for: Failure - Any
Sending email for trigger: Failure - Any
Sending email to: qishanqing@indemind.cn wangjianwei@indemind.cn
Finished: FAILURE
