Started by user [8mha:////4HSeVHkKJ5mgbZK4sWy8myCb9E5jTwXackQ/FiSdye3XAAAAmR+LCAAAAAAAAP9b85aBtbiIQTGjNKU4P08vOT+vOD8nVc83PyU1x6OyILUoJzMv2y+/JJUBAhiZGBgqihhk0NSjKDWzXb3RdlLBUSYGJk8GtpzUvPSSDB8G5tKinBIGIZ+sxLJE/ZzEvHT94JKizLx0a6BxUmjGOUNodHsLgAz2EgZe/dLi1CL9wszSnMyiUgDL2Mr0wgAAAA==[0mQiuliru
Rebuilds build #[8mha:////4M+Unpq/m+n+o43fCEfxWCKTMfgJRg9rMKew/WSghKszAAAArR+LCAAAAAAAAP9b85aBtbiIQTGjNKU4P08vOT+vOD8nVc83PyU1x6OyILUoJzMv2y+/JJUBAhiZGBgqihhk0NSjKDWzXb3RdlLBUSYGJk8GtpzUvPSSDB8G5tKinBIGIZ+sxLJE/ZzEvHT94JKizLx0a6BxUmjGOUNodHsLgAzmEgYV/bLM1HL9lNSCkgz9rPwk/aLSpKRKXTBftyS1uETf0NQQAMz2YSLZAAAA[0m151
Running as SYSTEM
Building remotely on [8mha:////4GJECaSXI5jaa88kGHMmbEkdCg31N4g4yVAlsCFwflHgAAAAmR+LCAAAAAAAAP9b85aBtbiIQTGjNKU4P08vOT+vOD8nVc83PyU1x6OyILUoJzMv2y+/JJUBAhiZGBgqihhk0NSjKDWzXb3RdlLBUSYGJk8GtpzUvPSSDB8G5tKinBIGIZ+sxLJE/ZzEvHT94JKizLx0a6BxUmjGOUNodHsLgAzmEgZe/eT83ILSktQifUNLQwA4ziQnwgAAAA==[0m191 (192.168.50.191) in workspace /home/indemind/.jenkins_slave/workspace/rubby-depth-test
[WS-CLEANUP] Deleting project workspace...
[WS-CLEANUP] Deferred wipeout is used...
[WS-CLEANUP] Done
No emails were triggered.
[rubby-depth-test] $ /bin/sh -xe /tmp/jenkins17682628912548717727.sh
+ bash /home/indemind/myscript/build/build.sh
++ export MYSQL_PWD=123
++ MYSQL_PWD=123
++ export -f cmdb_mysql
+ set -ex
+ export -f public_project_update
+ export -f project_build
+ init_project_env
++ date +%Y%m%d
+ DT=20240326
+ UserName=jenkins
+ API_TOKEN=11b65309c9835de9579d9c9038853d9eb7
+ GIT_PRIVATE_TOKEN=emEDrsaJVjxKK5gSWrf-
+ GIT_HOST=192.168.50.191
++ echo abby/integration/depth
++ awk -F/ '{print $1"%2F"$2}'
+ CONVERT_TARGET_PROJECT=abby%2Fintegration
++ curl -XGET -H 'Content-Type: application/json' --header 'PRIVATE-TOKEN: emEDrsaJVjxKK5gSWrf-' http://192.168.50.191:85/api/v4/projects/abby%2Fintegration
++ python -c 'import sys, json; print(json.load(sys.stdin)["id"])'
  % Total    % Received % Xferd  Average Speed   Time    Time     Time  Current
                                 Dload  Upload   Total   Spent    Left  Speed
  0     0    0     0    0     0      0      0 --:--:-- --:--:-- --:--:--     0100    35  100    35    0     0   1118      0 --:--:-- --:--:-- --:--:--  1129
Traceback (most recent call last):
  File "<string>", line 1, in <module>
KeyError: 'id'
+ SUB_PROJECT_ID=
+ true
+ '[' -z ']'
+ SOURCE_DIR=/home/indemind/.jenkins_slave/workspace/rubby-depth-test/DepthModuleForRubby
+ TARGET_DIR=/home/indemind/.jenkins_slave/workspace/rubby-depth-test/depth
+ prepare_env
++ uname -m
+ system_platform=x86_64
+ :
++ cat /proc/cpuinfo
++ grep processor
++ sort
++ uniq
++ wc -l
+ mt=-j4
+ export COMMIT_ID_FILE=/home/indemind/.jenkins_slave/workspace/rubby-depth-test/_last_build_id
+ COMMIT_ID_FILE=/home/indemind/.jenkins_slave/workspace/rubby-depth-test/_last_build_id
+ export COMMIT_MSG_FILE=/home/indemind/.jenkins_slave/workspace/rubby-depth-test/_commit-msg
+ COMMIT_MSG_FILE=/home/indemind/.jenkins_slave/workspace/rubby-depth-test/_commit-msg
+ export COMMIT_MSG_FILE_TMP=/home/indemind/.jenkins_slave/workspace/rubby-depth-test/_commit-msg.tmp
+ COMMIT_MSG_FILE_TMP=/home/indemind/.jenkins_slave/workspace/rubby-depth-test/_commit-msg.tmp
+ rm -f /home/indemind/.jenkins_slave/workspace/rubby-depth-test/_last_build_id
+ rm -f /home/indemind/.jenkins_slave/workspace/rubby-depth-test/_commit-msg
+ rm -f /home/indemind/.jenkins_slave/workspace/rubby-depth-test/_commit-msg.tmp
+ rm -f /home/indemind/.jenkins_slave/workspace/rubby-depth-test/result.log
+ rm -f /home/indemind/.jenkins_slave/workspace/rubby-depth-test/no_code_change.log
+ CLONE_DEPTH=--depth=1
+ PUBLICBASETYPES_DIR=/home/indemind/system/I18RPublicBaseTypes
+ cmdb_mysql 'insert into prebuild(job_name,source_project,source_branch,target_project,target_branch,time,build_url,node_name,build_user) values ('\''rubby-depth-test'\'','\''qiuliru/DepthModuleForRubby'\'','\''dev_shending'\'','\''abby/integration/depth'\'','\''caffer'\'',now(),'\''http://192.168.50.191:8088/job/rubby-depth-test/152/'\'','\''191'\'','\''qiuliru'\'')'
+ set +x
+ DOCKER_CONTAINER_I18=build-x64-18.04
+ DOCKER_CONTAINER_RUBBY=c405
+ DOCKER_CONTAINER_RUBBY_INSIDE=c3566
+ DOCKER_CONTAINER_JAVA=node
+ JENKINS_JOB_A=mind
+ JENKINS_JOB_B=rbn
+ JENKINS_JOB_C=mark-check-tools
+ JENKINS_JOB_D=java
+ JENKINS_JOB_E=clean_recorder
+ JENKINS_JOB_F=i18r
+ JENKINS_JOB_G=nodejs
+ JENKINS_JOB_H=_ui
+ JENKINS_JOB_L=i12r
+ [[ rubby-depth-test =~ mind ]]
+ '[' true = false ']'
+ source_project_fetch
+ git clone ssh://git@192.168.50.191:222/qiuliru/DepthModuleForRubby -b dev_shending --depth=1
æ­£å…‹éš†åˆ° 'DepthModuleForRubby'...
Warning: Permanently added '[192.168.50.191]:222' (ECDSA) to the list of known hosts.
+ target_project_update
+ rm -rf /home/indemind/.jenkins_slave/workspace/rubby-depth-test/depth
+ target_project_fetch
+ git clone ssh://git@192.168.50.191:222/abby/integration/depth -b caffer --depth=1
æ­£å…‹éš†åˆ° 'depth'...
Warning: Permanently added '[192.168.50.191]:222' (ECDSA) to the list of known hosts.
+ insert_db
+ pushd /home/indemind/.jenkins_slave/workspace/rubby-depth-test/DepthModuleForRubby
~/.jenkins_slave/workspace/rubby-depth-test/DepthModuleForRubby ~/.jenkins_slave/workspace/rubby-depth-test
++ cmdb_mysql 'SELECT first_commit_id FROM prebuild where source_project='\''qiuliru/DepthModuleForRubby'\'' and source_branch='\''dev_shending'\'' and target_project='\''abby/integration/depth'\'' and target_branch='\''caffer'\'' and status='\''0'\'' and job_name='\''rubby-depth-test'\'' order by id desc limit 1;'
++ set +x
+ version='first_commit_id
856adfb'
++ echo first_commit_id 856adfb
++ awk -F ' ' '{print $2}'
+ version=856adfb
++ git log -1 --pretty=format:%h
+ first_commit_id_now=c305d5f
+ cmdb_mysql 'update prebuild set first_commit_id='\''c305d5f'\'' where build_url='\''http://192.168.50.191:8088/job/rubby-depth-test/152/'\'';'
+ set +x
+ popd
~/.jenkins_slave/workspace/rubby-depth-test
+ [[ x86_64 =~ x86_64 ]]
+ docker exec -i c405 /bin/bash
+ [[ c405 == c405 ]]
+ echo 'rubby project building in c405......'
rubby project building in c405......
+ pushd /root/system/abby_msg
~/system/abby_msg /
+ git checkout ./
+ git clean -xdf ./
+ git pull origin master
From ssh://192.168.50.191:222/abby/source/abby_msg
 * branch            master     -> FETCH_HEAD
Already up to date.
+ popd
/
+ pushd /home/indemind/.jenkins_slave/workspace/rubby-depth-test/DepthModuleForRubby
/home/indemind/.jenkins_slave/workspace/rubby-depth-test/DepthModuleForRubby /
+ git submodule update --init --recursive
Submodule 'source/submodules/abby_msg' (http://192.168.50.191:85/abby/source/abby_msg.git) registered for path 'source/submodules/abby_msg'
Cloning into '/home/indemind/.jenkins_slave/workspace/rubby-depth-test/DepthModuleForRubby/source/submodules/abby_msg'...
Submodule path 'source/submodules/abby_msg': checked out 'd1567adfab8b002112b3f9cc3bb50da2fbe1fe35'
+ git submodule update --remote
Submodule path 'source/submodules/abby_msg': checked out 'b88d9865152c095d9060dbbb36e215de0f69643f'
+ sed -i 's/make -j[0-9].*/make -j4/g' compile.sh
+ '[' xc305d5f == x856adfb ']'
+ source /opt/ros/melodic/setup.bash
+ bash -ex compile.sh
+ main
+ git submodule update --init --recursive
Submodule path 'source/submodules/abby_msg': checked out 'd1567adfab8b002112b3f9cc3bb50da2fbe1fe35'
+ git submodule update --remote
Submodule path 'source/submodules/abby_msg': checked out 'b88d9865152c095d9060dbbb36e215de0f69643f'
+++ dirname compile.sh
++ cd .
++ pwd
+ local projectPath=/home/indemind/.jenkins_slave/workspace/rubby-depth-test/DepthModuleForRubby
+ local libPath=
++ arch
+ '[' aarch64 = x86_64 ']'
+ libPath=/home/indemind/.jenkins_slave/workspace/rubby-depth-test/DepthModuleForRubby/install/lib/arm
+ echo 'libpath: /home/indemind/.jenkins_slave/workspace/rubby-depth-test/DepthModuleForRubby/install/lib/arm'
libpath: /home/indemind/.jenkins_slave/workspace/rubby-depth-test/DepthModuleForRubby/install/lib/arm
+ cd /home/indemind/.jenkins_slave/workspace/rubby-depth-test/DepthModuleForRubby
+ rm -rf lib
+ rm -rf build
+ mkdir build
+ cd build
+ cmake ..
-- The C compiler identification is GNU 7.5.0
-- The CXX compiler identification is GNU 7.5.0
-- Check for working C compiler: /usr/bin/cc
-- Check for working C compiler: /usr/bin/cc -- works
-- Detecting C compiler ABI info
-- Detecting C compiler ABI info - done
-- Detecting C compile features
-- Detecting C compile features - done
-- Check for working CXX compiler: /usr/bin/c++
-- Check for working CXX compiler: /usr/bin/c++ -- works
-- Detecting CXX compiler ABI info
-- Detecting CXX compiler ABI info - done
-- Detecting CXX compile features
-- Detecting CXX compile features - done
Build type: Release
Detected armv8  -D__ARM_PLATFORM__ -D__ARM_NEON__ -DENABLE_NEON -Ofast -std=c++17 -Wno-unused-result
-- Performing Test COMPILER_SUPPORTS_CXX17
-- Performing Test COMPILER_SUPPORTS_CXX17 - Success
-- Performing Test COMPILER_SUPPORTS_CXX0X
-- Performing Test COMPILER_SUPPORTS_CXX0X - Success
-- Using flag -std=c++17.
-- CONFIG_BUILD_ROS=OFF
-- Boost version: 1.65.1
-- Found the following Boost libraries:
--   system
--   filesystem
CMake Warning at source/CMakeLists.txt:98 (message):
  OpenMP found.


-- CONFIG_BUILD_I18R=OFF
-- CONFIG_BUILD_I26R=OFF
-- CONFIG_BUILD_RUBBY=ON
-- CONFIG_BUILD_TOF=ON
-- CONFIG_BUILD_OPENCV_CONTRIB=OFF
-- config path="/home/indemind/.jenkins_slave/workspace/rubby-depth-test/DepthModuleForRubby/source/../config/"
-- BUILD_TEST_NODE=ON
-- BUILD_TOF_CAM_TEST_NODE=OFF
-- Configuring done
-- Generating done
-- Build files have been written to: /home/indemind/.jenkins_slave/workspace/rubby-depth-test/DepthModuleForRubby/build
+ make -j4
Scanning dependencies of target depth_plugin
make[2]: *** No rule to make target '../source/lib/libdepth.so', needed by '../lib/libdepth_plugin.so'.  Stop.
make[2]: *** Waiting for unfinished jobs....
[  3%] Building CXX object node/CMakeFiles/depth_plugin.dir/depthdemo.cc.o
Scanning dependencies of target depth
[  9%] Building CXX object source/CMakeFiles/depth.dir/modules/common/filter.cpp.o
[  9%] Building CXX object source/CMakeFiles/depth.dir/modules/common/math.cpp.o
[ 12%] Building CXX object source/CMakeFiles/depth.dir/modules/common/cloud_quality.cpp.o
[ 15%] Building CXX object source/CMakeFiles/depth.dir/modules/common/point_process.cpp.o
[ 18%] Building CXX object source/CMakeFiles/depth.dir/modules/common/time.cpp.o
[ 21%] Building CXX object source/CMakeFiles/depth.dir/modules/common/visualization.cpp.o
[ 25%] Building CXX object source/CMakeFiles/depth.dir/modules/recorder/recorder.cpp.o
[ 28%] Building CXX object source/CMakeFiles/depth.dir/modules/laser/ground_layer.cpp.o
[ 31%] Building CXX object source/CMakeFiles/depth.dir/modules/laser/laser_computation.cpp.o
CMakeFiles/Makefile2:179: recipe for target 'node/CMakeFiles/depth_plugin.dir/all' failed
make[1]: *** [node/CMakeFiles/depth_plugin.dir/all] Error 2
make[1]: *** Waiting for unfinished jobs....
[ 34%] Building CXX object source/CMakeFiles/depth.dir/modules/laser/laser_layers.cpp.o
[ 37%] Building CXX object source/CMakeFiles/depth.dir/modules/stereo_vision/stereo_vision.cpp.o
[ 40%] Building CXX object source/CMakeFiles/depth.dir/modules/stereo_vision/rectify/orb_extractor.cpp.o
[ 43%] Building CXX object source/CMakeFiles/depth.dir/modules/stereo_vision/rectify/rectify.cpp.o
[ 46%] Building CXX object source/CMakeFiles/depth.dir/modules/stereo_vision/bm_cpu/block_matching.cpp.o
[ 50%] Building CXX object source/CMakeFiles/depth.dir/modules/tof/tof.cpp.o
[ 53%] Building CXX object source/CMakeFiles/depth.dir/modules/calibration/calibration.cpp.o
[ 56%] Building CXX object source/CMakeFiles/depth.dir/modules/mapping/mapping.cpp.o
[ 59%] Building CXX object source/CMakeFiles/depth.dir/modules/impl/depth_impl.cpp.o
[ 62%] Building CXX object source/CMakeFiles/depth.dir/modules/impl/laser_thread.cpp.o
[ 65%] Building CXX object source/CMakeFiles/depth.dir/modules/impl/monitor_thread.cpp.o
[ 68%] Building CXX object source/CMakeFiles/depth.dir/modules/impl/sd_thread.cpp.o
[ 71%] Building CXX object source/CMakeFiles/depth.dir/modules/impl/stereo_thread.cpp.o
[ 75%] Building CXX object source/CMakeFiles/depth.dir/modules/impl/tof_thread.cpp.o
[ 78%] Building CXX object source/CMakeFiles/depth.dir/modules/output/light_thread.cpp.o
[ 81%] Building CXX object source/CMakeFiles/depth.dir/modules/pose_process/pose_process.cpp.o
[ 84%] Building CXX object source/CMakeFiles/depth.dir/modules/depth.cpp.o
[ 87%] Linking CXX shared library ../../source/lib/libdepth.so
[ 87%] Built target depth
Makefile:83: recipe for target 'all' failed
make: *** [all] Error 2
+ echo 0
+ popd
/
+ exit
+ [[ -f /home/indemind/.jenkins_slave/workspace/rubby-depth-test/no_code_change.log ]]
+ check_status_code
+ test -f /home/indemind/.jenkins_slave/workspace/rubby-depth-test/result.log
+ echo 'containge build is error'
containge build is error
+ exit 1
Build step 'Execute shell' marked build as failure
Email was triggered for: Failure - Any
Sending email for trigger: Failure - Any
Sending email to: qishanqing@indemind.cn lishaohui@indemind.cn
Finished: FAILURE
