Started by user [8mha:////4MA8pYuTCccQi+QzVMZ/3D7uQqU0IoNnax4eT3Uk3t4LAAAAnB+LCAAAAAAAAP9b85aBtbiIQTGjNKU4P08vOT+vOD8nVc83PyU1x6OyILUoJzMv2y+/JJUBAhiZGBgqihhk0NSjKDWzXb3RdlLBUSYGJk8GtpzUvPSSDB8G5tKinBIGIZ+sxLJE/ZzEvHT94JKizLx0a6BxUmjGOUNodHsLgAweoBn6pcWpRfrlQDNS8vPSC4GGAAAzOs7sxwAAAA==[0mwangdongqing
Rebuilds build #[8mha:////4NLwpYNoDAN33TIrG/Wyvjr1Yl6pUC61ixc0Xm5dhepiAAAApB+LCAAAAAAAAP9b85aBtbiIQTGjNKU4P08vOT+vOD8nVc83PyU1x6OyILUoJzMv2y+/JJUBAhiZGBgqihhk0NSjKDWzXb3RdlLBUSYGJk8GtpzUvPSSDB8G5tKinBIGIZ+sxLJE/ZzEvHT94JKizLx0a6BxUmjGOUNodHsLgAymEgYp/bLM1HL94pRs/az8JP301KKiSl0Qz9gMAIshZDXPAAAA[0m36
Running as SYSTEM
Building remotely on [8mha:////4JiinonVqRVUq+0157MFNdoHlSrLzLyDeg8j8rfRwRzcAAAAmx+LCAAAAAAAAP9b85aBtbiIQTGjNKU4P08vOT+vOD8nVc83PyU1x6OyILUoJzMv2y+/JJUBAhiZGBgqihhk0NSjKDWzXb3RdlLBUSYGJk8GtpzUvPSSDB8G5tKinBIGIZ+sxLJE/ZzEvHT94JKizLx0a6BxUmjGOUNodHsLgAzWEgZ+/eT83ILSktQi/WRjUzMzABiYJ1zEAAAA[0mc3566 (car8) in workspace /root/workspace/workspace/gerry-sdk
[WS-CLEANUP] Deleting project workspace...
[WS-CLEANUP] Deferred wipeout is used...
[WS-CLEANUP] Done
[gerry-sdk] $ /bin/sh -xe /tmp/jenkins13293104270724213901.sh
+ bash -ex /root/myscript/build/build.sh
+++ dirname /root/myscript/build/build.sh
++ cd /root/myscript/build
++ pwd
+ project_path=/root/myscript/build
+ . /root/myscript/build/../sh/cmdb
++ set -x
++ export MYSQL_PWD=123
++ MYSQL_PWD=123
++ export -f cmdb_mysql
+ . /root/myscript/build/../sh/version-update.sh
++ . /root/.bashrc
+++ '[' -z '' ']'
+++ return
+ set -ex
+ export -f public_project_update
+ export -f project_build
+ init_project_env
++ date +%Y%m%d
+ DT=20240726
+ UserName=jenkins
+ API_TOKEN=11b65309c9835de9579d9c9038853d9eb7
+ GIT_PRIVATE_TOKEN=emEDrsaJVjxKK5gSWrf-
+ GIT_HOST=192.168.50.191
++ echo wukong/integration/server
++ awk -F/ '{print $1"%2F"$2}'
+ CONVERT_TARGET_PROJECT=wukong%2Fintegration
++ curl -XGET -H 'Content-Type: application/json' --header 'PRIVATE-TOKEN: emEDrsaJVjxKK5gSWrf-' http://192.168.50.191:85/api/v4/projects/wukong%2Fintegration
++ python -c 'import sys, json; print(json.load(sys.stdin)["id"])'
  % Total    % Received % Xferd  Average Speed   Time    Time     Time  Current
                                 Dload  Upload   Total   Spent    Left  Speed
  0     0    0     0    0     0      0      0 --:--:-- --:--:-- --:--:--     0100    35  100    35    0     0    853      0 --:--:-- --:--:-- --:--:--   833100    35  100    35    0     0    853      0 --:--:-- --:--:-- --:--:--   833
Traceback (most recent call last):
  File "<string>", line 1, in <module>
KeyError: 'id'
+ SUB_PROJECT_ID=
+ true
+ '[' -z cc ']'
+ SOURCE_DIR=/root/workspace/workspace/gerry-sdk/cc
+ TARGET_DIR=/root/workspace/workspace/gerry-sdk/server
+ prepare_env
++ uname -m
+ system_platform=aarch64
+ :
++ cat /proc/cpuinfo
++ grep processor
++ uniq
++ sort
++ wc -l
+ mt=-j4
+ export COMMIT_ID_FILE=/root/workspace/workspace/gerry-sdk/_last_build_id
+ COMMIT_ID_FILE=/root/workspace/workspace/gerry-sdk/_last_build_id
+ export COMMIT_MSG_FILE=/root/workspace/workspace/gerry-sdk/_commit-msg
+ COMMIT_MSG_FILE=/root/workspace/workspace/gerry-sdk/_commit-msg
+ export COMMIT_MSG_FILE_TMP=/root/workspace/workspace/gerry-sdk/_commit-msg.tmp
+ COMMIT_MSG_FILE_TMP=/root/workspace/workspace/gerry-sdk/_commit-msg.tmp
+ rm -f /root/workspace/workspace/gerry-sdk/_last_build_id
+ rm -f /root/workspace/workspace/gerry-sdk/_commit-msg
+ rm -f /root/workspace/workspace/gerry-sdk/_commit-msg.tmp
+ rm -f /root/workspace/workspace/gerry-sdk/result.log
+ rm -f /root/workspace/workspace/gerry-sdk/no_code_change.log
+ sign_env
+ CONFIG_DIR_SET=/root/system
+ CONFIG_BRANCH=mind_os
+ CLONE_DEPTH=--depth=1
+ CONFIG_DIR=/root/system/i18rconfig
+ CONFIG_REMOTE='git clone ssh://git@192.168.50.191:222/AroundI18RProject/i18rconfig /root/system/i18rconfig -b mind_os --depth=1'
+ [[ aarch64 =~ x86_64 ]]
+ ENCRYPTION_TOOL=/root/system/i18rconfig/encrypt
+ CLONE_DEPTH=--depth=1
+ PUBLICBASETYPES_DIR=/root/system/I18RPublicBaseTypes
+ cmdb_mysql 'insert into prebuild(job_name,source_project,source_branch,target_project,target_branch,time,build_url,node_name,build_user) values ('\''gerry-sdk'\'','\''wukong/source/server'\'','\''GER-26'\'','\''wukong/integration/server'\'','\''ota'\'',now(),'\''http://192.168.50.191:8088/job/gerry-sdk/37/'\'','\''c3566'\'','\''wangdongqing'\'')'
+ set +x
+ DOCKER_CONTAINER_I18=build-x64-18.04
+ DOCKER_CONTAINER_RUBBY=c405
+ DOCKER_CONTAINER_RUBBY_INSIDE=c3566
+ DOCKER_CONTAINER_JAVA=node
+ JENKINS_JOB_A=mind
+ JENKINS_JOB_B=rbn
+ JENKINS_JOB_C=mark-check-tools
+ JENKINS_JOB_D=java
+ JENKINS_JOB_E=clean_recorder
+ JENKINS_JOB_F=i18r
+ JENKINS_JOB_G=nodejs
+ JENKINS_JOB_H=_ui
+ JENKINS_JOB_L=i12r
+ [[ gerry-sdk =~ mind ]]
+ '[' true = false ']'
+ source_project_fetch
+ git clone ssh://git@192.168.50.191:222/wukong/source/server cc -b GER-26 --depth=1
Cloning into 'cc'...
+ target_project_update
+ rm -rf /root/workspace/workspace/gerry-sdk/server
+ target_project_fetch
+ git clone ssh://git@192.168.50.191:222/wukong/integration/server -b ota --depth=1
Cloning into 'server'...
+ insert_db
+ pushd /root/workspace/workspace/gerry-sdk/cc
~/workspace/workspace/gerry-sdk/cc ~/workspace/workspace/gerry-sdk
++ cmdb_mysql 'SELECT first_commit_id FROM prebuild where source_project='\''wukong/source/server'\'' and source_branch='\''GER-26'\'' and target_project='\''wukong/integration/server'\'' and target_branch='\''ota'\'' and status='\''0'\'' and job_name='\''gerry-sdk'\'' order by id desc limit 1;'
++ set +x
+ version='first_commit_id
a241819'
++ echo first_commit_id a241819
++ awk -F ' ' '{print $2}'
+ version=a241819
++ git log -1 --pretty=format:%h
+ first_commit_id_now=808ceca
+ cmdb_mysql 'update prebuild set first_commit_id='\''808ceca'\'' where build_url='\''http://192.168.50.191:8088/job/gerry-sdk/37/'\'';'
+ set +x
+ popd
~/workspace/workspace/gerry-sdk
+ [[ aarch64 =~ x86_64 ]]
+ [[ gerry-sdk =~ i18r ]]
+ project_build
+ pushd /root/workspace/workspace/gerry-sdk/cc
~/workspace/workspace/gerry-sdk/cc ~/workspace/workspace/gerry-sdk
+ project_init_remote
++ find -type f -name sync_submodules.sh
+ sf=
+ '[' -z ']'
+ git submodule update --init --recursive
Submodule 'submodules/dds' (http://192.168.50.191:85/wukong/integration/dds.git) registered for path 'submodules/dds'
Submodule 'submodules/messages' (http://192.168.50.191:85/wukong/source/messages.git) registered for path 'submodules/messages'
Submodule 'submodules/mindos' (http://192.168.50.191:85/wukong/integration/mindos.git) registered for path 'submodules/mindos'
Submodule 'submodules/upgrade' (http://192.168.50.191:85/repid_deploy/source/upgrade.git) registered for path 'submodules/upgrade'
Cloning into '/root/workspace/workspace/gerry-sdk/cc/submodules/dds'...
Cloning into '/root/workspace/workspace/gerry-sdk/cc/submodules/messages'...
Cloning into '/root/workspace/workspace/gerry-sdk/cc/submodules/mindos'...
Cloning into '/root/workspace/workspace/gerry-sdk/cc/submodules/upgrade'...
Submodule path 'submodules/dds': checked out 'a72037a17ba63deb54d7e03800920702a1f37075'
Submodule path 'submodules/messages': checked out '1e759d3679e66be8267d48adbef3347db6f841e8'
Submodule path 'submodules/mindos': checked out '6169631a9625629fc0bad11adc16f3ef3924104d'
Submodule path 'submodules/upgrade': checked out '5b42e965fd16fb57598bc18de23a0f3c6d6097eb'
+ git submodule update --remote
Submodule path 'submodules/dds': checked out 'd721bfe6b81e28aec0b84a86f52a220ad68e16ae'
Submodule path 'submodules/messages': checked out '8dfa2f23bb9010a871bc825a4ee1ba48965ccaa7'
Submodule path 'submodules/upgrade': checked out '700144271e0e732013de45c155bb5941f66a42d9'
+ sed -i 's/make -j[0-9].*/make -j4/g' build.sh
+ '[' -z ']'
+ '[' x808ceca == xa241819 ']'
+ bash -ex build.sh
+ set -ex
+ BuildDir=build
+ '[' -d build ']'
+ echo 'build is not exist.'
build is not exist.
+ mkdir build
+ cppcheck ./src --enable=all --output-file=sdk_cppcheck_info.txt --xml
Checking src/common/proxy/DepthClient.cpp ...
1/93 files checked 1% done
Checking src/common/proxy/DirtyClient.cpp ...
2/93 files checked 2% done
Checking src/common/proxy/JsClient.cpp ...
3/93 files checked 3% done
Checking src/common/proxy/Maintenance.cpp ...
4/93 files checked 4% done
Checking src/common/proxy/NavClient.cpp ...
5/93 files checked 5% done
Checking src/common/proxy/OtherClient.cpp ...
6/93 files checked 6% done
Checking src/common/proxy/PpClient.cpp ...
7/93 files checked 7% done
Checking src/common/proxy/SemanticMapClient.cpp ...
8/93 files checked 8% done
Checking src/common/proxy/SensorClient.cpp ...
9/93 files checked 9% done
Checking src/common/proxy/SlamClient.cpp ...
10/93 files checked 10% done
Checking src/common/util/SqliteHelper.cpp ...
11/93 files checked 11% done
Checking src/dds/src/CommonClient.cpp ...
12/93 files checked 12% done
Checking src/dds/src/DDSManager.cpp ...
13/93 files checked 13% done
Checking src/dds/src/DDSNode.cpp ...
14/93 files checked 15% done
Checking src/dds/src/DDSService.cpp ...
15/93 files checked 16% done
Checking src/dds/src/DDSTopic.cpp ...
16/93 files checked 17% done
Checking src/dds/src/auto/AutoCtrl.cpp ...
17/93 files checked 18% done
Checking src/dds/src/manual/ManualCtrl.cpp ...
18/93 files checked 19% done
Checking src/dds/src/network/NetworkCtrl.cpp ...
19/93 files checked 20% done
Checking src/dds/src/network/WifiConfig.cpp ...
20/93 files checked 21% done
Checking src/dds/src/power/PowerOff.cpp ...
21/93 files checked 22% done
Checking src/dds/src/report/Report.cxx ...
Checking src/dds/src/report/Report.cxx: EPROSIMA_USER_DLL_EXPORT;REPORT_SOURCE;_WIN32...
Checking src/dds/src/report/Report.cxx: EPROSIMA_USER_DLL_EXPORT;_WIN32...
Checking src/dds/src/report/Report.cxx: _WIN32...
22/93 files checked 23% done
Checking src/dds/src/report/ReportPubSubTypes.cxx ...
Checking src/dds/src/report/ReportPubSubTypes.cxx: EPROSIMA_USER_DLL_EXPORT;REPORT_SOURCE;_WIN32...
Checking src/dds/src/report/ReportPubSubTypes.cxx: EPROSIMA_USER_DLL_EXPORT;_WIN32...
Checking src/dds/src/report/ReportPubSubTypes.cxx: GEN_API_VER...
Checking src/dds/src/report/ReportPubSubTypes.cxx: TOPIC_DATA_TYPE_API_HAS_CONSTRUCT_SAMPLE...
Checking src/dds/src/report/ReportPubSubTypes.cxx: TOPIC_DATA_TYPE_API_HAS_IS_BOUNDED...
Checking src/dds/src/report/ReportPubSubTypes.cxx: TOPIC_DATA_TYPE_API_HAS_IS_PLAIN...
Checking src/dds/src/report/ReportPubSubTypes.cxx: _WIN32...
23/93 files checked 24% done
Checking src/dds/src/report/ReportPublisher.cxx ...
Checking src/dds/src/report/ReportPublisher.cxx: EPROSIMA_USER_DLL_EXPORT;REPORT_SOURCE;_WIN32...
Checking src/dds/src/report/ReportPublisher.cxx: EPROSIMA_USER_DLL_EXPORT;_WIN32...
Checking src/dds/src/report/ReportPublisher.cxx: GEN_API_VER...
Checking src/dds/src/report/ReportPublisher.cxx: TOPIC_DATA_TYPE_API_HAS_CONSTRUCT_SAMPLE...
Checking src/dds/src/report/ReportPublisher.cxx: TOPIC_DATA_TYPE_API_HAS_IS_BOUNDED...
Checking src/dds/src/report/ReportPublisher.cxx: TOPIC_DATA_TYPE_API_HAS_IS_PLAIN...
Checking src/dds/src/report/ReportPublisher.cxx: _WIN32...
24/93 files checked 25% done
Checking src/dds/src/report/ReportSubscriber.cxx ...
Checking src/dds/src/report/ReportSubscriber.cxx: EPROSIMA_USER_DLL_EXPORT;REPORT_SOURCE;_WIN32...
Checking src/dds/src/report/ReportSubscriber.cxx: EPROSIMA_USER_DLL_EXPORT;_WIN32...
Checking src/dds/src/report/ReportSubscriber.cxx: GEN_API_VER...
Checking src/dds/src/report/ReportSubscriber.cxx: TOPIC_DATA_TYPE_API_HAS_CONSTRUCT_SAMPLE...
Checking src/dds/src/report/ReportSubscriber.cxx: TOPIC_DATA_TYPE_API_HAS_IS_BOUNDED...
Checking src/dds/src/report/ReportSubscriber.cxx: TOPIC_DATA_TYPE_API_HAS_IS_PLAIN...
Checking src/dds/src/report/ReportSubscriber.cxx: _WIN32...
25/93 files checked 26% done
Checking src/dds/src/request/Request.cxx ...
Checking src/dds/src/request/Request.cxx: EPROSIMA_USER_DLL_EXPORT;REQUEST_SOURCE;_WIN32...
Checking src/dds/src/request/Request.cxx: EPROSIMA_USER_DLL_EXPORT;_WIN32...
Checking src/dds/src/request/Request.cxx: _WIN32...
26/93 files checked 27% done
Checking src/dds/src/request/RequestPubSubTypes.cxx ...
Checking src/dds/src/request/RequestPubSubTypes.cxx: EPROSIMA_USER_DLL_EXPORT;REQUEST_SOURCE;_WIN32...
Checking src/dds/src/request/RequestPubSubTypes.cxx: EPROSIMA_USER_DLL_EXPORT;_WIN32...
Checking src/dds/src/request/RequestPubSubTypes.cxx: GEN_API_VER...
Checking src/dds/src/request/RequestPubSubTypes.cxx: TOPIC_DATA_TYPE_API_HAS_CONSTRUCT_SAMPLE...
Checking src/dds/src/request/RequestPubSubTypes.cxx: TOPIC_DATA_TYPE_API_HAS_IS_BOUNDED...
Checking src/dds/src/request/RequestPubSubTypes.cxx: TOPIC_DATA_TYPE_API_HAS_IS_PLAIN...
Checking src/dds/src/request/RequestPubSubTypes.cxx: _WIN32...
27/93 files checked 29% done
Checking src/dds/src/request/RequestPublisher.cxx ...
Checking src/dds/src/request/RequestPublisher.cxx: EPROSIMA_USER_DLL_EXPORT;REQUEST_SOURCE;_WIN32...
Checking src/dds/src/request/RequestPublisher.cxx: EPROSIMA_USER_DLL_EXPORT;_WIN32...
Checking src/dds/src/request/RequestPublisher.cxx: GEN_API_VER...
Checking src/dds/src/request/RequestPublisher.cxx: TOPIC_DATA_TYPE_API_HAS_CONSTRUCT_SAMPLE...
Checking src/dds/src/request/RequestPublisher.cxx: TOPIC_DATA_TYPE_API_HAS_IS_BOUNDED...
Checking src/dds/src/request/RequestPublisher.cxx: TOPIC_DATA_TYPE_API_HAS_IS_PLAIN...
Checking src/dds/src/request/RequestPublisher.cxx: _WIN32...
28/93 files checked 30% done
Checking src/dds/src/request/RequestSubscriber.cxx ...
Checking src/dds/src/request/RequestSubscriber.cxx: EPROSIMA_USER_DLL_EXPORT;REQUEST_SOURCE;_WIN32...
Checking src/dds/src/request/RequestSubscriber.cxx: EPROSIMA_USER_DLL_EXPORT;_WIN32...
Checking src/dds/src/request/RequestSubscriber.cxx: GEN_API_VER...
Checking src/dds/src/request/RequestSubscriber.cxx: TOPIC_DATA_TYPE_API_HAS_CONSTRUCT_SAMPLE...
Checking src/dds/src/request/RequestSubscriber.cxx: TOPIC_DATA_TYPE_API_HAS_IS_BOUNDED...
Checking src/dds/src/request/RequestSubscriber.cxx: TOPIC_DATA_TYPE_API_HAS_IS_PLAIN...
Checking src/dds/src/request/RequestSubscriber.cxx: _WIN32...
29/93 files checked 31% done
Checking src/dds/src/response/Response.cxx ...
Checking src/dds/src/response/Response.cxx: EPROSIMA_USER_DLL_EXPORT;RESPONSE_SOURCE;_WIN32...
Checking src/dds/src/response/Response.cxx: EPROSIMA_USER_DLL_EXPORT;_WIN32...
Checking src/dds/src/response/Response.cxx: _WIN32...
30/93 files checked 32% done
Checking src/dds/src/response/ResponsePubSubTypes.cxx ...
Checking src/dds/src/response/ResponsePubSubTypes.cxx: EPROSIMA_USER_DLL_EXPORT;RESPONSE_SOURCE;_WIN32...
Checking src/dds/src/response/ResponsePubSubTypes.cxx: EPROSIMA_USER_DLL_EXPORT;_WIN32...
Checking src/dds/src/response/ResponsePubSubTypes.cxx: GEN_API_VER...
Checking src/dds/src/response/ResponsePubSubTypes.cxx: TOPIC_DATA_TYPE_API_HAS_CONSTRUCT_SAMPLE...
Checking src/dds/src/response/ResponsePubSubTypes.cxx: TOPIC_DATA_TYPE_API_HAS_IS_BOUNDED...
Checking src/dds/src/response/ResponsePubSubTypes.cxx: TOPIC_DATA_TYPE_API_HAS_IS_PLAIN...
Checking src/dds/src/response/ResponsePubSubTypes.cxx: _WIN32...
31/93 files checked 33% done
Checking src/dds/src/response/ResponsePublisher.cxx ...
Checking src/dds/src/response/ResponsePublisher.cxx: EPROSIMA_USER_DLL_EXPORT;RESPONSE_SOURCE;_WIN32...
Checking src/dds/src/response/ResponsePublisher.cxx: EPROSIMA_USER_DLL_EXPORT;_WIN32...
Checking src/dds/src/response/ResponsePublisher.cxx: GEN_API_VER...
Checking src/dds/src/response/ResponsePublisher.cxx: TOPIC_DATA_TYPE_API_HAS_CONSTRUCT_SAMPLE...
Checking src/dds/src/response/ResponsePublisher.cxx: TOPIC_DATA_TYPE_API_HAS_IS_BOUNDED...
Checking src/dds/src/response/ResponsePublisher.cxx: TOPIC_DATA_TYPE_API_HAS_IS_PLAIN...
Checking src/dds/src/response/ResponsePublisher.cxx: _WIN32...
32/93 files checked 34% done
Checking src/dds/src/response/ResponseSubscriber.cxx ...
Checking src/dds/src/response/ResponseSubscriber.cxx: EPROSIMA_USER_DLL_EXPORT;RESPONSE_SOURCE;_WIN32...
Checking src/dds/src/response/ResponseSubscriber.cxx: EPROSIMA_USER_DLL_EXPORT;_WIN32...
Checking src/dds/src/response/ResponseSubscriber.cxx: GEN_API_VER...
Checking src/dds/src/response/ResponseSubscriber.cxx: TOPIC_DATA_TYPE_API_HAS_CONSTRUCT_SAMPLE...
Checking src/dds/src/response/ResponseSubscriber.cxx: TOPIC_DATA_TYPE_API_HAS_IS_BOUNDED...
Checking src/dds/src/response/ResponseSubscriber.cxx: TOPIC_DATA_TYPE_API_HAS_IS_PLAIN...
Checking src/dds/src/response/ResponseSubscriber.cxx: _WIN32...
33/93 files checked 35% done
Checking src/dds/src/wrapper/ClientWrapper.cpp ...
34/93 files checked 36% done
Checking src/dds/src/wrapper/ServiceWrapper.cpp ...
35/93 files checked 37% done
Checking src/exception_manager/src/ExceptionManagerNode.cpp ...
36/93 files checked 38% done
Checking src/exception_manager/src/exception/ExceptionManager.cpp ...
37/93 files checked 39% done
Checking src/hmi/src/HMINode.cpp ...
38/93 files checked 40% done
Checking src/map/src/MapNode.cpp ...
39/93 files checked 41% done
Checking src/map/src/map_manager/CostmapServer.cpp ...
40/93 files checked 43% done
Checking src/map/src/map_manager/InspectionHelper.cpp ...
41/93 files checked 44% done
Checking src/map/src/map_manager/MapManager.cpp ...
42/93 files checked 45% done
Checking src/map/src/map_manager/Outline.cpp ...
43/93 files checked 46% done
Checking src/map/src/map_manager/PointCloudHelper.cpp ...
44/93 files checked 47% done
Checking src/map/src/map_manager/SceneDataHelper.cpp ...
45/93 files checked 48% done
Checking src/map/src/map_manager/SceneHelper.cpp ...
46/93 files checked 49% done
Checking src/monitor_topic/src/TopicMonitor/TopicMonitor.cpp ...
47/93 files checked 50% done
Checking src/monitor_topic/src/TopicMonitorNode.cpp ...
48/93 files checked 51% done
Checking src/ros/src/RosNode.cpp ...
49/93 files checked 52% done
Checking src/state/src/Context.cpp ...
50/93 files checked 53% done
Checking src/state/src/StateNode.cpp ...
51/93 files checked 54% done
Checking src/state/src/state/components/Entity.cpp ...
52/93 files checked 55% done
Checking src/state/src/state/components/Relocation.cpp ...
53/93 files checked 56% done
Checking src/state/src/state/components/Rotate.cpp ...
54/93 files checked 58% done
Checking src/state/src/state/components/Work.cpp ...
55/93 files checked 59% done
Checking src/state/src/state/components/authenticate.cpp ...
56/93 files checked 60% done
Checking src/state/src/state/factory/StateFactory.cpp ...
57/93 files checked 61% done
Checking src/state/src/state/state/clean/CleaningState.cpp ...
58/93 files checked 62% done
Checking src/state/src/state/state/fault/FaultState.cpp ...
59/93 files checked 63% done
Checking src/state/src/state/state/fault2/Fault2State.cpp ...
60/93 files checked 64% done
Checking src/state/src/state/state/manual/ManualState.cpp ...
61/93 files checked 65% done
Checking src/state/src/state/state/mapping_clean/MapCleaningState.cpp ...
62/93 files checked 66% done
Checking src/state/src/state/state/p2p/P2pState.cpp ...
63/93 files checked 67% done
Checking src/state/src/state/state/quick_map/QuickMapState.cpp ...
64/93 files checked 68% done
Checking src/state/src/state/state/ready/ReadyState.cpp ...
65/93 files checked 69% done
Checking src/state/src/state/state/search/SearchState.cpp ...
66/93 files checked 70% done
Checking src/state/src/state/state/search_people/SearchPeopleState.cpp ...
67/93 files checked 72% done
Checking src/state/src/state/state/self_test/SelfTestState.cpp ...
Checking src/state/src/state/state/self_test/SelfTestState.cpp: CONFIG_USE_ZK_ROBOT...
68/93 files checked 73% done
Checking src/state/src/state/state/semantic_move/SemanticMoveState.cpp ...
69/93 files checked 74% done
Checking src/state/src/state/state/shutdown/ShutdownState.cpp ...
70/93 files checked 75% done
Checking src/state/src/state/state/startup/StartupState.cpp ...
71/93 files checked 76% done
Checking src/state/src/state/state/station/StationState.cpp ...
72/93 files checked 77% done
Checking src/state/src/state/state/trace/TraceState.cpp ...
73/93 files checked 78% done
Checking src/state/src/state/state/visitation/SelfVisitationState.cpp ...
74/93 files checked 79% done
Checking src/state/src/state/state/visitation/VisitationState.cpp ...
75/93 files checked 80% done
Checking src/system/integration/src/SystemNode.cpp ...
76/93 files checked 81% done
Checking src/system/integration/src/config/ConfigManager.cpp ...
77/93 files checked 82% done
Checking src/system/integration/src/log/LogManager.cpp ...
78/93 files checked 83% done
Checking src/system/integration/src/ota/OTAManager.cpp ...
79/93 files checked 84% done
Checking src/system/integration/src/time/TimeSetting.cpp ...
80/93 files checked 86% done
Checking src/system/test/src/SystemNode.cpp ...
81/93 files checked 87% done
Checking src/system/test/src/config/ConfigManager.cpp ...
82/93 files checked 88% done
Checking src/system/test/src/log/LogManager.cpp ...
83/93 files checked 89% done
Checking src/system/test/src/ota/OTAManager.cpp ...
84/93 files checked 90% done
Checking src/system/test/src/time/TimeSetting.cpp ...
85/93 files checked 91% done
Checking src/task/src/TaskNode.cpp ...
86/93 files checked 92% done
Checking src/task/src/task_manager/Scheduled.cpp ...
87/93 files checked 93% done
Checking src/task/src/task_manager/Task.cpp ...
88/93 files checked 94% done
Checking src/task/src/task_manager/TaskManager.cpp ...
89/93 files checked 95% done
Checking src/task/src/task_manager/Timer.cpp ...
90/93 files checked 96% done
Checking src/upgrade/src/UpgradeNode.cpp ...
91/93 files checked 97% done
Checking src/work_log/src/WorkLog/WorkLog.cpp ...
92/93 files checked 98% done
Checking src/work_log/src/WorkLogNode.cpp ...
93/93 files checked 100% done
+ cd build
+ cmake ..
-- The C compiler identification is GNU 7.5.0
-- The CXX compiler identification is GNU 7.5.0
-- Detecting C compiler ABI info
-- Detecting C compiler ABI info - done
-- Check for working C compiler: /usr/bin/cc - skipped
-- Detecting C compile features
-- Detecting C compile features - done
-- Detecting CXX compiler ABI info
-- Detecting CXX compiler ABI info - done
-- Check for working CXX compiler: /usr/bin/c++ - skipped
-- Detecting CXX compile features
-- Detecting CXX compile features - done
-- HOST_ARCH: armv8
-- Found OpenCV: /usr/local (found suitable version "3.4.3", minimum required is "3.4") 
-- Found OpenCV: /usr/local (found version "3.4.3") 
-- Found OpenCV: /usr/local (found suitable version "3.4.3", minimum required is "3.4") 
-- BUILD_TEST_SYSTEM=OFF
-- BUILD_ROS=OFF
-- Configuring done
-- Generating done
-- Build files have been written to: /root/workspace/workspace/gerry-sdk/cc/build
+ make -j4
[  2%] Building CXX object src/map/CMakeFiles/map_plugin.dir/src/MapNode.cpp.o
[  2%] Building CXX object src/monitor_topic/CMakeFiles/monitor_topic_plugin.dir/src/TopicMonitorNode.cpp.o
[  3%] Building CXX object src/task/CMakeFiles/task_plugin.dir/src/TaskNode.cpp.o
[  5%] Building CXX object src/state/CMakeFiles/state_plugin.dir/src/Context.cpp.o
[  6%] Building CXX object src/state/CMakeFiles/state_plugin.dir/src/StateNode.cpp.o
[  7%] Building CXX object src/monitor_topic/CMakeFiles/monitor_topic_plugin.dir/src/TopicMonitor/TopicMonitor.cpp.o
[  8%] Building CXX object src/task/CMakeFiles/task_plugin.dir/src/task_manager/TaskManager.cpp.o
[ 10%] Building CXX object src/map/CMakeFiles/map_plugin.dir/src/map_manager/MapManager.cpp.o
[ 11%] Linking CXX shared library ../../../lib/arm/libmonitor_topic_plugin.so
[ 11%] Built target monitor_topic_plugin
[ 12%] Building CXX object src/exception_manager/CMakeFiles/exception_manager_plugin.dir/src/ExceptionManagerNode.cpp.o
[ 13%] Building CXX object src/exception_manager/CMakeFiles/exception_manager_plugin.dir/src/exception/ExceptionManager.cpp.o
[ 15%] Building CXX object src/map/CMakeFiles/map_plugin.dir/src/map_manager/SceneHelper.cpp.o
[ 16%] Building CXX object src/task/CMakeFiles/task_plugin.dir/src/task_manager/Scheduled.cpp.o
[ 17%] Linking CXX shared library ../../../lib/arm/libexception_manager_plugin.so
[ 17%] Built target exception_manager_plugin
[ 18%] Building CXX object src/upgrade/CMakeFiles/updater_plugin.dir/src/UpgradeNode.cpp.o
[ 20%] Building CXX object src/map/CMakeFiles/map_plugin.dir/src/map_manager/SceneDataHelper.cpp.o
[ 21%] Building CXX object src/state/CMakeFiles/state_plugin.dir/src/state/components/Work.cpp.o
[ 22%] Building CXX object src/upgrade/CMakeFiles/updater_plugin.dir/__/__/submodules/upgrade/src/updateManager/updatemanager.cpp.o
[ 24%] Building CXX object src/map/CMakeFiles/map_plugin.dir/src/map_manager/CostmapServer.cpp.o
[ 25%] Building CXX object src/task/CMakeFiles/task_plugin.dir/src/task_manager/Task.cpp.o
[ 26%] Building CXX object src/upgrade/CMakeFiles/updater_plugin.dir/__/__/submodules/upgrade/src/updateManager/updatecheck.cpp.o
[ 27%] Building CXX object src/state/CMakeFiles/state_plugin.dir/src/state/components/Entity.cpp.o
[ 29%] Building CXX object src/upgrade/CMakeFiles/updater_plugin.dir/__/__/submodules/upgrade/src/upgrade_package/upgradepackage.cpp.o
[ 30%] Building CXX object src/map/CMakeFiles/map_plugin.dir/src/map_manager/PointCloudHelper.cpp.o
[ 31%] Building CXX object src/upgrade/CMakeFiles/updater_plugin.dir/__/__/submodules/upgrade/src/util/daemon/COperProcess.cpp.o
[ 32%] Building CXX object src/upgrade/CMakeFiles/updater_plugin.dir/__/__/submodules/upgrade/src/util/file_path.cpp.o
[ 34%] Building CXX object src/task/CMakeFiles/task_plugin.dir/src/task_manager/Timer.cpp.o
[ 35%] Linking CXX shared library ../../../lib/arm/libupdater_plugin.so
[ 36%] Building CXX object src/state/CMakeFiles/state_plugin.dir/src/state/components/Rotate.cpp.o
[ 36%] Built target updater_plugin
[ 37%] Building CXX object src/work_log/CMakeFiles/work_log_plugin.dir/src/WorkLogNode.cpp.o
[ 39%] Building CXX object src/map/CMakeFiles/map_plugin.dir/src/map_manager/InspectionHelper.cpp.o
[ 40%] Building CXX object src/work_log/CMakeFiles/work_log_plugin.dir/src/WorkLog/WorkLog.cpp.o
[ 41%] Building CXX object src/task/CMakeFiles/task_plugin.dir/__/common/util/SqliteHelper.cpp.o
[ 43%] Building CXX object src/state/CMakeFiles/state_plugin.dir/src/state/components/Relocation.cpp.o
[ 44%] Linking CXX shared library ../../../lib/arm/libtask_plugin.so
[ 44%] Built target task_plugin
[ 45%] Building CXX object src/system/integration/CMakeFiles/sys_plugin.dir/src/SystemNode.cpp.o
[ 46%] Building CXX object src/map/CMakeFiles/map_plugin.dir/src/map_manager/Outline.cpp.o
[ 48%] Building CXX object src/system/integration/CMakeFiles/sys_plugin.dir/src/log/LogManager.cpp.o
[ 49%] Building CXX object src/state/CMakeFiles/state_plugin.dir/src/state/components/authenticate.cpp.o
[ 50%] Linking CXX shared library ../../../lib/arm/libwork_log_plugin.so
[ 50%] Built target work_log_plugin
[ 51%] Building CXX object src/state/CMakeFiles/state_plugin.dir/src/state/state/fault/FaultState.cpp.o
[ 53%] Building CXX object src/state/CMakeFiles/state_plugin.dir/src/state/state/fault2/Fault2State.cpp.o
[ 54%] Building CXX object src/system/integration/CMakeFiles/sys_plugin.dir/src/config/ConfigManager.cpp.o
[ 55%] Building CXX object src/state/CMakeFiles/state_plugin.dir/src/state/state/clean/CleaningState.cpp.o
[ 56%] Building CXX object src/map/CMakeFiles/map_plugin.dir/__/common/util/SqliteHelper.cpp.o
[ 58%] Building CXX object src/state/CMakeFiles/state_plugin.dir/src/state/state/mapping_clean/MapCleaningState.cpp.o
[ 59%] Linking CXX shared library ../../../lib/arm/libmap_plugin.so
[ 60%] Linking CXX shared library ../../../../lib/arm/libsys_plugin.so
[ 60%] Built target sys_plugin
[ 62%] Building CXX object src/state/CMakeFiles/state_plugin.dir/src/state/state/ready/ReadyState.cpp.o
[ 62%] Built target map_plugin
[ 63%] Building CXX object src/state/CMakeFiles/state_plugin.dir/src/state/state/shutdown/ShutdownState.cpp.o
[ 64%] Building CXX object src/state/CMakeFiles/state_plugin.dir/src/state/state/startup/StartupState.cpp.o
[ 65%] Building CXX object src/state/CMakeFiles/state_plugin.dir/src/state/factory/StateFactory.cpp.o
[ 67%] Building CXX object src/state/CMakeFiles/state_plugin.dir/src/state/state/self_test/SelfTestState.cpp.o
[ 68%] Building CXX object src/state/CMakeFiles/state_plugin.dir/src/state/state/quick_map/QuickMapState.cpp.o
[ 69%] Building CXX object src/state/CMakeFiles/state_plugin.dir/src/state/state/manual/ManualState.cpp.o
[ 70%] Building CXX object src/state/CMakeFiles/state_plugin.dir/src/state/state/search/SearchState.cpp.o
[ 72%] Building CXX object src/state/CMakeFiles/state_plugin.dir/src/state/state/search_people/SearchPeopleState.cpp.o
[ 73%] Building CXX object src/state/CMakeFiles/state_plugin.dir/src/state/state/visitation/VisitationState.cpp.o
[ 74%] Building CXX object src/state/CMakeFiles/state_plugin.dir/src/state/state/visitation/SelfVisitationState.cpp.o
[ 75%] Building CXX object src/state/CMakeFiles/state_plugin.dir/src/state/state/semantic_move/SemanticMoveState.cpp.o
[ 77%] Building CXX object src/state/CMakeFiles/state_plugin.dir/src/state/state/trace/TraceState.cpp.o
[ 78%] Building CXX object src/state/CMakeFiles/state_plugin.dir/src/state/state/p2p/P2pState.cpp.o
[ 79%] Building CXX object src/state/CMakeFiles/state_plugin.dir/src/state/state/station/StationState.cpp.o
[ 81%] Building CXX object src/state/CMakeFiles/state_plugin.dir/__/common/proxy/DepthClient.cpp.o
[ 82%] Building CXX object src/state/CMakeFiles/state_plugin.dir/__/common/proxy/NavClient.cpp.o
[ 83%] Building CXX object src/state/CMakeFiles/state_plugin.dir/__/common/proxy/SlamClient.cpp.o
[ 84%] Building CXX object src/state/CMakeFiles/state_plugin.dir/__/common/proxy/SensorClient.cpp.o
[ 86%] Building CXX object src/state/CMakeFiles/state_plugin.dir/__/common/proxy/PpClient.cpp.o
[ 87%] Building CXX object src/state/CMakeFiles/state_plugin.dir/__/common/proxy/JsClient.cpp.o
In file included from /usr/include/boost/serialization/extended_type_info_typeid.hpp:37:0,
                 from /usr/include/boost/archive/detail/oserializer.hpp:39,
                 from /usr/include/boost/archive/detail/interface_oarchive.hpp:23,
                 from /usr/include/boost/archive/detail/common_oarchive.hpp:22,
                 from /usr/include/boost/archive/basic_text_oarchive.hpp:29,
                 from /usr/include/boost/archive/text_oarchive.hpp:31,
                 from /root/workspace/workspace/gerry-sdk/cc/src/state/../../src/common/util/boostSerializeType.h:4,
                 from /root/workspace/workspace/gerry-sdk/cc/src/state/../../src/common/util/boostSerialize.h:2,
                 from /root/workspace/workspace/gerry-sdk/cc/src/state/../../msgs/srv/map/OutlineSrv.h:15,
                 from /root/workspace/workspace/gerry-sdk/cc/src/state/../../msgs/srv/inside_srv.h:5,
                 from /root/workspace/workspace/gerry-sdk/cc/src/common/proxy/NavClient.h:5,
                 from /root/workspace/workspace/gerry-sdk/cc/src/common/proxy/NavClient.cpp:1:
/usr/include/boost/serialization/access.hpp: In instantiation of â€˜static void boost::serialization::access::serialize(Archive&, T&, unsigned int) [with Archive = boost::archive::binary_oarchive; T = nav_msgs::SegmentInfoMsg]â€™:
/usr/include/boost/serialization/serialization.hpp:68:22:   required from â€˜void boost::serialization::serialize(Archive&, T&, unsigned int) [with Archive = boost::archive::binary_oarchive; T = nav_msgs::SegmentInfoMsg]â€™
/usr/include/boost/serialization/serialization.hpp:126:14:   required from â€˜void boost::serialization::serialize_adl(Archive&, T&, unsigned int) [with Archive = boost::archive::binary_oarchive; T = nav_msgs::SegmentInfoMsg]â€™
/usr/include/boost/archive/detail/oserializer.hpp:150:40:   required from â€˜void boost::archive::detail::oserializer<Archive, T>::save_object_data(boost::archive::detail::basic_oarchive&, const void*) const [with Archive = boost::archive::binary_oarchive; T = nav_msgs::SegmentInfoMsg]â€™
/usr/include/boost/archive/detail/oserializer.hpp:103:1:   required from â€˜class boost::archive::detail::oserializer<boost::archive::binary_oarchive, nav_msgs::SegmentInfoMsg>â€™
/usr/include/boost/archive/detail/oserializer.hpp:255:13:   required from â€˜static void boost::archive::detail::save_non_pointer_type<Archive>::save_standard::invoke(Archive&, const T&) [with T = nav_msgs::SegmentInfoMsg; Archive = boost::archive::binary_oarchive]â€™
/usr/include/boost/archive/detail/oserializer.hpp:310:22:   [ skipping 3 instantiation contexts, use -ftemplate-backtrace-limit=0 to disable ]
/usr/include/boost/archive/basic_binary_oarchive.hpp:80:7:   required from â€˜void boost::archive::basic_binary_oarchive<Archive>::save_override(const T&) [with T = nav_msgs::SegmentInfoMsg; Archive = boost::archive::binary_oarchive]â€™
/usr/include/boost/archive/binary_oarchive_impl.hpp:59:9:   required from â€˜void boost::archive::binary_oarchive_impl<Archive, Elem, Tr>::save_override(T&) [with T = const nav_msgs::SegmentInfoMsg; Archive = boost::archive::binary_oarchive; Elem = char; Tr = std::char_traits<char>]â€™
/usr/include/boost/archive/detail/interface_oarchive.hpp:70:9:   required from â€˜Archive& boost::archive::detail::interface_oarchive<Archive>::operator<<(const T&) [with T = nav_msgs::SegmentInfoMsg; Archive = boost::archive::binary_oarchive]â€™
/usr/include/boost/archive/detail/interface_oarchive.hpp:77:32:   required from â€˜Archive& boost::archive::detail::interface_oarchive<Archive>::operator&(const T&) [with T = nav_msgs::SegmentInfoMsg; Archive = boost::archive::binary_oarchive]â€™
/root/workspace/workspace/gerry-sdk/cc/src/state/../../src/common/util/boostSerialize.h:37:7:   required from â€˜void boost::Serialize::write_binary(const T&) [with T = nav_msgs::SegmentInfoMsg]â€™
/root/workspace/workspace/gerry-sdk/cc/src/common/proxy/NavClient.cpp:389:30:   required from here
/usr/include/boost/serialization/access.hpp:116:11: error: â€˜struct nav_msgs::SegmentInfoMsgâ€™ has no member named â€˜serializeâ€™
         t.serialize(ar, file_version);
         ~~^~~~~~~~~
/usr/include/boost/serialization/access.hpp: In instantiation of â€˜static void boost::serialization::access::serialize(Archive&, T&, unsigned int) [with Archive = boost::archive::binary_iarchive; T = nav_msgs::SegmentInfoMsg]â€™:
/usr/include/boost/serialization/serialization.hpp:68:22:   required from â€˜void boost::serialization::serialize(Archive&, T&, unsigned int) [with Archive = boost::archive::binary_iarchive; T = nav_msgs::SegmentInfoMsg]â€™
/usr/include/boost/serialization/serialization.hpp:126:14:   required from â€˜void boost::serialization::serialize_adl(Archive&, T&, unsigned int) [with Archive = boost::archive::binary_iarchive; T = nav_msgs::SegmentInfoMsg]â€™
/usr/include/boost/archive/detail/iserializer.hpp:188:40:   required from â€˜void boost::archive::detail::iserializer<Archive, T>::load_object_data(boost::archive::detail::basic_iarchive&, void*, unsigned int) const [with Archive = boost::archive::binary_iarchive; T = nav_msgs::SegmentInfoMsg]â€™
/usr/include/boost/archive/detail/iserializer.hpp:120:1:   required from â€˜class boost::archive::detail::iserializer<boost::archive::binary_iarchive, nav_msgs::SegmentInfoMsg>â€™
/usr/include/boost/archive/detail/iserializer.hpp:410:13:   required from â€˜static void boost::archive::detail::load_non_pointer_type<Archive>::load_standard::invoke(Archive&, const T&) [with T = nav_msgs::SegmentInfoMsg; Archive = boost::archive::binary_iarchive]â€™
/usr/include/boost/archive/detail/iserializer.hpp:462:22:   [ skipping 3 instantiation contexts, use -ftemplate-backtrace-limit=0 to disable ]
/usr/include/boost/archive/basic_binary_iarchive.hpp:75:7:   required from â€˜void boost::archive::basic_binary_iarchive<Archive>::load_override(T&) [with T = nav_msgs::SegmentInfoMsg; Archive = boost::archive::binary_iarchive]â€™
/usr/include/boost/archive/binary_iarchive_impl.hpp:58:9:   required from â€˜void boost::archive::binary_iarchive_impl<Archive, Elem, Tr>::load_override(T&) [with T = nav_msgs::SegmentInfoMsg; Archive = boost::archive::binary_iarchive; Elem = char; Tr = std::char_traits<char>]â€™
/usr/include/boost/archive/detail/interface_iarchive.hpp:68:9:   required from â€˜Archive& boost::archive::detail::interface_iarchive<Archive>::operator>>(T&) [with T = nav_msgs::SegmentInfoMsg; Archive = boost::archive::binary_iarchive]â€™
/usr/include/boost/archive/detail/interface_iarchive.hpp:75:32:   required from â€˜Archive& boost::archive::detail::interface_iarchive<Archive>::operator&(T&) [with T = nav_msgs::SegmentInfoMsg; Archive = boost::archive::binary_iarchive]â€™
/root/workspace/workspace/gerry-sdk/cc/src/state/../../src/common/util/boostSerialize.h:56:7:   required from â€˜void boost::Serialize::read_binary(T&) [with T = nav_msgs::SegmentInfoMsg]â€™
/root/workspace/workspace/gerry-sdk/cc/src/common/proxy/NavClient.cpp:998:30:   required from here
/usr/include/boost/serialization/access.hpp:116:11: error: â€˜struct nav_msgs::SegmentInfoMsgâ€™ has no member named â€˜serializeâ€™
/usr/include/boost/serialization/access.hpp: In instantiation of â€˜static void boost::serialization::access::serialize(Archive&, T&, unsigned int) [with Archive = boost::archive::binary_iarchive; T = semantic_map_msgs::OccupancyMapMsg]â€™:
/usr/include/boost/serialization/serialization.hpp:68:22:   required from â€˜void boost::serialization::serialize(Archive&, T&, unsigned int) [with Archive = boost::archive::binary_iarchive; T = semantic_map_msgs::OccupancyMapMsg]â€™
/usr/include/boost/serialization/serialization.hpp:126:14:   required from â€˜void boost::serialization::serialize_adl(Archive&, T&, unsigned int) [with Archive = boost::archive::binary_iarchive; T = semantic_map_msgs::OccupancyMapMsg]â€™
/usr/include/boost/archive/detail/iserializer.hpp:188:40:   required from â€˜void boost::archive::detail::iserializer<Archive, T>::load_object_data(boost::archive::detail::basic_iarchive&, void*, unsigned int) const [with Archive = boost::archive::binary_iarchive; T = semantic_map_msgs::OccupancyMapMsg]â€™
/usr/include/boost/archive/detail/iserializer.hpp:120:1:   required from â€˜class boost::archive::detail::iserializer<boost::archive::binary_iarchive, semantic_map_msgs::OccupancyMapMsg>â€™
/usr/include/boost/archive/detail/iserializer.hpp:410:13:   required from â€˜static void boost::archive::detail::load_non_pointer_type<Archive>::load_standard::invoke(Archive&, const T&) [with T = semantic_map_msgs::OccupancyMapMsg; Archive = boost::archive::binary_iarchive]â€™
/usr/include/boost/archive/detail/iserializer.hpp:462:22:   [ skipping 3 instantiation contexts, use -ftemplate-backtrace-limit=0 to disable ]
/usr/include/boost/archive/basic_binary_iarchive.hpp:75:7:   required from â€˜void boost::archive::basic_binary_iarchive<Archive>::load_override(T&) [with T = semantic_map_msgs::OccupancyMapMsg; Archive = boost::archive::binary_iarchive]â€™
/usr/include/boost/archive/binary_iarchive_impl.hpp:58:9:   required from â€˜void boost::archive::binary_iarchive_impl<Archive, Elem, Tr>::load_override(T&) [with T = semantic_map_msgs::OccupancyMapMsg; Archive = boost::archive::binary_iarchive; Elem = char; Tr = std::char_traits<char>]â€™
/usr/include/boost/archive/detail/interface_iarchive.hpp:68:9:   required from â€˜Archive& boost::archive::detail::interface_iarchive<Archive>::operator>>(T&) [with T = semantic_map_msgs::OccupancyMapMsg; Archive = boost::archive::binary_iarchive]â€™
/usr/include/boost/archive/detail/interface_iarchive.hpp:75:32:   required from â€˜Archive& boost::archive::detail::interface_iarchive<Archive>::operator&(T&) [with T = semantic_map_msgs::OccupancyMapMsg; Archive = boost::archive::binary_iarchive]â€™
/root/workspace/workspace/gerry-sdk/cc/src/state/../../src/common/util/boostSerialize.h:56:7:   required from â€˜void boost::Serialize::read_binary(T&) [with T = semantic_map_msgs::OccupancyMapMsg]â€™
/root/workspace/workspace/gerry-sdk/cc/src/common/proxy/NavClient.cpp:1012:31:   required from here
/usr/include/boost/serialization/access.hpp:116:11: error: â€˜struct semantic_map_msgs::OccupancyMapMsgâ€™ has no member named â€˜serializeâ€™
src/state/CMakeFiles/state_plugin.dir/build.make:453: recipe for target 'src/state/CMakeFiles/state_plugin.dir/__/common/proxy/NavClient.cpp.o' failed
make[2]: *** [src/state/CMakeFiles/state_plugin.dir/__/common/proxy/NavClient.cpp.o] Error 1
make[2]: *** Waiting for unfinished jobs....
CMakeFiles/Makefile2:275: recipe for target 'src/state/CMakeFiles/state_plugin.dir/all' failed
make[1]: *** [src/state/CMakeFiles/state_plugin.dir/all] Error 2
Makefile:90: recipe for target 'all' failed
make: *** [all] Error 2
Build step 'Execute shell' marked build as failure
Finished: FAILURE
