Started by user [8mha:////4MzersSP/9cKUovrzPMuoS/kLqxVF8zd8yb1BUJ8RGIAAAAAmh+LCAAAAAAAAP9b85aBtbiIQTGjNKU4P08vOT+vOD8nVc83PyU1x6OyILUoJzMv2y+/JJUBAhiZGBgqihhk0NSjKDWzXb3RdlLBUSYGJk8GtpzUvPSSDB8G5tKinBIGIZ+sxLJE/ZzEvHT94JKizLx0a6BxUmjGOUNodHsLgAzuEgYB/dLi1CL9nMzSXKDZQJMAv/Rqu8UAAAA=[0mliumengyang
Rebuilds build #[8mha:////4OG5W2g/tUtNy3Z3gPcX6/wPo3W7Uz1HTcH4sPCuKPKIAAAAqB+LCAAAAAAAAP9b85aBtbiIQTGjNKU4P08vOT+vOD8nVc83PyU1x6OyILUoJzMv2y+/JJUBAhiZGBgqihhk0NSjKDWzXb3RdlLBUSYGJk8GtpzUvPSSDB8G5tKinBIGIZ+sxLJE/ZzEvHT94JKizLx0a6BxUmjGOUNodHsLgAymEgYl/bLM1HL91Nyk1JTUFP2s/CT9ksScnEpdmIiRJQANipsJ1wAAAA==[0m29
Running as SYSTEM
Building remotely on [8mha:////4D6yRyBYe7oknGfyEvkNHQn9TOnFM8NY87mS+dJ5YRC3AAAAoR+LCAAAAAAAAP9b85aBtbiIQTGjNKU4P08vOT+vOD8nVc83PyU1x6OyILUoJzMv2y+/JJUBAhiZGBgqihhk0NSjKDWzXb3RdlLBUSYGJk8GtpzUvPSSDB8G5tKinBIGIZ+sxLJE/ZzEvHT94JKizLx0a6BxUmjGOUNodHsLgAzuEgZR/eT83ILSktQi/eyMxJTEYt3kxCIzAMgbbL3KAAAA[0mkhadas-car6 (car6) in workspace /root/workspace/workspace/tally-embeded
[WS-CLEANUP] Clean-up disabled, skipping workspace deletion.
No emails were triggered.
[tally-embeded] $ /bin/sh -xe /tmp/jenkins4891772644957044413.sh
+ bash /root/myscript/build/build.sh
++ export MYSQL_PWD=123
++ MYSQL_PWD=123
++ export -f cmdb_mysql
+ set -ex
+ export -f public_project_update
+ export -f project_build
+ init_project_env
++ date +%Y%m%d
+ DT=20230710
+ UserName=jenkins
+ API_TOKEN=11b65309c9835de9579d9c9038853d9eb7
+ GIT_PRIVATE_TOKEN=emEDrsaJVjxKK5gSWrf-
+ GIT_HOST=192.168.50.191
++ awk -F/ '{print $1"%2F"$2}'
++ echo AroundI18RProject/I18RSensorsSubmodule
+ CONVERT_TARGET_PROJECT=AroundI18RProject%2FI18RSensorsSubmodule
++ curl -XGET -H 'Content-Type: application/json' --header 'PRIVATE-TOKEN: emEDrsaJVjxKK5gSWrf-' http://192.168.50.191:85/api/v4/projects/AroundI18RProject%2FI18RSensorsSubmodule
++ python -c 'import sys, json; print(json.load(sys.stdin)["id"])'
  % Total    % Received % Xferd  Average Speed   Time    Time     Time  Current
                                 Dload  Upload   Total   Spent    Left  Speed
  0     0    0     0    0     0      0      0 --:--:-- --:--:-- --:--:--     0100  3430    0  3430    0     0  32666      0 --:--:-- --:--:-- --:--:-- 32666100  3430    0  3430    0     0  32666      0 --:--:-- --:--:-- --:--:-- 32358
+ SUB_PROJECT_ID=433
+ '[' -z ']'
+ SOURCE_DIR=/root/workspace/workspace/tally-embeded/12r_sensor_project
+ TARGET_DIR=/root/workspace/workspace/tally-embeded/I18RSensorsSubmodule
+ prepare_env
++ uname -m
+ system_platform=aarch64
+ :
++ cat /proc/cpuinfo
++ grep processor
++ sort
++ wc -l
++ uniq
+ mt=-j4
+ export COMMIT_ID_FILE=/root/workspace/workspace/tally-embeded/_last_build_id
+ COMMIT_ID_FILE=/root/workspace/workspace/tally-embeded/_last_build_id
+ export COMMIT_MSG_FILE=/root/workspace/workspace/tally-embeded/_commit-msg
+ COMMIT_MSG_FILE=/root/workspace/workspace/tally-embeded/_commit-msg
+ export COMMIT_MSG_FILE_TMP=/root/workspace/workspace/tally-embeded/_commit-msg.tmp
+ COMMIT_MSG_FILE_TMP=/root/workspace/workspace/tally-embeded/_commit-msg.tmp
+ rm -f /root/workspace/workspace/tally-embeded/_last_build_id
+ rm -f /root/workspace/workspace/tally-embeded/_commit-msg
+ rm -f /root/workspace/workspace/tally-embeded/_commit-msg.tmp
+ rm -f /root/workspace/workspace/tally-embeded/result.log
+ rm -f /root/workspace/workspace/tally-embeded/no_code_change.log
+ CLONE_DEPTH=--depth=1
+ PUBLICBASETYPES_DIR=/root/system/I18RPublicBaseTypes
+ cmdb_mysql 'insert into prebuild(job_name,source_project,source_branch,target_project,target_branch,time,build_url,node_name,build_user) values ('\''tally-embeded'\'','\''EmbeddedGroup/12r/12r_sensor_project'\'','\''dev_tally'\'','\''AroundI18RProject/I18RSensorsSubmodule'\'','\''tally'\'',now(),'\''http://192.168.50.26:8080/job/tally-embeded/30/'\'','\''khadas-car6'\'','\''liumengang'\'')'
+ set +x
+ DOCKER_CONTAINER_I18=build-x64-18.04
+ DOCKER_CONTAINER_RUBBY=c405
+ DOCKER_CONTAINER_RUBBY_INSIDE=c3566
+ DOCKER_CONTAINER_JAVA=node
+ JENKINS_JOB_A=mind
+ JENKINS_JOB_B=rbn
+ JENKINS_JOB_C=mark-check-tools
+ JENKINS_JOB_D=java
+ JENKINS_JOB_E=nodejs
+ JENKINS_JOB_F=_ui
+ JENKINS_JOB_G=i12r
+ JENKINS_JOB_E=clean_recorder
+ JENKINS_JOB_F=i18r
+ [[ tally-embeded =~ mind ]]
+ '[' false = false ']'
+ source_project_update
+ '[' -d /root/workspace/workspace/tally-embeded/12r_sensor_project ']'
+ pushd /root/workspace/workspace/tally-embeded/12r_sensor_project
~/workspace/workspace/tally-embeded/12r_sensor_project ~/workspace/workspace/tally-embeded
+ git checkout ./
+ git pull --rebase
Êù•Ëá™ ssh://192.168.50.191:222/EmbeddedGroup/12r/12r_sensor_project
   b9ccb91..19eb672  dev_tally  -> origin/dev_tally
Êõ¥Êñ∞ b9ccb91..19eb672
Fast-forward
 mcu_module/src/McuModule.cpp     | 14 +++++++++-----
 sunnyTof_module/src/SunnyTof.cpp |  2 +-
 2 files changed, 10 insertions(+), 6 deletions(-)
ÂΩìÂâçÂàÜÊîØ dev_tally ÊòØÊúÄÊñ∞ÁöÑ„ÄÇ
+ popd
~/workspace/workspace/tally-embeded
+ target_project_update
+ rm -rf /root/workspace/workspace/tally-embeded/I18RSensorsSubmodule
+ target_project_fetch
+ git clone ssh://git@192.168.50.191:222/AroundI18RProject/I18RSensorsSubmodule -b tally --depth=1
Ê≠£ÂÖãÈöÜÂà∞ 'I18RSensorsSubmodule'...
+ insert_db
+ pushd /root/workspace/workspace/tally-embeded/12r_sensor_project
~/workspace/workspace/tally-embeded/12r_sensor_project ~/workspace/workspace/tally-embeded
++ cmdb_mysql 'SELECT first_commit_id FROM prebuild where source_project='\''EmbeddedGroup/12r/12r_sensor_project'\'' and source_branch='\''dev_tally'\'' and target_project='\''AroundI18RProject/I18RSensorsSubmodule'\'' and target_branch='\''tally'\'' and status='\''0'\'' and job_name='\''tally-embeded'\'' order by id desc limit 1;'
++ set +x
+ version='first_commit_id
b9ccb91'
++ awk -F ' ' '{print $2}'
++ echo first_commit_id b9ccb91
+ version=b9ccb91
++ git log -1 --pretty=format:%h
+ first_commit_id_now=19eb672
+ cmdb_mysql 'update prebuild set first_commit_id='\''19eb672'\'' where build_url='\''http://192.168.50.26:8080/job/tally-embeded/30/'\'';'
+ set +x
+ popd
~/workspace/workspace/tally-embeded
+ [[ aarch64 =~ x86_64 ]]
+ [[ tally-embeded =~ rbn ]]
+ [[ tally-embeded =~ mind ]]
+ public_project_update
+ rm -rf /root/system/I18RPublicBaseTypes
+ [[ tally-embeded =~ i12r ]]
+ [[ tally-embeded =~ clean_recorder ]]
+ [[ tally-embeded =~ i18r ]]
+ public_i18rutilitysubmodule_update
+ pushd /root/system/i18rutilitysubmodule
~/system/i18rutilitysubmodule ~/workspace/workspace/tally-embeded
+ git checkout ./
+ git clean -xdf ./
+ git pull origin develop
Êù•Ëá™ ssh://192.168.50.191:222/AroundI18RProject/i18rutilitysubmodule
 * branch            develop    -> FETCH_HEAD
Â∑≤ÁªèÊòØÊúÄÊñ∞ÁöÑ„ÄÇ
+ ./install.sh
sudo: Êó†Ê≥ïËß£Êûê‰∏ªÊú∫Ôºöcar6
+ popd
~/workspace/workspace/tally-embeded
+ project_build
+ pushd /root/workspace/workspace/tally-embeded/12r_sensor_project
~/workspace/workspace/tally-embeded/12r_sensor_project ~/workspace/workspace/tally-embeded
+ project_init_remote
++ find -type f -name sync_submodules.sh
+ sf=
+ '[' -z ']'
+ git submodule update --init --recursive
+ git submodule update --remote
+ sed -i 's/make -j[0-9].*/make -j4/g' build.sh
+ '[' x19eb672 == xb9ccb91 ']'
+ '[' -z ']'
+ bash -ex build.sh
+ '[' '!' -d build_arm64 ']'
+ '[' '!' -d build_x64 ']'
+ '[' '!' -d build_sdk ']'
+ '[' -z ']'
+ BUILD_PLATFORM=sdk
++ uname -m
+ PLATFORM=aarch64
+ echo 'now platform is aarch64 ...'
now platform is aarch64 ...
+ [[ 0 -gt 0 ]]
+ '[' aarch64 = x86_64 ']'
+ '[' aarch64 = aarch64 ']'
+ case $BUILD_PLATFORM in
+ echo 'build for sdk .........'
build for sdk .........
+ compile_sdk
+ cd build_sdk
+ cmake -DCROSS_COMPILE_ENABLE=OFF ..
LIBRARY_OUTPUT_PATH /root/workspace/workspace/tally-embeded/12r_sensor_project/install/lib ..................
EXECUTABLE_OUTPUT_PATH /root/workspace/workspace/tally-embeded/12r_sensor_project/install/bin .....................
-- Found OpenCV: /usr/local (found version "3.4.3") 
-- emb_common version is 1.3.30
-- monitor_node version is 1.3.30
-- emb_monitor version is 1.3.30
-- sensor_module version is 1.3.30
-- mcu_module version is 1.3.30
-- Found OpenCV: /usr/local (found suitable version "3.4.3", minimum required is "3") 
-- imsee_module version is 1.3.30
-- vcu_module version is 1.3.30
-- usbtof_module version is 1.3.30
*************************************************
current platform is aarch64
*************************************************
-- sunnytof_module version is 1.3.30
-- lidar_module version is 1.3.30
-- multi_module version is 1.3.30
-- Configuring done
-- Generating done
-- Build files have been written to: /root/workspace/workspace/tally-embeded/12r_sensor_project/build_sdk
+ make -j4
[  2%] Built target monitor_node
[ 11%] Built target emb_common
Scanning dependencies of target mcu_module
[ 15%] Built target multi_module
[ 29%] Built target imsee_module
[ 51%] Built target sensor_module
[ 52%] Building CXX object mcu_module/src/CMakeFiles/mcu_module.dir/McuModule.cpp.o
Scanning dependencies of target sunnytof_module
[ 57%] Built target vcu_module
[ 71%] Built target usbtof_module
[ 72%] Building CXX object sunnyTof_module/src/CMakeFiles/sunnytof_module.dir/SunnyTof.cpp.o
[ 73%] Built target controller
[ 78%] Built target lidar_module
[ 80%] Built target sensor_main
[ 81%] Built target imsee_main
[ 83%] Built target vcu_main
[ 84%] Built target usbtof_main
[ 86%] Built target lidar_main
[ 89%] Built target multi_main
/root/workspace/workspace/tally-embeded/12r_sensor_project/sunnyTof_module/src/SunnyTof.cpp: In member function ‚Äòvoid HST006Tof::SunnyTof::RecvTofData()‚Äô:
/root/workspace/workspace/tally-embeded/12r_sensor_project/sunnyTof_module/src/SunnyTof.cpp:425:16: warning: unused variable ‚ÄòtmpSerialNum‚Äô [-Wunused-variable]
   DeviceSerial tmpSerialNum;
                ^~~~~~~~~~~~
/root/workspace/workspace/tally-embeded/12r_sensor_project/sunnyTof_module/src/SunnyTof.cpp: In member function ‚Äòbool HST006Tof::SunnyTof::FindTofDeviec()‚Äô:
/root/workspace/workspace/tally-embeded/12r_sensor_project/sunnyTof_module/src/SunnyTof.cpp:510:12: warning: unused variable ‚Äòdev_index‚Äô [-Wunused-variable]
   uint32_t dev_index = 0;
            ^~~~~~~~~
/root/workspace/workspace/tally-embeded/12r_sensor_project/sunnyTof_module/src/SunnyTof.cpp: In member function ‚Äòbool HST006Tof::SunnyTof::StartTofDevice()‚Äô:
/root/workspace/workspace/tally-embeded/12r_sensor_project/sunnyTof_module/src/SunnyTof.cpp:518:21: warning: comparison between signed and unsigned integer expressions [-Wsign-compare]
   for (int i = 0; i < dev_num; i++) {
                   ~~^~~~~~~~~
/root/workspace/workspace/tally-embeded/12r_sensor_project/sunnyTof_module/src/SunnyTof.cpp: In member function ‚Äòvirtual bool HST006Tof::SunnyTof::Stop()‚Äô:
/root/workspace/workspace/tally-embeded/12r_sensor_project/sunnyTof_module/src/SunnyTof.cpp:612:21: warning: comparison between signed and unsigned integer expressions [-Wsign-compare]
   for (int i = 0; i < dev_num; i++)
                   ~~^~~~~~~~~
/root/workspace/workspace/tally-embeded/12r_sensor_project/sunnyTof_module/src/SunnyTof.cpp:615:21: warning: comparison between signed and unsigned integer expressions [-Wsign-compare]
   for (int i = 0; i < dev_num; i++)
                   ~~^~~~~~~~~
/root/workspace/workspace/tally-embeded/12r_sensor_project/sunnyTof_module/src/SunnyTof.cpp:619:21: warning: comparison between signed and unsigned integer expressions [-Wsign-compare]
   for (int i = 0; i < dev_num; i++)
                   ~~^~~~~~~~~
/root/workspace/workspace/tally-embeded/12r_sensor_project/mcu_module/src/McuModule.cpp: In member function ‚Äòvirtual bool mcu_module::RoboBaseModule::DisableWaterPump()‚Äô:
/root/workspace/workspace/tally-embeded/12r_sensor_project/mcu_module/src/McuModule.cpp:657:1: warning: no return statement in function returning non-void [-Wreturn-type]
 }
 ^
/root/workspace/workspace/tally-embeded/12r_sensor_project/mcu_module/src/McuModule.cpp: In member function ‚Äòvirtual bool mcu_module::RoboBaseModule::EnableWaterPump()‚Äô:
/root/workspace/workspace/tally-embeded/12r_sensor_project/mcu_module/src/McuModule.cpp:661:1: warning: no return statement in function returning non-void [-Wreturn-type]
 }
 ^
/root/workspace/workspace/tally-embeded/12r_sensor_project/mcu_module/src/McuModule.cpp: In member function ‚Äòvoid mcu_module::RoboBaseModule::CliffDataHandler(mcu_module::SensorData&)‚Äô:
/root/workspace/workspace/tally-embeded/12r_sensor_project/mcu_module/src/McuModule.cpp:1503:5: error: expected ‚Äò;‚Äô before ‚ÄòTimeUsedCheck‚Äô
     TimeUsedCheck timeCK("mcu cliff data cb", CB_DELAY_WARN_TIME);
     ^~~~~~~~~~~~~
/root/workspace/workspace/tally-embeded/12r_sensor_project/mcu_module/src/McuModule.cpp:1503:66: warning: statement has no effect [-Wunused-value]
     TimeUsedCheck timeCK("mcu cliff data cb", CB_DELAY_WARN_TIME);
                                                                  ^
/root/workspace/workspace/tally-embeded/12r_sensor_project/mcu_module/src/McuModule.cpp:1512:5: error: ‚ÄòtimeCK‚Äô was not declared in this scope
     timeCK.check();
     ^~~~~~
/root/workspace/workspace/tally-embeded/12r_sensor_project/mcu_module/src/McuModule.cpp:1512:5: note: suggested alternative: ‚Äòtimegm‚Äô
     timeCK.check();
     ^~~~~~
     timegm
/root/workspace/workspace/tally-embeded/12r_sensor_project/sunnyTof_module/src/SunnyTof.cpp: In member function ‚Äòbool HST006Tof::SunnyTof::ExportGpio()‚Äô:
/root/workspace/workspace/tally-embeded/12r_sensor_project/sunnyTof_module/src/SunnyTof.cpp:196:10: warning: ignoring return value of ‚Äòsize_t fread(void*, size_t, size_t, FILE*)‚Äô, declared with attribute warn_unused_result [-Wunused-result]
     fread(buff, 1, 16, fp);
     ~~~~~^~~~~~~~~~~~~~~~~
/root/workspace/workspace/tally-embeded/12r_sensor_project/sunnyTof_module/src/SunnyTof.cpp:201:13: warning: ignoring return value of ‚Äòint system(const char*)‚Äô, declared with attribute warn_unused_result [-Wunused-result]
       system("echo out > /sys/class/gpio/gpio423/direction");
       ~~~~~~^~~~~~~~~~~~~~~~~~~~~~~~~~~~~~~~~~~~~~~~~~~~~~~~
/root/workspace/workspace/tally-embeded/12r_sensor_project/sunnyTof_module/src/SunnyTof.cpp: In member function ‚Äòbool HST006Tof::SunnyTof::UnexportGpio()‚Äô:
/root/workspace/workspace/tally-embeded/12r_sensor_project/sunnyTof_module/src/SunnyTof.cpp:212:11: warning: ignoring return value of ‚Äòint system(const char*)‚Äô, declared with attribute warn_unused_result [-Wunused-result]
     system("echo 0 > /sys/class/gpio/gpio423/value");
     ~~~~~~^~~~~~~~~~~~~~~~~~~~~~~~~~~~~~~~~~~~~~~~~~
/root/workspace/workspace/tally-embeded/12r_sensor_project/sunnyTof_module/src/SunnyTof.cpp:213:11: warning: ignoring return value of ‚Äòint system(const char*)‚Äô, declared with attribute warn_unused_result [-Wunused-result]
     system("echo 423 > /sys/class/gpio/unexport");
     ~~~~~~^~~~~~~~~~~~~~~~~~~~~~~~~~~~~~~~~~~~~~~
/root/workspace/workspace/tally-embeded/12r_sensor_project/sunnyTof_module/src/SunnyTof.cpp: In member function ‚Äòvoid HST006Tof::SunnyTof::UsbPower(bool)‚Äô:
/root/workspace/workspace/tally-embeded/12r_sensor_project/sunnyTof_module/src/SunnyTof.cpp:228:11: warning: ignoring return value of ‚Äòint system(const char*)‚Äô, declared with attribute warn_unused_result [-Wunused-result]
     system("echo 1 > /sys/class/gpio/gpio423/value");
     ~~~~~~^~~~~~~~~~~~~~~~~~~~~~~~~~~~~~~~~~~~~~~~~~
/root/workspace/workspace/tally-embeded/12r_sensor_project/sunnyTof_module/src/SunnyTof.cpp:231:11: warning: ignoring return value of ‚Äòint system(const char*)‚Äô, declared with attribute warn_unused_result [-Wunused-result]
     system("echo 0 > /sys/class/gpio/gpio423/value");
     ~~~~~~^~~~~~~~~~~~~~~~~~~~~~~~~~~~~~~~~~~~~~~~~~
/root/workspace/workspace/tally-embeded/12r_sensor_project/sunnyTof_module/src/SunnyTof.cpp: In member function ‚Äòvirtual bool HST006Tof::SunnyTof::Init()‚Äô:
/root/workspace/workspace/tally-embeded/12r_sensor_project/sunnyTof_module/src/SunnyTof.cpp:476:8: warning: ignoring return value of ‚Äòsize_t fread(void*, size_t, size_t, FILE*)‚Äô, declared with attribute warn_unused_result [-Wunused-result]
   fread(platForm, 1, 64, fp);
   ~~~~~^~~~~~~~~~~~~~~~~~~~~
mcu_module/src/CMakeFiles/mcu_module.dir/build.make:206: recipe for target 'mcu_module/src/CMakeFiles/mcu_module.dir/McuModule.cpp.o' failed
make[2]: *** [mcu_module/src/CMakeFiles/mcu_module.dir/McuModule.cpp.o] Error 1
CMakeFiles/Makefile2:521: recipe for target 'mcu_module/src/CMakeFiles/mcu_module.dir/all' failed
make[1]: *** [mcu_module/src/CMakeFiles/mcu_module.dir/all] Error 2
make[1]: *** Ê≠£Âú®Á≠âÂæÖÊú™ÂÆåÊàêÁöÑ‰ªªÂä°....
[ 90%] Linking CXX shared library ../../../install/lib/libsunnytof_module.so
[ 90%] Built target sunnytof_module
Makefile:83: recipe for target 'all' failed
make: *** [all] Error 2
Build step 'Execute shell' marked build as failure
Email was triggered for: Failure - Any
Sending email for trigger: Failure - Any
Sending email to: qishanqing@indemind.cn lishaohui@indemind.cn
Finished: FAILURE
