Started by user [8mha:////4NeZcJPLm+MfjD3BDs8GOBEa88oodQTJAS0j0N9IWQrjAAAAmh+LCAAAAAAAAP9b85aBtbiIQTGjNKU4P08vOT+vOD8nVc83PyU1x6OyILUoJzMv2y+/JJUBAhiZGBgqihhk0NSjKDWzXb3RdlLBUSYGJk8GtpzUvPSSDB8G5tKinBIGIZ+sxLJE/ZzEvHT94JKizLx0a6BxUmjGOUNodHsLgAyOEgY+/dLi1CL9jMT8jMS8qlQAxehcVMMAAAA=[0mhaohanze
Rebuilds build #[8mha:////4M6asfxHhqZp9tVjZydC5YMnA9Qga91drp5PiU9DQ6J8AAAAsB+LCAAAAAAAAP9b85aBtbiIQTGjNKU4P08vOT+vOD8nVc83PyU1x6OyILUoJzMv2y+/JJUBAhiZGBgqihhk0NSjKDWzXb3RdlLBUSYGJk8GtpzUvPSSDB8G5tKinBIGIZ+sxLJE/ZzEvHT94JKizLx0a6BxUmjGOUNodHsLgAymEgYt/bLM1HL91Nyk1JTUFP2s/CT95MTc1KJE3dz8lNKc1HiYjJE5AEFl56rfAAAA[0m27
Running as SYSTEM
Building remotely on [8mha:////4Mv+1wvIWl3OXIDGu6w3unSREX/fT0xpLFWon9eyySx4AAAAoR+LCAAAAAAAAP9b85aBtbiIQTGjNKU4P08vOT+vOD8nVc83PyU1x6OyILUoJzMv2y+/JJUBAhiZGBgqihhk0NSjKDWzXb3RdlLBUSYGJk8GtpzUvPSSDB8G5tKinBIGIZ+sxLJE/ZzEvHT94JKizLx0a6BxUmjGOUNodHsLgAzuEgZR/eT83ILSktQi/eyMxJTEYt3kxCJzAF4ra8rKAAAA[0mkhadas-car7 (car7) in workspace /root/workspace/workspace/camera-module_embeded
[WS-CLEANUP] Deleting project workspace...
[WS-CLEANUP] Deferred wipeout is used...
[WS-CLEANUP] Done
[camera-module_embeded] $ /bin/sh -xe /tmp/jenkins3924643299152676268.sh
+ bash /root/myscript/build/build.sh
++ export MYSQL_PWD=123
++ MYSQL_PWD=123
++ export -f cmdb_mysql
+ . /root/myscript/build/../sh/version-update.sh
++ . /root/.bashrc
+++ '[' -z '' ']'
+++ return
+ set -ex
+ export -f public_project_update
+ export -f project_build
+ init_project_env
++ date +%Y%m%d
+ DT=20241012
+ UserName=jenkins
+ API_TOKEN=11b65309c9835de9579d9c9038853d9eb7
+ GIT_PRIVATE_TOKEN=emEDrsaJVjxKK5gSWrf-
+ GIT_HOST=192.168.50.191
++ echo camera_module/sensor
++ awk -F/ '{print $1"%2F"$2}'
+ CONVERT_TARGET_PROJECT=camera_module%2Fsensor
++ curl -XGET -H 'Content-Type: application/json' --header 'PRIVATE-TOKEN: emEDrsaJVjxKK5gSWrf-' http://192.168.50.191:85/api/v4/projects/camera_module%2Fsensor
++ python -c 'import sys, json; print(json.load(sys.stdin)["id"])'
/root/myscript/build/build.sh: line 15: python: command not found
  % Total    % Received % Xferd  Average Speed   Time    Time     Time  Current
                                 Dload  Upload   Total   Spent    Left  Speed
  0     0    0     0    0     0      0      0 --:--:-- --:--:-- --:--:--     0100  3155    0  3155    0     0  31868      0 --:--:-- --:--:-- --:--:-- 31868
(23) Failed writing body
+ SUB_PROJECT_ID=
+ true
+ '[' -z ']'
+ SOURCE_DIR=/root/workspace/workspace/camera-module_embeded/rubby_sensor_6601
+ TARGET_DIR=/root/workspace/workspace/camera-module_embeded/sensor
+ prepare_env
++ uname -m
+ system_platform=aarch64
+ :
++ cat /proc/cpuinfo
++ grep processor
++ sort
++ wc -l
++ uniq
+ mt=-j4
+ export COMMIT_ID_FILE=/root/workspace/workspace/camera-module_embeded/_last_build_id
+ COMMIT_ID_FILE=/root/workspace/workspace/camera-module_embeded/_last_build_id
+ export COMMIT_MSG_FILE=/root/workspace/workspace/camera-module_embeded/_commit-msg
+ COMMIT_MSG_FILE=/root/workspace/workspace/camera-module_embeded/_commit-msg
+ export COMMIT_MSG_FILE_TMP=/root/workspace/workspace/camera-module_embeded/_commit-msg.tmp
+ COMMIT_MSG_FILE_TMP=/root/workspace/workspace/camera-module_embeded/_commit-msg.tmp
+ rm -f /root/workspace/workspace/camera-module_embeded/_last_build_id
+ rm -f /root/workspace/workspace/camera-module_embeded/_commit-msg
+ rm -f /root/workspace/workspace/camera-module_embeded/_commit-msg.tmp
+ rm -f /root/workspace/workspace/camera-module_embeded/result.log
+ rm -f /root/workspace/workspace/camera-module_embeded/no_code_change.log
+ sign_env
+ CONFIG_DIR_SET=/root/system
+ CONFIG_BRANCH=mind_os
+ CLONE_DEPTH=--depth=1
+ CONFIG_DIR=/root/system/i18rconfig
+ CONFIG_REMOTE='git clone ssh://git@192.168.50.191:222/AroundI18RProject/i18rconfig /root/system/i18rconfig -b mind_os --depth=1'
+ [[ aarch64 =~ x86_64 ]]
+ ENCRYPTION_TOOL=/root/system/i18rconfig/encrypt
+ CLONE_DEPTH=--depth=1
+ PUBLICBASETYPES_DIR=/root/system/I18RPublicBaseTypes
+ cmdb_mysql 'insert into prebuild(job_name,source_project,source_branch,target_project,target_branch,time,build_url,node_name,build_user) values ('\''camera-module_embeded'\'','\''EmbeddedGroup/rubby_sensor_6601'\'','\''module_x_line_laser_midea'\'','\''camera_module/sensor'\'','\''module_x_line_laser_midea'\'',now(),'\''http://192.168.50.191:8088/job/camera-module_embeded/28/'\'','\''khadas-car7'\'','\''haohanze'\'')'
+ set +x
+ DOCKER_CONTAINER_I18=build-x64-18.04
+ DOCKER_CONTAINER_RUBBY=c405
+ DOCKER_CONTAINER_RUBBY_INSIDE=c3566
+ DOCKER_CONTAINER_JAVA=node
+ JENKINS_JOB_A=mind
+ JENKINS_JOB_B=rbn
+ JENKINS_JOB_C=mark-check-tools
+ JENKINS_JOB_D=java
+ JENKINS_JOB_E=clean_recorder
+ JENKINS_JOB_F=i18r
+ JENKINS_JOB_G=nodejs
+ JENKINS_JOB_H=_ui
+ JENKINS_JOB_L=i12r
+ [[ camera-module_embeded =~ mind ]]
+ '[' true = false ']'
+ source_project_fetch
+ git clone ssh://git@192.168.50.191:222/EmbeddedGroup/rubby_sensor_6601 -b module_x_line_laser_midea --depth=1
Cloning into 'rubby_sensor_6601'...
Updating files:  83% (3131/3732)Updating files:  84% (3135/3732)Updating files:  85% (3173/3732)Updating files:  86% (3210/3732)Updating files:  87% (3247/3732)Updating files:  88% (3285/3732)Updating files:  89% (3322/3732)Updating files:  90% (3359/3732)Updating files:  91% (3397/3732)Updating files:  92% (3434/3732)Updating files:  93% (3471/3732)Updating files:  94% (3509/3732)Updating files:  95% (3546/3732)Updating files:  96% (3583/3732)Updating files:  97% (3621/3732)Updating files:  98% (3658/3732)Updating files:  99% (3695/3732)Updating files: 100% (3732/3732)Updating files: 100% (3732/3732), done.
+ target_project_update
+ rm -rf /root/workspace/workspace/camera-module_embeded/sensor
+ target_project_fetch
+ git clone ssh://git@192.168.50.191:222/camera_module/sensor -b module_x_line_laser_midea --depth=1
Cloning into 'sensor'...
warning: Could not find remote branch module_x_line_laser_midea to clone.
fatal: Remote branch module_x_line_laser_midea not found in upstream origin
+ target_push=false
+ insert_db
+ pushd /root/workspace/workspace/camera-module_embeded/rubby_sensor_6601
~/workspace/workspace/camera-module_embeded/rubby_sensor_6601 ~/workspace/workspace/camera-module_embeded
++ cmdb_mysql 'SELECT first_commit_id FROM prebuild where source_project='\''EmbeddedGroup/rubby_sensor_6601'\'' and source_branch='\''module_x_line_laser_midea'\'' and target_project='\''camera_module/sensor'\'' and target_branch='\''module_x_line_laser_midea'\'' and status='\''0'\'' and job_name='\''camera-module_embeded'\'' order by id desc limit 1;'
fatal: the remote end hung up unexpectedly
++ set +x
+ version=
++ awk -F ' ' '{print $2}'
++ echo
+ version=
++ git log -1 --pretty=format:%h
+ first_commit_id_now=7b2cebc
+ cmdb_mysql 'update prebuild set first_commit_id='\''7b2cebc'\'' where build_url='\''http://192.168.50.191:8088/job/camera-module_embeded/28/'\'';'
+ set +x
+ popd
~/workspace/workspace/camera-module_embeded
+ [[ aarch64 =~ x86_64 ]]
+ [[ camera-module_embeded =~ i18r ]]
+ project_build
+ pushd /root/workspace/workspace/camera-module_embeded/rubby_sensor_6601
~/workspace/workspace/camera-module_embeded/rubby_sensor_6601 ~/workspace/workspace/camera-module_embeded
+ project_init_remote
++ find -type f -name sync_submodules.sh
+ sf=
+ '[' -z ']'
+ git submodule update --init --recursive
Submodule 'abby_msg' (http://192.168.50.191:85/abby/source/abby_msg.git) registered for path 'abby_msg'
Submodule 'mind_os' (ssh://git@192.168.50.191:222/mind_os/mind_os.git) registered for path 'mind_os'
Cloning into '/root/workspace/workspace/camera-module_embeded/rubby_sensor_6601/abby_msg'...
Cloning into '/root/workspace/workspace/camera-module_embeded/rubby_sensor_6601/mind_os'...
Submodule path 'abby_msg': checked out '8b9d64b7cac8bba739584d03937ba5212e1a4636'
Submodule path 'mind_os': checked out '869774fe4b69602997f94f4785646bf43cae839b'
+ git submodule update --remote
Submodule path 'abby_msg': checked out '52b5987b9cbbe407ebcca00d055a99b275681f93'
Submodule path 'mind_os': checked out '64722e8e6e6104e33f5e71370668741d31203b50'
+ sed -i 's/make -j[0-9].*/make -j4/g' build.sh
+ '[' -z ']'
+ '[' x7b2cebc == x ']'
+ bash -ex build.sh
++ wc -l
++ grep processor
++ cat /proc/cpuinfo
+ NR=6
++ uname -m
+ PLATFORM=aarch64
+ echo 'now platform is aarch64 ...'
now platform is aarch64 ...
+ [[ 0 -gt 0 ]]
+ '[' aarch64 = x86_64 ']'
+ '[' aarch64 = aarch64 ']'
+ arm64_compile_arm64
+ '[' '!' -d build_arm64 ']'
+ mkdir build_arm64
+ cd build_arm64
+ cmake -DCOMPILE_FOR_SDK=OFF -DCROSS_COMPILE_ENABLE=OFF ..
-- The C compiler identification is GNU 9.4.0
-- The CXX compiler identification is GNU 9.4.0
-- Check for working C compiler: /usr/bin/cc
-- Check for working C compiler: /usr/bin/cc -- works
-- Detecting C compiler ABI info
-- Detecting C compiler ABI info - done
-- Detecting C compile features
-- Detecting C compile features - done
-- Check for working CXX compiler: /usr/bin/c++
-- Check for working CXX compiler: /usr/bin/c++ -- works
-- Detecting CXX compiler ABI info
-- Detecting CXX compiler ABI info - done
-- Detecting CXX compile features
-- Detecting CXX compile features - done
LIBRARY_OUTPUT_PATH /root/workspace/workspace/camera-module_embeded/rubby_sensor_6601/install/lib/arm ..................
EXECUTABLE_OUTPUT_PATH /root/workspace/workspace/camera-module_embeded/rubby_sensor_6601/install/bin/arm .....................
-- BUILD_ROS_NODE=OFF
-- emb_common version is 1.0.2
-- Found OpenCV: /usr/local (found suitable version "3.4.3", minimum required is "3") 
-- imsee version is 1.0.2
-- sensor_plugin version is 1.0.2
-- sensor_subscriber_plugin version is 1.0.2
-- Configuring done
-- Generating done
CMake Warning:
  Manually-specified variables were not used by the project:

    COMPILE_FOR_SDK
    CROSS_COMPILE_ENABLE


-- Build files have been written to: /root/workspace/workspace/camera-module_embeded/rubby_sensor_6601/build_arm64
+ make -j6
Scanning dependencies of target emb_common
Scanning dependencies of target imsee
[  4%] Building CXX object sensor/core/common/CMakeFiles/emb_common.dir/ByteFifo.cpp.o
[  8%] Building CXX object sensor/core/common/CMakeFiles/emb_common.dir/common.cpp.o
[ 13%] Building CXX object sensor/core/common/CMakeFiles/emb_common.dir/CRC16.cpp.o
[ 17%] Building CXX object sensor/core/common/CMakeFiles/emb_common.dir/RobotDebug.cpp.o
[ 21%] Building CXX object sensor/core/common/CMakeFiles/emb_common.dir/CRC32.cpp.o
[ 26%] Building CXX object sensor/core/imsee/src/CMakeFiles/imsee.dir/ImseeModule.cpp.o
[ 30%] Building CXX object sensor/core/common/CMakeFiles/emb_common.dir/ThreadCpuSet.cpp.o
[ 34%] Building CXX object sensor/core/common/CMakeFiles/emb_common.dir/TimeSync.cpp.o
[ 39%] Building CXX object sensor/core/common/CMakeFiles/emb_common.dir/MsgQueue.cpp.o
[ 43%] Building CXX object sensor/core/common/CMakeFiles/emb_common.dir/ThreadMsgQueue.cpp.o
/root/workspace/workspace/camera-module_embeded/rubby_sensor_6601/sensor/core/common/ByteFifo.cpp: In member function â€˜int ByteFifo::Init()â€™:
/root/workspace/workspace/camera-module_embeded/rubby_sensor_6601/sensor/core/common/ByteFifo.cpp:33:7: warning: unused variable â€˜flagsâ€™ [-Wunused-variable]
   33 |   int flags = fcntl(writeFd, F_GETFL);
      |       ^~~~~
[ 47%] Building CXX object sensor/core/common/CMakeFiles/emb_common.dir/ConfigYaml.cpp.o
[ 52%] Building CXX object sensor/core/common/CMakeFiles/emb_common.dir/md5.cpp.o
[ 56%] Building CXX object sensor/core/common/CMakeFiles/emb_common.dir/md5file.cpp.o
[ 60%] Building CXX object sensor/core/common/CMakeFiles/emb_common.dir/DataTypeConversion.cpp.o
[ 65%] Building CXX object sensor/core/imsee/src/CMakeFiles/imsee.dir/imsee.cpp.o
[ 69%] Linking CXX shared library ../../../../install/lib/arm/libemb_common.so
/usr/bin/ld: cannot find -lv4l2
collect2: error: ld returned 1 exit status
make[2]: *** [sensor/core/common/CMakeFiles/emb_common.dir/build.make:265: ../install/lib/arm/libemb_common.so.1.0.2] Error 1
make[1]: *** [CMakeFiles/Makefile2:250: sensor/core/common/CMakeFiles/emb_common.dir/all] Error 2
make[1]: *** Waiting for unfinished jobs....
/root/workspace/workspace/camera-module_embeded/rubby_sensor_6601/sensor/core/imsee/src/imsee.cpp: In member function â€˜void imsee_module::IMSEE::ImgRecieveThread()â€™:
/root/workspace/workspace/camera-module_embeded/rubby_sensor_6601/sensor/core/imsee/src/imsee.cpp:77:9: warning: unused variable â€˜numâ€™ [-Wunused-variable]
   77 |     int num = 0;
      |         ^~~
/root/workspace/workspace/camera-module_embeded/rubby_sensor_6601/sensor/core/imsee/src/imsee.cpp: In member function â€˜int imsee_module::IMSEE::ImgInit(int, int, int)â€™:
/root/workspace/workspace/camera-module_embeded/rubby_sensor_6601/sensor/core/imsee/src/imsee.cpp:248:25: warning: comparison of integer expressions of different signedness: â€˜intâ€™ and â€˜std::vector<video_buffer>::size_typeâ€™ {aka â€˜long unsigned intâ€™} [-Wsign-compare]
  248 |       for (int i = 0; i < videoBuffers.size(); i++) {
      |                       ~~^~~~~~~~~~~~~~~~~~~~~
/root/workspace/workspace/camera-module_embeded/rubby_sensor_6601/sensor/core/imsee/src/imsee.cpp:249:27: warning: comparison of integer expressions of different signedness: â€˜intâ€™ and â€˜std::vector<plane_state>::size_typeâ€™ {aka â€˜long unsigned intâ€™} [-Wsign-compare]
  249 |         for (int j = 0; j < videoBuffers[i].planeState.size(); j++) {
      |                         ~~^~~~~~~~~~~~~~~~~~~~~~~~~~~~~~~~~~~
/root/workspace/workspace/camera-module_embeded/rubby_sensor_6601/sensor/core/imsee/src/imsee.cpp: In member function â€˜int imsee_module::IMSEE::ImgStart()â€™:
/root/workspace/workspace/camera-module_embeded/rubby_sensor_6601/sensor/core/imsee/src/imsee.cpp:292:21: warning: comparison of integer expressions of different signedness: â€˜intâ€™ and â€˜std::vector<video_buffer>::size_typeâ€™ {aka â€˜long unsigned intâ€™} [-Wsign-compare]
  292 |   for (int i = 0; i < videoBuffers.size(); i++) {
      |                   ~~^~~~~~~~~~~~~~~~~~~~~
/root/workspace/workspace/camera-module_embeded/rubby_sensor_6601/sensor/core/imsee/src/imsee.cpp:293:23: warning: comparison of integer expressions of different signedness: â€˜intâ€™ and â€˜std::vector<plane_state>::size_typeâ€™ {aka â€˜long unsigned intâ€™} [-Wsign-compare]
  293 |     for (int j = 0; j < videoBuffers[i].planeState.size(); j++) {
      |                     ~~^~~~~~~~~~~~~~~~~~~~~~~~~~~~~~~~~~~
/root/workspace/workspace/camera-module_embeded/rubby_sensor_6601/sensor/core/imsee/src/imsee.cpp: In member function â€˜int imsee_module::IMSEE::ImgStop()â€™:
/root/workspace/workspace/camera-module_embeded/rubby_sensor_6601/sensor/core/imsee/src/imsee.cpp:326:21: warning: comparison of integer expressions of different signedness: â€˜intâ€™ and â€˜std::vector<video_buffer>::size_typeâ€™ {aka â€˜long unsigned intâ€™} [-Wsign-compare]
  326 |   for (int i = 0; i < videoBuffers.size(); i++) {
      |                   ~~^~~~~~~~~~~~~~~~~~~~~
/root/workspace/workspace/camera-module_embeded/rubby_sensor_6601/sensor/core/imsee/src/imsee.cpp:327:23: warning: comparison of integer expressions of different signedness: â€˜intâ€™ and â€˜std::vector<plane_state>::size_typeâ€™ {aka â€˜long unsigned intâ€™} [-Wsign-compare]
  327 |     for (int j = 0; j < videoBuffers[i].planeState.size(); j++) {
      |                     ~~^~~~~~~~~~~~~~~~~~~~~~~~~~~~~~~~~~~
/root/workspace/workspace/camera-module_embeded/rubby_sensor_6601/sensor/core/imsee/src/imsee.cpp:312:7: warning: unused variable â€˜retâ€™ [-Wunused-variable]
  312 |   int ret;
      |       ^~~
/root/workspace/workspace/camera-module_embeded/rubby_sensor_6601/sensor/core/imsee/src/imsee.cpp: In member function â€˜virtual int imsee_module::IMSEE::Stop()â€™:
/root/workspace/workspace/camera-module_embeded/rubby_sensor_6601/sensor/core/imsee/src/imsee.cpp:387:7: warning: unused variable â€˜retâ€™ [-Wunused-variable]
  387 |   int ret = 0;
      |       ^~~
[ 73%] Linking CXX shared library ../../../../../install/lib/arm/libimsee.so
/usr/bin/ld: cannot find -lv4l2
/usr/bin/ld: cannot find -lv4l2
/usr/bin/ld: cannot find -lv4l2
collect2: error: ld returned 1 exit status
make[2]: *** [sensor/core/imsee/src/CMakeFiles/imsee.dir/build.make:130: ../install/lib/arm/libimsee.so.1.0.2] Error 1
make[1]: *** [CMakeFiles/Makefile2:277: sensor/core/imsee/src/CMakeFiles/imsee.dir/all] Error 2
make: *** [Makefile:84: all] Error 2
Build step 'Execute shell' marked build as failure
Finished: FAILURE
