Started by user [8mha:////4MzersSP/9cKUovrzPMuoS/kLqxVF8zd8yb1BUJ8RGIAAAAAmh+LCAAAAAAAAP9b85aBtbiIQTGjNKU4P08vOT+vOD8nVc83PyU1x6OyILUoJzMv2y+/JJUBAhiZGBgqihhk0NSjKDWzXb3RdlLBUSYGJk8GtpzUvPSSDB8G5tKinBIGIZ+sxLJE/ZzEvHT94JKizLx0a6BxUmjGOUNodHsLgAzuEgYB/dLi1CL9nMzSXKDZQJMAv/Rqu8UAAAA=[0mliumengyang
Rebuilds build #[8mha:////4LHjre+/z+EmxrK3vHEsEpE+5Ftiq+/XvRWQHfINS3cyAAAApx+LCAAAAAAAAP9b85aBtbiIQTGjNKU4P08vOT+vOD8nVc83PyU1x6OyILUoJzMv2y+/JJUBAhiZGBgqihhk0NSjKDWzXb3RdlLBUSYGJk8GtpzUvPSSDB8G5tKinBIGIZ+sxLJE/ZzEvHT94JKizLx0a6BxUmjGOUNodHsLgAzmEgZp/az8JP3kxLTUIl0zMwND3dTcpNSU1BR9Q1MjACpkI9jQAAAA[0m152
Running as SYSTEM
Building remotely on [8mha:////4Mv+1wvIWl3OXIDGu6w3unSREX/fT0xpLFWon9eyySx4AAAAoR+LCAAAAAAAAP9b85aBtbiIQTGjNKU4P08vOT+vOD8nVc83PyU1x6OyILUoJzMv2y+/JJUBAhiZGBgqihhk0NSjKDWzXb3RdlLBUSYGJk8GtpzUvPSSDB8G5tKinBIGIZ+sxLJE/ZzEvHT94JKizLx0a6BxUmjGOUNodHsLgAzuEgZR/eT83ILSktQi/eyMxJTEYt3kxCJzAF4ra8rKAAAA[0mkhadas-car7 (car7) in workspace /root/workspace/workspace/cafer-6601-embeded
[WS-CLEANUP] Clean-up disabled, skipping workspace deletion.
[cafer-6601-embeded] $ /bin/sh -xe /tmp/jenkins12876414965284206216.sh
+ bash /root/myscript/build/build.sh
++ export MYSQL_PWD=123
++ MYSQL_PWD=123
++ export -f cmdb_mysql
+ . /root/myscript/build/../sh/version-update.sh
++ . /root/.bashrc
+++ '[' -z '' ']'
+++ return
+ set -ex
+ export -f public_project_update
+ export -f project_build
+ init_project_env
++ date +%Y%m%d
+ DT=20240624
+ UserName=jenkins
+ API_TOKEN=11b65309c9835de9579d9c9038853d9eb7
+ GIT_PRIVATE_TOKEN=emEDrsaJVjxKK5gSWrf-
+ GIT_HOST=192.168.50.191
++ echo abby/integration/sensors
++ awk -F/ '{print $1"%2F"$2}'
+ CONVERT_TARGET_PROJECT=abby%2Fintegration
++ python -c 'import sys, json; print(json.load(sys.stdin)["id"])'
/root/myscript/build/build.sh: line 15: python: command not found
++ curl -XGET -H 'Content-Type: application/json' --header 'PRIVATE-TOKEN: emEDrsaJVjxKK5gSWrf-' http://192.168.50.191:85/api/v4/projects/abby%2Fintegration
  % Total    % Received % Xferd  Average Speed   Time    Time     Time  Current
                                 Dload  Upload   Total   Spent    Left  Speed
  0     0    0     0    0     0      0      0 --:--:-- --:--:-- --:--:--     0100    35  100    35    0     0    700      0 --:--:-- --:--:-- --:--:--   700
(23) Failed writing body
+ SUB_PROJECT_ID=
+ true
+ '[' -z ']'
+ SOURCE_DIR=/root/workspace/workspace/cafer-6601-embeded/rubby_sensor_6601
+ TARGET_DIR=/root/workspace/workspace/cafer-6601-embeded/sensors
+ prepare_env
++ uname -m
+ system_platform=aarch64
+ :
++ grep processor
++ sort
++ cat /proc/cpuinfo
++ uniq
++ wc -l
+ mt=-j4
+ export COMMIT_ID_FILE=/root/workspace/workspace/cafer-6601-embeded/_last_build_id
+ COMMIT_ID_FILE=/root/workspace/workspace/cafer-6601-embeded/_last_build_id
+ export COMMIT_MSG_FILE=/root/workspace/workspace/cafer-6601-embeded/_commit-msg
+ COMMIT_MSG_FILE=/root/workspace/workspace/cafer-6601-embeded/_commit-msg
+ export COMMIT_MSG_FILE_TMP=/root/workspace/workspace/cafer-6601-embeded/_commit-msg.tmp
+ COMMIT_MSG_FILE_TMP=/root/workspace/workspace/cafer-6601-embeded/_commit-msg.tmp
+ rm -f /root/workspace/workspace/cafer-6601-embeded/_last_build_id
+ rm -f /root/workspace/workspace/cafer-6601-embeded/_commit-msg
+ rm -f /root/workspace/workspace/cafer-6601-embeded/_commit-msg.tmp
+ rm -f /root/workspace/workspace/cafer-6601-embeded/result.log
+ rm -f /root/workspace/workspace/cafer-6601-embeded/no_code_change.log
+ sign_env
+ CONFIG_DIR_SET=/root/system
+ CONFIG_BRANCH=mind_os
+ CLONE_DEPTH=--depth=1
+ CONFIG_DIR=/root/system/i18rconfig
+ CONFIG_REMOTE='git clone ssh://git@192.168.50.191:222/AroundI18RProject/i18rconfig /root/system/i18rconfig -b mind_os --depth=1'
+ [[ aarch64 =~ x86_64 ]]
+ ENCRYPTION_TOOL=/root/system/i18rconfig/encrypt
+ CLONE_DEPTH=--depth=1
+ PUBLICBASETYPES_DIR=/root/system/I18RPublicBaseTypes
+ cmdb_mysql 'insert into prebuild(job_name,source_project,source_branch,target_project,target_branch,time,build_url,node_name,build_user) values ('\''cafer-6601-embeded'\'','\''EmbeddedGroup/rubby_sensor_6601'\'','\''meidi'\'','\''abby/integration/sensors'\'','\''meidi'\'',now(),'\''http://192.168.50.191:8088/job/cafer-6601-embeded/153/'\'','\''khadas-car7'\'','\''liumengang'\'')'
+ set +x
+ DOCKER_CONTAINER_I18=build-x64-18.04
+ DOCKER_CONTAINER_RUBBY=c405
+ DOCKER_CONTAINER_RUBBY_INSIDE=c3566
+ DOCKER_CONTAINER_JAVA=node
+ JENKINS_JOB_A=mind
+ JENKINS_JOB_B=rbn
+ JENKINS_JOB_C=mark-check-tools
+ JENKINS_JOB_D=java
+ JENKINS_JOB_E=clean_recorder
+ JENKINS_JOB_F=i18r
+ JENKINS_JOB_G=nodejs
+ JENKINS_JOB_H=_ui
+ JENKINS_JOB_L=i12r
+ [[ cafer-6601-embeded =~ mind ]]
+ '[' false = false ']'
+ source_project_update
+ '[' -d /root/workspace/workspace/cafer-6601-embeded/rubby_sensor_6601 ']'
+ pushd /root/workspace/workspace/cafer-6601-embeded/rubby_sensor_6601
~/workspace/workspace/cafer-6601-embeded/rubby_sensor_6601 ~/workspace/workspace/cafer-6601-embeded
+ git checkout ./
Updated 1 path from the index
+ git pull --rebase
From ssh://192.168.50.191:222/EmbeddedGroup/rubby_sensor_6601
   70496dc..53aea00  meidi      -> origin/meidi
Updating 70496dc..53aea00
Fast-forward
 sensor/core/CMakeLists.txt | 2 +-
 1 file changed, 1 insertion(+), 1 deletion(-)
Current branch meidi is up to date.
+ popd
~/workspace/workspace/cafer-6601-embeded
+ target_project_update
+ rm -rf /root/workspace/workspace/cafer-6601-embeded/sensors
+ target_project_fetch
+ git clone ssh://git@192.168.50.191:222/abby/integration/sensors -b meidi --depth=1
Cloning into 'sensors'...
+ insert_db
+ pushd /root/workspace/workspace/cafer-6601-embeded/rubby_sensor_6601
~/workspace/workspace/cafer-6601-embeded/rubby_sensor_6601 ~/workspace/workspace/cafer-6601-embeded
++ cmdb_mysql 'SELECT first_commit_id FROM prebuild where source_project='\''EmbeddedGroup/rubby_sensor_6601'\'' and source_branch='\''meidi'\'' and target_project='\''abby/integration/sensors'\'' and target_branch='\''meidi'\'' and status='\''0'\'' and job_name='\''cafer-6601-embeded'\'' order by id desc limit 1;'
++ set +x
+ version=
++ awk -F ' ' '{print $2}'
++ echo
+ version=
++ git log -1 --pretty=format:%h
+ first_commit_id_now=53aea00
+ cmdb_mysql 'update prebuild set first_commit_id='\''53aea00'\'' where build_url='\''http://192.168.50.191:8088/job/cafer-6601-embeded/153/'\'';'
+ set +x
+ popd
~/workspace/workspace/cafer-6601-embeded
+ [[ aarch64 =~ x86_64 ]]
+ [[ cafer-6601-embeded =~ i18r ]]
+ project_build
+ pushd /root/workspace/workspace/cafer-6601-embeded/rubby_sensor_6601
~/workspace/workspace/cafer-6601-embeded/rubby_sensor_6601 ~/workspace/workspace/cafer-6601-embeded
+ project_init_remote
++ find -type f -name sync_submodules.sh
+ sf=
+ '[' -z ']'
+ git submodule update --init --recursive
Submodule path 'mind_os': checked out '869774fe4b69602997f94f4785646bf43cae839b'
+ git submodule update --remote
Submodule path 'mind_os': checked out '2b9e717d5d134400aaeb0bced79d5ca14a132cc6'
+ sed -i 's/make -j[0-9].*/make -j4/g' build.sh
+ '[' -z ']'
+ '[' x53aea00 == x ']'
+ bash -ex build.sh
++ wc -l
++ grep processor
++ cat /proc/cpuinfo
+ NR=6
++ uname -m
+ PLATFORM=aarch64
+ echo 'now platform is aarch64 ...'
now platform is aarch64 ...
+ [[ 0 -gt 0 ]]
+ '[' aarch64 = x86_64 ']'
+ '[' aarch64 = aarch64 ']'
+ arm64_compile_arm64
+ '[' '!' -d build_arm64 ']'
+ cd build_arm64
+ cmake -DCOMPILE_FOR_SDK=OFF -DCROSS_COMPILE_ENABLE=OFF ..
LIBRARY_OUTPUT_PATH /root/workspace/workspace/cafer-6601-embeded/rubby_sensor_6601/install/lib/arm ..................
EXECUTABLE_OUTPUT_PATH /root/workspace/workspace/cafer-6601-embeded/rubby_sensor_6601/install/bin/arm .....................
-- BUILD_ROS_NODE=OFF
-- emb_common version is 1.0.2
-- imsee version is 1.0.2
-- KeyBoard version is 1.0.2
-- McuData version is 1.0.2
-- multimodule version is 1.0.2
-- sensorControl version is 1.0.2
-- sensor_plugin version is 1.0.2
-- test_plugin version is 1.0.2
-- sensor_subscriber_plugin version is 1.0.2
-- Configuring done
-- Generating done
-- Build files have been written to: /root/workspace/workspace/cafer-6601-embeded/rubby_sensor_6601/build_arm64
+ make -j6
[ 21%] Built target emb_common
[ 26%] Built target monitor_node
[ 29%] Built target sensor_subscriber_plugin
[ 32%] Built target test_plugin
[ 37%] Built target KeyBoard
[ 40%] Built target sensorControl
Scanning dependencies of target multimodule
Scanning dependencies of target multi_main
[ 42%] Building CXX object sensor/core/multi_module/src/CMakeFiles/multimodule.dir/MultiModule.cpp.o
[ 43%] Building CXX object sensor/core/multi_module/sample/CMakeFiles/multi_main.dir/__/src/MultiModule.cpp.o
[ 45%] Building CXX object sensor/core/multi_module/sample/CMakeFiles/multi_main.dir/multi_main.cpp.o
Scanning dependencies of target imsee
[ 46%] Building CXX object sensor/core/imsee/src/CMakeFiles/imsee.dir/ImseeModule.cpp.o
[ 48%] Building CXX object sensor/core/imsee/src/CMakeFiles/imsee.dir/6601_mipi/mipi_imsee.cpp.o
[ 50%] Building CXX object sensor/core/imsee/src/CMakeFiles/imsee.dir/imsee.cpp.o
/root/workspace/workspace/cafer-6601-embeded/rubby_sensor_6601/sensor/core/imsee/src/imsee.cpp:1596: warning: "MAC_MODE_INCLUDE_OTP_88" redefined
 1596 | #define MAC_MODE_INCLUDE_OTP_88 ((uint8_t)0x10)     //!< MAC mode bit   4: include first 88 OTP bits
      | 
In file included from /root/workspace/workspace/cafer-6601-embeded/rubby_sensor_6601/sensor/core/imsee/src/imsee.cpp:24:
/root/workspace/workspace/cafer-6601-embeded/rubby_sensor_6601/sensor/core/imsee/src/../library/sha256.h:104: note: this is the location of the previous definition
  104 | #define MAC_MODE_INCLUDE_OTP_88 ((uint8)0x10)     //!< MAC mode bit   4: include first 88 OTP bits
      | 
/root/workspace/workspace/cafer-6601-embeded/rubby_sensor_6601/sensor/core/imsee/src/imsee.cpp:1597: warning: "MAC_MODE_INCLUDE_OTP_64" redefined
 1597 | #define MAC_MODE_INCLUDE_OTP_64 ((uint8_t)0x20)     //!< MAC mode bit   5: include first 64 OTP bits
      | 
In file included from /root/workspace/workspace/cafer-6601-embeded/rubby_sensor_6601/sensor/core/imsee/src/imsee.cpp:24:
/root/workspace/workspace/cafer-6601-embeded/rubby_sensor_6601/sensor/core/imsee/src/../library/sha256.h:105: note: this is the location of the previous definition
  105 | #define MAC_MODE_INCLUDE_OTP_64 ((uint8)0x20)     //!< MAC mode bit   5: include first 64 OTP bits
      | 
/root/workspace/workspace/cafer-6601-embeded/rubby_sensor_6601/sensor/core/imsee/src/imsee.cpp:1603: warning: "MAC_MODE_CHALLENGE" redefined
 1603 | #define MAC_MODE_CHALLENGE ((uint8_t)0x00)          //!< MAC mode       0: first SHA block from data slot
      | 
In file included from /root/workspace/workspace/cafer-6601-embeded/rubby_sensor_6601/sensor/core/imsee/src/imsee.cpp:24:
/root/workspace/workspace/cafer-6601-embeded/rubby_sensor_6601/sensor/core/imsee/src/../library/sha256.h:99: note: this is the location of the previous definition
   99 | #define MAC_MODE_CHALLENGE ((uint8)0x00)          //!< MAC mode       0: first SHA block from data slot
      | 
/root/workspace/workspace/cafer-6601-embeded/rubby_sensor_6601/sensor/core/imsee/src/imsee.cpp:1604: warning: "MAC_MODE_BLOCK2_TEMPKEY" redefined
 1604 | #define MAC_MODE_BLOCK2_TEMPKEY ((uint8_t)0x01)     //!< MAC mode bit   0: second SHA block from TempKey
      | 
In file included from /root/workspace/workspace/cafer-6601-embeded/rubby_sensor_6601/sensor/core/imsee/src/imsee.cpp:24:
/root/workspace/workspace/cafer-6601-embeded/rubby_sensor_6601/sensor/core/imsee/src/../library/sha256.h:100: note: this is the location of the previous definition
  100 | #define MAC_MODE_BLOCK2_TEMPKEY ((uint8)0x01)     //!< MAC mode bit   0: second SHA block from TempKey
      | 
/root/workspace/workspace/cafer-6601-embeded/rubby_sensor_6601/sensor/core/imsee/src/imsee.cpp:1605: warning: "MAC_MODE_BLOCK1_TEMPKEY" redefined
 1605 | #define MAC_MODE_BLOCK1_TEMPKEY ((uint8_t)0x02)     //!< MAC mode bit   1: first SHA block from TempKey
      | 
In file included from /root/workspace/workspace/cafer-6601-embeded/rubby_sensor_6601/sensor/core/imsee/src/imsee.cpp:24:
/root/workspace/workspace/cafer-6601-embeded/rubby_sensor_6601/sensor/core/imsee/src/../library/sha256.h:101: note: this is the location of the previous definition
  101 | #define MAC_MODE_BLOCK1_TEMPKEY ((uint8)0x02)     //!< MAC mode bit   1: first SHA block from TempKey
      | 
/root/workspace/workspace/cafer-6601-embeded/rubby_sensor_6601/sensor/core/imsee/src/imsee.cpp:1606: warning: "MAC_MODE_SOURCE_FLAG_MATCH" redefined
 1606 | #define MAC_MODE_SOURCE_FLAG_MATCH ((uint8_t)0x04)  //!< MAC mode bit   2: match TempKey.SourceFlag
      | 
In file included from /root/workspace/workspace/cafer-6601-embeded/rubby_sensor_6601/sensor/core/imsee/src/imsee.cpp:24:
/root/workspace/workspace/cafer-6601-embeded/rubby_sensor_6601/sensor/core/imsee/src/../library/sha256.h:102: note: this is the location of the previous definition
  102 | #define MAC_MODE_SOURCE_FLAG_MATCH ((uint8)0x04)  //!< MAC mode bit   2: match TempKey.SourceFlag
      | 
/root/workspace/workspace/cafer-6601-embeded/rubby_sensor_6601/sensor/core/imsee/src/imsee.cpp:1607: warning: "MAC_MODE_PASSTHROUGH" redefined
 1607 | #define MAC_MODE_PASSTHROUGH ((uint8_t)0x07)        //!< MAC mode bit 0-2: pass-through mode
      | 
In file included from /root/workspace/workspace/cafer-6601-embeded/rubby_sensor_6601/sensor/core/imsee/src/imsee.cpp:24:
/root/workspace/workspace/cafer-6601-embeded/rubby_sensor_6601/sensor/core/imsee/src/../library/sha256.h:103: note: this is the location of the previous definition
  103 | #define MAC_MODE_PASSTHROUGH ((uint8)0x07)        //!< MAC mode bit 0-2: pass-through mode
      | 
/root/workspace/workspace/cafer-6601-embeded/rubby_sensor_6601/sensor/core/imsee/src/imsee.cpp:1610: warning: "MAC_MODE_INCLUDE_SN" redefined
 1610 | #define MAC_MODE_INCLUDE_SN ((uint8_t)0x40)         //!< MAC mode bit   6: include serial number
      | 
In file included from /root/workspace/workspace/cafer-6601-embeded/rubby_sensor_6601/sensor/core/imsee/src/imsee.cpp:24:
/root/workspace/workspace/cafer-6601-embeded/rubby_sensor_6601/sensor/core/imsee/src/../library/sha256.h:106: note: this is the location of the previous definition
  106 | #define MAC_MODE_INCLUDE_SN ((uint8)0x40)         //!< MAC mode bit   6: include serial number
      | 
/root/workspace/workspace/cafer-6601-embeded/rubby_sensor_6601/sensor/core/imsee/src/imsee.cpp:1612: warning: "MAC_MODE_MASK" redefined
 1612 | #define MAC_MODE_MASK ((uint8_t)0x77)               //!< MAC mode bits 3 and 7 are 0.
      | 
In file included from /root/workspace/workspace/cafer-6601-embeded/rubby_sensor_6601/sensor/core/imsee/src/imsee.cpp:24:
/root/workspace/workspace/cafer-6601-embeded/rubby_sensor_6601/sensor/core/imsee/src/../library/sha256.h:108: note: this is the location of the previous definition
  108 | #define MAC_MODE_MASK ((uint8)0x77)               //!< MAC mode bits 3 and 7 are 0.
      | 
/root/workspace/workspace/cafer-6601-embeded/rubby_sensor_6601/sensor/core/multi_module/sample/multi_main.cpp: In function ‚Äòint main(int, char**)‚Äô:
/root/workspace/workspace/cafer-6601-embeded/rubby_sensor_6601/sensor/core/multi_module/sample/multi_main.cpp:24:7: warning: unused variable ‚Äòleft‚Äô [-Wunused-variable]
   24 |   int left, total, cpuNum;
      |       ^~~~
/root/workspace/workspace/cafer-6601-embeded/rubby_sensor_6601/sensor/core/multi_module/sample/multi_main.cpp:24:13: warning: unused variable ‚Äòtotal‚Äô [-Wunused-variable]
   24 |   int left, total, cpuNum;
      |             ^~~~~
/root/workspace/workspace/cafer-6601-embeded/rubby_sensor_6601/sensor/core/multi_module/sample/multi_main.cpp:26:7: warning: unused variable ‚Äòbrightvalue‚Äô [-Wunused-variable]
   26 |   int brightvalue;
      |       ^~~~~~~~~~~
/root/workspace/workspace/cafer-6601-embeded/rubby_sensor_6601/sensor/core/multi_module/sample/multi_main.cpp:28:9: warning: unused variable ‚Äòtemp‚Äô [-Wunused-variable]
   28 |   float temp, freeMem, totalMem;
      |         ^~~~
/root/workspace/workspace/cafer-6601-embeded/rubby_sensor_6601/sensor/core/multi_module/sample/multi_main.cpp:28:15: warning: unused variable ‚ÄòfreeMem‚Äô [-Wunused-variable]
   28 |   float temp, freeMem, totalMem;
      |               ^~~~~~~
/root/workspace/workspace/cafer-6601-embeded/rubby_sensor_6601/sensor/core/multi_module/sample/multi_main.cpp:28:24: warning: unused variable ‚ÄòtotalMem‚Äô [-Wunused-variable]
   28 |   float temp, freeMem, totalMem;
      |                        ^~~~~~~~
[ 51%] Building C object sensor/core/imsee/src/CMakeFiles/imsee.dir/__/__/__/third_lib/libuvc/src/ctrl.c.o
/root/workspace/workspace/cafer-6601-embeded/rubby_sensor_6601/sensor/core/imsee/src/imsee.cpp: In constructor ‚Äòimsee_module::IMSEE::IMSEE()‚Äô:
/root/workspace/workspace/cafer-6601-embeded/rubby_sensor_6601/sensor/core/imsee/src/imsee.cpp:101:45: warning: ‚Äòvoid* memset(void*, int, size_t)‚Äô clearing an object of non-trivial type ‚Äòstruct imsee_module::ImseeDevice‚Äô; use assignment or value-initialization instead [-Wclass-memaccess]
  101 |   memset(&deviceInfo, 0, sizeof(ImseeDevice));
      |                                             ^
In file included from /root/workspace/workspace/cafer-6601-embeded/rubby_sensor_6601/sensor/core/imsee/src/imsee.hpp:9,
                 from /root/workspace/workspace/cafer-6601-embeded/rubby_sensor_6601/sensor/core/imsee/src/imsee.cpp:1:
/root/workspace/workspace/cafer-6601-embeded/rubby_sensor_6601/sensor/core/imsee/src/ImseeModule.hpp:21:8: note: ‚Äòstruct imsee_module::ImseeDevice‚Äô declared here
   21 | struct ImseeDevice {
      |        ^~~~~~~~~~~
/root/workspace/workspace/cafer-6601-embeded/rubby_sensor_6601/sensor/core/imsee/src/imsee.cpp:132:46: warning: ‚Äòvoid* memset(void*, int, size_t)‚Äô clearing an object of non-trivial type ‚Äòstruct imsee_module::ImgDataType‚Äô; use assignment or value-initialization instead [-Wclass-memaccess]
  132 |   memset(&camera_data, 0, sizeof(ImgDataType));
      |                                              ^
In file included from /root/workspace/workspace/cafer-6601-embeded/rubby_sensor_6601/sensor/core/imsee/src/imsee.cpp:1:
/root/workspace/workspace/cafer-6601-embeded/rubby_sensor_6601/sensor/core/imsee/src/imsee.hpp:51:8: note: ‚Äòstruct imsee_module::ImgDataType‚Äô declared here
   51 | struct ImgDataType {
      |        ^~~~~~~~~~~
/root/workspace/workspace/cafer-6601-embeded/rubby_sensor_6601/sensor/core/imsee/src/imsee.cpp:133:43: warning: ‚Äòvoid* memset(void*, int, size_t)‚Äô clearing an object of non-trivial type ‚Äòstruct imsee_module::ImuDataType‚Äô; use assignment or value-initialization instead [-Wclass-memaccess]
  133 |   memset(&imu_data, 0, sizeof(ImuDataType));
      |                                           ^
In file included from /root/workspace/workspace/cafer-6601-embeded/rubby_sensor_6601/sensor/core/imsee/src/imsee.cpp:1:
/root/workspace/workspace/cafer-6601-embeded/rubby_sensor_6601/sensor/core/imsee/src/imsee.hpp:72:8: note: ‚Äòstruct imsee_module::ImuDataType‚Äô declared here
   72 | struct ImuDataType {
      |        ^~~~~~~~~~~
/root/workspace/workspace/cafer-6601-embeded/rubby_sensor_6601/sensor/core/imsee/src/imsee.cpp: In constructor ‚Äòimsee_module::IMSEE::IMSEE(imsee_module::ImseeDevice)‚Äô:
/root/workspace/workspace/cafer-6601-embeded/rubby_sensor_6601/sensor/core/imsee/src/imsee.cpp:146:45: warning: ‚Äòvoid* memset(void*, int, size_t)‚Äô clearing an object of non-trivial type ‚Äòstruct imsee_module::ImseeDevice‚Äô; use assignment or value-initialization instead [-Wclass-memaccess]
  146 |   memset(&deviceInfo, 0, sizeof(ImseeDevice));
      |                                             ^
In file included from /root/workspace/workspace/cafer-6601-embeded/rubby_sensor_6601/sensor/core/imsee/src/imsee.hpp:9,
                 from /root/workspace/workspace/cafer-6601-embeded/rubby_sensor_6601/sensor/core/imsee/src/imsee.cpp:1:
/root/workspace/workspace/cafer-6601-embeded/rubby_sensor_6601/sensor/core/imsee/src/ImseeModule.hpp:21:8: note: ‚Äòstruct imsee_module::ImseeDevice‚Äô declared here
   21 | struct ImseeDevice {
      |        ^~~~~~~~~~~
/root/workspace/workspace/cafer-6601-embeded/rubby_sensor_6601/sensor/core/imsee/src/imsee.cpp:174:46: warning: ‚Äòvoid* memset(void*, int, size_t)‚Äô clearing an object of non-trivial type ‚Äòstruct imsee_module::ImgDataType‚Äô; use assignment or value-initialization instead [-Wclass-memaccess]
  174 |   memset(&camera_data, 0, sizeof(ImgDataType));
      |                                              ^
In file included from /root/workspace/workspace/cafer-6601-embeded/rubby_sensor_6601/sensor/core/imsee/src/imsee.cpp:1:
/root/workspace/workspace/cafer-6601-embeded/rubby_sensor_6601/sensor/core/imsee/src/imsee.hpp:51:8: note: ‚Äòstruct imsee_module::ImgDataType‚Äô declared here
   51 | struct ImgDataType {
      |        ^~~~~~~~~~~
/root/workspace/workspace/cafer-6601-embeded/rubby_sensor_6601/sensor/core/imsee/src/imsee.cpp:175:43: warning: ‚Äòvoid* memset(void*, int, size_t)‚Äô clearing an object of non-trivial type ‚Äòstruct imsee_module::ImuDataType‚Äô; use assignment or value-initialization instead [-Wclass-memaccess]
  175 |   memset(&imu_data, 0, sizeof(ImuDataType));
      |                                           ^
In file included from /root/workspace/workspace/cafer-6601-embeded/rubby_sensor_6601/sensor/core/imsee/src/imsee.cpp:1:
/root/workspace/workspace/cafer-6601-embeded/rubby_sensor_6601/sensor/core/imsee/src/imsee.hpp:72:8: note: ‚Äòstruct imsee_module::ImuDataType‚Äô declared here
   72 | struct ImuDataType {
      |        ^~~~~~~~~~~
/root/workspace/workspace/cafer-6601-embeded/rubby_sensor_6601/sensor/core/imsee/src/imsee.cpp: In member function ‚Äòint imsee_module::IMSEE::CopyParams(std::shared_ptr<sensor_srvs::ImseeParamSrv::Response>, unsigned char*)‚Äô:
/root/workspace/workspace/cafer-6601-embeded/rubby_sensor_6601/sensor/core/imsee/src/imsee.cpp:419:1: warning: no return statement in function returning non-void [-Wreturn-type]
  419 | }
      | ^
/root/workspace/workspace/cafer-6601-embeded/rubby_sensor_6601/sensor/core/imsee/src/imsee.cpp: In member function ‚Äòvirtual int imsee_module::IMSEE::GetParams(std::shared_ptr<sensor_srvs::ImseeParamSrv::Response>)‚Äô:
/root/workspace/workspace/cafer-6601-embeded/rubby_sensor_6601/sensor/core/imsee/src/imsee.cpp:458:16: warning: comparison of integer expressions of different signedness: ‚Äòint‚Äô and ‚Äòsize_t‚Äô {aka ‚Äòlong unsigned int‚Äô} [-Wsign-compare]
  458 |     if (retLen != len) {
      |         ~~~~~~~^~~~~~
/root/workspace/workspace/cafer-6601-embeded/rubby_sensor_6601/sensor/core/imsee/src/ImseeModule.cpp: In static member function ‚Äòstatic imsee_module::ImseeModule* imsee_module::ImseeModule::Create(std::string)‚Äô:
/root/workspace/workspace/cafer-6601-embeded/rubby_sensor_6601/sensor/core/imsee/src/ImseeModule.cpp:203:43: warning: ‚Äòvoid* memset(void*, int, size_t)‚Äô clearing an object of non-trivial type ‚Äòstruct imsee_module::ImseeDevice‚Äô; use assignment or value-initialization instead [-Wclass-memaccess]
  203 |     memset(&device, 0, sizeof(ImseeDevice));
      |                                           ^
In file included from /root/workspace/workspace/cafer-6601-embeded/rubby_sensor_6601/sensor/core/imsee/src/imsee.hpp:9,
                 from /root/workspace/workspace/cafer-6601-embeded/rubby_sensor_6601/sensor/core/imsee/src/ImseeModule.cpp:11:
/root/workspace/workspace/cafer-6601-embeded/rubby_sensor_6601/sensor/core/imsee/src/ImseeModule.hpp:21:8: note: ‚Äòstruct imsee_module::ImseeDevice‚Äô declared here
   21 | struct ImseeDevice {
      |        ^~~~~~~~~~~
[ 53%] Building C object sensor/core/imsee/src/CMakeFiles/imsee.dir/__/__/__/third_lib/libuvc/src/ctrl-gen.c.o
/root/workspace/workspace/cafer-6601-embeded/rubby_sensor_6601/sensor/core/imsee/src/imsee.cpp: In member function ‚Äòint imsee_module::IMSEE::UnexportGpio()‚Äô:
/root/workspace/workspace/cafer-6601-embeded/rubby_sensor_6601/sensor/core/imsee/src/imsee.cpp:782:7: warning: unused variable ‚Äòret‚Äô [-Wunused-variable]
  782 |   int ret = system("echo 0 > /sys/class/gpio/gpio422/value");
      |       ^~~
/root/workspace/workspace/cafer-6601-embeded/rubby_sensor_6601/sensor/core/imsee/src/imsee.cpp: In member function ‚Äòint imsee_module::IMSEE::OpenCamera(int, int, int)‚Äô:
/root/workspace/workspace/cafer-6601-embeded/rubby_sensor_6601/sensor/core/imsee/src/imsee.cpp:1181:46: warning: ‚Äòvoid* memset(void*, int, size_t)‚Äô clearing an object of non-trivial type ‚Äòstruct imsee_module::ImgDataType‚Äô; use assignment or value-initialization instead [-Wclass-memaccess]
 1181 |   memset(&camera_data, 0, sizeof(ImgDataType));
      |                                              ^
In file included from /root/workspace/workspace/cafer-6601-embeded/rubby_sensor_6601/sensor/core/imsee/src/imsee.cpp:1:
/root/workspace/workspace/cafer-6601-embeded/rubby_sensor_6601/sensor/core/imsee/src/imsee.hpp:51:8: note: ‚Äòstruct imsee_module::ImgDataType‚Äô declared here
   51 | struct ImgDataType {
      |        ^~~~~~~~~~~
In file included from /root/workspace/workspace/cafer-6601-embeded/rubby_sensor_6601/sensor/core/imsee/../common/TimeUsedCheck.hpp:5,
                 from /root/workspace/workspace/cafer-6601-embeded/rubby_sensor_6601/sensor/core/imsee/../common/EmbLib.hpp:10,
                 from /root/workspace/workspace/cafer-6601-embeded/rubby_sensor_6601/sensor/core/imsee/src/imsee.hpp:8,
                 from /root/workspace/workspace/cafer-6601-embeded/rubby_sensor_6601/sensor/core/imsee/src/imsee.cpp:1:
/root/workspace/workspace/cafer-6601-embeded/rubby_sensor_6601/sensor/core/imsee/src/imsee.cpp: In member function ‚Äòvoid imsee_module::IMSEE::ImgRecieveTask()‚Äô:
/root/workspace/workspace/cafer-6601-embeded/rubby_sensor_6601/sensor/core/imsee/../common/RobotDebug.hpp:109:155: warning: format ‚Äò%d‚Äô expects argument of type ‚Äòint‚Äô, but argument 7 has type ‚Äòsize_t‚Äô {aka ‚Äòlong unsigned int‚Äô} [-Wformat=]
  109 | #define RobotWARN(format, ...) {if(EmbLog::GetInstance()->GetLogSwitch() && (LOG_LEVEL_WARN >= EmbLog::GetInstance()->GetLogMinLevel()))  fprintf(stdout, "%lu [%s:%d/%s] [sensors] " LOG_COLOR_BOLDYELLOW format LOG_COLOR_RESET "\n", GetSystimeMs(), basename((char *)__FILE__), __LINE__, __FUNCTION__, ##__VA_ARGS__);}
      |                                                                                                                                                           ^~~~~~~~~~~~~~~~~~~~~~~~~~~~~~~~~~~~~~~~~~~~~~~~~~~~~~~~~~~~~~~~~~~~~~~~~~~~
/root/workspace/workspace/cafer-6601-embeded/rubby_sensor_6601/sensor/core/imsee/src/imsee.cpp:1263:9: note: in expansion of macro ‚ÄòRobotWARN‚Äô
 1263 |         RobotWARN("the img will be droped for data lost %d<%d", frame->data_bytes, imagesize);
      |         ^~~~~~~~~
/root/workspace/workspace/cafer-6601-embeded/rubby_sensor_6601/sensor/core/imsee/src/imsee.cpp:1263:58: note: format string is defined here
 1263 |         RobotWARN("the img will be droped for data lost %d<%d", frame->data_bytes, imagesize);
      |                                                         ~^
      |                                                          |
      |                                                          int
      |                                                         %ld
/root/workspace/workspace/cafer-6601-embeded/rubby_sensor_6601/sensor/core/imsee/src/6601_mipi/mipi_imsee.cpp: In constructor ‚Äòimsee_module::MIPI_IMSEE::MIPI_IMSEE()‚Äô:
/root/workspace/workspace/cafer-6601-embeded/rubby_sensor_6601/sensor/core/imsee/src/6601_mipi/mipi_imsee.cpp:186:10: warning: unused variable ‚ÄòimuAccScaleVal‚Äô [-Wunused-variable]
  186 |   double imuAccScaleVal = 0;
      |          ^~~~~~~~~~~~~~
/root/workspace/workspace/cafer-6601-embeded/rubby_sensor_6601/sensor/core/imsee/src/6601_mipi/mipi_imsee.cpp:187:10: warning: unused variable ‚ÄòimuGyroScaleVal‚Äô [-Wunused-variable]
  187 |   double imuGyroScaleVal = 0;
      |          ^~~~~~~~~~~~~~~
/root/workspace/workspace/cafer-6601-embeded/rubby_sensor_6601/sensor/core/imsee/src/imsee.cpp: In member function ‚Äòint imsee_module::IMSEE::GetEncryptSerialNum(uint8_t*)‚Äô:
/root/workspace/workspace/cafer-6601-embeded/rubby_sensor_6601/sensor/core/imsee/src/imsee.cpp:2087:11: warning: unused variable ‚Äòval‚Äô [-Wunused-variable]
 2087 |   uint8_t val = 0;
      |           ^~~
/root/workspace/workspace/cafer-6601-embeded/rubby_sensor_6601/sensor/core/imsee/src/6601_mipi/mipi_imsee.cpp: In member function ‚Äòvoid imsee_module::MIPI_IMSEE::ImuRecieveThread()‚Äô:
/root/workspace/workspace/cafer-6601-embeded/rubby_sensor_6601/sensor/core/imsee/src/6601_mipi/mipi_imsee.cpp:830:97: warning: pointer of type ‚Äòvoid *‚Äô used in arithmetic [-Wpointer-arith]
  830 |     for (void *addr_ptr = iio_buffer_start(imuBuf); addr_ptr < iio_buffer_end(imuBuf); addr_ptr += iio_buffer_step(imuBuf)) {
      |                                                                                        ~~~~~~~~~^~~~~~~~~~~~~~~~~~~~~~~~~~
/root/workspace/workspace/cafer-6601-embeded/rubby_sensor_6601/sensor/core/imsee/src/6601_mipi/mipi_imsee.cpp:797:22: warning: variable ‚Äòtimelast‚Äô set but not used [-Wunused-but-set-variable]
  797 |   int64_t timestamp, timelast;
      |                      ^~~~~~~~
/root/workspace/workspace/cafer-6601-embeded/rubby_sensor_6601/sensor/core/imsee/src/6601_mipi/mipi_imsee.cpp: In member function ‚Äòint imsee_module::MIPI_IMSEE::ImgInit(int, int, int)‚Äô:
/root/workspace/workspace/cafer-6601-embeded/rubby_sensor_6601/sensor/core/imsee/src/6601_mipi/mipi_imsee.cpp:1052:7: warning: unused variable ‚Äòret‚Äô [-Wunused-variable]
 1052 |   int ret;
      |       ^~~
/root/workspace/workspace/cafer-6601-embeded/rubby_sensor_6601/sensor/core/imsee/src/6601_mipi/mipi_imsee.cpp: In member function ‚Äòint imsee_module::MIPI_IMSEE::ImgStart()‚Äô:
/root/workspace/workspace/cafer-6601-embeded/rubby_sensor_6601/sensor/core/imsee/src/6601_mipi/mipi_imsee.cpp:1151:23: warning: comparison of integer expressions of different signedness: ‚Äòint‚Äô and ‚Äòstd::vector<std::shared_ptr<VioBufInfo> >::size_type‚Äô {aka ‚Äòlong unsigned int‚Äô} [-Wsign-compare]
 1151 |     for (int i = 0; i < vec_path_buf[path_id].size(); i++) {
      |                     ~~^~~~~~~~~~~~~~~~~~~~~~~~~~~~~~
/root/workspace/workspace/cafer-6601-embeded/rubby_sensor_6601/sensor/core/imsee/src/6601_mipi/mipi_imsee.cpp:1114:29: warning: unused variable ‚Äòevents‚Äô [-Wunused-variable]
 1114 |   struct epoll_event event, events[MAX_EVENTS_NUM];
      |                             ^~~~~~
/root/workspace/workspace/cafer-6601-embeded/rubby_sensor_6601/sensor/core/imsee/src/6601_mipi/mipi_imsee.cpp: In member function ‚Äòvirtual int imsee_module::MIPI_IMSEE::Stop()‚Äô:
/root/workspace/workspace/cafer-6601-embeded/rubby_sensor_6601/sensor/core/imsee/src/6601_mipi/mipi_imsee.cpp:1332:7: warning: unused variable ‚Äòret‚Äô [-Wunused-variable]
 1332 |   int ret = 0;
      |       ^~~
[ 54%] Building C object sensor/core/imsee/src/CMakeFiles/imsee.dir/__/__/__/third_lib/libuvc/src/device.c.o
[ 56%] Building C object sensor/core/imsee/src/CMakeFiles/imsee.dir/__/__/__/third_lib/libuvc/src/diag.c.o
[ 57%] Building C object sensor/core/imsee/src/CMakeFiles/imsee.dir/__/__/__/third_lib/libuvc/src/frame.c.o
[ 59%] Building C object sensor/core/imsee/src/CMakeFiles/imsee.dir/__/__/__/third_lib/libuvc/src/init.c.o
/root/workspace/workspace/cafer-6601-embeded/rubby_sensor_6601/sensor/third_lib/libuvc/src/init.c: In function ‚Äò_uvc_handle_events‚Äô:
/root/workspace/workspace/cafer-6601-embeded/rubby_sensor_6601/sensor/third_lib/libuvc/src/init.c:98:3: warning: implicit declaration of function ‚ÄòSetThreadPriority‚Äô [-Wimplicit-function-declaration]
   98 |   SetThreadPriority(pthread_self(), UVC_SYS_PRIORITY, "sys uvc recv event");
      |   ^~~~~~~~~~~~~~~~~
[ 60%] Building C object sensor/core/imsee/src/CMakeFiles/imsee.dir/__/__/__/third_lib/libuvc/src/misc.c.o
[ 62%] Building C object sensor/core/imsee/src/CMakeFiles/imsee.dir/__/__/__/third_lib/libuvc/src/stream.c.o
/root/workspace/workspace/cafer-6601-embeded/rubby_sensor_6601/sensor/third_lib/libuvc/src/stream.c: In function ‚Äò_uvc_user_caller‚Äô:
/root/workspace/workspace/cafer-6601-embeded/rubby_sensor_6601/sensor/third_lib/libuvc/src/stream.c:1295:3: warning: implicit declaration of function ‚Äòpthread_setname_np‚Äô; did you mean ‚Äòpthread_setcanceltype‚Äô? [-Wimplicit-function-declaration]
 1295 |   pthread_setname_np(pthread_self(), "SysUvcUserCB");
      |   ^~~~~~~~~~~~~~~~~~
      |   pthread_setcanceltype
/root/workspace/workspace/cafer-6601-embeded/rubby_sensor_6601/sensor/core/multi_module/src/MultiModule.cpp: In member function ‚Äòvirtual int emb_node::ToolsModule::LoadConfig(std::string)‚Äô:
/root/workspace/workspace/cafer-6601-embeded/rubby_sensor_6601/sensor/core/multi_module/src/MultiModule.cpp:192:26: warning: unused variable ‚ÄòconfigFile‚Äô [-Wunused-variable]
  192 |   YAMLConfig::ConfigFile configFile;
      |                          ^~~~~~~~~~
/root/workspace/workspace/cafer-6601-embeded/rubby_sensor_6601/sensor/core/multi_module/src/MultiModule.cpp: In member function ‚Äòvoid emb_node::ToolsModule::SysCheckTaks()‚Äô:
/root/workspace/workspace/cafer-6601-embeded/rubby_sensor_6601/sensor/core/multi_module/src/MultiModule.cpp:293:14: warning: unused variable ‚ÄònowTime‚Äô [-Wunused-variable]
  293 |     uint64_t nowTime = GetSystimeMs();
      |              ^~~~~~~
/root/workspace/workspace/cafer-6601-embeded/rubby_sensor_6601/sensor/core/multi_module/src/MultiModule.cpp:281:12: warning: unused variable ‚ÄòtemperatureLastTime‚Äô [-Wunused-variable]
  281 |   uint64_t temperatureLastTime = GetSystimeMs();
      |            ^~~~~~~~~~~~~~~~~~~
/root/workspace/workspace/cafer-6601-embeded/rubby_sensor_6601/sensor/core/multi_module/src/MultiModule.cpp: In member function ‚Äòvirtual int emb_node::ToolsModule::SetSysTime(uint64_t)‚Äô:
/root/workspace/workspace/cafer-6601-embeded/rubby_sensor_6601/sensor/core/multi_module/src/MultiModule.cpp:357:1: warning: no return statement in function returning non-void [-Wreturn-type]
  357 | }
      | ^
/root/workspace/workspace/cafer-6601-embeded/rubby_sensor_6601/sensor/core/multi_module/src/MultiModule.cpp: In member function ‚Äòvirtual int emb_node::ToolsModule::SetSysTime(int, int, int, int, int, int, int)‚Äô:
/root/workspace/workspace/cafer-6601-embeded/rubby_sensor_6601/sensor/core/multi_module/src/MultiModule.cpp:371:1: warning: no return statement in function returning non-void [-Wreturn-type]
  371 | }
      | ^
[ 64%] Building C object sensor/core/imsee/src/CMakeFiles/imsee.dir/__/__/__/third_lib/libusb/core.c.o
/root/workspace/workspace/cafer-6601-embeded/rubby_sensor_6601/sensor/core/multi_module/src/MultiModule.cpp: At global scope:
/root/workspace/workspace/cafer-6601-embeded/rubby_sensor_6601/sensor/core/multi_module/src/MultiModule.cpp:592:1: warning: ‚Äòtypedef‚Äô was ignored in this declaration
  592 | typedef struct CPU_OCCUPY {
      | ^~~~~~~
[ 65%] Building C object sensor/core/imsee/src/CMakeFiles/imsee.dir/__/__/__/third_lib/libusb/descriptor.c.o
/root/workspace/workspace/cafer-6601-embeded/rubby_sensor_6601/sensor/core/multi_module/src/MultiModule.cpp: In member function ‚Äòvirtual int emb_node::ToolsModule::ThreeColorLightControl(std::string, emb_node::PowerType)‚Äô:
/root/workspace/workspace/cafer-6601-embeded/rubby_sensor_6601/sensor/core/multi_module/src/MultiModule.cpp:714:7: warning: variable ‚Äòret‚Äô set but not used [-Wunused-but-set-variable]
  714 |   int ret = 0;
      |       ^~~
/root/workspace/workspace/cafer-6601-embeded/rubby_sensor_6601/sensor/core/multi_module/src/MultiModule.cpp: In member function ‚Äòint emb_node::ToolsModule::SetAndGetVoice(int)‚Äô:
/root/workspace/workspace/cafer-6601-embeded/rubby_sensor_6601/sensor/core/multi_module/src/MultiModule.cpp:758:20: warning: ISO C++ forbids converting a string constant to ‚Äòchar*‚Äô [-Wwrite-strings]
  758 |   char *sctrlstr = "DAC Digital";
      |                    ^~~~~~~~~~~~~
/root/workspace/workspace/cafer-6601-embeded/rubby_sensor_6601/sensor/core/multi_module/src/MultiModule.cpp:759:8: warning: unused variable ‚ÄòvolMin‚Äô [-Wunused-variable]
  759 |   long volMin = 0, volMax = 0, leftVal = 0, rightVal = 0;
      |        ^~~~~~
/root/workspace/workspace/cafer-6601-embeded/rubby_sensor_6601/sensor/core/multi_module/src/MultiModule.cpp:759:20: warning: unused variable ‚ÄòvolMax‚Äô [-Wunused-variable]
  759 |   long volMin = 0, volMax = 0, leftVal = 0, rightVal = 0;
      |                    ^~~~~~
/root/workspace/workspace/cafer-6601-embeded/rubby_sensor_6601/sensor/core/multi_module/src/MultiModule.cpp: In function ‚Äòint emb_node::GetCpuId_X86(char*)‚Äô:
/root/workspace/workspace/cafer-6601-embeded/rubby_sensor_6601/sensor/core/multi_module/src/MultiModule.cpp:1055:9: warning: unused variable ‚Äòlength‚Äô [-Wunused-variable]
 1055 |  size_t length = 0;
      |         ^~~~~~
/root/workspace/workspace/cafer-6601-embeded/rubby_sensor_6601/sensor/core/multi_module/src/MultiModule.cpp: In member function ‚Äòvirtual bool emb_node::ToolsModule::RtmpCtrl(uint8_t, std::string)‚Äô:
/root/workspace/workspace/cafer-6601-embeded/rubby_sensor_6601/sensor/core/multi_module/src/MultiModule.cpp:1199:16: warning: ISO C++ forbids converting a string constant to ‚Äòchar*‚Äô [-Wwrite-strings]
 1199 |     char* ip = "127.0.0.1";
      |                ^~~~~~~~~~~
[ 67%] Building C object sensor/core/imsee/src/CMakeFiles/imsee.dir/__/__/__/third_lib/libusb/hotplug.c.o
[ 68%] Building C object sensor/core/imsee/src/CMakeFiles/imsee.dir/__/__/__/third_lib/libusb/io.c.o
[ 70%] Building C object sensor/core/imsee/src/CMakeFiles/imsee.dir/__/__/__/third_lib/libusb/strerror.c.o
[ 71%] Building C object sensor/core/imsee/src/CMakeFiles/imsee.dir/__/__/__/third_lib/libusb/sync.c.o
[ 73%] Building C object sensor/core/imsee/src/CMakeFiles/imsee.dir/__/__/__/third_lib/libusb/os/linux_netlink.c.o
/root/workspace/workspace/cafer-6601-embeded/rubby_sensor_6601/sensor/core/multi_module/src/MultiModule.cpp: At global scope:
/root/workspace/workspace/cafer-6601-embeded/rubby_sensor_6601/sensor/core/multi_module/src/MultiModule.cpp:143:47: warning: ‚Äòemb_node::errMsg‚Äô defined but not used [-Wunused-variable]
  143 | static emb_sensors::error_types::ErrorMessage errMsg;
      |                                               ^~~~~~
[ 75%] Building C object sensor/core/imsee/src/CMakeFiles/imsee.dir/__/__/__/third_lib/libusb/os/linux_udev.c.o
[ 76%] Building C object sensor/core/imsee/src/CMakeFiles/imsee.dir/__/__/__/third_lib/libusb/os/linux_usbfs.c.o
[ 78%] Building C object sensor/core/imsee/src/CMakeFiles/imsee.dir/__/__/__/third_lib/libusb/os/poll_posix.c.o
[ 79%] Building C object sensor/core/imsee/src/CMakeFiles/imsee.dir/__/__/__/third_lib/libusb/os/threads_posix.c.o
[ 81%] Building C object sensor/core/imsee/src/CMakeFiles/imsee.dir/__/library/sha256.c.o
/root/workspace/workspace/cafer-6601-embeded/rubby_sensor_6601/sensor/core/multi_module/src/MultiModule.cpp: In member function ‚Äòvirtual int emb_node::ToolsModule::LoadConfig(std::string)‚Äô:
/root/workspace/workspace/cafer-6601-embeded/rubby_sensor_6601/sensor/core/multi_module/src/MultiModule.cpp:192:26: warning: unused variable ‚ÄòconfigFile‚Äô [-Wunused-variable]
  192 |   YAMLConfig::ConfigFile configFile;
      |                          ^~~~~~~~~~
/root/workspace/workspace/cafer-6601-embeded/rubby_sensor_6601/sensor/core/multi_module/src/MultiModule.cpp: In member function ‚Äòvoid emb_node::ToolsModule::SysCheckTaks()‚Äô:
/root/workspace/workspace/cafer-6601-embeded/rubby_sensor_6601/sensor/core/multi_module/src/MultiModule.cpp:293:14: warning: unused variable ‚ÄònowTime‚Äô [-Wunused-variable]
  293 |     uint64_t nowTime = GetSystimeMs();
      |              ^~~~~~~
/root/workspace/workspace/cafer-6601-embeded/rubby_sensor_6601/sensor/core/multi_module/src/MultiModule.cpp:281:12: warning: unused variable ‚ÄòtemperatureLastTime‚Äô [-Wunused-variable]
  281 |   uint64_t temperatureLastTime = GetSystimeMs();
      |            ^~~~~~~~~~~~~~~~~~~
/root/workspace/workspace/cafer-6601-embeded/rubby_sensor_6601/sensor/core/multi_module/src/MultiModule.cpp: In member function ‚Äòvirtual int emb_node::ToolsModule::SetSysTime(uint64_t)‚Äô:
/root/workspace/workspace/cafer-6601-embeded/rubby_sensor_6601/sensor/core/multi_module/src/MultiModule.cpp:357:1: warning: no return statement in function returning non-void [-Wreturn-type]
  357 | }
      | ^
/root/workspace/workspace/cafer-6601-embeded/rubby_sensor_6601/sensor/core/multi_module/src/MultiModule.cpp: In member function ‚Äòvirtual int emb_node::ToolsModule::SetSysTime(int, int, int, int, int, int, int)‚Äô:
/root/workspace/workspace/cafer-6601-embeded/rubby_sensor_6601/sensor/core/multi_module/src/MultiModule.cpp:371:1: warning: no return statement in function returning non-void [-Wreturn-type]
  371 | }
      | ^
/root/workspace/workspace/cafer-6601-embeded/rubby_sensor_6601/sensor/core/multi_module/src/MultiModule.cpp: At global scope:
/root/workspace/workspace/cafer-6601-embeded/rubby_sensor_6601/sensor/core/multi_module/src/MultiModule.cpp:592:1: warning: ‚Äòtypedef‚Äô was ignored in this declaration
  592 | typedef struct CPU_OCCUPY {
      | ^~~~~~~
/root/workspace/workspace/cafer-6601-embeded/rubby_sensor_6601/sensor/core/multi_module/src/MultiModule.cpp: In member function ‚Äòvirtual int emb_node::ToolsModule::ThreeColorLightControl(std::string, emb_node::PowerType)‚Äô:
/root/workspace/workspace/cafer-6601-embeded/rubby_sensor_6601/sensor/core/multi_module/src/MultiModule.cpp:714:7: warning: variable ‚Äòret‚Äô set but not used [-Wunused-but-set-variable]
  714 |   int ret = 0;
      |       ^~~
/root/workspace/workspace/cafer-6601-embeded/rubby_sensor_6601/sensor/core/multi_module/src/MultiModule.cpp: In member function ‚Äòint emb_node::ToolsModule::SetAndGetVoice(int)‚Äô:
/root/workspace/workspace/cafer-6601-embeded/rubby_sensor_6601/sensor/core/multi_module/src/MultiModule.cpp:758:20: warning: ISO C++ forbids converting a string constant to ‚Äòchar*‚Äô [-Wwrite-strings]
  758 |   char *sctrlstr = "DAC Digital";
      |                    ^~~~~~~~~~~~~
/root/workspace/workspace/cafer-6601-embeded/rubby_sensor_6601/sensor/core/multi_module/src/MultiModule.cpp:759:8: warning: unused variable ‚ÄòvolMin‚Äô [-Wunused-variable]
  759 |   long volMin = 0, volMax = 0, leftVal = 0, rightVal = 0;
      |        ^~~~~~
/root/workspace/workspace/cafer-6601-embeded/rubby_sensor_6601/sensor/core/multi_module/src/MultiModule.cpp:759:20: warning: unused variable ‚ÄòvolMax‚Äô [-Wunused-variable]
  759 |   long volMin = 0, volMax = 0, leftVal = 0, rightVal = 0;
      |                    ^~~~~~
/root/workspace/workspace/cafer-6601-embeded/rubby_sensor_6601/sensor/core/multi_module/src/MultiModule.cpp: In function ‚Äòint emb_node::GetCpuId_X86(char*)‚Äô:
/root/workspace/workspace/cafer-6601-embeded/rubby_sensor_6601/sensor/core/multi_module/src/MultiModule.cpp:1055:9: warning: unused variable ‚Äòlength‚Äô [-Wunused-variable]
 1055 |  size_t length = 0;
      |         ^~~~~~
/root/workspace/workspace/cafer-6601-embeded/rubby_sensor_6601/sensor/core/multi_module/src/MultiModule.cpp: In member function ‚Äòvirtual bool emb_node::ToolsModule::RtmpCtrl(uint8_t, std::string)‚Äô:
/root/workspace/workspace/cafer-6601-embeded/rubby_sensor_6601/sensor/core/multi_module/src/MultiModule.cpp:1199:16: warning: ISO C++ forbids converting a string constant to ‚Äòchar*‚Äô [-Wwrite-strings]
 1199 |     char* ip = "127.0.0.1";
      |                ^~~~~~~~~~~
[ 82%] Linking CXX shared library ../../../../../install/lib/arm/libimsee.so
/root/workspace/workspace/cafer-6601-embeded/rubby_sensor_6601/sensor/core/multi_module/src/MultiModule.cpp: At global scope:
/root/workspace/workspace/cafer-6601-embeded/rubby_sensor_6601/sensor/core/multi_module/src/MultiModule.cpp:143:47: warning: ‚Äòemb_node::errMsg‚Äô defined but not used [-Wunused-variable]
  143 | static emb_sensors::error_types::ErrorMessage errMsg;
      |                                               ^~~~~~
[ 84%] Linking CXX executable ../../../../../install/bin/arm/multi_main
[ 84%] Built target imsee
Scanning dependencies of target McuData
[ 85%] Building CXX object sensor/core/mcudata/CMakeFiles/McuData.dir/McuDataDriver.cpp.o
[ 87%] Building CXX object sensor/core/mcudata/CMakeFiles/McuData.dir/__/drivers/serial.cpp.o
[ 89%] Building CXX object sensor/core/mcudata/CMakeFiles/McuData.dir/McuData.cpp.o
[ 90%] Building CXX object sensor/core/mcudata/CMakeFiles/McuData.dir/McuDataProtocol.cpp.o
[ 90%] Built target multi_main
[ 92%] Linking CXX shared library ../../../../../install/lib/arm/libmultimodule.so
/root/workspace/workspace/cafer-6601-embeded/rubby_sensor_6601/sensor/core/mcudata/McuDataProtocol.cpp: In member function ‚Äòint emb_node::McuDataProtocol::SendTime(uint64_t&)‚Äô:
/root/workspace/workspace/cafer-6601-embeded/rubby_sensor_6601/sensor/core/mcudata/McuDataProtocol.cpp:26:12: warning: unused variable ‚Äònow‚Äô [-Wunused-variable]
   26 |   uint16_t now = time >> 16;
      |            ^~~
/root/workspace/workspace/cafer-6601-embeded/rubby_sensor_6601/sensor/core/mcudata/McuDataProtocol.cpp: In member function ‚Äòbool emb_node::McuDataProtocol::crccheck(uint8_t*, int)‚Äô:
/root/workspace/workspace/cafer-6601-embeded/rubby_sensor_6601/sensor/core/mcudata/McuDataProtocol.cpp:78:36: warning: suggest parentheses around arithmetic in operand of ‚Äò|‚Äô [-Wparentheses]
   78 |   if (crc != ((data[len - 2] << 8) & 0xff00 | data[len - 1])) {
      |               ~~~~~~~~~~~~~~~~~~~~~^~~~~~~~
[ 92%] Built target multimodule
In file included from /root/workspace/workspace/cafer-6601-embeded/rubby_sensor_6601/sensor/core/mcudata/McuDataDriver.cpp:8:
/root/workspace/workspace/cafer-6601-embeded/rubby_sensor_6601/sensor/core/mcudata/McuDataDriver.hpp: In constructor ‚Äòemb_node::McuDataDriver::McuDataDriver()‚Äô:
/root/workspace/workspace/cafer-6601-embeded/rubby_sensor_6601/sensor/core/mcudata/McuDataDriver.hpp:20:7: warning: ‚Äòemb_node::McuDataDriver::per_byte_timeout‚Äô will be initialized after [-Wreorder]
   20 |   int per_byte_timeout;
      |       ^~~~~~~~~~~~~~~~
/root/workspace/workspace/cafer-6601-embeded/rubby_sensor_6601/sensor/core/mcudata/McuDataDriver.hpp:14:26: warning:   ‚Äòrobot_driver::BaudRate emb_node::McuDataDriver::baud_rate‚Äô [-Wreorder]
   14 |   robot_driver::BaudRate baud_rate;
      |                          ^~~~~~~~~
/root/workspace/workspace/cafer-6601-embeded/rubby_sensor_6601/sensor/core/mcudata/McuDataDriver.cpp:18:1: warning:   when initialized here [-Wreorder]
   18 | McuDataDriver::McuDataDriver(/* args */)
      | ^~~~~~~~~~~~~
/root/workspace/workspace/cafer-6601-embeded/rubby_sensor_6601/sensor/core/mcudata/McuDataDriver.cpp: In member function ‚Äòint emb_node::McuDataDriver::start()‚Äô:
/root/workspace/workspace/cafer-6601-embeded/rubby_sensor_6601/sensor/core/mcudata/McuDataDriver.cpp:153:1: warning: control reaches end of non-void function [-Wreturn-type]
  153 | }
      | ^
/root/workspace/workspace/cafer-6601-embeded/rubby_sensor_6601/sensor/core/mcudata/McuData.cpp: In member function ‚Äòvoid emb_node::McuData::DriverLoopTask()‚Äô:
/root/workspace/workspace/cafer-6601-embeded/rubby_sensor_6601/sensor/core/mcudata/McuData.cpp:636:13: warning: comparison of integer expressions of different signedness: ‚Äòint‚Äô and ‚Äòlong unsigned int‚Äô [-Wsign-compare]
  636 |       count > sizeof(byteQueue);
      |       ~~~~~~^~~~~~~~~~~~~~~~~~~
/root/workspace/workspace/cafer-6601-embeded/rubby_sensor_6601/sensor/core/mcudata/McuData.cpp:636:13: warning: statement has no effect [-Wunused-value]
/root/workspace/workspace/cafer-6601-embeded/rubby_sensor_6601/sensor/core/mcudata/McuData.cpp: In member function ‚Äòvoid emb_node::McuData::GetFaultData(uint8_t*)‚Äô:
/root/workspace/workspace/cafer-6601-embeded/rubby_sensor_6601/sensor/core/mcudata/McuData.cpp:1357:12: warning: unused variable ‚Äòsystime‚Äô [-Wunused-variable]
 1357 |   uint64_t systime = AttachToSystemTime(buf[1] << 8 | buf[0]);
      |            ^~~~~~~
/root/workspace/workspace/cafer-6601-embeded/rubby_sensor_6601/sensor/core/mcudata/McuData.cpp: In member function ‚Äòvoid emb_node::McuData::GetMotorStatus(uint8_t*)‚Äô:
/root/workspace/workspace/cafer-6601-embeded/rubby_sensor_6601/sensor/core/mcudata/McuData.cpp:1415:12: warning: unused variable ‚Äòsystime‚Äô [-Wunused-variable]
 1415 |   uint64_t systime = AttachToSystemTime(buf[1] << 8 | buf[0]);
      |            ^~~~~~~
/root/workspace/workspace/cafer-6601-embeded/rubby_sensor_6601/sensor/core/mcudata/McuData.cpp: In member function ‚Äòbool emb_node::McuData::CleanMotorSet(std::vector<sensor_srvs::CleanMotorSrv::CleanMotorCtrl>&)‚Äô:
/root/workspace/workspace/cafer-6601-embeded/rubby_sensor_6601/sensor/core/mcudata/McuData.cpp:1582:11: warning: variable ‚Äòleft_brush_speed‚Äô set but not used [-Wunused-but-set-variable]
 1582 |   uint8_t left_brush_speed = 0;   // Â∑¶ËæπÂà∑ÁîµÊú∫
      |           ^~~~~~~~~~~~~~~~
/root/workspace/workspace/cafer-6601-embeded/rubby_sensor_6601/sensor/core/mcudata/McuData.cpp:1583:11: warning: variable ‚Äòright_brush_speed‚Äô set but not used [-Wunused-but-set-variable]
 1583 |   uint8_t right_brush_speed = 0;  // Âè≥ËæπÂà∑ÁîµÊú∫
      |           ^~~~~~~~~~~~~~~~~
/root/workspace/workspace/cafer-6601-embeded/rubby_sensor_6601/sensor/core/mcudata/McuData.cpp:1584:11: warning: variable ‚Äòroll_brush_speed‚Äô set but not used [-Wunused-but-set-variable]
 1584 |   uint8_t roll_brush_speed = 0;   // ÊªöÂà∑ÁîµÊú∫
      |           ^~~~~~~~~~~~~~~~
/root/workspace/workspace/cafer-6601-embeded/rubby_sensor_6601/sensor/core/mcudata/McuData.cpp:1585:11: warning: variable ‚Äòdust_fan_speed‚Äô set but not used [-Wunused-but-set-variable]
 1585 |   uint8_t dust_fan_speed = 0;     // Âê∏Â∞òÈ£éÊú∫
      |           ^~~~~~~~~~~~~~
/root/workspace/workspace/cafer-6601-embeded/rubby_sensor_6601/sensor/core/mcudata/McuData.cpp:1586:11: warning: variable ‚Äòleft_mop_speed‚Äô set but not used [-Wunused-but-set-variable]
 1586 |   uint8_t left_mop_speed = 0;     // Â∑¶‰æßÊãñÂ∏ÉÁîµÊú∫
      |           ^~~~~~~~~~~~~~
/root/workspace/workspace/cafer-6601-embeded/rubby_sensor_6601/sensor/core/mcudata/McuData.cpp:1587:11: warning: variable ‚Äòright_mop_speed‚Äô set but not used [-Wunused-but-set-variable]
 1587 |   uint8_t right_mop_speed = 0;    // Âè≥‰æßÊãñÂ∏ÉÁîµÊú∫
      |           ^~~~~~~~~~~~~~~
/root/workspace/workspace/cafer-6601-embeded/rubby_sensor_6601/sensor/core/mcudata/McuData.cpp: In member function ‚Äòint emb_node::McuData::TimeSync()‚Äô:
/root/workspace/workspace/cafer-6601-embeded/rubby_sensor_6601/sensor/core/mcudata/McuData.cpp:1735:11: warning: unused variable ‚Äòbuf‚Äô [-Wunused-variable]
 1735 |   uint8_t buf[8];
      |           ^~~
/root/workspace/workspace/cafer-6601-embeded/rubby_sensor_6601/sensor/core/mcudata/McuData.cpp: In member function ‚Äòvoid emb_node::McuData::GS2HandlerThread()‚Äô:
/root/workspace/workspace/cafer-6601-embeded/rubby_sensor_6601/sensor/core/mcudata/McuData.cpp:2088:25: warning: comparison of integer expressions of different signedness: ‚Äòint‚Äô and ‚Äòstd::vector<float>::size_type‚Äô {aka ‚Äòlong unsigned int‚Äô} [-Wsign-compare]
 2088 |       for (int i = 0; i < cloudPtr->channels[2].values.size(); i++) {
      |                       ~~^~~~~~~~~~~~~~~~~~~~~~~~~~~~~~~~~~~~~
/root/workspace/workspace/cafer-6601-embeded/rubby_sensor_6601/sensor/core/mcudata/McuData.cpp: In member function ‚Äòbool emb_node::McuData::LedSet(uint8_t)‚Äô:
/root/workspace/workspace/cafer-6601-embeded/rubby_sensor_6601/sensor/core/mcudata/McuData.cpp:1536:1: warning: control reaches end of non-void function [-Wreturn-type]
 1536 | }
      | ^
/root/workspace/workspace/cafer-6601-embeded/rubby_sensor_6601/sensor/core/mcudata/McuData.cpp: In member function ‚Äòbool emb_node::McuData::RechargeSet(uint8_t)‚Äô:
/root/workspace/workspace/cafer-6601-embeded/rubby_sensor_6601/sensor/core/mcudata/McuData.cpp:1555:1: warning: control reaches end of non-void function [-Wreturn-type]
 1555 | }
      | ^
/root/workspace/workspace/cafer-6601-embeded/rubby_sensor_6601/sensor/core/mcudata/McuData.cpp: In member function ‚Äòbool emb_node::McuData::MotorSet(uint16_t)‚Äô:
/root/workspace/workspace/cafer-6601-embeded/rubby_sensor_6601/sensor/core/mcudata/McuData.cpp:1575:1: warning: control reaches end of non-void function [-Wreturn-type]
 1575 | }
      | ^
/root/workspace/workspace/cafer-6601-embeded/rubby_sensor_6601/sensor/core/mcudata/McuData.cpp: In member function ‚Äòbool emb_node::McuData::CleanMotorSet(std::vector<sensor_srvs::CleanMotorSrv::CleanMotorCtrl>&)‚Äô:
/root/workspace/workspace/cafer-6601-embeded/rubby_sensor_6601/sensor/core/mcudata/McuData.cpp:1671:1: warning: control reaches end of non-void function [-Wreturn-type]
 1671 | }
      | ^
/root/workspace/workspace/cafer-6601-embeded/rubby_sensor_6601/sensor/core/mcudata/McuData.cpp: In member function ‚Äòbool emb_node::McuData::CleanModeSet(uint8_t)‚Äô:
/root/workspace/workspace/cafer-6601-embeded/rubby_sensor_6601/sensor/core/mcudata/McuData.cpp:1690:1: warning: control reaches end of non-void function [-Wreturn-type]
 1690 | }
      | ^
In file included from /root/workspace/workspace/cafer-6601-embeded/rubby_sensor_6601/sensor/core/mcudata/McuData.cpp:1:
/root/workspace/workspace/cafer-6601-embeded/rubby_sensor_6601/sensor/core/mcudata/McuData.hpp: At global scope:
/root/workspace/workspace/cafer-6601-embeded/rubby_sensor_6601/sensor/core/mcudata/McuData.hpp:30:35: warning: ‚Äòemb_node::pSpeedCtrlFreq‚Äô defined but not used [-Wunused-variable]
   30 | static monitor_node::MonitorNode *pSpeedCtrlFreq = nullptr;
      |                                   ^~~~~~~~~~~~~~
/root/workspace/workspace/cafer-6601-embeded/rubby_sensor_6601/sensor/core/mcudata/McuData.hpp:29:35: warning: ‚Äòemb_node::pWorkModeFreq‚Äô defined but not used [-Wunused-variable]
   29 | static monitor_node::MonitorNode *pWorkModeFreq = nullptr;
      |                                   ^~~~~~~~~~~~~
[ 93%] Linking CXX shared library ../../../../install/lib/arm/libMcuData.so
[ 93%] Built target McuData
Scanning dependencies of target gs2_calibration
[ 95%] Building CXX object sensor/core/mcudata/sample/CMakeFiles/gs2_calibration.dir/gs2_calibration.cpp.o
Scanning dependencies of target sensor_plugin
[ 96%] Building CXX object sensor/nodes/sensor_plugin/CMakeFiles/sensor_plugin.dir/SensorPlugin.cpp.o
In file included from /root/workspace/workspace/cafer-6601-embeded/rubby_sensor_6601/sensor/nodes/sensor_plugin/SensorPlugin.cpp:15:
/root/workspace/workspace/cafer-6601-embeded/rubby_sensor_6601/sensor/nodes/sensor_plugin/../../core/stream_media/stream_media.hpp:10:10: fatal error: ../sensor/VideoStreamMsg.h: No such file or directory
   10 | #include "../sensor/VideoStreamMsg.h"
      |          ^~~~~~~~~~~~~~~~~~~~~~~~~~~~
compilation terminated.
make[2]: *** [sensor/nodes/sensor_plugin/CMakeFiles/sensor_plugin.dir/build.make:63: sensor/nodes/sensor_plugin/CMakeFiles/sensor_plugin.dir/SensorPlugin.cpp.o] Error 1
make[1]: *** [CMakeFiles/Makefile2:625: sensor/nodes/sensor_plugin/CMakeFiles/sensor_plugin.dir/all] Error 2
make[1]: *** Waiting for unfinished jobs....
/root/workspace/workspace/cafer-6601-embeded/rubby_sensor_6601/sensor/core/mcudata/sample/gs2_calibration.cpp: In function ‚Äòvoid GS2DataCalculate(std::queue<std::vector<float> >&, std::vector<float>&)‚Äô:
/root/workspace/workspace/cafer-6601-embeded/rubby_sensor_6601/sensor/core/mcudata/sample/gs2_calibration.cpp:35:25: warning: comparison of integer expressions of different signedness: ‚Äòint‚Äô and ‚Äòstd::vector<float>::size_type‚Äô {aka ‚Äòlong unsigned int‚Äô} [-Wsign-compare]
   35 |       for (int i = 0; i < distance.size(); i++) {
      |                       ~~^~~~~~~~~~~~~~~~~
/root/workspace/workspace/cafer-6601-embeded/rubby_sensor_6601/sensor/core/mcudata/sample/gs2_calibration.cpp:41:21: warning: comparison of integer expressions of different signedness: ‚Äòint‚Äô and ‚Äòstd::vector<float>::size_type‚Äô {aka ‚Äòlong unsigned int‚Äô} [-Wsign-compare]
   41 |   for (int i = 0; i < distance.size(); i++) {
      |                   ~~^~~~~~~~~~~~~~~~~
/root/workspace/workspace/cafer-6601-embeded/rubby_sensor_6601/sensor/core/mcudata/sample/gs2_calibration.cpp: In function ‚Äòint main(int, char**)‚Äô:
/root/workspace/workspace/cafer-6601-embeded/rubby_sensor_6601/sensor/core/mcudata/sample/gs2_calibration.cpp:173:21: warning: comparison of integer expressions of different signedness: ‚Äòint‚Äô and ‚Äòstd::vector<float>::size_type‚Äô {aka ‚Äòlong unsigned int‚Äô} [-Wsign-compare]
  173 |   for (int i = 0; i < g_gs2Calibration.leftDistance.size(); i++) {
      |                   ~~^~~~~~~~~~~~~~~~~~~~~~~~~~~~~~~~~~~~~~
/root/workspace/workspace/cafer-6601-embeded/rubby_sensor_6601/sensor/core/mcudata/sample/gs2_calibration.cpp:179:21: warning: comparison of integer expressions of different signedness: ‚Äòint‚Äô and ‚Äòstd::vector<float>::size_type‚Äô {aka ‚Äòlong unsigned int‚Äô} [-Wsign-compare]
  179 |   for (int i = 0; i < g_gs2Calibration.rightDistance.size(); i++) {
      |                   ~~^~~~~~~~~~~~~~~~~~~~~~~~~~~~~~~~~~~~~~~
In file included from /root/workspace/workspace/cafer-6601-embeded/rubby_sensor_6601/sensor/core/mcudata/sample/gs2_calibration.cpp:11:
/root/workspace/workspace/cafer-6601-embeded/rubby_sensor_6601/sensor/core/mcudata/McuData.hpp: At global scope:
/root/workspace/workspace/cafer-6601-embeded/rubby_sensor_6601/sensor/core/mcudata/McuData.hpp:31:35: warning: ‚Äòemb_node::pMaterialFreq‚Äô defined but not used [-Wunused-variable]
   31 | static monitor_node::MonitorNode *pMaterialFreq = nullptr;
      |                                   ^~~~~~~~~~~~~
/root/workspace/workspace/cafer-6601-embeded/rubby_sensor_6601/sensor/core/mcudata/McuData.hpp:30:35: warning: ‚Äòemb_node::pSpeedCtrlFreq‚Äô defined but not used [-Wunused-variable]
   30 | static monitor_node::MonitorNode *pSpeedCtrlFreq = nullptr;
      |                                   ^~~~~~~~~~~~~~
/root/workspace/workspace/cafer-6601-embeded/rubby_sensor_6601/sensor/core/mcudata/McuData.hpp:29:35: warning: ‚Äòemb_node::pWorkModeFreq‚Äô defined but not used [-Wunused-variable]
   29 | static monitor_node::MonitorNode *pWorkModeFreq = nullptr;
      |                                   ^~~~~~~~~~~~~
/root/workspace/workspace/cafer-6601-embeded/rubby_sensor_6601/sensor/core/mcudata/McuData.hpp:28:35: warning: ‚Äòemb_node::pBatteryEventFreq‚Äô defined but not used [-Wunused-variable]
   28 | static monitor_node::MonitorNode *pBatteryEventFreq = nullptr;
      |                                   ^~~~~~~~~~~~~~~~~
/root/workspace/workspace/cafer-6601-embeded/rubby_sensor_6601/sensor/core/mcudata/McuData.hpp:27:35: warning: ‚Äòemb_node::pEmergencyEventFreq‚Äô defined but not used [-Wunused-variable]
   27 | static monitor_node::MonitorNode *pEmergencyEventFreq = nullptr;
      |                                   ^~~~~~~~~~~~~~~~~~~
/root/workspace/workspace/cafer-6601-embeded/rubby_sensor_6601/sensor/core/mcudata/McuData.hpp:26:35: warning: ‚Äòemb_node::pMotorCurrentMsgFreq‚Äô defined but not used [-Wunused-variable]
   26 | static monitor_node::MonitorNode *pMotorCurrentMsgFreq = nullptr;
      |                                   ^~~~~~~~~~~~~~~~~~~~
/root/workspace/workspace/cafer-6601-embeded/rubby_sensor_6601/sensor/core/mcudata/McuData.hpp:25:35: warning: ‚Äòemb_node::pChargePositionSensorFreq‚Äô defined but not used [-Wunused-variable]
   25 | static monitor_node::MonitorNode *pChargePositionSensorFreq = nullptr;
      |                                   ^~~~~~~~~~~~~~~~~~~~~~~~~
/root/workspace/workspace/cafer-6601-embeded/rubby_sensor_6601/sensor/core/mcudata/McuData.hpp:23:35: warning: ‚Äòemb_node::lFlowFreq‚Äô defined but not used [-Wunused-variable]
   23 | static monitor_node::MonitorNode *lFlowFreq = nullptr;
      |                                   ^~~~~~~~~
/root/workspace/workspace/cafer-6601-embeded/rubby_sensor_6601/sensor/core/mcudata/McuData.hpp:22:35: warning: ‚Äòemb_node::pImuMsgAuxiFreq‚Äô defined but not used [-Wunused-variable]
   22 | static monitor_node::MonitorNode *pImuMsgAuxiFreq = nullptr;
      |                                   ^~~~~~~~~~~~~~~
[ 98%] Linking CXX executable ../../../../../install/bin/arm/gs2_calibration
[ 98%] Built target gs2_calibration
make: *** [Makefile:84: all] Error 2
Build step 'Execute shell' marked build as failure
Finished: FAILURE
