Started by user [8mha:////4GZLdJ3zYVtTaCml8iVum++M0lnTj7l+sRg8SaQVn3p2AAAAlR+LCAAAAAAAAP9b85aBtbiIQTGjNKU4P08vOT+vOD8nVc83PyU1x6OyILUoJzMv2y+/JJUBAhiZGBgqihhk0NSjKDWzXb3RdlLBUSYGJk8GtpzUvPSSDB8G5tKinBIGIZ+sxLJE/ZzEvHT94JKizLx0a6BxUmjGOUNodHsLgAy+EgZO/dLi1CL98uJiAKhZb0u+AAAA[0mwangshuaishuai
Running as SYSTEM
Building remotely on [8mha:////4J8M8M4pLAVsr5HsUCuoFBwpyiajxV9VrGbWj66EbYmPAAAAoR+LCAAAAAAAAP9b85aBtbiIQTGjNKU4P08vOT+vOD8nVc83PyU1x6OyILUoJzMv2y+/JJUBAhiZGBgqihhk0NSjKDWzXb3RdlLBUSYGJk8GtpzUvPSSDB8G5tKinBIGIZ+sxLJE/ZzEvHT94JKizLx0a6BxUmjGOUNodHsLgAzuEgZR/eT83ILSktQi/eyMxJTEYt3kxCJjAEfvBs3KAAAA[0mkhadas-car3 (car3) in workspace /root/workspace/workspace/test_control-planing-i18r-so-upload
[WS-CLEANUP] Clean-up disabled, skipping workspace deletion.
No emails were triggered.
[test_control-planing-i18r-so-upload] $ /bin/sh -xe /tmp/jenkins11255916868426268544.sh
+ bash /root/myscript/build/build.sh
++ export MYSQL_PWD=123
++ MYSQL_PWD=123
++ export -f cmdb_mysql
+ set -ex
+ export -f public_project_update
+ export -f project_build
+ init_project_env
++ date +%Y%m%d
+ DT=20230920
+ UserName=jenkins
+ API_TOKEN=11b65309c9835de9579d9c9038853d9eb7
+ GIT_PRIVATE_TOKEN=emEDrsaJVjxKK5gSWrf-
+ GIT_HOST=192.168.50.191
++ awk -F/ '{print $1"%2F"$2}'
++ echo AroundI18RProject/I18RNavigationSubmodule
+ CONVERT_TARGET_PROJECT=AroundI18RProject%2FI18RNavigationSubmodule
++ curl -XGET -H 'Content-Type: application/json' --header 'PRIVATE-TOKEN: emEDrsaJVjxKK5gSWrf-' http://192.168.50.191:85/api/v4/projects/AroundI18RProject%2FI18RNavigationSubmodule
++ python -c 'import sys, json; print(json.load(sys.stdin)["id"])'
  % Total    % Received % Xferd  Average Speed   Time    Time     Time  Current
                                 Dload  Upload   Total   Spent    Left  Speed
  0     0    0     0    0     0      0      0 --:--:-- --:--:-- --:--:--     0  0     0    0     0    0     0      0      0 --:--:-- --:--:-- --:--:--     0100  3480    0  3480    0     0  30260      0 --:--:-- --:--:-- --:--:-- 30260
+ SUB_PROJECT_ID=291
+ '[' -z ']'
+ SOURCE_DIR=/root/workspace/workspace/test_control-planing-i18r-so-upload/i18r_robot
+ TARGET_DIR=/root/workspace/workspace/test_control-planing-i18r-so-upload/I18RNavigationSubmodule
+ prepare_env
++ uname -m
+ system_platform=aarch64
+ :
++ sort
++ grep processor
++ cat /proc/cpuinfo
++ wc -l
++ uniq
+ mt=-j4
+ export COMMIT_ID_FILE=/root/workspace/workspace/test_control-planing-i18r-so-upload/_last_build_id
+ COMMIT_ID_FILE=/root/workspace/workspace/test_control-planing-i18r-so-upload/_last_build_id
+ export COMMIT_MSG_FILE=/root/workspace/workspace/test_control-planing-i18r-so-upload/_commit-msg
+ COMMIT_MSG_FILE=/root/workspace/workspace/test_control-planing-i18r-so-upload/_commit-msg
+ export COMMIT_MSG_FILE_TMP=/root/workspace/workspace/test_control-planing-i18r-so-upload/_commit-msg.tmp
+ COMMIT_MSG_FILE_TMP=/root/workspace/workspace/test_control-planing-i18r-so-upload/_commit-msg.tmp
+ rm -f /root/workspace/workspace/test_control-planing-i18r-so-upload/_last_build_id
+ rm -f /root/workspace/workspace/test_control-planing-i18r-so-upload/_commit-msg
+ rm -f /root/workspace/workspace/test_control-planing-i18r-so-upload/_commit-msg.tmp
+ rm -f /root/workspace/workspace/test_control-planing-i18r-so-upload/result.log
+ rm -f /root/workspace/workspace/test_control-planing-i18r-so-upload/no_code_change.log
+ CLONE_DEPTH=--depth=1
+ PUBLICBASETYPES_DIR=/root/system/I18RPublicBaseTypes
+ cmdb_mysql 'insert into prebuild(job_name,source_project,source_branch,target_project,target_branch,time,build_url,node_name,build_user) values ('\''test_control-planing-i18r-so-upload'\'','\''wss/i18r_robot'\'','\''test'\'','\''AroundI18RProject/I18RNavigationSubmodule'\'','\''test'\'',now(),'\''http://192.168.50.191:8088/job/test_control-planing-i18r-so-upload/206/'\'','\''khadas-car3'\'','\''wss'\'')'
+ set +x
+ DOCKER_CONTAINER_I18=build-x64-18.04
+ DOCKER_CONTAINER_RUBBY=c405
+ DOCKER_CONTAINER_RUBBY_INSIDE=c3566
+ DOCKER_CONTAINER_JAVA=node
+ JENKINS_JOB_A=mind
+ JENKINS_JOB_B=rbn
+ JENKINS_JOB_C=mark-check-tools
+ JENKINS_JOB_D=java
+ JENKINS_JOB_E=nodejs
+ JENKINS_JOB_F=_ui
+ JENKINS_JOB_G=i12r
+ JENKINS_JOB_E=clean_recorder
+ JENKINS_JOB_F=i18r
+ [[ test_control-planing-i18r-so-upload =~ mind ]]
+ '[' false = false ']'
+ source_project_update
+ '[' -d /root/workspace/workspace/test_control-planing-i18r-so-upload/i18r_robot ']'
+ pushd /root/workspace/workspace/test_control-planing-i18r-so-upload/i18r_robot
~/workspace/workspace/test_control-planing-i18r-so-upload/i18r_robot ~/workspace/workspace/test_control-planing-i18r-so-upload
+ git checkout ./
+ git pull --rebase
æ¥è‡ª ssh://192.168.50.191:222/wss/i18r_robot
   9799b5f..27e5ede  test       -> origin/test
æ›´æ–° 9799b5f..27e5ede
Fast-forward
 src/navigation/teb_local_planner/src/teb_local_planner_ros.cpp | 2 +-
 1 file changed, 1 insertion(+), 1 deletion(-)
å½“å‰åˆ†æ”¯ test æ˜¯æœ€æ–°çš„ã€‚
+ popd
~/workspace/workspace/test_control-planing-i18r-so-upload
+ target_project_update
+ rm -rf /root/workspace/workspace/test_control-planing-i18r-so-upload/I18RNavigationSubmodule
+ target_project_fetch
+ git clone ssh://git@192.168.50.191:222/AroundI18RProject/I18RNavigationSubmodule -b test --depth=1
æ­£å…‹éš†åˆ° 'I18RNavigationSubmodule'...
+ insert_db
+ pushd /root/workspace/workspace/test_control-planing-i18r-so-upload/i18r_robot
~/workspace/workspace/test_control-planing-i18r-so-upload/i18r_robot ~/workspace/workspace/test_control-planing-i18r-so-upload
++ cmdb_mysql 'SELECT first_commit_id FROM prebuild where source_project='\''wss/i18r_robot'\'' and source_branch='\''test'\'' and target_project='\''AroundI18RProject/I18RNavigationSubmodule'\'' and target_branch='\''test'\'' and status='\''0'\'' and job_name='\''test_control-planing-i18r-so-upload'\'' order by id desc limit 1;'
++ set +x
+ version='first_commit_id
9799b5f'
++ awk -F ' ' '{print $2}'
++ echo first_commit_id 9799b5f
+ version=9799b5f
++ git log -1 --pretty=format:%h
+ first_commit_id_now=27e5ede
+ cmdb_mysql 'update prebuild set first_commit_id='\''27e5ede'\'' where build_url='\''http://192.168.50.191:8088/job/test_control-planing-i18r-so-upload/206/'\'';'
+ set +x
+ popd
~/workspace/workspace/test_control-planing-i18r-so-upload
+ [[ aarch64 =~ x86_64 ]]
+ [[ test_control-planing-i18r-so-upload =~ rbn ]]
+ [[ test_control-planing-i18r-so-upload =~ mind ]]
+ public_project_update
+ rm -rf /root/system/I18RPublicBaseTypes
+ [[ test_control-planing-i18r-so-upload =~ i12r ]]
+ [[ test_control-planing-i18r-so-upload =~ clean_recorder ]]
+ [[ test_control-planing-i18r-so-upload =~ i18r ]]
+ git clone ssh://git@192.168.50.191:222/AroundI18RProject/I18RPublicBaseTypes.git /root/system/I18RPublicBaseTypes -b develop --depth=1
æ­£å…‹éš†åˆ° '/root/system/I18RPublicBaseTypes'...
+ public_project_todo
+ pushd /root/system/I18RPublicBaseTypes
~/system/I18RPublicBaseTypes ~/workspace/workspace/test_control-planing-i18r-so-upload
+ ./install.sh
-- The C compiler identification is GNU 7.5.0
-- The CXX compiler identification is GNU 7.5.0
-- Check for working C compiler: /usr/bin/cc
-- Check for working C compiler: /usr/bin/cc -- works
-- Detecting C compiler ABI info
-- Detecting C compiler ABI info - done
-- Detecting C compile features
-- Detecting C compile features - done
-- Check for working CXX compiler: /usr/bin/c++
-- Check for working CXX compiler: /usr/bin/c++ -- works
-- Detecting CXX compiler ABI info
-- Detecting CXX compiler ABI info - done
-- Detecting CXX compile features
-- Detecting CXX compile features - done
-- CMAKE_INSTALL_PREFIX: /usr/local.
-- I18R_INCLUDE_INSTALL_DIR: /usr/local/include/I18RPublicBaseTypes.
-- CMAKE_CURRENT_SOURCE_DIR: /root/system/I18RPublicBaseTypes.
-- Configuring done
-- Generating done
-- Build files have been written to: /root/system/I18RPublicBaseTypes/build
sudo: æ— æ³•è§£æä¸»æœºï¼šcar3
Install the project...
-- Install configuration: "Release"
-- Installing: /usr/local/include/I18RPublicBaseTypes/base_types.h
-- Installing: /usr/local/include/I18RPublicBaseTypes/calibr_types.h
-- Installing: /usr/local/include/I18RPublicBaseTypes/cloud_types.h
-- Installing: /usr/local/include/I18RPublicBaseTypes/control_types.h
-- Installing: /usr/local/include/I18RPublicBaseTypes/depth_types.h
-- Installing: /usr/local/include/I18RPublicBaseTypes/detector_types.h
-- Installing: /usr/local/include/I18RPublicBaseTypes/error_types.h
-- Installing: /usr/local/include/I18RPublicBaseTypes/geometry_types.h
-- Installing: /usr/local/include/I18RPublicBaseTypes/hmi_types.h
-- Installing: /usr/local/include/I18RPublicBaseTypes/imsee_types.h
-- Installing: /usr/local/include/I18RPublicBaseTypes/marker_types.h
-- Installing: /usr/local/include/I18RPublicBaseTypes/msg_types.h
-- Installing: /usr/local/include/I18RPublicBaseTypes/old_hmi_types.h
-- Installing: /usr/local/include/I18RPublicBaseTypes/sensor_types.h
-- Installing: /usr/local/include/I18RPublicBaseTypes/server_types.h
-- Installing: /usr/local/include/I18RPublicBaseTypes/slam_types.h
-- Installing: /usr/local/include/I18RPublicBaseTypes/swr_types.h
-- Installing: /usr/local/include/I18RPublicBaseTypes/README.md
-- Installing: /usr/local/include/I18RPublicBaseTypes/base/Data.h
-- Installing: /usr/local/include/I18RPublicBaseTypes/base/ErrorInfo.h
-- Installing: /usr/local/include/I18RPublicBaseTypes/base/ErrorMessage.h
-- Installing: /usr/local/include/I18RPublicBaseTypes/base/FormatData.h
-- Installing: /usr/local/include/I18RPublicBaseTypes/base/InternalErrorCode.h
-- Installing: /usr/local/include/I18RPublicBaseTypes/base/Module.h
-- Installing: /usr/local/include/I18RPublicBaseTypes/base/README.md
-- Installing: /usr/local/include/I18RPublicBaseTypes/base/ThreadInfo.h
-- Installing: /usr/local/include/I18RPublicBaseTypes/base/Time.h
-- Installing: /usr/local/include/I18RPublicBaseTypes/base/WorkStatus.h
-- Installing: /usr/local/include/I18RPublicBaseTypes/calibr/Cameara2Camera.h
-- Installing: /usr/local/include/I18RPublicBaseTypes/calibr/Camera2Lidar.h
-- Installing: /usr/local/include/I18RPublicBaseTypes/calibr/Camera2Odometry.h
-- Installing: /usr/local/include/I18RPublicBaseTypes/calibr/Camera2Tof.h
-- Installing: /usr/local/include/I18RPublicBaseTypes/calibr/Imu2Odometry.h
-- Installing: /usr/local/include/I18RPublicBaseTypes/calibr/README.md
-- Installing: /usr/local/include/I18RPublicBaseTypes/calibr/Transform.h
-- Installing: /usr/local/include/I18RPublicBaseTypes/cloud/README.md
-- Installing: /usr/local/include/I18RPublicBaseTypes/control/PointCloud.h
-- Installing: /usr/local/include/I18RPublicBaseTypes/control/README.md
-- Installing: /usr/local/include/I18RPublicBaseTypes/control/autoClean_property.h
-- Installing: /usr/local/include/I18RPublicBaseTypes/control/clean_path.h
-- Installing: /usr/local/include/I18RPublicBaseTypes/control/current_type.h
-- Installing: /usr/local/include/I18RPublicBaseTypes/control/drop_event.h
-- Installing: /usr/local/include/I18RPublicBaseTypes/control/grass_boundary.h
-- Installing: /usr/local/include/I18RPublicBaseTypes/control/pose.h
-- Installing: /usr/local/include/I18RPublicBaseTypes/control/robot_event.h
-- Installing: /usr/local/include/I18RPublicBaseTypes/control/robot_status.h
-- Installing: /usr/local/include/I18RPublicBaseTypes/control/work_mode.h
-- Installing: /usr/local/include/I18RPublicBaseTypes/control/work_runs.h
-- Installing: /usr/local/include/I18RPublicBaseTypes/depth/CalibrationImage.h
-- Installing: /usr/local/include/I18RPublicBaseTypes/depth/DepthMatrix.h
-- Installing: /usr/local/include/I18RPublicBaseTypes/depth/DepthPointCloud.h
-- Installing: /usr/local/include/I18RPublicBaseTypes/depth/GrassBoundary.h
-- Installing: /usr/local/include/I18RPublicBaseTypes/depth/LightAdjustment.h
-- Installing: /usr/local/include/I18RPublicBaseTypes/depth/README.md
-- Installing: /usr/local/include/I18RPublicBaseTypes/depth/SourceImage.h
-- Installing: /usr/local/include/I18RPublicBaseTypes/detector/DetectorResult.h
-- Installing: /usr/local/include/I18RPublicBaseTypes/detector/README.md
-- Installing: /usr/local/include/I18RPublicBaseTypes/detector/class.h
-- Installing: /usr/local/include/I18RPublicBaseTypes/detector/detect_types.h
-- Installing: /usr/local/include/I18RPublicBaseTypes/detector/detector_param.h
-- Installing: /usr/local/include/I18RPublicBaseTypes/detector/error_code.h
-- Installing: /usr/local/include/I18RPublicBaseTypes/detector/instance.h
-- Installing: /usr/local/include/I18RPublicBaseTypes/detector/map.h
-- Installing: /usr/local/include/I18RPublicBaseTypes/geometry/EulerAngle.h
-- Installing: /usr/local/include/I18RPublicBaseTypes/geometry/Point.h
-- Installing: /usr/local/include/I18RPublicBaseTypes/geometry/Quaternion.h
-- Installing: /usr/local/include/I18RPublicBaseTypes/hmi/README.md
-- Installing: /usr/local/include/I18RPublicBaseTypes/hmi/gen.sh
-- Installing: /usr/local/include/I18RPublicBaseTypes/hmi/public.fbs
-- Installing: /usr/local/include/I18RPublicBaseTypes/hmi/report.fbs
-- Installing: /usr/local/include/I18RPublicBaseTypes/hmi/request.fbs
-- Installing: /usr/local/include/I18RPublicBaseTypes/hmi/response.fbs
-- Installing: /usr/local/include/I18RPublicBaseTypes/hmi/public_generated.h
-- Installing: /usr/local/include/I18RPublicBaseTypes/hmi/report_generated.h
-- Installing: /usr/local/include/I18RPublicBaseTypes/hmi/request_generated.h
-- Installing: /usr/local/include/I18RPublicBaseTypes/hmi/response_generated.h
-- Installing: /usr/local/include/I18RPublicBaseTypes/hmi/public.h
-- Installing: /usr/local/include/I18RPublicBaseTypes/hmi/report.h
-- Installing: /usr/local/include/I18RPublicBaseTypes/hmi/request.h
-- Installing: /usr/local/include/I18RPublicBaseTypes/hmi/response.h
-- Installing: /usr/local/include/I18RPublicBaseTypes/imsee/CImseeImage.h
-- Installing: /usr/local/include/I18RPublicBaseTypes/imsee/CImseeImu.h
-- Installing: /usr/local/include/I18RPublicBaseTypes/imsee/CImseeMsgHotplug.h
-- Installing: /usr/local/include/I18RPublicBaseTypes/imsee/CImseeMsgImage.h
-- Installing: /usr/local/include/I18RPublicBaseTypes/imsee/CImseeMsgImu.h
-- Installing: /usr/local/include/I18RPublicBaseTypes/imsee/CImseeMsgParam.h
-- Installing: /usr/local/include/I18RPublicBaseTypes/imsee/CameraParameter.h
-- Installing: /usr/local/include/I18RPublicBaseTypes/imsee/CameraParameterOld.h
-- Installing: /usr/local/include/I18RPublicBaseTypes/imsee/IMUParameter.h
-- Installing: /usr/local/include/I18RPublicBaseTypes/imsee/ModuleInfo.h
-- Installing: /usr/local/include/I18RPublicBaseTypes/imsee/MoudleAllParam.h
-- Installing: /usr/local/include/I18RPublicBaseTypes/imsee/Resolution.h
-- Installing: /usr/local/include/I18RPublicBaseTypes/imsee/SDebugSet.h
-- Installing: /usr/local/include/I18RPublicBaseTypes/imsee/SlamParameter.h
-- Installing: /usr/local/include/I18RPublicBaseTypes/imsee/StreamType.h
-- Installing: /usr/local/include/I18RPublicBaseTypes/marker/MarkerState.h
-- Installing: /usr/local/include/I18RPublicBaseTypes/marker/state.h
-- Installing: /usr/local/include/I18RPublicBaseTypes/msg/AFI.h
-- Installing: /usr/local/include/I18RPublicBaseTypes/msg/Basic.h
-- Installing: /usr/local/include/I18RPublicBaseTypes/msg/Config.h
-- Installing: /usr/local/include/I18RPublicBaseTypes/msg/Log.h
-- Installing: /usr/local/include/I18RPublicBaseTypes/msg/Route.h
-- Installing: /usr/local/include/I18RPublicBaseTypes/msg/Work.h
-- Installing: /usr/local/include/I18RPublicBaseTypes/sensor/BumperEvent.h
-- Installing: /usr/local/include/I18RPublicBaseTypes/sensor/CleanEvent.h
-- Installing: /usr/local/include/I18RPublicBaseTypes/sensor/CliffData.h
-- Installing: /usr/local/include/I18RPublicBaseTypes/sensor/CliffEvent.h
-- Installing: /usr/local/include/I18RPublicBaseTypes/sensor/CtrlType.h
-- Installing: /usr/local/include/I18RPublicBaseTypes/sensor/DropEvent.h
-- Installing: /usr/local/include/I18RPublicBaseTypes/sensor/EncoderData.h
-- Installing: /usr/local/include/I18RPublicBaseTypes/sensor/LaserScan.h
-- Installing: /usr/local/include/I18RPublicBaseTypes/sensor/PointCloud2.h
-- Installing: /usr/local/include/I18RPublicBaseTypes/sensor/RobotChassisEvent.h
-- Installing: /usr/local/include/I18RPublicBaseTypes/sensor/SonyCamera.h
-- Installing: /usr/local/include/I18RPublicBaseTypes/sensor/StartStopSwitchEvent.h
-- Installing: /usr/local/include/I18RPublicBaseTypes/sensor/TofDepthData.h
-- Installing: /usr/local/include/I18RPublicBaseTypes/sensor/TofDepthImg.h
-- Installing: /usr/local/include/I18RPublicBaseTypes/sensor/TofGrayImg.h
-- Installing: /usr/local/include/I18RPublicBaseTypes/sensor/TofPointCloud.h
-- Installing: /usr/local/include/I18RPublicBaseTypes/sensor/UltraData.h
-- Installing: /usr/local/include/I18RPublicBaseTypes/sensor/UsbHotplug.h
-- Installing: /usr/local/include/I18RPublicBaseTypes/sensor/VelocityCmd.h
-- Installing: /usr/local/include/I18RPublicBaseTypes/sensor/VelocityData.h
-- Installing: /usr/local/include/I18RPublicBaseTypes/server/DataRateState.h
-- Installing: /usr/local/include/I18RPublicBaseTypes/server/SystemState.h
-- Installing: /usr/local/include/I18RPublicBaseTypes/server/UserOperation.h
-- Installing: /usr/local/include/I18RPublicBaseTypes/slam/Pose.h
-- Installing: /usr/local/include/I18RPublicBaseTypes/slam/README.md
-- Installing: /usr/local/include/I18RPublicBaseTypes/slam/SlamResult.h
-- Installing: /usr/local/include/I18RPublicBaseTypes/slam/SlamState.h
-- Installing: /usr/local/include/I18RPublicBaseTypes/error/ErrorCode.h
-- Installing: /usr/local/include/I18RPublicBaseTypes/error/ErrorEvent.h
-- Installing: /usr/local/include/I18RPublicBaseTypes/error/ErrorMessage.h
-- Installing: /usr/local/include/I18RPublicBaseTypes/error/ErrorTable.h
-- Installing: /usr/local/include/I18RPublicBaseTypes/error/IceErrorCode.h
-- Installing: /usr/local/include/I18RPublicBaseTypes/error/error_maps.yaml
sudo: æ— æ³•è§£æä¸»æœºï¼šcar3
+ popd
~/workspace/workspace/test_control-planing-i18r-so-upload
+ public_i18rutilitysubmodule_update
+ pushd /root/system/i18rutilitysubmodule
~/system/i18rutilitysubmodule ~/workspace/workspace/test_control-planing-i18r-so-upload
+ git checkout ./
+ git clean -xdf ./
+ git pull origin develop
æ¥è‡ª ssh://192.168.50.191:222/AroundI18RProject/i18rutilitysubmodule
 * branch            develop    -> FETCH_HEAD
å·²ç»æ˜¯æœ€æ–°çš„ã€‚
+ ./install.sh
sudo: æ— æ³•è§£æä¸»æœºï¼šcar3
+ popd
~/workspace/workspace/test_control-planing-i18r-so-upload
+ project_build
+ pushd /root/workspace/workspace/test_control-planing-i18r-so-upload/i18r_robot
~/workspace/workspace/test_control-planing-i18r-so-upload/i18r_robot ~/workspace/workspace/test_control-planing-i18r-so-upload
+ project_init_remote
++ find -type f -name sync_submodules.sh
+ sf=
+ '[' -z ']'
+ git submodule update --init --recursive
å­æ¨¡ç»„è·¯å¾„ 'src/indemind_clean_robot/include/I18RPublicBaseTypes'ï¼šæ£€å‡º '437b533069f11e8c328ae8effd948bf8c1f324a7'
å­æ¨¡ç»„è·¯å¾„ 'src/indemind_clean_robot/include/i18rutilitysubmodule'ï¼šæ£€å‡º '4d6aa2423a2d975122f878d8d42d99c24b5b6034'
+ git submodule update --remote
æ¥è‡ª ssh://192.168.50.191:222/AroundI18RProject/I18RPublicBaseTypes
   76e0970..9a6d524  develop    -> origin/develop
å­æ¨¡ç»„è·¯å¾„ 'src/indemind_clean_robot/include/I18RPublicBaseTypes'ï¼šæ£€å‡º '9a6d5248f102c6e8ad70fca8c7c7484d09a0b4d0'
å­æ¨¡ç»„è·¯å¾„ 'src/indemind_clean_robot/include/i18rutilitysubmodule'ï¼šæ£€å‡º '2b00021648bcd63f33a17445c6ccdc4f842bd969'
+ sed -i 's/make -j[0-9].*/make -j4/g' compile.sh
+ '[' x27e5ede == x9799b5f ']'
+ '[' -z ']'
+ bash -ex compile.sh
+ catkin_make -DCMAKE_BUILD_TYPE=RELEASE install -j5
[  0%] Built target std_msgs_generate_messages_eus
[  0%] Built target actionlib_msgs_generate_messages_eus
[  0%] Built target _i18r_msgs_generate_messages_check_deps_KeyboardInput
[  0%] Built target _i18r_msgs_generate_messages_check_deps_MotorPower
[  0%] Built target _i18r_msgs_generate_messages_check_deps_CliffEvent
[  0%] Built target _i18r_msgs_generate_messages_check_deps_WheelDropEvent
[  0%] Built target actionlib_msgs_generate_messages_py
[  0%] Built target _i18r_msgs_generate_messages_check_deps_BumperEvent
[  0%] Built target std_msgs_generate_messages_nodejs
[  0%] Built target std_msgs_generate_messages_py
[  0%] Built target std_msgs_generate_messages_lisp
[  0%] Built target actionlib_msgs_generate_messages_nodejs
[  0%] Built target std_msgs_generate_messages_cpp
[  0%] Built target actionlib_msgs_generate_messages_lisp
[  0%] Built target actionlib_msgs_generate_messages_cpp
[  0%] Built target geometry_msgs_generate_messages_eus
[  0%] Built target sensor_msgs_generate_messages_py
[  0%] Built target geometry_msgs_generate_messages_cpp
[  0%] Built target sensor_msgs_generate_messages_nodejs
[  0%] Built target sensor_msgs_generate_messages_cpp
[  0%] Built target sensor_msgs_generate_messages_lisp
[  0%] Built target sensor_msgs_generate_messages_eus
[  0%] Built target geometry_msgs_generate_messages_lisp
[  0%] Built target geometry_msgs_generate_messages_py
[  0%] Built target geometry_msgs_generate_messages_nodejs
[  0%] Built target dynamic_reconfigure_generate_messages_nodejs
[  0%] Built target visualization_msgs_generate_messages_nodejs
[  0%] Built target visualization_msgs_generate_messages_py
[  2%] Built target interactive_markers
[  2%] Built target visualization_msgs_generate_messages_eus
[  2%] Built target tf2_msgs_generate_messages_py
[  2%] Built target visualization_msgs_generate_messages_cpp
[  2%] Built target tf2_msgs_generate_messages_lisp
[  2%] Built target visualization_msgs_generate_messages_lisp
[  2%] Built target tf2_msgs_generate_messages_nodejs
[  2%] Built target actionlib_generate_messages_lisp
[  2%] Built target roscpp_generate_messages_py
[  2%] Built target roscpp_generate_messages_nodejs
[  2%] Built target roscpp_generate_messages_eus
[  2%] Built target tf2_msgs_generate_messages_eus
[  2%] Built target actionlib_generate_messages_eus
[  2%] Built target roscpp_generate_messages_lisp
[  2%] Built target rosgraph_msgs_generate_messages_cpp
[  2%] Built target rosgraph_msgs_generate_messages_eus
[  2%] Built target roscpp_generate_messages_cpp
[  2%] Built target rosgraph_msgs_generate_messages_nodejs
[  2%] Built target actionlib_generate_messages_nodejs
[  2%] Built target rosgraph_msgs_generate_messages_py
[  2%] Built target actionlib_generate_messages_cpp
[  2%] Built target rosgraph_msgs_generate_messages_lisp
[  2%] Built target actionlib_generate_messages_py
[  2%] Built target tf2_msgs_generate_messages_cpp
[  2%] Built target map_msgs_generate_messages_cpp
[  2%] Built target map_msgs_generate_messages_py
[  2%] Built target tf_generate_messages_py
[  2%] Built target tf_generate_messages_cpp
[  2%] Built target tf_generate_messages_nodejs
[  2%] Built target tf_generate_messages_eus
[  2%] Built target map_msgs_generate_messages_nodejs
[  2%] Built target _costmap_2d_generate_messages_check_deps_PubMap
[  2%] Built target dynamic_reconfigure_generate_messages_eus
[  2%] Built target nav_msgs_generate_messages_nodejs
[  2%] Built target nav_msgs_generate_messages_lisp
[  2%] Built target tf_generate_messages_lisp
[  2%] Built target map_msgs_generate_messages_eus
[  2%] Built target dynamic_reconfigure_generate_messages_lisp
[  2%] Built target dynamic_reconfigure_generate_messages_py
[  2%] Built target costmap_2d_generate_messages_py
[  2%] Built target dynamic_reconfigure_generate_messages_cpp
[  2%] Built target dynamic_reconfigure_gencfg
[  2%] Built target nav_msgs_generate_messages_eus
[  2%] Built target nav_msgs_generate_messages_cpp
[  2%] Built target nav_msgs_generate_messages_py
[  2%] Built target costmap_2d_generate_messages_cpp
[  2%] Built target map_msgs_generate_messages_lisp
[  3%] Built target costmap_2d_generate_messages_eus
[  3%] Built target costmap_2d_generate_messages_lisp
[  6%] Built target costmap_2d_gencfg
[  6%] Built target _catkin_empty_exported_target
[  7%] Built target costmap_converter_gencfg
[  7%] Built target _costmap_converter_generate_messages_check_deps_ObstacleArrayMsg
[  7%] Built target _costmap_converter_generate_messages_check_deps_ObstacleMsg
[  7%] Built target global_planner_gencfg
[  7%] Built target _navfn_generate_messages_check_deps_SetCostmap
[  7%] Built target base_local_planner_gencfg
[  7%] Built target _navfn_generate_messages_check_deps_MakeNavPlan
[  7%] Built target clean_robot_gencfg
[  7%] Built target std_srvs_generate_messages_eus
[  7%] Built target _base_local_planner_generate_messages_check_deps_Position2DInt
[  7%] Built target move_base_msgs_generate_messages_lisp
[  7%] Built target move_base_msgs_generate_messages_py
[  7%] Built target std_srvs_generate_messages_cpp
[  7%] Built target move_base_msgs_generate_messages_eus
[  7%] Built target std_srvs_generate_messages_lisp
[  7%] Built target move_base_msgs_generate_messages_nodejs
[  7%] Built target move_base_msgs_generate_messages_cpp
[  7%] Built target std_srvs_generate_messages_py
[  7%] Built target std_srvs_generate_messages_nodejs
[  8%] Built target teb_local_planner_gencfg
[ 10%] Built target wsfake_localization
[ 10%] Built target _teb_local_planner_generate_messages_check_deps_TrajectoryMsg
[ 11%] Built target i18r_msgs_generate_messages_eus
[ 11%] Built target _teb_local_planner_generate_messages_check_deps_FeedbackMsg
[ 11%] Built target _teb_local_planner_generate_messages_check_deps_TrajectoryPointMsg
[ 12%] Built target i18r_msgs_generate_messages_nodejs
[ 14%] Built target i18r_msgs_generate_messages_lisp
[ 16%] Built target i18r_msgs_generate_messages_py
[ 18%] Built target i18r_msgs_generate_messages_cpp
[ 20%] Built target cv_bridge
[ 21%] Built target costmap_converter_generate_messages_py
[ 22%] Built target costmap_2d_generate_messages_nodejs
[ 23%] Built target costmap_converter_generate_messages_eus
[ 24%] Built target costmap_converter_generate_messages_cpp
[ 25%] Built target costmap_converter_generate_messages_nodejs
[ 26%] Built target navfn_generate_messages_cpp
[ 27%] Built target navfn_generate_messages_lisp
[ 28%] Built target navfn_generate_messages_eus
[ 28%] Built target costmap_converter_generate_messages_lisp
[ 30%] Built target navfn_generate_messages_py
[ 30%] Built target navfn_generate_messages_nodejs
[ 31%] Built target base_local_planner_generate_messages_py
[ 32%] Built target base_local_planner_generate_messages_eus
[ 32%] Built target base_local_planner_generate_messages_cpp
[ 32%] Built target base_local_planner_generate_messages_lisp
[ 32%] Built target base_local_planner_generate_messages_nodejs
[ 33%] Built target teb_local_planner_generate_messages_cpp
[ 34%] Built target teb_local_planner_generate_messages_py
[ 35%] Built target teb_local_planner_generate_messages_nodejs
[ 36%] Built target teb_local_planner_generate_messages_eus
[ 37%] Built target teb_local_planner_generate_messages_lisp
[ 37%] Built target i18r_msgs_generate_messages
[ 38%] Built target cv_bridge_boost
[ 38%] Built target navfn_generate_messages
[ 38%] Built target costmap_converter_generate_messages
[ 38%] Built target costmap_2d_generate_messages
[ 42%] Built target costmap_2d
[ 42%] Built target base_local_planner_generate_messages
[ 42%] Built target teb_local_planner_generate_messages
[ 46%] Built target layers
[ 47%] Built target clear_costmap_recovery
[ 47%] Built target navfn
[ 54%] Built target base_local_planner
[ 58%] Built target costmap_converter
[ 60%] Built target navfn_node
[ 64%] Built target global_planner
[ 65%] Built target point_grid
[ 66%] Built target trajectory_planner_ros
[ 67%] Built target standalone_converter
[ 67%] Built target planner
[ 67%] Built target rotate_recovery
Scanning dependencies of target teb_local_planner
[ 67%] Building CXX object navigation/teb_local_planner/CMakeFiles/teb_local_planner.dir/src/teb_local_planner_ros.cpp.o
Scanning dependencies of target path_planning
[ 67%] Building CXX object indemind_clean_robot/CMakeFiles/path_planning.dir/src/clean_robot.cpp.o
[ 67%] Building CXX object indemind_clean_robot/CMakeFiles/path_planning.dir/src/clstate.cpp.o
[ 67%] Building CXX object indemind_clean_robot/CMakeFiles/path_planning.dir/src/advsensor.cpp.o
[ 68%] Building CXX object indemind_clean_robot/CMakeFiles/path_planning.dir/src/global_reaction.cpp.o
[ 68%] Building CXX object indemind_clean_robot/CMakeFiles/path_planning.dir/src/indemind_map.cpp.o
[ 68%] Building CXX object indemind_clean_robot/CMakeFiles/path_planning.dir/src/manual_ros.cpp.o
[ 70%] Building CXX object indemind_clean_robot/CMakeFiles/path_planning.dir/src/nav.cpp.o
[ 70%] Building CXX object indemind_clean_robot/CMakeFiles/path_planning.dir/src/path_planning.cpp.o
[ 70%] Building CXX object indemind_clean_robot/CMakeFiles/path_planning.dir/src/sensors.cpp.o
[ 71%] Building CXX object indemind_clean_robot/CMakeFiles/path_planning.dir/src/ultra_mapping.cpp.o
[ 71%] Building CXX object indemind_clean_robot/CMakeFiles/path_planning.dir/src/public/back_normal_state.cpp.o
[ 72%] Building CXX object indemind_clean_robot/CMakeFiles/path_planning.dir/src/public/bumper_state.cpp.o
[ 72%] Building CXX object indemind_clean_robot/CMakeFiles/path_planning.dir/src/public/check_footprint.cpp.o
[ 72%] Building CXX object indemind_clean_robot/CMakeFiles/path_planning.dir/src/public/cliff_state.cpp.o
[ 73%] Building CXX object indemind_clean_robot/CMakeFiles/path_planning.dir/src/public/cpu_check.cpp.o
[ 74%] Building CXX object indemind_clean_robot/CMakeFiles/path_planning.dir/src/task_based/defedge_state.cpp.o
[ 74%] Building CXX object indemind_clean_robot/CMakeFiles/path_planning.dir/src/task_based/optimize_path.cpp.o
[ 74%] Building CXX object indemind_clean_robot/CMakeFiles/path_planning.dir/src/task_based/task_based_path.cpp.o
[ 74%] Building CXX object indemind_clean_robot/CMakeFiles/path_planning.dir/src/task_based/taskbp_state.cpp.o
[ 75%] Building CXX object indemind_clean_robot/CMakeFiles/path_planning.dir/src/auto_clean/autoc_state.cpp.o
[ 75%] Building CXX object indemind_clean_robot/CMakeFiles/path_planning.dir/src/auto_clean/arrow_clean.cpp.o
[ 76%] Building CXX object indemind_clean_robot/CMakeFiles/path_planning.dir/src/tracking_path/check_obstacle.cpp.o
[ 76%] Building CXX object indemind_clean_robot/CMakeFiles/path_planning.dir/src/tracking_path/check_pedestrian.cpp.o
[ 77%] Building CXX object indemind_clean_robot/CMakeFiles/path_planning.dir/src/tracking_path/get_path_virtual_wall.cpp.o
[ 77%] Building CXX object indemind_clean_robot/CMakeFiles/path_planning.dir/src/tracking_path/execute.cpp.o
[ 77%] Building CXX object indemind_clean_robot/CMakeFiles/path_planning.dir/src/tracking_path/normal_tool.cpp.o
[ 77%] Building CXX object indemind_clean_robot/CMakeFiles/path_planning.dir/src/tracking_path/to_scan_marker.cpp.o
[ 77%] Building CXX object indemind_clean_robot/CMakeFiles/path_planning.dir/src/tracking_path/track_plan.cpp.o
[ 78%] Building CXX object indemind_clean_robot/CMakeFiles/path_planning.dir/src/tracking_path/trpath_state.cpp.o
[ 78%] Building CXX object indemind_clean_robot/CMakeFiles/path_planning.dir/src/move_base/move_base.cpp.o
/root/workspace/workspace/test_control-planing-i18r-so-upload/i18r_robot/src/indemind_clean_robot/src/move_base/move_base.cpp: In member function â€˜void move_base::MoveBase::PlanThread()â€™:
/root/workspace/workspace/test_control-planing-i18r-so-upload/i18r_robot/src/indemind_clean_robot/src/move_base/move_base.cpp:914:44: error: â€˜NAV_ERCODE_PLANNER_TIME_OVER_120Sâ€™ is not a member of â€˜ErrorCode {aka swr::error_types::ErrorCode}â€™
                     nav::Now(), ErrorCode::NAV_ERCODE_PLANNER_TIME_OVER_120S, ErrorStatePub::ON));
                                            ^~~~~~~~~~~~~~~~~~~~~~~~~~~~~~~~~
/root/workspace/workspace/test_control-planing-i18r-so-upload/i18r_robot/src/indemind_clean_robot/src/move_base/move_base.cpp:916:44: error: â€˜NAV_ERCODE_PLANNER_TIME_OVER_120Sâ€™ is not a member of â€˜ErrorCode {aka swr::error_types::ErrorCode}â€™
                     nav::Now(), ErrorCode::NAV_ERCODE_PLANNER_TIME_OVER_120S, ErrorStatePub::OFF));
                                            ^~~~~~~~~~~~~~~~~~~~~~~~~~~~~~~~~
/root/workspace/workspace/test_control-planing-i18r-so-upload/i18r_robot/src/indemind_clean_robot/src/move_base/move_base.cpp:1009:48: error: â€˜NAV_ERCODE_PLANNER_PATH_LENGTH_OVER_30Mâ€™ is not a member of â€˜ErrorCode {aka swr::error_types::ErrorCode}â€™
                         nav::Now(), ErrorCode::NAV_ERCODE_PLANNER_PATH_LENGTH_OVER_30M, ErrorStatePub::ON));
                                                ^~~~~~~~~~~~~~~~~~~~~~~~~~~~~~~~~~~~~~~
/root/workspace/workspace/test_control-planing-i18r-so-upload/i18r_robot/src/indemind_clean_robot/src/move_base/move_base.cpp:1011:48: error: â€˜NAV_ERCODE_PLANNER_PATH_LENGTH_OVER_30Mâ€™ is not a member of â€˜ErrorCode {aka swr::error_types::ErrorCode}â€™
                         nav::Now(), ErrorCode::NAV_ERCODE_PLANNER_PATH_LENGTH_OVER_30M, ErrorStatePub::OFF));
                                                ^~~~~~~~~~~~~~~~~~~~~~~~~~~~~~~~~~~~~~~
[ 78%] Building CXX object indemind_clean_robot/CMakeFiles/path_planning.dir/src/ccpp_planner/bow/bow.cpp.o
[ 80%] Building CXX object indemind_clean_robot/CMakeFiles/path_planning.dir/src/ccpp_planner/bow/bow_planner.cpp.o
indemind_clean_robot/CMakeFiles/path_planning.dir/build.make:878: recipe for target 'indemind_clean_robot/CMakeFiles/path_planning.dir/src/move_base/move_base.cpp.o' failed
make[2]: *** [indemind_clean_robot/CMakeFiles/path_planning.dir/src/move_base/move_base.cpp.o] Error 1
make[2]: *** æ­£åœ¨ç­‰å¾…æœªå®Œæˆçš„ä»»åŠ¡....
CMakeFiles/Makefile2:8885: recipe for target 'indemind_clean_robot/CMakeFiles/path_planning.dir/all' failed
make[1]: *** [indemind_clean_robot/CMakeFiles/path_planning.dir/all] Error 2
make[1]: *** æ­£åœ¨ç­‰å¾…æœªå®Œæˆçš„ä»»åŠ¡....
[ 80%] Linking CXX shared library /root/workspace/workspace/test_control-planing-i18r-so-upload/i18r_robot/devel/lib/libteb_local_planner.so
[ 83%] Built target teb_local_planner
Makefile:140: recipe for target 'all' failed
make: *** [all] Error 2
Base path: /root/workspace/workspace/test_control-planing-i18r-so-upload/i18r_robot
Source space: /root/workspace/workspace/test_control-planing-i18r-so-upload/i18r_robot/src
Build space: /root/workspace/workspace/test_control-planing-i18r-so-upload/i18r_robot/build
Devel space: /root/workspace/workspace/test_control-planing-i18r-so-upload/i18r_robot/devel
Install space: /root/workspace/workspace/test_control-planing-i18r-so-upload/i18r_robot/install
####
#### Running command: "make cmake_check_build_system" in "/root/workspace/workspace/test_control-planing-i18r-so-upload/i18r_robot/build"
####
####
#### Running command: "make install -j5" in "/root/workspace/workspace/test_control-planing-i18r-so-upload/i18r_robot/build"
####
Invoking "make install -j5" failed
Build step 'Execute shell' marked build as failure
Email was triggered for: Failure - Any
Sending email for trigger: Failure - Any
Sending email to: qishanqing@indemind.cn wangshuaishuai@indemind.cn liuziwen@indemind.cn
Finished: FAILURE
