Started by user [8mha:////4MzersSP/9cKUovrzPMuoS/kLqxVF8zd8yb1BUJ8RGIAAAAAmh+LCAAAAAAAAP9b85aBtbiIQTGjNKU4P08vOT+vOD8nVc83PyU1x6OyILUoJzMv2y+/JJUBAhiZGBgqihhk0NSjKDWzXb3RdlLBUSYGJk8GtpzUvPSSDB8G5tKinBIGIZ+sxLJE/ZzEvHT94JKizLx0a6BxUmjGOUNodHsLgAzuEgYB/dLi1CL9nMzSXKDZQJMAv/Rqu8UAAAA=[0mliumengyang
Rebuilds build #[8mha:////4MF6lgUypqnofL/Iiz245oK/3I5M7YTVlVd3HbjzmkvBAAAAqR+LCAAAAAAAAP9b85aBtbiIQTGjNKU4P08vOT+vOD8nVc83PyU1x6OyILUoJzMv2y+/JJUBAhiZGBgqihhk0NSjKDWzXb3RdlLBUSYGJk8GtpzUvPSSDB8G5tKinBIGIZ+sxLJE/ZzEvHT94JKizLx0a6BxUmjGOUNodHsLgAzmEgZl/bLM1HL91Nyk1JTUFP2s/CT99NSiokpdmIihsQUAY1kqM9gAAAA=[0m138
Running as SYSTEM
Building remotely on [8mha:////4Mv+1wvIWl3OXIDGu6w3unSREX/fT0xpLFWon9eyySx4AAAAoR+LCAAAAAAAAP9b85aBtbiIQTGjNKU4P08vOT+vOD8nVc83PyU1x6OyILUoJzMv2y+/JJUBAhiZGBgqihhk0NSjKDWzXb3RdlLBUSYGJk8GtpzUvPSSDB8G5tKinBIGIZ+sxLJE/ZzEvHT94JKizLx0a6BxUmjGOUNodHsLgAzuEgZR/eT83ILSktQi/eyMxJTEYt3kxCJzAF4ra8rKAAAA[0mkhadas-car7 (car7) in workspace /root/workspace/workspace/gerry-embeded
[WS-CLEANUP] Clean-up disabled, skipping workspace deletion.
[gerry-embeded] $ /bin/sh -xe /tmp/jenkins4525264158506274068.sh
+ bash /root/myscript/build/build.sh
++ export MYSQL_PWD=123
++ MYSQL_PWD=123
++ export -f cmdb_mysql
+ . /root/myscript/build/../sh/version-update.sh
++ . /root/.bashrc
+++ '[' -z '' ']'
+++ return
+ set -ex
+ export -f public_project_update
+ export -f project_build
+ init_project_env
++ date +%Y%m%d
+ DT=20240815
+ UserName=jenkins
+ API_TOKEN=11b65309c9835de9579d9c9038853d9eb7
+ GIT_PRIVATE_TOKEN=emEDrsaJVjxKK5gSWrf-
+ GIT_HOST=192.168.50.191
++ awk -F/ '{print $1"%2F"$2}'
++ echo wukong/integration/embedded
+ CONVERT_TARGET_PROJECT=wukong%2Fintegration
++ python -c 'import sys, json; print(json.load(sys.stdin)["id"])'
/root/myscript/build/build.sh: line 15: python: command not found
++ curl -XGET -H 'Content-Type: application/json' --header 'PRIVATE-TOKEN: emEDrsaJVjxKK5gSWrf-' http://192.168.50.191:85/api/v4/projects/wukong%2Fintegration
  % Total    % Received % Xferd  Average Speed   Time    Time     Time  Current
                                 Dload  Upload   Total   Spent    Left  Speed
  0     0    0     0    0     0      0      0 --:--:-- --:--:-- --:--:--     0  0     0    0     0    0     0      0      0 --:--:-- --:--:-- --:--:--     0100    35  100    35    0     0     55      0 --:--:-- --:--:-- --:--:--    55
(23) Failed writing body
+ SUB_PROJECT_ID=
+ true
+ '[' -z ']'
+ SOURCE_DIR=/root/workspace/workspace/gerry-embeded/gerry
+ TARGET_DIR=/root/workspace/workspace/gerry-embeded/embedded
+ prepare_env
++ uname -m
+ system_platform=aarch64
+ :
++ wc -l
++ uniq
++ sort
++ grep processor
++ cat /proc/cpuinfo
+ mt=-j4
+ export COMMIT_ID_FILE=/root/workspace/workspace/gerry-embeded/_last_build_id
+ COMMIT_ID_FILE=/root/workspace/workspace/gerry-embeded/_last_build_id
+ export COMMIT_MSG_FILE=/root/workspace/workspace/gerry-embeded/_commit-msg
+ COMMIT_MSG_FILE=/root/workspace/workspace/gerry-embeded/_commit-msg
+ export COMMIT_MSG_FILE_TMP=/root/workspace/workspace/gerry-embeded/_commit-msg.tmp
+ COMMIT_MSG_FILE_TMP=/root/workspace/workspace/gerry-embeded/_commit-msg.tmp
+ rm -f /root/workspace/workspace/gerry-embeded/_last_build_id
+ rm -f /root/workspace/workspace/gerry-embeded/_commit-msg
+ rm -f /root/workspace/workspace/gerry-embeded/_commit-msg.tmp
+ rm -f /root/workspace/workspace/gerry-embeded/result.log
+ rm -f /root/workspace/workspace/gerry-embeded/no_code_change.log
+ sign_env
+ CONFIG_DIR_SET=/root/system
+ CONFIG_BRANCH=mind_os
+ CLONE_DEPTH=--depth=1
+ CONFIG_DIR=/root/system/i18rconfig
+ CONFIG_REMOTE='git clone ssh://git@192.168.50.191:222/AroundI18RProject/i18rconfig /root/system/i18rconfig -b mind_os --depth=1'
+ [[ aarch64 =~ x86_64 ]]
+ ENCRYPTION_TOOL=/root/system/i18rconfig/encrypt
+ CLONE_DEPTH=--depth=1
+ PUBLICBASETYPES_DIR=/root/system/I18RPublicBaseTypes
+ cmdb_mysql 'insert into prebuild(job_name,source_project,source_branch,target_project,target_branch,time,build_url,node_name,build_user) values ('\''gerry-embeded'\'','\''EmbeddedGroup/gerry/gerry'\'','\''master'\'','\''wukong/integration/embedded'\'','\''master'\'',now(),'\''http://192.168.50.191:8088/job/gerry-embeded/139/'\'','\''khadas-car7'\'','\''liumengang'\'')'
+ set +x
+ DOCKER_CONTAINER_I18=build-x64-18.04
+ DOCKER_CONTAINER_RUBBY=c405
+ DOCKER_CONTAINER_RUBBY_INSIDE=c3566
+ DOCKER_CONTAINER_JAVA=node
+ JENKINS_JOB_A=mind
+ JENKINS_JOB_B=rbn
+ JENKINS_JOB_C=mark-check-tools
+ JENKINS_JOB_D=java
+ JENKINS_JOB_E=clean_recorder
+ JENKINS_JOB_F=i18r
+ JENKINS_JOB_G=nodejs
+ JENKINS_JOB_H=_ui
+ JENKINS_JOB_L=i12r
+ [[ gerry-embeded =~ mind ]]
+ '[' false = false ']'
+ source_project_update
+ '[' -d /root/workspace/workspace/gerry-embeded/gerry ']'
+ pushd /root/workspace/workspace/gerry-embeded/gerry
~/workspace/workspace/gerry-embeded/gerry ~/workspace/workspace/gerry-embeded
+ git checkout ./
Updated 1 path from the index
+ git pull --rebase
From ssh://192.168.50.191:222/EmbeddedGroup/gerry/gerry
   f864a13..700d32b  master     -> origin/master
Updating f864a13..700d32b
Fast-forward
 sensor/nodes/sensor_plugin/SensorPlugin.cpp | 110 ++++++++++++++++++++--------
 1 file changed, 80 insertions(+), 30 deletions(-)
Current branch master is up to date.
+ popd
~/workspace/workspace/gerry-embeded
+ target_project_update
+ rm -rf /root/workspace/workspace/gerry-embeded/embedded
+ target_project_fetch
+ git clone ssh://git@192.168.50.191:222/wukong/integration/embedded -b master --depth=1
Cloning into 'embedded'...
+ insert_db
+ pushd /root/workspace/workspace/gerry-embeded/gerry
~/workspace/workspace/gerry-embeded/gerry ~/workspace/workspace/gerry-embeded
++ cmdb_mysql 'SELECT first_commit_id FROM prebuild where source_project='\''EmbeddedGroup/gerry/gerry'\'' and source_branch='\''master'\'' and target_project='\''wukong/integration/embedded'\'' and target_branch='\''master'\'' and status='\''0'\'' and job_name='\''gerry-embeded'\'' order by id desc limit 1;'
++ set +x
+ version='first_commit_id
f864a13'
++ awk -F ' ' '{print $2}'
++ echo first_commit_id f864a13
+ version=f864a13
++ git log -1 --pretty=format:%h
+ first_commit_id_now=700d32b
+ cmdb_mysql 'update prebuild set first_commit_id='\''700d32b'\'' where build_url='\''http://192.168.50.191:8088/job/gerry-embeded/139/'\'';'
+ set +x
+ popd
~/workspace/workspace/gerry-embeded
+ [[ aarch64 =~ x86_64 ]]
+ [[ gerry-embeded =~ i18r ]]
+ project_build
+ pushd /root/workspace/workspace/gerry-embeded/gerry
~/workspace/workspace/gerry-embeded/gerry ~/workspace/workspace/gerry-embeded
+ project_init_remote
++ find -type f -name sync_submodules.sh
+ sf=
+ '[' -z ']'
+ git submodule update --init --recursive
Submodule path 'messages': checked out '69314dfa9d94177a5dcb3b079447105f09915d80'
+ git submodule update --remote
Submodule path 'messages': checked out 'bff1fe1f2bfc59a9e117c166d6293d49bea44640'
+ sed -i 's/make -j[0-9].*/make -j4/g' build.sh
+ '[' -z ']'
+ '[' x700d32b == xf864a13 ']'
+ bash -ex build.sh
++ grep processor
++ wc -l
++ cat /proc/cpuinfo
+ NR=6
++ uname -m
+ PLATFORM=aarch64
+ echo 'now platform is aarch64 ...'
now platform is aarch64 ...
+ [[ 0 -gt 0 ]]
+ '[' aarch64 = x86_64 ']'
+ '[' aarch64 = aarch64 ']'
+ arm64_compile_arm64
+ '[' '!' -d build_arm64 ']'
+ cd build_arm64
+ cmake -DCOMPILE_FOR_SDK=OFF -DCROSS_COMPILE_ENABLE=OFF ..
LIBRARY_OUTPUT_PATH /root/workspace/workspace/gerry-embeded/gerry/install/lib/arm ..................
EXECUTABLE_OUTPUT_PATH /root/workspace/workspace/gerry-embeded/gerry/install/bin/arm .....................
-- BUILD_ROS_NODE=OFF
-- emb_common version is 1.0.3
-- imsee version is 1.0.3
-- KeyBoard version is 1.0.3
-- McuData version is 1.0.3
-- multimodule version is 1.0.3
-- sensorControl version is 1.0.3
third lib ---------/root/workspace/workspace/gerry-embeded/gerry/sensor/core/tof_module/third_lib/arm64
-- tof_module version is 1.0.3
-- sensor_plugin version is 1.0.3
-- test_plugin version is 1.0.3
-- sensor_subscriber_plugin version is 1.0.3
-- Configuring done
-- Generating done
-- Build files have been written to: /root/workspace/workspace/gerry-embeded/gerry/build_arm64
+ make -j6
[ 16%] Built target emb_common
[ 19%] Built target sensorControl
[ 22%] Built target KeyBoard
[ 26%] Built target monitor_node
[ 28%] Built target test_plugin
[ 30%] Built target sensor_subscriber_plugin
[ 59%] Built target imsee
[ 66%] Built target McuData
[ 69%] Built target multimodule
[ 72%] Built target multi_main
[ 97%] Built target tof_module
Scanning dependencies of target sensor_plugin
[ 98%] Building CXX object sensor/nodes/sensor_plugin/CMakeFiles/sensor_plugin.dir/SensorPlugin.cpp.o
/root/workspace/workspace/gerry-embeded/gerry/sensor/nodes/sensor_plugin/SensorPlugin.cpp: In member function â€˜void emb_node::SensorPlugin::WifiCheckThread()â€™:
/root/workspace/workspace/gerry-embeded/gerry/sensor/nodes/sensor_plugin/SensorPlugin.cpp:403:24: error: no matching function for call to â€˜std::__cxx11::basic_string<char>::basic_string(uint8_t*&)â€™
  403 |     std::string tmp(buf);
      |                        ^
In file included from /usr/include/c++/9/string:55,
                 from /usr/include/c++/9/bits/locale_classes.h:40,
                 from /usr/include/c++/9/bits/ios_base.h:41,
                 from /usr/include/c++/9/ios:42,
                 from /usr/include/c++/9/ostream:38,
                 from /usr/include/glog/logging.h:43,
                 from /root/workspace/workspace/gerry-embeded/gerry/sensor/nodes/sensor_plugin/SensorPlugin.cpp:1:
/usr/include/c++/9/bits/basic_string.h:654:2: note: candidate: â€˜template<class _Tp, class> std::__cxx11::basic_string<_CharT, _Traits, _Alloc>::basic_string(const _Tp&, const _Alloc&)â€™
  654 |  basic_string(const _Tp& __t, const _Alloc& __a = _Alloc())
      |  ^~~~~~~~~~~~
/usr/include/c++/9/bits/basic_string.h:654:2: note:   template argument deduction/substitution failed:
In file included from /usr/include/c++/9/bits/move.h:55,
                 from /usr/include/c++/9/bits/nested_exception.h:40,
                 from /usr/include/c++/9/exception:144,
                 from /usr/include/c++/9/ios:39,
                 from /usr/include/c++/9/ostream:38,
                 from /usr/include/glog/logging.h:43,
                 from /root/workspace/workspace/gerry-embeded/gerry/sensor/nodes/sensor_plugin/SensorPlugin.cpp:1:
/usr/include/c++/9/type_traits: In substitution of â€˜template<bool _Cond, class _Tp> using enable_if_t = typename std::enable_if::type [with bool _Cond = std::integral_constant<bool, false>::value; _Tp = void]â€™:
/usr/include/c++/9/bits/basic_string.h:121:8:   required by substitution of â€˜template<class _CharT, class _Traits, class _Alloc> template<class _Tp, class _Res> using _If_sv = std::enable_if_t<std::__and_<std::is_convertible<const _Tp&, std::basic_string_view<_CharT, _Traits> >, std::__not_<std::is_convertible<const _Tp*, const std::__cxx11::basic_string<_CharT, _Traits, _Alloc>*> >, std::__not_<std::is_convertible<const _Tp&, const _CharT*> > >::value, _Res> [with _Tp = unsigned char*; _Res = void; _CharT = char; _Traits = std::char_traits<char>; _Alloc = std::allocator<char>]â€™
/usr/include/c++/9/bits/basic_string.h:652:30:   required from here
/usr/include/c++/9/type_traits:2378:11: error: no type named â€˜typeâ€™ in â€˜struct std::enable_if<false, void>â€™
 2378 |     using enable_if_t = typename enable_if<_Cond, _Tp>::type;
      |           ^~~~~~~~~~~
In file included from /usr/include/c++/9/string:55,
                 from /usr/include/c++/9/bits/locale_classes.h:40,
                 from /usr/include/c++/9/bits/ios_base.h:41,
                 from /usr/include/c++/9/ios:42,
                 from /usr/include/c++/9/ostream:38,
                 from /usr/include/glog/logging.h:43,
                 from /root/workspace/workspace/gerry-embeded/gerry/sensor/nodes/sensor_plugin/SensorPlugin.cpp:1:
/usr/include/c++/9/bits/basic_string.h:643:2: note: candidate: â€˜template<class _Tp, class> std::__cxx11::basic_string<_CharT, _Traits, _Alloc>::basic_string(const _Tp&, std::__cxx11::basic_string<_CharT, _Traits, _Alloc>::size_type, std::__cxx11::basic_string<_CharT, _Traits, _Alloc>::size_type, const _Alloc&)â€™
  643 |  basic_string(const _Tp& __t, size_type __pos, size_type __n,
      |  ^~~~~~~~~~~~
/usr/include/c++/9/bits/basic_string.h:643:2: note:   template argument deduction/substitution failed:
/root/workspace/workspace/gerry-embeded/gerry/sensor/nodes/sensor_plugin/SensorPlugin.cpp:403:24: note:   candidate expects 4 arguments, 1 provided
  403 |     std::string tmp(buf);
      |                        ^
In file included from /usr/include/c++/9/string:55,
                 from /usr/include/c++/9/bits/locale_classes.h:40,
                 from /usr/include/c++/9/bits/ios_base.h:41,
                 from /usr/include/c++/9/ios:42,
                 from /usr/include/c++/9/ostream:38,
                 from /usr/include/glog/logging.h:43,
                 from /root/workspace/workspace/gerry-embeded/gerry/sensor/nodes/sensor_plugin/SensorPlugin.cpp:1:
/usr/include/c++/9/bits/basic_string.h:629:9: note: candidate: â€˜template<class _InputIterator, class> std::__cxx11::basic_string<_CharT, _Traits, _Alloc>::basic_string(_InputIterator, _InputIterator, const _Alloc&)â€™
  629 |         basic_string(_InputIterator __beg, _InputIterator __end,
      |         ^~~~~~~~~~~~
/usr/include/c++/9/bits/basic_string.h:629:9: note:   template argument deduction/substitution failed:
/root/workspace/workspace/gerry-embeded/gerry/sensor/nodes/sensor_plugin/SensorPlugin.cpp:403:24: note:   candidate expects 3 arguments, 1 provided
  403 |     std::string tmp(buf);
      |                        ^
In file included from /usr/include/c++/9/string:55,
                 from /usr/include/c++/9/bits/locale_classes.h:40,
                 from /usr/include/c++/9/bits/ios_base.h:41,
                 from /usr/include/c++/9/ios:42,
                 from /usr/include/c++/9/ostream:38,
                 from /usr/include/glog/logging.h:43,
                 from /root/workspace/workspace/gerry-embeded/gerry/sensor/nodes/sensor_plugin/SensorPlugin.cpp:1:
/usr/include/c++/9/bits/basic_string.h:591:7: note: candidate: â€˜std::__cxx11::basic_string<_CharT, _Traits, _Alloc>::basic_string(std::__cxx11::basic_string<_CharT, _Traits, _Alloc>&&, const _Alloc&) [with _CharT = char; _Traits = std::char_traits<char>; _Alloc = std::allocator<char>]â€™
  591 |       basic_string(basic_string&& __str, const _Alloc& __a)
      |       ^~~~~~~~~~~~
/usr/include/c++/9/bits/basic_string.h:591:7: note:   candidate expects 2 arguments, 1 provided
/usr/include/c++/9/bits/basic_string.h:587:7: note: candidate: â€˜std::__cxx11::basic_string<_CharT, _Traits, _Alloc>::basic_string(const std::__cxx11::basic_string<_CharT, _Traits, _Alloc>&, const _Alloc&) [with _CharT = char; _Traits = std::char_traits<char>; _Alloc = std::allocator<char>]â€™
  587 |       basic_string(const basic_string& __str, const _Alloc& __a)
      |       ^~~~~~~~~~~~
/usr/include/c++/9/bits/basic_string.h:587:7: note:   candidate expects 2 arguments, 1 provided
/usr/include/c++/9/bits/basic_string.h:583:7: note: candidate: â€˜std::__cxx11::basic_string<_CharT, _Traits, _Alloc>::basic_string(std::initializer_list<_Tp>, const _Alloc&) [with _CharT = char; _Traits = std::char_traits<char>; _Alloc = std::allocator<char>]â€™
  583 |       basic_string(initializer_list<_CharT> __l, const _Alloc& __a = _Alloc())
      |       ^~~~~~~~~~~~
/usr/include/c++/9/bits/basic_string.h:583:45: note:   no known conversion for argument 1 from â€˜uint8_t*â€™ {aka â€˜unsigned char*â€™} to â€˜std::initializer_list<char>â€™
  583 |       basic_string(initializer_list<_CharT> __l, const _Alloc& __a = _Alloc())
      |                    ~~~~~~~~~~~~~~~~~~~~~~~~~^~~
/usr/include/c++/9/bits/basic_string.h:556:7: note: candidate: â€˜std::__cxx11::basic_string<_CharT, _Traits, _Alloc>::basic_string(std::__cxx11::basic_string<_CharT, _Traits, _Alloc>&&) [with _CharT = char; _Traits = std::char_traits<char>; _Alloc = std::allocator<char>]â€™
  556 |       basic_string(basic_string&& __str) noexcept
      |       ^~~~~~~~~~~~
/usr/include/c++/9/bits/basic_string.h:556:35: note:   no known conversion for argument 1 from â€˜uint8_t*â€™ {aka â€˜unsigned char*â€™} to â€˜std::__cxx11::basic_string<char>&&â€™
  556 |       basic_string(basic_string&& __str) noexcept
      |                    ~~~~~~~~~~~~~~~^~~~~
/usr/include/c++/9/bits/basic_string.h:544:7: note: candidate: â€˜template<class> std::__cxx11::basic_string<_CharT, _Traits, _Alloc>::basic_string(std::__cxx11::basic_string<_CharT, _Traits, _Alloc>::size_type, _CharT, const _Alloc&)â€™
  544 |       basic_string(size_type __n, _CharT __c, const _Alloc& __a = _Alloc())
      |       ^~~~~~~~~~~~
/usr/include/c++/9/bits/basic_string.h:544:7: note:   template argument deduction/substitution failed:
/root/workspace/workspace/gerry-embeded/gerry/sensor/nodes/sensor_plugin/SensorPlugin.cpp:403:24: note:   candidate expects 3 arguments, 1 provided
  403 |     std::string tmp(buf);
      |                        ^
In file included from /usr/include/c++/9/string:55,
                 from /usr/include/c++/9/bits/locale_classes.h:40,
                 from /usr/include/c++/9/bits/ios_base.h:41,
                 from /usr/include/c++/9/ios:42,
                 from /usr/include/c++/9/ostream:38,
                 from /usr/include/glog/logging.h:43,
                 from /root/workspace/workspace/gerry-embeded/gerry/sensor/nodes/sensor_plugin/SensorPlugin.cpp:1:
/usr/include/c++/9/bits/basic_string.h:529:7: note: candidate: â€˜template<class> std::__cxx11::basic_string<_CharT, _Traits, _Alloc>::basic_string(const _CharT*, const _Alloc&)â€™
  529 |       basic_string(const _CharT* __s, const _Alloc& __a = _Alloc())
      |       ^~~~~~~~~~~~
/usr/include/c++/9/bits/basic_string.h:529:7: note:   template argument deduction/substitution failed:
/root/workspace/workspace/gerry-embeded/gerry/sensor/nodes/sensor_plugin/SensorPlugin.cpp:403:21: note:   cannot convert â€˜bufâ€™ (type â€˜uint8_t*â€™ {aka â€˜unsigned char*â€™}) to type â€˜const char*â€™
  403 |     std::string tmp(buf);
      |                     ^~~
In file included from /usr/include/c++/9/string:55,
                 from /usr/include/c++/9/bits/locale_classes.h:40,
                 from /usr/include/c++/9/bits/ios_base.h:41,
                 from /usr/include/c++/9/ios:42,
                 from /usr/include/c++/9/ostream:38,
                 from /usr/include/glog/logging.h:43,
                 from /root/workspace/workspace/gerry-embeded/gerry/sensor/nodes/sensor_plugin/SensorPlugin.cpp:1:
/usr/include/c++/9/bits/basic_string.h:514:7: note: candidate: â€˜std::__cxx11::basic_string<_CharT, _Traits, _Alloc>::basic_string(const _CharT*, std::__cxx11::basic_string<_CharT, _Traits, _Alloc>::size_type, const _Alloc&) [with _CharT = char; _Traits = std::char_traits<char>; _Alloc = std::allocator<char>; std::__cxx11::basic_string<_CharT, _Traits, _Alloc>::size_type = long unsigned int]â€™
  514 |       basic_string(const _CharT* __s, size_type __n,
      |       ^~~~~~~~~~~~
/usr/include/c++/9/bits/basic_string.h:514:7: note:   candidate expects 3 arguments, 1 provided
/usr/include/c++/9/bits/basic_string.h:496:7: note: candidate: â€˜std::__cxx11::basic_string<_CharT, _Traits, _Alloc>::basic_string(const std::__cxx11::basic_string<_CharT, _Traits, _Alloc>&, std::__cxx11::basic_string<_CharT, _Traits, _Alloc>::size_type, std::__cxx11::basic_string<_CharT, _Traits, _Alloc>::size_type, const _Alloc&) [with _CharT = char; _Traits = std::char_traits<char>; _Alloc = std::allocator<char>; std::__cxx11::basic_string<_CharT, _Traits, _Alloc>::size_type = long unsigned int]â€™
  496 |       basic_string(const basic_string& __str, size_type __pos,
      |       ^~~~~~~~~~~~
/usr/include/c++/9/bits/basic_string.h:496:7: note:   candidate expects 4 arguments, 1 provided
/usr/include/c++/9/bits/basic_string.h:480:7: note: candidate: â€˜std::__cxx11::basic_string<_CharT, _Traits, _Alloc>::basic_string(const std::__cxx11::basic_string<_CharT, _Traits, _Alloc>&, std::__cxx11::basic_string<_CharT, _Traits, _Alloc>::size_type, std::__cxx11::basic_string<_CharT, _Traits, _Alloc>::size_type) [with _CharT = char; _Traits = std::char_traits<char>; _Alloc = std::allocator<char>; std::__cxx11::basic_string<_CharT, _Traits, _Alloc>::size_type = long unsigned int]â€™
  480 |       basic_string(const basic_string& __str, size_type __pos,
      |       ^~~~~~~~~~~~
/usr/include/c++/9/bits/basic_string.h:480:7: note:   candidate expects 3 arguments, 1 provided
/usr/include/c++/9/bits/basic_string.h:465:7: note: candidate: â€˜std::__cxx11::basic_string<_CharT, _Traits, _Alloc>::basic_string(const std::__cxx11::basic_string<_CharT, _Traits, _Alloc>&, std::__cxx11::basic_string<_CharT, _Traits, _Alloc>::size_type, const _Alloc&) [with _CharT = char; _Traits = std::char_traits<char>; _Alloc = std::allocator<char>; std::__cxx11::basic_string<_CharT, _Traits, _Alloc>::size_type = long unsigned int]â€™
  465 |       basic_string(const basic_string& __str, size_type __pos,
      |       ^~~~~~~~~~~~
/usr/include/c++/9/bits/basic_string.h:465:7: note:   candidate expects 3 arguments, 1 provided
/usr/include/c++/9/bits/basic_string.h:452:7: note: candidate: â€˜std::__cxx11::basic_string<_CharT, _Traits, _Alloc>::basic_string(const std::__cxx11::basic_string<_CharT, _Traits, _Alloc>&) [with _CharT = char; _Traits = std::char_traits<char>; _Alloc = std::allocator<char>]â€™
  452 |       basic_string(const basic_string& __str)
      |       ^~~~~~~~~~~~
/usr/include/c++/9/bits/basic_string.h:452:40: note:   no known conversion for argument 1 from â€˜uint8_t*â€™ {aka â€˜unsigned char*â€™} to â€˜const std::__cxx11::basic_string<char>&â€™
  452 |       basic_string(const basic_string& __str)
      |                    ~~~~~~~~~~~~~~~~~~~~^~~~~
/usr/include/c++/9/bits/basic_string.h:444:7: note: candidate: â€˜std::__cxx11::basic_string<_CharT, _Traits, _Alloc>::basic_string(const _Alloc&) [with _CharT = char; _Traits = std::char_traits<char>; _Alloc = std::allocator<char>]â€™
  444 |       basic_string(const _Alloc& __a) _GLIBCXX_NOEXCEPT
      |       ^~~~~~~~~~~~
/usr/include/c++/9/bits/basic_string.h:444:34: note:   no known conversion for argument 1 from â€˜uint8_t*â€™ {aka â€˜unsigned char*â€™} to â€˜const std::allocator<char>&â€™
  444 |       basic_string(const _Alloc& __a) _GLIBCXX_NOEXCEPT
      |                    ~~~~~~~~~~~~~~^~~
/usr/include/c++/9/bits/basic_string.h:435:7: note: candidate: â€˜std::__cxx11::basic_string<_CharT, _Traits, _Alloc>::basic_string() [with _CharT = char; _Traits = std::char_traits<char>; _Alloc = std::allocator<char>]â€™
  435 |       basic_string()
      |       ^~~~~~~~~~~~
/usr/include/c++/9/bits/basic_string.h:435:7: note:   candidate expects 0 arguments, 1 provided
/usr/include/c++/9/bits/basic_string.h:149:7: note: candidate: â€˜std::__cxx11::basic_string<_CharT, _Traits, _Alloc>::basic_string(std::__cxx11::basic_string<_CharT, _Traits, _Alloc>::__sv_wrapper, const _Alloc&) [with _CharT = char; _Traits = std::char_traits<char>; _Alloc = std::allocator<char>]â€™
  149 |       basic_string(__sv_wrapper __svw, const _Alloc& __a)
      |       ^~~~~~~~~~~~
/usr/include/c++/9/bits/basic_string.h:149:7: note:   candidate expects 2 arguments, 1 provided
/root/workspace/workspace/gerry-embeded/gerry/sensor/nodes/sensor_plugin/SensorPlugin.cpp: In member function â€˜bool emb_node::SensorPlugin::TryToStaMode(std::map<std::__cxx11::basic_string<char>, std::__cxx11::basic_string<char> >&)â€™:
/root/workspace/workspace/gerry-embeded/gerry/sensor/nodes/sensor_plugin/SensorPlugin.cpp:419:5: error: â€˜retâ€™ was not declared in this scope
  419 |     ret = mModule->ConnectWifi(a.first, a.second);
      |     ^~~
/root/workspace/workspace/gerry-embeded/gerry/sensor/nodes/sensor_plugin/SensorPlugin.cpp:442:17: error: â€˜requestâ€™ was not declared in this scope
  442 |   for (auto a : request->wifiMap) {
      |                 ^~~~~~~
/root/workspace/workspace/gerry-embeded/gerry/sensor/nodes/sensor_plugin/SensorPlugin.cpp: In member function â€˜void emb_node::SensorPlugin::WifiSet(mind_os::ConstPtr<sensor_srvs::WifiConfigSrv::Request>&, mind_os::Ptr<sensor_srvs::WifiConfigSrv::Response>&)â€™:
/root/workspace/workspace/gerry-embeded/gerry/sensor/nodes/sensor_plugin/SensorPlugin.cpp:449:7: warning: unused variable â€˜retâ€™ [-Wunused-variable]
  449 |   int ret = 0;
      |       ^~~
/root/workspace/workspace/gerry-embeded/gerry/sensor/nodes/sensor_plugin/SensorPlugin.cpp:451:39: warning: statement will never be executed [-Wswitch-unreachable]
  451 |     response->timeStamp = GetSystimeUs();
      |                           ~~~~~~~~~~~~^~
make[2]: *** [sensor/nodes/sensor_plugin/CMakeFiles/sensor_plugin.dir/build.make:63: sensor/nodes/sensor_plugin/CMakeFiles/sensor_plugin.dir/SensorPlugin.cpp.o] Error 1
make[1]: *** [CMakeFiles/Makefile2:661: sensor/nodes/sensor_plugin/CMakeFiles/sensor_plugin.dir/all] Error 2
make: *** [Makefile:84: all] Error 2
Build step 'Execute shell' marked build as failure
Finished: FAILURE
