Started by user [8mha:////4FCKJYn7TntWy0E9yb5LbOYOQzMY6AUmHbbeMtYcoOkhAAAAmx+LCAAAAAAAAP9b85aBtbiIQTGjNKU4P08vOT+vOD8nVc83PyU1x6OyILUoJzMv2y+/JJUBAhiZGBgqihhk0NSjKDWzXb3RdlLBUSYGJk8GtpzUvPSSDB8G5tKinBIGIZ+sxLJE/ZzEvHT94JKizLx0a6BxUmjGOUNodHsLgAzmEgYB/dLi1CL9wszijMS8QqARAJgVRoDFAAAA[0mç¥å–„åº†
Running as SYSTEM
Building remotely on [8mha:////4Mv+1wvIWl3OXIDGu6w3unSREX/fT0xpLFWon9eyySx4AAAAoR+LCAAAAAAAAP9b85aBtbiIQTGjNKU4P08vOT+vOD8nVc83PyU1x6OyILUoJzMv2y+/JJUBAhiZGBgqihhk0NSjKDWzXb3RdlLBUSYGJk8GtpzUvPSSDB8G5tKinBIGIZ+sxLJE/ZzEvHT94JKizLx0a6BxUmjGOUNodHsLgAzuEgZR/eT83ILSktQi/eyMxJTEYt3kxCJzAF4ra8rKAAAA[0mkhadas-car7 (car7) in workspace /root/workspace/workspace/cafer-6601-embeded
[WS-CLEANUP] Deleting project workspace...
[WS-CLEANUP] Deferred wipeout is used...
[WS-CLEANUP] Done
[cafer-6601-embeded] $ /bin/sh -xe /tmp/jenkins11274529744716550323.sh
+ bash /root/myscript/build/build.sh
++ export MYSQL_PWD=123
++ MYSQL_PWD=123
++ export -f cmdb_mysql
+ set -ex
+ export -f public_project_update
+ export -f project_build
+ init_project_env
++ date +%Y%m%d
+ DT=20231201
+ UserName=jenkins
+ API_TOKEN=11b65309c9835de9579d9c9038853d9eb7
+ GIT_PRIVATE_TOKEN=emEDrsaJVjxKK5gSWrf-
+ GIT_HOST=192.168.50.191
++ awk -F/ '{print $1"%2F"$2}'
++ echo abby/integration/sensors
+ CONVERT_TARGET_PROJECT=abby%2Fintegration
++ python -c 'import sys, json; print(json.load(sys.stdin)["id"])'
/root/myscript/build/build.sh: line 14: python: command not found
++ curl -XGET -H 'Content-Type: application/json' --header 'PRIVATE-TOKEN: emEDrsaJVjxKK5gSWrf-' http://192.168.50.191:85/api/v4/projects/abby%2Fintegration
  % Total    % Received % Xferd  Average Speed   Time    Time     Time  Current
                                 Dload  Upload   Total   Spent    Left  Speed
  0     0    0     0    0     0      0      0 --:--:-- --:--:-- --:--:--     0100    35  100    35    0     0   1029      0 --:--:-- --:--:-- --:--:--  1029
(23) Failed writing body
+ SUB_PROJECT_ID=
+ true
+ '[' -z ']'
+ SOURCE_DIR=/root/workspace/workspace/cafer-6601-embeded/rubby_sensor_6601
+ TARGET_DIR=/root/workspace/workspace/cafer-6601-embeded/sensors
+ prepare_env
++ uname -m
+ system_platform=aarch64
+ :
++ wc -l
++ uniq
++ sort
++ grep processor
++ cat /proc/cpuinfo
+ mt=-j4
+ export COMMIT_ID_FILE=/root/workspace/workspace/cafer-6601-embeded/_last_build_id
+ COMMIT_ID_FILE=/root/workspace/workspace/cafer-6601-embeded/_last_build_id
+ export COMMIT_MSG_FILE=/root/workspace/workspace/cafer-6601-embeded/_commit-msg
+ COMMIT_MSG_FILE=/root/workspace/workspace/cafer-6601-embeded/_commit-msg
+ export COMMIT_MSG_FILE_TMP=/root/workspace/workspace/cafer-6601-embeded/_commit-msg.tmp
+ COMMIT_MSG_FILE_TMP=/root/workspace/workspace/cafer-6601-embeded/_commit-msg.tmp
+ rm -f /root/workspace/workspace/cafer-6601-embeded/_last_build_id
+ rm -f /root/workspace/workspace/cafer-6601-embeded/_commit-msg
+ rm -f /root/workspace/workspace/cafer-6601-embeded/_commit-msg.tmp
+ rm -f /root/workspace/workspace/cafer-6601-embeded/result.log
+ rm -f /root/workspace/workspace/cafer-6601-embeded/no_code_change.log
+ CLONE_DEPTH=--depth=1
+ PUBLICBASETYPES_DIR=/root/system/I18RPublicBaseTypes
+ cmdb_mysql 'insert into prebuild(job_name,source_project,source_branch,target_project,target_branch,time,build_url,node_name,build_user) values ('\''cafer-6601-embeded'\'','\''EmbeddedGroup/rubby_sensor_6601'\'','\''master'\'','\''abby/integration/sensors'\'','\''caffer_emb'\'',now(),'\''http://192.168.50.191:8088/job/cafer-6601-embeded/4/'\'','\''khadas-car7'\'','\''qishanqing'\'')'
+ set +x
+ DOCKER_CONTAINER_I18=build-x64-18.04
+ DOCKER_CONTAINER_RUBBY=c405
+ DOCKER_CONTAINER_RUBBY_INSIDE=c3566
+ DOCKER_CONTAINER_JAVA=node
+ JENKINS_JOB_A=mind
+ JENKINS_JOB_B=rbn
+ JENKINS_JOB_C=mark-check-tools
+ JENKINS_JOB_D=java
+ JENKINS_JOB_E=clean_recorder
+ JENKINS_JOB_F=i18r
+ JENKINS_JOB_G=nodejs
+ JENKINS_JOB_H=_ui
+ JENKINS_JOB_L=i12r
+ [[ cafer-6601-embeded =~ mind ]]
+ '[' true = false ']'
+ source_project_fetch
+ git clone ssh://git@192.168.50.191:222/EmbeddedGroup/rubby_sensor_6601 -b master --depth=1
Cloning into 'rubby_sensor_6601'...
+ target_project_update
+ rm -rf /root/workspace/workspace/cafer-6601-embeded/sensors
+ target_project_fetch
+ git clone ssh://git@192.168.50.191:222/abby/integration/sensors -b caffer_emb --depth=1
Cloning into 'sensors'...
+ insert_db
+ pushd /root/workspace/workspace/cafer-6601-embeded/rubby_sensor_6601
~/workspace/workspace/cafer-6601-embeded/rubby_sensor_6601 ~/workspace/workspace/cafer-6601-embeded
++ cmdb_mysql 'SELECT first_commit_id FROM prebuild where source_project='\''EmbeddedGroup/rubby_sensor_6601'\'' and source_branch='\''master'\'' and target_project='\''abby/integration/sensors'\'' and target_branch='\''caffer_emb'\'' and status='\''0'\'' and job_name='\''cafer-6601-embeded'\'' order by id desc limit 1;'
++ set +x
+ version=
++ awk -F ' ' '{print $2}'
++ echo
+ version=
++ git log -1 --pretty=format:%h
+ first_commit_id_now=354cbd4
+ cmdb_mysql 'update prebuild set first_commit_id='\''354cbd4'\'' where build_url='\''http://192.168.50.191:8088/job/cafer-6601-embeded/4/'\'';'
+ set +x
+ popd
~/workspace/workspace/cafer-6601-embeded
+ [[ aarch64 =~ x86_64 ]]
+ [[ cafer-6601-embeded =~ rbn ]]
+ [[ cafer-6601-embeded =~ mind ]]
+ public_project_update
+ rm -rf /root/system/I18RPublicBaseTypes
+ [[ cafer-6601-embeded =~ nodejs ]]
+ [[ cafer-6601-embeded =~ clean_recorder ]]
+ [[ cafer-6601-embeded =~ i18r ]]
+ public_i18rutilitysubmodule_update
+ pushd /root/system/i18rutilitysubmodule
~/system/i18rutilitysubmodule ~/workspace/workspace/cafer-6601-embeded
+ git checkout ./
Updated 0 paths from the index
+ git clean -xdf ./
+ git pull origin develop
From ssh://192.168.50.191:222/AroundI18RProject/i18rutilitysubmodule
 * branch            develop    -> FETCH_HEAD
Already up to date.
+ ./install.sh
+ popd
~/workspace/workspace/cafer-6601-embeded
+ project_build
+ pushd /root/workspace/workspace/cafer-6601-embeded/rubby_sensor_6601
~/workspace/workspace/cafer-6601-embeded/rubby_sensor_6601 ~/workspace/workspace/cafer-6601-embeded
+ project_init_remote
++ find -type f -name sync_submodules.sh
+ sf=
+ '[' -z ']'
+ git submodule update --init --recursive
Submodule 'abby_msg' (http://192.168.50.191:85/abby/source/abby_msg.git) registered for path 'abby_msg'
fatal: No url found for submodule path 'mind_os' in .gitmodules
+ git submodule update --remote
Cloning into '/root/workspace/workspace/cafer-6601-embeded/rubby_sensor_6601/abby_msg'...
fatal: could not read Username for 'http://192.168.50.191:85': No such device or address
fatal: clone of 'http://192.168.50.191:85/abby/source/abby_msg.git' into submodule path '/root/workspace/workspace/cafer-6601-embeded/rubby_sensor_6601/abby_msg' failed
Failed to clone 'abby_msg'. Retry scheduled
Cloning into '/root/workspace/workspace/cafer-6601-embeded/rubby_sensor_6601/abby_msg'...
fatal: could not read Username for 'http://192.168.50.191:85': No such device or address
fatal: clone of 'http://192.168.50.191:85/abby/source/abby_msg.git' into submodule path '/root/workspace/workspace/cafer-6601-embeded/rubby_sensor_6601/abby_msg' failed
Failed to clone 'abby_msg' a second time, aborting
+ true
+ sed -i 's/make -j[0-9].*/make -j4/g' build.sh
+ '[' -z ']'
+ '[' x354cbd4 == x ']'
+ bash -ex build.sh
++ wc -l
++ grep processor
++ cat /proc/cpuinfo
+ NR=6
++ uname -m
+ PLATFORM=aarch64
+ echo 'now platform is aarch64 ...'
now platform is aarch64 ...
+ [[ 0 -gt 0 ]]
+ '[' aarch64 = x86_64 ']'
+ '[' aarch64 = aarch64 ']'
+ arm64_compile_arm64
+ '[' '!' -d build_arm64 ']'
+ mkdir build_arm64
+ cd build_arm64
+ cmake -DCOMPILE_FOR_SDK=OFF -DCROSS_COMPILE_ENABLE=OFF ..
-- The C compiler identification is GNU 9.4.0
-- The CXX compiler identification is GNU 9.4.0
-- Check for working C compiler: /usr/bin/cc
-- Check for working C compiler: /usr/bin/cc -- works
-- Detecting C compiler ABI info
-- Detecting C compiler ABI info - done
-- Detecting C compile features
-- Detecting C compile features - done
-- Check for working CXX compiler: /usr/bin/c++
-- Check for working CXX compiler: /usr/bin/c++ -- works
-- Detecting CXX compiler ABI info
-- Detecting CXX compiler ABI info - done
-- Detecting CXX compile features
-- Detecting CXX compile features - done
LIBRARY_OUTPUT_PATH /root/workspace/workspace/cafer-6601-embeded/rubby_sensor_6601/install/lib/arm ..................
EXECUTABLE_OUTPUT_PATH /root/workspace/workspace/cafer-6601-embeded/rubby_sensor_6601/install/bin/arm .....................
-- BUILD_ROS_NODE=OFF
-- emb_common version is 1.0.2
-- Found OpenCV: /usr/local (found suitable version "3.4.3", minimum required is "3") 
-- imsee version is 1.0.2
-- KeyBoard version is 1.0.2
-- McuData version is 1.0.2
-- multimodule version is 1.0.2
-- sensorControl version is 1.0.2
-- sensor_plugin version is 1.0.2
-- test_plugin version is 1.0.2
-- sensor_subscriber_plugin version is 1.0.2
-- Configuring done
-- Generating done
CMake Warning:
  Manually-specified variables were not used by the project:

    COMPILE_FOR_SDK
    CROSS_COMPILE_ENABLE


-- Build files have been written to: /root/workspace/workspace/cafer-6601-embeded/rubby_sensor_6601/build_arm64
+ make -j6
Scanning dependencies of target emb_common
[  1%] Building CXX object sensor/core/common/CMakeFiles/emb_common.dir/ByteFifo.cpp.o
[  3%] Building CXX object sensor/core/common/CMakeFiles/emb_common.dir/common.cpp.o
[  4%] Building CXX object sensor/core/common/CMakeFiles/emb_common.dir/CRC16.cpp.o
[  8%] Building CXX object sensor/core/common/CMakeFiles/emb_common.dir/RobotDebug.cpp.o
[  8%] Building CXX object sensor/core/common/CMakeFiles/emb_common.dir/CRC32.cpp.o
[  9%] Building CXX object sensor/core/common/CMakeFiles/emb_common.dir/ThreadCpuSet.cpp.o
In file included from /root/workspace/workspace/cafer-6601-embeded/rubby_sensor_6601/sensor/core/common/RobotDebug.cpp:1:
/root/workspace/workspace/cafer-6601-embeded/rubby_sensor_6601/sensor/core/common/RobotDebug.hpp:5:10: fatal error: glog/logging.h: No such file or directory
    5 | #include <glog/logging.h>
      |          ^~~~~~~~~~~~~~~~
compilation terminated.
make[2]: *** [sensor/core/common/CMakeFiles/emb_common.dir/build.make:115: sensor/core/common/CMakeFiles/emb_common.dir/RobotDebug.cpp.o] Error 1
make[2]: *** Waiting for unfinished jobs....
In file included from /root/workspace/workspace/cafer-6601-embeded/rubby_sensor_6601/sensor/core/common/ByteFifo.cpp:9:
/root/workspace/workspace/cafer-6601-embeded/rubby_sensor_6601/sensor/core/common/RobotDebug.hpp:5:10: fatal error: glog/logging.h: No such file or directory
    5 | #include <glog/logging.h>
      |          ^~~~~~~~~~~~~~~~
compilation terminated.
make[2]: *** [sensor/core/common/CMakeFiles/emb_common.dir/build.make:63: sensor/core/common/CMakeFiles/emb_common.dir/ByteFifo.cpp.o] Error 1
make[1]: *** [CMakeFiles/Makefile2:375: sensor/core/common/CMakeFiles/emb_common.dir/all] Error 2
make: *** [Makefile:84: all] Error 2
Build step 'Execute shell' marked build as failure
Finished: FAILURE
