Started by user [8mha:////4MzersSP/9cKUovrzPMuoS/kLqxVF8zd8yb1BUJ8RGIAAAAAmh+LCAAAAAAAAP9b85aBtbiIQTGjNKU4P08vOT+vOD8nVc83PyU1x6OyILUoJzMv2y+/JJUBAhiZGBgqihhk0NSjKDWzXb3RdlLBUSYGJk8GtpzUvPSSDB8G5tKinBIGIZ+sxLJE/ZzEvHT94JKizLx0a6BxUmjGOUNodHsLgAzuEgYB/dLi1CL9nMzSXKDZQJMAv/Rqu8UAAAA=[0mliumengyang
Rebuilds build #[8mha:////4O6NUdr2j2DsTX0wyzFJZ8eFYBToK7fujZZrrrowbNL/AAAAsB+LCAAAAAAAAP9b85aBtbiIQTGjNKU4P08vOT+vOD8nVc83PyU1x6OyILUoJzMv2y+/JJUBAhiZGBgqihhk0NSjKDWzXb3RdlLBUSYGJk8GtpzUvPSSDB8G5tKinBIGIZ+sxLJE/ZzEvHT94JKizLx0a6BxUmjGOUNodHsLgAymEgYt/bLM1HL91Nyk1JTUFP2s/CT95MTc1KJE3dz8lNKc1HiYjIkRAEg214zfAAAA[0m42
Running as SYSTEM
Building remotely on [8mha:////4Mv+1wvIWl3OXIDGu6w3unSREX/fT0xpLFWon9eyySx4AAAAoR+LCAAAAAAAAP9b85aBtbiIQTGjNKU4P08vOT+vOD8nVc83PyU1x6OyILUoJzMv2y+/JJUBAhiZGBgqihhk0NSjKDWzXb3RdlLBUSYGJk8GtpzUvPSSDB8G5tKinBIGIZ+sxLJE/ZzEvHT94JKizLx0a6BxUmjGOUNodHsLgAzuEgZR/eT83ILSktQi/eyMxJTEYt3kxCJzAF4ra8rKAAAA[0mkhadas-car7 (car7) in workspace /root/workspace/workspace/camera-module_embeded
[WS-CLEANUP] Deleting project workspace...
[WS-CLEANUP] Deferred wipeout is used...
[WS-CLEANUP] Done
[camera-module_embeded] $ /bin/sh -xe /tmp/jenkins11955422846098552387.sh
+ bash /root/myscript/build/build.sh
++ export MYSQL_PWD=123
++ MYSQL_PWD=123
++ export -f cmdb_mysql
+ . /root/myscript/build/../sh/version-update.sh
++ . /root/.bashrc
+++ '[' -z '' ']'
+++ return
+ set -ex
+ export -f public_project_update
+ export -f project_build
+ init_project_env
++ date +%Y%m%d
+ DT=20241024
+ UserName=jenkins
+ API_TOKEN=11b65309c9835de9579d9c9038853d9eb7
+ GIT_PRIVATE_TOKEN=emEDrsaJVjxKK5gSWrf-
+ GIT_HOST=192.168.50.191
++ echo camera_module/sensor
++ awk -F/ '{print $1"%2F"$2}'
+ CONVERT_TARGET_PROJECT=camera_module%2Fsensor
++ curl -XGET -H 'Content-Type: application/json' --header 'PRIVATE-TOKEN: emEDrsaJVjxKK5gSWrf-' http://192.168.50.191:85/api/v4/projects/camera_module%2Fsensor
++ python -c 'import sys, json; print(json.load(sys.stdin)["id"])'
/root/myscript/build/build.sh: line 15: python: command not found
  % Total    % Received % Xferd  Average Speed   Time    Time     Time  Current
                                 Dload  Upload   Total   Spent    Left  Speed
  0     0    0     0    0     0      0      0 --:--:-- --:--:-- --:--:--     0100  3155    0  3155    0     0  34670      0 --:--:-- --:--:-- --:--:-- 34670
(23) Failed writing body
+ SUB_PROJECT_ID=
+ true
+ '[' -z ']'
+ SOURCE_DIR=/root/workspace/workspace/camera-module_embeded/rubby_sensor_6601
+ TARGET_DIR=/root/workspace/workspace/camera-module_embeded/sensor
+ prepare_env
++ uname -m
+ system_platform=aarch64
+ :
++ cat /proc/cpuinfo
++ grep processor
++ sort
++ uniq
++ wc -l
+ mt=-j4
+ export COMMIT_ID_FILE=/root/workspace/workspace/camera-module_embeded/_last_build_id
+ COMMIT_ID_FILE=/root/workspace/workspace/camera-module_embeded/_last_build_id
+ export COMMIT_MSG_FILE=/root/workspace/workspace/camera-module_embeded/_commit-msg
+ COMMIT_MSG_FILE=/root/workspace/workspace/camera-module_embeded/_commit-msg
+ export COMMIT_MSG_FILE_TMP=/root/workspace/workspace/camera-module_embeded/_commit-msg.tmp
+ COMMIT_MSG_FILE_TMP=/root/workspace/workspace/camera-module_embeded/_commit-msg.tmp
+ rm -f /root/workspace/workspace/camera-module_embeded/_last_build_id
+ rm -f /root/workspace/workspace/camera-module_embeded/_commit-msg
+ rm -f /root/workspace/workspace/camera-module_embeded/_commit-msg.tmp
+ rm -f /root/workspace/workspace/camera-module_embeded/result.log
+ rm -f /root/workspace/workspace/camera-module_embeded/no_code_change.log
+ sign_env
+ CONFIG_DIR_SET=/root/system
+ CONFIG_BRANCH=mind_os
+ CLONE_DEPTH=--depth=1
+ CONFIG_DIR=/root/system/i18rconfig
+ CONFIG_REMOTE='git clone ssh://git@192.168.50.191:222/AroundI18RProject/i18rconfig /root/system/i18rconfig -b mind_os --depth=1'
+ [[ aarch64 =~ x86_64 ]]
+ ENCRYPTION_TOOL=/root/system/i18rconfig/encrypt
+ CLONE_DEPTH=--depth=1
+ PUBLICBASETYPES_DIR=/root/system/I18RPublicBaseTypes
+ cmdb_mysql 'insert into prebuild(job_name,source_project,source_branch,target_project,target_branch,time,build_url,node_name,build_user) values ('\''camera-module_embeded'\'','\''EmbeddedGroup/rubby_sensor_6601'\'','\''module_x_line_laser_bg10'\'','\''camera_module/sensor'\'','\''module_x_line_laser_midea'\'',now(),'\''http://192.168.50.191:8088/job/camera-module_embeded/43/'\'','\''khadas-car7'\'','\''liumengang'\'')'
+ set +x
+ DOCKER_CONTAINER_I18=build-x64-18.04
+ DOCKER_CONTAINER_RUBBY=c405
+ DOCKER_CONTAINER_RUBBY_INSIDE=c3566
+ DOCKER_CONTAINER_JAVA=node
+ JENKINS_JOB_A=mind
+ JENKINS_JOB_B=rbn
+ JENKINS_JOB_C=mark-check-tools
+ JENKINS_JOB_D=java
+ JENKINS_JOB_E=clean_recorder
+ JENKINS_JOB_F=i18r
+ JENKINS_JOB_G=nodejs
+ JENKINS_JOB_H=_ui
+ JENKINS_JOB_L=i12r
+ [[ camera-module_embeded =~ mind ]]
+ '[' true = false ']'
+ source_project_fetch
+ git clone ssh://git@192.168.50.191:222/EmbeddedGroup/rubby_sensor_6601 -b module_x_line_laser_bg10 --depth=1
Cloning into 'rubby_sensor_6601'...
+ target_project_update
+ rm -rf /root/workspace/workspace/camera-module_embeded/sensor
+ target_project_fetch
+ git clone ssh://git@192.168.50.191:222/camera_module/sensor -b module_x_line_laser_midea --depth=1
Cloning into 'sensor'...
+ insert_db
+ pushd /root/workspace/workspace/camera-module_embeded/rubby_sensor_6601
~/workspace/workspace/camera-module_embeded/rubby_sensor_6601 ~/workspace/workspace/camera-module_embeded
++ cmdb_mysql 'SELECT first_commit_id FROM prebuild where source_project='\''EmbeddedGroup/rubby_sensor_6601'\'' and source_branch='\''module_x_line_laser_bg10'\'' and target_project='\''camera_module/sensor'\'' and target_branch='\''module_x_line_laser_midea'\'' and status='\''0'\'' and job_name='\''camera-module_embeded'\'' order by id desc limit 1;'
++ set +x
+ version='first_commit_id
f687ca2'
++ awk -F ' ' '{print $2}'
++ echo first_commit_id f687ca2
+ version=f687ca2
++ git log -1 --pretty=format:%h
+ first_commit_id_now=c5ac896
+ cmdb_mysql 'update prebuild set first_commit_id='\''c5ac896'\'' where build_url='\''http://192.168.50.191:8088/job/camera-module_embeded/43/'\'';'
+ set +x
+ popd
~/workspace/workspace/camera-module_embeded
+ [[ aarch64 =~ x86_64 ]]
+ [[ camera-module_embeded =~ i18r ]]
+ project_build
+ pushd /root/workspace/workspace/camera-module_embeded/rubby_sensor_6601
~/workspace/workspace/camera-module_embeded/rubby_sensor_6601 ~/workspace/workspace/camera-module_embeded
+ project_init_remote
++ find -type f -name sync_submodules.sh
+ sf=
+ '[' -z ']'
+ git submodule update --init --recursive
Submodule 'abby_msg' (http://192.168.50.191:85/abby/source/abby_msg.git) registered for path 'abby_msg'
Submodule 'mind_os' (ssh://git@192.168.50.191:222/mind_os/mind_os.git) registered for path 'mind_os'
Cloning into '/root/workspace/workspace/camera-module_embeded/rubby_sensor_6601/abby_msg'...
Cloning into '/root/workspace/workspace/camera-module_embeded/rubby_sensor_6601/mind_os'...
Submodule path 'abby_msg': checked out '8b9d64b7cac8bba739584d03937ba5212e1a4636'
Submodule path 'mind_os': checked out '869774fe4b69602997f94f4785646bf43cae839b'
+ git submodule update --remote
Submodule path 'abby_msg': checked out '80a3cf0ab25650d2fb4c59079264905006c191ea'
Submodule path 'mind_os': checked out '64722e8e6e6104e33f5e71370668741d31203b50'
+ sed -i 's/make -j[0-9].*/make -j4/g' build.sh
+ '[' -z ']'
+ '[' xc5ac896 == xf687ca2 ']'
+ bash -ex build.sh
++ wc -l
++ grep processor
++ cat /proc/cpuinfo
+ NR=6
++ uname -m
+ PLATFORM=aarch64
+ echo 'now platform is aarch64 ...'
now platform is aarch64 ...
+ [[ 0 -gt 0 ]]
+ '[' aarch64 = x86_64 ']'
+ '[' aarch64 = aarch64 ']'
+ arm64_compile_arm64
+ '[' '!' -d build_arm64 ']'
+ mkdir build_arm64
+ cd build_arm64
+ cmake -DCOMPILE_FOR_SDK=OFF -DCROSS_COMPILE_ENABLE=OFF ..
-- The C compiler identification is GNU 9.4.0
-- The CXX compiler identification is GNU 9.4.0
-- Check for working C compiler: /usr/bin/cc
-- Check for working C compiler: /usr/bin/cc -- works
-- Detecting C compiler ABI info
-- Detecting C compiler ABI info - done
-- Detecting C compile features
-- Detecting C compile features - done
-- Check for working CXX compiler: /usr/bin/c++
-- Check for working CXX compiler: /usr/bin/c++ -- works
-- Detecting CXX compiler ABI info
-- Detecting CXX compiler ABI info - done
-- Detecting CXX compile features
-- Detecting CXX compile features - done
LIBRARY_OUTPUT_PATH /root/workspace/workspace/camera-module_embeded/rubby_sensor_6601/install/lib/arm ..................
EXECUTABLE_OUTPUT_PATH /root/workspace/workspace/camera-module_embeded/rubby_sensor_6601/install/bin/arm .....................
-- BUILD_ROS_NODE=OFF
-- emb_common version is 1.0.2
-- Found OpenCV: /usr/local (found suitable version "3.4.3", minimum required is "3") 
-- imsee version is 1.0.2
-- sensor_plugin version is 1.0.2
-- sensor_subscriber_plugin version is 1.0.2
-- Configuring done
-- Generating done
CMake Warning:
  Manually-specified variables were not used by the project:

    COMPILE_FOR_SDK
    CROSS_COMPILE_ENABLE


-- Build files have been written to: /root/workspace/workspace/camera-module_embeded/rubby_sensor_6601/build_arm64
+ make -j6
Scanning dependencies of target emb_common
Scanning dependencies of target imsee
[  5%] Building CXX object sensor/core/common/CMakeFiles/emb_common.dir/common.cpp.o
[ 11%] Building CXX object sensor/core/common/CMakeFiles/emb_common.dir/RobotDebug.cpp.o
[ 16%] Building CXX object sensor/core/common/CMakeFiles/emb_common.dir/ThreadMsgQueue.cpp.o
[ 22%] Building CXX object sensor/core/common/CMakeFiles/emb_common.dir/ThreadCpuSet.cpp.o
[ 33%] Building CXX object sensor/core/common/CMakeFiles/emb_common.dir/MsgQueue.cpp.o
[ 33%] Building CXX object sensor/core/imsee/src/CMakeFiles/imsee.dir/ImseeModule.cpp.o
[ 38%] Building CXX object sensor/core/common/CMakeFiles/emb_common.dir/ConfigYaml.cpp.o
[ 44%] Building CXX object sensor/core/common/CMakeFiles/emb_common.dir/md5.cpp.o
[ 50%] Building CXX object sensor/core/common/CMakeFiles/emb_common.dir/md5file.cpp.o
[ 55%] Building CXX object sensor/core/imsee/src/CMakeFiles/imsee.dir/imsee.cpp.o
[ 61%] Linking CXX shared library ../../../../install/lib/arm/libemb_common.so
[ 61%] Built target emb_common
Scanning dependencies of target sensor_subscriber_plugin
[ 66%] Building CXX object sensor/nodes/sensor_subscriber_plugin/CMakeFiles/sensor_subscriber_plugin.dir/sensor_subscriber.cpp.o
/root/workspace/workspace/camera-module_embeded/rubby_sensor_6601/sensor/core/imsee/src/ImseeModule.cpp: In static member function â€˜static imsee_module::ImseeModule* imsee_module::ImseeModule::Create(std::string)â€™:
/root/workspace/workspace/camera-module_embeded/rubby_sensor_6601/sensor/core/imsee/src/ImseeModule.cpp:31:26: warning: unused variable â€˜configFileâ€™ [-Wunused-variable]
   31 |   YAMLConfig::ConfigFile configFile;
      |                          ^~~~~~~~~~
/root/workspace/workspace/camera-module_embeded/rubby_sensor_6601/sensor/core/imsee/src/imsee.cpp: In member function â€˜void imsee_module::IMSEE::IrImgPublishThread()â€™:
/root/workspace/workspace/camera-module_embeded/rubby_sensor_6601/sensor/core/imsee/src/imsee.cpp:656:29: warning: format â€˜%luâ€™ expects argument of type â€˜long unsigned intâ€™, but argument 3 has type â€˜uint32_tâ€™ {aka â€˜unsigned intâ€™} [-Wformat=]
  656 |       sprintf(name, "dust/%lu_e-%u_g-%u_b-%f.png", sharedData.sequence, sharedData.expo, sharedData.gain, sharedData.imgBrightness);
      |                           ~~^                      ~~~~~~~~~~~~~~~~~~~
      |                             |                                 |
      |                             long unsigned int                 uint32_t {aka unsigned int}
      |                           %u
/root/workspace/workspace/camera-module_embeded/rubby_sensor_6601/sensor/core/imsee/src/imsee.cpp:658:41: error: no match for call to â€˜(std::function<void(sensor_msgs::ImgMsg&, imsee_module::Img_type)>) (std::shared_ptr<sensor_msgs::ImgMsg>&, imsee_module::Img_type)â€™
  658 |         pImageCB(pDustMsg, IMG_TYPE_DUST);
      |                                         ^
In file included from /usr/include/c++/9/functional:59,
                 from /usr/local/include/boost/smart_ptr/detail/shared_count.hpp:38,
                 from /usr/local/include/boost/smart_ptr/shared_ptr.hpp:28,
                 from /usr/local/include/boost/shared_ptr.hpp:17,
                 from /usr/local/include/yaml-cpp/node/ptr.h:11,
                 from /usr/local/include/yaml-cpp/node/node.h:16,
                 from /root/workspace/workspace/camera-module_embeded/rubby_sensor_6601/sensor/core/imsee/src/imsee.hpp:4,
                 from /root/workspace/workspace/camera-module_embeded/rubby_sensor_6601/sensor/core/imsee/src/imsee.cpp:1:
/usr/include/c++/9/bits/std_function.h:683:5: note: candidate: â€˜_Res std::function<_Res(_ArgTypes ...)>::operator()(_ArgTypes ...) const [with _Res = void; _ArgTypes = {sensor_msgs::ImgMsg&, imsee_module::Img_type}]â€™
  683 |     function<_Res(_ArgTypes...)>::
      |     ^~~~~~~~~~~~~~~~~~~~~~~~~~~~
/usr/include/c++/9/bits/std_function.h:684:25: note:   no known conversion for argument 1 from â€˜std::shared_ptr<sensor_msgs::ImgMsg>â€™ to â€˜sensor_msgs::ImgMsg&â€™
  684 |     operator()(_ArgTypes... __args) const
      |                ~~~~~~~~~^~~~~~~~~~
/root/workspace/workspace/camera-module_embeded/rubby_sensor_6601/sensor/core/imsee/src/imsee.cpp:665:30: warning: format â€˜%luâ€™ expects argument of type â€˜long unsigned intâ€™, but argument 3 has type â€˜uint32_tâ€™ {aka â€˜unsigned intâ€™} [-Wformat=]
  665 |       sprintf(name, "laser/%lu_e-%u_g-%u_b-%f.png", sharedData.sequence, sharedData.expo, sharedData.gain, sharedData.imgBrightness);
      |                            ~~^                      ~~~~~~~~~~~~~~~~~~~
      |                              |                                 |
      |                              long unsigned int                 uint32_t {aka unsigned int}
      |                            %u
/root/workspace/workspace/camera-module_embeded/rubby_sensor_6601/sensor/core/imsee/src/imsee.cpp:631:14: warning: unused variable â€˜time0â€™ [-Wunused-variable]
  631 |     uint64_t time0 = GetSystimeMs();
      |              ^~~~~
/root/workspace/workspace/camera-module_embeded/rubby_sensor_6601/sensor/core/imsee/src/imsee.cpp: In member function â€˜void imsee_module::IMSEE::IrImgRecieveThread()â€™:
/root/workspace/workspace/camera-module_embeded/rubby_sensor_6601/sensor/core/imsee/src/imsee.cpp:783:35: warning: comparison of integer expressions of different signedness: â€˜uint32_tâ€™ {aka â€˜unsigned intâ€™} and â€˜intâ€™ [-Wsign-compare]
  783 |       if (sharedData.sequence % 5 == C_MOD) {
      |           ~~~~~~~~~~~~~~~~~~~~~~~~^~~~~~~~
/root/workspace/workspace/camera-module_embeded/rubby_sensor_6601/sensor/core/imsee/src/imsee.cpp:847:33: warning: comparison of integer expressions of different signedness: â€˜uint32_tâ€™ {aka â€˜unsigned intâ€™} and â€˜intâ€™ [-Wsign-compare]
  847 |     if (sharedData.sequence % 5 == C_MOD) {
      |         ~~~~~~~~~~~~~~~~~~~~~~~~^~~~~~~~
/root/workspace/workspace/camera-module_embeded/rubby_sensor_6601/sensor/core/imsee/src/imsee.cpp:878:42: warning: comparison of integer expressions of different signedness: â€˜std::vector<shared_data>::size_typeâ€™ {aka â€˜long unsigned intâ€™} and â€˜intâ€™ [-Wsign-compare]
  878 |     if (irSharedBuffer.sharedData.size() < irSharedBuffer.maxSize) {
      |         ~~~~~~~~~~~~~~~~~~~~~~~~~~~~~~~~~^~~~~~~~~~~~~~~~~~~~~~~~
/root/workspace/workspace/camera-module_embeded/rubby_sensor_6601/sensor/core/imsee/src/imsee.cpp: In member function â€˜int imsee_module::IMSEE::irImgInit(int, int, int)â€™:
/root/workspace/workspace/camera-module_embeded/rubby_sensor_6601/sensor/core/imsee/src/imsee.cpp:1003:26: warning: comparison of integer expressions of different signedness: â€˜intâ€™ and â€˜std::vector<video_buffer>::size_typeâ€™ {aka â€˜long unsigned intâ€™} [-Wsign-compare]
 1003 |        for (int i = 0; i < irVideoBuffers.size(); i++) {
      |                        ~~^~~~~~~~~~~~~~~~~~~~~~~
/root/workspace/workspace/camera-module_embeded/rubby_sensor_6601/sensor/core/imsee/src/imsee.cpp:1004:28: warning: comparison of integer expressions of different signedness: â€˜intâ€™ and â€˜std::vector<buffer_state>::size_typeâ€™ {aka â€˜long unsigned intâ€™} [-Wsign-compare]
 1004 |          for (int j = 0; j < irVideoBuffers[i].bufferState.size(); j++) {
      |                          ~~^~~~~~~~~~~~~~~~~~~~~~~~~~~~~~~~~~~~~~
/root/workspace/workspace/camera-module_embeded/rubby_sensor_6601/sensor/core/imsee/src/imsee.cpp: In member function â€˜int imsee_module::IMSEE::ColorImgInit(int, int, int)â€™:
/root/workspace/workspace/camera-module_embeded/rubby_sensor_6601/sensor/core/imsee/src/imsee.cpp:1281:25: warning: comparison of integer expressions of different signedness: â€˜intâ€™ and â€˜std::vector<video_buffer>::size_typeâ€™ {aka â€˜long unsigned intâ€™} [-Wsign-compare]
 1281 |       for (int i = 0; i < colorVideoBuffers.size(); i++) {
      |                       ~~^~~~~~~~~~~~~~~~~~~~~~~~~~
/root/workspace/workspace/camera-module_embeded/rubby_sensor_6601/sensor/core/imsee/src/imsee.cpp:1282:27: warning: comparison of integer expressions of different signedness: â€˜intâ€™ and â€˜std::vector<buffer_state>::size_typeâ€™ {aka â€˜long unsigned intâ€™} [-Wsign-compare]
 1282 |         for (int j = 0; j < colorVideoBuffers[i].bufferState.size(); j++) {
      |                         ~~^~~~~~~~~~~~~~~~~~~~~~~~~~~~~~~~~~~~~~~~~
/root/workspace/workspace/camera-module_embeded/rubby_sensor_6601/sensor/core/imsee/src/imsee.cpp: At global scope:
/root/workspace/workspace/camera-module_embeded/rubby_sensor_6601/sensor/core/imsee/src/imsee.cpp:117:12: warning: â€˜imsee_module::testirFrameCGainâ€™ defined but not used [-Wunused-variable]
  117 | static int testirFrameCGain = 0;
      |            ^~~~~~~~~~~~~~~~
/root/workspace/workspace/camera-module_embeded/rubby_sensor_6601/sensor/core/imsee/src/imsee.cpp:116:12: warning: â€˜imsee_module::testirFrameCExpoâ€™ defined but not used [-Wunused-variable]
  116 | static int testirFrameCExpo = 0;
      |            ^~~~~~~~~~~~~~~~
/root/workspace/workspace/camera-module_embeded/rubby_sensor_6601/sensor/core/imsee/src/imsee.cpp:115:12: warning: â€˜imsee_module::testirFrameBGainâ€™ defined but not used [-Wunused-variable]
  115 | static int testirFrameBGain = 0;
      |            ^~~~~~~~~~~~~~~~
/root/workspace/workspace/camera-module_embeded/rubby_sensor_6601/sensor/core/imsee/src/imsee.cpp:114:12: warning: â€˜imsee_module::testirFrameBExpoâ€™ defined but not used [-Wunused-variable]
  114 | static int testirFrameBExpo = 0;
      |            ^~~~~~~~~~~~~~~~
make[2]: *** [sensor/core/imsee/src/CMakeFiles/imsee.dir/build.make:76: sensor/core/imsee/src/CMakeFiles/imsee.dir/imsee.cpp.o] Error 1
make[1]: *** [CMakeFiles/Makefile2:277: sensor/core/imsee/src/CMakeFiles/imsee.dir/all] Error 2
make[1]: *** Waiting for unfinished jobs....
In file included from /root/workspace/workspace/camera-module_embeded/rubby_sensor_6601/sensor/nodes/sensor_subscriber_plugin/sensor_subscriber.cpp:6:
/root/workspace/workspace/camera-module_embeded/rubby_sensor_6601/sensor/nodes/sensor_subscriber_plugin/sensor_subscriber.cpp: In constructor â€˜sensor_module::sensor_subscriber::sensor_subscriber()â€™:
/root/workspace/workspace/camera-module_embeded/rubby_sensor_6601/sensor/core/common/RobotDebug.hpp:107:157: warning: too many arguments for format [-Wformat-extra-args]
  107 | #define RobotDEBUG(format, ...) {if(EmbLog::GetInstance()->GetLogSwitch() && (LOG_LEVEL_DEBUG >= EmbLog::GetInstance()->GetLogMinLevel()))  fprintf(stdout, "%lu [%s:%d/%s] [sensors] " format "\n", GetSystimeMs(), basename((char *)__FILE__), __LINE__, __FUNCTION__, ##__VA_ARGS__);}
      |                                                                                                                                                             ^~~~~~~~~~~~~~~~~~~~~~~~~~~~~~~~~~~~~~~
/root/workspace/workspace/camera-module_embeded/rubby_sensor_6601/sensor/nodes/sensor_subscriber_plugin/sensor_subscriber.cpp:191:5: note: in expansion of macro â€˜RobotDEBUGâ€™
  191 |     RobotDEBUG("set sensor file dir:", fileDir);
      |     ^~~~~~~~~~
[ 72%] Linking CXX shared library ../../../../install/lib/arm/libsensor_subscriber_plugin.so
[ 72%] Built target sensor_subscriber_plugin
make: *** [Makefile:84: all] Error 2
Build step 'Execute shell' marked build as failure
Finished: FAILURE
