Started by user [8mha:////4HSeVHkKJ5mgbZK4sWy8myCb9E5jTwXackQ/FiSdye3XAAAAmR+LCAAAAAAAAP9b85aBtbiIQTGjNKU4P08vOT+vOD8nVc83PyU1x6OyILUoJzMv2y+/JJUBAhiZGBgqihhk0NSjKDWzXb3RdlLBUSYGJk8GtpzUvPSSDB8G5tKinBIGIZ+sxLJE/ZzEvHT94JKizLx0a6BxUmjGOUNodHsLgAz2EgZe/dLi1CL9wszSnMyiUgDL2Mr0wgAAAA==[0mQiuliru
Rebuilds build #[8mha:////4Jvk1nxnTkWzQk14NZGqmvsbDc7xRobcJ2Uun25U8IxWAAAApB+LCAAAAAAAAP9b85aBtbiIQTGjNKU4P08vOT+vOD8nVc83PyU1x6OyILUoJzMv2y+/JJUBAhiZGBgqihhk0NSjKDWzXb3RdlLBUSYGJk8GtpzUvPSSDB8G5tKinBIGIZ+sxLJE/ZzEvHT94JKizLx0a6BxUmjGOUNodHsLQIwSBln9sszUcv2U1IKSDP2s/CT99NSiosp4CN8QAEBtcYrSAAAA[0m1
Running as SYSTEM
Building remotely on [8mha:////4JiinonVqRVUq+0157MFNdoHlSrLzLyDeg8j8rfRwRzcAAAAmx+LCAAAAAAAAP9b85aBtbiIQTGjNKU4P08vOT+vOD8nVc83PyU1x6OyILUoJzMv2y+/JJUBAhiZGBgqihhk0NSjKDWzXb3RdlLBUSYGJk8GtpzUvPSSDB8G5tKinBIGIZ+sxLJE/ZzEvHT94JKizLx0a6BxUmjGOUNodHsLgAzWEgZ+/eT83ILSktQi/WRjUzMzABiYJ1zEAAAA[0mc3566 (car8) in workspace /root/workspace/workspace/gerry_depth
[WS-CLEANUP] Deleting project workspace...
[WS-CLEANUP] Deferred wipeout is used...
[WS-CLEANUP] Done
[gerry_depth] $ /bin/sh -xe /tmp/jenkins9304608458003964595.sh
+ bash -ex /root/myscript/build/build.sh
+++ dirname /root/myscript/build/build.sh
++ cd /root/myscript/build
++ pwd
+ project_path=/root/myscript/build
+ . /root/myscript/build/../sh/cmdb
++ set -x
++ export MYSQL_PWD=123
++ MYSQL_PWD=123
++ export -f cmdb_mysql
+ . /root/myscript/build/../sh/version-update.sh
++ . /root/.bashrc
+++ '[' -z '' ']'
+++ return
+ set -ex
+ export -f public_project_update
+ export -f project_build
+ init_project_env
++ date +%Y%m%d
+ DT=20240725
+ UserName=jenkins
+ API_TOKEN=11b65309c9835de9579d9c9038853d9eb7
+ GIT_PRIVATE_TOKEN=emEDrsaJVjxKK5gSWrf-
+ GIT_HOST=192.168.50.191
++ echo wukong/integration/depth
++ awk -F/ '{print $1"%2F"$2}'
+ CONVERT_TARGET_PROJECT=wukong%2Fintegration
++ curl -XGET -H 'Content-Type: application/json' --header 'PRIVATE-TOKEN: emEDrsaJVjxKK5gSWrf-' http://192.168.50.191:85/api/v4/projects/wukong%2Fintegration
++ python -c 'import sys, json; print(json.load(sys.stdin)["id"])'
  % Total    % Received % Xferd  Average Speed   Time    Time     Time  Current
                                 Dload  Upload   Total   Spent    Left  Speed
  0     0    0     0    0     0      0      0 --:--:-- --:--:-- --:--:--     0100    35  100    35    0     0    686      0 --:--:-- --:--:-- --:--:--   686
Traceback (most recent call last):
  File "<string>", line 1, in <module>
KeyError: 'id'
+ SUB_PROJECT_ID=
+ true
+ '[' -z ']'
+ SOURCE_DIR=/root/workspace/workspace/gerry_depth/DepthModuleForRubby
+ TARGET_DIR=/root/workspace/workspace/gerry_depth/depth
+ prepare_env
++ uname -m
+ system_platform=aarch64
+ :
++ cat /proc/cpuinfo
++ grep processor
++ sort
++ uniq
++ wc -l
+ mt=-j4
+ export COMMIT_ID_FILE=/root/workspace/workspace/gerry_depth/_last_build_id
+ COMMIT_ID_FILE=/root/workspace/workspace/gerry_depth/_last_build_id
+ export COMMIT_MSG_FILE=/root/workspace/workspace/gerry_depth/_commit-msg
+ COMMIT_MSG_FILE=/root/workspace/workspace/gerry_depth/_commit-msg
+ export COMMIT_MSG_FILE_TMP=/root/workspace/workspace/gerry_depth/_commit-msg.tmp
+ COMMIT_MSG_FILE_TMP=/root/workspace/workspace/gerry_depth/_commit-msg.tmp
+ rm -f /root/workspace/workspace/gerry_depth/_last_build_id
+ rm -f /root/workspace/workspace/gerry_depth/_commit-msg
+ rm -f /root/workspace/workspace/gerry_depth/_commit-msg.tmp
+ rm -f /root/workspace/workspace/gerry_depth/result.log
+ rm -f /root/workspace/workspace/gerry_depth/no_code_change.log
+ sign_env
+ CONFIG_DIR_SET=/root/system
+ CONFIG_BRANCH=mind_os
+ CLONE_DEPTH=--depth=1
+ CONFIG_DIR=/root/system/i18rconfig
+ CONFIG_REMOTE='git clone ssh://git@192.168.50.191:222/AroundI18RProject/i18rconfig /root/system/i18rconfig -b mind_os --depth=1'
+ [[ aarch64 =~ x86_64 ]]
+ ENCRYPTION_TOOL=/root/system/i18rconfig/encrypt
+ CLONE_DEPTH=--depth=1
+ PUBLICBASETYPES_DIR=/root/system/I18RPublicBaseTypes
+ cmdb_mysql 'insert into prebuild(job_name,source_project,source_branch,target_project,target_branch,time,build_url,node_name,build_user) values ('\''gerry_depth'\'','\''qiuliru/DepthModuleForRubby'\'','\''wukong'\'','\''wukong/integration/depth'\'','\''dev'\'',now(),'\''http://192.168.50.191:8088/job/gerry_depth/2/'\'','\''c3566'\'','\''qiuliru'\'')'
+ set +x
+ DOCKER_CONTAINER_I18=build-x64-18.04
+ DOCKER_CONTAINER_RUBBY=c405
+ DOCKER_CONTAINER_RUBBY_INSIDE=c3566
+ DOCKER_CONTAINER_JAVA=node
+ JENKINS_JOB_A=mind
+ JENKINS_JOB_B=rbn
+ JENKINS_JOB_C=mark-check-tools
+ JENKINS_JOB_D=java
+ JENKINS_JOB_E=clean_recorder
+ JENKINS_JOB_F=i18r
+ JENKINS_JOB_G=nodejs
+ JENKINS_JOB_H=_ui
+ JENKINS_JOB_L=i12r
+ [[ gerry_depth =~ mind ]]
+ '[' true = false ']'
+ source_project_fetch
+ git clone ssh://git@192.168.50.191:222/qiuliru/DepthModuleForRubby -b wukong --depth=1
Cloning into 'DepthModuleForRubby'...
+ target_project_update
+ rm -rf /root/workspace/workspace/gerry_depth/depth
+ target_project_fetch
+ git clone ssh://git@192.168.50.191:222/wukong/integration/depth -b dev --depth=1
Cloning into 'depth'...
+ insert_db
+ pushd /root/workspace/workspace/gerry_depth/DepthModuleForRubby
~/workspace/workspace/gerry_depth/DepthModuleForRubby ~/workspace/workspace/gerry_depth
++ cmdb_mysql 'SELECT first_commit_id FROM prebuild where source_project='\''qiuliru/DepthModuleForRubby'\'' and source_branch='\''wukong'\'' and target_project='\''wukong/integration/depth'\'' and target_branch='\''dev'\'' and status='\''0'\'' and job_name='\''gerry_depth'\'' order by id desc limit 1;'
++ set +x
+ version=
++ echo
++ awk -F ' ' '{print $2}'
+ version=
++ git log -1 --pretty=format:%h
+ first_commit_id_now=f643e9b
+ cmdb_mysql 'update prebuild set first_commit_id='\''f643e9b'\'' where build_url='\''http://192.168.50.191:8088/job/gerry_depth/2/'\'';'
+ set +x
+ popd
~/workspace/workspace/gerry_depth
+ [[ aarch64 =~ x86_64 ]]
+ [[ gerry_depth =~ i18r ]]
+ project_build
+ pushd /root/workspace/workspace/gerry_depth/DepthModuleForRubby
~/workspace/workspace/gerry_depth/DepthModuleForRubby ~/workspace/workspace/gerry_depth
+ project_init_remote
++ find -type f -name sync_submodules.sh
+ sf=
+ '[' -z ']'
+ git submodule update --init --recursive
Submodule 'source/submodules/abby_msg' (ssh://git@192.168.50.191:222/wukong/source/messages.git) registered for path 'source/submodules/abby_msg'
Cloning into '/root/workspace/workspace/gerry_depth/DepthModuleForRubby/source/submodules/abby_msg'...
Submodule path 'source/submodules/abby_msg': checked out 'af21e807fe218f66cdef02d0697eed10cccee090'
+ git submodule update --remote
Submodule path 'source/submodules/abby_msg': checked out 'dccb0599a70006eca5154af7ca81f883784bc406'
+ sed -i 's/make -j[0-9].*/make -j4/g' compile.sh
+ '[' -z ']'
+ '[' xf643e9b == x ']'
+ bash -ex compile.sh
+ main
+ git submodule update --init --recursive
Submodule path 'source/submodules/abby_msg': checked out 'af21e807fe218f66cdef02d0697eed10cccee090'
+ git submodule update --remote
Submodule path 'source/submodules/abby_msg': checked out 'dccb0599a70006eca5154af7ca81f883784bc406'
+++ dirname compile.sh
++ cd .
++ pwd
+ local projectPath=/root/workspace/workspace/gerry_depth/DepthModuleForRubby
+ local libPath=
++ arch
+ '[' aarch64 = x86_64 ']'
+ libPath=/root/workspace/workspace/gerry_depth/DepthModuleForRubby/install/lib/arm
+ echo 'libpath: /root/workspace/workspace/gerry_depth/DepthModuleForRubby/install/lib/arm'
libpath: /root/workspace/workspace/gerry_depth/DepthModuleForRubby/install/lib/arm
+ cd /root/workspace/workspace/gerry_depth/DepthModuleForRubby
+ mkdir build
+ cd build
+ cmake ..
-- The C compiler identification is GNU 7.5.0
-- The CXX compiler identification is GNU 7.5.0
-- Detecting C compiler ABI info
-- Detecting C compiler ABI info - done
-- Check for working C compiler: /usr/bin/cc - skipped
-- Detecting C compile features
-- Detecting C compile features - done
-- Detecting CXX compiler ABI info
-- Detecting CXX compiler ABI info - done
-- Check for working CXX compiler: /usr/bin/c++ - skipped
-- Detecting CXX compile features
-- Detecting CXX compile features - done
Build type: Release
Detected armv8  -D__ARM_PLATFORM__ -D__ARM_NEON__ -DENABLE_NEON -Ofast -std=c++17 -Wno-unused-result
-- Performing Test COMPILER_SUPPORTS_CXX17
-- Performing Test COMPILER_SUPPORTS_CXX17 - Success
-- Performing Test COMPILER_SUPPORTS_CXX0X
-- Performing Test COMPILER_SUPPORTS_CXX0X - Success
-- Using flag -std=c++17.
-- CONFIG_BUILD_ROS=OFF
-- Found Boost: /usr/include (found suitable version "1.65.1", minimum required is "1.55.0") found components: system filesystem 
CMake Warning at source/CMakeLists.txt:98 (message):
  OpenMP found.


-- CONFIG_BUILD_I18R=OFF
-- CONFIG_BUILD_I26R=OFF
-- CONFIG_BUILD_RUBBY=ON
-- CONFIG_BUILD_TOF=ON
-- CONFIG_BUILD_OPENCV_CONTRIB=OFF
-- config path="/root/workspace/workspace/gerry_depth/DepthModuleForRubby/source/../config/"
-- BUILD_TEST_NODE=ON
-- BUILD_TOF_CAM_TEST_NODE=OFF
-- Configuring done
-- Generating done
-- Build files have been written to: /root/workspace/workspace/gerry_depth/DepthModuleForRubby/build
+ make
[  3%] Building CXX object source/CMakeFiles/depth.dir/modules/calibration/calibration.cpp.o
[  6%] Building CXX object source/CMakeFiles/depth.dir/modules/common/cloud_quality.cpp.o
[  9%] Building CXX object source/CMakeFiles/depth.dir/modules/common/filter.cpp.o
[ 12%] Building CXX object source/CMakeFiles/depth.dir/modules/common/math.cpp.o
[ 15%] Building CXX object source/CMakeFiles/depth.dir/modules/common/point_process.cpp.o
[ 18%] Building CXX object source/CMakeFiles/depth.dir/modules/common/time.cpp.o
[ 21%] Building CXX object source/CMakeFiles/depth.dir/modules/common/visualization.cpp.o
[ 24%] Building CXX object source/CMakeFiles/depth.dir/modules/depth.cpp.o
[ 27%] Building CXX object source/CMakeFiles/depth.dir/modules/impl/depth_impl.cpp.o
[ 30%] Building CXX object source/CMakeFiles/depth.dir/modules/impl/laser_thread.cpp.o
[ 33%] Building CXX object source/CMakeFiles/depth.dir/modules/impl/lyg_thread.cpp.o
In file included from /root/workspace/workspace/gerry_depth/DepthModuleForRubby/source/modules/impl/lyg_thread.h:10:0,
                 from /root/workspace/workspace/gerry_depth/DepthModuleForRubby/source/modules/impl/lyg_thread.cpp:5:
/root/workspace/workspace/gerry_depth/DepthModuleForRubby/source/modules/recorder/recorder.h: In member function â€˜void robot_depth::Recorder::WriteTof3(const T&, robot_depth::Time, const float*, const float*)â€™:
/root/workspace/workspace/gerry_depth/DepthModuleForRubby/source/modules/recorder/recorder.h:160:25: error: no match for â€˜operator<<â€™ (operand types are â€˜std::ofstream {aka std::basic_ofstream<char>}â€™ and â€˜long unsigned intâ€™)
                 tofFile << time_int << " " << poseRotation[0] << " " << poseRotation[1] << " " << poseRotation[2] << " " << poseRotation[3] << " " << posePositon[0] << " " << posePositon[1] << " " << posePositon[2] << "\n";
                 ~~~~~~~~^~~~~~~~~~~
In file included from /root/workspace/workspace/gerry_depth/DepthModuleForRubby/source/modules/depth_log.h:10:0,
                 from /root/workspace/workspace/gerry_depth/DepthModuleForRubby/source/modules/common/thread.h:10,
                 from /root/workspace/workspace/gerry_depth/DepthModuleForRubby/source/modules/impl/lyg_thread.h:9,
                 from /root/workspace/workspace/gerry_depth/DepthModuleForRubby/source/modules/impl/lyg_thread.cpp:5:
/usr/include/glog/logging.h:627:22: note: candidate: std::ostream& operator<<(std::ostream&, const google::DummyClassToDefineOperator&)
 inline std::ostream& operator<<(
                      ^~~~~~~~
/usr/include/glog/logging.h:627:22: note:   no known conversion for argument 1 from â€˜std::ofstream {aka std::basic_ofstream<char>}â€™ to â€˜std::ostream& {aka std::basic_ostream<char>&}â€™
In file included from /root/workspace/workspace/gerry_depth/DepthModuleForRubby/source/modules/common/thread.h:14:0,
                 from /root/workspace/workspace/gerry_depth/DepthModuleForRubby/source/modules/impl/lyg_thread.h:9,
                 from /root/workspace/workspace/gerry_depth/DepthModuleForRubby/source/modules/impl/lyg_thread.cpp:5:
/usr/include/c++/7/thread:313:5: note: candidate: template<class _CharT, class _Traits> std::basic_ostream<_CharT, _Traits>& std::operator<<(std::basic_ostream<_CharT, _Traits>&, std::thread::id)
     operator<<(basic_ostream<_CharT, _Traits>& __out, thread::id __id)
     ^~~~~~~~
/usr/include/c++/7/thread:313:5: note:   template argument deduction/substitution failed:
In file included from /root/workspace/workspace/gerry_depth/DepthModuleForRubby/source/modules/impl/lyg_thread.h:10:0,
                 from /root/workspace/workspace/gerry_depth/DepthModuleForRubby/source/modules/impl/lyg_thread.cpp:5:
/root/workspace/workspace/gerry_depth/DepthModuleForRubby/source/modules/recorder/recorder.h:160:28: note:   â€˜std::ofstream {aka std::basic_ofstream<char>}â€™ is not derived from â€˜std::basic_ostream<_CharT, _Traits>â€™
                 tofFile << time_int << " " << poseRotation[0] << " " << poseRotation[1] << " " << poseRotation[2] << " " << poseRotation[3] << " " << posePositon[0] << " " << posePositon[1] << " " << posePositon[2] << "\n";
                            ^~~~~~~~
In file included from /usr/include/c++/7/memory:81:0,
                 from /usr/local/include/mind_os/const_ptr.h:10,
                 from /usr/local/include/mind_os/serialization/serialization.h:10,
                 from /root/workspace/workspace/gerry_depth/DepthModuleForRubby/source/submodules/abby_msg/msg/sensor/ImgMsg.h:6,
                 from /root/workspace/workspace/gerry_depth/DepthModuleForRubby/source/include/basetypes.h:71,
                 from /root/workspace/workspace/gerry_depth/DepthModuleForRubby/source/modules/impl/lyg_thread.h:8,
                 from /root/workspace/workspace/gerry_depth/DepthModuleForRubby/source/modules/impl/lyg_thread.cpp:5:
/usr/include/c++/7/bits/shared_ptr.h:66:5: note: candidate: template<class _Ch, class _Tr, class _Tp, __gnu_cxx::_Lock_policy _Lp> std::basic_ostream<_CharT, _Traits>& std::operator<<(std::basic_ostream<_CharT, _Traits>&, const std::__shared_ptr<_Tp, _Lp>&)
     operator<<(std::basic_ostream<_Ch, _Tr>& __os,
     ^~~~~~~~
/usr/include/c++/7/bits/shared_ptr.h:66:5: note:   template argument deduction/substitution failed:
In file included from /root/workspace/workspace/gerry_depth/DepthModuleForRubby/source/modules/impl/lyg_thread.h:10:0,
                 from /root/workspace/workspace/gerry_depth/DepthModuleForRubby/source/modules/impl/lyg_thread.cpp:5:
/root/workspace/workspace/gerry_depth/DepthModuleForRubby/source/modules/recorder/recorder.h:160:28: note:   â€˜std::ofstream {aka std::basic_ofstream<char>}â€™ is not derived from â€˜std::basic_ostream<_CharT, _Traits>â€™
                 tofFile << time_int << " " << poseRotation[0] << " " << poseRotation[1] << " " << poseRotation[2] << " " << poseRotation[3] << " " << posePositon[0] << " " << posePositon[1] << " " << posePositon[2] << "\n";
                            ^~~~~~~~
In file included from /usr/local/include/opencv2/flann/lsh_table.h:40:0,
                 from /usr/local/include/opencv2/flann/lsh_index.h:49,
                 from /usr/local/include/opencv2/flann/all_indices.h:42,
                 from /usr/local/include/opencv2/flann/flann_base.hpp:43,
                 from /usr/local/include/opencv2/flann.hpp:48,
                 from /usr/local/include/opencv2/opencv.hpp:65,
                 from /root/workspace/workspace/gerry_depth/DepthModuleForRubby/source/submodules/abby_msg/msg/sensor/ImgMsg.h:5,
                 from /root/workspace/workspace/gerry_depth/DepthModuleForRubby/source/include/basetypes.h:71,
                 from /root/workspace/workspace/gerry_depth/DepthModuleForRubby/source/modules/impl/lyg_thread.h:8,
                 from /root/workspace/workspace/gerry_depth/DepthModuleForRubby/source/modules/impl/lyg_thread.cpp:5:
/usr/include/c++/7/iomanip:363:5: note: candidate: template<class _CharT, class _Traits> std::basic_ostream<_CharT, _Traits>& std::operator<<(std::basic_ostream<_CharT, _Traits>&, std::_Put_time<_CharT>)
     operator<<(basic_ostream<_CharT, _Traits>& __os, _Put_time<_CharT> __f)
     ^~~~~~~~
/usr/include/c++/7/iomanip:363:5: note:   template argument deduction/substitution failed:
In file included from /root/workspace/workspace/gerry_depth/DepthModuleForRubby/source/modules/impl/lyg_thread.h:10:0,
                 from /root/workspace/workspace/gerry_depth/DepthModuleForRubby/source/modules/impl/lyg_thread.cpp:5:
/root/workspace/workspace/gerry_depth/DepthModuleForRubby/source/modules/recorder/recorder.h:160:28: note:   â€˜std::ofstream {aka std::basic_ofstream<char>}â€™ is not derived from â€˜std::basic_ostream<_CharT, _Traits>â€™
                 tofFile << time_int << " " << poseRotation[0] << " " << poseRotation[1] << " " << poseRotation[2] << " " << poseRotation[3] << " " << posePositon[0] << " " << posePositon[1] << " " << posePositon[2] << "\n";
                            ^~~~~~~~
In file included from /usr/local/include/opencv2/flann/lsh_table.h:40:0,
                 from /usr/local/include/opencv2/flann/lsh_index.h:49,
                 from /usr/local/include/opencv2/flann/all_indices.h:42,
                 from /usr/local/include/opencv2/flann/flann_base.hpp:43,
                 from /usr/local/include/opencv2/flann.hpp:48,
                 from /usr/local/include/opencv2/opencv.hpp:65,
                 from /root/workspace/workspace/gerry_depth/DepthModuleForRubby/source/submodules/abby_msg/msg/sensor/ImgMsg.h:5,
                 from /root/workspace/workspace/gerry_depth/DepthModuleForRubby/source/include/basetypes.h:71,
                 from /root/workspace/workspace/gerry_depth/DepthModuleForRubby/source/modules/impl/lyg_thread.h:8,
                 from /root/workspace/workspace/gerry_depth/DepthModuleForRubby/source/modules/impl/lyg_thread.cpp:5:
/usr/include/c++/7/iomanip:311:5: note: candidate: template<class _CharT, class _Traits, class _MoneyT> std::basic_ostream<_CharT, _Traits>& std::operator<<(std::basic_ostream<_CharT, _Traits>&, std::_Put_money<_MoneyT>)
     operator<<(basic_ostream<_CharT, _Traits>& __os, _Put_money<_MoneyT> __f)
     ^~~~~~~~
/usr/include/c++/7/iomanip:311:5: note:   template argument deduction/substitution failed:
In file included from /root/workspace/workspace/gerry_depth/DepthModuleForRubby/source/modules/impl/lyg_thread.h:10:0,
                 from /root/workspace/workspace/gerry_depth/DepthModuleForRubby/source/modules/impl/lyg_thread.cpp:5:
/root/workspace/workspace/gerry_depth/DepthModuleForRubby/source/modules/recorder/recorder.h:160:28: note:   â€˜std::ofstream {aka std::basic_ofstream<char>}â€™ is not derived from â€˜std::basic_ostream<_CharT, _Traits>â€™
                 tofFile << time_int << " " << poseRotation[0] << " " << poseRotation[1] << " " << poseRotation[2] << " " << poseRotation[3] << " " << posePositon[0] << " " << posePositon[1] << " " << posePositon[2] << "\n";
                            ^~~~~~~~
In file included from /usr/local/include/opencv2/flann/lsh_table.h:40:0,
                 from /usr/local/include/opencv2/flann/lsh_index.h:49,
                 from /usr/local/include/opencv2/flann/all_indices.h:42,
                 from /usr/local/include/opencv2/flann/flann_base.hpp:43,
                 from /usr/local/include/opencv2/flann.hpp:48,
                 from /usr/local/include/opencv2/opencv.hpp:65,
                 from /root/workspace/workspace/gerry_depth/DepthModuleForRubby/source/submodules/abby_msg/msg/sensor/ImgMsg.h:5,
                 from /root/workspace/workspace/gerry_depth/DepthModuleForRubby/source/include/basetypes.h:71,
                 from /root/workspace/workspace/gerry_depth/DepthModuleForRubby/source/modules/impl/lyg_thread.h:8,
                 from /root/workspace/workspace/gerry_depth/DepthModuleForRubby/source/modules/impl/lyg_thread.cpp:5:
/usr/include/c++/7/iomanip:238:5: note: candidate: template<class _CharT, class _Traits> std::basic_ostream<_CharT, _Traits>& std::operator<<(std::basic_ostream<_CharT, _Traits>&, std::_Setw)
     operator<<(basic_ostream<_CharT, _Traits>& __os, _Setw __f)
     ^~~~~~~~
/usr/include/c++/7/iomanip:238:5: note:   template argument deduction/substitution failed:
In file included from /root/workspace/workspace/gerry_depth/DepthModuleForRubby/source/modules/impl/lyg_thread.h:10:0,
                 from /root/workspace/workspace/gerry_depth/DepthModuleForRubby/source/modules/impl/lyg_thread.cpp:5:
/root/workspace/workspace/gerry_depth/DepthModuleForRubby/source/modules/recorder/recorder.h:160:28: note:   â€˜std::ofstream {aka std::basic_ofstream<char>}â€™ is not derived from â€˜std::basic_ostream<_CharT, _Traits>â€™
                 tofFile << time_int << " " << poseRotation[0] << " " << poseRotation[1] << " " << poseRotation[2] << " " << poseRotation[3] << " " << posePositon[0] << " " << posePositon[1] << " " << posePositon[2] << "\n";
                            ^~~~~~~~
In file included from /usr/local/include/opencv2/flann/lsh_table.h:40:0,
                 from /usr/local/include/opencv2/flann/lsh_index.h:49,
                 from /usr/local/include/opencv2/flann/all_indices.h:42,
                 from /usr/local/include/opencv2/flann/flann_base.hpp:43,
                 from /usr/local/include/opencv2/flann.hpp:48,
                 from /usr/local/include/opencv2/opencv.hpp:65,
                 from /root/workspace/workspace/gerry_depth/DepthModuleForRubby/source/submodules/abby_msg/msg/sensor/ImgMsg.h:5,
                 from /root/workspace/workspace/gerry_depth/DepthModuleForRubby/source/include/basetypes.h:71,
                 from /root/workspace/workspace/gerry_depth/DepthModuleForRubby/source/modules/impl/lyg_thread.h:8,
                 from /root/workspace/workspace/gerry_depth/DepthModuleForRubby/source/modules/impl/lyg_thread.cpp:5:
/usr/include/c++/7/iomanip:208:5: note: candidate: template<class _CharT, class _Traits> std::basic_ostream<_CharT, _Traits>& std::operator<<(std::basic_ostream<_CharT, _Traits>&, std::_Setprecision)
     operator<<(basic_ostream<_CharT, _Traits>& __os, _Setprecision __f)
     ^~~~~~~~
/usr/include/c++/7/iomanip:208:5: note:   template argument deduction/substitution failed:
In file included from /root/workspace/workspace/gerry_depth/DepthModuleForRubby/source/modules/impl/lyg_thread.h:10:0,
                 from /root/workspace/workspace/gerry_depth/DepthModuleForRubby/source/modules/impl/lyg_thread.cpp:5:
/root/workspace/workspace/gerry_depth/DepthModuleForRubby/source/modules/recorder/recorder.h:160:28: note:   â€˜std::ofstream {aka std::basic_ofstream<char>}â€™ is not derived from â€˜std::basic_ostream<_CharT, _Traits>â€™
                 tofFile << time_int << " " << poseRotation[0] << " " << poseRotation[1] << " " << poseRotation[2] << " " << poseRotation[3] << " " << posePositon[0] << " " << posePositon[1] << " " << posePositon[2] << "\n";
                            ^~~~~~~~
In file included from /usr/local/include/opencv2/flann/lsh_table.h:40:0,
                 from /usr/local/include/opencv2/flann/lsh_index.h:49,
                 from /usr/local/include/opencv2/flann/all_indices.h:42,
                 from /usr/local/include/opencv2/flann/flann_base.hpp:43,
                 from /usr/local/include/opencv2/flann.hpp:48,
                 from /usr/local/include/opencv2/opencv.hpp:65,
                 from /root/workspace/workspace/gerry_depth/DepthModuleForRubby/source/submodules/abby_msg/msg/sensor/ImgMsg.h:5,
                 from /root/workspace/workspace/gerry_depth/DepthModuleForRubby/source/include/basetypes.h:71,
                 from /root/workspace/workspace/gerry_depth/DepthModuleForRubby/source/modules/impl/lyg_thread.h:8,
                 from /root/workspace/workspace/gerry_depth/DepthModuleForRubby/source/modules/impl/lyg_thread.cpp:5:
/usr/include/c++/7/iomanip:178:5: note: candidate: template<class _CharT, class _Traits> std::basic_ostream<_CharT, _Traits>& std::operator<<(std::basic_ostream<_CharT, _Traits>&, std::_Setfill<_CharT>)
     operator<<(basic_ostream<_CharT, _Traits>& __os, _Setfill<_CharT> __f)
     ^~~~~~~~
/usr/include/c++/7/iomanip:178:5: note:   template argument deduction/substitution failed:
In file included from /root/workspace/workspace/gerry_depth/DepthModuleForRubby/source/modules/impl/lyg_thread.h:10:0,
                 from /root/workspace/workspace/gerry_depth/DepthModuleForRubby/source/modules/impl/lyg_thread.cpp:5:
/root/workspace/workspace/gerry_depth/DepthModuleForRubby/source/modules/recorder/recorder.h:160:28: note:   â€˜std::ofstream {aka std::basic_ofstream<char>}â€™ is not derived from â€˜std::basic_ostream<_CharT, _Traits>â€™
                 tofFile << time_int << " " << poseRotation[0] << " " << poseRotation[1] << " " << poseRotation[2] << " " << poseRotation[3] << " " << posePositon[0] << " " << posePositon[1] << " " << posePositon[2] << "\n";
                            ^~~~~~~~
In file included from /usr/local/include/opencv2/flann/lsh_table.h:40:0,
                 from /usr/local/include/opencv2/flann/lsh_index.h:49,
                 from /usr/local/include/opencv2/flann/all_indices.h:42,
                 from /usr/local/include/opencv2/flann/flann_base.hpp:43,
                 from /usr/local/include/opencv2/flann.hpp:48,
                 from /usr/local/include/opencv2/opencv.hpp:65,
                 from /root/workspace/workspace/gerry_depth/DepthModuleForRubby/source/submodules/abby_msg/msg/sensor/ImgMsg.h:5,
                 from /root/workspace/workspace/gerry_depth/DepthModuleForRubby/source/include/basetypes.h:71,
                 from /root/workspace/workspace/gerry_depth/DepthModuleForRubby/source/modules/impl/lyg_thread.h:8,
                 from /root/workspace/workspace/gerry_depth/DepthModuleForRubby/source/modules/impl/lyg_thread.cpp:5:
/usr/include/c++/7/iomanip:143:5: note: candidate: template<class _CharT, class _Traits> std::basic_ostream<_CharT, _Traits>& std::operator<<(std::basic_ostream<_CharT, _Traits>&, std::_Setbase)
     operator<<(basic_ostream<_CharT, _Traits>& __os, _Setbase __f)
     ^~~~~~~~
/usr/include/c++/7/iomanip:143:5: note:   template argument deduction/substitution failed:
In file included from /root/workspace/workspace/gerry_depth/DepthModuleForRubby/source/modules/impl/lyg_thread.h:10:0,
                 from /root/workspace/workspace/gerry_depth/DepthModuleForRubby/source/modules/impl/lyg_thread.cpp:5:
/root/workspace/workspace/gerry_depth/DepthModuleForRubby/source/modules/recorder/recorder.h:160:28: note:   â€˜std::ofstream {aka std::basic_ofstream<char>}â€™ is not derived from â€˜std::basic_ostream<_CharT, _Traits>â€™
                 tofFile << time_int << " " << poseRotation[0] << " " << poseRotation[1] << " " << poseRotation[2] << " " << poseRotation[3] << " " << posePositon[0] << " " << posePositon[1] << " " << posePositon[2] << "\n";
                            ^~~~~~~~
In file included from /usr/local/include/opencv2/flann/lsh_table.h:40:0,
                 from /usr/local/include/opencv2/flann/lsh_index.h:49,
                 from /usr/local/include/opencv2/flann/all_indices.h:42,
                 from /usr/local/include/opencv2/flann/flann_base.hpp:43,
                 from /usr/local/include/opencv2/flann.hpp:48,
                 from /usr/local/include/opencv2/opencv.hpp:65,
                 from /root/workspace/workspace/gerry_depth/DepthModuleForRubby/source/submodules/abby_msg/msg/sensor/ImgMsg.h:5,
                 from /root/workspace/workspace/gerry_depth/DepthModuleForRubby/source/include/basetypes.h:71,
                 from /root/workspace/workspace/gerry_depth/DepthModuleForRubby/source/modules/impl/lyg_thread.h:8,
                 from /root/workspace/workspace/gerry_depth/DepthModuleForRubby/source/modules/impl/lyg_thread.cpp:5:
/usr/include/c++/7/iomanip:109:5: note: candidate: template<class _CharT, class _Traits> std::basic_ostream<_CharT, _Traits>& std::operator<<(std::basic_ostream<_CharT, _Traits>&, std::_Setiosflags)
     operator<<(basic_ostream<_CharT, _Traits>& __os, _Setiosflags __f)
     ^~~~~~~~
/usr/include/c++/7/iomanip:109:5: note:   template argument deduction/substitution failed:
In file included from /root/workspace/workspace/gerry_depth/DepthModuleForRubby/source/modules/impl/lyg_thread.h:10:0,
                 from /root/workspace/workspace/gerry_depth/DepthModuleForRubby/source/modules/impl/lyg_thread.cpp:5:
/root/workspace/workspace/gerry_depth/DepthModuleForRubby/source/modules/recorder/recorder.h:160:28: note:   â€˜std::ofstream {aka std::basic_ofstream<char>}â€™ is not derived from â€˜std::basic_ostream<_CharT, _Traits>â€™
                 tofFile << time_int << " " << poseRotation[0] << " " << poseRotation[1] << " " << poseRotation[2] << " " << poseRotation[3] << " " << posePositon[0] << " " << posePositon[1] << " " << posePositon[2] << "\n";
                            ^~~~~~~~
In file included from /usr/local/include/opencv2/flann/lsh_table.h:40:0,
                 from /usr/local/include/opencv2/flann/lsh_index.h:49,
                 from /usr/local/include/opencv2/flann/all_indices.h:42,
                 from /usr/local/include/opencv2/flann/flann_base.hpp:43,
                 from /usr/local/include/opencv2/flann.hpp:48,
                 from /usr/local/include/opencv2/opencv.hpp:65,
                 from /root/workspace/workspace/gerry_depth/DepthModuleForRubby/source/submodules/abby_msg/msg/sensor/ImgMsg.h:5,
                 from /root/workspace/workspace/gerry_depth/DepthModuleForRubby/source/include/basetypes.h:71,
                 from /root/workspace/workspace/gerry_depth/DepthModuleForRubby/source/modules/impl/lyg_thread.h:8,
                 from /root/workspace/workspace/gerry_depth/DepthModuleForRubby/source/modules/impl/lyg_thread.cpp:5:
/usr/include/c++/7/iomanip:79:5: note: candidate: template<class _CharT, class _Traits> std::basic_ostream<_CharT, _Traits>& std::operator<<(std::basic_ostream<_CharT, _Traits>&, std::_Resetiosflags)
     operator<<(basic_ostream<_CharT, _Traits>& __os, _Resetiosflags __f)
     ^~~~~~~~
/usr/include/c++/7/iomanip:79:5: note:   template argument deduction/substitution failed:
In file included from /root/workspace/workspace/gerry_depth/DepthModuleForRubby/source/modules/impl/lyg_thread.h:10:0,
                 from /root/workspace/workspace/gerry_depth/DepthModuleForRubby/source/modules/impl/lyg_thread.cpp:5:
/root/workspace/workspace/gerry_depth/DepthModuleForRubby/source/modules/recorder/recorder.h:160:28: note:   â€˜std::ofstream {aka std::basic_ofstream<char>}â€™ is not derived from â€˜std::basic_ostream<_CharT, _Traits>â€™
                 tofFile << time_int << " " << poseRotation[0] << " " << poseRotation[1] << " " << poseRotation[2] << " " << poseRotation[3] << " " << posePositon[0] << " " << posePositon[1] << " " << posePositon[2] << "\n";
                            ^~~~~~~~
In file included from /usr/local/include/opencv2/core/cvstd.inl.hpp:47:0,
                 from /usr/local/include/opencv2/core.hpp:3279,
                 from /root/workspace/workspace/gerry_depth/DepthModuleForRubby/source/submodules/abby_msg/msg/sensor/ImgMsg.h:4,
                 from /root/workspace/workspace/gerry_depth/DepthModuleForRubby/source/include/basetypes.h:71,
                 from /root/workspace/workspace/gerry_depth/DepthModuleForRubby/source/modules/impl/lyg_thread.h:8,
                 from /root/workspace/workspace/gerry_depth/DepthModuleForRubby/source/modules/impl/lyg_thread.cpp:5:
/usr/include/c++/7/complex:528:5: note: candidate: template<class _Tp, class _CharT, class _Traits> std::basic_ostream<_CharT, _Traits>& std::operator<<(std::basic_ostream<_CharT, _Traits>&, const std::complex<_Tp>&)
     operator<<(basic_ostream<_CharT, _Traits>& __os, const complex<_Tp>& __x)
     ^~~~~~~~
/usr/include/c++/7/complex:528:5: note:   template argument deduction/substitution failed:
In file included from /root/workspace/workspace/gerry_depth/DepthModuleForRubby/source/modules/impl/lyg_thread.h:10:0,
                 from /root/workspace/workspace/gerry_depth/DepthModuleForRubby/source/modules/impl/lyg_thread.cpp:5:
/root/workspace/workspace/gerry_depth/DepthModuleForRubby/source/modules/recorder/recorder.h:160:28: note:   â€˜std::ofstream {aka std::basic_ofstream<char>}â€™ is not derived from â€˜std::basic_ostream<_CharT, _Traits>â€™
                 tofFile << time_int << " " << poseRotation[0] << " " << poseRotation[1] << " " << poseRotation[2] << " " << poseRotation[3] << " " << posePositon[0] << " " << posePositon[1] << " " << posePositon[2] << "\n";
                            ^~~~~~~~
In file included from /usr/include/c++/7/istream:39:0,
                 from /usr/include/c++/7/sstream:38,
                 from /usr/include/c++/7/complex:45,
                 from /usr/local/include/opencv2/core/cvstd.inl.hpp:47,
                 from /usr/local/include/opencv2/core.hpp:3279,
                 from /root/workspace/workspace/gerry_depth/DepthModuleForRubby/source/submodules/abby_msg/msg/sensor/ImgMsg.h:4,
                 from /root/workspace/workspace/gerry_depth/DepthModuleForRubby/source/include/basetypes.h:71,
                 from /root/workspace/workspace/gerry_depth/DepthModuleForRubby/source/modules/impl/lyg_thread.h:8,
                 from /root/workspace/workspace/gerry_depth/DepthModuleForRubby/source/modules/impl/lyg_thread.cpp:5:
/usr/include/c++/7/ostream:682:5: note: candidate: template<class _Ostream, class _Tp> typename std::enable_if<std::__and_<std::__not_<std::is_lvalue_reference<_Tp> >, std::__is_convertible_to_basic_ostream<_Ostream>, std::__is_insertable<typename std::__is_convertible_to_basic_ostream<_Tp>::__ostream_type, const _Tp&, void> >::value, typename std::__is_convertible_to_basic_ostream<_Tp>::__ostream_type>::type std::operator<<(_Ostream&&, const _Tp&)
     operator<<(_Ostream&& __os, const _Tp& __x)
     ^~~~~~~~
/usr/include/c++/7/ostream:682:5: note:   template argument deduction/substitution failed:
/usr/include/c++/7/ostream: In substitution of â€˜template<class _Ostream, class _Tp> typename std::enable_if<std::__and_<std::__not_<std::is_lvalue_reference<_Tp> >, std::__is_convertible_to_basic_ostream<_Ostream>, std::__is_insertable<typename std::__is_convertible_to_basic_ostream<_Tp>::__ostream_type, const _Tp&, void> >::value, typename std::__is_convertible_to_basic_ostream<_Tp>::__ostream_type>::type std::operator<<(_Ostream&&, const _Tp&) [with _Ostream = std::basic_ofstream<char>&; _Tp = long unsigned int]â€™:
/root/workspace/workspace/gerry_depth/DepthModuleForRubby/source/modules/recorder/recorder.h:160:28:   required from here
/usr/include/c++/7/ostream:682:5: error: no type named â€˜typeâ€™ in â€˜struct std::enable_if<false, void>â€™
/usr/include/c++/7/ostream:574:5: note: candidate: template<class _Traits> std::basic_ostream<char, _Traits>& std::operator<<(std::basic_ostream<char, _Traits>&, const unsigned char*)
     operator<<(basic_ostream<char, _Traits>& __out, const unsigned char* __s)
     ^~~~~~~~
/usr/include/c++/7/ostream:574:5: note:   template argument deduction/substitution failed:
In file included from /root/workspace/workspace/gerry_depth/DepthModuleForRubby/source/modules/impl/lyg_thread.h:10:0,
                 from /root/workspace/workspace/gerry_depth/DepthModuleForRubby/source/modules/impl/lyg_thread.cpp:5:
/root/workspace/workspace/gerry_depth/DepthModuleForRubby/source/modules/recorder/recorder.h:160:28: note:   â€˜std::ofstream {aka std::basic_ofstream<char>}â€™ is not derived from â€˜std::basic_ostream<char, _Traits>â€™
                 tofFile << time_int << " " << poseRotation[0] << " " << poseRotation[1] << " " << poseRotation[2] << " " << poseRotation[3] << " " << posePositon[0] << " " << posePositon[1] << " " << posePositon[2] << "\n";
                            ^~~~~~~~
In file included from /usr/include/c++/7/istream:39:0,
                 from /usr/include/c++/7/sstream:38,
                 from /usr/include/c++/7/complex:45,
                 from /usr/local/include/opencv2/core/cvstd.inl.hpp:47,
                 from /usr/local/include/opencv2/core.hpp:3279,
                 from /root/workspace/workspace/gerry_depth/DepthModuleForRubby/source/submodules/abby_msg/msg/sensor/ImgMsg.h:4,
                 from /root/workspace/workspace/gerry_depth/DepthModuleForRubby/source/include/basetypes.h:71,
                 from /root/workspace/workspace/gerry_depth/DepthModuleForRubby/source/modules/impl/lyg_thread.h:8,
                 from /root/workspace/workspace/gerry_depth/DepthModuleForRubby/source/modules/impl/lyg_thread.cpp:5:
/usr/include/c++/7/ostream:569:5: note: candidate: template<class _Traits> std::basic_ostream<char, _Traits>& std::operator<<(std::basic_ostream<char, _Traits>&, const signed char*)
     operator<<(basic_ostream<char, _Traits>& __out, const signed char* __s)
     ^~~~~~~~
/usr/include/c++/7/ostream:569:5: note:   template argument deduction/substitution failed:
In file included from /root/workspace/workspace/gerry_depth/DepthModuleForRubby/source/modules/impl/lyg_thread.h:10:0,
                 from /root/workspace/workspace/gerry_depth/DepthModuleForRubby/source/modules/impl/lyg_thread.cpp:5:
/root/workspace/workspace/gerry_depth/DepthModuleForRubby/source/modules/recorder/recorder.h:160:28: note:   â€˜std::ofstream {aka std::basic_ofstream<char>}â€™ is not derived from â€˜std::basic_ostream<char, _Traits>â€™
                 tofFile << time_int << " " << poseRotation[0] << " " << poseRotation[1] << " " << poseRotation[2] << " " << poseRotation[3] << " " << posePositon[0] << " " << posePositon[1] << " " << posePositon[2] << "\n";
                            ^~~~~~~~
In file included from /usr/include/c++/7/istream:39:0,
                 from /usr/include/c++/7/sstream:38,
                 from /usr/include/c++/7/complex:45,
                 from /usr/local/include/opencv2/core/cvstd.inl.hpp:47,
                 from /usr/local/include/opencv2/core.hpp:3279,
                 from /root/workspace/workspace/gerry_depth/DepthModuleForRubby/source/submodules/abby_msg/msg/sensor/ImgMsg.h:4,
                 from /root/workspace/workspace/gerry_depth/DepthModuleForRubby/source/include/basetypes.h:71,
                 from /root/workspace/workspace/gerry_depth/DepthModuleForRubby/source/modules/impl/lyg_thread.h:8,
                 from /root/workspace/workspace/gerry_depth/DepthModuleForRubby/source/modules/impl/lyg_thread.cpp:5:
/usr/include/c++/7/ostream:556:5: note: candidate: template<class _Traits> std::basic_ostream<char, _Traits>& std::operator<<(std::basic_ostream<char, _Traits>&, const char*)
     operator<<(basic_ostream<char, _Traits>& __out, const char* __s)
     ^~~~~~~~
/usr/include/c++/7/ostream:556:5: note:   template argument deduction/substitution failed:
In file included from /root/workspace/workspace/gerry_depth/DepthModuleForRubby/source/modules/impl/lyg_thread.h:10:0,
                 from /root/workspace/workspace/gerry_depth/DepthModuleForRubby/source/modules/impl/lyg_thread.cpp:5:
/root/workspace/workspace/gerry_depth/DepthModuleForRubby/source/modules/recorder/recorder.h:160:28: note:   â€˜std::ofstream {aka std::basic_ofstream<char>}â€™ is not derived from â€˜std::basic_ostream<char, _Traits>â€™
                 tofFile << time_int << " " << poseRotation[0] << " " << poseRotation[1] << " " << poseRotation[2] << " " << poseRotation[3] << " " << posePositon[0] << " " << posePositon[1] << " " << posePositon[2] << "\n";
                            ^~~~~~~~
In file included from /usr/include/c++/7/ostream:693:0,
                 from /usr/include/c++/7/istream:39,
                 from /usr/include/c++/7/sstream:38,
                 from /usr/include/c++/7/complex:45,
                 from /usr/local/include/opencv2/core/cvstd.inl.hpp:47,
                 from /usr/local/include/opencv2/core.hpp:3279,
                 from /root/workspace/workspace/gerry_depth/DepthModuleForRubby/source/submodules/abby_msg/msg/sensor/ImgMsg.h:4,
                 from /root/workspace/workspace/gerry_depth/DepthModuleForRubby/source/include/basetypes.h:71,
                 from /root/workspace/workspace/gerry_depth/DepthModuleForRubby/source/modules/impl/lyg_thread.h:8,
                 from /root/workspace/workspace/gerry_depth/DepthModuleForRubby/source/modules/impl/lyg_thread.cpp:5:
/usr/include/c++/7/bits/ostream.tcc:321:5: note: candidate: template<class _CharT, class _Traits> std::basic_ostream<_CharT, _Traits>& std::operator<<(std::basic_ostream<_CharT, _Traits>&, const char*)
     operator<<(basic_ostream<_CharT, _Traits>& __out, const char* __s)
     ^~~~~~~~
/usr/include/c++/7/bits/ostream.tcc:321:5: note:   template argument deduction/substitution failed:
In file included from /root/workspace/workspace/gerry_depth/DepthModuleForRubby/source/modules/impl/lyg_thread.h:10:0,
                 from /root/workspace/workspace/gerry_depth/DepthModuleForRubby/source/modules/impl/lyg_thread.cpp:5:
/root/workspace/workspace/gerry_depth/DepthModuleForRubby/source/modules/recorder/recorder.h:160:28: note:   â€˜std::ofstream {aka std::basic_ofstream<char>}â€™ is not derived from â€˜std::basic_ostream<_CharT, _Traits>â€™
                 tofFile << time_int << " " << poseRotation[0] << " " << poseRotation[1] << " " << poseRotation[2] << " " << poseRotation[3] << " " << posePositon[0] << " " << posePositon[1] << " " << posePositon[2] << "\n";
                            ^~~~~~~~
In file included from /usr/include/c++/7/istream:39:0,
                 from /usr/include/c++/7/sstream:38,
                 from /usr/include/c++/7/complex:45,
                 from /usr/local/include/opencv2/core/cvstd.inl.hpp:47,
                 from /usr/local/include/opencv2/core.hpp:3279,
                 from /root/workspace/workspace/gerry_depth/DepthModuleForRubby/source/submodules/abby_msg/msg/sensor/ImgMsg.h:4,
                 from /root/workspace/workspace/gerry_depth/DepthModuleForRubby/source/include/basetypes.h:71,
                 from /root/workspace/workspace/gerry_depth/DepthModuleForRubby/source/modules/impl/lyg_thread.h:8,
                 from /root/workspace/workspace/gerry_depth/DepthModuleForRubby/source/modules/impl/lyg_thread.cpp:5:
/usr/include/c++/7/ostream:539:5: note: candidate: template<class _CharT, class _Traits> std::basic_ostream<_CharT, _Traits>& std::operator<<(std::basic_ostream<_CharT, _Traits>&, const _CharT*)
     operator<<(basic_ostream<_CharT, _Traits>& __out, const _CharT* __s)
     ^~~~~~~~
/usr/include/c++/7/ostream:539:5: note:   template argument deduction/substitution failed:
In file included from /root/workspace/workspace/gerry_depth/DepthModuleForRubby/source/modules/impl/lyg_thread.h:10:0,
                 from /root/workspace/workspace/gerry_depth/DepthModuleForRubby/source/modules/impl/lyg_thread.cpp:5:
/root/workspace/workspace/gerry_depth/DepthModuleForRubby/source/modules/recorder/recorder.h:160:28: note:   â€˜std::ofstream {aka std::basic_ofstream<char>}â€™ is not derived from â€˜std::basic_ostream<_CharT, _Traits>â€™
                 tofFile << time_int << " " << poseRotation[0] << " " << poseRotation[1] << " " << poseRotation[2] << " " << poseRotation[3] << " " << posePositon[0] << " " << posePositon[1] << " " << posePositon[2] << "\n";
                            ^~~~~~~~
In file included from /usr/include/c++/7/istream:39:0,
                 from /usr/include/c++/7/sstream:38,
                 from /usr/include/c++/7/complex:45,
                 from /usr/local/include/opencv2/core/cvstd.inl.hpp:47,
                 from /usr/local/include/opencv2/core.hpp:3279,
                 from /root/workspace/workspace/gerry_depth/DepthModuleForRubby/source/submodules/abby_msg/msg/sensor/ImgMsg.h:4,
                 from /root/workspace/workspace/gerry_depth/DepthModuleForRubby/source/include/basetypes.h:71,
                 from /root/workspace/workspace/gerry_depth/DepthModuleForRubby/source/modules/impl/lyg_thread.h:8,
                 from /root/workspace/workspace/gerry_depth/DepthModuleForRubby/source/modules/impl/lyg_thread.cpp:5:
/usr/include/c++/7/ostream:519:5: note: candidate: template<class _Traits> std::basic_ostream<char, _Traits>& std::operator<<(std::basic_ostream<char, _Traits>&, unsigned char)
     operator<<(basic_ostream<char, _Traits>& __out, unsigned char __c)
     ^~~~~~~~
/usr/include/c++/7/ostream:519:5: note:   template argument deduction/substitution failed:
In file included from /root/workspace/workspace/gerry_depth/DepthModuleForRubby/source/modules/impl/lyg_thread.h:10:0,
                 from /root/workspace/workspace/gerry_depth/DepthModuleForRubby/source/modules/impl/lyg_thread.cpp:5:
/root/workspace/workspace/gerry_depth/DepthModuleForRubby/source/modules/recorder/recorder.h:160:28: note:   â€˜std::ofstream {aka std::basic_ofstream<char>}â€™ is not derived from â€˜std::basic_ostream<char, _Traits>â€™
                 tofFile << time_int << " " << poseRotation[0] << " " << poseRotation[1] << " " << poseRotation[2] << " " << poseRotation[3] << " " << posePositon[0] << " " << posePositon[1] << " " << posePositon[2] << "\n";
                            ^~~~~~~~
In file included from /usr/include/c++/7/istream:39:0,
                 from /usr/include/c++/7/sstream:38,
                 from /usr/include/c++/7/complex:45,
                 from /usr/local/include/opencv2/core/cvstd.inl.hpp:47,
                 from /usr/local/include/opencv2/core.hpp:3279,
                 from /root/workspace/workspace/gerry_depth/DepthModuleForRubby/source/submodules/abby_msg/msg/sensor/ImgMsg.h:4,
                 from /root/workspace/workspace/gerry_depth/DepthModuleForRubby/source/include/basetypes.h:71,
                 from /root/workspace/workspace/gerry_depth/DepthModuleForRubby/source/modules/impl/lyg_thread.h:8,
                 from /root/workspace/workspace/gerry_depth/DepthModuleForRubby/source/modules/impl/lyg_thread.cpp:5:
/usr/include/c++/7/ostream:514:5: note: candidate: template<class _Traits> std::basic_ostream<char, _Traits>& std::operator<<(std::basic_ostream<char, _Traits>&, signed char)
     operator<<(basic_ostream<char, _Traits>& __out, signed char __c)
     ^~~~~~~~
/usr/include/c++/7/ostream:514:5: note:   template argument deduction/substitution failed:
In file included from /root/workspace/workspace/gerry_depth/DepthModuleForRubby/source/modules/impl/lyg_thread.h:10:0,
                 from /root/workspace/workspace/gerry_depth/DepthModuleForRubby/source/modules/impl/lyg_thread.cpp:5:
/root/workspace/workspace/gerry_depth/DepthModuleForRubby/source/modules/recorder/recorder.h:160:28: note:   â€˜std::ofstream {aka std::basic_ofstream<char>}â€™ is not derived from â€˜std::basic_ostream<char, _Traits>â€™
                 tofFile << time_int << " " << poseRotation[0] << " " << poseRotation[1] << " " << poseRotation[2] << " " << poseRotation[3] << " " << posePositon[0] << " " << posePositon[1] << " " << posePositon[2] << "\n";
                            ^~~~~~~~
In file included from /usr/include/c++/7/istream:39:0,
                 from /usr/include/c++/7/sstream:38,
                 from /usr/include/c++/7/complex:45,
                 from /usr/local/include/opencv2/core/cvstd.inl.hpp:47,
                 from /usr/local/include/opencv2/core.hpp:3279,
                 from /root/workspace/workspace/gerry_depth/DepthModuleForRubby/source/submodules/abby_msg/msg/sensor/ImgMsg.h:4,
                 from /root/workspace/workspace/gerry_depth/DepthModuleForRubby/source/include/basetypes.h:71,
                 from /root/workspace/workspace/gerry_depth/DepthModuleForRubby/source/modules/impl/lyg_thread.h:8,
                 from /root/workspace/workspace/gerry_depth/DepthModuleForRubby/source/modules/impl/lyg_thread.cpp:5:
/usr/include/c++/7/ostream:508:5: note: candidate: template<class _Traits> std::basic_ostream<char, _Traits>& std::operator<<(std::basic_ostream<char, _Traits>&, char)
     operator<<(basic_ostream<char, _Traits>& __out, char __c)
     ^~~~~~~~
/usr/include/c++/7/ostream:508:5: note:   template argument deduction/substitution failed:
In file included from /root/workspace/workspace/gerry_depth/DepthModuleForRubby/source/modules/impl/lyg_thread.h:10:0,
                 from /root/workspace/workspace/gerry_depth/DepthModuleForRubby/source/modules/impl/lyg_thread.cpp:5:
/root/workspace/workspace/gerry_depth/DepthModuleForRubby/source/modules/recorder/recorder.h:160:28: note:   â€˜std::ofstream {aka std::basic_ofstream<char>}â€™ is not derived from â€˜std::basic_ostream<char, _Traits>â€™
                 tofFile << time_int << " " << poseRotation[0] << " " << poseRotation[1] << " " << poseRotation[2] << " " << poseRotation[3] << " " << posePositon[0] << " " << posePositon[1] << " " << posePositon[2] << "\n";
                            ^~~~~~~~
In file included from /usr/include/c++/7/istream:39:0,
                 from /usr/include/c++/7/sstream:38,
                 from /usr/include/c++/7/complex:45,
                 from /usr/local/include/opencv2/core/cvstd.inl.hpp:47,
                 from /usr/local/include/opencv2/core.hpp:3279,
                 from /root/workspace/workspace/gerry_depth/DepthModuleForRubby/source/submodules/abby_msg/msg/sensor/ImgMsg.h:4,
                 from /root/workspace/workspace/gerry_depth/DepthModuleForRubby/source/include/basetypes.h:71,
                 from /root/workspace/workspace/gerry_depth/DepthModuleForRubby/source/modules/impl/lyg_thread.h:8,
                 from /root/workspace/workspace/gerry_depth/DepthModuleForRubby/source/modules/impl/lyg_thread.cpp:5:
/usr/include/c++/7/ostream:502:5: note: candidate: template<class _CharT, class _Traits> std::basic_ostream<_CharT, _Traits>& std::operator<<(std::basic_ostream<_CharT, _Traits>&, char)
     operator<<(basic_ostream<_CharT, _Traits>& __out, char __c)
     ^~~~~~~~
/usr/include/c++/7/ostream:502:5: note:   template argument deduction/substitution failed:
In file included from /root/workspace/workspace/gerry_depth/DepthModuleForRubby/source/modules/impl/lyg_thread.h:10:0,
                 from /root/workspace/workspace/gerry_depth/DepthModuleForRubby/source/modules/impl/lyg_thread.cpp:5:
/root/workspace/workspace/gerry_depth/DepthModuleForRubby/source/modules/recorder/recorder.h:160:28: note:   â€˜std::ofstream {aka std::basic_ofstream<char>}â€™ is not derived from â€˜std::basic_ostream<_CharT, _Traits>â€™
                 tofFile << time_int << " " << poseRotation[0] << " " << poseRotation[1] << " " << poseRotation[2] << " " << poseRotation[3] << " " << posePositon[0] << " " << posePositon[1] << " " << posePositon[2] << "\n";
                            ^~~~~~~~
In file included from /usr/include/c++/7/istream:39:0,
                 from /usr/include/c++/7/sstream:38,
                 from /usr/include/c++/7/complex:45,
                 from /usr/local/include/opencv2/core/cvstd.inl.hpp:47,
                 from /usr/local/include/opencv2/core.hpp:3279,
                 from /root/workspace/workspace/gerry_depth/DepthModuleForRubby/source/submodules/abby_msg/msg/sensor/ImgMsg.h:4,
                 from /root/workspace/workspace/gerry_depth/DepthModuleForRubby/source/include/basetypes.h:71,
                 from /root/workspace/workspace/gerry_depth/DepthModuleForRubby/source/modules/impl/lyg_thread.h:8,
                 from /root/workspace/workspace/gerry_depth/DepthModuleForRubby/source/modules/impl/lyg_thread.cpp:5:
/usr/include/c++/7/ostream:497:5: note: candidate: template<class _CharT, class _Traits> std::basic_ostream<_CharT, _Traits>& std::operator<<(std::basic_ostream<_CharT, _Traits>&, _CharT)
     operator<<(basic_ostream<_CharT, _Traits>& __out, _CharT __c)
     ^~~~~~~~
/usr/include/c++/7/ostream:497:5: note:   template argument deduction/substitution failed:
In file included from /root/workspace/workspace/gerry_depth/DepthModuleForRubby/source/modules/impl/lyg_thread.h:10:0,
                 from /root/workspace/workspace/gerry_depth/DepthModuleForRubby/source/modules/impl/lyg_thread.cpp:5:
/root/workspace/workspace/gerry_depth/DepthModuleForRubby/source/modules/recorder/recorder.h:160:28: note:   â€˜std::ofstream {aka std::basic_ofstream<char>}â€™ is not derived from â€˜std::basic_ostream<_CharT, _Traits>â€™
                 tofFile << time_int << " " << poseRotation[0] << " " << poseRotation[1] << " " << poseRotation[2] << " " << poseRotation[3] << " " << posePositon[0] << " " << posePositon[1] << " " << posePositon[2] << "\n";
                            ^~~~~~~~
In file included from /usr/include/c++/7/bits/ios_base.h:46:0,
                 from /usr/include/c++/7/ios:42,
                 from /usr/include/c++/7/istream:38,
                 from /usr/include/c++/7/sstream:38,
                 from /usr/include/c++/7/complex:45,
                 from /usr/local/include/opencv2/core/cvstd.inl.hpp:47,
                 from /usr/local/include/opencv2/core.hpp:3279,
                 from /root/workspace/workspace/gerry_depth/DepthModuleForRubby/source/submodules/abby_msg/msg/sensor/ImgMsg.h:4,
                 from /root/workspace/workspace/gerry_depth/DepthModuleForRubby/source/include/basetypes.h:71,
                 from /root/workspace/workspace/gerry_depth/DepthModuleForRubby/source/modules/impl/lyg_thread.h:8,
                 from /root/workspace/workspace/gerry_depth/DepthModuleForRubby/source/modules/impl/lyg_thread.cpp:5:
/usr/include/c++/7/system_error:217:5: note: candidate: template<class _CharT, class _Traits> std::basic_ostream<_CharT, _Traits>& std::operator<<(std::basic_ostream<_CharT, _Traits>&, const std::error_code&)
     operator<<(basic_ostream<_CharT, _Traits>& __os, const error_code& __e)
     ^~~~~~~~
/usr/include/c++/7/system_error:217:5: note:   template argument deduction/substitution failed:
In file included from /root/workspace/workspace/gerry_depth/DepthModuleForRubby/source/modules/impl/lyg_thread.h:10:0,
                 from /root/workspace/workspace/gerry_depth/DepthModuleForRubby/source/modules/impl/lyg_thread.cpp:5:
/root/workspace/workspace/gerry_depth/DepthModuleForRubby/source/modules/recorder/recorder.h:160:28: note:   â€˜std::ofstream {aka std::basic_ofstream<char>}â€™ is not derived from â€˜std::basic_ostream<_CharT, _Traits>â€™
                 tofFile << time_int << " " << poseRotation[0] << " " << poseRotation[1] << " " << poseRotation[2] << " " << poseRotation[3] << " " << posePositon[0] << " " << posePositon[1] << " " << posePositon[2] << "\n";
                            ^~~~~~~~
In file included from /usr/include/c++/7/string:52:0,
                 from /usr/include/c++/7/stdexcept:39,
                 from /usr/include/c++/7/array:39,
                 from /usr/local/include/opencv2/core/cvdef.h:474,
                 from /usr/local/include/opencv2/core.hpp:52,
                 from /root/workspace/workspace/gerry_depth/DepthModuleForRubby/source/submodules/abby_msg/msg/sensor/ImgMsg.h:4,
                 from /root/workspace/workspace/gerry_depth/DepthModuleForRubby/source/include/basetypes.h:71,
                 from /root/workspace/workspace/gerry_depth/DepthModuleForRubby/source/modules/impl/lyg_thread.h:8,
                 from /root/workspace/workspace/gerry_depth/DepthModuleForRubby/source/modules/impl/lyg_thread.cpp:5:
/usr/include/c++/7/bits/basic_string.h:6284:5: note: candidate: template<class _CharT, class _Traits, class _Alloc> std::basic_ostream<_CharT, _Traits>& std::operator<<(std::basic_ostream<_CharT, _Traits>&, const std::__cxx11::basic_string<_CharT, _Traits, _Alloc>&)
     operator<<(basic_ostream<_CharT, _Traits>& __os,
     ^~~~~~~~
/usr/include/c++/7/bits/basic_string.h:6284:5: note:   template argument deduction/substitution failed:
In file included from /root/workspace/workspace/gerry_depth/DepthModuleForRubby/source/modules/impl/lyg_thread.h:10:0,
                 from /root/workspace/workspace/gerry_depth/DepthModuleForRubby/source/modules/impl/lyg_thread.cpp:5:
/root/workspace/workspace/gerry_depth/DepthModuleForRubby/source/modules/recorder/recorder.h:160:28: note:   â€˜std::ofstream {aka std::basic_ofstream<char>}â€™ is not derived from â€˜std::basic_ostream<_CharT, _Traits>â€™
                 tofFile << time_int << " " << poseRotation[0] << " " << poseRotation[1] << " " << poseRotation[2] << " " << poseRotation[3] << " " << posePositon[0] << " " << posePositon[1] << " " << posePositon[2] << "\n";
                            ^~~~~~~~
In file included from /usr/include/c++/7/bits/basic_string.h:48:0,
                 from /usr/include/c++/7/string:52,
                 from /usr/include/c++/7/stdexcept:39,
                 from /usr/include/c++/7/array:39,
                 from /usr/local/include/opencv2/core/cvdef.h:474,
                 from /usr/local/include/opencv2/core.hpp:52,
                 from /root/workspace/workspace/gerry_depth/DepthModuleForRubby/source/submodules/abby_msg/msg/sensor/ImgMsg.h:4,
                 from /root/workspace/workspace/gerry_depth/DepthModuleForRubby/source/include/basetypes.h:71,
                 from /root/workspace/workspace/gerry_depth/DepthModuleForRubby/source/modules/impl/lyg_thread.h:8,
                 from /root/workspace/workspace/gerry_depth/DepthModuleForRubby/source/modules/impl/lyg_thread.cpp:5:
/usr/include/c++/7/string_view:559:5: note: candidate: template<class _CharT, class _Traits> std::basic_ostream<_CharT, _Traits>& std::operator<<(std::basic_ostream<_CharT, _Traits>&, std::basic_string_view<_CharT, _Traits>)
     operator<<(basic_ostream<_CharT, _Traits>& __os,
     ^~~~~~~~
/usr/include/c++/7/string_view:559:5: note:   template argument deduction/substitution failed:
In file included from /root/workspace/workspace/gerry_depth/DepthModuleForRubby/source/modules/impl/lyg_thread.h:10:0,
                 from /root/workspace/workspace/gerry_depth/DepthModuleForRubby/source/modules/impl/lyg_thread.cpp:5:
/root/workspace/workspace/gerry_depth/DepthModuleForRubby/source/modules/recorder/recorder.h:160:28: note:   â€˜std::ofstream {aka std::basic_ofstream<char>}â€™ is not derived from â€˜std::basic_ostream<_CharT, _Traits>â€™
                 tofFile << time_int << " " << poseRotation[0] << " " << poseRotation[1] << " " << poseRotation[2] << " " << poseRotation[3] << " " << posePositon[0] << " " << posePositon[1] << " " << posePositon[2] << "\n";
                            ^~~~~~~~
In file included from /usr/local/include/opencv2/core/hal/interface.h:15:0,
                 from /usr/local/include/opencv2/core/cvdef.h:93,
                 from /usr/local/include/opencv2/core.hpp:52,
                 from /root/workspace/workspace/gerry_depth/DepthModuleForRubby/source/submodules/abby_msg/msg/sensor/ImgMsg.h:4,
                 from /root/workspace/workspace/gerry_depth/DepthModuleForRubby/source/include/basetypes.h:71,
                 from /root/workspace/workspace/gerry_depth/DepthModuleForRubby/source/modules/impl/lyg_thread.h:8,
                 from /root/workspace/workspace/gerry_depth/DepthModuleForRubby/source/modules/impl/lyg_thread.cpp:5:
/usr/include/c++/7/cstddef:124:5: note: candidate: template<class _IntegerType> constexpr std::__byte_op_t<_IntegerType> std::operator<<(std::byte, _IntegerType)
     operator<<(byte __b, _IntegerType __shift) noexcept
     ^~~~~~~~
/usr/include/c++/7/cstddef:124:5: note:   template argument deduction/substitution failed:
In file included from /root/workspace/workspace/gerry_depth/DepthModuleForRubby/source/modules/impl/lyg_thread.h:10:0,
                 from /root/workspace/workspace/gerry_depth/DepthModuleForRubby/source/modules/impl/lyg_thread.cpp:5:
/root/workspace/workspace/gerry_depth/DepthModuleForRubby/source/modules/recorder/recorder.h:160:28: note:   cannot convert â€˜tofFileâ€™ (type â€˜std::ofstream {aka std::basic_ofstream<char>}â€™) to type â€˜std::byteâ€™
                 tofFile << time_int << " " << poseRotation[0] << " " << poseRotation[1] << " " << poseRotation[2] << " " << poseRotation[3] << " " << posePositon[0] << " " << posePositon[1] << " " << posePositon[2] << "\n";
                            ^~~~~~~~
/root/workspace/workspace/gerry_depth/DepthModuleForRubby/source/modules/recorder/recorder.h:157:27: error: â€˜tofFileâ€™ has incomplete type
             std::ofstream tofFile(mTofPath + "/data.txt", std::ios::binary | std::ios::app | std::ios::in | std::ios::out);
                           ^~~~~~~
In file included from /usr/include/c++/7/bits/localefwd.h:41:0,
                 from /usr/include/c++/7/string:43,
                 from /usr/include/c++/7/stdexcept:39,
                 from /usr/include/c++/7/array:39,
                 from /usr/local/include/opencv2/core/cvdef.h:474,
                 from /usr/local/include/opencv2/core.hpp:52,
                 from /root/workspace/workspace/gerry_depth/DepthModuleForRubby/source/submodules/abby_msg/msg/sensor/ImgMsg.h:4,
                 from /root/workspace/workspace/gerry_depth/DepthModuleForRubby/source/include/basetypes.h:71,
                 from /root/workspace/workspace/gerry_depth/DepthModuleForRubby/source/modules/impl/lyg_thread.h:8,
                 from /root/workspace/workspace/gerry_depth/DepthModuleForRubby/source/modules/impl/lyg_thread.cpp:5:
/usr/include/c++/7/iosfwd:119:11: note: declaration of â€˜std::ofstream {aka class std::basic_ofstream<char>}â€™
     class basic_ofstream;
           ^~~~~~~~~~~~~~
In file included from /root/workspace/workspace/gerry_depth/DepthModuleForRubby/source/modules/impl/lyg_thread.h:10:0,
                 from /root/workspace/workspace/gerry_depth/DepthModuleForRubby/source/modules/impl/lyg_thread.cpp:5:
/root/workspace/workspace/gerry_depth/DepthModuleForRubby/source/modules/recorder/recorder.h: In instantiation of â€˜void robot_depth::Recorder::WriteTof3(const T&, robot_depth::Time, const float*, const float*) [with T = sensor_msgs::LYGTof; robot_depth::Time = long unsigned int]â€™:
/root/workspace/workspace/gerry_depth/DepthModuleForRubby/source/modules/impl/lyg_thread.cpp:73:118:   required from here
/root/workspace/workspace/gerry_depth/DepthModuleForRubby/source/modules/recorder/recorder.h:157:27: error: â€˜std::ofstream tofFileâ€™ has incomplete type
             std::ofstream tofFile(mTofPath + "/data.txt", std::ios::binary | std::ios::app | std::ios::in | std::ios::out);
                           ^~~~~~~
source/CMakeFiles/depth.dir/build.make:215: recipe for target 'source/CMakeFiles/depth.dir/modules/impl/lyg_thread.cpp.o' failed
make[2]: *** [source/CMakeFiles/depth.dir/modules/impl/lyg_thread.cpp.o] Error 1
CMakeFiles/Makefile2:117: recipe for target 'source/CMakeFiles/depth.dir/all' failed
make[1]: *** [source/CMakeFiles/depth.dir/all] Error 2
Makefile:90: recipe for target 'all' failed
make: *** [all] Error 2
Build step 'Execute shell' marked build as failure
Finished: FAILURE
