Started by user [8mha:////4HSeVHkKJ5mgbZK4sWy8myCb9E5jTwXackQ/FiSdye3XAAAAmR+LCAAAAAAAAP9b85aBtbiIQTGjNKU4P08vOT+vOD8nVc83PyU1x6OyILUoJzMv2y+/JJUBAhiZGBgqihhk0NSjKDWzXb3RdlLBUSYGJk8GtpzUvPSSDB8G5tKinBIGIZ+sxLJE/ZzEvHT94JKizLx0a6BxUmjGOUNodHsLgAz2EgZe/dLi1CL9wszSnMyiUgDL2Mr0wgAAAA==[0mQiuliru
Rebuilds build #[8mha:////4KdrvoFxuKuMJjssLlaSFR8qhRFS9fxn1FqlazL9L8oqAAAApB+LCAAAAAAAAP9b85aBtbiIQTGjNKU4P08vOT+vOD8nVc83PyU1x6OyILUoJzMv2y+/JJUBAhiZGBgqihhk0NSjKDWzXb3RdlLBUSYGJk8GtpzUvPSSDB8G5tKinBIGIZ+sxLJE/ZzEvHT94JKizLx0a6BxUmjGOUNodHsLQIwSBln9sszUcv2U1IKSDP2s/CT99NSiosp4CN8IAPo8eBPSAAAA[0m2
Running as SYSTEM
Building remotely on [8mha:////4JiinonVqRVUq+0157MFNdoHlSrLzLyDeg8j8rfRwRzcAAAAmx+LCAAAAAAAAP9b85aBtbiIQTGjNKU4P08vOT+vOD8nVc83PyU1x6OyILUoJzMv2y+/JJUBAhiZGBgqihhk0NSjKDWzXb3RdlLBUSYGJk8GtpzUvPSSDB8G5tKinBIGIZ+sxLJE/ZzEvHT94JKizLx0a6BxUmjGOUNodHsLgAzWEgZ+/eT83ILSktQi/WRjUzMzABiYJ1zEAAAA[0mc3566 (car8) in workspace /root/workspace/workspace/gerry_depth
[WS-CLEANUP] Deleting project workspace...
[WS-CLEANUP] Deferred wipeout is used...
[WS-CLEANUP] Done
[gerry_depth] $ /bin/sh -xe /tmp/jenkins15488607483139042427.sh
+ bash -ex /root/myscript/build/build.sh
+++ dirname /root/myscript/build/build.sh
++ cd /root/myscript/build
++ pwd
+ project_path=/root/myscript/build
+ . /root/myscript/build/../sh/cmdb
++ set -x
++ export MYSQL_PWD=123
++ MYSQL_PWD=123
++ export -f cmdb_mysql
+ . /root/myscript/build/../sh/version-update.sh
++ . /root/.bashrc
+++ '[' -z '' ']'
+++ return
+ set -ex
+ export -f public_project_update
+ export -f project_build
+ init_project_env
++ date +%Y%m%d
+ DT=20240725
+ UserName=jenkins
+ API_TOKEN=11b65309c9835de9579d9c9038853d9eb7
+ GIT_PRIVATE_TOKEN=emEDrsaJVjxKK5gSWrf-
+ GIT_HOST=192.168.50.191
++ echo wukong/integration/depth
++ awk -F/ '{print $1"%2F"$2}'
+ CONVERT_TARGET_PROJECT=wukong%2Fintegration
++ curl -XGET -H 'Content-Type: application/json' --header 'PRIVATE-TOKEN: emEDrsaJVjxKK5gSWrf-' http://192.168.50.191:85/api/v4/projects/wukong%2Fintegration
++ python -c 'import sys, json; print(json.load(sys.stdin)["id"])'
  % Total    % Received % Xferd  Average Speed   Time    Time     Time  Current
                                 Dload  Upload   Total   Spent    Left  Speed
  0     0    0     0    0     0      0      0 --:--:-- --:--:-- --:--:--     0100    35  100    35    0     0   1000      0 --:--:-- --:--:-- --:--:--  1000
Traceback (most recent call last):
  File "<string>", line 1, in <module>
KeyError: 'id'
+ SUB_PROJECT_ID=
+ true
+ '[' -z ']'
+ SOURCE_DIR=/root/workspace/workspace/gerry_depth/DepthModuleForRubby
+ TARGET_DIR=/root/workspace/workspace/gerry_depth/depth
+ prepare_env
++ uname -m
+ system_platform=aarch64
+ :
++ cat /proc/cpuinfo
++ grep processor
++ sort
++ uniq
++ wc -l
+ mt=-j4
+ export COMMIT_ID_FILE=/root/workspace/workspace/gerry_depth/_last_build_id
+ COMMIT_ID_FILE=/root/workspace/workspace/gerry_depth/_last_build_id
+ export COMMIT_MSG_FILE=/root/workspace/workspace/gerry_depth/_commit-msg
+ COMMIT_MSG_FILE=/root/workspace/workspace/gerry_depth/_commit-msg
+ export COMMIT_MSG_FILE_TMP=/root/workspace/workspace/gerry_depth/_commit-msg.tmp
+ COMMIT_MSG_FILE_TMP=/root/workspace/workspace/gerry_depth/_commit-msg.tmp
+ rm -f /root/workspace/workspace/gerry_depth/_last_build_id
+ rm -f /root/workspace/workspace/gerry_depth/_commit-msg
+ rm -f /root/workspace/workspace/gerry_depth/_commit-msg.tmp
+ rm -f /root/workspace/workspace/gerry_depth/result.log
+ rm -f /root/workspace/workspace/gerry_depth/no_code_change.log
+ sign_env
+ CONFIG_DIR_SET=/root/system
+ CONFIG_BRANCH=mind_os
+ CLONE_DEPTH=--depth=1
+ CONFIG_DIR=/root/system/i18rconfig
+ CONFIG_REMOTE='git clone ssh://git@192.168.50.191:222/AroundI18RProject/i18rconfig /root/system/i18rconfig -b mind_os --depth=1'
+ [[ aarch64 =~ x86_64 ]]
+ ENCRYPTION_TOOL=/root/system/i18rconfig/encrypt
+ CLONE_DEPTH=--depth=1
+ PUBLICBASETYPES_DIR=/root/system/I18RPublicBaseTypes
+ cmdb_mysql 'insert into prebuild(job_name,source_project,source_branch,target_project,target_branch,time,build_url,node_name,build_user) values ('\''gerry_depth'\'','\''qiuliru/DepthModuleForRubby'\'','\''wukong'\'','\''wukong/integration/depth'\'','\''dev'\'',now(),'\''http://192.168.50.191:8088/job/gerry_depth/3/'\'','\''c3566'\'','\''qiuliru'\'')'
+ set +x
+ DOCKER_CONTAINER_I18=build-x64-18.04
+ DOCKER_CONTAINER_RUBBY=c405
+ DOCKER_CONTAINER_RUBBY_INSIDE=c3566
+ DOCKER_CONTAINER_JAVA=node
+ JENKINS_JOB_A=mind
+ JENKINS_JOB_B=rbn
+ JENKINS_JOB_C=mark-check-tools
+ JENKINS_JOB_D=java
+ JENKINS_JOB_E=clean_recorder
+ JENKINS_JOB_F=i18r
+ JENKINS_JOB_G=nodejs
+ JENKINS_JOB_H=_ui
+ JENKINS_JOB_L=i12r
+ [[ gerry_depth =~ mind ]]
+ '[' true = false ']'
+ source_project_fetch
+ git clone ssh://git@192.168.50.191:222/qiuliru/DepthModuleForRubby -b wukong --depth=1
Cloning into 'DepthModuleForRubby'...
+ target_project_update
+ rm -rf /root/workspace/workspace/gerry_depth/depth
+ target_project_fetch
+ git clone ssh://git@192.168.50.191:222/wukong/integration/depth -b dev --depth=1
Cloning into 'depth'...
+ insert_db
+ pushd /root/workspace/workspace/gerry_depth/DepthModuleForRubby
~/workspace/workspace/gerry_depth/DepthModuleForRubby ~/workspace/workspace/gerry_depth
++ cmdb_mysql 'SELECT first_commit_id FROM prebuild where source_project='\''qiuliru/DepthModuleForRubby'\'' and source_branch='\''wukong'\'' and target_project='\''wukong/integration/depth'\'' and target_branch='\''dev'\'' and status='\''0'\'' and job_name='\''gerry_depth'\'' order by id desc limit 1;'
++ set +x
+ version=
++ echo
++ awk -F ' ' '{print $2}'
+ version=
++ git log -1 --pretty=format:%h
+ first_commit_id_now=7def648
+ cmdb_mysql 'update prebuild set first_commit_id='\''7def648'\'' where build_url='\''http://192.168.50.191:8088/job/gerry_depth/3/'\'';'
+ set +x
+ popd
~/workspace/workspace/gerry_depth
+ [[ aarch64 =~ x86_64 ]]
+ [[ gerry_depth =~ i18r ]]
+ project_build
+ pushd /root/workspace/workspace/gerry_depth/DepthModuleForRubby
~/workspace/workspace/gerry_depth/DepthModuleForRubby ~/workspace/workspace/gerry_depth
+ project_init_remote
++ find -type f -name sync_submodules.sh
+ sf=
+ '[' -z ']'
+ git submodule update --init --recursive
Submodule 'source/submodules/abby_msg' (ssh://git@192.168.50.191:222/wukong/source/messages.git) registered for path 'source/submodules/abby_msg'
Cloning into '/root/workspace/workspace/gerry_depth/DepthModuleForRubby/source/submodules/abby_msg'...
Submodule path 'source/submodules/abby_msg': checked out 'af21e807fe218f66cdef02d0697eed10cccee090'
+ git submodule update --remote
Submodule path 'source/submodules/abby_msg': checked out 'dccb0599a70006eca5154af7ca81f883784bc406'
+ sed -i 's/make -j[0-9].*/make -j4/g' compile.sh
+ '[' -z ']'
+ '[' x7def648 == x ']'
+ bash -ex compile.sh
+ main
+ git submodule update --init --recursive
Submodule path 'source/submodules/abby_msg': checked out 'af21e807fe218f66cdef02d0697eed10cccee090'
+ git submodule update --remote
Submodule path 'source/submodules/abby_msg': checked out 'dccb0599a70006eca5154af7ca81f883784bc406'
+++ dirname compile.sh
++ cd .
++ pwd
+ local projectPath=/root/workspace/workspace/gerry_depth/DepthModuleForRubby
+ local libPath=
++ arch
+ '[' aarch64 = x86_64 ']'
+ libPath=/root/workspace/workspace/gerry_depth/DepthModuleForRubby/install/lib/arm
+ echo 'libpath: /root/workspace/workspace/gerry_depth/DepthModuleForRubby/install/lib/arm'
libpath: /root/workspace/workspace/gerry_depth/DepthModuleForRubby/install/lib/arm
+ cd /root/workspace/workspace/gerry_depth/DepthModuleForRubby
+ mkdir build
+ cd build
+ cmake ..
-- The C compiler identification is GNU 7.5.0
-- The CXX compiler identification is GNU 7.5.0
-- Detecting C compiler ABI info
-- Detecting C compiler ABI info - done
-- Check for working C compiler: /usr/bin/cc - skipped
-- Detecting C compile features
-- Detecting C compile features - done
-- Detecting CXX compiler ABI info
-- Detecting CXX compiler ABI info - done
-- Check for working CXX compiler: /usr/bin/c++ - skipped
-- Detecting CXX compile features
-- Detecting CXX compile features - done
Build type: Release
Detected armv8  -D__ARM_PLATFORM__ -D__ARM_NEON__ -DENABLE_NEON -Ofast -std=c++17 -Wno-unused-result
-- Performing Test COMPILER_SUPPORTS_CXX17
-- Performing Test COMPILER_SUPPORTS_CXX17 - Success
-- Performing Test COMPILER_SUPPORTS_CXX0X
-- Performing Test COMPILER_SUPPORTS_CXX0X - Success
-- Using flag -std=c++17.
-- CONFIG_BUILD_ROS=OFF
-- Found Boost: /usr/include (found suitable version "1.65.1", minimum required is "1.55.0") found components: system filesystem 
CMake Warning at source/CMakeLists.txt:98 (message):
  OpenMP found.


-- CONFIG_BUILD_I18R=OFF
-- CONFIG_BUILD_I26R=OFF
-- CONFIG_BUILD_RUBBY=ON
-- CONFIG_BUILD_TOF=ON
-- CONFIG_BUILD_OPENCV_CONTRIB=OFF
-- config path="/root/workspace/workspace/gerry_depth/DepthModuleForRubby/source/../config/"
-- BUILD_TEST_NODE=ON
-- BUILD_TOF_CAM_TEST_NODE=OFF
-- Configuring done
-- Generating done
-- Build files have been written to: /root/workspace/workspace/gerry_depth/DepthModuleForRubby/build
+ make
[  3%] Building CXX object source/CMakeFiles/depth.dir/modules/calibration/calibration.cpp.o
[  6%] Building CXX object source/CMakeFiles/depth.dir/modules/common/cloud_quality.cpp.o
[  9%] Building CXX object source/CMakeFiles/depth.dir/modules/common/filter.cpp.o
[ 12%] Building CXX object source/CMakeFiles/depth.dir/modules/common/math.cpp.o
[ 15%] Building CXX object source/CMakeFiles/depth.dir/modules/common/point_process.cpp.o
[ 18%] Building CXX object source/CMakeFiles/depth.dir/modules/common/time.cpp.o
[ 21%] Building CXX object source/CMakeFiles/depth.dir/modules/common/visualization.cpp.o
[ 24%] Building CXX object source/CMakeFiles/depth.dir/modules/depth.cpp.o
[ 27%] Building CXX object source/CMakeFiles/depth.dir/modules/impl/depth_impl.cpp.o
[ 30%] Building CXX object source/CMakeFiles/depth.dir/modules/impl/laser_thread.cpp.o
[ 33%] Building CXX object source/CMakeFiles/depth.dir/modules/impl/lyg_thread.cpp.o
[ 36%] Building CXX object source/CMakeFiles/depth.dir/modules/impl/monitor_thread.cpp.o
[ 39%] Building CXX object source/CMakeFiles/depth.dir/modules/impl/sd_thread.cpp.o
[ 42%] Building CXX object source/CMakeFiles/depth.dir/modules/impl/stereo_thread.cpp.o
[ 45%] Building CXX object source/CMakeFiles/depth.dir/modules/impl/tof_thread.cpp.o
[ 48%] Building CXX object source/CMakeFiles/depth.dir/modules/laser/ground_layer.cpp.o
[ 51%] Building CXX object source/CMakeFiles/depth.dir/modules/laser/laser_computation.cpp.o
[ 54%] Building CXX object source/CMakeFiles/depth.dir/modules/laser/laser_layers.cpp.o
[ 57%] Building CXX object source/CMakeFiles/depth.dir/modules/mapping/mapping.cpp.o
[ 60%] Building CXX object source/CMakeFiles/depth.dir/modules/output/light_thread.cpp.o
[ 63%] Building CXX object source/CMakeFiles/depth.dir/modules/pose_process/pose_process.cpp.o
[ 66%] Building CXX object source/CMakeFiles/depth.dir/modules/recorder/recorder.cpp.o
[ 69%] Building CXX object source/CMakeFiles/depth.dir/modules/stereo_vision/bm_cpu/block_matching.cpp.o
[ 72%] Building CXX object source/CMakeFiles/depth.dir/modules/stereo_vision/rectify/orb_extractor.cpp.o
[ 75%] Building CXX object source/CMakeFiles/depth.dir/modules/stereo_vision/rectify/rectify.cpp.o
[ 78%] Building CXX object source/CMakeFiles/depth.dir/modules/stereo_vision/stereo_vision.cpp.o
[ 81%] Building CXX object source/CMakeFiles/depth.dir/modules/tof/tof.cpp.o
[ 84%] Linking CXX shared library ../../source/lib/libdepth.so
[ 84%] Built target depth
[ 87%] Building CXX object source/CMakeFiles/unittest.dir/test/test.cpp.o
[ 90%] Building CXX object source/CMakeFiles/unittest.dir/test/src/data_reader.cpp.o
[ 93%] Linking CXX executable ../../source/test/unittest
[ 93%] Built target unittest
[ 96%] Building CXX object node/CMakeFiles/depth_plugin.dir/depthdemo.cc.o
/root/workspace/workspace/gerry_depth/DepthModuleForRubby/node/depthdemo.cc: In member function â€˜void DepthInterface::OnStartDepth(mind_os::ConstPtr<depth_srvs::StartDepthSrv::Request>&, mind_os::Ptr<depth_srvs::StartDepthSrv::Response>&)â€™:
/root/workspace/workspace/gerry_depth/DepthModuleForRubby/node/depthdemo.cc:135:59: error: â€˜using element_type = const struct depth_srvs::StartDepthSrv::Request {aka const struct depth_srvs::StartDepthSrv::Request}â€™ has no member named â€˜flagâ€™
             response->success = mDepthObj->Start(request->flag);
                                                           ^~~~
/root/workspace/workspace/gerry_depth/DepthModuleForRubby/node/depthdemo.cc: In member function â€˜void DepthInterface::OnRestartDepth(mind_os::ConstPtr<depth_srvs::RestartDepthSrv::Request>&, mind_os::Ptr<depth_srvs::RestartDepthSrv::Response>&)â€™:
/root/workspace/workspace/gerry_depth/DepthModuleForRubby/node/depthdemo.cc:159:59: error: â€˜using element_type = const struct depth_srvs::RestartDepthSrv::Request {aka const struct depth_srvs::RestartDepthSrv::Request}â€™ has no member named â€˜flagâ€™
             response->success=mDepthObj->Restart(request->flag);
                                                           ^~~~
node/CMakeFiles/depth_plugin.dir/build.make:75: recipe for target 'node/CMakeFiles/depth_plugin.dir/depthdemo.cc.o' failed
make[2]: *** [node/CMakeFiles/depth_plugin.dir/depthdemo.cc.o] Error 1
CMakeFiles/Makefile2:169: recipe for target 'node/CMakeFiles/depth_plugin.dir/all' failed
make[1]: *** [node/CMakeFiles/depth_plugin.dir/all] Error 2
Makefile:90: recipe for target 'all' failed
make: *** [all] Error 2
Build step 'Execute shell' marked build as failure
Finished: FAILURE
