Started by user [8mha:////4FCKJYn7TntWy0E9yb5LbOYOQzMY6AUmHbbeMtYcoOkhAAAAmx+LCAAAAAAAAP9b85aBtbiIQTGjNKU4P08vOT+vOD8nVc83PyU1x6OyILUoJzMv2y+/JJUBAhiZGBgqihhk0NSjKDWzXb3RdlLBUSYGJk8GtpzUvPSSDB8G5tKinBIGIZ+sxLJE/ZzEvHT94JKizLx0a6BxUmjGOUNodHsLgAzmEgYB/dLi1CL9wszijMS8QqARAJgVRoDFAAAA[0mÁ•ÅÂñÑÂ∫Ü
Running as SYSTEM
Building remotely on [8mha:////4KlQqlsBph4xPlZyN8hWGoiD/RL9+nkTHD+ZAf2IYLifAAAAmR+LCAAAAAAAAP9b85aBtbiIQTGjNKU4P08vOT+vOD8nVc83PyU1x6OyILUoJzMv2y+/JJUBAhiZGBgqihhk0NSjKDWzXb3RdlLBUSYGJk8GtpzUvPSSDB8G5tKinBIGIZ+sxLJE/ZzEvHT94JKizLx0a6BxUmjGOUNodHsLgAzmEgZe/eT83ILSktQifUNTCwCQOU3ywgAAAA==[0m158 (gitlab) in workspace /home/indemind/.jenkins/workspace/caffer_semantic_map
[WS-CLEANUP] Deleting project workspace...
[WS-CLEANUP] Deferred wipeout is used...
[WS-CLEANUP] Done
[caffer_semantic_map] $ /bin/sh -xe /tmp/jenkins529324510074987129.sh
+ bash /home/indemind/myscript/build/build.sh
++ export MYSQL_PWD=123
++ MYSQL_PWD=123
++ export -f cmdb_mysql
+ . /home/indemind/myscript/build/../sh/version-update.sh
++ . /home/indemind/.bashrc
+++ case $- in
+++ return
+ set -ex
+ export -f public_project_update
+ export -f project_build
+ init_project_env
++ date +%Y%m%d
+ DT=20240725
+ UserName=jenkins
+ API_TOKEN=11b65309c9835de9579d9c9038853d9eb7
+ GIT_PRIVATE_TOKEN=emEDrsaJVjxKK5gSWrf-
+ GIT_HOST=192.168.50.191
++ echo abby/integration/semanticmap
++ awk -F/ '{print $1"%2F"$2}'
+ CONVERT_TARGET_PROJECT=abby%2Fintegration
++ python -c 'import sys, json; print(json.load(sys.stdin)["id"])'
++ curl -XGET -H 'Content-Type: application/json' --header 'PRIVATE-TOKEN: emEDrsaJVjxKK5gSWrf-' http://192.168.50.191:85/api/v4/projects/abby%2Fintegration
  % Total    % Received % Xferd  Average Speed   Time    Time     Time  Current
                                 Dload  Upload   Total   Spent    Left  Speed
  0     0    0     0    0     0      0      0 --:--:-- --:--:-- --:--:--     0100    35  100    35    0     0    817      0 --:--:-- --:--:-- --:--:--   833
Traceback (most recent call last):
  File "<string>", line 1, in <module>
KeyError: 'id'
+ SUB_PROJECT_ID=
+ true
+ '[' -z ']'
+ SOURCE_DIR=/home/indemind/.jenkins/workspace/caffer_semantic_map/SemanticMap
+ TARGET_DIR=/home/indemind/.jenkins/workspace/caffer_semantic_map/semanticmap
+ prepare_env
++ uname -m
+ system_platform=x86_64
+ :
++ cat /proc/cpuinfo
++ grep processor
++ wc -l
++ sort
++ uniq
+ mt=-j4
+ export COMMIT_ID_FILE=/home/indemind/.jenkins/workspace/caffer_semantic_map/_last_build_id
+ COMMIT_ID_FILE=/home/indemind/.jenkins/workspace/caffer_semantic_map/_last_build_id
+ export COMMIT_MSG_FILE=/home/indemind/.jenkins/workspace/caffer_semantic_map/_commit-msg
+ COMMIT_MSG_FILE=/home/indemind/.jenkins/workspace/caffer_semantic_map/_commit-msg
+ export COMMIT_MSG_FILE_TMP=/home/indemind/.jenkins/workspace/caffer_semantic_map/_commit-msg.tmp
+ COMMIT_MSG_FILE_TMP=/home/indemind/.jenkins/workspace/caffer_semantic_map/_commit-msg.tmp
+ rm -f /home/indemind/.jenkins/workspace/caffer_semantic_map/_last_build_id
+ rm -f /home/indemind/.jenkins/workspace/caffer_semantic_map/_commit-msg
+ rm -f /home/indemind/.jenkins/workspace/caffer_semantic_map/_commit-msg.tmp
+ rm -f /home/indemind/.jenkins/workspace/caffer_semantic_map/result.log
+ rm -f /home/indemind/.jenkins/workspace/caffer_semantic_map/no_code_change.log
+ sign_env
+ CONFIG_DIR_SET=/home/indemind/system
+ CONFIG_BRANCH=mind_os
+ CLONE_DEPTH=--depth=1
+ CONFIG_DIR=/home/indemind/system/i18rconfig
+ CONFIG_REMOTE='git clone ssh://git@192.168.50.191:222/AroundI18RProject/i18rconfig /home/indemind/system/i18rconfig -b mind_os --depth=1'
+ [[ x86_64 =~ x86_64 ]]
+ ENCRYPTION_TOOL=/home/indemind/system/i18rconfig/encrypt_x64
+ CLONE_DEPTH=--depth=1
+ PUBLICBASETYPES_DIR=/home/indemind/system/I18RPublicBaseTypes
+ cmdb_mysql 'insert into prebuild(job_name,source_project,source_branch,target_project,target_branch,time,build_url,node_name,build_user) values ('\''caffer_semantic_map'\'','\''DepthModules/projects/SemanticMap'\'','\''dev'\'','\''abby/integration/semanticmap'\'','\''caffer'\'',now(),'\''http://192.168.50.191:8088/job/caffer_semantic_map/326/'\'','\''158'\'','\''qishanqing'\'')'
+ set +x
+ DOCKER_CONTAINER_I18=build-x64-18.04
+ DOCKER_CONTAINER_RUBBY=c405
+ DOCKER_CONTAINER_RUBBY_INSIDE=c3566
+ DOCKER_CONTAINER_JAVA=node
+ JENKINS_JOB_A=mind
+ JENKINS_JOB_B=rbn
+ JENKINS_JOB_C=mark-check-tools
+ JENKINS_JOB_D=java
+ JENKINS_JOB_E=clean_recorder
+ JENKINS_JOB_F=i18r
+ JENKINS_JOB_G=nodejs
+ JENKINS_JOB_H=_ui
+ JENKINS_JOB_L=i12r
+ [[ caffer_semantic_map =~ mind ]]
+ '[' true = false ']'
+ source_project_fetch
+ git clone ssh://git@192.168.50.191:222/DepthModules/projects/SemanticMap -b dev --depth=1
Ê≠£ÂÖãÈöÜÂà∞ 'SemanticMap'...
Warning: Permanently added '[192.168.50.191]:222' (ECDSA) to the list of known hosts.
+ target_project_update
+ rm -rf /home/indemind/.jenkins/workspace/caffer_semantic_map/semanticmap
+ target_project_fetch
+ git clone ssh://git@192.168.50.191:222/abby/integration/semanticmap -b caffer --depth=1
Ê≠£ÂÖãÈöÜÂà∞ 'semanticmap'...
Warning: Permanently added '[192.168.50.191]:222' (ECDSA) to the list of known hosts.
+ insert_db
+ pushd /home/indemind/.jenkins/workspace/caffer_semantic_map/SemanticMap
~/.jenkins/workspace/caffer_semantic_map/SemanticMap ~/.jenkins/workspace/caffer_semantic_map
++ cmdb_mysql 'SELECT first_commit_id FROM prebuild where source_project='\''DepthModules/projects/SemanticMap'\'' and source_branch='\''dev'\'' and target_project='\''abby/integration/semanticmap'\'' and target_branch='\''caffer'\'' and status='\''0'\'' and job_name='\''caffer_semantic_map'\'' order by id desc limit 1;'
++ set +x
+ version=
++ echo
++ awk -F ' ' '{print $2}'
+ version=
++ git log -1 --pretty=format:%h
+ first_commit_id_now=577b48e
+ cmdb_mysql 'update prebuild set first_commit_id='\''577b48e'\'' where build_url='\''http://192.168.50.191:8088/job/caffer_semantic_map/326/'\'';'
+ set +x
+ popd
~/.jenkins/workspace/caffer_semantic_map
+ [[ x86_64 =~ x86_64 ]]
+ docker exec -i c3566 /bin/bash
++ cat /home/indemind/system/i18rconfig/encryption.list
++ cat /home/indemind/system/i18rconfig/encryption.list
+ pushd /home/indemind/.jenkins/workspace/caffer_semantic_map/SemanticMap
/home/indemind/.jenkins/workspace/caffer_semantic_map/SemanticMap /
+ git submodule update --init --recursive
Submodule 'submodules/abby_msg' (ssh://git@192.168.50.191:222/abby/source/abby_msg.git) registered for path 'submodules/abby_msg'
Cloning into '/home/indemind/.jenkins/workspace/caffer_semantic_map/SemanticMap/submodules/abby_msg'...
Submodule path 'submodules/abby_msg': checked out '169e86457aaf416ec78cea234c3c39cb6cce278d'
+ git submodule update --remote
Submodule path 'submodules/abby_msg': checked out '057e47fa5b878fb7b1f447c8cae8d7ae1f84795b'
+ sed -i 's/make -j[0-9].*/make -j4/g' scripts/compile.sh
+ source /opt/ros/melodic/setup.bash
+ bash -ex scripts/compile.sh
+ main
+ git submodule update --init --recursive
Submodule path 'submodules/abby_msg': checked out '169e86457aaf416ec78cea234c3c39cb6cce278d'
+ git submodule update --remote
Submodule path 'submodules/abby_msg': checked out '057e47fa5b878fb7b1f447c8cae8d7ae1f84795b'
++ GetProjectPath
++++ dirname scripts/compile.sh
+++ cd scripts
+++ pwd
++ local scriptsDir=/home/indemind/.jenkins/workspace/caffer_semantic_map/SemanticMap/scripts
+++ dirname /home/indemind/.jenkins/workspace/caffer_semantic_map/SemanticMap/scripts
++ echo /home/indemind/.jenkins/workspace/caffer_semantic_map/SemanticMap
+ local projectPath=/home/indemind/.jenkins/workspace/caffer_semantic_map/SemanticMap
+ cd /home/indemind/.jenkins/workspace/caffer_semantic_map/SemanticMap
+ mkdir build
+ cd build
+ cmake ..
Unsupported ioctl: cmd=0x40049409
-- The C compiler identification is GNU 7.5.0
Unsupported ioctl: cmd=0x40049409
-- The CXX compiler identification is GNU 7.5.0
Unsupported ioctl: cmd=0x40049409
-- Detecting C compiler ABI info
Unsupported ioctl: cmd=0x40049409
-- Detecting C compiler ABI info - done
-- Check for working C compiler: /usr/bin/cc - skipped
-- Detecting C compile features
-- Detecting C compile features - done
Unsupported ioctl: cmd=0x40049409
-- Detecting CXX compiler ABI info
Unsupported ioctl: cmd=0x40049409
-- Detecting CXX compiler ABI info - done
-- Check for working CXX compiler: /usr/bin/c++ - skipped
-- Detecting CXX compile features
-- Detecting CXX compile features - done
Unsupported ioctl: cmd=0x40049409
-- Found Boost: /usr/include (found suitable version "1.65.1", minimum required is "1.55.0") found components: system filesystem 
-- Configuring done
-- Generating done
-- Build files have been written to: /home/indemind/.jenkins/workspace/caffer_semantic_map/SemanticMap/build
+ make
[  8%] Building CXX object source/CMakeFiles/semantic_map.dir/src/basic/get_time.cpp.o
In file included from /usr/include/aarch64-linux-gnu/c++/7/bits/os_defines.h:39:0,
                 from /usr/include/aarch64-linux-gnu/c++/7/bits/c++config.h:533,
                 from /usr/include/c++/7/type_traits:38,
                 from /usr/include/c++/7/ratio:38,
                 from /usr/include/c++/7/chrono:38,
                 from /home/indemind/.jenkins/workspace/caffer_semantic_map/SemanticMap/source/src/basic/get_time.h:9,
                 from /home/indemind/.jenkins/workspace/caffer_semantic_map/SemanticMap/source/src/basic/get_time.cpp:6:
/usr/include/features.h:424:12: fatal error: sys/cdefs.h: No such file or directory
 #  include <sys/cdefs.h>
            ^~~~~~~~~~~~~
compilation terminated.
source/CMakeFiles/semantic_map.dir/build.make:75: recipe for target 'source/CMakeFiles/semantic_map.dir/src/basic/get_time.cpp.o' failed
make[2]: *** [source/CMakeFiles/semantic_map.dir/src/basic/get_time.cpp.o] Error 1
CMakeFiles/Makefile2:133: recipe for target 'source/CMakeFiles/semantic_map.dir/all' failed
make[1]: *** [source/CMakeFiles/semantic_map.dir/all] Error 2
Makefile:90: recipe for target 'all' failed
make: *** [all] Error 2
+ echo 0
+ [[ caffer_semantic_map =~ mind ]]
+ popd
/
+ exit
+ [[ -f /home/indemind/.jenkins/workspace/caffer_semantic_map/no_code_change.log ]]
+ check_status_code
+ test -f /home/indemind/.jenkins/workspace/caffer_semantic_map/result.log
+ echo 'containge build is error'
containge build is error
+ exit 1
Build step 'Execute shell' marked build as failure
Finished: FAILURE
