Started by user [8mha:////4HSeVHkKJ5mgbZK4sWy8myCb9E5jTwXackQ/FiSdye3XAAAAmR+LCAAAAAAAAP9b85aBtbiIQTGjNKU4P08vOT+vOD8nVc83PyU1x6OyILUoJzMv2y+/JJUBAhiZGBgqihhk0NSjKDWzXb3RdlLBUSYGJk8GtpzUvPSSDB8G5tKinBIGIZ+sxLJE/ZzEvHT94JKizLx0a6BxUmjGOUNodHsLgAz2EgZe/dLi1CL9wszSnMyiUgDL2Mr0wgAAAA==[0mQiuliru
Rebuilds build #[8mha:////4OLlIDMycbH+7rpZHbf/1b2UQjWHVcKUqdu67pIdBAQQAAAAqB+LCAAAAAAAAP9b85aBtbiIQTGjNKU4P08vOT+vOD8nVc83PyU1x6OyILUoJzMv2y+/JJUBAhiZGBgqihhk0NSjKDWzXb3RdlLBUSYGJk8GtpzUvPSSDB8G5tKinBIGIZ+sxLJE/ZzEvHT94JKizLx0a6BxUmjGOUNodHsLgAymEgYF/bLM1HL9lNSCkgz9rPwk/UxDi6L4dKN4iIiRIQA82mZR1QAAAA==[0m21
Running as SYSTEM
Building remotely on [8mha:////4P1a+jSCm2+jQZ3VRdJij7cRjyhx4PB7el9tXnyqLu2zAAAAoR+LCAAAAAAAAP9b85aBtbiIQTGjNKU4P08vOT+vOD8nVc83PyU1x6OyILUoJzMv2y+/JJUBAhiZGBgqihhk0NSjKDWzXb3RdlLBUSYGJk8GtpzUvPSSDB8G5tKinBIGIZ+sxLJE/ZzEvHT94JKizLx0a6BxUmjGOUNodHsLgAzuEgZR/eT83ILSktQi/eyMxJTEYt3kxCITAOR6YlPKAAAA[0mkhadas-car4 (car4) in workspace /root/workspace/workspace/i18r_g2_depth
[WS-CLEANUP] Deleting project workspace...
[WS-CLEANUP] Deferred wipeout is used...
[WS-CLEANUP] Done
[i18r_g2_depth] $ /bin/sh -xe /tmp/jenkins15143187615619050787.sh
+ bash /root/myscript/build/build.sh
++ export MYSQL_PWD=123
++ MYSQL_PWD=123
++ export -f cmdb_mysql
+ . /root/myscript/build/../sh/version-update.sh
++ . /root/.bashrc
+++ '[' -z '' ']'
+++ return
+ set -ex
+ export -f public_project_update
+ export -f project_build
+ init_project_env
++ date +%Y%m%d
+ DT=20240427
+ UserName=jenkins
+ API_TOKEN=11b65309c9835de9579d9c9038853d9eb7
+ GIT_PRIVATE_TOKEN=emEDrsaJVjxKK5gSWrf-
+ GIT_HOST=192.168.50.191
++ awk -F/ '{print $1"%2F"$2}'
++ echo AroundI18RProject/I18RDepthSubmodule
+ CONVERT_TARGET_PROJECT=AroundI18RProject%2FI18RDepthSubmodule
++ curl -XGET -H 'Content-Type: application/json' --header 'PRIVATE-TOKEN: emEDrsaJVjxKK5gSWrf-' http://192.168.50.191:85/api/v4/projects/AroundI18RProject%2FI18RDepthSubmodule
++ python -c 'import sys, json; print(json.load(sys.stdin)["id"])'
  % Total    % Received % Xferd  Average Speed   Time    Time     Time  Current
                                 Dload  Upload   Total   Spent    Left  Speed
  0     0    0     0    0     0      0      0 --:--:-- --:--:-- --:--:--     0100  3285    0  3285    0     0  13744      0 --:--:-- --:--:-- --:--:-- 13802
+ SUB_PROJECT_ID=293
+ '[' -z ']'
+ SOURCE_DIR=/root/workspace/workspace/i18r_g2_depth/GenericDepth
+ TARGET_DIR=/root/workspace/workspace/i18r_g2_depth/I18RDepthSubmodule
+ prepare_env
++ uname -m
+ system_platform=aarch64
+ :
++ grep processor
++ sort
++ uniq
++ cat /proc/cpuinfo
++ wc -l
+ mt=-j4
+ export COMMIT_ID_FILE=/root/workspace/workspace/i18r_g2_depth/_last_build_id
+ COMMIT_ID_FILE=/root/workspace/workspace/i18r_g2_depth/_last_build_id
+ export COMMIT_MSG_FILE=/root/workspace/workspace/i18r_g2_depth/_commit-msg
+ COMMIT_MSG_FILE=/root/workspace/workspace/i18r_g2_depth/_commit-msg
+ export COMMIT_MSG_FILE_TMP=/root/workspace/workspace/i18r_g2_depth/_commit-msg.tmp
+ COMMIT_MSG_FILE_TMP=/root/workspace/workspace/i18r_g2_depth/_commit-msg.tmp
+ rm -f /root/workspace/workspace/i18r_g2_depth/_last_build_id
+ rm -f /root/workspace/workspace/i18r_g2_depth/_commit-msg
+ rm -f /root/workspace/workspace/i18r_g2_depth/_commit-msg.tmp
+ rm -f /root/workspace/workspace/i18r_g2_depth/result.log
+ rm -f /root/workspace/workspace/i18r_g2_depth/no_code_change.log
+ sign_env
+ CONFIG_DIR_SET=/root/system
+ CONFIG_BRANCH=mind_os
+ CLONE_DEPTH=--depth=1
+ CONFIG_DIR=/root/system/i18rconfig
+ CONFIG_REMOTE='git clone ssh://git@192.168.50.191:222/AroundI18RProject/i18rconfig /root/system/i18rconfig -b mind_os --depth=1'
+ [[ aarch64 =~ x86_64 ]]
+ ENCRYPTION_TOOL=/root/system/i18rconfig/encrypt
+ CLONE_DEPTH=--depth=1
+ PUBLICBASETYPES_DIR=/root/system/I18RPublicBaseTypes
+ cmdb_mysql 'insert into prebuild(job_name,source_project,source_branch,target_project,target_branch,time,build_url,node_name,build_user) values ('\''i18r_g2_depth'\'','\''DepthModules/projects/GenericDepth'\'','\''i18r_g2'\'','\''AroundI18RProject/I18RDepthSubmodule'\'','\''i18r_g2'\'',now(),'\''http://192.168.50.191:8088/job/i18r_g2_depth/23/'\'','\''khadas-car4'\'','\''qiuliru'\'')'
+ set +x
+ DOCKER_CONTAINER_I18=build-x64-18.04
+ DOCKER_CONTAINER_RUBBY=c405
+ DOCKER_CONTAINER_RUBBY_INSIDE=c3566
+ DOCKER_CONTAINER_JAVA=node
+ JENKINS_JOB_A=mind
+ JENKINS_JOB_B=rbn
+ JENKINS_JOB_C=mark-check-tools
+ JENKINS_JOB_D=java
+ JENKINS_JOB_E=clean_recorder
+ JENKINS_JOB_F=i18r
+ JENKINS_JOB_G=nodejs
+ JENKINS_JOB_H=_ui
+ JENKINS_JOB_L=i12r
+ [[ i18r_g2_depth =~ mind ]]
+ '[' true = false ']'
+ source_project_fetch
+ git clone ssh://git@192.168.50.191:222/DepthModules/projects/GenericDepth -b i18r_g2 --depth=1
Ê≠£ÂÖãÈöÜÂà∞ 'GenericDepth'...
+ target_project_update
+ rm -rf /root/workspace/workspace/i18r_g2_depth/I18RDepthSubmodule
+ target_project_fetch
+ git clone ssh://git@192.168.50.191:222/AroundI18RProject/I18RDepthSubmodule -b i18r_g2 --depth=1
Ê≠£ÂÖãÈöÜÂà∞ 'I18RDepthSubmodule'...
+ insert_db
+ pushd /root/workspace/workspace/i18r_g2_depth/GenericDepth
~/workspace/workspace/i18r_g2_depth/GenericDepth ~/workspace/workspace/i18r_g2_depth
++ cmdb_mysql 'SELECT first_commit_id FROM prebuild where source_project='\''DepthModules/projects/GenericDepth'\'' and source_branch='\''i18r_g2'\'' and target_project='\''AroundI18RProject/I18RDepthSubmodule'\'' and target_branch='\''i18r_g2'\'' and status='\''0'\'' and job_name='\''i18r_g2_depth'\'' order by id desc limit 1;'
++ set +x
+ version='first_commit_id
52e87c3'
++ awk -F ' ' '{print $2}'
++ echo first_commit_id 52e87c3
+ version=52e87c3
++ git log -1 --pretty=format:%h
+ first_commit_id_now=8f1a3be
+ cmdb_mysql 'update prebuild set first_commit_id='\''8f1a3be'\'' where build_url='\''http://192.168.50.191:8088/job/i18r_g2_depth/23/'\'';'
+ set +x
+ popd
~/workspace/workspace/i18r_g2_depth
+ [[ aarch64 =~ x86_64 ]]
+ [[ i18r_g2_depth =~ i18r ]]
+ public_project_update
+ rm -rf /root/system/I18RPublicBaseTypes
+ [[ i18r_g2_depth =~ nodejs ]]
+ [[ i18r_g2_depth =~ clean_recorder ]]
+ [[ i18r_g2_depth =~ i18r ]]
+ git clone ssh://git@192.168.50.191:222/AroundI18RProject/I18RPublicBaseTypes.git /root/system/I18RPublicBaseTypes -b develop --depth=1
Ê≠£ÂÖãÈöÜÂà∞ '/root/system/I18RPublicBaseTypes'...
+ public_project_todo
+ pushd /root/system/I18RPublicBaseTypes
~/system/I18RPublicBaseTypes ~/workspace/workspace/i18r_g2_depth
+ ./install.sh
-- The C compiler identification is GNU 7.5.0
-- The CXX compiler identification is GNU 7.5.0
-- Check for working C compiler: /usr/bin/cc
-- Check for working C compiler: /usr/bin/cc -- works
-- Detecting C compiler ABI info
-- Detecting C compiler ABI info - done
-- Detecting C compile features
-- Detecting C compile features - done
-- Check for working CXX compiler: /usr/bin/c++
-- Check for working CXX compiler: /usr/bin/c++ -- works
-- Detecting CXX compiler ABI info
-- Detecting CXX compiler ABI info - done
-- Detecting CXX compile features
-- Detecting CXX compile features - done
-- CMAKE_INSTALL_PREFIX: /usr/local.
-- I18R_INCLUDE_INSTALL_DIR: /usr/local/include/I18RPublicBaseTypes.
-- CMAKE_CURRENT_SOURCE_DIR: /root/system/I18RPublicBaseTypes.
-- Configuring done
-- Generating done
-- Build files have been written to: /root/system/I18RPublicBaseTypes/build
sudo: Êó†Ê≥ïËß£Êûê‰∏ªÊú∫Ôºöcar4
Install the project...
-- Install configuration: "Release"
-- Installing: /usr/local/include/I18RPublicBaseTypes/base_types.h
-- Installing: /usr/local/include/I18RPublicBaseTypes/calibr_types.h
-- Installing: /usr/local/include/I18RPublicBaseTypes/cloud_types.h
-- Installing: /usr/local/include/I18RPublicBaseTypes/control_types.h
-- Installing: /usr/local/include/I18RPublicBaseTypes/depth_types.h
-- Installing: /usr/local/include/I18RPublicBaseTypes/detector_types.h
-- Installing: /usr/local/include/I18RPublicBaseTypes/error_types.h
-- Installing: /usr/local/include/I18RPublicBaseTypes/geometry_types.h
-- Installing: /usr/local/include/I18RPublicBaseTypes/hmi_types.h
-- Installing: /usr/local/include/I18RPublicBaseTypes/imsee_types.h
-- Installing: /usr/local/include/I18RPublicBaseTypes/marker_types.h
-- Installing: /usr/local/include/I18RPublicBaseTypes/msg_types.h
-- Installing: /usr/local/include/I18RPublicBaseTypes/old_hmi_types.h
-- Installing: /usr/local/include/I18RPublicBaseTypes/sensor_types.h
-- Installing: /usr/local/include/I18RPublicBaseTypes/server_types.h
-- Installing: /usr/local/include/I18RPublicBaseTypes/slam_types.h
-- Installing: /usr/local/include/I18RPublicBaseTypes/swr_types.h
-- Installing: /usr/local/include/I18RPublicBaseTypes/README.md
-- Installing: /usr/local/include/I18RPublicBaseTypes/base/Data.h
-- Installing: /usr/local/include/I18RPublicBaseTypes/base/ErrorInfo.h
-- Installing: /usr/local/include/I18RPublicBaseTypes/base/ErrorMessage.h
-- Installing: /usr/local/include/I18RPublicBaseTypes/base/FormatData.h
-- Installing: /usr/local/include/I18RPublicBaseTypes/base/InternalErrorCode.h
-- Installing: /usr/local/include/I18RPublicBaseTypes/base/Module.h
-- Installing: /usr/local/include/I18RPublicBaseTypes/base/README.md
-- Installing: /usr/local/include/I18RPublicBaseTypes/base/ThreadInfo.h
-- Installing: /usr/local/include/I18RPublicBaseTypes/base/Time.h
-- Installing: /usr/local/include/I18RPublicBaseTypes/base/WorkStatus.h
-- Installing: /usr/local/include/I18RPublicBaseTypes/calibr/Cameara2Camera.h
-- Installing: /usr/local/include/I18RPublicBaseTypes/calibr/Camera2Lidar.h
-- Installing: /usr/local/include/I18RPublicBaseTypes/calibr/Camera2Odometry.h
-- Installing: /usr/local/include/I18RPublicBaseTypes/calibr/Camera2Tof.h
-- Installing: /usr/local/include/I18RPublicBaseTypes/calibr/Imu2Odometry.h
-- Installing: /usr/local/include/I18RPublicBaseTypes/calibr/README.md
-- Installing: /usr/local/include/I18RPublicBaseTypes/calibr/Transform.h
-- Installing: /usr/local/include/I18RPublicBaseTypes/cloud/README.md
-- Installing: /usr/local/include/I18RPublicBaseTypes/control/PointCloud.h
-- Installing: /usr/local/include/I18RPublicBaseTypes/control/README.md
-- Installing: /usr/local/include/I18RPublicBaseTypes/control/autoClean_property.h
-- Installing: /usr/local/include/I18RPublicBaseTypes/control/clean_path.h
-- Installing: /usr/local/include/I18RPublicBaseTypes/control/current_type.h
-- Installing: /usr/local/include/I18RPublicBaseTypes/control/drop_event.h
-- Installing: /usr/local/include/I18RPublicBaseTypes/control/grass_boundary.h
-- Installing: /usr/local/include/I18RPublicBaseTypes/control/pose.h
-- Installing: /usr/local/include/I18RPublicBaseTypes/control/robot_event.h
-- Installing: /usr/local/include/I18RPublicBaseTypes/control/robot_status.h
-- Installing: /usr/local/include/I18RPublicBaseTypes/control/work_mode.h
-- Installing: /usr/local/include/I18RPublicBaseTypes/control/work_runs.h
-- Installing: /usr/local/include/I18RPublicBaseTypes/depth/CalibrationImage.h
-- Installing: /usr/local/include/I18RPublicBaseTypes/depth/DepthMatrix.h
-- Installing: /usr/local/include/I18RPublicBaseTypes/depth/DepthPointCloud.h
-- Installing: /usr/local/include/I18RPublicBaseTypes/depth/GrassBoundary.h
-- Installing: /usr/local/include/I18RPublicBaseTypes/depth/LightAdjustment.h
-- Installing: /usr/local/include/I18RPublicBaseTypes/depth/README.md
-- Installing: /usr/local/include/I18RPublicBaseTypes/depth/SourceImage.h
-- Installing: /usr/local/include/I18RPublicBaseTypes/detector/DetectorResult.h
-- Installing: /usr/local/include/I18RPublicBaseTypes/detector/README.md
-- Installing: /usr/local/include/I18RPublicBaseTypes/detector/class.h
-- Installing: /usr/local/include/I18RPublicBaseTypes/detector/detect_types.h
-- Installing: /usr/local/include/I18RPublicBaseTypes/detector/detector_param.h
-- Installing: /usr/local/include/I18RPublicBaseTypes/detector/error_code.h
-- Installing: /usr/local/include/I18RPublicBaseTypes/detector/instance.h
-- Installing: /usr/local/include/I18RPublicBaseTypes/detector/map.h
-- Installing: /usr/local/include/I18RPublicBaseTypes/detector/save_info.h
-- Installing: /usr/local/include/I18RPublicBaseTypes/detector/save_status.h
-- Installing: /usr/local/include/I18RPublicBaseTypes/geometry/EulerAngle.h
-- Installing: /usr/local/include/I18RPublicBaseTypes/geometry/Point.h
-- Installing: /usr/local/include/I18RPublicBaseTypes/geometry/Quaternion.h
-- Installing: /usr/local/include/I18RPublicBaseTypes/hmi/README.md
-- Installing: /usr/local/include/I18RPublicBaseTypes/hmi/gen.sh
-- Installing: /usr/local/include/I18RPublicBaseTypes/hmi/public.fbs
-- Installing: /usr/local/include/I18RPublicBaseTypes/hmi/report.fbs
-- Installing: /usr/local/include/I18RPublicBaseTypes/hmi/request.fbs
-- Installing: /usr/local/include/I18RPublicBaseTypes/hmi/response.fbs
-- Installing: /usr/local/include/I18RPublicBaseTypes/hmi/public_generated.h
-- Installing: /usr/local/include/I18RPublicBaseTypes/hmi/report_generated.h
-- Installing: /usr/local/include/I18RPublicBaseTypes/hmi/request_generated.h
-- Installing: /usr/local/include/I18RPublicBaseTypes/hmi/response_generated.h
-- Installing: /usr/local/include/I18RPublicBaseTypes/hmi/public.h
-- Installing: /usr/local/include/I18RPublicBaseTypes/hmi/report.h
-- Installing: /usr/local/include/I18RPublicBaseTypes/hmi/request.h
-- Installing: /usr/local/include/I18RPublicBaseTypes/hmi/response.h
-- Installing: /usr/local/include/I18RPublicBaseTypes/imsee/CImseeImage.h
-- Installing: /usr/local/include/I18RPublicBaseTypes/imsee/CImseeImu.h
-- Installing: /usr/local/include/I18RPublicBaseTypes/imsee/CImseeMsgHotplug.h
-- Installing: /usr/local/include/I18RPublicBaseTypes/imsee/CImseeMsgImage.h
-- Installing: /usr/local/include/I18RPublicBaseTypes/imsee/CImseeMsgImu.h
-- Installing: /usr/local/include/I18RPublicBaseTypes/imsee/CImseeMsgParam.h
-- Installing: /usr/local/include/I18RPublicBaseTypes/imsee/CameraParameter.h
-- Installing: /usr/local/include/I18RPublicBaseTypes/imsee/CameraParameterOld.h
-- Installing: /usr/local/include/I18RPublicBaseTypes/imsee/IMUParameter.h
-- Installing: /usr/local/include/I18RPublicBaseTypes/imsee/ModuleInfo.h
-- Installing: /usr/local/include/I18RPublicBaseTypes/imsee/MoudleAllParam.h
-- Installing: /usr/local/include/I18RPublicBaseTypes/imsee/Resolution.h
-- Installing: /usr/local/include/I18RPublicBaseTypes/imsee/SDebugSet.h
-- Installing: /usr/local/include/I18RPublicBaseTypes/imsee/SlamParameter.h
-- Installing: /usr/local/include/I18RPublicBaseTypes/imsee/StreamType.h
-- Installing: /usr/local/include/I18RPublicBaseTypes/marker/MarkerState.h
-- Installing: /usr/local/include/I18RPublicBaseTypes/marker/state.h
-- Installing: /usr/local/include/I18RPublicBaseTypes/msg/AFI.h
-- Installing: /usr/local/include/I18RPublicBaseTypes/msg/Basic.h
-- Installing: /usr/local/include/I18RPublicBaseTypes/msg/Config.h
-- Installing: /usr/local/include/I18RPublicBaseTypes/msg/Log.h
-- Installing: /usr/local/include/I18RPublicBaseTypes/msg/Route.h
-- Installing: /usr/local/include/I18RPublicBaseTypes/msg/Work.h
-- Installing: /usr/local/include/I18RPublicBaseTypes/sensor/BumperEvent.h
-- Installing: /usr/local/include/I18RPublicBaseTypes/sensor/CleanEvent.h
-- Installing: /usr/local/include/I18RPublicBaseTypes/sensor/CliffData.h
-- Installing: /usr/local/include/I18RPublicBaseTypes/sensor/CliffEvent.h
-- Installing: /usr/local/include/I18RPublicBaseTypes/sensor/CtrlType.h
-- Installing: /usr/local/include/I18RPublicBaseTypes/sensor/DropEvent.h
-- Installing: /usr/local/include/I18RPublicBaseTypes/sensor/EncoderData.h
-- Installing: /usr/local/include/I18RPublicBaseTypes/sensor/LaserScan.h
-- Installing: /usr/local/include/I18RPublicBaseTypes/sensor/PointCloud2.h
-- Installing: /usr/local/include/I18RPublicBaseTypes/sensor/RobotChassisEvent.h
-- Installing: /usr/local/include/I18RPublicBaseTypes/sensor/SonyCamera.h
-- Installing: /usr/local/include/I18RPublicBaseTypes/sensor/StartStopSwitchEvent.h
-- Installing: /usr/local/include/I18RPublicBaseTypes/sensor/TofDepthData.h
-- Installing: /usr/local/include/I18RPublicBaseTypes/sensor/TofDepthImg.h
-- Installing: /usr/local/include/I18RPublicBaseTypes/sensor/TofGrayImg.h
-- Installing: /usr/local/include/I18RPublicBaseTypes/sensor/TofPointCloud.h
-- Installing: /usr/local/include/I18RPublicBaseTypes/sensor/UltraData.h
-- Installing: /usr/local/include/I18RPublicBaseTypes/sensor/UsbHotplug.h
-- Installing: /usr/local/include/I18RPublicBaseTypes/sensor/VelocityCmd.h
-- Installing: /usr/local/include/I18RPublicBaseTypes/sensor/VelocityData.h
-- Installing: /usr/local/include/I18RPublicBaseTypes/server/DataRateState.h
-- Installing: /usr/local/include/I18RPublicBaseTypes/server/SystemState.h
-- Installing: /usr/local/include/I18RPublicBaseTypes/server/UserOperation.h
-- Installing: /usr/local/include/I18RPublicBaseTypes/slam/Pose.h
-- Installing: /usr/local/include/I18RPublicBaseTypes/slam/README.md
-- Installing: /usr/local/include/I18RPublicBaseTypes/slam/SlamResult.h
-- Installing: /usr/local/include/I18RPublicBaseTypes/slam/SlamState.h
-- Installing: /usr/local/include/I18RPublicBaseTypes/error/ErrorCode.h
-- Installing: /usr/local/include/I18RPublicBaseTypes/error/ErrorEvent.h
-- Installing: /usr/local/include/I18RPublicBaseTypes/error/ErrorMessage.h
-- Installing: /usr/local/include/I18RPublicBaseTypes/error/ErrorTable.h
-- Installing: /usr/local/include/I18RPublicBaseTypes/error/IceErrorCode.h
-- Installing: /usr/local/include/I18RPublicBaseTypes/error/error_maps.yaml
sudo: Êó†Ê≥ïËß£Êûê‰∏ªÊú∫Ôºöcar4
+ popd
~/workspace/workspace/i18r_g2_depth
+ public_i18rutilitysubmodule_update
+ pushd /root/system/i18rutilitysubmodule
~/system/i18rutilitysubmodule ~/workspace/workspace/i18r_g2_depth
+ git checkout ./
+ git clean -xdf ./
+ git pull origin develop
Êù•Ëá™ ssh://192.168.50.191:222/AroundI18RProject/i18rutilitysubmodule
 * branch            develop    -> FETCH_HEAD
Â∑≤ÁªèÊòØÊúÄÊñ∞ÁöÑ„ÄÇ
+ ./install.sh
sudo: Êó†Ê≥ïËß£Êûê‰∏ªÊú∫Ôºöcar4
+ popd
~/workspace/workspace/i18r_g2_depth
+ project_build
+ pushd /root/workspace/workspace/i18r_g2_depth/GenericDepth
~/workspace/workspace/i18r_g2_depth/GenericDepth ~/workspace/workspace/i18r_g2_depth
+ project_init_remote
++ find -type f -name sync_submodules.sh
+ sf=
+ '[' -z ']'
+ git submodule update --init --recursive
Â≠êÊ®°ÁªÑ 'modules/Public/PublicTypes'Ôºàssh://git@192.168.50.191:222/repid_deploy/source/messages.gitÔºâÊú™ÂØπË∑ØÂæÑ 'modules/Public/PublicTypes' Ê≥®ÂÜå
Â≠êÊ®°ÁªÑ 'modules/Public/Utility'Ôºàssh://git@192.168.50.191:222/AroundI18RProject/i18rutilitysubmodule.gitÔºâÊú™ÂØπË∑ØÂæÑ 'modules/Public/Utility' Ê≥®ÂÜå
Â≠êÊ®°ÁªÑ 'modules/Public/mind_os'Ôºàssh://git@192.168.50.191:222/repid_deploy/source/mind_os.gitÔºâÊú™ÂØπË∑ØÂæÑ 'modules/Public/mind_os' Ê≥®ÂÜå
Â≠êÊ®°ÁªÑ 'modules/SubMod/basic_functions'Ôºàssh://git@192.168.50.191:222/DepthModules/submodules/basic_functions.gitÔºâÊú™ÂØπË∑ØÂæÑ 'modules/SubMod/basic_functions' Ê≥®ÂÜå
Â≠êÊ®°ÁªÑ 'modules/SubMod/generate_laser'Ôºàssh://git@192.168.50.191:222/DepthModules/submodules/generate_laser.gitÔºâÊú™ÂØπË∑ØÂæÑ 'modules/SubMod/generate_laser' Ê≥®ÂÜå
Â≠êÊ®°ÁªÑ 'modules/SubMod/stereo_vision'Ôºàssh://git@192.168.50.191:222/DepthModules/submodules/stereo_vision.gitÔºâÊú™ÂØπË∑ØÂæÑ 'modules/SubMod/stereo_vision' Ê≥®ÂÜå
Â≠êÊ®°ÁªÑ 'modules/SubMod/tof_process'Ôºàssh://git@192.168.50.191:222/DepthModules/submodules/tof_process.gitÔºâÊú™ÂØπË∑ØÂæÑ 'modules/SubMod/tof_process' Ê≥®ÂÜå
Ê≠£ÂÖãÈöÜÂà∞ '/root/workspace/workspace/i18r_g2_depth/GenericDepth/modules/Public/PublicTypes'...
Ê≠£ÂÖãÈöÜÂà∞ '/root/workspace/workspace/i18r_g2_depth/GenericDepth/modules/Public/Utility'...
Ê≠£ÂÖãÈöÜÂà∞ '/root/workspace/workspace/i18r_g2_depth/GenericDepth/modules/Public/mind_os'...
Ê≠£ÂÖãÈöÜÂà∞ '/root/workspace/workspace/i18r_g2_depth/GenericDepth/modules/SubMod/basic_functions'...
Ê≠£ÂÖãÈöÜÂà∞ '/root/workspace/workspace/i18r_g2_depth/GenericDepth/modules/SubMod/generate_laser'...
Ê≠£ÂÖãÈöÜÂà∞ '/root/workspace/workspace/i18r_g2_depth/GenericDepth/modules/SubMod/stereo_vision'...
Ê≠£ÂÖãÈöÜÂà∞ '/root/workspace/workspace/i18r_g2_depth/GenericDepth/modules/SubMod/tof_process'...
Â≠êÊ®°ÁªÑË∑ØÂæÑ 'modules/Public/PublicTypes'ÔºöÊ£ÄÂá∫ 'd2424e6e675464328149ffb9959f1d0cb1f64a17'
Â≠êÊ®°ÁªÑË∑ØÂæÑ 'modules/Public/Utility'ÔºöÊ£ÄÂá∫ '76e71ea0612f4f8e795d705d2acd4dfea2b53ccc'
Â≠êÊ®°ÁªÑË∑ØÂæÑ 'modules/Public/mind_os'ÔºöÊ£ÄÂá∫ '3e54f8e92a8d13c5588eed350140342e04690879'
Â≠êÊ®°ÁªÑË∑ØÂæÑ 'modules/SubMod/basic_functions'ÔºöÊ£ÄÂá∫ '360e06a30e63ba1a23b3a46c69101f5507f93c73'
Â≠êÊ®°ÁªÑË∑ØÂæÑ 'modules/SubMod/generate_laser'ÔºöÊ£ÄÂá∫ '7d89e14af9702222b1c6863ee8736043f6ae974a'
Â≠êÊ®°ÁªÑË∑ØÂæÑ 'modules/SubMod/stereo_vision'ÔºöÊ£ÄÂá∫ 'a34af91ad996c0da57ab22aee9c08e6f93361beb'
Â≠êÊ®°ÁªÑË∑ØÂæÑ 'modules/SubMod/tof_process'ÔºöÊ£ÄÂá∫ 'acc5a81e77e676ed36fe2ee7aa89f2c6c2391c67'
+ git submodule update --remote
Â≠êÊ®°ÁªÑË∑ØÂæÑ 'modules/Public/PublicTypes'ÔºöÊ£ÄÂá∫ 'bc477b6da554915aacb9bc9bc4fe4d34905a596d'
Â≠êÊ®°ÁªÑË∑ØÂæÑ 'modules/SubMod/basic_functions'ÔºöÊ£ÄÂá∫ '10dfafd150fc45711fae161089ca66ec0321f2d2'
+ sed -i 's/make -j[0-9].*/make -j4/g' compile.sh
+ '[' -z ']'
+ '[' x8f1a3be == x52e87c3 ']'
+ bash -ex compile.sh
+ main
+ git submodule update --init --recursive
Â≠êÊ®°ÁªÑË∑ØÂæÑ 'modules/Public/PublicTypes'ÔºöÊ£ÄÂá∫ 'd2424e6e675464328149ffb9959f1d0cb1f64a17'
Â≠êÊ®°ÁªÑË∑ØÂæÑ 'modules/SubMod/basic_functions'ÔºöÊ£ÄÂá∫ '360e06a30e63ba1a23b3a46c69101f5507f93c73'
+ git submodule update --remote
Â≠êÊ®°ÁªÑË∑ØÂæÑ 'modules/Public/PublicTypes'ÔºöÊ£ÄÂá∫ 'bc477b6da554915aacb9bc9bc4fe4d34905a596d'
Â≠êÊ®°ÁªÑË∑ØÂæÑ 'modules/SubMod/basic_functions'ÔºöÊ£ÄÂá∫ '10dfafd150fc45711fae161089ca66ec0321f2d2'
++ GetProjectPath
++++ dirname compile.sh
+++ cd .
+++ pwd
++ local scriptsDir=/root/workspace/workspace/i18r_g2_depth/GenericDepth
++ echo /root/workspace/workspace/i18r_g2_depth/GenericDepth
+ local projectPath=/root/workspace/workspace/i18r_g2_depth/GenericDepth
+ cd /root/workspace/workspace/i18r_g2_depth/GenericDepth
+ mkdir build
+ cd build
+ cmake ..
-- The C compiler identification is GNU 7.5.0
-- The CXX compiler identification is GNU 7.5.0
-- Check for working C compiler: /usr/bin/cc
-- Check for working C compiler: /usr/bin/cc -- works
-- Detecting C compiler ABI info
-- Detecting C compiler ABI info - done
-- Detecting C compile features
-- Detecting C compile features - done
-- Check for working CXX compiler: /usr/bin/c++
-- Check for working CXX compiler: /usr/bin/c++ -- works
-- Detecting CXX compiler ABI info
-- Detecting CXX compiler ABI info - done
-- Detecting CXX compile features
-- Detecting CXX compile features - done
-- Boost version: 1.65.1
-- Found the following Boost libraries:
--   system
--   filesystem
-- Boost version: 1.65.1
-- Found the following Boost libraries:
--   system
--   filesystem
-- Using CATKIN_DEVEL_PREFIX: /root/workspace/workspace/i18r_g2_depth/GenericDepth/build/devel
-- Using CMAKE_PREFIX_PATH: /opt/ros/melodic
-- This workspace overlays: /opt/ros/melodic
-- Found PythonInterp: /usr/bin/python2 (found suitable version "2.7.17", minimum required is "2") 
-- Using PYTHON_EXECUTABLE: /usr/bin/python2
-- Using Debian Python package layout
-- Using empy: /usr/bin/empy
-- Using CATKIN_ENABLE_TESTING: ON
-- Call enable_testing()
-- Using CATKIN_TEST_RESULTS_DIR: /root/workspace/workspace/i18r_g2_depth/GenericDepth/build/test_results
-- Found gtest sources under '/usr/src/googletest': gtests will be built
-- Found gmock sources under '/usr/src/googletest': gmock will be built
CMake Warning (dev) at /usr/src/googletest/CMakeLists.txt:3 (project):
  Policy CMP0048 is not set: project() command manages VERSION variables.
  Run "cmake --help-policy CMP0048" for policy details.  Use the cmake_policy
  command to set the policy and suppress this warning.

  The following variable(s) would be set to empty:

    PROJECT_VERSION
    PROJECT_VERSION_MAJOR
    PROJECT_VERSION_MINOR
    PROJECT_VERSION_PATCH
This warning is for project developers.  Use -Wno-dev to suppress it.

CMake Warning (dev) at /usr/src/googletest/googlemock/CMakeLists.txt:40 (project):
  Policy CMP0048 is not set: project() command manages VERSION variables.
  Run "cmake --help-policy CMP0048" for policy details.  Use the cmake_policy
  command to set the policy and suppress this warning.

  The following variable(s) would be set to empty:

    PROJECT_VERSION
    PROJECT_VERSION_MAJOR
    PROJECT_VERSION_MINOR
    PROJECT_VERSION_PATCH
This warning is for project developers.  Use -Wno-dev to suppress it.

CMake Warning (dev) at /usr/src/googletest/googletest/CMakeLists.txt:47 (project):
  Policy CMP0048 is not set: project() command manages VERSION variables.
  Run "cmake --help-policy CMP0048" for policy details.  Use the cmake_policy
  command to set the policy and suppress this warning.

  The following variable(s) would be set to empty:

    PROJECT_VERSION
    PROJECT_VERSION_MAJOR
    PROJECT_VERSION_MINOR
    PROJECT_VERSION_PATCH
This warning is for project developers.  Use -Wno-dev to suppress it.

-- Found PythonInterp: /usr/bin/python2 (found version "2.7.17") 
-- Looking for pthread.h
-- Looking for pthread.h - found
-- Looking for pthread_create
-- Looking for pthread_create - not found
-- Looking for pthread_create in pthreads
-- Looking for pthread_create in pthreads - not found
-- Looking for pthread_create in pthread
-- Looking for pthread_create in pthread - found
-- Found Threads: TRUE  
-- Using Python nosetests: /usr/bin/nosetests-2.7
-- catkin 0.7.29
-- BUILD_SHARED_LIBS is on
-- Using these message generators: gencpp;geneus;genlisp;gennodejs;genpy
-- Boost version: 1.65.1
-- Found the following Boost libraries:
--   system
--   filesystem
Detected armv8  -D__ARM_PLATFORM__ -D__ARM_NEON__ -DENABLE_NEON -Ofast -std=c++11 -Wno-unused-result
-- Performing Test COMPILER_SUPPORTS_CXX11
-- Performing Test COMPILER_SUPPORTS_CXX11 - Success
-- Performing Test COMPILER_SUPPORTS_CXX0X
-- Performing Test COMPILER_SUPPORTS_CXX0X - Success
-- Using flag -std=c++11.
-- Looking for CL_VERSION_2_2
-- Looking for CL_VERSION_2_2 - found
-- Found OpenCL: /usr/lib/aarch64-linux-gnu/libOpenCL.so (found version "2.2") 
-- CONFIG_BUILD_OPENCL=ON
-- Using CATKIN_DEVEL_PREFIX: /root/workspace/workspace/i18r_g2_depth/GenericDepth/build/devel
-- Using CMAKE_PREFIX_PATH: /opt/ros/melodic
-- This workspace overlays: /opt/ros/melodic
-- Found PythonInterp: /usr/bin/python2 (found suitable version "2.7.17", minimum required is "2") 
-- Using PYTHON_EXECUTABLE: /usr/bin/python2
-- Using Debian Python package layout
-- Using empy: /usr/bin/empy
-- Using CATKIN_ENABLE_TESTING: ON
-- Call enable_testing()
-- Using CATKIN_TEST_RESULTS_DIR: /root/workspace/workspace/i18r_g2_depth/GenericDepth/build/test_results
-- Found gmock: gmock and gtests will be built
-- Using Python nosetests: /usr/bin/nosetests-2.7
-- catkin 0.7.29
-- BUILD_SHARED_LIBS is on
-- Using these message generators: gencpp;geneus;genlisp;gennodejs;genpy
Detected armv8  -D__ARM_PLATFORM__ -D__ARM_NEON__ -DENABLE_NEON -Ofast -std=c++11 -Wno-unused-result
-- Using flag -std=c++11.
-- CONFIG_BUILD_ROS=ON
-- CONFIG_BUILD_ROS_CV=OFF
-- Using CATKIN_DEVEL_PREFIX: /root/workspace/workspace/i18r_g2_depth/GenericDepth/build/devel
-- Using CMAKE_PREFIX_PATH: /opt/ros/melodic
-- This workspace overlays: /opt/ros/melodic
-- Using PYTHON_EXECUTABLE: /usr/bin/python2
-- Using Debian Python package layout
-- Using empy: /usr/bin/empy
-- Using CATKIN_ENABLE_TESTING: ON
-- Call enable_testing()
-- Using CATKIN_TEST_RESULTS_DIR: /root/workspace/workspace/i18r_g2_depth/GenericDepth/build/test_results
-- Found gmock: gmock and gtests will be built
-- Using Python nosetests: /usr/bin/nosetests-2.7
-- catkin 0.7.29
-- BUILD_SHARED_LIBS is on
-- Using these message generators: gencpp;geneus;genlisp;gennodejs;genpy
-- Boost version: 1.65.1
-- Found the following Boost libraries:
--   system
--   filesystem
CMake Warning at source/CMakeLists.txt:92 (message):
  OpenMP found.


-- CONFIG_BUILD_TOF=ON
-- config path="/root/workspace/workspace/i18r_g2_depth/GenericDepth/config/"
-- CONFIG_BUILD_ROS=ON
-- CONFIG_BUILD_ROS_CV=OFF
-- Using CATKIN_DEVEL_PREFIX: /root/workspace/workspace/i18r_g2_depth/GenericDepth/build/devel
-- Using CMAKE_PREFIX_PATH: /opt/ros/melodic
-- This workspace overlays: /opt/ros/melodic
-- Using PYTHON_EXECUTABLE: /usr/bin/python2
-- Using Debian Python package layout
-- Using empy: /usr/bin/empy
-- Using CATKIN_ENABLE_TESTING: ON
-- Call enable_testing()
-- Using CATKIN_TEST_RESULTS_DIR: /root/workspace/workspace/i18r_g2_depth/GenericDepth/build/test_results
-- Found gmock: gmock and gtests will be built
-- Using Python nosetests: /usr/bin/nosetests-2.7
-- catkin 0.7.29
-- BUILD_SHARED_LIBS is on
-- Using these message generators: gencpp;geneus;genlisp;gennodejs;genpy
-- Boost version: 1.65.1
-- Found the following Boost libraries:
--   system
--   filesystem
-- Configuring done
-- Generating done
-- Build files have been written to: /root/workspace/workspace/i18r_g2_depth/GenericDepth/build
+ make
Scanning dependencies of target basic_functions
[  2%] Building CXX object modules/SubMod/basic_functions/CMakeFiles/basic_functions.dir/src/cloud_quality.cpp.o
In file included from /root/workspace/workspace/i18r_g2_depth/GenericDepth/modules/SubMod/basic_functions/src/cloud_quality.cpp:8:0:
/root/workspace/workspace/i18r_g2_depth/GenericDepth/modules/SubMod/basic_functions/include/filter.h:144:91: warning: overflow in implicit constant conversion [-Woverflow]
     void RemoveEdge(cv::Mat& src, const int windowSize, const int thred, int defautValue= NAN);
                                                                                           ^~~
[  4%] Building CXX object modules/SubMod/basic_functions/CMakeFiles/basic_functions.dir/src/filter.cpp.o
In file included from /root/workspace/workspace/i18r_g2_depth/GenericDepth/modules/SubMod/basic_functions/src/filter.cpp:4:0:
/root/workspace/workspace/i18r_g2_depth/GenericDepth/modules/SubMod/basic_functions/include/filter.h:144:91: warning: overflow in implicit constant conversion [-Woverflow]
     void RemoveEdge(cv::Mat& src, const int windowSize, const int thred, int defautValue= NAN);
                                                                                           ^~~
[  7%] Building CXX object modules/SubMod/basic_functions/CMakeFiles/basic_functions.dir/src/get_time.cpp.o
[  9%] Building CXX object modules/SubMod/basic_functions/CMakeFiles/basic_functions.dir/src/math.cpp.o
[ 11%] Building CXX object modules/SubMod/basic_functions/CMakeFiles/basic_functions.dir/src/point_process.cpp.o
In file included from /root/workspace/workspace/i18r_g2_depth/GenericDepth/modules/SubMod/basic_functions/src/point_process.cpp:10:0:
/root/workspace/workspace/i18r_g2_depth/GenericDepth/modules/SubMod/basic_functions/include/filter.h:144:91: warning: overflow in implicit constant conversion [-Woverflow]
     void RemoveEdge(cv::Mat& src, const int windowSize, const int thred, int defautValue= NAN);
                                                                                           ^~~
/root/workspace/workspace/i18r_g2_depth/GenericDepth/modules/SubMod/basic_functions/src/point_process.cpp: In function ‚Äòvoid robot_depth::FitPlane(const cv::Mat&, cv::Mat&)‚Äô:
/root/workspace/workspace/i18r_g2_depth/GenericDepth/modules/SubMod/basic_functions/src/point_process.cpp:125:58: warning: passing NULL to non-pointer argument 1 of ‚Äòcv::_InputArray::_InputArray(const double&)‚Äô [-Wconversion-null]
         cv::gemm(points2,points,1,NULL,0,outA,CV_GEMM_A_T);
                                                          ^
[ 14%] Building CXX object modules/SubMod/basic_functions/CMakeFiles/basic_functions.dir/src/tfs.cpp.o
[ 16%] Building CXX object modules/SubMod/basic_functions/CMakeFiles/basic_functions.dir/src/visualization.cpp.o
[ 19%] Linking CXX shared library ../../../../modules/SubMod/basic_functions/lib/libbasic_functions.so
[ 19%] Built target basic_functions
Scanning dependencies of target tof_process
[ 21%] Building CXX object modules/SubMod/tof_process/CMakeFiles/tof_process.dir/tof.cpp.o
In file included from /root/workspace/workspace/i18r_g2_depth/GenericDepth/modules/SubMod/tof_process/tof.h:13:0,
                 from /root/workspace/workspace/i18r_g2_depth/GenericDepth/modules/SubMod/tof_process/tof.cpp:4:
/root/workspace/workspace/i18r_g2_depth/GenericDepth/modules/Public/PublicTypes/msg/sensor_types.h:31:10: fatal error: sensor/AllProductinfo.h: Ê≤°ÊúâÈÇ£‰∏™Êñá‰ª∂ÊàñÁõÆÂΩï
 #include "sensor/AllProductinfo.h"
          ^~~~~~~~~~~~~~~~~~~~~~~~~
compilation terminated.
modules/SubMod/tof_process/CMakeFiles/tof_process.dir/build.make:62: recipe for target 'modules/SubMod/tof_process/CMakeFiles/tof_process.dir/tof.cpp.o' failed
make[2]: *** [modules/SubMod/tof_process/CMakeFiles/tof_process.dir/tof.cpp.o] Error 1
CMakeFiles/Makefile2:219: recipe for target 'modules/SubMod/tof_process/CMakeFiles/tof_process.dir/all' failed
make[1]: *** [modules/SubMod/tof_process/CMakeFiles/tof_process.dir/all] Error 2
Makefile:129: recipe for target 'all' failed
make: *** [all] Error 2
Build step 'Execute shell' marked build as failure
Finished: FAILURE
