Started by user [8mha:////4CFIeE4slF9DtLnLHkbNQS5lxCwZ+wh2AfMK1CYJ5ArjAAAAnh+LCAAAAAAAAP9b85aBtbiIQTGjNKU4P08vOT+vOD8nVc83PyU1x6OyILUoJzMv2y+/JJUBAhiZGBgqihhk0NSjKDWzXb3RdlLBUSYGJk8GtpzUvPSSDB8G5tKinBIGIZ+sxLJE/ZzEvHT94JKizLx0a6BxUmjGOUNodHsLgAzmEgZh/dLi1CL94gygyVUZifmFmYl5AIQiQPfIAAAA[0mÁª≥Âè¨Ë∞¶
Rebuilds build #[8mha:////4NGmFPJzHr+XQNAqM47biIUKH6myWfXdEdx9AcvuDSakAAAAsh+LCAAAAAAAAP9b85aBtbiIQTGjNKU4P08vOT+vOD8nVc83PyU1x6OyILUoJzMv2y+/JJUBAhiZGBgqihhk0NSjKDWzXb3RdlLBUSYGJk8GtpzUvPSSDB8G5tKinBIGIZ+sxLJE/ZzEvHT94JKizLx0a6BxUmjGOUNodHsLgAymEgZ1/bLM1HL94pRs/az8JP3kxNzUokTd3PyU0pzUeKCorrGpmZm+oQEAbWIpZNwAAAA=[0m10
Running as SYSTEM
Building remotely on [8mha:////4EAHxU1/vouSQFHA074V3njukDD0XLY2N2KT0Qes+PscAAAAoB+LCAAAAAAAAP9b85aBtbiIQTGjNKU4P08vOT+vOD8nVc83PyU1x6OyILUoJzMv2y+/JJUBAhiZGBgqihhk0NSjKDWzXb3RdlLBUSYGJk8GtpzUvPSSDB8G5tKinBIGIZ+sxLJE/ZzEvHT94JKizLx0a6BxUmjGOUNodHsLgAyuEgYR/eT83ILSktQi/eSc/NIU3ZLU4hIAjN+VrskAAAA=[0mcloud-test (cloud) in workspace /home/indemind/.jenkins/workspace/camera-module_sdk-3566
[WS-CLEANUP] Deleting project workspace...
[WS-CLEANUP] Deferred wipeout is used...
[WS-CLEANUP] Done
[camera-module_sdk-3566] $ /bin/sh -xe /tmp/jenkins15764952766800292865.sh
+ bash -ex /home/indemind/myscript/build/build.sh
+++ dirname /home/indemind/myscript/build/build.sh
++ cd /home/indemind/myscript/build
++ pwd
+ project_path=/home/indemind/myscript/build
+ . /home/indemind/myscript/build/../sh/cmdb
++ set -x
++ export MYSQL_PWD=123
++ MYSQL_PWD=123
++ export -f cmdb_mysql
+ . /home/indemind/myscript/build/../sh/version-update.sh
++ . /home/indemind/.bashrc
+++ case $- in
+++ return
+ set -ex
+ export -f public_project_update
+ export -f project_build
+ init_project_env
++ date +%Y%m%d
+ DT=20240815
+ UserName=jenkins
+ API_TOKEN=11b65309c9835de9579d9c9038853d9eb7
+ GIT_PRIVATE_TOKEN=emEDrsaJVjxKK5gSWrf-
+ GIT_HOST=192.168.50.191
++ echo camera_module/server
++ awk -F/ '{print $1"%2F"$2}'
+ CONVERT_TARGET_PROJECT=camera_module%2Fserver
++ curl -XGET -H 'Content-Type: application/json' --header 'PRIVATE-TOKEN: emEDrsaJVjxKK5gSWrf-' http://192.168.50.191:85/api/v4/projects/camera_module%2Fserver
++ python -c 'import sys, json; print(json.load(sys.stdin)["id"])'
  % Total    % Received % Xferd  Average Speed   Time    Time     Time  Current
                                 Dload  Upload   Total   Spent    Left  Speed
  0     0    0     0    0     0      0      0 --:--:-- --:--:-- --:--:--     0100  3152    0  3152    0     0  37523      0 --:--:-- --:--:-- --:--:-- 37082100  3152    0  3152    0     0  37523      0 --:--:-- --:--:-- --:--:-- 37082
+ SUB_PROJECT_ID=1122
+ '[' -z ']'
+ SOURCE_DIR=/home/indemind/.jenkins/workspace/camera-module_sdk-3566/sdk_plubins
+ TARGET_DIR=/home/indemind/.jenkins/workspace/camera-module_sdk-3566/server
+ prepare_env
++ uname -m
+ system_platform=x86_64
+ :
++ cat /proc/cpuinfo
++ grep processor
++ sort
++ uniq
++ wc -l
+ mt=-j4
+ export COMMIT_ID_FILE=/home/indemind/.jenkins/workspace/camera-module_sdk-3566/_last_build_id
+ COMMIT_ID_FILE=/home/indemind/.jenkins/workspace/camera-module_sdk-3566/_last_build_id
+ export COMMIT_MSG_FILE=/home/indemind/.jenkins/workspace/camera-module_sdk-3566/_commit-msg
+ COMMIT_MSG_FILE=/home/indemind/.jenkins/workspace/camera-module_sdk-3566/_commit-msg
+ export COMMIT_MSG_FILE_TMP=/home/indemind/.jenkins/workspace/camera-module_sdk-3566/_commit-msg.tmp
+ COMMIT_MSG_FILE_TMP=/home/indemind/.jenkins/workspace/camera-module_sdk-3566/_commit-msg.tmp
+ rm -f /home/indemind/.jenkins/workspace/camera-module_sdk-3566/_last_build_id
+ rm -f /home/indemind/.jenkins/workspace/camera-module_sdk-3566/_commit-msg
+ rm -f /home/indemind/.jenkins/workspace/camera-module_sdk-3566/_commit-msg.tmp
+ rm -f /home/indemind/.jenkins/workspace/camera-module_sdk-3566/result.log
+ rm -f /home/indemind/.jenkins/workspace/camera-module_sdk-3566/no_code_change.log
+ sign_env
+ CONFIG_DIR_SET=/home/indemind/system
+ CONFIG_BRANCH=mind_os
+ CLONE_DEPTH=--depth=1
+ CONFIG_DIR=/home/indemind/system/i18rconfig
+ CONFIG_REMOTE='git clone ssh://git@192.168.50.191:222/AroundI18RProject/i18rconfig /home/indemind/system/i18rconfig -b mind_os --depth=1'
+ [[ x86_64 =~ x86_64 ]]
+ ENCRYPTION_TOOL=/home/indemind/system/i18rconfig/encrypt_x64
+ CLONE_DEPTH=--depth=1
+ PUBLICBASETYPES_DIR=/home/indemind/system/I18RPublicBaseTypes
+ cmdb_mysql 'insert into prebuild(job_name,source_project,source_branch,target_project,target_branch,time,build_url,node_name,build_user) values ('\''camera-module_sdk-3566'\'','\''abby/source/sdk_plubins'\'','\''module_x_line_laser'\'','\''camera_module/server'\'','\''module_x_line_laser'\'',now(),'\''http://192.168.50.191:8088/job/camera-module_sdk-3566/11/'\'','\''cloud-test'\'','\''shengzhaoqian'\'')'
+ set +x
+ DOCKER_CONTAINER_I18=build-x64-18.04
+ DOCKER_CONTAINER_RUBBY=c405
+ DOCKER_CONTAINER_RUBBY_INSIDE=c3566
+ DOCKER_CONTAINER_JAVA=node
+ JENKINS_JOB_A=mind
+ JENKINS_JOB_B=rbn
+ JENKINS_JOB_C=mark-check-tools
+ JENKINS_JOB_D=java
+ JENKINS_JOB_E=clean_recorder
+ JENKINS_JOB_F=i18r
+ JENKINS_JOB_G=nodejs
+ JENKINS_JOB_H=_ui
+ JENKINS_JOB_L=i12r
+ [[ camera-module_sdk-3566 =~ mind ]]
+ '[' true = false ']'
+ source_project_fetch
+ git clone ssh://git@192.168.50.191:222/abby/source/sdk_plubins -b module_x_line_laser --depth=1
Cloning into 'sdk_plubins'...
+ target_project_update
+ rm -rf /home/indemind/.jenkins/workspace/camera-module_sdk-3566/server
+ target_project_fetch
+ git clone ssh://git@192.168.50.191:222/camera_module/server -b module_x_line_laser --depth=1
Cloning into 'server'...
+ insert_db
+ pushd /home/indemind/.jenkins/workspace/camera-module_sdk-3566/sdk_plubins
~/.jenkins/workspace/camera-module_sdk-3566/sdk_plubins ~/.jenkins/workspace/camera-module_sdk-3566
++ cmdb_mysql 'SELECT first_commit_id FROM prebuild where source_project='\''abby/source/sdk_plubins'\'' and source_branch='\''module_x_line_laser'\'' and target_project='\''camera_module/server'\'' and target_branch='\''module_x_line_laser'\'' and status='\''0'\'' and job_name='\''camera-module_sdk-3566'\'' order by id desc limit 1;'
++ set +x
+ version='first_commit_id
5955b55'
++ echo first_commit_id 5955b55
++ awk -F ' ' '{print $2}'
+ version=5955b55
++ git log -1 --pretty=format:%h
+ first_commit_id_now=5955b55
+ cmdb_mysql 'update prebuild set first_commit_id='\''5955b55'\'' where build_url='\''http://192.168.50.191:8088/job/camera-module_sdk-3566/11/'\'';'
+ set +x
+ popd
~/.jenkins/workspace/camera-module_sdk-3566
+ [[ x86_64 =~ x86_64 ]]
+ docker exec -i c3566 /bin/bash
++ cat /home/indemind/system/i18rconfig/encryption.list
cat: /home/indemind/system/i18rconfig/encryption.list: No such file or directory
++ cat /home/indemind/system/i18rconfig/encryption.list
cat: /home/indemind/system/i18rconfig/encryption.list: No such file or directory
+ pushd /home/indemind/.jenkins/workspace/camera-module_sdk-3566/sdk_plubins
/home/indemind/.jenkins/workspace/camera-module_sdk-3566/sdk_plubins /
+ git submodule update --init --recursive
Submodule 'submodules/abby_msg' (http://192.168.50.191:85/abby/source/abby_msg.git) registered for path 'submodules/abby_msg'
Submodule 'submodules/protocol' (http://192.168.50.191:85/abby/source/app_protocol.git) registered for path 'submodules/protocol'
Cloning into '/home/indemind/.jenkins/workspace/camera-module_sdk-3566/sdk_plubins/submodules/abby_msg'...
Cloning into '/home/indemind/.jenkins/workspace/camera-module_sdk-3566/sdk_plubins/submodules/protocol'...
Submodule path 'submodules/abby_msg': checked out '8ed950dfcc9dd24de1b6fd8033a117bee5b06e00'
Submodule path 'submodules/protocol': checked out 'a49c1e0993f06e4128d3422523e73c4573adaded'
+ git submodule update --remote
Submodule path 'submodules/abby_msg': checked out '5091d01154dacdc66967a0709438a2b8145488c8'
Submodule path 'submodules/protocol': checked out 'ba30aea86260718043a08e9482138ae9a30df44d'
+ sed -i 's/make -j[0-9].*/make -j4/g' build.sh
+ source /opt/ros/melodic/setup.bash
+ bash -ex build.sh
+ set -ex
+ git submodule update --init --recursive
Submodule path 'submodules/abby_msg': checked out '8ed950dfcc9dd24de1b6fd8033a117bee5b06e00'
Submodule path 'submodules/protocol': checked out 'a49c1e0993f06e4128d3422523e73c4573adaded'
+ git submodule update --remote
Submodule path 'submodules/abby_msg': checked out '5091d01154dacdc66967a0709438a2b8145488c8'
Submodule path 'submodules/protocol': checked out 'ba30aea86260718043a08e9482138ae9a30df44d'
+ BuildDir=build
+ '[' -d build ']'
+ echo 'build is not exist.'
build is not exist.
+ mkdir build
+ cppcheck ./plugins --enable=all --output-file=sdk_cppcheck_info.txt --xml
Checking plugins/bag_player/src/BagPlayerNode.cpp ...
1/99 files checked 1% done
Checking plugins/bag_player/src/player/Player.cpp ...
2/99 files checked 2% done
Checking plugins/bag_player/src/player/PlayerManager.cpp ...
3/99 files checked 3% done
Checking plugins/bag_recorder/src/BagRecorderNode.cpp ...
4/99 files checked 4% done
Checking plugins/bag_recorder/src/record/Bag.cpp ...
5/99 files checked 5% done
Checking plugins/bag_recorder/src/record/Recorder.cpp ...
6/99 files checked 6% done
Checking plugins/exception_manager/src/ExceptionManagerNode.cpp ...
7/99 files checked 7% done
Checking plugins/exception_manager/src/exception/ExceptionManager.cpp ...
8/99 files checked 8% done
Checking plugins/hmi/src/HMINode.cpp ...
9/99 files checked 9% done
Checking plugins/hmi/src/hmi/auto/auto_control.cpp ...
Checking plugins/hmi/src/hmi/auto/auto_control.cpp: CONFIG_USE_HMI_SIMULATOR...
10/99 files checked 10% done
Checking plugins/hmi/src/hmi/common_client.cpp ...
11/99 files checked 11% done
Checking plugins/hmi/src/hmi/hmi_manager.cpp ...
12/99 files checked 12% done
Checking plugins/hmi/src/hmi/manual/manual_control.cpp ...
13/99 files checked 13% done
Checking plugins/hmi/src/hmi/manual/manual_set.cpp ...
14/99 files checked 14% done
Checking plugins/hmi/src/hmi/otherClient/DirtyClient.cpp ...
15/99 files checked 15% done
Checking plugins/hmi/src/hmi/otherClient/PpClient.cpp ...
16/99 files checked 16% done
Checking plugins/hmi/src/hmi/otherClient/SensorClient.cpp ...
17/99 files checked 17% done
Checking plugins/hmi/src/hmi/otherClient/laserclient.cpp ...
18/99 files checked 18% done
Checking plugins/hmi/src/hmi/self_check.cpp ...
19/99 files checked 19% done
Checking plugins/hmi/src/terminal/Terminal.cpp ...
20/99 files checked 20% done
Checking plugins/hmi_simulator/src/hmi_sim_node.cpp ...
21/99 files checked 21% done
Checking plugins/hmi_simulator/src/simulator/simulator.cpp ...
22/99 files checked 22% done
Checking plugins/hmi_simulator/src/simulator/tcp_server.cpp ...
23/99 files checked 23% done
Checking plugins/http_server/src/HttpNode.cpp ...
Checking plugins/http_server/src/HttpNode.cpp: ANDROID;_AIX;_WIN32;__MVS__...
Checking plugins/http_server/src/HttpNode.cpp: CPPHTTPLIB_ALLOW_LF_AS_LINE_TERMINATOR...
Checking plugins/http_server/src/HttpNode.cpp: CPPHTTPLIB_BROTLI_SUPPORT...
Checking plugins/http_server/src/HttpNode.cpp: CPPHTTPLIB_NO_EXCEPTIONS...
Checking plugins/http_server/src/HttpNode.cpp: CPPHTTPLIB_OPENSSL_SUPPORT...
Checking plugins/http_server/src/HttpNode.cpp: CPPHTTPLIB_OPENSSL_SUPPORT;CPPHTTPLIB_USE_CERTS_FROM_MACOSX_KEYCHAIN;__APPLE__...
Checking plugins/http_server/src/HttpNode.cpp: CPPHTTPLIB_OPENSSL_SUPPORT;CPPHTTPLIB_USE_CERTS_FROM_MACOSX_KEYCHAIN;__APPLE__;TARGET_OS_OSX...
Checking plugins/http_server/src/HttpNode.cpp: CPPHTTPLIB_OPENSSL_SUPPORT;OPENSSL_USE_APPLINK;_WIN32...
Checking plugins/http_server/src/HttpNode.cpp: CPPHTTPLIB_OPENSSL_SUPPORT;_MSC_VER;_WIN32...
Checking plugins/http_server/src/HttpNode.cpp: CPPHTTPLIB_OPENSSL_SUPPORT;_WIN32...
Checking plugins/http_server/src/HttpNode.cpp: CPPHTTPLIB_USE_POLL...
24/99 files checked 24% done
Checking plugins/http_server/src/HttpServer.cpp ...
Checking plugins/http_server/src/HttpServer.cpp: ANDROID;_AIX;_WIN32;__MVS__...
Checking plugins/http_server/src/HttpServer.cpp: CPPHTTPLIB_ALLOW_LF_AS_LINE_TERMINATOR...
Checking plugins/http_server/src/HttpServer.cpp: CPPHTTPLIB_BROTLI_SUPPORT...
Checking plugins/http_server/src/HttpServer.cpp: CPPHTTPLIB_NO_EXCEPTIONS...
Checking plugins/http_server/src/HttpServer.cpp: CPPHTTPLIB_OPENSSL_SUPPORT...
Checking plugins/http_server/src/HttpServer.cpp: CPPHTTPLIB_OPENSSL_SUPPORT;CPPHTTPLIB_USE_CERTS_FROM_MACOSX_KEYCHAIN;__APPLE__...
Checking plugins/http_server/src/HttpServer.cpp: CPPHTTPLIB_OPENSSL_SUPPORT;CPPHTTPLIB_USE_CERTS_FROM_MACOSX_KEYCHAIN;__APPLE__;TARGET_OS_OSX...
Checking plugins/http_server/src/HttpServer.cpp: CPPHTTPLIB_OPENSSL_SUPPORT;OPENSSL_USE_APPLINK;_WIN32...
Checking plugins/http_server/src/HttpServer.cpp: CPPHTTPLIB_OPENSSL_SUPPORT;_MSC_VER;_WIN32...
Checking plugins/http_server/src/HttpServer.cpp: CPPHTTPLIB_OPENSSL_SUPPORT;_WIN32...
Checking plugins/http_server/src/HttpServer.cpp: CPPHTTPLIB_USE_POLL...
25/99 files checked 25% done
Checking plugins/led_manager/src/LedManager.cpp ...
26/99 files checked 26% done
Checking plugins/led_manager/src/LedManagerNode.cpp ...
27/99 files checked 27% done
Checking plugins/map/src/MapNode.cpp ...
28/99 files checked 28% done
Checking plugins/map/src/map_manager/CostmapServer.cpp ...
29/99 files checked 29% done
Checking plugins/map/src/map_manager/InspectionHelper.cpp ...
30/99 files checked 30% done
Checking plugins/map/src/map_manager/MapManager.cpp ...
31/99 files checked 31% done
Checking plugins/map/src/map_manager/Outline.cpp ...
32/99 files checked 32% done
Checking plugins/map/src/map_manager/PointCloudHelper.cpp ...
33/99 files checked 33% done
Checking plugins/map/src/map_manager/SceneDataHelper.cpp ...
34/99 files checked 34% done
Checking plugins/map/src/map_manager/SceneHelper.cpp ...
35/99 files checked 35% done
Checking plugins/monitor_resource/src/ResourceMonitor/ResourceMonitor.cpp ...
36/99 files checked 36% done
Checking plugins/monitor_resource/src/ResourceMonitorNode.cpp ...
37/99 files checked 37% done
Checking plugins/monitor_topic/src/TopicMonitor/TopicMonitor.cpp ...
38/99 files checked 38% done
Checking plugins/monitor_topic/src/TopicMonitorNode.cpp ...
39/99 files checked 39% done
Checking plugins/remote_hmi/src/RemoteHmiNode.cpp ...
40/99 files checked 40% done
Checking plugins/remote_hmi/src/remote_control/RemoteControl.cpp ...
41/99 files checked 41% done
Checking plugins/ros/src/RosNode.cpp ...
42/99 files checked 42% done
Checking plugins/senmatic_convert/src/ConvertNode.cpp ...
43/99 files checked 43% done
Checking plugins/senmatic_convert/src/SenmaticConvert.cpp ...
44/99 files checked 44% done
Checking plugins/sensor_simulator/src/sensor_sim_node.cpp ...
45/99 files checked 45% done
Checking plugins/sensor_simulator/src/simulator/simulator.cpp ...
46/99 files checked 46% done
Checking plugins/state/src/Context.cpp ...
47/99 files checked 47% done
Checking plugins/state/src/StateNode.cpp ...
48/99 files checked 48% done
Checking plugins/state/src/state/components/Entity.cpp ...
49/99 files checked 49% done
Checking plugins/state/src/state/components/Relocation.cpp ...
50/99 files checked 50% done
Checking plugins/state/src/state/components/Rotate.cpp ...
51/99 files checked 51% done
Checking plugins/state/src/state/components/Work.cpp ...
52/99 files checked 52% done
Checking plugins/state/src/state/factory/StateFactory.cpp ...
53/99 files checked 53% done
Checking plugins/state/src/state/state/clean/CleaningState.cpp ...
54/99 files checked 54% done
Checking plugins/state/src/state/state/clean_partition/CleanPartitionState.cpp ...
55/99 files checked 55% done
Checking plugins/state/src/state/state/clean_region/CleanRegionState.cpp ...
56/99 files checked 56% done
Checking plugins/state/src/state/state/common/DepthClient.cpp ...
57/99 files checked 57% done
Checking plugins/state/src/state/state/common/DirtyClient.cpp ...
58/99 files checked 58% done
Checking plugins/state/src/state/state/common/JsClient.cpp ...
59/99 files checked 59% done
Checking plugins/state/src/state/state/common/Maintenance.cpp ...
60/99 files checked 60% done
Checking plugins/state/src/state/state/common/NavClient.cpp ...
61/99 files checked 61% done
Checking plugins/state/src/state/state/common/OtherClient.cpp ...
62/99 files checked 62% done
Checking plugins/state/src/state/state/common/PpClient.cpp ...
63/99 files checked 63% done
Checking plugins/state/src/state/state/common/SemanticMapClient.cpp ...
64/99 files checked 64% done
Checking plugins/state/src/state/state/common/SensorClient.cpp ...
65/99 files checked 65% done
Checking plugins/state/src/state/state/common/SlamClient.cpp ...
66/99 files checked 66% done
Checking plugins/state/src/state/state/fault/FaultState.cpp ...
67/99 files checked 67% done
Checking plugins/state/src/state/state/fault2/Fault2State.cpp ...
68/99 files checked 68% done
Checking plugins/state/src/state/state/maintenance/MaintenanceState.cpp ...
69/99 files checked 69% done
Checking plugins/state/src/state/state/manual/ManualState.cpp ...
70/99 files checked 70% done
Checking plugins/state/src/state/state/mapping_clean/MapCleaningState.cpp ...
71/99 files checked 71% done
Checking plugins/state/src/state/state/p2p/P2pState.cpp ...
72/99 files checked 72% done
Checking plugins/state/src/state/state/quick_map/QuickMapState.cpp ...
73/99 files checked 73% done
Checking plugins/state/src/state/state/ready/ReadyState.cpp ...
74/99 files checked 74% done
Checking plugins/state/src/state/state/remote/RemoteState.cpp ...
75/99 files checked 75% done
Checking plugins/state/src/state/state/search/SearchState.cpp ...
76/99 files checked 76% done
Checking plugins/state/src/state/state/self_test/SelfTestState.cpp ...
Checking plugins/state/src/state/state/self_test/SelfTestState.cpp: CONFIG_USE_ZK_ROBOT...
77/99 files checked 77% done
Checking plugins/state/src/state/state/shutdown/ShutdownState.cpp ...
78/99 files checked 78% done
Checking plugins/state/src/state/state/startup/StartupState.cpp ...
79/99 files checked 79% done
Checking plugins/state/src/state/state/station/StationState.cpp ...
80/99 files checked 80% done
Checking plugins/state/src/state/state/visitation/SelfVisitationState.cpp ...
81/99 files checked 81% done
Checking plugins/state/src/state/state/visitation/VisitationState.cpp ...
82/99 files checked 82% done
Checking plugins/system/integration/src/SystemNode.cpp ...
83/99 files checked 83% done
Checking plugins/system/integration/src/config/ConfigManager.cpp ...
84/99 files checked 84% done
Checking plugins/system/integration/src/log/LogManager.cpp ...
85/99 files checked 85% done
Checking plugins/system/integration/src/ota/OTAManager.cpp ...
86/99 files checked 86% done
Checking plugins/system/integration/src/time/TimeSetting.cpp ...
87/99 files checked 87% done
Checking plugins/system/test/src/SystemNode.cpp ...
88/99 files checked 88% done
Checking plugins/system/test/src/log/LogManager.cpp ...
89/99 files checked 89% done
Checking plugins/system/test/src/ota/OTAManager.cpp ...
90/99 files checked 90% done
Checking plugins/system/test/src/time/TimeSetting.cpp ...
91/99 files checked 91% done
Checking plugins/task/src/TaskNode.cpp ...
92/99 files checked 92% done
Checking plugins/task/src/task_manager/Scheduled.cpp ...
93/99 files checked 93% done
Checking plugins/task/src/task_manager/Task.cpp ...
94/99 files checked 94% done
Checking plugins/task/src/task_manager/TaskManager.cpp ...
95/99 files checked 95% done
Checking plugins/task/src/task_manager/Timer.cpp ...
96/99 files checked 96% done
Checking plugins/util/SqliteHelper.cpp ...
97/99 files checked 97% done
Checking plugins/work_log/src/WorkLog/WorkLog.cpp ...
98/99 files checked 98% done
Checking plugins/work_log/src/WorkLogNode.cpp ...
99/99 files checked 100% done
+ cd build
+ cmake -DBUILD_ROS_NODE=ON -DUSE_ZK_ROBOT=OFF -DUSE_HMI_SIMULATOR=OFF ..
-- The C compiler identification is GNU 7.5.0
-- The CXX compiler identification is GNU 7.5.0
-- Detecting C compiler ABI info
-- Detecting C compiler ABI info - done
-- Check for working C compiler: /usr/bin/cc - skipped
-- Detecting C compile features
-- Detecting C compile features - done
-- Detecting CXX compiler ABI info
-- Detecting CXX compiler ABI info - done
-- Check for working CXX compiler: /usr/bin/c++ - skipped
-- Detecting CXX compile features
-- Detecting CXX compile features - done
-- HOST_ARCH: armv8
-- Found OpenCV: /usr/local (found suitable version "3.4.3", minimum required is "3.4") 
-- BUILD_ROS_NODE=ON
-- Using CATKIN_DEVEL_PREFIX: /home/indemind/.jenkins/workspace/camera-module_sdk-3566/sdk_plubins/build/devel
-- Using CMAKE_PREFIX_PATH: /opt/ros/melodic
-- This workspace overlays: /opt/ros/melodic
-- Found PythonInterp: /usr/bin/python2 (found suitable version "2.7.17", minimum required is "2") 
-- Using PYTHON_EXECUTABLE: /usr/bin/python2
-- Using Debian Python package layout
-- Using empy: /usr/bin/empy
-- Using CATKIN_ENABLE_TESTING: ON
-- Call enable_testing()
-- Using CATKIN_TEST_RESULTS_DIR: /home/indemind/.jenkins/workspace/camera-module_sdk-3566/sdk_plubins/build/test_results
-- Found gtest sources under '/usr/src/googletest': gtests will be built
-- Found gmock sources under '/usr/src/googletest': gmock will be built
CMake Deprecation Warning at /usr/src/googletest/CMakeLists.txt:1 (cmake_minimum_required):
  Compatibility with CMake < 2.8.12 will be removed from a future version of
  CMake.

  Update the VERSION argument <min> value or use a ...<max> suffix to tell
  CMake that the project does not need compatibility with older versions.


CMake Warning (dev) at /usr/src/googletest/CMakeLists.txt:3 (project):
  Policy CMP0048 is not set: project() command manages VERSION variables.
  Run "cmake --help-policy CMP0048" for policy details.  Use the cmake_policy
  command to set the policy and suppress this warning.

  The following variable(s) would be set to empty:

    PROJECT_VERSION
    PROJECT_VERSION_MAJOR
    PROJECT_VERSION_MINOR
This warning is for project developers.  Use -Wno-dev to suppress it.

CMake Warning (dev) at /usr/src/googletest/googlemock/CMakeLists.txt:40 (project):
  Policy CMP0048 is not set: project() command manages VERSION variables.
  Run "cmake --help-policy CMP0048" for policy details.  Use the cmake_policy
  command to set the policy and suppress this warning.

  The following variable(s) would be set to empty:

    PROJECT_VERSION
    PROJECT_VERSION_MAJOR
    PROJECT_VERSION_MINOR
This warning is for project developers.  Use -Wno-dev to suppress it.

CMake Deprecation Warning at /usr/src/googletest/googlemock/CMakeLists.txt:41 (cmake_minimum_required):
  Compatibility with CMake < 2.8.12 will be removed from a future version of
  CMake.

  Update the VERSION argument <min> value or use a ...<max> suffix to tell
  CMake that the project does not need compatibility with older versions.


CMake Warning (dev) at /usr/src/googletest/googletest/CMakeLists.txt:47 (project):
  Policy CMP0048 is not set: project() command manages VERSION variables.
  Run "cmake --help-policy CMP0048" for policy details.  Use the cmake_policy
  command to set the policy and suppress this warning.

  The following variable(s) would be set to empty:

    PROJECT_VERSION
    PROJECT_VERSION_MAJOR
    PROJECT_VERSION_MINOR
This warning is for project developers.  Use -Wno-dev to suppress it.

CMake Deprecation Warning at /usr/src/googletest/googletest/CMakeLists.txt:48 (cmake_minimum_required):
  Compatibility with CMake < 2.8.12 will be removed from a future version of
  CMake.

  Update the VERSION argument <min> value or use a ...<max> suffix to tell
  CMake that the project does not need compatibility with older versions.


-- Found PythonInterp: /usr/bin/python2 (found version "2.7.17") 
-- Looking for pthread.h
-- Looking for pthread.h - found
-- Performing Test CMAKE_HAVE_LIBC_PTHREAD
-- Performing Test CMAKE_HAVE_LIBC_PTHREAD - Failed
-- Looking for pthread_create in pthreads
-- Looking for pthread_create in pthreads - not found
-- Looking for pthread_create in pthread
-- Looking for pthread_create in pthread - found
-- Found Threads: TRUE  
-- Using Python nosetests: /usr/bin/nosetests-2.7
-- catkin 0.7.29
-- BUILD_SHARED_LIBS is on
-- Using these message generators: gencpp;geneus;genlisp;gennodejs;genpy
-- CONFIG_USE_ZK_ROBOT = 0
-- CONFIG_USE_HMI_SIMULATOR = 0
-- Configuring done
-- Generating done
-- Build files have been written to: /home/indemind/.jenkins/workspace/camera-module_sdk-3566/sdk_plubins/build
+ make -j4
[  9%] Building CXX object plugins/hmi/CMakeFiles/hmi_plugin.dir/src/HMINode.cpp.o
[  9%] Building CXX object plugins/system/test/CMakeFiles/test_sys_plugin.dir/src/SystemNode.cpp.o
[ 18%] Building CXX object plugins/ros/CMakeFiles/ros_plugin.dir/src/RosNode.cpp.o
[ 18%] Building CXX object plugins/system/integration/CMakeFiles/sys_plugin.dir/src/SystemNode.cpp.o
In file included from /home/indemind/.jenkins/workspace/camera-module_sdk-3566/sdk_plubins/plugins/hmi/src/HMINode.cpp:4:0:
/home/indemind/.jenkins/workspace/camera-module_sdk-3566/sdk_plubins/plugins/hmi/src/hmi/hmi_manager.h:14:10: fatal error: msg/laser/point_cloud.h: No such file or directory
 #include "msg/laser/point_cloud.h"
          ^~~~~~~~~~~~~~~~~~~~~~~~~
compilation terminated.
plugins/hmi/CMakeFiles/hmi_plugin.dir/build.make:75: recipe for target 'plugins/hmi/CMakeFiles/hmi_plugin.dir/src/HMINode.cpp.o' failed
make[2]: *** [plugins/hmi/CMakeFiles/hmi_plugin.dir/src/HMINode.cpp.o] Error 1
CMakeFiles/Makefile2:261: recipe for target 'plugins/hmi/CMakeFiles/hmi_plugin.dir/all' failed
make[1]: *** [plugins/hmi/CMakeFiles/hmi_plugin.dir/all] Error 2
make[1]: *** Waiting for unfinished jobs....
[ 22%] Building CXX object plugins/system/integration/CMakeFiles/sys_plugin.dir/src/log/LogManager.cpp.o
[ 27%] Building CXX object plugins/system/test/CMakeFiles/test_sys_plugin.dir/src/log/LogManager.cpp.o
[ 31%] Linking CXX shared library ../../../lib/arm/libros_plugin.so
[ 31%] Built target ros_plugin
[ 36%] Building CXX object plugins/system/test/CMakeFiles/test_sys_plugin.dir/src/time/TimeSetting.cpp.o
[ 40%] Building CXX object plugins/system/test/CMakeFiles/test_sys_plugin.dir/src/ota/OTAManager.cpp.o
[ 45%] Building CXX object plugins/system/integration/CMakeFiles/sys_plugin.dir/src/time/TimeSetting.cpp.o
[ 50%] Building CXX object plugins/system/integration/CMakeFiles/sys_plugin.dir/src/ota/OTAManager.cpp.o
[ 54%] Building CXX object plugins/system/integration/CMakeFiles/sys_plugin.dir/src/config/ConfigManager.cpp.o
[ 59%] Linking CXX shared library ../../../../lib/arm/libtest_sys_plugin.so
[ 59%] Built target test_sys_plugin
[ 63%] Linking CXX shared library ../../../../lib/arm/libsys_plugin.so
[ 63%] Built target sys_plugin
Makefile:135: recipe for target 'all' failed
make: *** [all] Error 2
+ echo 0
+ [[ camera-module_sdk-3566 =~ mind ]]
+ popd
/
+ exit
+ [[ -f /home/indemind/.jenkins/workspace/camera-module_sdk-3566/no_code_change.log ]]
+ check_status_code
+ test -f /home/indemind/.jenkins/workspace/camera-module_sdk-3566/result.log
+ echo 'containge build is error'
containge build is error
+ exit 1
Build step 'Execute shell' marked build as failure
Finished: FAILURE
