Started by user [8mha:////4GZLdJ3zYVtTaCml8iVum++M0lnTj7l+sRg8SaQVn3p2AAAAlR+LCAAAAAAAAP9b85aBtbiIQTGjNKU4P08vOT+vOD8nVc83PyU1x6OyILUoJzMv2y+/JJUBAhiZGBgqihhk0NSjKDWzXb3RdlLBUSYGJk8GtpzUvPSSDB8G5tKinBIGIZ+sxLJE/ZzEvHT94JKizLx0a6BxUmjGOUNodHsLgAy+EgZO/dLi1CL98uJiAKhZb0u+AAAA[0mwangshuaishuai
Rebuilds build #[8mha:////4LVmk7A5qecLGnhmCvo5Oit4zd9ccrdccAE8EPv92piZAAAArh+LCAAAAAAAAP9b85aBtbiIQTGjNKU4P08vOT+vOD8nVc83PyU1x6OyILUoJzMv2y+/JJUBAhiZGBgqihhk0NSjKDWzXb3RdlLBUSYGJk8GtpzUvPSSDB8G5tKinBIGIZ+sxLJE/ZzEvHT94JKizLx0a6BxUmjGOUNodHsLgAzmEgZl/bLM1HL9ovxi/az8JP301KKiSl0gTzc3NSc/JTNZ38jIHABt15iE2AAAAA==[0m227
Running as SYSTEM
Building remotely on [8mha:////4EAHxU1/vouSQFHA074V3njukDD0XLY2N2KT0Qes+PscAAAAoB+LCAAAAAAAAP9b85aBtbiIQTGjNKU4P08vOT+vOD8nVc83PyU1x6OyILUoJzMv2y+/JJUBAhiZGBgqihhk0NSjKDWzXb3RdlLBUSYGJk8GtpzUvPSSDB8G5tKinBIGIZ+sxLJE/ZzEvHT94JKizLx0a6BxUmjGOUNodHsLgAyuEgYR/eT83ILSktQi/eSc/NIU3ZLU4hIAjN+VrskAAAA=[0mcloud-test (cloud) in workspace /home/indemind/.jenkins/workspace/gerry-ros-melodic
[WS-CLEANUP] Deleting project workspace...
[WS-CLEANUP] Deferred wipeout is used...
[WS-CLEANUP] Done
[gerry-ros-melodic] $ /bin/sh -xe /tmp/jenkins14589276209940479410.sh
+ bash -ex /home/indemind/myscript/build/build.sh
+++ dirname /home/indemind/myscript/build/build.sh
++ cd /home/indemind/myscript/build
++ pwd
+ project_path=/home/indemind/myscript/build
+ . /home/indemind/myscript/build/../sh/cmdb
++ set -x
++ export MYSQL_PWD=123
++ MYSQL_PWD=123
++ export -f cmdb_mysql
+ . /home/indemind/myscript/build/../sh/version-update.sh
++ . /home/indemind/.bashrc
+++ case $- in
+++ return
+ set -ex
+ export -f public_project_update
+ export -f project_build
+ init_project_env
++ date +%Y%m%d
+ DT=20241016
+ UserName=jenkins
+ API_TOKEN=11b65309c9835de9579d9c9038853d9eb7
+ GIT_PRIVATE_TOKEN=emEDrsaJVjxKK5gSWrf-
+ GIT_HOST=192.168.50.191
++ echo wukong/integration/navigation
++ awk -F/ '{print $1"%2F"$2}'
+ CONVERT_TARGET_PROJECT=wukong%2Fintegration
++ curl -XGET -H 'Content-Type: application/json' --header 'PRIVATE-TOKEN: emEDrsaJVjxKK5gSWrf-' http://192.168.50.191:85/api/v4/projects/wukong%2Fintegration
++ python -c 'import sys, json; print(json.load(sys.stdin)["id"])'
  % Total    % Received % Xferd  Average Speed   Time    Time     Time  Current
                                 Dload  Upload   Total   Spent    Left  Speed
  0     0    0     0    0     0      0      0 --:--:-- --:--:-- --:--:--     0100    35  100    35    0     0    795      0 --:--:-- --:--:-- --:--:--   795
Traceback (most recent call last):
  File "<string>", line 1, in <module>
KeyError: 'id'
+ SUB_PROJECT_ID=
+ true
+ '[' -z ']'
+ SOURCE_DIR=/home/indemind/.jenkins/workspace/gerry-ros-melodic/TCLNAV
+ TARGET_DIR=/home/indemind/.jenkins/workspace/gerry-ros-melodic/navigation
+ prepare_env
++ uname -m
+ system_platform=x86_64
+ :
++ cat /proc/cpuinfo
++ grep processor
++ sort
++ uniq
++ wc -l
+ mt=-j4
+ export COMMIT_ID_FILE=/home/indemind/.jenkins/workspace/gerry-ros-melodic/_last_build_id
+ COMMIT_ID_FILE=/home/indemind/.jenkins/workspace/gerry-ros-melodic/_last_build_id
+ export COMMIT_MSG_FILE=/home/indemind/.jenkins/workspace/gerry-ros-melodic/_commit-msg
+ COMMIT_MSG_FILE=/home/indemind/.jenkins/workspace/gerry-ros-melodic/_commit-msg
+ export COMMIT_MSG_FILE_TMP=/home/indemind/.jenkins/workspace/gerry-ros-melodic/_commit-msg.tmp
+ COMMIT_MSG_FILE_TMP=/home/indemind/.jenkins/workspace/gerry-ros-melodic/_commit-msg.tmp
+ rm -f /home/indemind/.jenkins/workspace/gerry-ros-melodic/_last_build_id
+ rm -f /home/indemind/.jenkins/workspace/gerry-ros-melodic/_commit-msg
+ rm -f /home/indemind/.jenkins/workspace/gerry-ros-melodic/_commit-msg.tmp
+ rm -f /home/indemind/.jenkins/workspace/gerry-ros-melodic/result.log
+ rm -f /home/indemind/.jenkins/workspace/gerry-ros-melodic/no_code_change.log
+ sign_env
+ CONFIG_DIR_SET=/home/indemind/system
+ CONFIG_BRANCH=mind_os
+ CLONE_DEPTH=--depth=1
+ CONFIG_DIR=/home/indemind/system/i18rconfig
+ CONFIG_REMOTE='git clone ssh://git@192.168.50.191:222/AroundI18RProject/i18rconfig /home/indemind/system/i18rconfig -b mind_os --depth=1'
+ [[ x86_64 =~ x86_64 ]]
+ ENCRYPTION_TOOL=/home/indemind/system/i18rconfig/encrypt_x64
+ CLONE_DEPTH=--depth=1
+ PUBLICBASETYPES_DIR=/home/indemind/system/I18RPublicBaseTypes
+ cmdb_mysql 'insert into prebuild(job_name,source_project,source_branch,target_project,target_branch,time,build_url,node_name,build_user) values ('\''gerry-ros-melodic'\'','\''guoboyang/TCLNAV'\'','\''compile_ros'\'','\''wukong/integration/navigation'\'','\''ros_melodic'\'',now(),'\''http://192.168.50.191:8088/job/gerry-ros-melodic/228/'\'','\''cloud-test'\'','\''wss'\'')'
+ set +x
+ DOCKER_CONTAINER_I18=build-x64-18.04
+ DOCKER_CONTAINER_RUBBY=c405
+ DOCKER_CONTAINER_RUBBY_INSIDE=c3566
+ DOCKER_CONTAINER_JAVA=node
+ JENKINS_JOB_A=mind
+ JENKINS_JOB_B=rbn
+ JENKINS_JOB_C=mark-check-tools
+ JENKINS_JOB_D=java
+ JENKINS_JOB_E=clean_recorder
+ JENKINS_JOB_F=i18r
+ JENKINS_JOB_G=nodejs
+ JENKINS_JOB_H=_ui
+ JENKINS_JOB_L=i12r
+ [[ gerry-ros-melodic =~ mind ]]
+ '[' true = false ']'
+ source_project_fetch
+ git clone ssh://git@192.168.50.191:222/guoboyang/TCLNAV -b compile_ros --depth=1
Cloning into 'TCLNAV'...
+ target_project_update
+ rm -rf /home/indemind/.jenkins/workspace/gerry-ros-melodic/navigation
+ target_project_fetch
+ git clone ssh://git@192.168.50.191:222/wukong/integration/navigation -b ros_melodic --depth=1
Cloning into 'navigation'...
+ insert_db
+ pushd /home/indemind/.jenkins/workspace/gerry-ros-melodic/TCLNAV
~/.jenkins/workspace/gerry-ros-melodic/TCLNAV ~/.jenkins/workspace/gerry-ros-melodic
++ cmdb_mysql 'SELECT first_commit_id FROM prebuild where source_project='\''guoboyang/TCLNAV'\'' and source_branch='\''compile_ros'\'' and target_project='\''wukong/integration/navigation'\'' and target_branch='\''ros_melodic'\'' and status='\''0'\'' and job_name='\''gerry-ros-melodic'\'' order by id desc limit 1;'
++ set +x
+ version='first_commit_id
ced43ad'
++ echo first_commit_id ced43ad
++ awk -F ' ' '{print $2}'
+ version=ced43ad
++ git log -1 --pretty=format:%h
+ first_commit_id_now=892fca1
+ cmdb_mysql 'update prebuild set first_commit_id='\''892fca1'\'' where build_url='\''http://192.168.50.191:8088/job/gerry-ros-melodic/228/'\'';'
+ set +x
+ popd
~/.jenkins/workspace/gerry-ros-melodic
+ [[ x86_64 =~ x86_64 ]]
+ docker exec -i c3566 /bin/bash
++ cat /home/indemind/system/i18rconfig/encryption.list
cat: /home/indemind/system/i18rconfig/encryption.list: No such file or directory
++ cat /home/indemind/system/i18rconfig/encryption.list
cat: /home/indemind/system/i18rconfig/encryption.list: No such file or directory
+ pushd /home/indemind/.jenkins/workspace/gerry-ros-melodic/TCLNAV
/home/indemind/.jenkins/workspace/gerry-ros-melodic/TCLNAV /
+ git submodule update --init --recursive
+ git submodule update --remote
+ sed -i 's/make -j[0-9].*/make -j4/g' compile_ros.sh
+ source /opt/ros/melodic/setup.bash
+ bash -ex compile_ros.sh
+ InstalldDir=./install
+ InstallbkDir=./installbk
+ InstallLibDir=./install/lib/arm64
+ InstallConfigDir=./install/config
+ '[' -d ./installbk ']'
+ '[' -d ./install ']'
+ catkin_make -DCMAKE_BUILD_TYPE=Release -j4
-- The C compiler identification is GNU 7.5.0
-- The CXX compiler identification is GNU 7.5.0
-- Detecting C compiler ABI info
-- Detecting C compiler ABI info - done
-- Check for working C compiler: /usr/bin/cc - skipped
-- Detecting C compile features
-- Detecting C compile features - done
-- Detecting CXX compiler ABI info
-- Detecting CXX compiler ABI info - done
-- Check for working CXX compiler: /usr/bin/c++ - skipped
-- Detecting CXX compile features
-- Detecting CXX compile features - done
-- Using CATKIN_DEVEL_PREFIX: /home/indemind/.jenkins/workspace/gerry-ros-melodic/TCLNAV/devel
-- Using CMAKE_PREFIX_PATH: /opt/ros/melodic
-- This workspace overlays: /opt/ros/melodic
-- Found PythonInterp: /usr/bin/python2 (found suitable version "2.7.17", minimum required is "2") 
-- Using PYTHON_EXECUTABLE: /usr/bin/python2
-- Using Debian Python package layout
-- Using empy: /usr/bin/empy
-- Using CATKIN_ENABLE_TESTING: ON
-- Call enable_testing()
-- Using CATKIN_TEST_RESULTS_DIR: /home/indemind/.jenkins/workspace/gerry-ros-melodic/TCLNAV/build/test_results
-- Found gtest sources under '/usr/src/googletest': gtests will be built
-- Found gmock sources under '/usr/src/googletest': gmock will be built
CMake Deprecation Warning at /usr/src/googletest/CMakeLists.txt:1 (cmake_minimum_required):
  Compatibility with CMake < 2.8.12 will be removed from a future version of
  CMake.

  Update the VERSION argument <min> value or use a ...<max> suffix to tell
  CMake that the project does not need compatibility with older versions.


CMake Deprecation Warning at /usr/src/googletest/googlemock/CMakeLists.txt:41 (cmake_minimum_required):
  Compatibility with CMake < 2.8.12 will be removed from a future version of
  CMake.

  Update the VERSION argument <min> value or use a ...<max> suffix to tell
  CMake that the project does not need compatibility with older versions.


CMake Deprecation Warning at /usr/src/googletest/googletest/CMakeLists.txt:48 (cmake_minimum_required):
  Compatibility with CMake < 2.8.12 will be removed from a future version of
  CMake.

  Update the VERSION argument <min> value or use a ...<max> suffix to tell
  CMake that the project does not need compatibility with older versions.


-- Found PythonInterp: /usr/bin/python2 (found version "2.7.17") 
-- Looking for pthread.h
-- Looking for pthread.h - found
-- Performing Test CMAKE_HAVE_LIBC_PTHREAD
-- Performing Test CMAKE_HAVE_LIBC_PTHREAD - Failed
-- Looking for pthread_create in pthreads
-- Looking for pthread_create in pthreads - not found
-- Looking for pthread_create in pthread
-- Looking for pthread_create in pthread - found
-- Found Threads: TRUE  
-- Using Python nosetests: /usr/bin/nosetests-2.7
-- catkin 0.7.29
-- BUILD_SHARED_LIBS is on
-- BUILD_SHARED_LIBS is on
-- ~~~~~~~~~~~~~~~~~~~~~~~~~~~~~~~~~~~~~~~~~~~~~~~~~
-- ~~  traversing 2 packages in topological order:
-- ~~  - i18r_msgs
-- ~~  - rubbynav
-- ~~~~~~~~~~~~~~~~~~~~~~~~~~~~~~~~~~~~~~~~~~~~~~~~~
-- +++ processing catkin package: 'i18r_msgs'
-- ==> add_subdirectory(i18r_msgs)
CMake Deprecation Warning at i18r_msgs/CMakeLists.txt:1 (cmake_minimum_required):
  Compatibility with CMake < 2.8.12 will be removed from a future version of
  CMake.

  Update the VERSION argument <min> value or use a ...<max> suffix to tell
  CMake that the project does not need compatibility with older versions.


-- Using these message generators: gencpp;geneus;genlisp;gennodejs;genpy
-- i18r_msgs: 5 messages, 0 services
-- +++ processing catkin package: 'rubbynav'
-- ==> add_subdirectory(rubbynav)
-- Found OpenCV: /usr/local (found version "3.4.3") 
-- Found Boost: /usr/include (found version "1.65.1") found components: system thread serialization chrono date_time atomic 
-- Using these message generators: gencpp;geneus;genlisp;gennodejs;genpy
-- Configuring done
-- Generating done
-- Build files have been written to: /home/indemind/.jenkins/workspace/gerry-ros-melodic/TCLNAV/build
[  0%] Built target actionlib_msgs_generate_messages_py
[  0%] Built target std_msgs_generate_messages_py
[  0%] Built target _i18r_msgs_generate_messages_check_deps_BumperEvent
[  0%] Built target _i18r_msgs_generate_messages_check_deps_CliffEvent
[  0%] Built target std_msgs_generate_messages_cpp
[  0%] Built target _i18r_msgs_generate_messages_check_deps_MotorPower
[  0%] Built target _i18r_msgs_generate_messages_check_deps_KeyboardInput
[  0%] Built target actionlib_msgs_generate_messages_cpp
[  0%] Built target std_msgs_generate_messages_eus
[  0%] Built target _i18r_msgs_generate_messages_check_deps_WheelDropEvent
[  0%] Built target actionlib_msgs_generate_messages_eus
[  0%] Built target std_msgs_generate_messages_lisp
[  0%] Built target actionlib_msgs_generate_messages_lisp
[  0%] Built target std_msgs_generate_messages_nodejs
[  0%] Built target actionlib_msgs_generate_messages_nodejs
[  1%] Building CXX object rubbynav/CMakeFiles/nav_plugin.dir/module/common/DebugWithoutRos/DebugWithoutRos.cpp.o
[  2%] Generating Python from MSG i18r_msgs/CliffEvent
[  3%] Building CXX object rubbynav/CMakeFiles/quick_control_plugin.dir/module/common/DebugWithoutRos/DebugWithoutRos.cpp.o
[  4%] Generating C++ code from i18r_msgs/CliffEvent.msg
qemu: Unsupported syscall: 235
qemu: Unsupported syscall: 235
qemu: Unsupported syscall: 235
qemu: Unsupported syscall: 235
qemu: Unsupported syscall: 235
qemu: Unsupported syscall: 235
qemu: Unsupported syscall: 235
qemu: Unsupported syscall: 235
qemu: Unsupported syscall: 235
qemu: Unsupported syscall: 235
qemu: Unsupported syscall: 235
qemu: Unsupported syscall: 235
qemu: Unsupported syscall: 235
qemu: Unsupported syscall: 235
qemu: Unsupported syscall: 235
qemu: Unsupported syscall: 235
qemu: Unsupported syscall: 235
qemu: Unsupported syscall: 235
qemu: Unsupported syscall: 235
[  5%] Generating Python from MSG i18r_msgs/MotorPower
[  6%] Generating C++ code from i18r_msgs/MotorPower.msg
qemu: Unsupported syscall: 235
qemu: Unsupported syscall: 235
qemu: Unsupported syscall: 235
qemu: Unsupported syscall: 235
qemu: Unsupported syscall: 235
qemu: Unsupported syscall: 235
qemu: Unsupported syscall: 235
qemu: Unsupported syscall: 235
qemu: Unsupported syscall: 235
qemu: Unsupported syscall: 235
qemu: Unsupported syscall: 235
qemu: Unsupported syscall: 235
qemu: Unsupported syscall: 235
qemu: Unsupported syscall: 235
qemu: Unsupported syscall: 235
qemu: Unsupported syscall: 235
qemu: Unsupported syscall: 235
qemu: Unsupported syscall: 235
qemu: Unsupported syscall: 235
[  6%] Generating Python from MSG i18r_msgs/KeyboardInput
[  6%] Generating C++ code from i18r_msgs/KeyboardInput.msg
qemu: Unsupported syscall: 235
qemu: Unsupported syscall: 235
qemu: Unsupported syscall: 235
qemu: Unsupported syscall: 235
qemu: Unsupported syscall: 235
qemu: Unsupported syscall: 235
qemu: Unsupported syscall: 235
qemu: Unsupported syscall: 235
qemu: Unsupported syscall: 235
qemu: Unsupported syscall: 235
qemu: Unsupported syscall: 235
qemu: Unsupported syscall: 235
qemu: Unsupported syscall: 235
qemu: Unsupported syscall: 235
qemu: Unsupported syscall: 235
qemu: Unsupported syscall: 235
qemu: Unsupported syscall: 235
qemu: Unsupported syscall: 235
qemu: Unsupported syscall: 235
[  6%] Building CXX object rubbynav/CMakeFiles/quick_control_plugin.dir/module/common/DebugWithoutRos/UdpServer/UdpServer.cpp.o
[  6%] Building CXX object rubbynav/CMakeFiles/nav_plugin.dir/module/common/DebugWithoutRos/UdpServer/UdpServer.cpp.o
[  7%] Generating Python from MSG i18r_msgs/WheelDropEvent
qemu: Unsupported syscall: 235
qemu: Unsupported syscall: 235
qemu: Unsupported syscall: 235
qemu: Unsupported syscall: 235
qemu: Unsupported syscall: 235
qemu: Unsupported syscall: 235
qemu: Unsupported syscall: 235
qemu: Unsupported syscall: 235
qemu: Unsupported syscall: 235
qemu: Unsupported syscall: 235
qemu: Unsupported syscall: 235
qemu: Unsupported syscall: 235
qemu: Unsupported syscall: 235
qemu: Unsupported syscall: 235
qemu: Unsupported syscall: 235
qemu: Unsupported syscall: 235
qemu: Unsupported syscall: 235
qemu: Unsupported syscall: 235
qemu: Unsupported syscall: 235
[  7%] Generating C++ code from i18r_msgs/WheelDropEvent.msg
[  7%] Generating Python from MSG i18r_msgs/BumperEvent
qemu: Unsupported syscall: 235
qemu: Unsupported syscall: 235
qemu: Unsupported syscall: 235
qemu: Unsupported syscall: 235
qemu: Unsupported syscall: 235
qemu: Unsupported syscall: 235
qemu: Unsupported syscall: 235
qemu: Unsupported syscall: 235
qemu: Unsupported syscall: 235
qemu: Unsupported syscall: 235
qemu: Unsupported syscall: 235
qemu: Unsupported syscall: 235
qemu: Unsupported syscall: 235
qemu: Unsupported syscall: 235
qemu: Unsupported syscall: 235
qemu: Unsupported syscall: 235
qemu: Unsupported syscall: 235
qemu: Unsupported syscall: 235
qemu: Unsupported syscall: 235
[  8%] Generating C++ code from i18r_msgs/BumperEvent.msg
[  8%] Generating Python msg __init__.py for i18r_msgs
qemu: Unsupported syscall: 235
qemu: Unsupported syscall: 235
qemu: Unsupported syscall: 235
qemu: Unsupported syscall: 235
qemu: Unsupported syscall: 235
qemu: Unsupported syscall: 235
qemu: Unsupported syscall: 235
qemu: Unsupported syscall: 235
qemu: Unsupported syscall: 235
qemu: Unsupported syscall: 235
qemu: Unsupported syscall: 235
qemu: Unsupported syscall: 235
qemu: Unsupported syscall: 235
qemu: Unsupported syscall: 235
qemu: Unsupported syscall: 235
qemu: Unsupported syscall: 235
qemu: Unsupported syscall: 235
qemu: Unsupported syscall: 235
qemu: Unsupported syscall: 235
[  8%] Built target i18r_msgs_generate_messages_cpp
[  9%] Built target i18r_msgs_generate_messages_py
[  9%] Building CXX object rubbynav/CMakeFiles/nav_plugin.dir/module/common/DebugWithoutRos/debugDataProcess/MsgProcess.cpp.o
[ 10%] Building CXX object rubbynav/CMakeFiles/quick_control_plugin.dir/module/common/DebugWithoutRos/debugDataProcess/MsgProcess.cpp.o
[ 11%] Generating EusLisp code from i18r_msgs/CliffEvent.msg
[ 11%] Generating Lisp code from i18r_msgs/CliffEvent.msg
[ 12%] Generating Lisp code from i18r_msgs/MotorPower.msg
[ 13%] Generating EusLisp code from i18r_msgs/MotorPower.msg
[ 14%] Generating Lisp code from i18r_msgs/KeyboardInput.msg
[ 14%] Generating EusLisp code from i18r_msgs/KeyboardInput.msg
[ 14%] Generating Lisp code from i18r_msgs/WheelDropEvent.msg
[ 15%] Generating Lisp code from i18r_msgs/BumperEvent.msg
[ 15%] Generating EusLisp code from i18r_msgs/WheelDropEvent.msg
[ 15%] Built target i18r_msgs_generate_messages_lisp
[ 15%] Building CXX object rubbynav/CMakeFiles/nav_plugin.dir/module/common/Log/Log.cpp.o
[ 15%] Generating EusLisp code from i18r_msgs/BumperEvent.msg
[ 16%] Generating EusLisp manifest code for i18r_msgs
[ 16%] Building CXX object rubbynav/CMakeFiles/quick_control_plugin.dir/module/common/Log/Log.cpp.o
[ 16%] Generating Javascript code from i18r_msgs/CliffEvent.msg
[ 16%] Generating Javascript code from i18r_msgs/MotorPower.msg
[ 17%] Generating Javascript code from i18r_msgs/KeyboardInput.msg
[ 18%] Generating Javascript code from i18r_msgs/WheelDropEvent.msg
[ 20%] Generating Javascript code from i18r_msgs/BumperEvent.msg
[ 20%] Built target i18r_msgs_generate_messages_nodejs
[ 21%] Building CXX object rubbynav/CMakeFiles/nav_plugin.dir/module/common/Map/Map.cpp.o
[ 21%] Building CXX object rubbynav/CMakeFiles/nav_plugin.dir/module/common/Operation/Operation.cpp.o
[ 22%] Building CXX object rubbynav/CMakeFiles/quick_control_plugin.dir/module/common/Map/Map.cpp.o
[ 23%] Building CXX object rubbynav/CMakeFiles/nav_plugin.dir/module/common/Operation/butterworth_filter.cpp.o
[ 23%] Building CXX object rubbynav/CMakeFiles/nav_plugin.dir/module/common/Operation/mvel_control.cpp.o
[ 24%] Building CXX object rubbynav/CMakeFiles/nav_plugin.dir/module/common/Operation/pedoperation.cpp.o
[ 24%] Building CXX object rubbynav/CMakeFiles/quick_control_plugin.dir/module/common/Operation/Operation.cpp.o
[ 25%] Building CXX object rubbynav/CMakeFiles/quick_control_plugin.dir/module/common/Operation/butterworth_filter.cpp.o
[ 25%] Building CXX object rubbynav/CMakeFiles/nav_plugin.dir/module/common/Operation/savingmap.cpp.o
[ 26%] Building CXX object rubbynav/CMakeFiles/nav_plugin.dir/module/common/Operation/vel_control.cpp.o
[ 27%] Building CXX object rubbynav/CMakeFiles/quick_control_plugin.dir/module/common/Operation/mvel_control.cpp.o
[ 28%] Building CXX object rubbynav/CMakeFiles/nav_plugin.dir/module/common/commonSDK/CommonSdk.cpp.o
[ 28%] Building CXX object rubbynav/CMakeFiles/quick_control_plugin.dir/module/common/Operation/pedoperation.cpp.o
[ 29%] Building CXX object rubbynav/CMakeFiles/quick_control_plugin.dir/module/common/Operation/savingmap.cpp.o
[ 29%] Building CXX object rubbynav/CMakeFiles/nav_plugin.dir/module/hsm/src/hsmBuildMap.cpp.o
[ 30%] Building CXX object rubbynav/CMakeFiles/nav_plugin.dir/module/hsm/src/hsmCT.cpp.o
[ 30%] Building CXX object rubbynav/CMakeFiles/quick_control_plugin.dir/module/common/Operation/vel_control.cpp.o
[ 31%] Building CXX object rubbynav/CMakeFiles/quick_control_plugin.dir/module/common/commonSDK/CommonSdk.cpp.o
[ 31%] Building CXX object rubbynav/CMakeFiles/nav_plugin.dir/module/hsm/src/hsmEnterStation.cpp.o
[ 32%] Building CXX object rubbynav/CMakeFiles/nav_plugin.dir/module/hsm/src/hsmFindPedestrian.cpp.o
[ 32%] Building CXX object rubbynav/CMakeFiles/quick_control_plugin.dir/module/motion/BasicAction/BasicAction.cpp.o
[ 32%] Building CXX object rubbynav/CMakeFiles/nav_plugin.dir/module/hsm/src/hsmManualControl.cpp.o
[ 33%] Building CXX object rubbynav/CMakeFiles/quick_control_plugin.dir/module/motion/BasicAction/basiccontrol.cpp.o
[ 33%] Building CXX object rubbynav/CMakeFiles/quick_control_plugin.dir/module/motion/Dock/dock.cpp.o
[ 34%] Building CXX object rubbynav/CMakeFiles/quick_control_plugin.dir/module/motion/Manual/ManualControl.cpp.o
[ 35%] Building CXX object rubbynav/CMakeFiles/nav_plugin.dir/module/hsm/src/hsmNoWork.cpp.o
[ 35%] Building CXX object rubbynav/CMakeFiles/nav_plugin.dir/module/hsm/src/hsmP2P.cpp.o
[ 35%] Building CXX object rubbynav/CMakeFiles/quick_control_plugin.dir/module/motion/MapManage/MotionMapManage.cpp.o
[ 36%] Building CXX object rubbynav/CMakeFiles/quick_control_plugin.dir/module/motion/ObstacleAvoid/ObstacleAvoid.cpp.o
[ 37%] Building CXX object rubbynav/CMakeFiles/quick_control_plugin.dir/module/motion/OutDock/OutDock.cpp.o
[ 38%] Building CXX object rubbynav/CMakeFiles/nav_plugin.dir/module/hsm/src/hsmPartSearch.cpp.o
[ 38%] Building CXX object rubbynav/CMakeFiles/quick_control_plugin.dir/module/motion/PathTrack/PathTrack.cpp.o
[ 38%] Building CXX object rubbynav/CMakeFiles/nav_plugin.dir/module/hsm/src/hsmRecharge.cpp.o
[ 40%] Building CXX object rubbynav/CMakeFiles/quick_control_plugin.dir/module/motion/PathTrackBow/PathTrackBow.cpp.o
[ 41%] Building CXX object rubbynav/CMakeFiles/nav_plugin.dir/module/hsm/src/hsmRecovery.cpp.o
[ 41%] Building CXX object rubbynav/CMakeFiles/quick_control_plugin.dir/module/motion/PathTrackMPPINav/src/collision_checker.cpp.o
[ 42%] Building CXX object rubbynav/CMakeFiles/quick_control_plugin.dir/module/motion/PathTrackMPPINav/src/critic_manager.cpp.o
[ 42%] Building CXX object rubbynav/CMakeFiles/nav_plugin.dir/module/hsm/src/hsmToSemanticTarget.cpp.o
[ 43%] Building CXX object rubbynav/CMakeFiles/nav_plugin.dir/module/hsm/src/hsmTopLevel.cpp.o
[ 43%] Building CXX object rubbynav/CMakeFiles/quick_control_plugin.dir/module/motion/PathTrackMPPINav/src/critics/backward_critic.cpp.o
[ 44%] Building CXX object rubbynav/CMakeFiles/quick_control_plugin.dir/module/motion/PathTrackMPPINav/src/critics/constraint_critic.cpp.o
[ 44%] Building CXX object rubbynav/CMakeFiles/quick_control_plugin.dir/module/motion/PathTrackMPPINav/src/critics/dist_map_cost_critic.cpp.o
[ 45%] Building CXX object rubbynav/CMakeFiles/nav_plugin.dir/module/hsm/src/hsmVisitation.cpp.o
[ 46%] Building CXX object rubbynav/CMakeFiles/quick_control_plugin.dir/module/motion/PathTrackMPPINav/src/critics/goal_angle_critic.cpp.o
[ 46%] Building CXX object rubbynav/CMakeFiles/quick_control_plugin.dir/module/motion/PathTrackMPPINav/src/critics/goal_critic.cpp.o
[ 46%] Building CXX object rubbynav/CMakeFiles/nav_plugin.dir/module/motion/BasicAction/BasicAction.cpp.o
[ 47%] Building CXX object rubbynav/CMakeFiles/quick_control_plugin.dir/module/motion/PathTrackMPPINav/src/critics/path_angle_align_critic.cpp.o
[ 48%] Building CXX object rubbynav/CMakeFiles/nav_plugin.dir/module/motion/BasicAction/basiccontrol.cpp.o
[ 48%] Building CXX object rubbynav/CMakeFiles/nav_plugin.dir/module/motion/Dock/dock.cpp.o
[ 49%] Building CXX object rubbynav/CMakeFiles/nav_plugin.dir/module/motion/Manual/ManualControl.cpp.o
[ 49%] Building CXX object rubbynav/CMakeFiles/quick_control_plugin.dir/module/motion/PathTrackMPPINav/src/critics/path_follow_critic.cpp.o
[ 49%] Building CXX object rubbynav/CMakeFiles/nav_plugin.dir/module/motion/MapManage/MotionMapManage.cpp.o
[ 50%] Building CXX object rubbynav/CMakeFiles/quick_control_plugin.dir/module/motion/PathTrackMPPINav/src/critics/prefer_forward_critic.cpp.o
[ 51%] Building CXX object rubbynav/CMakeFiles/quick_control_plugin.dir/module/motion/PathTrackMPPINav/src/critics/twirling_critic.cpp.o
[ 52%] Building CXX object rubbynav/CMakeFiles/nav_plugin.dir/module/motion/ObstacleAvoid/ObstacleAvoid.cpp.o
[ 52%] Building CXX object rubbynav/CMakeFiles/quick_control_plugin.dir/module/motion/PathTrackMPPINav/src/local_minima_detector.cpp.o
[ 52%] Building CXX object rubbynav/CMakeFiles/nav_plugin.dir/module/motion/OutDock/OutDock.cpp.o
[ 53%] Building CXX object rubbynav/CMakeFiles/quick_control_plugin.dir/module/motion/PathTrackMPPINav/src/map_converter.cpp.o
[ 54%] Building CXX object rubbynav/CMakeFiles/nav_plugin.dir/module/motion/PathTrack/PathTrack.cpp.o
[ 54%] Building CXX object rubbynav/CMakeFiles/nav_plugin.dir/module/motion/PathTrackBow/PathTrackBow.cpp.o
[ 54%] Building CXX object rubbynav/CMakeFiles/quick_control_plugin.dir/module/motion/PathTrackMPPINav/src/mppi_config.cpp.o
[ 55%] Building CXX object rubbynav/CMakeFiles/quick_control_plugin.dir/module/motion/PathTrackMPPINav/src/mppi_impl.cpp.o
[ 56%] Building CXX object rubbynav/CMakeFiles/nav_plugin.dir/module/motion/PathTrackMPPINav/src/collision_checker.cpp.o
[ 56%] Building CXX object rubbynav/CMakeFiles/quick_control_plugin.dir/module/motion/PathTrackMPPINav/src/mppi_local_planner.cpp.o
[ 57%] Building CXX object rubbynav/CMakeFiles/quick_control_plugin.dir/module/motion/PathTrackMPPINav/src/noise_generator.cpp.o
[ 58%] Building CXX object rubbynav/CMakeFiles/nav_plugin.dir/module/motion/PathTrackMPPINav/src/critic_manager.cpp.o
[ 58%] Building CXX object rubbynav/CMakeFiles/nav_plugin.dir/module/motion/PathTrackMPPINav/src/critics/backward_critic.cpp.o
[ 58%] Building CXX object rubbynav/CMakeFiles/quick_control_plugin.dir/module/motion/PathTrackMPPINav/src/optimizer.cpp.o
[ 60%] Building CXX object rubbynav/CMakeFiles/nav_plugin.dir/module/motion/PathTrackMPPINav/src/critics/constraint_critic.cpp.o
[ 60%] Building CXX object rubbynav/CMakeFiles/nav_plugin.dir/module/motion/PathTrackMPPINav/src/critics/dist_map_cost_critic.cpp.o
[ 61%] Building CXX object rubbynav/CMakeFiles/nav_plugin.dir/module/motion/PathTrackMPPINav/src/critics/goal_angle_critic.cpp.o
[ 61%] Building CXX object rubbynav/CMakeFiles/nav_plugin.dir/module/motion/PathTrackMPPINav/src/critics/goal_critic.cpp.o
[ 62%] Building CXX object rubbynav/CMakeFiles/quick_control_plugin.dir/module/motion/PathTrackMPPINav/src/path_handler.cpp.o
[ 63%] Building CXX object rubbynav/CMakeFiles/nav_plugin.dir/module/motion/PathTrackMPPINav/src/critics/path_angle_align_critic.cpp.o
[ 63%] Building CXX object rubbynav/CMakeFiles/quick_control_plugin.dir/module/motion/PathTrackMPPINav/src/path_selector.cpp.o
[ 63%] Building CXX object rubbynav/CMakeFiles/nav_plugin.dir/module/motion/PathTrackMPPINav/src/critics/path_follow_critic.cpp.o
[ 64%] Building CXX object rubbynav/CMakeFiles/nav_plugin.dir/module/motion/PathTrackMPPINav/src/critics/prefer_forward_critic.cpp.o
[ 65%] Building CXX object rubbynav/CMakeFiles/quick_control_plugin.dir/module/motion/PathTrackMPPINav/src/rotation_controller.cpp.o
[ 65%] Building CXX object rubbynav/CMakeFiles/quick_control_plugin.dir/module/motion/PathTrackMPPINav/src/trajectory_visualizer.cpp.o
[ 65%] Building CXX object rubbynav/CMakeFiles/nav_plugin.dir/module/motion/PathTrackMPPINav/src/critics/twirling_critic.cpp.o
[ 66%] Building CXX object rubbynav/CMakeFiles/nav_plugin.dir/module/motion/PathTrackMPPINav/src/local_minima_detector.cpp.o
[ 66%] Building CXX object rubbynav/CMakeFiles/nav_plugin.dir/module/motion/PathTrackMPPINav/src/map_converter.cpp.o
[ 67%] Building CXX object rubbynav/CMakeFiles/quick_control_plugin.dir/module/motion/PathTrackNav/PathTrackNav.cpp.o
[ 68%] Building CXX object rubbynav/CMakeFiles/nav_plugin.dir/module/motion/PathTrackMPPINav/src/mppi_config.cpp.o
[ 69%] Building CXX object rubbynav/CMakeFiles/quick_control_plugin.dir/module/motion/PathTrackSmoothNav/DWALocalPlanning.cpp.o
[ 70%] Building CXX object rubbynav/CMakeFiles/nav_plugin.dir/module/motion/PathTrackMPPINav/src/mppi_impl.cpp.o
[ 70%] Building CXX object rubbynav/CMakeFiles/nav_plugin.dir/module/motion/PathTrackMPPINav/src/mppi_local_planner.cpp.o
[ 71%] Building CXX object rubbynav/CMakeFiles/nav_plugin.dir/module/motion/PathTrackMPPINav/src/noise_generator.cpp.o
[ 71%] Building CXX object rubbynav/CMakeFiles/quick_control_plugin.dir/module/motion/PathTrackSmoothNav/NavLocalPathPlanning.cpp.o
[ 72%] Building CXX object rubbynav/CMakeFiles/quick_control_plugin.dir/module/motion/PathTrackSmoothNav/NavLocalPathTracking.cpp.o
[ 72%] Building CXX object rubbynav/CMakeFiles/nav_plugin.dir/module/motion/PathTrackMPPINav/src/optimizer.cpp.o
[ 72%] Building CXX object rubbynav/CMakeFiles/quick_control_plugin.dir/module/motion/PathTrackSmoothNav/PathTrackSmoothNav.cpp.o
[ 73%] Building CXX object rubbynav/CMakeFiles/quick_control_plugin.dir/module/motion/PathTrackSmoothNav/VelocitySmoothAW.cpp.o
[ 73%] Building CXX object rubbynav/CMakeFiles/quick_control_plugin.dir/module/motion/PathTrackSmoothNav/VelocitySmoother.cpp.o
[ 74%] Building CXX object rubbynav/CMakeFiles/nav_plugin.dir/module/motion/PathTrackMPPINav/src/path_handler.cpp.o
[ 74%] Building CXX object rubbynav/CMakeFiles/nav_plugin.dir/module/motion/PathTrackMPPINav/src/path_selector.cpp.o
[ 75%] Building CXX object rubbynav/CMakeFiles/nav_plugin.dir/module/motion/PathTrackMPPINav/src/rotation_controller.cpp.o
[ 76%] Building CXX object rubbynav/CMakeFiles/quick_control_plugin.dir/module/motion/Relocation/Relocation.cpp.o
[ 76%] Building CXX object rubbynav/CMakeFiles/nav_plugin.dir/module/motion/PathTrackMPPINav/src/trajectory_visualizer.cpp.o
[ 76%] Building CXX object rubbynav/CMakeFiles/quick_control_plugin.dir/module/motion/motionSDK/motionsdk.cpp.o
[ 77%] Building CXX object rubbynav/CMakeFiles/nav_plugin.dir/module/motion/PathTrackNav/PathTrackNav.cpp.o
[ 77%] Building CXX object rubbynav/CMakeFiles/nav_plugin.dir/module/motion/PathTrackSmoothNav/DWALocalPlanning.cpp.o
[ 78%] Building CXX object rubbynav/CMakeFiles/nav_plugin.dir/module/motion/PathTrackSmoothNav/NavLocalPathPlanning.cpp.o
[ 80%] Building CXX object rubbynav/CMakeFiles/quick_control_plugin.dir/module/simulation/quickControlSim.cpp.o
[ 80%] Building CXX object rubbynav/CMakeFiles/quick_control_plugin.dir/src/quickControl.cpp.o
/home/indemind/.jenkins/workspace/gerry-ros-melodic/TCLNAV/src/rubbynav/module/simulation/quickControlSim.cpp:3:10: fatal error: i18r_msgs/MotorPower.h: No such file or directory
 #include <i18r_msgs/MotorPower.h>
          ^~~~~~~~~~~~~~~~~~~~~~~~
compilation terminated.
rubbynav/CMakeFiles/quick_control_plugin.dir/build.make:803: recipe for target 'rubbynav/CMakeFiles/quick_control_plugin.dir/module/simulation/quickControlSim.cpp.o' failed
make[2]: *** [rubbynav/CMakeFiles/quick_control_plugin.dir/module/simulation/quickControlSim.cpp.o] Error 1
make[2]: *** Waiting for unfinished jobs....
[ 80%] Building CXX object rubbynav/CMakeFiles/nav_plugin.dir/module/motion/PathTrackSmoothNav/NavLocalPathTracking.cpp.o
[ 81%] Building CXX object rubbynav/CMakeFiles/nav_plugin.dir/module/motion/PathTrackSmoothNav/PathTrackSmoothNav.cpp.o
[ 82%] Building CXX object rubbynav/CMakeFiles/nav_plugin.dir/module/motion/PathTrackSmoothNav/VelocitySmoothAW.cpp.o
CMakeFiles/Makefile2:2113: recipe for target 'rubbynav/CMakeFiles/quick_control_plugin.dir/all' failed
make[1]: *** [rubbynav/CMakeFiles/quick_control_plugin.dir/all] Error 2
make[1]: *** Waiting for unfinished jobs....
[ 82%] Building CXX object rubbynav/CMakeFiles/nav_plugin.dir/module/motion/PathTrackSmoothNav/VelocitySmoother.cpp.o
[ 83%] Building CXX object rubbynav/CMakeFiles/nav_plugin.dir/module/motion/Relocation/Relocation.cpp.o
[ 83%] Building CXX object rubbynav/CMakeFiles/nav_plugin.dir/module/motion/motionSDK/motionsdk.cpp.o
[ 84%] Building CXX object rubbynav/CMakeFiles/nav_plugin.dir/module/planning/Clean/CleanPath.cpp.o
[ 84%] Building CXX object rubbynav/CMakeFiles/nav_plugin.dir/module/planning/CleanBox/CleanBox.cpp.o
[ 85%] Building CXX object rubbynav/CMakeFiles/nav_plugin.dir/module/planning/MapManage/PlanningMapManage.cpp.o
[ 85%] Building CXX object rubbynav/CMakeFiles/nav_plugin.dir/module/planning/Nav/Nav.cpp.o
[ 86%] Building CXX object rubbynav/CMakeFiles/nav_plugin.dir/module/planning/Nav/aStar/aStar.cpp.o
[ 86%] Building CXX object rubbynav/CMakeFiles/nav_plugin.dir/module/planning/Nav/aStar/aStarNode.cpp.o
[ 87%] Building CXX object rubbynav/CMakeFiles/nav_plugin.dir/module/planning/Search/Search.cpp.o
[ 88%] Building CXX object rubbynav/CMakeFiles/nav_plugin.dir/module/planning/Segment/mergeroom.cpp.o
[ 88%] Building CXX object rubbynav/CMakeFiles/nav_plugin.dir/module/planning/Segment/rotator.cpp.o
[ 89%] Building CXX object rubbynav/CMakeFiles/nav_plugin.dir/module/planning/Segment/segment.cpp.o
[ 89%] Building CXX object rubbynav/CMakeFiles/nav_plugin.dir/module/planning/Segment/support/src/abstract_voronoi_segmentation.cpp.o
[ 90%] Building CXX object rubbynav/CMakeFiles/nav_plugin.dir/module/planning/Segment/support/src/contains.cpp.o
[ 90%] Building CXX object rubbynav/CMakeFiles/nav_plugin.dir/module/planning/Segment/support/src/distance_segmentation.cpp.o
Build was aborted
Aborted by [8mha:////4GZLdJ3zYVtTaCml8iVum++M0lnTj7l+sRg8SaQVn3p2AAAAlR+LCAAAAAAAAP9b85aBtbiIQTGjNKU4P08vOT+vOD8nVc83PyU1x6OyILUoJzMv2y+/JJUBAhiZGBgqihhk0NSjKDWzXb3RdlLBUSYGJk8GtpzUvPSSDB8G5tKinBIGIZ+sxLJE/ZzEvHT94JKizLx0a6BxUmjGOUNodHsLgAy+EgZO/dLi1CL98uJiAKhZb0u+AAAA[0mwangshuaishuai
Finished: ABORTED
