Started by user [8mha:////4CxdUWQECjdXMwyVgfqeFaIP/aI9EkxHsnLryzaOJrJlAAAAmx+LCAAAAAAAAP9b85aBtbiIQTGjNKU4P08vOT+vOD8nVc83PyU1x6OyILUoJzMv2y+/JJUBAhiZGBgqihhk0NSjKDWzXb3RdlLBUSYGJk8GtpzUvPSSDB8G5tKinBIGIZ+sxLJE/ZzEvHT94JKizLx0a6BxUmjGOUNodHsLgAzmEgZ+/dLi1CL9nMzKxLyc/Lx0AJMuWZLEAAAA[0mÊùéÁÇéÈæô
Rebuilds build #[8mha:////4CoGZELe3E44NDZjCepD8uxQ/uhBIUgR/YraoVzdfucFAAAAsB+LCAAAAAAAAP9b85aBtbiIQTGjNKU4P08vOT+vOD8nVc83PyU1x6OyILUoJzMv2y+/JJUBAhiZGBgqihhk0NSjKDWzXb3RdlLBUSYGJk8GtpzUvPSSDB8G5tKinBIGIZ+sxLJE/ZzEvHT94JKizLx0a6BxUmjGOUNodHsLgAzmEgZV/bLM1HL94pRs/az8JP2S1OIS3aLSpKRKXaCQrrGpmZm+ibk5AGZNtlnaAAAA[0m477
Running as SYSTEM
Building remotely on [8mha:////4GJECaSXI5jaa88kGHMmbEkdCg31N4g4yVAlsCFwflHgAAAAmR+LCAAAAAAAAP9b85aBtbiIQTGjNKU4P08vOT+vOD8nVc83PyU1x6OyILUoJzMv2y+/JJUBAhiZGBgqihhk0NSjKDWzXb3RdlLBUSYGJk8GtpzUvPSSDB8G5tKinBIGIZ+sxLJE/ZzEvHT94JKizLx0a6BxUmjGOUNodHsLgAzmEgZe/eT83ILSktQifUNLQwA4ziQnwgAAAA==[0m191 (192.168.50.191) in workspace /home/indemind/.jenkins_slave/workspace/test-rubby-sdk-3566
[WS-CLEANUP] Deleting project workspace...
[WS-CLEANUP] Deferred wipeout is used...
[WS-CLEANUP] Done
No emails were triggered.
[test-rubby-sdk-3566] $ /bin/sh -xe /tmp/jenkins6254776573880686855.sh
+ bash /home/indemind/myscript/build/build.sh
++ export MYSQL_PWD=123
++ MYSQL_PWD=123
++ export -f cmdb_mysql
+ set -ex
+ export -f public_project_update
+ export -f project_build
+ init_project_env
++ date +%Y%m%d
+ DT=20240226
+ UserName=jenkins
+ API_TOKEN=11b65309c9835de9579d9c9038853d9eb7
+ GIT_PRIVATE_TOKEN=emEDrsaJVjxKK5gSWrf-
+ GIT_HOST=192.168.50.191
++ echo abby/integration/sdk
++ awk -F/ '{print $1"%2F"$2}'
+ CONVERT_TARGET_PROJECT=abby%2Fintegration
++ curl -XGET -H 'Content-Type: application/json' --header 'PRIVATE-TOKEN: emEDrsaJVjxKK5gSWrf-' http://192.168.50.191:85/api/v4/projects/abby%2Fintegration
++ python -c 'import sys, json; print(json.load(sys.stdin)["id"])'
  % Total    % Received % Xferd  Average Speed   Time    Time     Time  Current
                                 Dload  Upload   Total   Spent    Left  Speed
  0     0    0     0    0     0      0      0 --:--:-- --:--:-- --:--:--     0100    35  100    35    0     0    652      0 --:--:-- --:--:-- --:--:--   660
Traceback (most recent call last):
  File "<string>", line 1, in <module>
KeyError: 'id'
+ SUB_PROJECT_ID=
+ true
+ '[' -z ']'
+ SOURCE_DIR=/home/indemind/.jenkins_slave/workspace/test-rubby-sdk-3566/sdk_plubins
+ TARGET_DIR=/home/indemind/.jenkins_slave/workspace/test-rubby-sdk-3566/sdk
+ prepare_env
++ uname -m
+ system_platform=x86_64
+ :
++ cat /proc/cpuinfo
++ grep processor
++ sort
++ uniq
++ wc -l
+ mt=-j4
+ export COMMIT_ID_FILE=/home/indemind/.jenkins_slave/workspace/test-rubby-sdk-3566/_last_build_id
+ COMMIT_ID_FILE=/home/indemind/.jenkins_slave/workspace/test-rubby-sdk-3566/_last_build_id
+ export COMMIT_MSG_FILE=/home/indemind/.jenkins_slave/workspace/test-rubby-sdk-3566/_commit-msg
+ COMMIT_MSG_FILE=/home/indemind/.jenkins_slave/workspace/test-rubby-sdk-3566/_commit-msg
+ export COMMIT_MSG_FILE_TMP=/home/indemind/.jenkins_slave/workspace/test-rubby-sdk-3566/_commit-msg.tmp
+ COMMIT_MSG_FILE_TMP=/home/indemind/.jenkins_slave/workspace/test-rubby-sdk-3566/_commit-msg.tmp
+ rm -f /home/indemind/.jenkins_slave/workspace/test-rubby-sdk-3566/_last_build_id
+ rm -f /home/indemind/.jenkins_slave/workspace/test-rubby-sdk-3566/_commit-msg
+ rm -f /home/indemind/.jenkins_slave/workspace/test-rubby-sdk-3566/_commit-msg.tmp
+ rm -f /home/indemind/.jenkins_slave/workspace/test-rubby-sdk-3566/result.log
+ rm -f /home/indemind/.jenkins_slave/workspace/test-rubby-sdk-3566/no_code_change.log
+ CLONE_DEPTH=--depth=1
+ PUBLICBASETYPES_DIR=/home/indemind/system/I18RPublicBaseTypes
+ cmdb_mysql 'insert into prebuild(job_name,source_project,source_branch,target_project,target_branch,time,build_url,node_name,build_user) values ('\''test-rubby-sdk-3566'\'','\''abby/source/sdk_plubins'\'','\''master'\'','\''abby/integration/sdk'\'','\''caffer'\'',now(),'\''http://192.168.50.191:8088/job/test-rubby-sdk-3566/478/'\'','\''191'\'','\''liyanlong'\'')'
+ set +x
+ DOCKER_CONTAINER_I18=build-x64-18.04
+ DOCKER_CONTAINER_RUBBY=c405
+ DOCKER_CONTAINER_RUBBY_INSIDE=c3566
+ DOCKER_CONTAINER_JAVA=node
+ JENKINS_JOB_A=mind
+ JENKINS_JOB_B=rbn
+ JENKINS_JOB_C=mark-check-tools
+ JENKINS_JOB_D=java
+ JENKINS_JOB_E=clean_recorder
+ JENKINS_JOB_F=i18r
+ JENKINS_JOB_G=nodejs
+ JENKINS_JOB_H=_ui
+ JENKINS_JOB_L=i12r
+ [[ test-rubby-sdk-3566 =~ mind ]]
+ '[' true = false ']'
+ source_project_fetch
+ git clone ssh://git@192.168.50.191:222/abby/source/sdk_plubins -b master --depth=1
Ê≠£ÂÖãÈöÜÂà∞ 'sdk_plubins'...
Warning: Permanently added '[192.168.50.191]:222' (ECDSA) to the list of known hosts.
+ target_project_update
+ rm -rf /home/indemind/.jenkins_slave/workspace/test-rubby-sdk-3566/sdk
+ target_project_fetch
+ git clone ssh://git@192.168.50.191:222/abby/integration/sdk -b caffer --depth=1
Ê≠£ÂÖãÈöÜÂà∞ 'sdk'...
Warning: Permanently added '[192.168.50.191]:222' (ECDSA) to the list of known hosts.
+ insert_db
+ pushd /home/indemind/.jenkins_slave/workspace/test-rubby-sdk-3566/sdk_plubins
~/.jenkins_slave/workspace/test-rubby-sdk-3566/sdk_plubins ~/.jenkins_slave/workspace/test-rubby-sdk-3566
++ cmdb_mysql 'SELECT first_commit_id FROM prebuild where source_project='\''abby/source/sdk_plubins'\'' and source_branch='\''master'\'' and target_project='\''abby/integration/sdk'\'' and target_branch='\''caffer'\'' and status='\''0'\'' and job_name='\''test-rubby-sdk-3566'\'' order by id desc limit 1;'
++ set +x
+ version='first_commit_id
8e5ba1d'
++ echo first_commit_id 8e5ba1d
++ awk -F ' ' '{print $2}'
+ version=8e5ba1d
++ git log -1 --pretty=format:%h
+ first_commit_id_now=ba4ff57
+ cmdb_mysql 'update prebuild set first_commit_id='\''ba4ff57'\'' where build_url='\''http://192.168.50.191:8088/job/test-rubby-sdk-3566/478/'\'';'
+ set +x
+ popd
~/.jenkins_slave/workspace/test-rubby-sdk-3566
+ [[ x86_64 =~ x86_64 ]]
+ docker exec -i c3566 /bin/bash
+ [[ c3566 == c405 ]]
+ [[ c3566 == c3566 ]]
+ echo 'rubby project building in c3566......'
rubby project building in c3566......
+ pushd /root/system/abby_msg
~/system/abby_msg /
+ git checkout ./
+ git clean -xdf ./
+ git pull origin master
From ssh://192.168.50.191:222/abby/source/abby_msg
 * branch            master     -> FETCH_HEAD
Already up to date.
+ popd
/
+ pushd /home/indemind/.jenkins_slave/workspace/test-rubby-sdk-3566/sdk_plubins
/home/indemind/.jenkins_slave/workspace/test-rubby-sdk-3566/sdk_plubins /
+ git submodule update --init --recursive
Submodule 'submodules/abby_msg' (http://192.168.50.191:85/abby/source/abby_msg.git) registered for path 'submodules/abby_msg'
Submodule 'submodules/protocol' (http://192.168.50.191:85/abby/source/app_protocol.git) registered for path 'submodules/protocol'
Cloning into '/home/indemind/.jenkins_slave/workspace/test-rubby-sdk-3566/sdk_plubins/submodules/abby_msg'...
Cloning into '/home/indemind/.jenkins_slave/workspace/test-rubby-sdk-3566/sdk_plubins/submodules/protocol'...
Submodule path 'submodules/abby_msg': checked out 'a65fd47591726045c11ad9e4ebc2104b8aa979fc'
Submodule path 'submodules/protocol': checked out 'acc4821e67587679e29190d9be3020309d0f6e69'
+ git submodule update --remote
Submodule path 'submodules/abby_msg': checked out 'f611833bdf3931d1aa549441dcd1b17fb6e0a8de'
Submodule path 'submodules/protocol': checked out '78193356d9b0e1f91f0225fcd280961380453eef'
+ sed -i 's/make -j[0-9].*/make -j4/g' build.sh
+ '[' xba4ff57 == x8e5ba1d ']'
+ source /opt/ros/melodic/setup.bash
+ bash -ex build.sh
+ set -ex
+ git submodule update --init --recursive
Submodule path 'submodules/abby_msg': checked out 'a65fd47591726045c11ad9e4ebc2104b8aa979fc'
Submodule path 'submodules/protocol': checked out 'acc4821e67587679e29190d9be3020309d0f6e69'
+ git submodule update --remote
Submodule path 'submodules/abby_msg': checked out 'f611833bdf3931d1aa549441dcd1b17fb6e0a8de'
Submodule path 'submodules/protocol': checked out '78193356d9b0e1f91f0225fcd280961380453eef'
+ BuildDir=build
+ '[' -d build ']'
+ echo 'build is not exist.'
build is not exist.
+ mkdir build
+ cppcheck ./plugins --enable=all --output-file=sdk_cppcheck_info.txt --xml
build.sh: line 16: cppcheck: command not found
+ echo 0
+ popd
/
+ exit
+ [[ -f /home/indemind/.jenkins_slave/workspace/test-rubby-sdk-3566/no_code_change.log ]]
+ check_status_code
+ test -f /home/indemind/.jenkins_slave/workspace/test-rubby-sdk-3566/result.log
+ echo 'containge build is error'
containge build is error
+ exit 1
Build step 'Execute shell' marked build as failure
Email was triggered for: Failure - Any
Sending email for trigger: Failure - Any
Sending email to: qishanqing@indemind.cn lishaohui@indemind.cn
Finished: FAILURE
