Started by user [8mha:////4MzersSP/9cKUovrzPMuoS/kLqxVF8zd8yb1BUJ8RGIAAAAAmh+LCAAAAAAAAP9b85aBtbiIQTGjNKU4P08vOT+vOD8nVc83PyU1x6OyILUoJzMv2y+/JJUBAhiZGBgqihhk0NSjKDWzXb3RdlLBUSYGJk8GtpzUvPSSDB8G5tKinBIGIZ+sxLJE/ZzEvHT94JKizLx0a6BxUmjGOUNodHsLgAzuEgYB/dLi1CL9nMzSXKDZQJMAv/Rqu8UAAAA=[0mliumengyang
Rebuilds build #[8mha:////4MqtXTFRNXqu+1fUbOYuH/I39dl9ctMqgDp1+5Fc0ZEOAAAApx+LCAAAAAAAAP9b85aBtbiIQTGjNKU4P08vOT+vOD8nVc83PyU1x6OyILUoJzMv2y+/JJUBAhiZGBgqihhk0NSjKDWzXb3RdlLBUSYGJk8GtpzUvPSSDB8G5tKinBIGIZ+sxLJE/ZzEvHT94JKizLx0a6BxUmjGOUNodHsLgAzmEgZp/az8JP3kxLTUIl0zMwND3dTcpNSU1BR9Q1NDAJA1KkHQAAAA[0m151
Running as SYSTEM
Building remotely on [8mha:////4Mv+1wvIWl3OXIDGu6w3unSREX/fT0xpLFWon9eyySx4AAAAoR+LCAAAAAAAAP9b85aBtbiIQTGjNKU4P08vOT+vOD8nVc83PyU1x6OyILUoJzMv2y+/JJUBAhiZGBgqihhk0NSjKDWzXb3RdlLBUSYGJk8GtpzUvPSSDB8G5tKinBIGIZ+sxLJE/ZzEvHT94JKizLx0a6BxUmjGOUNodHsLgAzuEgZR/eT83ILSktQi/eyMxJTEYt3kxCJzAF4ra8rKAAAA[0mkhadas-car7 (car7) in workspace /root/workspace/workspace/cafer-6601-embeded
[WS-CLEANUP] Deleting project workspace...
[WS-CLEANUP] Deferred wipeout is used...
[WS-CLEANUP] Done
[cafer-6601-embeded] $ /bin/sh -xe /tmp/jenkins3461133201158565156.sh
+ bash /root/myscript/build/build.sh
++ export MYSQL_PWD=123
++ MYSQL_PWD=123
++ export -f cmdb_mysql
+ . /root/myscript/build/../sh/version-update.sh
++ . /root/.bashrc
+++ '[' -z '' ']'
+++ return
+ set -ex
+ export -f public_project_update
+ export -f project_build
+ init_project_env
++ date +%Y%m%d
+ DT=20240624
+ UserName=jenkins
+ API_TOKEN=11b65309c9835de9579d9c9038853d9eb7
+ GIT_PRIVATE_TOKEN=emEDrsaJVjxKK5gSWrf-
+ GIT_HOST=192.168.50.191
++ echo abby/integration/sensors
++ awk -F/ '{print $1"%2F"$2}'
+ CONVERT_TARGET_PROJECT=abby%2Fintegration
++ curl -XGET -H 'Content-Type: application/json' --header 'PRIVATE-TOKEN: emEDrsaJVjxKK5gSWrf-' http://192.168.50.191:85/api/v4/projects/abby%2Fintegration
++ python -c 'import sys, json; print(json.load(sys.stdin)["id"])'
/root/myscript/build/build.sh: line 15: python: command not found
  % Total    % Received % Xferd  Average Speed   Time    Time     Time  Current
                                 Dload  Upload   Total   Spent    Left  Speed
  0     0    0     0    0     0      0      0 --:--:-- --:--:-- --:--:--     0100    35  100    35    0     0    760      0 --:--:-- --:--:-- --:--:--   760
(23) Failed writing body
+ SUB_PROJECT_ID=
+ true
+ '[' -z ']'
+ SOURCE_DIR=/root/workspace/workspace/cafer-6601-embeded/rubby_sensor_6601
+ TARGET_DIR=/root/workspace/workspace/cafer-6601-embeded/sensors
+ prepare_env
++ uname -m
+ system_platform=aarch64
+ :
++ cat /proc/cpuinfo
++ grep processor
++ sort
++ uniq
++ wc -l
+ mt=-j4
+ export COMMIT_ID_FILE=/root/workspace/workspace/cafer-6601-embeded/_last_build_id
+ COMMIT_ID_FILE=/root/workspace/workspace/cafer-6601-embeded/_last_build_id
+ export COMMIT_MSG_FILE=/root/workspace/workspace/cafer-6601-embeded/_commit-msg
+ COMMIT_MSG_FILE=/root/workspace/workspace/cafer-6601-embeded/_commit-msg
+ export COMMIT_MSG_FILE_TMP=/root/workspace/workspace/cafer-6601-embeded/_commit-msg.tmp
+ COMMIT_MSG_FILE_TMP=/root/workspace/workspace/cafer-6601-embeded/_commit-msg.tmp
+ rm -f /root/workspace/workspace/cafer-6601-embeded/_last_build_id
+ rm -f /root/workspace/workspace/cafer-6601-embeded/_commit-msg
+ rm -f /root/workspace/workspace/cafer-6601-embeded/_commit-msg.tmp
+ rm -f /root/workspace/workspace/cafer-6601-embeded/result.log
+ rm -f /root/workspace/workspace/cafer-6601-embeded/no_code_change.log
+ sign_env
+ CONFIG_DIR_SET=/root/system
+ CONFIG_BRANCH=mind_os
+ CLONE_DEPTH=--depth=1
+ CONFIG_DIR=/root/system/i18rconfig
+ CONFIG_REMOTE='git clone ssh://git@192.168.50.191:222/AroundI18RProject/i18rconfig /root/system/i18rconfig -b mind_os --depth=1'
+ [[ aarch64 =~ x86_64 ]]
+ ENCRYPTION_TOOL=/root/system/i18rconfig/encrypt
+ CLONE_DEPTH=--depth=1
+ PUBLICBASETYPES_DIR=/root/system/I18RPublicBaseTypes
+ cmdb_mysql 'insert into prebuild(job_name,source_project,source_branch,target_project,target_branch,time,build_url,node_name,build_user) values ('\''cafer-6601-embeded'\'','\''EmbeddedGroup/rubby_sensor_6601'\'','\''meidi'\'','\''abby/integration/sensors'\'','\''meidi'\'',now(),'\''http://192.168.50.191:8088/job/cafer-6601-embeded/152/'\'','\''khadas-car7'\'','\''liumengang'\'')'
+ set +x
+ DOCKER_CONTAINER_I18=build-x64-18.04
+ DOCKER_CONTAINER_RUBBY=c405
+ DOCKER_CONTAINER_RUBBY_INSIDE=c3566
+ DOCKER_CONTAINER_JAVA=node
+ JENKINS_JOB_A=mind
+ JENKINS_JOB_B=rbn
+ JENKINS_JOB_C=mark-check-tools
+ JENKINS_JOB_D=java
+ JENKINS_JOB_E=clean_recorder
+ JENKINS_JOB_F=i18r
+ JENKINS_JOB_G=nodejs
+ JENKINS_JOB_H=_ui
+ JENKINS_JOB_L=i12r
+ [[ cafer-6601-embeded =~ mind ]]
+ '[' true = false ']'
+ source_project_fetch
+ git clone ssh://git@192.168.50.191:222/EmbeddedGroup/rubby_sensor_6601 -b meidi --depth=1
Cloning into 'rubby_sensor_6601'...
+ target_project_update
+ rm -rf /root/workspace/workspace/cafer-6601-embeded/sensors
+ target_project_fetch
+ git clone ssh://git@192.168.50.191:222/abby/integration/sensors -b meidi --depth=1
Cloning into 'sensors'...
+ insert_db
+ pushd /root/workspace/workspace/cafer-6601-embeded/rubby_sensor_6601
~/workspace/workspace/cafer-6601-embeded/rubby_sensor_6601 ~/workspace/workspace/cafer-6601-embeded
++ cmdb_mysql 'SELECT first_commit_id FROM prebuild where source_project='\''EmbeddedGroup/rubby_sensor_6601'\'' and source_branch='\''meidi'\'' and target_project='\''abby/integration/sensors'\'' and target_branch='\''meidi'\'' and status='\''0'\'' and job_name='\''cafer-6601-embeded'\'' order by id desc limit 1;'
++ set +x
+ version=
++ awk -F ' ' '{print $2}'
++ echo
+ version=
++ git log -1 --pretty=format:%h
+ first_commit_id_now=70496dc
+ cmdb_mysql 'update prebuild set first_commit_id='\''70496dc'\'' where build_url='\''http://192.168.50.191:8088/job/cafer-6601-embeded/152/'\'';'
+ set +x
+ popd
~/workspace/workspace/cafer-6601-embeded
+ [[ aarch64 =~ x86_64 ]]
+ [[ cafer-6601-embeded =~ i18r ]]
+ project_build
+ pushd /root/workspace/workspace/cafer-6601-embeded/rubby_sensor_6601
~/workspace/workspace/cafer-6601-embeded/rubby_sensor_6601 ~/workspace/workspace/cafer-6601-embeded
+ project_init_remote
++ find -type f -name sync_submodules.sh
+ sf=
+ '[' -z ']'
+ git submodule update --init --recursive
Submodule 'abby_msg' (http://192.168.50.191:85/abby/source/abby_msg.git) registered for path 'abby_msg'
Submodule 'mind_os' (ssh://git@192.168.50.191:222/mind_os/mind_os.git) registered for path 'mind_os'
Cloning into '/root/workspace/workspace/cafer-6601-embeded/rubby_sensor_6601/abby_msg'...
Cloning into '/root/workspace/workspace/cafer-6601-embeded/rubby_sensor_6601/mind_os'...
Submodule path 'abby_msg': checked out '4e3febe5cf1610eb1677d9c93ca43faa38588bad'
Submodule path 'mind_os': checked out '869774fe4b69602997f94f4785646bf43cae839b'
+ git submodule update --remote
Submodule path 'mind_os': checked out '2b9e717d5d134400aaeb0bced79d5ca14a132cc6'
+ sed -i 's/make -j[0-9].*/make -j4/g' build.sh
+ '[' -z ']'
+ '[' x70496dc == x ']'
+ bash -ex build.sh
++ wc -l
++ grep processor
++ cat /proc/cpuinfo
+ NR=6
++ uname -m
+ PLATFORM=aarch64
+ echo 'now platform is aarch64 ...'
now platform is aarch64 ...
+ [[ 0 -gt 0 ]]
+ '[' aarch64 = x86_64 ']'
+ '[' aarch64 = aarch64 ']'
+ arm64_compile_arm64
+ '[' '!' -d build_arm64 ']'
+ mkdir build_arm64
+ cd build_arm64
+ cmake -DCOMPILE_FOR_SDK=OFF -DCROSS_COMPILE_ENABLE=OFF ..
-- The C compiler identification is GNU 9.4.0
-- The CXX compiler identification is GNU 9.4.0
-- Check for working C compiler: /usr/bin/cc
-- Check for working C compiler: /usr/bin/cc -- works
-- Detecting C compiler ABI info
-- Detecting C compiler ABI info - done
-- Detecting C compile features
-- Detecting C compile features - done
-- Check for working CXX compiler: /usr/bin/c++
-- Check for working CXX compiler: /usr/bin/c++ -- works
-- Detecting CXX compiler ABI info
-- Detecting CXX compiler ABI info - done
-- Detecting CXX compile features
-- Detecting CXX compile features - done
LIBRARY_OUTPUT_PATH /root/workspace/workspace/cafer-6601-embeded/rubby_sensor_6601/install/lib/arm ..................
EXECUTABLE_OUTPUT_PATH /root/workspace/workspace/cafer-6601-embeded/rubby_sensor_6601/install/bin/arm .....................
-- BUILD_ROS_NODE=OFF
-- emb_common version is 1.0.2
-- Found OpenCV: /usr/local (found suitable version "3.4.3", minimum required is "3") 
-- imsee version is 1.0.2
-- KeyBoard version is 1.0.2
-- McuData version is 1.0.2
-- multimodule version is 1.0.2
-- sensorControl version is 1.0.2
-- stream_media version is 1.0.2
-- sensor_plugin version is 1.0.2
-- test_plugin version is 1.0.2
-- sensor_subscriber_plugin version is 1.0.2
-- Configuring done
-- Generating done
CMake Warning:
  Manually-specified variables were not used by the project:

    COMPILE_FOR_SDK
    CROSS_COMPILE_ENABLE


-- Build files have been written to: /root/workspace/workspace/cafer-6601-embeded/rubby_sensor_6601/build_arm64
+ make -j6
Scanning dependencies of target emb_common
[  1%] Building CXX object sensor/core/common/CMakeFiles/emb_common.dir/ByteFifo.cpp.o
[  3%] Building CXX object sensor/core/common/CMakeFiles/emb_common.dir/common.cpp.o
[  4%] Building CXX object sensor/core/common/CMakeFiles/emb_common.dir/CRC32.cpp.o
[  6%] Building CXX object sensor/core/common/CMakeFiles/emb_common.dir/CRC16.cpp.o
[  7%] Building CXX object sensor/core/common/CMakeFiles/emb_common.dir/RobotDebug.cpp.o
[  9%] Building CXX object sensor/core/common/CMakeFiles/emb_common.dir/ThreadCpuSet.cpp.o
[ 10%] Building CXX object sensor/core/common/CMakeFiles/emb_common.dir/TimeSync.cpp.o
[ 12%] Building CXX object sensor/core/common/CMakeFiles/emb_common.dir/MsgQueue.cpp.o
[ 13%] Building CXX object sensor/core/common/CMakeFiles/emb_common.dir/ThreadMsgQueue.cpp.o
[ 15%] Building CXX object sensor/core/common/CMakeFiles/emb_common.dir/ConfigYaml.cpp.o
/root/workspace/workspace/cafer-6601-embeded/rubby_sensor_6601/sensor/core/common/ByteFifo.cpp: In member function â€˜int ByteFifo::Init()â€™:
/root/workspace/workspace/cafer-6601-embeded/rubby_sensor_6601/sensor/core/common/ByteFifo.cpp:33:7: warning: unused variable â€˜flagsâ€™ [-Wunused-variable]
   33 |   int flags = fcntl(writeFd, F_GETFL);
      |       ^~~~~
[ 16%] Building CXX object sensor/core/common/CMakeFiles/emb_common.dir/md5.cpp.o
[ 18%] Building CXX object sensor/core/common/CMakeFiles/emb_common.dir/md5file.cpp.o
[ 19%] Building CXX object sensor/core/common/CMakeFiles/emb_common.dir/DataTypeConversion.cpp.o
[ 21%] Linking CXX shared library ../../../../install/lib/arm/libemb_common.so
[ 21%] Built target emb_common
Scanning dependencies of target monitor_node
Scanning dependencies of target sensor_subscriber_plugin
Scanning dependencies of target KeyBoard
Scanning dependencies of target sensorControl
Scanning dependencies of target test_plugin
[ 22%] Building CXX object sensor/nodes/sensor_plugin/CMakeFiles/monitor_node.dir/MonitorNode.cpp.o
[ 24%] Building CXX object sensor/core/controller/CMakeFiles/sensorControl.dir/Controller.cpp.o
[ 25%] Building CXX object sensor/core/keyboard/CMakeFiles/KeyBoard.dir/KeyBoard.cpp.o
[ 28%] Building CXX object sensor/nodes/sensor_subscriber_plugin/CMakeFiles/sensor_subscriber_plugin.dir/sensor_subscriber.cpp.o
[ 28%] Building CXX object sensor/nodes/test_plugin/CMakeFiles/test_plugin.dir/TestModule.cpp.o
Scanning dependencies of target stream_media
[ 30%] Building CXX object sensor/core/stream_media/CMakeFiles/stream_media.dir/stream_media.cpp.o
In file included from /root/workspace/workspace/cafer-6601-embeded/rubby_sensor_6601/sensor/core/stream_media/stream_media.cpp:1:
/root/workspace/workspace/cafer-6601-embeded/rubby_sensor_6601/sensor/core/stream_media/stream_media.hpp:10:10: fatal error: ../sensor/VideoStreamMsg.h: No such file or directory
   10 | #include "../sensor/VideoStreamMsg.h"
      |          ^~~~~~~~~~~~~~~~~~~~~~~~~~~~
compilation terminated.
make[2]: *** [sensor/core/stream_media/CMakeFiles/stream_media.dir/build.make:63: sensor/core/stream_media/CMakeFiles/stream_media.dir/stream_media.cpp.o] Error 1
make[1]: *** [CMakeFiles/Makefile2:640: sensor/core/stream_media/CMakeFiles/stream_media.dir/all] Error 2
make[1]: *** Waiting for unfinished jobs....
[ 31%] Building CXX object sensor/core/keyboard/CMakeFiles/KeyBoard.dir/__/drivers/serial.cpp.o
[ 33%] Building CXX object sensor/nodes/sensor_plugin/CMakeFiles/monitor_node.dir/EmbSensorMonitor.cpp.o
/root/workspace/workspace/cafer-6601-embeded/rubby_sensor_6601/sensor/core/keyboard/KeyBoard.cpp: In member function â€˜int emb_node::KeyBoard::LoadConfig(std::string)â€™:
/root/workspace/workspace/cafer-6601-embeded/rubby_sensor_6601/sensor/core/keyboard/KeyBoard.cpp:212:26: warning: unused variable â€˜configFileâ€™ [-Wunused-variable]
  212 |   YAMLConfig::ConfigFile configFile;
      |                          ^~~~~~~~~~
/root/workspace/workspace/cafer-6601-embeded/rubby_sensor_6601/sensor/core/keyboard/KeyBoard.cpp:217:1: warning: no return statement in function returning non-void [-Wreturn-type]
  217 | }
      | ^
[ 34%] Linking CXX shared library ../../../../install/lib/arm/libKeyBoard.so
[ 34%] Built target KeyBoard
[ 36%] Linking CXX shared library ../../../../install/lib/arm/libsensorControl.so
In file included from /root/workspace/workspace/cafer-6601-embeded/rubby_sensor_6601/sensor/nodes/test_plugin/TestModule.cpp:1:
/root/workspace/workspace/cafer-6601-embeded/rubby_sensor_6601/sensor/nodes/test_plugin/TestModule.hpp: In constructor â€˜sensor_module::TestModule::TestModule()â€™:
/root/workspace/workspace/cafer-6601-embeded/rubby_sensor_6601/sensor/nodes/test_plugin/TestModule.hpp:67:18: warning: â€˜sensor_module::TestModule::topicPublishImseeThâ€™ will be initialized after [-Wreorder]
   67 |     std::thread *topicPublishImseeTh;     //åˆ›å»ºå‘å¸ƒtopicçº¿ç¨‹
      |                  ^~~~~~~~~~~~~~~~~~~
/root/workspace/workspace/cafer-6601-embeded/rubby_sensor_6601/sensor/nodes/test_plugin/TestModule.hpp:57:10: warning:   â€˜bool sensor_module::TestModule::isSensorRunningâ€™ [-Wreorder]
   57 |     bool isSensorRunning;
      |          ^~~~~~~~~~~~~~~
/root/workspace/workspace/cafer-6601-embeded/rubby_sensor_6601/sensor/nodes/test_plugin/TestModule.cpp:17:1: warning:   when initialized here [-Wreorder]
   17 | TestModule::TestModule()
      | ^~~~~~~~~~
In file included from /root/workspace/workspace/cafer-6601-embeded/rubby_sensor_6601/sensor/nodes/sensor_subscriber_plugin/sensor_subscriber.cpp:6:
/root/workspace/workspace/cafer-6601-embeded/rubby_sensor_6601/sensor/nodes/sensor_subscriber_plugin/sensor_subscriber.cpp: In constructor â€˜sensor_module::sensor_subscriber::sensor_subscriber()â€™:
/root/workspace/workspace/cafer-6601-embeded/rubby_sensor_6601/sensor/core/common/RobotDebug.hpp:107:157: warning: too many arguments for format [-Wformat-extra-args]
  107 | #define RobotDEBUG(format, ...) {if(EmbLog::GetInstance()->GetLogSwitch() && (LOG_LEVEL_DEBUG >= EmbLog::GetInstance()->GetLogMinLevel()))  fprintf(stdout, "%lu [%s:%d/%s] [sensors] " format "\n", GetSystimeMs(), basename((char *)__FILE__), __LINE__, __FUNCTION__, ##__VA_ARGS__);}
      |                                                                                                                                                             ^~~~~~~~~~~~~~~~~~~~~~~~~~~~~~~~~~~~~~~
/root/workspace/workspace/cafer-6601-embeded/rubby_sensor_6601/sensor/nodes/sensor_subscriber_plugin/sensor_subscriber.cpp:209:5: note: in expansion of macro â€˜RobotDEBUGâ€™
  209 |     RobotDEBUG("set sensor file dir:", fileDir);
      |     ^~~~~~~~~~
/root/workspace/workspace/cafer-6601-embeded/rubby_sensor_6601/sensor/nodes/test_plugin/TestModule.cpp: In member function â€˜void sensor_module::TestModule::onStart(mind_os::ConstPtr<sensor_srvs::SensorStart::Request>&, mind_os::Ptr<sensor_srvs::SensorStart::Response>&)â€™:
/root/workspace/workspace/cafer-6601-embeded/rubby_sensor_6601/sensor/nodes/test_plugin/TestModule.cpp:75:16: warning: unused variable â€˜pthBluetooStatusâ€™ [-Wunused-variable]
   75 |   std::thread *pthBluetooStatus = new std::thread([&]() {
      |                ^~~~~~~~~~~~~~~~
/root/workspace/workspace/cafer-6601-embeded/rubby_sensor_6601/sensor/nodes/test_plugin/TestModule.cpp:83:16: warning: unused variable â€˜pthBumperâ€™ [-Wunused-variable]
   83 |   std::thread *pthBumper = new std::thread([&]() {
      |                ^~~~~~~~~
/root/workspace/workspace/cafer-6601-embeded/rubby_sensor_6601/sensor/nodes/test_plugin/TestModule.cpp:91:16: warning: unused variable â€˜pthChargePositionâ€™ [-Wunused-variable]
   91 |   std::thread *pthChargePosition = new std::thread([&]() {
      |                ^~~~~~~~~~~~~~~~~
/root/workspace/workspace/cafer-6601-embeded/rubby_sensor_6601/sensor/nodes/test_plugin/TestModule.cpp:99:16: warning: unused variable â€˜pthCliffEventâ€™ [-Wunused-variable]
   99 |   std::thread *pthCliffEvent = new std::thread([&]() {
      |                ^~~~~~~~~~~~~
/root/workspace/workspace/cafer-6601-embeded/rubby_sensor_6601/sensor/nodes/test_plugin/TestModule.cpp:107:16: warning: unused variable â€˜pthDropEventâ€™ [-Wunused-variable]
  107 |   std::thread *pthDropEvent = new std::thread([&]() {
      |                ^~~~~~~~~~~~
/root/workspace/workspace/cafer-6601-embeded/rubby_sensor_6601/sensor/nodes/test_plugin/TestModule.cpp:115:16: warning: unused variable â€˜pthEncoderMsgâ€™ [-Wunused-variable]
  115 |   std::thread *pthEncoderMsg = new std::thread([&]() {
      |                ^~~~~~~~~~~~~
/root/workspace/workspace/cafer-6601-embeded/rubby_sensor_6601/sensor/nodes/test_plugin/TestModule.cpp:123:16: warning: unused variable â€˜pthImgTxMsgâ€™ [-Wunused-variable]
  123 |   std::thread *pthImgTxMsg = new std::thread([&]() {
      |                ^~~~~~~~~~~
/root/workspace/workspace/cafer-6601-embeded/rubby_sensor_6601/sensor/nodes/test_plugin/TestModule.cpp:131:16: warning: unused variable â€˜pthImgIrMsgâ€™ [-Wunused-variable]
  131 |   std::thread *pthImgIrMsg = new std::thread([&]() {
      |                ^~~~~~~~~~~
/root/workspace/workspace/cafer-6601-embeded/rubby_sensor_6601/sensor/nodes/test_plugin/TestModule.cpp:139:16: warning: unused variable â€˜pthImuMsgâ€™ [-Wunused-variable]
  139 |   std::thread *pthImuMsg = new std::thread([&]() {
      |                ^~~~~~~~~
/root/workspace/workspace/cafer-6601-embeded/rubby_sensor_6601/sensor/nodes/test_plugin/TestModule.cpp:147:16: warning: unused variable â€˜pthLightFlowâ€™ [-Wunused-variable]
  147 |   std::thread *pthLightFlow = new std::thread([&]() {
      |                ^~~~~~~~~~~~
/root/workspace/workspace/cafer-6601-embeded/rubby_sensor_6601/sensor/nodes/test_plugin/TestModule.cpp:155:16: warning: unused variable â€˜pthMachineModeâ€™ [-Wunused-variable]
  155 |   std::thread *pthMachineMode = new std::thread([&]() {
      |                ^~~~~~~~~~~~~~
/root/workspace/workspace/cafer-6601-embeded/rubby_sensor_6601/sensor/nodes/test_plugin/TestModule.cpp:163:16: warning: unused variable â€˜pthWallSensorMsgâ€™ [-Wunused-variable]
  163 |   std::thread *pthWallSensorMsg = new std::thread([&]() {
      |                ^~~~~~~~~~~~~~~~
/root/workspace/workspace/cafer-6601-embeded/rubby_sensor_6601/sensor/nodes/test_plugin/TestModule.cpp:174:16: warning: unused variable â€˜pthWheelSpeedMsgâ€™ [-Wunused-variable]
  174 |   std::thread *pthWheelSpeedMsg = new std::thread([&]() {
      |                ^~~~~~~~~~~~~~~~
/root/workspace/workspace/cafer-6601-embeded/rubby_sensor_6601/sensor/nodes/test_plugin/TestModule.cpp:182:16: warning: unused variable â€˜pthMotorCurrentMsgâ€™ [-Wunused-variable]
  182 |   std::thread *pthMotorCurrentMsg = new std::thread([&]() {
      |                ^~~~~~~~~~~~~~~~~~
/root/workspace/workspace/cafer-6601-embeded/rubby_sensor_6601/sensor/nodes/test_plugin/TestModule.cpp:195:16: warning: unused variable â€˜pthBatteryEventâ€™ [-Wunused-variable]
  195 |   std::thread *pthBatteryEvent = new std::thread([&]() {
      |                ^~~~~~~~~~~~~~~
/root/workspace/workspace/cafer-6601-embeded/rubby_sensor_6601/sensor/nodes/test_plugin/TestModule.cpp:208:18: warning: unused variable â€˜pthKeyEventâ€™ [-Wunused-variable]
  208 |     std::thread *pthKeyEvent = new std::thread([&]() {
      |                  ^~~~~~~~~~~
/root/workspace/workspace/cafer-6601-embeded/rubby_sensor_6601/sensor/nodes/test_plugin/TestModule.cpp:219:16: warning: unused variable â€˜pthImuMsgAuxiliaryâ€™ [-Wunused-variable]
  219 |   std::thread *pthImuMsgAuxiliary = new std::thread([&]() {
      |                ^~~~~~~~~~~~~~~~~~
/root/workspace/workspace/cafer-6601-embeded/rubby_sensor_6601/sensor/nodes/test_plugin/TestModule.cpp:235:16: warning: unused variable â€˜pthWifiStatusâ€™ [-Wunused-variable]
  235 |   std::thread *pthWifiStatus = new std::thread([&]() {
      |                ^~~~~~~~~~~~~
[ 36%] Built target sensorControl
/root/workspace/workspace/cafer-6601-embeded/rubby_sensor_6601/sensor/nodes/sensor_subscriber_plugin/sensor_subscriber.cpp:333:18: warning: unused variable â€˜imseeTxIrTaskâ€™ [-Wunused-variable]
  333 |     std::thread *imseeTxIrTask = new std::thread([this, &nh]() {
      |                  ^~~~~~~~~~~~~
In file included from /root/workspace/workspace/cafer-6601-embeded/rubby_sensor_6601/sensor/core/common/TimeUsedCheck.hpp:5,
                 from /root/workspace/workspace/cafer-6601-embeded/rubby_sensor_6601/sensor/core/common/EmbLib.hpp:10,
                 from /root/workspace/workspace/cafer-6601-embeded/rubby_sensor_6601/sensor/nodes/sensor_plugin/EmbSensorMonitor.hpp:5,
                 from /root/workspace/workspace/cafer-6601-embeded/rubby_sensor_6601/sensor/nodes/sensor_plugin/EmbSensorMonitor.cpp:1:
/root/workspace/workspace/cafer-6601-embeded/rubby_sensor_6601/sensor/nodes/sensor_plugin/EmbSensorMonitor.cpp: In constructor â€˜emb_monitor::EmbSensorMonitor::EmbSensorMonitor(std::string)â€™:
/root/workspace/workspace/cafer-6601-embeded/rubby_sensor_6601/sensor/core/common/RobotDebug.hpp:107:157: warning: too many arguments for format [-Wformat-extra-args]
  107 | #define RobotDEBUG(format, ...) {if(EmbLog::GetInstance()->GetLogSwitch() && (LOG_LEVEL_DEBUG >= EmbLog::GetInstance()->GetLogMinLevel()))  fprintf(stdout, "%lu [%s:%d/%s] [sensors] " format "\n", GetSystimeMs(), basename((char *)__FILE__), __LINE__, __FUNCTION__, ##__VA_ARGS__);}
      |                                                                                                                                                             ^~~~~~~~~~~~~~~~~~~~~~~~~~~~~~~~~~~~~~~
/root/workspace/workspace/cafer-6601-embeded/rubby_sensor_6601/sensor/nodes/sensor_plugin/EmbSensorMonitor.cpp:30:7: note: in expansion of macro â€˜RobotDEBUGâ€™
   30 |       RobotDEBUG("EmbSensorMonitor mkdir config dir: ", configDir, " failed");
      |       ^~~~~~~~~~
/root/workspace/workspace/cafer-6601-embeded/rubby_sensor_6601/sensor/nodes/sensor_plugin/EmbSensorMonitor.cpp: In member function â€˜void emb_monitor::EmbSensorMonitor::SysMonitortask()â€™:
/root/workspace/workspace/cafer-6601-embeded/rubby_sensor_6601/sensor/nodes/sensor_plugin/EmbSensorMonitor.cpp:323:31: warning: unknown conversion type character â€˜$â€™ in format [-Wformat=]
  323 |           " MIN_NUM=${MIN_NUM%${FILE_EXT}} \n"
      |                               ^
/root/workspace/workspace/cafer-6601-embeded/rubby_sensor_6601/sensor/nodes/sensor_plugin/EmbSensorMonitor.cpp:325:31: warning: unknown conversion type character â€˜$â€™ in format [-Wformat=]
  325 |           " MAX_NUM=${MAX_NUM%${FILE_EXT}} \n"
      |                               ^
/root/workspace/workspace/cafer-6601-embeded/rubby_sensor_6601/sensor/nodes/sensor_plugin/EmbSensorMonitor.cpp: In member function â€˜std::vector<emb_monitor::SensorMagerErrorType> emb_monitor::EmbSensorMonitor::Start()â€™:
/root/workspace/workspace/cafer-6601-embeded/rubby_sensor_6601/sensor/nodes/sensor_plugin/EmbSensorMonitor.cpp:675:19: warning: moving a local object in a return statement prevents copy elision [-Wpessimizing-move]
  675 |   return std::move(errorlist);
      |          ~~~~~~~~~^~~~~~~~~~~
/root/workspace/workspace/cafer-6601-embeded/rubby_sensor_6601/sensor/nodes/sensor_plugin/EmbSensorMonitor.cpp:675:19: note: remove â€˜std::moveâ€™ call
/root/workspace/workspace/cafer-6601-embeded/rubby_sensor_6601/sensor/nodes/sensor_plugin/EmbSensorMonitor.cpp: In member function â€˜std::vector<emb_monitor::SensorMagerErrorType> emb_monitor::EmbSensorMonitor::Stop()â€™:
/root/workspace/workspace/cafer-6601-embeded/rubby_sensor_6601/sensor/nodes/sensor_plugin/EmbSensorMonitor.cpp:711:19: warning: moving a local object in a return statement prevents copy elision [-Wpessimizing-move]
  711 |   return std::move(errorlist);
      |          ~~~~~~~~~^~~~~~~~~~~
/root/workspace/workspace/cafer-6601-embeded/rubby_sensor_6601/sensor/nodes/sensor_plugin/EmbSensorMonitor.cpp:711:19: note: remove â€˜std::moveâ€™ call
/root/workspace/workspace/cafer-6601-embeded/rubby_sensor_6601/sensor/nodes/sensor_plugin/EmbSensorMonitor.cpp: In member function â€˜std::vector<emb_monitor::SensorMagerErrorType> emb_monitor::EmbSensorMonitor::SensorClose()â€™:
/root/workspace/workspace/cafer-6601-embeded/rubby_sensor_6601/sensor/nodes/sensor_plugin/EmbSensorMonitor.cpp:726:21: warning: moving a local object in a return statement prevents copy elision [-Wpessimizing-move]
  726 |     return std::move(errorlist);
      |            ~~~~~~~~~^~~~~~~~~~~
/root/workspace/workspace/cafer-6601-embeded/rubby_sensor_6601/sensor/nodes/sensor_plugin/EmbSensorMonitor.cpp:726:21: note: remove â€˜std::moveâ€™ call
/root/workspace/workspace/cafer-6601-embeded/rubby_sensor_6601/sensor/nodes/sensor_plugin/EmbSensorMonitor.cpp:733:19: warning: moving a local object in a return statement prevents copy elision [-Wpessimizing-move]
  733 |   return std::move(errorlist);
      |          ~~~~~~~~~^~~~~~~~~~~
/root/workspace/workspace/cafer-6601-embeded/rubby_sensor_6601/sensor/nodes/sensor_plugin/EmbSensorMonitor.cpp:733:19: note: remove â€˜std::moveâ€™ call
/root/workspace/workspace/cafer-6601-embeded/rubby_sensor_6601/sensor/nodes/sensor_plugin/EmbSensorMonitor.cpp: In member function â€˜std::vector<emb_monitor::SensorMagerErrorType> emb_monitor::EmbSensorMonitor::SensorOpen()â€™:
/root/workspace/workspace/cafer-6601-embeded/rubby_sensor_6601/sensor/nodes/sensor_plugin/EmbSensorMonitor.cpp:743:21: warning: moving a local object in a return statement prevents copy elision [-Wpessimizing-move]
  743 |     return std::move(errorlist);
      |            ~~~~~~~~~^~~~~~~~~~~
/root/workspace/workspace/cafer-6601-embeded/rubby_sensor_6601/sensor/nodes/sensor_plugin/EmbSensorMonitor.cpp:743:21: note: remove â€˜std::moveâ€™ call
/root/workspace/workspace/cafer-6601-embeded/rubby_sensor_6601/sensor/nodes/sensor_plugin/EmbSensorMonitor.cpp:755:19: warning: moving a local object in a return statement prevents copy elision [-Wpessimizing-move]
  755 |   return std::move(errorlist);
      |          ~~~~~~~~~^~~~~~~~~~~
/root/workspace/workspace/cafer-6601-embeded/rubby_sensor_6601/sensor/nodes/sensor_plugin/EmbSensorMonitor.cpp:755:19: note: remove â€˜std::moveâ€™ call
[ 37%] Linking CXX shared library ../../../../install/lib/arm/libmonitor_node.so
[ 37%] Built target monitor_node
[ 39%] Linking CXX shared library ../../../../install/lib/arm/libtest_plugin.so
[ 39%] Built target test_plugin
[ 40%] Linking CXX shared library ../../../../install/lib/arm/libsensor_subscriber_plugin.so
[ 40%] Built target sensor_subscriber_plugin
make: *** [Makefile:84: all] Error 2
Build step 'Execute shell' marked build as failure
Finished: FAILURE
