Started by user [8mha:////4NeZcJPLm+MfjD3BDs8GOBEa88oodQTJAS0j0N9IWQrjAAAAmh+LCAAAAAAAAP9b85aBtbiIQTGjNKU4P08vOT+vOD8nVc83PyU1x6OyILUoJzMv2y+/JJUBAhiZGBgqihhk0NSjKDWzXb3RdlLBUSYGJk8GtpzUvPSSDB8G5tKinBIGIZ+sxLJE/ZzEvHT94JKizLx0a6BxUmjGOUNodHsLgAyOEgY+/dLi1CL9jMT8jMS8qlQAxehcVMMAAAA=[0mhaohanze
Rebuilds build #[8mha:////4GAs95gXmuTzadIp3Vyb/PdLEQfVlqtWgY78dtxNIbrgAAAArh+LCAAAAAAAAP9b85aBtbiIQTGjNKU4P08vOT+vOD8nVc83PyU1x6OyILUoJzMv2y+/JJUBAhiZGBgqihhk0NSjKDWzXb3RdlLBUSYGJk8GtpzUvPSSDB8G5tKinBIGIZ+sxLJE/ZzEvHT94JKizLx0a6BxUmjGOUNodHsLgAzmEgYN/bLM1HL91Nyk1JTUFP2s/CT95MS01CJdMzMDQ12YsKGRGQAYHMsx3QAAAA==[0m126
Running as SYSTEM
Building remotely on [8mha:////4Mv+1wvIWl3OXIDGu6w3unSREX/fT0xpLFWon9eyySx4AAAAoR+LCAAAAAAAAP9b85aBtbiIQTGjNKU4P08vOT+vOD8nVc83PyU1x6OyILUoJzMv2y+/JJUBAhiZGBgqihhk0NSjKDWzXb3RdlLBUSYGJk8GtpzUvPSSDB8G5tKinBIGIZ+sxLJE/ZzEvHT94JKizLx0a6BxUmjGOUNodHsLgAzuEgZR/eT83ILSktQi/eyMxJTEYt3kxCJzAF4ra8rKAAAA[0mkhadas-car7 (car7) in workspace /root/workspace/workspace/cafer-6601-embeded
[WS-CLEANUP] Deleting project workspace...
[WS-CLEANUP] Deferred wipeout is used...
[WS-CLEANUP] Done
[cafer-6601-embeded] $ /bin/sh -xe /tmp/jenkins12166415442847797062.sh
+ bash /root/myscript/build/build.sh
++ export MYSQL_PWD=123
++ MYSQL_PWD=123
++ export -f cmdb_mysql
+ . /root/myscript/build/../sh/version-update.sh
++ . /root/.bashrc
+++ '[' -z '' ']'
+++ return
+ set -ex
+ export -f public_project_update
+ export -f project_build
+ init_project_env
++ date +%Y%m%d
+ DT=20240423
+ UserName=jenkins
+ API_TOKEN=11b65309c9835de9579d9c9038853d9eb7
+ GIT_PRIVATE_TOKEN=emEDrsaJVjxKK5gSWrf-
+ GIT_HOST=192.168.50.191
++ echo abby/integration/sensors
++ awk -F/ '{print $1"%2F"$2}'
+ CONVERT_TARGET_PROJECT=abby%2Fintegration
++ curl -XGET -H 'Content-Type: application/json' --header 'PRIVATE-TOKEN: emEDrsaJVjxKK5gSWrf-' http://192.168.50.191:85/api/v4/projects/abby%2Fintegration
++ python -c 'import sys, json; print(json.load(sys.stdin)["id"])'
/root/myscript/build/build.sh: line 15: python: command not found
  % Total    % Received % Xferd  Average Speed   Time    Time     Time  Current
                                 Dload  Upload   Total   Spent    Left  Speed
  0     0    0     0    0     0      0      0 --:--:-- --:--:-- --:--:--     0100    35  100    35    0     0    729      0 --:--:-- --:--:-- --:--:--   744
(23) Failed writing body
+ SUB_PROJECT_ID=
+ true
+ '[' -z ']'
+ SOURCE_DIR=/root/workspace/workspace/cafer-6601-embeded/rubby_sensor_6601
+ TARGET_DIR=/root/workspace/workspace/cafer-6601-embeded/sensors
+ prepare_env
++ uname -m
+ system_platform=aarch64
+ :
++ cat /proc/cpuinfo
++ grep processor
++ sort
++ uniq
++ wc -l
+ mt=-j4
+ export COMMIT_ID_FILE=/root/workspace/workspace/cafer-6601-embeded/_last_build_id
+ COMMIT_ID_FILE=/root/workspace/workspace/cafer-6601-embeded/_last_build_id
+ export COMMIT_MSG_FILE=/root/workspace/workspace/cafer-6601-embeded/_commit-msg
+ COMMIT_MSG_FILE=/root/workspace/workspace/cafer-6601-embeded/_commit-msg
+ export COMMIT_MSG_FILE_TMP=/root/workspace/workspace/cafer-6601-embeded/_commit-msg.tmp
+ COMMIT_MSG_FILE_TMP=/root/workspace/workspace/cafer-6601-embeded/_commit-msg.tmp
+ rm -f /root/workspace/workspace/cafer-6601-embeded/_last_build_id
+ rm -f /root/workspace/workspace/cafer-6601-embeded/_commit-msg
+ rm -f /root/workspace/workspace/cafer-6601-embeded/_commit-msg.tmp
+ rm -f /root/workspace/workspace/cafer-6601-embeded/result.log
+ rm -f /root/workspace/workspace/cafer-6601-embeded/no_code_change.log
+ sign_env
+ CONFIG_DIR_SET=/root/system
+ CONFIG_BRANCH=mind_os
+ CLONE_DEPTH=--depth=1
+ CONFIG_DIR=/root/system/i18rconfig
+ CONFIG_REMOTE='git clone ssh://git@192.168.50.191:222/AroundI18RProject/i18rconfig /root/system/i18rconfig -b mind_os --depth=1'
+ [[ aarch64 =~ x86_64 ]]
+ ENCRYPTION_TOOL=/root/system/i18rconfig/encrypt
+ CLONE_DEPTH=--depth=1
+ PUBLICBASETYPES_DIR=/root/system/I18RPublicBaseTypes
+ cmdb_mysql 'insert into prebuild(job_name,source_project,source_branch,target_project,target_branch,time,build_url,node_name,build_user) values ('\''cafer-6601-embeded'\'','\''EmbeddedGroup/rubby_sensor_6601'\'','\''dev_hhz'\'','\''abby/integration/sensors'\'','\''caffer_emb'\'',now(),'\''http://192.168.50.191:8088/job/cafer-6601-embeded/127/'\'','\''khadas-car7'\'','\''haohanze'\'')'
+ set +x
+ DOCKER_CONTAINER_I18=build-x64-18.04
+ DOCKER_CONTAINER_RUBBY=c405
+ DOCKER_CONTAINER_RUBBY_INSIDE=c3566
+ DOCKER_CONTAINER_JAVA=node
+ JENKINS_JOB_A=mind
+ JENKINS_JOB_B=rbn
+ JENKINS_JOB_C=mark-check-tools
+ JENKINS_JOB_D=java
+ JENKINS_JOB_E=clean_recorder
+ JENKINS_JOB_F=i18r
+ JENKINS_JOB_G=nodejs
+ JENKINS_JOB_H=_ui
+ JENKINS_JOB_L=i12r
+ [[ cafer-6601-embeded =~ mind ]]
+ '[' true = false ']'
+ source_project_fetch
+ git clone ssh://git@192.168.50.191:222/EmbeddedGroup/rubby_sensor_6601 -b dev_hhz --depth=1
Cloning into 'rubby_sensor_6601'...
+ target_project_update
+ rm -rf /root/workspace/workspace/cafer-6601-embeded/sensors
+ target_project_fetch
+ git clone ssh://git@192.168.50.191:222/abby/integration/sensors -b caffer_emb --depth=1
Cloning into 'sensors'...
+ insert_db
+ pushd /root/workspace/workspace/cafer-6601-embeded/rubby_sensor_6601
~/workspace/workspace/cafer-6601-embeded/rubby_sensor_6601 ~/workspace/workspace/cafer-6601-embeded
++ cmdb_mysql 'SELECT first_commit_id FROM prebuild where source_project='\''EmbeddedGroup/rubby_sensor_6601'\'' and source_branch='\''dev_hhz'\'' and target_project='\''abby/integration/sensors'\'' and target_branch='\''caffer_emb'\'' and status='\''0'\'' and job_name='\''cafer-6601-embeded'\'' order by id desc limit 1;'
++ set +x
+ version=
++ awk -F ' ' '{print $2}'
++ echo
+ version=
++ git log -1 --pretty=format:%h
+ first_commit_id_now=1386205
+ cmdb_mysql 'update prebuild set first_commit_id='\''1386205'\'' where build_url='\''http://192.168.50.191:8088/job/cafer-6601-embeded/127/'\'';'
+ set +x
+ popd
~/workspace/workspace/cafer-6601-embeded
+ [[ aarch64 =~ x86_64 ]]
+ [[ cafer-6601-embeded =~ i18r ]]
+ project_build
+ pushd /root/workspace/workspace/cafer-6601-embeded/rubby_sensor_6601
~/workspace/workspace/cafer-6601-embeded/rubby_sensor_6601 ~/workspace/workspace/cafer-6601-embeded
+ project_init_remote
++ find -type f -name sync_submodules.sh
+ sf=
+ '[' -z ']'
+ git submodule update --init --recursive
Submodule 'abby_msg' (http://192.168.50.191:85/abby/source/abby_msg.git) registered for path 'abby_msg'
Submodule 'mind_os' (ssh://git@192.168.50.191:222/mind_os/mind_os.git) registered for path 'mind_os'
Cloning into '/root/workspace/workspace/cafer-6601-embeded/rubby_sensor_6601/abby_msg'...
Cloning into '/root/workspace/workspace/cafer-6601-embeded/rubby_sensor_6601/mind_os'...
Submodule path 'abby_msg': checked out '8b9d64b7cac8bba739584d03937ba5212e1a4636'
Submodule path 'mind_os': checked out '869774fe4b69602997f94f4785646bf43cae839b'
+ git submodule update --remote
Submodule path 'abby_msg': checked out 'b88d9865152c095d9060dbbb36e215de0f69643f'
Submodule path 'mind_os': checked out '88d21961cb77ebd6144d27a30d0ac359d8afc007'
+ sed -i 's/make -j[0-9].*/make -j4/g' build.sh
+ '[' -z ']'
+ '[' x1386205 == x ']'
+ bash -ex build.sh
++ wc -l
++ grep processor
++ cat /proc/cpuinfo
+ NR=6
++ uname -m
+ PLATFORM=aarch64
+ echo 'now platform is aarch64 ...'
now platform is aarch64 ...
+ [[ 0 -gt 0 ]]
+ '[' aarch64 = x86_64 ']'
+ '[' aarch64 = aarch64 ']'
+ arm64_compile_arm64
+ '[' '!' -d build_arm64 ']'
+ mkdir build_arm64
+ cd build_arm64
+ cmake -DCOMPILE_FOR_SDK=OFF -DCROSS_COMPILE_ENABLE=OFF ..
-- The C compiler identification is GNU 9.4.0
-- The CXX compiler identification is GNU 9.4.0
-- Check for working C compiler: /usr/bin/cc
-- Check for working C compiler: /usr/bin/cc -- works
-- Detecting C compiler ABI info
-- Detecting C compiler ABI info - done
-- Detecting C compile features
-- Detecting C compile features - done
-- Check for working CXX compiler: /usr/bin/c++
-- Check for working CXX compiler: /usr/bin/c++ -- works
-- Detecting CXX compiler ABI info
-- Detecting CXX compiler ABI info - done
-- Detecting CXX compile features
-- Detecting CXX compile features - done
LIBRARY_OUTPUT_PATH /root/workspace/workspace/cafer-6601-embeded/rubby_sensor_6601/install/lib/arm ..................
EXECUTABLE_OUTPUT_PATH /root/workspace/workspace/cafer-6601-embeded/rubby_sensor_6601/install/bin/arm .....................
-- BUILD_ROS_NODE=OFF
-- emb_common version is 1.0.2
-- Found OpenCV: /usr/local (found suitable version "3.4.3", minimum required is "3") 
-- imsee version is 1.0.2
-- KeyBoard version is 1.0.2
-- McuData version is 1.0.2
-- multimodule version is 1.0.2
-- sensorControl version is 1.0.2
-- sensor_plugin version is 1.0.2
-- test_plugin version is 1.0.2
-- sensor_subscriber_plugin version is 1.0.2
-- Configuring done
-- Generating done
CMake Warning:
  Manually-specified variables were not used by the project:

    COMPILE_FOR_SDK
    CROSS_COMPILE_ENABLE


-- Build files have been written to: /root/workspace/workspace/cafer-6601-embeded/rubby_sensor_6601/build_arm64
+ make -j6
Scanning dependencies of target emb_common
[  1%] Building CXX object sensor/core/common/CMakeFiles/emb_common.dir/common.cpp.o
[  3%] Building CXX object sensor/core/common/CMakeFiles/emb_common.dir/ByteFifo.cpp.o
[  4%] Building CXX object sensor/core/common/CMakeFiles/emb_common.dir/RobotDebug.cpp.o
[  7%] Building CXX object sensor/core/common/CMakeFiles/emb_common.dir/CRC16.cpp.o
[  7%] Building CXX object sensor/core/common/CMakeFiles/emb_common.dir/CRC32.cpp.o
[  9%] Building CXX object sensor/core/common/CMakeFiles/emb_common.dir/ThreadCpuSet.cpp.o
[ 10%] Building CXX object sensor/core/common/CMakeFiles/emb_common.dir/TimeSync.cpp.o
[ 12%] Building CXX object sensor/core/common/CMakeFiles/emb_common.dir/MsgQueue.cpp.o
[ 14%] Building CXX object sensor/core/common/CMakeFiles/emb_common.dir/ThreadMsgQueue.cpp.o
[ 15%] Building CXX object sensor/core/common/CMakeFiles/emb_common.dir/ConfigYaml.cpp.o
/root/workspace/workspace/cafer-6601-embeded/rubby_sensor_6601/sensor/core/common/ByteFifo.cpp: In member function ‚Äòint ByteFifo::Init()‚Äô:
/root/workspace/workspace/cafer-6601-embeded/rubby_sensor_6601/sensor/core/common/ByteFifo.cpp:33:7: warning: unused variable ‚Äòflags‚Äô [-Wunused-variable]
   33 |   int flags = fcntl(writeFd, F_GETFL);
      |       ^~~~~
[ 17%] Building CXX object sensor/core/common/CMakeFiles/emb_common.dir/md5.cpp.o
[ 18%] Building CXX object sensor/core/common/CMakeFiles/emb_common.dir/md5file.cpp.o
[ 20%] Building CXX object sensor/core/common/CMakeFiles/emb_common.dir/DataTypeConversion.cpp.o
[ 21%] Linking CXX shared library ../../../../install/lib/arm/libemb_common.so
[ 21%] Built target emb_common
Scanning dependencies of target monitor_node
Scanning dependencies of target sensorControl
Scanning dependencies of target KeyBoard
Scanning dependencies of target test_plugin
[ 23%] Building CXX object sensor/core/controller/CMakeFiles/sensorControl.dir/Controller.cpp.o
Scanning dependencies of target sensor_subscriber_plugin
[ 25%] Building CXX object sensor/nodes/sensor_plugin/CMakeFiles/monitor_node.dir/EmbSensorMonitor.cpp.o
[ 26%] Building CXX object sensor/nodes/sensor_plugin/CMakeFiles/monitor_node.dir/MonitorNode.cpp.o
[ 28%] Building CXX object sensor/nodes/test_plugin/CMakeFiles/test_plugin.dir/TestModule.cpp.o
[ 29%] Building CXX object sensor/core/keyboard/CMakeFiles/KeyBoard.dir/KeyBoard.cpp.o
[ 31%] Building CXX object sensor/nodes/sensor_subscriber_plugin/CMakeFiles/sensor_subscriber_plugin.dir/sensor_subscriber.cpp.o
[ 32%] Building CXX object sensor/core/keyboard/CMakeFiles/KeyBoard.dir/__/drivers/serial.cpp.o
/root/workspace/workspace/cafer-6601-embeded/rubby_sensor_6601/sensor/core/keyboard/KeyBoard.cpp: In member function ‚Äòint emb_node::KeyBoard::LoadConfig(std::string)‚Äô:
/root/workspace/workspace/cafer-6601-embeded/rubby_sensor_6601/sensor/core/keyboard/KeyBoard.cpp:212:26: warning: unused variable ‚ÄòconfigFile‚Äô [-Wunused-variable]
  212 |   YAMLConfig::ConfigFile configFile;
      |                          ^~~~~~~~~~
/root/workspace/workspace/cafer-6601-embeded/rubby_sensor_6601/sensor/core/keyboard/KeyBoard.cpp:217:1: warning: no return statement in function returning non-void [-Wreturn-type]
  217 | }
      | ^
[ 34%] Linking CXX shared library ../../../../install/lib/arm/libsensorControl.so
[ 34%] Built target sensorControl
In file included from /root/workspace/workspace/cafer-6601-embeded/rubby_sensor_6601/sensor/core/common/TimeUsedCheck.hpp:5,
                 from /root/workspace/workspace/cafer-6601-embeded/rubby_sensor_6601/sensor/core/common/EmbLib.hpp:10,
                 from /root/workspace/workspace/cafer-6601-embeded/rubby_sensor_6601/sensor/nodes/sensor_plugin/EmbSensorMonitor.hpp:5,
                 from /root/workspace/workspace/cafer-6601-embeded/rubby_sensor_6601/sensor/nodes/sensor_plugin/EmbSensorMonitor.cpp:1:
/root/workspace/workspace/cafer-6601-embeded/rubby_sensor_6601/sensor/nodes/sensor_plugin/EmbSensorMonitor.cpp: In constructor ‚Äòemb_monitor::EmbSensorMonitor::EmbSensorMonitor(std::string)‚Äô:
/root/workspace/workspace/cafer-6601-embeded/rubby_sensor_6601/sensor/core/common/RobotDebug.hpp:107:157: warning: too many arguments for format [-Wformat-extra-args]
  107 | #define RobotDEBUG(format, ...) {if(EmbLog::GetInstance()->GetLogSwitch() && (LOG_LEVEL_DEBUG >= EmbLog::GetInstance()->GetLogMinLevel()))  fprintf(stdout, "%lu [%s:%d/%s] [sensors] " format "\n", GetSystimeMs(), basename((char *)__FILE__), __LINE__, __FUNCTION__, ##__VA_ARGS__);}
      |                                                                                                                                                             ^~~~~~~~~~~~~~~~~~~~~~~~~~~~~~~~~~~~~~~
/root/workspace/workspace/cafer-6601-embeded/rubby_sensor_6601/sensor/nodes/sensor_plugin/EmbSensorMonitor.cpp:30:7: note: in expansion of macro ‚ÄòRobotDEBUG‚Äô
   30 |       RobotDEBUG("EmbSensorMonitor mkdir config dir: ", configDir, " failed");
      |       ^~~~~~~~~~
In file included from /root/workspace/workspace/cafer-6601-embeded/rubby_sensor_6601/sensor/nodes/test_plugin/TestModule.cpp:1:
/root/workspace/workspace/cafer-6601-embeded/rubby_sensor_6601/sensor/nodes/test_plugin/TestModule.hpp: In constructor ‚Äòsensor_module::TestModule::TestModule()‚Äô:
/root/workspace/workspace/cafer-6601-embeded/rubby_sensor_6601/sensor/nodes/test_plugin/TestModule.hpp:67:18: warning: ‚Äòsensor_module::TestModule::topicPublishImseeTh‚Äô will be initialized after [-Wreorder]
   67 |     std::thread *topicPublishImseeTh;     //ÂàõÂª∫ÂèëÂ∏ÉtopicÁ∫øÁ®ã
      |                  ^~~~~~~~~~~~~~~~~~~
/root/workspace/workspace/cafer-6601-embeded/rubby_sensor_6601/sensor/nodes/test_plugin/TestModule.hpp:57:10: warning:   ‚Äòbool sensor_module::TestModule::isSensorRunning‚Äô [-Wreorder]
   57 |     bool isSensorRunning;
      |          ^~~~~~~~~~~~~~~
/root/workspace/workspace/cafer-6601-embeded/rubby_sensor_6601/sensor/nodes/test_plugin/TestModule.cpp:17:1: warning:   when initialized here [-Wreorder]
   17 | TestModule::TestModule()
      | ^~~~~~~~~~
/root/workspace/workspace/cafer-6601-embeded/rubby_sensor_6601/sensor/nodes/sensor_plugin/EmbSensorMonitor.cpp: In member function ‚Äòvoid emb_monitor::EmbSensorMonitor::SysMonitortask()‚Äô:
/root/workspace/workspace/cafer-6601-embeded/rubby_sensor_6601/sensor/nodes/sensor_plugin/EmbSensorMonitor.cpp:323:31: warning: unknown conversion type character ‚Äò$‚Äô in format [-Wformat=]
  323 |           " MIN_NUM=${MIN_NUM%${FILE_EXT}} \n"
      |                               ^
/root/workspace/workspace/cafer-6601-embeded/rubby_sensor_6601/sensor/nodes/sensor_plugin/EmbSensorMonitor.cpp:325:31: warning: unknown conversion type character ‚Äò$‚Äô in format [-Wformat=]
  325 |           " MAX_NUM=${MAX_NUM%${FILE_EXT}} \n"
      |                               ^
[ 35%] Linking CXX shared library ../../../../install/lib/arm/libKeyBoard.so
/root/workspace/workspace/cafer-6601-embeded/rubby_sensor_6601/sensor/nodes/sensor_plugin/EmbSensorMonitor.cpp: In member function ‚Äòstd::vector<emb_monitor::SensorMagerErrorType> emb_monitor::EmbSensorMonitor::Start()‚Äô:
/root/workspace/workspace/cafer-6601-embeded/rubby_sensor_6601/sensor/nodes/sensor_plugin/EmbSensorMonitor.cpp:675:19: warning: moving a local object in a return statement prevents copy elision [-Wpessimizing-move]
  675 |   return std::move(errorlist);
      |          ~~~~~~~~~^~~~~~~~~~~
/root/workspace/workspace/cafer-6601-embeded/rubby_sensor_6601/sensor/nodes/sensor_plugin/EmbSensorMonitor.cpp:675:19: note: remove ‚Äòstd::move‚Äô call
/root/workspace/workspace/cafer-6601-embeded/rubby_sensor_6601/sensor/nodes/sensor_plugin/EmbSensorMonitor.cpp: In member function ‚Äòstd::vector<emb_monitor::SensorMagerErrorType> emb_monitor::EmbSensorMonitor::Stop()‚Äô:
/root/workspace/workspace/cafer-6601-embeded/rubby_sensor_6601/sensor/nodes/sensor_plugin/EmbSensorMonitor.cpp:711:19: warning: moving a local object in a return statement prevents copy elision [-Wpessimizing-move]
  711 |   return std::move(errorlist);
      |          ~~~~~~~~~^~~~~~~~~~~
/root/workspace/workspace/cafer-6601-embeded/rubby_sensor_6601/sensor/nodes/sensor_plugin/EmbSensorMonitor.cpp:711:19: note: remove ‚Äòstd::move‚Äô call
/root/workspace/workspace/cafer-6601-embeded/rubby_sensor_6601/sensor/nodes/sensor_plugin/EmbSensorMonitor.cpp: In member function ‚Äòstd::vector<emb_monitor::SensorMagerErrorType> emb_monitor::EmbSensorMonitor::SensorClose()‚Äô:
/root/workspace/workspace/cafer-6601-embeded/rubby_sensor_6601/sensor/nodes/sensor_plugin/EmbSensorMonitor.cpp:726:21: warning: moving a local object in a return statement prevents copy elision [-Wpessimizing-move]
  726 |     return std::move(errorlist);
      |            ~~~~~~~~~^~~~~~~~~~~
/root/workspace/workspace/cafer-6601-embeded/rubby_sensor_6601/sensor/nodes/sensor_plugin/EmbSensorMonitor.cpp:726:21: note: remove ‚Äòstd::move‚Äô call
/root/workspace/workspace/cafer-6601-embeded/rubby_sensor_6601/sensor/nodes/sensor_plugin/EmbSensorMonitor.cpp:733:19: warning: moving a local object in a return statement prevents copy elision [-Wpessimizing-move]
  733 |   return std::move(errorlist);
      |          ~~~~~~~~~^~~~~~~~~~~
/root/workspace/workspace/cafer-6601-embeded/rubby_sensor_6601/sensor/nodes/sensor_plugin/EmbSensorMonitor.cpp:733:19: note: remove ‚Äòstd::move‚Äô call
/root/workspace/workspace/cafer-6601-embeded/rubby_sensor_6601/sensor/nodes/sensor_plugin/EmbSensorMonitor.cpp: In member function ‚Äòstd::vector<emb_monitor::SensorMagerErrorType> emb_monitor::EmbSensorMonitor::SensorOpen()‚Äô:
/root/workspace/workspace/cafer-6601-embeded/rubby_sensor_6601/sensor/nodes/sensor_plugin/EmbSensorMonitor.cpp:743:21: warning: moving a local object in a return statement prevents copy elision [-Wpessimizing-move]
  743 |     return std::move(errorlist);
      |            ~~~~~~~~~^~~~~~~~~~~
/root/workspace/workspace/cafer-6601-embeded/rubby_sensor_6601/sensor/nodes/sensor_plugin/EmbSensorMonitor.cpp:743:21: note: remove ‚Äòstd::move‚Äô call
/root/workspace/workspace/cafer-6601-embeded/rubby_sensor_6601/sensor/nodes/sensor_plugin/EmbSensorMonitor.cpp:755:19: warning: moving a local object in a return statement prevents copy elision [-Wpessimizing-move]
  755 |   return std::move(errorlist);
      |          ~~~~~~~~~^~~~~~~~~~~
/root/workspace/workspace/cafer-6601-embeded/rubby_sensor_6601/sensor/nodes/sensor_plugin/EmbSensorMonitor.cpp:755:19: note: remove ‚Äòstd::move‚Äô call
/root/workspace/workspace/cafer-6601-embeded/rubby_sensor_6601/sensor/nodes/test_plugin/TestModule.cpp: In member function ‚Äòvoid sensor_module::TestModule::onStart(mind_os::ConstPtr<sensor_srvs::SensorStart::Request>&, mind_os::Ptr<sensor_srvs::SensorStart::Response>&)‚Äô:
/root/workspace/workspace/cafer-6601-embeded/rubby_sensor_6601/sensor/nodes/test_plugin/TestModule.cpp:75:16: warning: unused variable ‚ÄòpthBluetooStatus‚Äô [-Wunused-variable]
   75 |   std::thread *pthBluetooStatus = new std::thread([&]() {
      |                ^~~~~~~~~~~~~~~~
/root/workspace/workspace/cafer-6601-embeded/rubby_sensor_6601/sensor/nodes/test_plugin/TestModule.cpp:83:16: warning: unused variable ‚ÄòpthBumper‚Äô [-Wunused-variable]
   83 |   std::thread *pthBumper = new std::thread([&]() {
      |                ^~~~~~~~~
/root/workspace/workspace/cafer-6601-embeded/rubby_sensor_6601/sensor/nodes/test_plugin/TestModule.cpp:91:16: warning: unused variable ‚ÄòpthChargePosition‚Äô [-Wunused-variable]
   91 |   std::thread *pthChargePosition = new std::thread([&]() {
      |                ^~~~~~~~~~~~~~~~~
/root/workspace/workspace/cafer-6601-embeded/rubby_sensor_6601/sensor/nodes/test_plugin/TestModule.cpp:99:16: warning: unused variable ‚ÄòpthCliffEvent‚Äô [-Wunused-variable]
   99 |   std::thread *pthCliffEvent = new std::thread([&]() {
      |                ^~~~~~~~~~~~~
/root/workspace/workspace/cafer-6601-embeded/rubby_sensor_6601/sensor/nodes/test_plugin/TestModule.cpp:107:16: warning: unused variable ‚ÄòpthDropEvent‚Äô [-Wunused-variable]
  107 |   std::thread *pthDropEvent = new std::thread([&]() {
      |                ^~~~~~~~~~~~
/root/workspace/workspace/cafer-6601-embeded/rubby_sensor_6601/sensor/nodes/test_plugin/TestModule.cpp:115:16: warning: unused variable ‚ÄòpthEncoderMsg‚Äô [-Wunused-variable]
  115 |   std::thread *pthEncoderMsg = new std::thread([&]() {
      |                ^~~~~~~~~~~~~
/root/workspace/workspace/cafer-6601-embeded/rubby_sensor_6601/sensor/nodes/test_plugin/TestModule.cpp:123:16: warning: unused variable ‚ÄòpthImgTxMsg‚Äô [-Wunused-variable]
  123 |   std::thread *pthImgTxMsg = new std::thread([&]() {
      |                ^~~~~~~~~~~
/root/workspace/workspace/cafer-6601-embeded/rubby_sensor_6601/sensor/nodes/test_plugin/TestModule.cpp:131:16: warning: unused variable ‚ÄòpthImgIrMsg‚Äô [-Wunused-variable]
  131 |   std::thread *pthImgIrMsg = new std::thread([&]() {
      |                ^~~~~~~~~~~
/root/workspace/workspace/cafer-6601-embeded/rubby_sensor_6601/sensor/nodes/test_plugin/TestModule.cpp:139:16: warning: unused variable ‚ÄòpthImuMsg‚Äô [-Wunused-variable]
  139 |   std::thread *pthImuMsg = new std::thread([&]() {
      |                ^~~~~~~~~
/root/workspace/workspace/cafer-6601-embeded/rubby_sensor_6601/sensor/nodes/test_plugin/TestModule.cpp:147:16: warning: unused variable ‚ÄòpthLightFlow‚Äô [-Wunused-variable]
  147 |   std::thread *pthLightFlow = new std::thread([&]() {
      |                ^~~~~~~~~~~~
/root/workspace/workspace/cafer-6601-embeded/rubby_sensor_6601/sensor/nodes/test_plugin/TestModule.cpp:155:16: warning: unused variable ‚ÄòpthMachineMode‚Äô [-Wunused-variable]
  155 |   std::thread *pthMachineMode = new std::thread([&]() {
      |                ^~~~~~~~~~~~~~
/root/workspace/workspace/cafer-6601-embeded/rubby_sensor_6601/sensor/nodes/test_plugin/TestModule.cpp:163:16: warning: unused variable ‚ÄòpthWallSensorMsg‚Äô [-Wunused-variable]
  163 |   std::thread *pthWallSensorMsg = new std::thread([&]() {
      |                ^~~~~~~~~~~~~~~~
/root/workspace/workspace/cafer-6601-embeded/rubby_sensor_6601/sensor/nodes/test_plugin/TestModule.cpp:174:16: warning: unused variable ‚ÄòpthWheelSpeedMsg‚Äô [-Wunused-variable]
  174 |   std::thread *pthWheelSpeedMsg = new std::thread([&]() {
      |                ^~~~~~~~~~~~~~~~
/root/workspace/workspace/cafer-6601-embeded/rubby_sensor_6601/sensor/nodes/test_plugin/TestModule.cpp:182:16: warning: unused variable ‚ÄòpthMotorCurrentMsg‚Äô [-Wunused-variable]
  182 |   std::thread *pthMotorCurrentMsg = new std::thread([&]() {
      |                ^~~~~~~~~~~~~~~~~~
/root/workspace/workspace/cafer-6601-embeded/rubby_sensor_6601/sensor/nodes/test_plugin/TestModule.cpp:195:16: warning: unused variable ‚ÄòpthBatteryEvent‚Äô [-Wunused-variable]
  195 |   std::thread *pthBatteryEvent = new std::thread([&]() {
      |                ^~~~~~~~~~~~~~~
/root/workspace/workspace/cafer-6601-embeded/rubby_sensor_6601/sensor/nodes/test_plugin/TestModule.cpp:208:18: warning: unused variable ‚ÄòpthKeyEvent‚Äô [-Wunused-variable]
  208 |     std::thread *pthKeyEvent = new std::thread([&]() {
      |                  ^~~~~~~~~~~
/root/workspace/workspace/cafer-6601-embeded/rubby_sensor_6601/sensor/nodes/test_plugin/TestModule.cpp:219:16: warning: unused variable ‚ÄòpthImuMsgAuxiliary‚Äô [-Wunused-variable]
  219 |   std::thread *pthImuMsgAuxiliary = new std::thread([&]() {
      |                ^~~~~~~~~~~~~~~~~~
/root/workspace/workspace/cafer-6601-embeded/rubby_sensor_6601/sensor/nodes/test_plugin/TestModule.cpp:235:16: warning: unused variable ‚ÄòpthWifiStatus‚Äô [-Wunused-variable]
  235 |   std::thread *pthWifiStatus = new std::thread([&]() {
      |                ^~~~~~~~~~~~~
[ 35%] Built target KeyBoard
In file included from /root/workspace/workspace/cafer-6601-embeded/rubby_sensor_6601/sensor/nodes/sensor_subscriber_plugin/sensor_subscriber.cpp:6:
/root/workspace/workspace/cafer-6601-embeded/rubby_sensor_6601/sensor/nodes/sensor_subscriber_plugin/sensor_subscriber.cpp: In constructor ‚Äòsensor_module::sensor_subscriber::sensor_subscriber()‚Äô:
/root/workspace/workspace/cafer-6601-embeded/rubby_sensor_6601/sensor/core/common/RobotDebug.hpp:107:157: warning: too many arguments for format [-Wformat-extra-args]
  107 | #define RobotDEBUG(format, ...) {if(EmbLog::GetInstance()->GetLogSwitch() && (LOG_LEVEL_DEBUG >= EmbLog::GetInstance()->GetLogMinLevel()))  fprintf(stdout, "%lu [%s:%d/%s] [sensors] " format "\n", GetSystimeMs(), basename((char *)__FILE__), __LINE__, __FUNCTION__, ##__VA_ARGS__);}
      |                                                                                                                                                             ^~~~~~~~~~~~~~~~~~~~~~~~~~~~~~~~~~~~~~~
/root/workspace/workspace/cafer-6601-embeded/rubby_sensor_6601/sensor/nodes/sensor_subscriber_plugin/sensor_subscriber.cpp:210:5: note: in expansion of macro ‚ÄòRobotDEBUG‚Äô
  210 |     RobotDEBUG("set sensor file dir:", fileDir);
      |     ^~~~~~~~~~
/root/workspace/workspace/cafer-6601-embeded/rubby_sensor_6601/sensor/nodes/sensor_subscriber_plugin/sensor_subscriber.cpp:223:49: error: ‚ÄòBasicInfo‚Äô is not a member of ‚Äòsensor_srvs‚Äô
  223 |     scBasicInfo = nh.serviceClient<sensor_srvs::BasicInfo>("/sensor/basicinfo");
      |                                                 ^~~~~~~~~
/root/workspace/workspace/cafer-6601-embeded/rubby_sensor_6601/sensor/nodes/sensor_subscriber_plugin/sensor_subscriber.cpp:223:79: error: no matching function for call to ‚Äòmind_os::NodeHandle::serviceClient<<expression error> >(const char [18])‚Äô
  223 |     scBasicInfo = nh.serviceClient<sensor_srvs::BasicInfo>("/sensor/basicinfo");
      |                                                                               ^
In file included from /usr/local/include/mind_os/mind_os.h:1,
                 from /root/workspace/workspace/cafer-6601-embeded/rubby_sensor_6601/sensor/nodes/sensor_subscriber_plugin/sensor_subscriber.cpp:2:
/usr/local/include/mind_os/node_handle.h:151:19: note: candidate: ‚Äòtemplate<class SRV> mind_os::ServiceClient mind_os::NodeHandle::serviceClient(std::string)‚Äô
  151 |     ServiceClient serviceClient(std::string name)
      |                   ^~~~~~~~~~~~~
/usr/local/include/mind_os/node_handle.h:151:19: note:   template argument deduction/substitution failed:
/root/workspace/workspace/cafer-6601-embeded/rubby_sensor_6601/sensor/nodes/sensor_subscriber_plugin/sensor_subscriber.cpp:223:79: error: template argument 1 is invalid
  223 |     scBasicInfo = nh.serviceClient<sensor_srvs::BasicInfo>("/sensor/basicinfo");
      |                                                                               ^
/root/workspace/workspace/cafer-6601-embeded/rubby_sensor_6601/sensor/nodes/sensor_subscriber_plugin/sensor_subscriber.cpp:224:55: error: ‚ÄòBasicInfo‚Äô is not a member of ‚Äòsensor_srvs‚Äô
  224 |     auto reqBasicInfo = std::make_shared<sensor_srvs::BasicInfo::Request>();
      |                                                       ^~~~~~~~~
/root/workspace/workspace/cafer-6601-embeded/rubby_sensor_6601/sensor/nodes/sensor_subscriber_plugin/sensor_subscriber.cpp:224:30: error: parse error in template argument list
  224 |     auto reqBasicInfo = std::make_shared<sensor_srvs::BasicInfo::Request>();
      |                              ^~~~~~~~~~~~~~~~~~~~~~~~~~~~~~~~~~~~~~~~~~~~
/root/workspace/workspace/cafer-6601-embeded/rubby_sensor_6601/sensor/nodes/sensor_subscriber_plugin/sensor_subscriber.cpp:224:75: error: no matching function for call to ‚Äòmake_shared<<expression error> >()‚Äô
  224 |     auto reqBasicInfo = std::make_shared<sensor_srvs::BasicInfo::Request>();
      |                                                                           ^
In file included from /usr/include/c++/9/memory:81,
                 from /usr/local/include/mind_os/service_client.h:11,
                 from /usr/local/include/mind_os/message_core.h:7,
                 from /usr/local/include/mind_os/node_handle.h:4,
                 from /usr/local/include/mind_os/mind_os.h:1,
                 from /root/workspace/workspace/cafer-6601-embeded/rubby_sensor_6601/sensor/nodes/sensor_subscriber_plugin/sensor_subscriber.cpp:2:
/usr/include/c++/9/bits/shared_ptr.h:714:5: note: candidate: ‚Äòtemplate<class _Tp, class ... _Args> std::shared_ptr<_Tp> std::make_shared(_Args&& ...)‚Äô
  714 |     make_shared(_Args&&... __args)
      |     ^~~~~~~~~~~
/usr/include/c++/9/bits/shared_ptr.h:714:5: note:   template argument deduction/substitution failed:
/root/workspace/workspace/cafer-6601-embeded/rubby_sensor_6601/sensor/nodes/sensor_subscriber_plugin/sensor_subscriber.cpp:224:75: error: template argument 1 is invalid
  224 |     auto reqBasicInfo = std::make_shared<sensor_srvs::BasicInfo::Request>();
      |                                                                           ^
/root/workspace/workspace/cafer-6601-embeded/rubby_sensor_6601/sensor/nodes/sensor_subscriber_plugin/sensor_subscriber.cpp:225:55: error: ‚ÄòBasicInfo‚Äô is not a member of ‚Äòsensor_srvs‚Äô
  225 |     auto rspBasicInfo = std::make_shared<sensor_srvs::BasicInfo::Response>();
      |                                                       ^~~~~~~~~
/root/workspace/workspace/cafer-6601-embeded/rubby_sensor_6601/sensor/nodes/sensor_subscriber_plugin/sensor_subscriber.cpp:225:30: error: parse error in template argument list
  225 |     auto rspBasicInfo = std::make_shared<sensor_srvs::BasicInfo::Response>();
      |                              ^~~~~~~~~~~~~~~~~~~~~~~~~~~~~~~~~~~~~~~~~~~~~
/root/workspace/workspace/cafer-6601-embeded/rubby_sensor_6601/sensor/nodes/sensor_subscriber_plugin/sensor_subscriber.cpp:225:76: error: no matching function for call to ‚Äòmake_shared<<expression error> >()‚Äô
  225 |     auto rspBasicInfo = std::make_shared<sensor_srvs::BasicInfo::Response>();
      |                                                                            ^
In file included from /usr/include/c++/9/memory:81,
                 from /usr/local/include/mind_os/service_client.h:11,
                 from /usr/local/include/mind_os/message_core.h:7,
                 from /usr/local/include/mind_os/node_handle.h:4,
                 from /usr/local/include/mind_os/mind_os.h:1,
                 from /root/workspace/workspace/cafer-6601-embeded/rubby_sensor_6601/sensor/nodes/sensor_subscriber_plugin/sensor_subscriber.cpp:2:
/usr/include/c++/9/bits/shared_ptr.h:714:5: note: candidate: ‚Äòtemplate<class _Tp, class ... _Args> std::shared_ptr<_Tp> std::make_shared(_Args&& ...)‚Äô
  714 |     make_shared(_Args&&... __args)
      |     ^~~~~~~~~~~
/usr/include/c++/9/bits/shared_ptr.h:714:5: note:   template argument deduction/substitution failed:
/root/workspace/workspace/cafer-6601-embeded/rubby_sensor_6601/sensor/nodes/sensor_subscriber_plugin/sensor_subscriber.cpp:225:76: error: template argument 1 is invalid
  225 |     auto rspBasicInfo = std::make_shared<sensor_srvs::BasicInfo::Response>();
      |                                                                            ^
/root/workspace/workspace/cafer-6601-embeded/rubby_sensor_6601/sensor/nodes/sensor_subscriber_plugin/sensor_subscriber.cpp:401:38: error: ‚Äòsensor_srvs::SensorPart‚Äô has not been declared
  401 |     for (int i = 0; i < sensor_srvs::SensorPart::ALLPART; i++) {
      |                                      ^~~~~~~~~~
/root/workspace/workspace/cafer-6601-embeded/rubby_sensor_6601/sensor/nodes/sensor_subscriber_plugin/sensor_subscriber.cpp:338:18: warning: unused variable ‚ÄòimseeTxIrTask‚Äô [-Wunused-variable]
  338 |     std::thread *imseeTxIrTask = new std::thread([this, &nh]() {
      |                  ^~~~~~~~~~~~~
[ 37%] Linking CXX shared library ../../../../install/lib/arm/libmonitor_node.so
[ 37%] Built target monitor_node
Scanning dependencies of target multi_main
Scanning dependencies of target multimodule
Scanning dependencies of target McuData
[ 39%] Building CXX object sensor/core/multi_module/sample/CMakeFiles/multi_main.dir/__/src/MultiModule.cpp.o
Scanning dependencies of target imsee
[ 40%] Building CXX object sensor/core/multi_module/src/CMakeFiles/multimodule.dir/MultiModule.cpp.o
[ 42%] Building CXX object sensor/core/mcudata/CMakeFiles/McuData.dir/McuData.cpp.o
[ 43%] Building CXX object sensor/core/imsee/src/CMakeFiles/imsee.dir/6601_mipi/mipi_imsee.cpp.o
make[2]: *** [sensor/nodes/sensor_subscriber_plugin/CMakeFiles/sensor_subscriber_plugin.dir/build.make:63: sensor/nodes/sensor_subscriber_plugin/CMakeFiles/sensor_subscriber_plugin.dir/sensor_subscriber.cpp.o] Error 1
make[1]: *** [CMakeFiles/Makefile2:706: sensor/nodes/sensor_subscriber_plugin/CMakeFiles/sensor_subscriber_plugin.dir/all] Error 2
make[1]: *** Waiting for unfinished jobs....
[ 45%] Building CXX object sensor/core/imsee/src/CMakeFiles/imsee.dir/ImseeModule.cpp.o
/root/workspace/workspace/cafer-6601-embeded/rubby_sensor_6601/sensor/core/mcudata/McuData.cpp: In member function ‚Äòvoid emb_node::McuData::DriverLoopTask()‚Äô:
/root/workspace/workspace/cafer-6601-embeded/rubby_sensor_6601/sensor/core/mcudata/McuData.cpp:630:13: warning: comparison of integer expressions of different signedness: ‚Äòint‚Äô and ‚Äòlong unsigned int‚Äô [-Wsign-compare]
  630 |       count > sizeof(byteQueue);
      |       ~~~~~~^~~~~~~~~~~~~~~~~~~
/root/workspace/workspace/cafer-6601-embeded/rubby_sensor_6601/sensor/core/mcudata/McuData.cpp:630:13: warning: statement has no effect [-Wunused-value]
/root/workspace/workspace/cafer-6601-embeded/rubby_sensor_6601/sensor/core/mcudata/McuData.cpp:618:21: warning: variable ‚ÄòpreTime‚Äô set but not used [-Wunused-but-set-variable]
  618 |     static uint64_t preTime;
      |                     ^~~~~~~
/root/workspace/workspace/cafer-6601-embeded/rubby_sensor_6601/sensor/core/mcudata/McuData.cpp: In member function ‚Äòvoid emb_node::McuData::GetFaultData(uint8_t*)‚Äô:
/root/workspace/workspace/cafer-6601-embeded/rubby_sensor_6601/sensor/core/mcudata/McuData.cpp:1347:12: warning: unused variable ‚Äòsystime‚Äô [-Wunused-variable]
 1347 |   uint64_t systime = AttachToSystemTime(buf[1] << 8 | buf[0]);
      |            ^~~~~~~
/root/workspace/workspace/cafer-6601-embeded/rubby_sensor_6601/sensor/core/mcudata/McuData.cpp: In member function ‚Äòint emb_node::McuData::TimeSync()‚Äô:
/root/workspace/workspace/cafer-6601-embeded/rubby_sensor_6601/sensor/core/mcudata/McuData.cpp:1600:11: warning: unused variable ‚Äòbuf‚Äô [-Wunused-variable]
 1600 |   uint8_t buf[8];
      |           ^~~
/root/workspace/workspace/cafer-6601-embeded/rubby_sensor_6601/sensor/core/mcudata/McuData.cpp: In member function ‚Äòvoid emb_node::McuData::GS2HandlerThread()‚Äô:
/root/workspace/workspace/cafer-6601-embeded/rubby_sensor_6601/sensor/core/mcudata/McuData.cpp:1952:25: warning: comparison of integer expressions of different signedness: ‚Äòint‚Äô and ‚Äòstd::vector<float>::size_type‚Äô {aka ‚Äòlong unsigned int‚Äô} [-Wsign-compare]
 1952 |       for (int i = 0; i < cloudPtr->channels[2].values.size(); i++) {
      |                       ~~^~~~~~~~~~~~~~~~~~~~~~~~~~~~~~~~~~~~~
/root/workspace/workspace/cafer-6601-embeded/rubby_sensor_6601/sensor/core/multi_module/src/MultiModule.cpp: In member function ‚Äòvirtual int emb_node::ToolsModule::LoadConfig(std::string)‚Äô:
/root/workspace/workspace/cafer-6601-embeded/rubby_sensor_6601/sensor/core/multi_module/src/MultiModule.cpp:192:26: warning: unused variable ‚ÄòconfigFile‚Äô [-Wunused-variable]
  192 |   YAMLConfig::ConfigFile configFile;
      |                          ^~~~~~~~~~
/root/workspace/workspace/cafer-6601-embeded/rubby_sensor_6601/sensor/core/multi_module/src/MultiModule.cpp: In member function ‚Äòvoid emb_node::ToolsModule::SysCheckTaks()‚Äô:
/root/workspace/workspace/cafer-6601-embeded/rubby_sensor_6601/sensor/core/multi_module/src/MultiModule.cpp:293:14: warning: unused variable ‚ÄònowTime‚Äô [-Wunused-variable]
  293 |     uint64_t nowTime = GetSystimeMs();
      |              ^~~~~~~
/root/workspace/workspace/cafer-6601-embeded/rubby_sensor_6601/sensor/core/multi_module/src/MultiModule.cpp:281:12: warning: unused variable ‚ÄòtemperatureLastTime‚Äô [-Wunused-variable]
  281 |   uint64_t temperatureLastTime = GetSystimeMs();
      |            ^~~~~~~~~~~~~~~~~~~
/root/workspace/workspace/cafer-6601-embeded/rubby_sensor_6601/sensor/core/multi_module/src/MultiModule.cpp: In member function ‚Äòvirtual int emb_node::ToolsModule::SetSysTime(uint64_t)‚Äô:
/root/workspace/workspace/cafer-6601-embeded/rubby_sensor_6601/sensor/core/multi_module/src/MultiModule.cpp:357:1: warning: no return statement in function returning non-void [-Wreturn-type]
  357 | }
      | ^
/root/workspace/workspace/cafer-6601-embeded/rubby_sensor_6601/sensor/core/multi_module/src/MultiModule.cpp: In member function ‚Äòvirtual int emb_node::ToolsModule::SetSysTime(int, int, int, int, int, int, int)‚Äô:
/root/workspace/workspace/cafer-6601-embeded/rubby_sensor_6601/sensor/core/multi_module/src/MultiModule.cpp:371:1: warning: no return statement in function returning non-void [-Wreturn-type]
  371 | }
      | ^
/root/workspace/workspace/cafer-6601-embeded/rubby_sensor_6601/sensor/core/multi_module/src/MultiModule.cpp: At global scope:
/root/workspace/workspace/cafer-6601-embeded/rubby_sensor_6601/sensor/core/multi_module/src/MultiModule.cpp:592:1: warning: ‚Äòtypedef‚Äô was ignored in this declaration
  592 | typedef struct CPU_OCCUPY {
      | ^~~~~~~
/root/workspace/workspace/cafer-6601-embeded/rubby_sensor_6601/sensor/core/multi_module/src/MultiModule.cpp: In member function ‚Äòvirtual int emb_node::ToolsModule::ThreeColorLightControl(std::string, emb_node::PowerType)‚Äô:
/root/workspace/workspace/cafer-6601-embeded/rubby_sensor_6601/sensor/core/multi_module/src/MultiModule.cpp:714:7: warning: variable ‚Äòret‚Äô set but not used [-Wunused-but-set-variable]
  714 |   int ret = 0;
      |       ^~~
/root/workspace/workspace/cafer-6601-embeded/rubby_sensor_6601/sensor/core/multi_module/src/MultiModule.cpp: In member function ‚Äòint emb_node::ToolsModule::SetAndGetVoice(int)‚Äô:
/root/workspace/workspace/cafer-6601-embeded/rubby_sensor_6601/sensor/core/multi_module/src/MultiModule.cpp:758:20: warning: ISO C++ forbids converting a string constant to ‚Äòchar*‚Äô [-Wwrite-strings]
  758 |   char *sctrlstr = "DAC Digital";
      |                    ^~~~~~~~~~~~~
/root/workspace/workspace/cafer-6601-embeded/rubby_sensor_6601/sensor/core/multi_module/src/MultiModule.cpp:759:8: warning: unused variable ‚ÄòvolMin‚Äô [-Wunused-variable]
  759 |   long volMin = 0, volMax = 0, leftVal = 0, rightVal = 0;
      |        ^~~~~~
/root/workspace/workspace/cafer-6601-embeded/rubby_sensor_6601/sensor/core/multi_module/src/MultiModule.cpp:759:20: warning: unused variable ‚ÄòvolMax‚Äô [-Wunused-variable]
  759 |   long volMin = 0, volMax = 0, leftVal = 0, rightVal = 0;
      |                    ^~~~~~
/root/workspace/workspace/cafer-6601-embeded/rubby_sensor_6601/sensor/core/multi_module/src/MultiModule.cpp: In function ‚Äòint emb_node::GetCpuId_X86(char*)‚Äô:
/root/workspace/workspace/cafer-6601-embeded/rubby_sensor_6601/sensor/core/multi_module/src/MultiModule.cpp:1055:9: warning: unused variable ‚Äòlength‚Äô [-Wunused-variable]
 1055 |  size_t length = 0;
      |         ^~~~~~
/root/workspace/workspace/cafer-6601-embeded/rubby_sensor_6601/sensor/core/multi_module/src/MultiModule.cpp: In member function ‚Äòvirtual bool emb_node::ToolsModule::RtmpCtrl(uint8_t, std::string)‚Äô:
/root/workspace/workspace/cafer-6601-embeded/rubby_sensor_6601/sensor/core/multi_module/src/MultiModule.cpp:1199:16: warning: ISO C++ forbids converting a string constant to ‚Äòchar*‚Äô [-Wwrite-strings]
 1199 |     char* ip = "127.0.0.1";
      |                ^~~~~~~~~~~
/root/workspace/workspace/cafer-6601-embeded/rubby_sensor_6601/sensor/core/imsee/src/6601_mipi/mipi_imsee.cpp: In constructor ‚Äòimsee_module::MIPI_IMSEE::MIPI_IMSEE()‚Äô:
/root/workspace/workspace/cafer-6601-embeded/rubby_sensor_6601/sensor/core/imsee/src/6601_mipi/mipi_imsee.cpp:186:10: warning: unused variable ‚ÄòimuAccScaleVal‚Äô [-Wunused-variable]
  186 |   double imuAccScaleVal = 0;
      |          ^~~~~~~~~~~~~~
/root/workspace/workspace/cafer-6601-embeded/rubby_sensor_6601/sensor/core/imsee/src/6601_mipi/mipi_imsee.cpp:187:10: warning: unused variable ‚ÄòimuGyroScaleVal‚Äô [-Wunused-variable]
  187 |   double imuGyroScaleVal = 0;
      |          ^~~~~~~~~~~~~~~
/root/workspace/workspace/cafer-6601-embeded/rubby_sensor_6601/sensor/core/imsee/src/6601_mipi/mipi_imsee.cpp: In member function ‚Äòint imsee_module::MIPI_IMSEE::GetImage(uint32_t)‚Äô:
/root/workspace/workspace/cafer-6601-embeded/rubby_sensor_6601/sensor/core/imsee/src/6601_mipi/mipi_imsee.cpp:393:15: warning: unused variable ‚Äòw‚Äô [-Wunused-variable]
  393 |     const int w = p_buf->vec_sub_buffer[0].width;
      |               ^
/root/workspace/workspace/cafer-6601-embeded/rubby_sensor_6601/sensor/core/imsee/src/6601_mipi/mipi_imsee.cpp:394:15: warning: unused variable ‚Äòh‚Äô [-Wunused-variable]
  394 |     const int h = p_buf->vec_sub_buffer[0].height;
      |               ^
/root/workspace/workspace/cafer-6601-embeded/rubby_sensor_6601/sensor/core/imsee/src/6601_mipi/mipi_imsee.cpp:399:15: warning: unused variable ‚Äòw‚Äô [-Wunused-variable]
  399 |     const int w = p_buf->vec_sub_buffer[0].width;
      |               ^
/root/workspace/workspace/cafer-6601-embeded/rubby_sensor_6601/sensor/core/imsee/src/6601_mipi/mipi_imsee.cpp:400:15: warning: unused variable ‚Äòh‚Äô [-Wunused-variable]
  400 |     const int h = p_buf->vec_sub_buffer[0].height;
      |               ^
/root/workspace/workspace/cafer-6601-embeded/rubby_sensor_6601/sensor/core/imsee/src/6601_mipi/mipi_imsee.cpp: In member function ‚Äòvoid imsee_module::MIPI_IMSEE::ImuRecieveThread()‚Äô:
/root/workspace/workspace/cafer-6601-embeded/rubby_sensor_6601/sensor/core/imsee/src/6601_mipi/mipi_imsee.cpp:818:97: warning: pointer of type ‚Äòvoid *‚Äô used in arithmetic [-Wpointer-arith]
  818 |     for (void *addr_ptr = iio_buffer_start(imuBuf); addr_ptr < iio_buffer_end(imuBuf); addr_ptr += iio_buffer_step(imuBuf)) {
      |                                                                                        ~~~~~~~~~^~~~~~~~~~~~~~~~~~~~~~~~~~
/root/workspace/workspace/cafer-6601-embeded/rubby_sensor_6601/sensor/core/imsee/src/6601_mipi/mipi_imsee.cpp:785:22: warning: variable ‚Äòtimelast‚Äô set but not used [-Wunused-but-set-variable]
  785 |   int64_t timestamp, timelast;
      |                      ^~~~~~~~
/root/workspace/workspace/cafer-6601-embeded/rubby_sensor_6601/sensor/core/imsee/src/6601_mipi/mipi_imsee.cpp: In member function ‚Äòint imsee_module::MIPI_IMSEE::ImgInit(int, int, int)‚Äô:
/root/workspace/workspace/cafer-6601-embeded/rubby_sensor_6601/sensor/core/imsee/src/6601_mipi/mipi_imsee.cpp:1040:7: warning: unused variable ‚Äòret‚Äô [-Wunused-variable]
 1040 |   int ret;
      |       ^~~
/root/workspace/workspace/cafer-6601-embeded/rubby_sensor_6601/sensor/core/imsee/src/6601_mipi/mipi_imsee.cpp: In member function ‚Äòint imsee_module::MIPI_IMSEE::ImgStart()‚Äô:
/root/workspace/workspace/cafer-6601-embeded/rubby_sensor_6601/sensor/core/imsee/src/6601_mipi/mipi_imsee.cpp:1139:23: warning: comparison of integer expressions of different signedness: ‚Äòint‚Äô and ‚Äòstd::vector<std::shared_ptr<VioBufInfo> >::size_type‚Äô {aka ‚Äòlong unsigned int‚Äô} [-Wsign-compare]
 1139 |     for (int i = 0; i < vec_path_buf[path_id].size(); i++) {
      |                     ~~^~~~~~~~~~~~~~~~~~~~~~~~~~~~~~
/root/workspace/workspace/cafer-6601-embeded/rubby_sensor_6601/sensor/core/imsee/src/6601_mipi/mipi_imsee.cpp:1102:29: warning: unused variable ‚Äòevents‚Äô [-Wunused-variable]
 1102 |   struct epoll_event event, events[MAX_EVENTS_NUM];
      |                             ^~~~~~
/root/workspace/workspace/cafer-6601-embeded/rubby_sensor_6601/sensor/core/imsee/src/6601_mipi/mipi_imsee.cpp: In member function ‚Äòvirtual int imsee_module::MIPI_IMSEE::Stop()‚Äô:
/root/workspace/workspace/cafer-6601-embeded/rubby_sensor_6601/sensor/core/imsee/src/6601_mipi/mipi_imsee.cpp:1320:7: warning: unused variable ‚Äòret‚Äô [-Wunused-variable]
 1320 |   int ret = 0;
      |       ^~~
[ 46%] Linking CXX shared library ../../../../install/lib/arm/libtest_plugin.so
/root/workspace/workspace/cafer-6601-embeded/rubby_sensor_6601/sensor/core/multi_module/src/MultiModule.cpp: At global scope:
/root/workspace/workspace/cafer-6601-embeded/rubby_sensor_6601/sensor/core/multi_module/src/MultiModule.cpp:143:47: warning: ‚Äòemb_node::errMsg‚Äô defined but not used [-Wunused-variable]
  143 | static emb_sensors::error_types::ErrorMessage errMsg;
      |                                               ^~~~~~
/root/workspace/workspace/cafer-6601-embeded/rubby_sensor_6601/sensor/core/mcudata/McuData.cpp: In member function ‚Äòbool emb_node::McuData::LedSet(uint8_t)‚Äô:
/root/workspace/workspace/cafer-6601-embeded/rubby_sensor_6601/sensor/core/mcudata/McuData.cpp:1497:1: warning: control reaches end of non-void function [-Wreturn-type]
 1497 | }
      | ^
/root/workspace/workspace/cafer-6601-embeded/rubby_sensor_6601/sensor/core/mcudata/McuData.cpp: In member function ‚Äòbool emb_node::McuData::RechargeSet(uint8_t)‚Äô:
/root/workspace/workspace/cafer-6601-embeded/rubby_sensor_6601/sensor/core/mcudata/McuData.cpp:1516:1: warning: control reaches end of non-void function [-Wreturn-type]
 1516 | }
      | ^
/root/workspace/workspace/cafer-6601-embeded/rubby_sensor_6601/sensor/core/mcudata/McuData.cpp: In member function ‚Äòbool emb_node::McuData::MotorSet(uint16_t)‚Äô:
/root/workspace/workspace/cafer-6601-embeded/rubby_sensor_6601/sensor/core/mcudata/McuData.cpp:1536:1: warning: control reaches end of non-void function [-Wreturn-type]
 1536 | }
      | ^
/root/workspace/workspace/cafer-6601-embeded/rubby_sensor_6601/sensor/core/mcudata/McuData.cpp: In member function ‚Äòbool emb_node::McuData::CleanModeSet(uint8_t)‚Äô:
/root/workspace/workspace/cafer-6601-embeded/rubby_sensor_6601/sensor/core/mcudata/McuData.cpp:1555:1: warning: control reaches end of non-void function [-Wreturn-type]
 1555 | }
      | ^
In file included from /root/workspace/workspace/cafer-6601-embeded/rubby_sensor_6601/sensor/core/mcudata/McuData.cpp:1:
/root/workspace/workspace/cafer-6601-embeded/rubby_sensor_6601/sensor/core/mcudata/McuData.hpp: At global scope:
/root/workspace/workspace/cafer-6601-embeded/rubby_sensor_6601/sensor/core/mcudata/McuData.hpp:28:35: warning: ‚Äòemb_node::pSpeedCtrlFreq‚Äô defined but not used [-Wunused-variable]
   28 | static monitor_node::MonitorNode *pSpeedCtrlFreq = nullptr;
      |                                   ^~~~~~~~~~~~~~
/root/workspace/workspace/cafer-6601-embeded/rubby_sensor_6601/sensor/core/mcudata/McuData.hpp:27:35: warning: ‚Äòemb_node::pWorkModeFreq‚Äô defined but not used [-Wunused-variable]
   27 | static monitor_node::MonitorNode *pWorkModeFreq = nullptr;
      |                                   ^~~~~~~~~~~~~
[ 46%] Built target test_plugin
[ 48%] Building CXX object sensor/core/imsee/src/CMakeFiles/imsee.dir/imsee.cpp.o
[ 50%] Building CXX object sensor/core/multi_module/sample/CMakeFiles/multi_main.dir/multi_main.cpp.o
/root/workspace/workspace/cafer-6601-embeded/rubby_sensor_6601/sensor/core/imsee/src/imsee.cpp:1596: warning: "MAC_MODE_INCLUDE_OTP_88" redefined
 1596 | #define MAC_MODE_INCLUDE_OTP_88 ((uint8_t)0x10)     //!< MAC mode bit   4: include first 88 OTP bits
      | 
In file included from /root/workspace/workspace/cafer-6601-embeded/rubby_sensor_6601/sensor/core/imsee/src/imsee.cpp:24:
/root/workspace/workspace/cafer-6601-embeded/rubby_sensor_6601/sensor/core/imsee/src/../library/sha256.h:104: note: this is the location of the previous definition
  104 | #define MAC_MODE_INCLUDE_OTP_88 ((uint8)0x10)     //!< MAC mode bit   4: include first 88 OTP bits
      | 
/root/workspace/workspace/cafer-6601-embeded/rubby_sensor_6601/sensor/core/imsee/src/imsee.cpp:1597: warning: "MAC_MODE_INCLUDE_OTP_64" redefined
 1597 | #define MAC_MODE_INCLUDE_OTP_64 ((uint8_t)0x20)     //!< MAC mode bit   5: include first 64 OTP bits
      | 
In file included from /root/workspace/workspace/cafer-6601-embeded/rubby_sensor_6601/sensor/core/imsee/src/imsee.cpp:24:
/root/workspace/workspace/cafer-6601-embeded/rubby_sensor_6601/sensor/core/imsee/src/../library/sha256.h:105: note: this is the location of the previous definition
  105 | #define MAC_MODE_INCLUDE_OTP_64 ((uint8)0x20)     //!< MAC mode bit   5: include first 64 OTP bits
      | 
/root/workspace/workspace/cafer-6601-embeded/rubby_sensor_6601/sensor/core/imsee/src/imsee.cpp:1603: warning: "MAC_MODE_CHALLENGE" redefined
 1603 | #define MAC_MODE_CHALLENGE ((uint8_t)0x00)          //!< MAC mode       0: first SHA block from data slot
      | 
In file included from /root/workspace/workspace/cafer-6601-embeded/rubby_sensor_6601/sensor/core/imsee/src/imsee.cpp:24:
/root/workspace/workspace/cafer-6601-embeded/rubby_sensor_6601/sensor/core/imsee/src/../library/sha256.h:99: note: this is the location of the previous definition
   99 | #define MAC_MODE_CHALLENGE ((uint8)0x00)          //!< MAC mode       0: first SHA block from data slot
      | 
/root/workspace/workspace/cafer-6601-embeded/rubby_sensor_6601/sensor/core/imsee/src/imsee.cpp:1604: warning: "MAC_MODE_BLOCK2_TEMPKEY" redefined
 1604 | #define MAC_MODE_BLOCK2_TEMPKEY ((uint8_t)0x01)     //!< MAC mode bit   0: second SHA block from TempKey
      | 
In file included from /root/workspace/workspace/cafer-6601-embeded/rubby_sensor_6601/sensor/core/imsee/src/imsee.cpp:24:
/root/workspace/workspace/cafer-6601-embeded/rubby_sensor_6601/sensor/core/imsee/src/../library/sha256.h:100: note: this is the location of the previous definition
  100 | #define MAC_MODE_BLOCK2_TEMPKEY ((uint8)0x01)     //!< MAC mode bit   0: second SHA block from TempKey
      | 
/root/workspace/workspace/cafer-6601-embeded/rubby_sensor_6601/sensor/core/imsee/src/imsee.cpp:1605: warning: "MAC_MODE_BLOCK1_TEMPKEY" redefined
 1605 | #define MAC_MODE_BLOCK1_TEMPKEY ((uint8_t)0x02)     //!< MAC mode bit   1: first SHA block from TempKey
      | 
In file included from /root/workspace/workspace/cafer-6601-embeded/rubby_sensor_6601/sensor/core/imsee/src/imsee.cpp:24:
/root/workspace/workspace/cafer-6601-embeded/rubby_sensor_6601/sensor/core/imsee/src/../library/sha256.h:101: note: this is the location of the previous definition
  101 | #define MAC_MODE_BLOCK1_TEMPKEY ((uint8)0x02)     //!< MAC mode bit   1: first SHA block from TempKey
      | 
/root/workspace/workspace/cafer-6601-embeded/rubby_sensor_6601/sensor/core/imsee/src/imsee.cpp:1606: warning: "MAC_MODE_SOURCE_FLAG_MATCH" redefined
 1606 | #define MAC_MODE_SOURCE_FLAG_MATCH ((uint8_t)0x04)  //!< MAC mode bit   2: match TempKey.SourceFlag
      | 
In file included from /root/workspace/workspace/cafer-6601-embeded/rubby_sensor_6601/sensor/core/imsee/src/imsee.cpp:24:
/root/workspace/workspace/cafer-6601-embeded/rubby_sensor_6601/sensor/core/imsee/src/../library/sha256.h:102: note: this is the location of the previous definition
  102 | #define MAC_MODE_SOURCE_FLAG_MATCH ((uint8)0x04)  //!< MAC mode bit   2: match TempKey.SourceFlag
      | 
/root/workspace/workspace/cafer-6601-embeded/rubby_sensor_6601/sensor/core/imsee/src/imsee.cpp:1607: warning: "MAC_MODE_PASSTHROUGH" redefined
 1607 | #define MAC_MODE_PASSTHROUGH ((uint8_t)0x07)        //!< MAC mode bit 0-2: pass-through mode
      | 
In file included from /root/workspace/workspace/cafer-6601-embeded/rubby_sensor_6601/sensor/core/imsee/src/imsee.cpp:24:
/root/workspace/workspace/cafer-6601-embeded/rubby_sensor_6601/sensor/core/imsee/src/../library/sha256.h:103: note: this is the location of the previous definition
  103 | #define MAC_MODE_PASSTHROUGH ((uint8)0x07)        //!< MAC mode bit 0-2: pass-through mode
      | 
/root/workspace/workspace/cafer-6601-embeded/rubby_sensor_6601/sensor/core/imsee/src/imsee.cpp:1610: warning: "MAC_MODE_INCLUDE_SN" redefined
 1610 | #define MAC_MODE_INCLUDE_SN ((uint8_t)0x40)         //!< MAC mode bit   6: include serial number
      | 
In file included from /root/workspace/workspace/cafer-6601-embeded/rubby_sensor_6601/sensor/core/imsee/src/imsee.cpp:24:
/root/workspace/workspace/cafer-6601-embeded/rubby_sensor_6601/sensor/core/imsee/src/../library/sha256.h:106: note: this is the location of the previous definition
  106 | #define MAC_MODE_INCLUDE_SN ((uint8)0x40)         //!< MAC mode bit   6: include serial number
      | 
/root/workspace/workspace/cafer-6601-embeded/rubby_sensor_6601/sensor/core/imsee/src/imsee.cpp:1612: warning: "MAC_MODE_MASK" redefined
 1612 | #define MAC_MODE_MASK ((uint8_t)0x77)               //!< MAC mode bits 3 and 7 are 0.
      | 
In file included from /root/workspace/workspace/cafer-6601-embeded/rubby_sensor_6601/sensor/core/imsee/src/imsee.cpp:24:
/root/workspace/workspace/cafer-6601-embeded/rubby_sensor_6601/sensor/core/imsee/src/../library/sha256.h:108: note: this is the location of the previous definition
  108 | #define MAC_MODE_MASK ((uint8)0x77)               //!< MAC mode bits 3 and 7 are 0.
      | 
/root/workspace/workspace/cafer-6601-embeded/rubby_sensor_6601/sensor/core/multi_module/src/MultiModule.cpp: In member function ‚Äòvirtual int emb_node::ToolsModule::LoadConfig(std::string)‚Äô:
/root/workspace/workspace/cafer-6601-embeded/rubby_sensor_6601/sensor/core/multi_module/src/MultiModule.cpp:192:26: warning: unused variable ‚ÄòconfigFile‚Äô [-Wunused-variable]
  192 |   YAMLConfig::ConfigFile configFile;
      |                          ^~~~~~~~~~
/root/workspace/workspace/cafer-6601-embeded/rubby_sensor_6601/sensor/core/multi_module/src/MultiModule.cpp: In member function ‚Äòvoid emb_node::ToolsModule::SysCheckTaks()‚Äô:
/root/workspace/workspace/cafer-6601-embeded/rubby_sensor_6601/sensor/core/multi_module/src/MultiModule.cpp:293:14: warning: unused variable ‚ÄònowTime‚Äô [-Wunused-variable]
  293 |     uint64_t nowTime = GetSystimeMs();
      |              ^~~~~~~
/root/workspace/workspace/cafer-6601-embeded/rubby_sensor_6601/sensor/core/multi_module/src/MultiModule.cpp:281:12: warning: unused variable ‚ÄòtemperatureLastTime‚Äô [-Wunused-variable]
  281 |   uint64_t temperatureLastTime = GetSystimeMs();
      |            ^~~~~~~~~~~~~~~~~~~
/root/workspace/workspace/cafer-6601-embeded/rubby_sensor_6601/sensor/core/multi_module/src/MultiModule.cpp: In member function ‚Äòvirtual int emb_node::ToolsModule::SetSysTime(uint64_t)‚Äô:
/root/workspace/workspace/cafer-6601-embeded/rubby_sensor_6601/sensor/core/multi_module/src/MultiModule.cpp:357:1: warning: no return statement in function returning non-void [-Wreturn-type]
  357 | }
      | ^
/root/workspace/workspace/cafer-6601-embeded/rubby_sensor_6601/sensor/core/multi_module/src/MultiModule.cpp: In member function ‚Äòvirtual int emb_node::ToolsModule::SetSysTime(int, int, int, int, int, int, int)‚Äô:
/root/workspace/workspace/cafer-6601-embeded/rubby_sensor_6601/sensor/core/multi_module/src/MultiModule.cpp:371:1: warning: no return statement in function returning non-void [-Wreturn-type]
  371 | }
      | ^
/root/workspace/workspace/cafer-6601-embeded/rubby_sensor_6601/sensor/core/multi_module/src/MultiModule.cpp: At global scope:
/root/workspace/workspace/cafer-6601-embeded/rubby_sensor_6601/sensor/core/multi_module/src/MultiModule.cpp:592:1: warning: ‚Äòtypedef‚Äô was ignored in this declaration
  592 | typedef struct CPU_OCCUPY {
      | ^~~~~~~
/root/workspace/workspace/cafer-6601-embeded/rubby_sensor_6601/sensor/core/multi_module/src/MultiModule.cpp: In member function ‚Äòvirtual int emb_node::ToolsModule::ThreeColorLightControl(std::string, emb_node::PowerType)‚Äô:
/root/workspace/workspace/cafer-6601-embeded/rubby_sensor_6601/sensor/core/multi_module/src/MultiModule.cpp:714:7: warning: variable ‚Äòret‚Äô set but not used [-Wunused-but-set-variable]
  714 |   int ret = 0;
      |       ^~~
/root/workspace/workspace/cafer-6601-embeded/rubby_sensor_6601/sensor/core/multi_module/src/MultiModule.cpp: In member function ‚Äòint emb_node::ToolsModule::SetAndGetVoice(int)‚Äô:
/root/workspace/workspace/cafer-6601-embeded/rubby_sensor_6601/sensor/core/multi_module/src/MultiModule.cpp:758:20: warning: ISO C++ forbids converting a string constant to ‚Äòchar*‚Äô [-Wwrite-strings]
  758 |   char *sctrlstr = "DAC Digital";
      |                    ^~~~~~~~~~~~~
/root/workspace/workspace/cafer-6601-embeded/rubby_sensor_6601/sensor/core/multi_module/src/MultiModule.cpp:759:8: warning: unused variable ‚ÄòvolMin‚Äô [-Wunused-variable]
  759 |   long volMin = 0, volMax = 0, leftVal = 0, rightVal = 0;
      |        ^~~~~~
/root/workspace/workspace/cafer-6601-embeded/rubby_sensor_6601/sensor/core/multi_module/src/MultiModule.cpp:759:20: warning: unused variable ‚ÄòvolMax‚Äô [-Wunused-variable]
  759 |   long volMin = 0, volMax = 0, leftVal = 0, rightVal = 0;
      |                    ^~~~~~
/root/workspace/workspace/cafer-6601-embeded/rubby_sensor_6601/sensor/core/multi_module/src/MultiModule.cpp: In function ‚Äòint emb_node::GetCpuId_X86(char*)‚Äô:
/root/workspace/workspace/cafer-6601-embeded/rubby_sensor_6601/sensor/core/multi_module/src/MultiModule.cpp:1055:9: warning: unused variable ‚Äòlength‚Äô [-Wunused-variable]
 1055 |  size_t length = 0;
      |         ^~~~~~
/root/workspace/workspace/cafer-6601-embeded/rubby_sensor_6601/sensor/core/multi_module/src/MultiModule.cpp: In member function ‚Äòvirtual bool emb_node::ToolsModule::RtmpCtrl(uint8_t, std::string)‚Äô:
/root/workspace/workspace/cafer-6601-embeded/rubby_sensor_6601/sensor/core/multi_module/src/MultiModule.cpp:1199:16: warning: ISO C++ forbids converting a string constant to ‚Äòchar*‚Äô [-Wwrite-strings]
 1199 |     char* ip = "127.0.0.1";
      |                ^~~~~~~~~~~
/root/workspace/workspace/cafer-6601-embeded/rubby_sensor_6601/sensor/core/multi_module/src/MultiModule.cpp: At global scope:
/root/workspace/workspace/cafer-6601-embeded/rubby_sensor_6601/sensor/core/multi_module/src/MultiModule.cpp:143:47: warning: ‚Äòemb_node::errMsg‚Äô defined but not used [-Wunused-variable]
  143 | static emb_sensors::error_types::ErrorMessage errMsg;
      |                                               ^~~~~~
/root/workspace/workspace/cafer-6601-embeded/rubby_sensor_6601/sensor/core/imsee/src/ImseeModule.cpp: In static member function ‚Äòstatic imsee_module::ImseeModule* imsee_module::ImseeModule::Create(std::string)‚Äô:
/root/workspace/workspace/cafer-6601-embeded/rubby_sensor_6601/sensor/core/imsee/src/ImseeModule.cpp:203:43: warning: ‚Äòvoid* memset(void*, int, size_t)‚Äô clearing an object of non-trivial type ‚Äòstruct imsee_module::ImseeDevice‚Äô; use assignment or value-initialization instead [-Wclass-memaccess]
  203 |     memset(&device, 0, sizeof(ImseeDevice));
      |                                           ^
In file included from /root/workspace/workspace/cafer-6601-embeded/rubby_sensor_6601/sensor/core/imsee/src/imsee.hpp:9,
                 from /root/workspace/workspace/cafer-6601-embeded/rubby_sensor_6601/sensor/core/imsee/src/ImseeModule.cpp:11:
/root/workspace/workspace/cafer-6601-embeded/rubby_sensor_6601/sensor/core/imsee/src/ImseeModule.hpp:21:8: note: ‚Äòstruct imsee_module::ImseeDevice‚Äô declared here
   21 | struct ImseeDevice {
      |        ^~~~~~~~~~~
[ 51%] Building C object sensor/core/imsee/src/CMakeFiles/imsee.dir/__/__/__/third_lib/libuvc/src/ctrl.c.o
[ 53%] Building C object sensor/core/imsee/src/CMakeFiles/imsee.dir/__/__/__/third_lib/libuvc/src/ctrl-gen.c.o
[ 54%] Building C object sensor/core/imsee/src/CMakeFiles/imsee.dir/__/__/__/third_lib/libuvc/src/device.c.o
[ 56%] Building CXX object sensor/core/mcudata/CMakeFiles/McuData.dir/McuDataDriver.cpp.o
[ 57%] Building C object sensor/core/imsee/src/CMakeFiles/imsee.dir/__/__/__/third_lib/libuvc/src/diag.c.o
[ 59%] Linking CXX shared library ../../../../../install/lib/arm/libmultimodule.so
[ 60%] Building C object sensor/core/imsee/src/CMakeFiles/imsee.dir/__/__/__/third_lib/libuvc/src/frame.c.o
/root/workspace/workspace/cafer-6601-embeded/rubby_sensor_6601/sensor/core/multi_module/sample/multi_main.cpp: In function ‚Äòint main(int, char**)‚Äô:
/root/workspace/workspace/cafer-6601-embeded/rubby_sensor_6601/sensor/core/multi_module/sample/multi_main.cpp:24:7: warning: unused variable ‚Äòleft‚Äô [-Wunused-variable]
   24 |   int left, total, cpuNum;
      |       ^~~~
/root/workspace/workspace/cafer-6601-embeded/rubby_sensor_6601/sensor/core/multi_module/sample/multi_main.cpp:24:13: warning: unused variable ‚Äòtotal‚Äô [-Wunused-variable]
   24 |   int left, total, cpuNum;
      |             ^~~~~
/root/workspace/workspace/cafer-6601-embeded/rubby_sensor_6601/sensor/core/multi_module/sample/multi_main.cpp:26:7: warning: unused variable ‚Äòbrightvalue‚Äô [-Wunused-variable]
   26 |   int brightvalue;
      |       ^~~~~~~~~~~
/root/workspace/workspace/cafer-6601-embeded/rubby_sensor_6601/sensor/core/multi_module/sample/multi_main.cpp:28:9: warning: unused variable ‚Äòtemp‚Äô [-Wunused-variable]
   28 |   float temp, freeMem, totalMem;
      |         ^~~~
/root/workspace/workspace/cafer-6601-embeded/rubby_sensor_6601/sensor/core/multi_module/sample/multi_main.cpp:28:15: warning: unused variable ‚ÄòfreeMem‚Äô [-Wunused-variable]
   28 |   float temp, freeMem, totalMem;
      |               ^~~~~~~
/root/workspace/workspace/cafer-6601-embeded/rubby_sensor_6601/sensor/core/multi_module/sample/multi_main.cpp:28:24: warning: unused variable ‚ÄòtotalMem‚Äô [-Wunused-variable]
   28 |   float temp, freeMem, totalMem;
      |                        ^~~~~~~~
[ 62%] Building C object sensor/core/imsee/src/CMakeFiles/imsee.dir/__/__/__/third_lib/libuvc/src/init.c.o
/root/workspace/workspace/cafer-6601-embeded/rubby_sensor_6601/sensor/third_lib/libuvc/src/init.c: In function ‚Äò_uvc_handle_events‚Äô:
/root/workspace/workspace/cafer-6601-embeded/rubby_sensor_6601/sensor/third_lib/libuvc/src/init.c:98:3: warning: implicit declaration of function ‚ÄòSetThreadPriority‚Äô [-Wimplicit-function-declaration]
   98 |   SetThreadPriority(pthread_self(), UVC_SYS_PRIORITY, "sys uvc recv event");
      |   ^~~~~~~~~~~~~~~~~
[ 64%] Building C object sensor/core/imsee/src/CMakeFiles/imsee.dir/__/__/__/third_lib/libuvc/src/misc.c.o
[ 65%] Building C object sensor/core/imsee/src/CMakeFiles/imsee.dir/__/__/__/third_lib/libuvc/src/stream.c.o
[ 65%] Built target multimodule
[ 67%] Building C object sensor/core/imsee/src/CMakeFiles/imsee.dir/__/__/__/third_lib/libusb/core.c.o
/root/workspace/workspace/cafer-6601-embeded/rubby_sensor_6601/sensor/third_lib/libuvc/src/stream.c: In function ‚Äò_uvc_user_caller‚Äô:
/root/workspace/workspace/cafer-6601-embeded/rubby_sensor_6601/sensor/third_lib/libuvc/src/stream.c:1295:3: warning: implicit declaration of function ‚Äòpthread_setname_np‚Äô; did you mean ‚Äòpthread_setcanceltype‚Äô? [-Wimplicit-function-declaration]
 1295 |   pthread_setname_np(pthread_self(), "SysUvcUserCB");
      |   ^~~~~~~~~~~~~~~~~~
      |   pthread_setcanceltype
[ 68%] Building C object sensor/core/imsee/src/CMakeFiles/imsee.dir/__/__/__/third_lib/libusb/descriptor.c.o
[ 70%] Building C object sensor/core/imsee/src/CMakeFiles/imsee.dir/__/__/__/third_lib/libusb/hotplug.c.o
[ 71%] Building C object sensor/core/imsee/src/CMakeFiles/imsee.dir/__/__/__/third_lib/libusb/io.c.o
[ 73%] Building C object sensor/core/imsee/src/CMakeFiles/imsee.dir/__/__/__/third_lib/libusb/strerror.c.o
[ 75%] Linking CXX executable ../../../../../install/bin/arm/multi_main
[ 76%] Building C object sensor/core/imsee/src/CMakeFiles/imsee.dir/__/__/__/third_lib/libusb/sync.c.o
[ 78%] Building C object sensor/core/imsee/src/CMakeFiles/imsee.dir/__/__/__/third_lib/libusb/os/linux_netlink.c.o
[ 79%] Building C object sensor/core/imsee/src/CMakeFiles/imsee.dir/__/__/__/third_lib/libusb/os/linux_udev.c.o
[ 81%] Building C object sensor/core/imsee/src/CMakeFiles/imsee.dir/__/__/__/third_lib/libusb/os/linux_usbfs.c.o
[ 82%] Building C object sensor/core/imsee/src/CMakeFiles/imsee.dir/__/__/__/third_lib/libusb/os/poll_posix.c.o
[ 84%] Building C object sensor/core/imsee/src/CMakeFiles/imsee.dir/__/__/__/third_lib/libusb/os/threads_posix.c.o
[ 85%] Building C object sensor/core/imsee/src/CMakeFiles/imsee.dir/__/library/sha256.c.o
[ 87%] Building CXX object sensor/core/mcudata/CMakeFiles/McuData.dir/McuDataProtocol.cpp.o
/root/workspace/workspace/cafer-6601-embeded/rubby_sensor_6601/sensor/core/imsee/src/imsee.cpp: In constructor ‚Äòimsee_module::IMSEE::IMSEE()‚Äô:
/root/workspace/workspace/cafer-6601-embeded/rubby_sensor_6601/sensor/core/imsee/src/imsee.cpp:101:45: warning: ‚Äòvoid* memset(void*, int, size_t)‚Äô clearing an object of non-trivial type ‚Äòstruct imsee_module::ImseeDevice‚Äô; use assignment or value-initialization instead [-Wclass-memaccess]
  101 |   memset(&deviceInfo, 0, sizeof(ImseeDevice));
      |                                             ^
In file included from /root/workspace/workspace/cafer-6601-embeded/rubby_sensor_6601/sensor/core/imsee/src/imsee.hpp:9,
                 from /root/workspace/workspace/cafer-6601-embeded/rubby_sensor_6601/sensor/core/imsee/src/imsee.cpp:1:
/root/workspace/workspace/cafer-6601-embeded/rubby_sensor_6601/sensor/core/imsee/src/ImseeModule.hpp:21:8: note: ‚Äòstruct imsee_module::ImseeDevice‚Äô declared here
   21 | struct ImseeDevice {
      |        ^~~~~~~~~~~
/root/workspace/workspace/cafer-6601-embeded/rubby_sensor_6601/sensor/core/imsee/src/imsee.cpp:132:46: warning: ‚Äòvoid* memset(void*, int, size_t)‚Äô clearing an object of non-trivial type ‚Äòstruct imsee_module::ImgDataType‚Äô; use assignment or value-initialization instead [-Wclass-memaccess]
  132 |   memset(&camera_data, 0, sizeof(ImgDataType));
      |                                              ^
In file included from /root/workspace/workspace/cafer-6601-embeded/rubby_sensor_6601/sensor/core/imsee/src/imsee.cpp:1:
/root/workspace/workspace/cafer-6601-embeded/rubby_sensor_6601/sensor/core/imsee/src/imsee.hpp:51:8: note: ‚Äòstruct imsee_module::ImgDataType‚Äô declared here
   51 | struct ImgDataType {
      |        ^~~~~~~~~~~
/root/workspace/workspace/cafer-6601-embeded/rubby_sensor_6601/sensor/core/imsee/src/imsee.cpp:133:43: warning: ‚Äòvoid* memset(void*, int, size_t)‚Äô clearing an object of non-trivial type ‚Äòstruct imsee_module::ImuDataType‚Äô; use assignment or value-initialization instead [-Wclass-memaccess]
  133 |   memset(&imu_data, 0, sizeof(ImuDataType));
      |                                           ^
In file included from /root/workspace/workspace/cafer-6601-embeded/rubby_sensor_6601/sensor/core/imsee/src/imsee.cpp:1:
/root/workspace/workspace/cafer-6601-embeded/rubby_sensor_6601/sensor/core/imsee/src/imsee.hpp:72:8: note: ‚Äòstruct imsee_module::ImuDataType‚Äô declared here
   72 | struct ImuDataType {
      |        ^~~~~~~~~~~
/root/workspace/workspace/cafer-6601-embeded/rubby_sensor_6601/sensor/core/imsee/src/imsee.cpp: In constructor ‚Äòimsee_module::IMSEE::IMSEE(imsee_module::ImseeDevice)‚Äô:
/root/workspace/workspace/cafer-6601-embeded/rubby_sensor_6601/sensor/core/imsee/src/imsee.cpp:146:45: warning: ‚Äòvoid* memset(void*, int, size_t)‚Äô clearing an object of non-trivial type ‚Äòstruct imsee_module::ImseeDevice‚Äô; use assignment or value-initialization instead [-Wclass-memaccess]
  146 |   memset(&deviceInfo, 0, sizeof(ImseeDevice));
      |                                             ^
In file included from /root/workspace/workspace/cafer-6601-embeded/rubby_sensor_6601/sensor/core/imsee/src/imsee.hpp:9,
                 from /root/workspace/workspace/cafer-6601-embeded/rubby_sensor_6601/sensor/core/imsee/src/imsee.cpp:1:
/root/workspace/workspace/cafer-6601-embeded/rubby_sensor_6601/sensor/core/imsee/src/ImseeModule.hpp:21:8: note: ‚Äòstruct imsee_module::ImseeDevice‚Äô declared here
   21 | struct ImseeDevice {
      |        ^~~~~~~~~~~
/root/workspace/workspace/cafer-6601-embeded/rubby_sensor_6601/sensor/core/imsee/src/imsee.cpp:174:46: warning: ‚Äòvoid* memset(void*, int, size_t)‚Äô clearing an object of non-trivial type ‚Äòstruct imsee_module::ImgDataType‚Äô; use assignment or value-initialization instead [-Wclass-memaccess]
  174 |   memset(&camera_data, 0, sizeof(ImgDataType));
      |                                              ^
In file included from /root/workspace/workspace/cafer-6601-embeded/rubby_sensor_6601/sensor/core/imsee/src/imsee.cpp:1:
/root/workspace/workspace/cafer-6601-embeded/rubby_sensor_6601/sensor/core/imsee/src/imsee.hpp:51:8: note: ‚Äòstruct imsee_module::ImgDataType‚Äô declared here
   51 | struct ImgDataType {
      |        ^~~~~~~~~~~
/root/workspace/workspace/cafer-6601-embeded/rubby_sensor_6601/sensor/core/imsee/src/imsee.cpp:175:43: warning: ‚Äòvoid* memset(void*, int, size_t)‚Äô clearing an object of non-trivial type ‚Äòstruct imsee_module::ImuDataType‚Äô; use assignment or value-initialization instead [-Wclass-memaccess]
  175 |   memset(&imu_data, 0, sizeof(ImuDataType));
      |                                           ^
In file included from /root/workspace/workspace/cafer-6601-embeded/rubby_sensor_6601/sensor/core/imsee/src/imsee.cpp:1:
/root/workspace/workspace/cafer-6601-embeded/rubby_sensor_6601/sensor/core/imsee/src/imsee.hpp:72:8: note: ‚Äòstruct imsee_module::ImuDataType‚Äô declared here
   72 | struct ImuDataType {
      |        ^~~~~~~~~~~
[ 89%] Building CXX object sensor/core/mcudata/CMakeFiles/McuData.dir/__/drivers/serial.cpp.o
/root/workspace/workspace/cafer-6601-embeded/rubby_sensor_6601/sensor/core/imsee/src/imsee.cpp: In member function ‚Äòint imsee_module::IMSEE::CopyParams(std::shared_ptr<sensor_srvs::ImseeParamSrv::Response>, unsigned char*)‚Äô:
/root/workspace/workspace/cafer-6601-embeded/rubby_sensor_6601/sensor/core/imsee/src/imsee.cpp:419:1: warning: no return statement in function returning non-void [-Wreturn-type]
  419 | }
      | ^
/root/workspace/workspace/cafer-6601-embeded/rubby_sensor_6601/sensor/core/imsee/src/imsee.cpp: In member function ‚Äòvirtual int imsee_module::IMSEE::GetParams(std::shared_ptr<sensor_srvs::ImseeParamSrv::Response>)‚Äô:
/root/workspace/workspace/cafer-6601-embeded/rubby_sensor_6601/sensor/core/imsee/src/imsee.cpp:458:16: warning: comparison of integer expressions of different signedness: ‚Äòint‚Äô and ‚Äòsize_t‚Äô {aka ‚Äòlong unsigned int‚Äô} [-Wsign-compare]
  458 |     if (retLen != len) {
      |         ~~~~~~~^~~~~~
[ 89%] Built target multi_main
/root/workspace/workspace/cafer-6601-embeded/rubby_sensor_6601/sensor/core/imsee/src/imsee.cpp: In member function ‚Äòint imsee_module::IMSEE::UnexportGpio()‚Äô:
/root/workspace/workspace/cafer-6601-embeded/rubby_sensor_6601/sensor/core/imsee/src/imsee.cpp:782:7: warning: unused variable ‚Äòret‚Äô [-Wunused-variable]
  782 |   int ret = system("echo 0 > /sys/class/gpio/gpio422/value");
      |       ^~~
/root/workspace/workspace/cafer-6601-embeded/rubby_sensor_6601/sensor/core/imsee/src/imsee.cpp: In member function ‚Äòint imsee_module::IMSEE::OpenCamera(int, int, int)‚Äô:
/root/workspace/workspace/cafer-6601-embeded/rubby_sensor_6601/sensor/core/imsee/src/imsee.cpp:1181:46: warning: ‚Äòvoid* memset(void*, int, size_t)‚Äô clearing an object of non-trivial type ‚Äòstruct imsee_module::ImgDataType‚Äô; use assignment or value-initialization instead [-Wclass-memaccess]
 1181 |   memset(&camera_data, 0, sizeof(ImgDataType));
      |                                              ^
In file included from /root/workspace/workspace/cafer-6601-embeded/rubby_sensor_6601/sensor/core/imsee/src/imsee.cpp:1:
/root/workspace/workspace/cafer-6601-embeded/rubby_sensor_6601/sensor/core/imsee/src/imsee.hpp:51:8: note: ‚Äòstruct imsee_module::ImgDataType‚Äô declared here
   51 | struct ImgDataType {
      |        ^~~~~~~~~~~
In file included from /root/workspace/workspace/cafer-6601-embeded/rubby_sensor_6601/sensor/core/imsee/../common/TimeUsedCheck.hpp:5,
                 from /root/workspace/workspace/cafer-6601-embeded/rubby_sensor_6601/sensor/core/imsee/../common/EmbLib.hpp:10,
                 from /root/workspace/workspace/cafer-6601-embeded/rubby_sensor_6601/sensor/core/imsee/src/imsee.hpp:8,
                 from /root/workspace/workspace/cafer-6601-embeded/rubby_sensor_6601/sensor/core/imsee/src/imsee.cpp:1:
/root/workspace/workspace/cafer-6601-embeded/rubby_sensor_6601/sensor/core/imsee/src/imsee.cpp: In member function ‚Äòvoid imsee_module::IMSEE::ImgRecieveTask()‚Äô:
/root/workspace/workspace/cafer-6601-embeded/rubby_sensor_6601/sensor/core/imsee/../common/RobotDebug.hpp:109:155: warning: format ‚Äò%d‚Äô expects argument of type ‚Äòint‚Äô, but argument 7 has type ‚Äòsize_t‚Äô {aka ‚Äòlong unsigned int‚Äô} [-Wformat=]
  109 | #define RobotWARN(format, ...) {if(EmbLog::GetInstance()->GetLogSwitch() && (LOG_LEVEL_WARN >= EmbLog::GetInstance()->GetLogMinLevel()))  fprintf(stdout, "%lu [%s:%d/%s] [sensors] " LOG_COLOR_BOLDYELLOW format LOG_COLOR_RESET "\n", GetSystimeMs(), basename((char *)__FILE__), __LINE__, __FUNCTION__, ##__VA_ARGS__);}
      |                                                                                                                                                           ^~~~~~~~~~~~~~~~~~~~~~~~~~~~~~~~~~~~~~~~~~~~~~~~~~~~~~~~~~~~~~~~~~~~~~~~~~~~
/root/workspace/workspace/cafer-6601-embeded/rubby_sensor_6601/sensor/core/imsee/src/imsee.cpp:1263:9: note: in expansion of macro ‚ÄòRobotWARN‚Äô
 1263 |         RobotWARN("the img will be droped for data lost %d<%d", frame->data_bytes, imagesize);
      |         ^~~~~~~~~
/root/workspace/workspace/cafer-6601-embeded/rubby_sensor_6601/sensor/core/imsee/src/imsee.cpp:1263:58: note: format string is defined here
 1263 |         RobotWARN("the img will be droped for data lost %d<%d", frame->data_bytes, imagesize);
      |                                                         ~^
      |                                                          |
      |                                                          int
      |                                                         %ld
/root/workspace/workspace/cafer-6601-embeded/rubby_sensor_6601/sensor/core/imsee/src/imsee.cpp: In member function ‚Äòint imsee_module::IMSEE::GetEncryptSerialNum(uint8_t*)‚Äô:
/root/workspace/workspace/cafer-6601-embeded/rubby_sensor_6601/sensor/core/imsee/src/imsee.cpp:2087:11: warning: unused variable ‚Äòval‚Äô [-Wunused-variable]
 2087 |   uint8_t val = 0;
      |           ^~~
In file included from /root/workspace/workspace/cafer-6601-embeded/rubby_sensor_6601/sensor/core/mcudata/McuDataDriver.cpp:8:
/root/workspace/workspace/cafer-6601-embeded/rubby_sensor_6601/sensor/core/mcudata/McuDataDriver.hpp: In constructor ‚Äòemb_node::McuDataDriver::McuDataDriver()‚Äô:
/root/workspace/workspace/cafer-6601-embeded/rubby_sensor_6601/sensor/core/mcudata/McuDataDriver.hpp:20:7: warning: ‚Äòemb_node::McuDataDriver::per_byte_timeout‚Äô will be initialized after [-Wreorder]
   20 |   int per_byte_timeout;
      |       ^~~~~~~~~~~~~~~~
/root/workspace/workspace/cafer-6601-embeded/rubby_sensor_6601/sensor/core/mcudata/McuDataDriver.hpp:14:26: warning:   ‚Äòrobot_driver::BaudRate emb_node::McuDataDriver::baud_rate‚Äô [-Wreorder]
   14 |   robot_driver::BaudRate baud_rate;
      |                          ^~~~~~~~~
/root/workspace/workspace/cafer-6601-embeded/rubby_sensor_6601/sensor/core/mcudata/McuDataDriver.cpp:18:1: warning:   when initialized here [-Wreorder]
   18 | McuDataDriver::McuDataDriver(/* args */)
      | ^~~~~~~~~~~~~
/root/workspace/workspace/cafer-6601-embeded/rubby_sensor_6601/sensor/core/mcudata/McuDataDriver.cpp: In member function ‚Äòint emb_node::McuDataDriver::start()‚Äô:
/root/workspace/workspace/cafer-6601-embeded/rubby_sensor_6601/sensor/core/mcudata/McuDataDriver.cpp:153:1: warning: control reaches end of non-void function [-Wreturn-type]
  153 | }
      | ^
/root/workspace/workspace/cafer-6601-embeded/rubby_sensor_6601/sensor/core/mcudata/McuDataProtocol.cpp: In member function ‚Äòint emb_node::McuDataProtocol::SendTime(uint64_t&)‚Äô:
/root/workspace/workspace/cafer-6601-embeded/rubby_sensor_6601/sensor/core/mcudata/McuDataProtocol.cpp:26:12: warning: unused variable ‚Äònow‚Äô [-Wunused-variable]
   26 |   uint16_t now = time >> 16;
      |            ^~~
/root/workspace/workspace/cafer-6601-embeded/rubby_sensor_6601/sensor/core/mcudata/McuDataProtocol.cpp: In member function ‚Äòbool emb_node::McuDataProtocol::crccheck(uint8_t*, int)‚Äô:
/root/workspace/workspace/cafer-6601-embeded/rubby_sensor_6601/sensor/core/mcudata/McuDataProtocol.cpp:78:36: warning: suggest parentheses around arithmetic in operand of ‚Äò|‚Äô [-Wparentheses]
   78 |   if (crc != ((data[len - 2] << 8) & 0xff00 | data[len - 1])) {
      |               ~~~~~~~~~~~~~~~~~~~~~^~~~~~~~
[ 90%] Linking CXX shared library ../../../../install/lib/arm/libMcuData.so
[ 90%] Built target McuData
[ 92%] Linking CXX shared library ../../../../../install/lib/arm/libimsee.so
[ 92%] Built target imsee
make: *** [Makefile:84: all] Error 2
Build step 'Execute shell' marked build as failure
Finished: FAILURE
