Started by user [8mha:////4CFIeE4slF9DtLnLHkbNQS5lxCwZ+wh2AfMK1CYJ5ArjAAAAnh+LCAAAAAAAAP9b85aBtbiIQTGjNKU4P08vOT+vOD8nVc83PyU1x6OyILUoJzMv2y+/JJUBAhiZGBgqihhk0NSjKDWzXb3RdlLBUSYGJk8GtpzUvPSSDB8G5tKinBIGIZ+sxLJE/ZzEvHT94JKizLx0a6BxUmjGOUNodHsLgAzmEgZh/dLi1CL94gygyVUZifmFmYl5AIQiQPfIAAAA[0mÁª≥Âè¨Ë∞¶
Rebuilds build #[8mha:////4C3rlKOozsQlnZCaLjuhzMHXNayxnz6crra9fbPVhf3rAAAAsh+LCAAAAAAAAP9b85aBtbiIQTGjNKU4P08vOT+vOD8nVc83PyU1x6OyILUoJzMv2y+/JJUBAhiZGBgqihhk0NSjKDWzXb3RdlLBUSYGJk8GtpzUvPSSDB8G5tKinBIGIZ+sxLJE/ZzEvHT94JKizLx0a6BxUmjGOUNodHsLgAymEgZ1/bLM1HL94pRs/az8JP3kxNzUokTd3PyU0pzUeKCorrGpmZm+hTkAh0yPK9wAAAA=[0m87
Running as SYSTEM
Building remotely on [8mha:////4EAHxU1/vouSQFHA074V3njukDD0XLY2N2KT0Qes+PscAAAAoB+LCAAAAAAAAP9b85aBtbiIQTGjNKU4P08vOT+vOD8nVc83PyU1x6OyILUoJzMv2y+/JJUBAhiZGBgqihhk0NSjKDWzXb3RdlLBUSYGJk8GtpzUvPSSDB8G5tKinBIGIZ+sxLJE/ZzEvHT94JKizLx0a6BxUmjGOUNodHsLgAyuEgYR/eT83ILSktQi/eSc/NIU3ZLU4hIAjN+VrskAAAA=[0mcloud-test (cloud) in workspace /home/indemind/.jenkins/workspace/camera-module_sdk-3566
[WS-CLEANUP] Deleting project workspace...
[WS-CLEANUP] Deferred wipeout is used...
[WS-CLEANUP] Done
[camera-module_sdk-3566] $ /bin/sh -xe /tmp/jenkins5168964796249521213.sh
+ bash -ex /home/indemind/myscript/build/build.sh
+++ dirname /home/indemind/myscript/build/build.sh
++ cd /home/indemind/myscript/build
++ pwd
+ project_path=/home/indemind/myscript/build
+ . /home/indemind/myscript/build/../sh/cmdb
++ set -x
++ export MYSQL_PWD=123
++ MYSQL_PWD=123
++ export -f cmdb_mysql
+ . /home/indemind/myscript/build/../sh/version-update.sh
++ . /home/indemind/.bashrc
+++ case $- in
+++ return
+ set -ex
+ export -f public_project_update
+ export -f project_build
+ init_project_env
++ date +%Y%m%d
+ DT=20241015
+ UserName=jenkins
+ API_TOKEN=11b65309c9835de9579d9c9038853d9eb7
+ GIT_PRIVATE_TOKEN=emEDrsaJVjxKK5gSWrf-
+ GIT_HOST=192.168.50.191
++ echo camera_module/server
++ awk -F/ '{print $1"%2F"$2}'
+ CONVERT_TARGET_PROJECT=camera_module%2Fserver
++ curl -XGET -H 'Content-Type: application/json' --header 'PRIVATE-TOKEN: emEDrsaJVjxKK5gSWrf-' http://192.168.50.191:85/api/v4/projects/camera_module%2Fserver
++ python -c 'import sys, json; print(json.load(sys.stdin)["id"])'
  % Total    % Received % Xferd  Average Speed   Time    Time     Time  Current
                                 Dload  Upload   Total   Spent    Left  Speed
  0     0    0     0    0     0      0      0 --:--:-- --:--:-- --:--:--     0100  3152    0  3152    0     0  33892      0 --:--:-- --:--:-- --:--:-- 34260
+ SUB_PROJECT_ID=1122
+ '[' -z ']'
+ SOURCE_DIR=/home/indemind/.jenkins/workspace/camera-module_sdk-3566/sdk_plubins
+ TARGET_DIR=/home/indemind/.jenkins/workspace/camera-module_sdk-3566/server
+ prepare_env
++ uname -m
+ system_platform=x86_64
+ :
++ cat /proc/cpuinfo
++ grep processor
++ sort
++ uniq
++ wc -l
+ mt=-j4
+ export COMMIT_ID_FILE=/home/indemind/.jenkins/workspace/camera-module_sdk-3566/_last_build_id
+ COMMIT_ID_FILE=/home/indemind/.jenkins/workspace/camera-module_sdk-3566/_last_build_id
+ export COMMIT_MSG_FILE=/home/indemind/.jenkins/workspace/camera-module_sdk-3566/_commit-msg
+ COMMIT_MSG_FILE=/home/indemind/.jenkins/workspace/camera-module_sdk-3566/_commit-msg
+ export COMMIT_MSG_FILE_TMP=/home/indemind/.jenkins/workspace/camera-module_sdk-3566/_commit-msg.tmp
+ COMMIT_MSG_FILE_TMP=/home/indemind/.jenkins/workspace/camera-module_sdk-3566/_commit-msg.tmp
+ rm -f /home/indemind/.jenkins/workspace/camera-module_sdk-3566/_last_build_id
+ rm -f /home/indemind/.jenkins/workspace/camera-module_sdk-3566/_commit-msg
+ rm -f /home/indemind/.jenkins/workspace/camera-module_sdk-3566/_commit-msg.tmp
+ rm -f /home/indemind/.jenkins/workspace/camera-module_sdk-3566/result.log
+ rm -f /home/indemind/.jenkins/workspace/camera-module_sdk-3566/no_code_change.log
+ sign_env
+ CONFIG_DIR_SET=/home/indemind/system
+ CONFIG_BRANCH=mind_os
+ CLONE_DEPTH=--depth=1
+ CONFIG_DIR=/home/indemind/system/i18rconfig
+ CONFIG_REMOTE='git clone ssh://git@192.168.50.191:222/AroundI18RProject/i18rconfig /home/indemind/system/i18rconfig -b mind_os --depth=1'
+ [[ x86_64 =~ x86_64 ]]
+ ENCRYPTION_TOOL=/home/indemind/system/i18rconfig/encrypt_x64
+ CLONE_DEPTH=--depth=1
+ PUBLICBASETYPES_DIR=/home/indemind/system/I18RPublicBaseTypes
+ cmdb_mysql 'insert into prebuild(job_name,source_project,source_branch,target_project,target_branch,time,build_url,node_name,build_user) values ('\''camera-module_sdk-3566'\'','\''abby/source/sdk_plubins'\'','\''production_tool'\'','\''camera_module/server'\'','\''module_laser_production_tool'\'',now(),'\''http://192.168.50.191:8088/job/camera-module_sdk-3566/88/'\'','\''cloud-test'\'','\''shengzhaoqian'\'')'
+ set +x
+ DOCKER_CONTAINER_I18=build-x64-18.04
+ DOCKER_CONTAINER_RUBBY=c405
+ DOCKER_CONTAINER_RUBBY_INSIDE=c3566
+ DOCKER_CONTAINER_JAVA=node
+ JENKINS_JOB_A=mind
+ JENKINS_JOB_B=rbn
+ JENKINS_JOB_C=mark-check-tools
+ JENKINS_JOB_D=java
+ JENKINS_JOB_E=clean_recorder
+ JENKINS_JOB_F=i18r
+ JENKINS_JOB_G=nodejs
+ JENKINS_JOB_H=_ui
+ JENKINS_JOB_L=i12r
+ [[ camera-module_sdk-3566 =~ mind ]]
+ '[' true = false ']'
+ source_project_fetch
+ git clone ssh://git@192.168.50.191:222/abby/source/sdk_plubins -b production_tool --depth=1
Cloning into 'sdk_plubins'...
+ target_project_update
+ rm -rf /home/indemind/.jenkins/workspace/camera-module_sdk-3566/server
+ target_project_fetch
+ git clone ssh://git@192.168.50.191:222/camera_module/server -b module_laser_production_tool --depth=1
Cloning into 'server'...
+ insert_db
+ pushd /home/indemind/.jenkins/workspace/camera-module_sdk-3566/sdk_plubins
~/.jenkins/workspace/camera-module_sdk-3566/sdk_plubins ~/.jenkins/workspace/camera-module_sdk-3566
++ cmdb_mysql 'SELECT first_commit_id FROM prebuild where source_project='\''abby/source/sdk_plubins'\'' and source_branch='\''production_tool'\'' and target_project='\''camera_module/server'\'' and target_branch='\''module_laser_production_tool'\'' and status='\''0'\'' and job_name='\''camera-module_sdk-3566'\'' order by id desc limit 1;'
++ set +x
+ version='first_commit_id
27a745b'
++ echo first_commit_id 27a745b
++ awk -F ' ' '{print $2}'
+ version=27a745b
++ git log -1 --pretty=format:%h
+ first_commit_id_now=23f927f
+ cmdb_mysql 'update prebuild set first_commit_id='\''23f927f'\'' where build_url='\''http://192.168.50.191:8088/job/camera-module_sdk-3566/88/'\'';'
+ set +x
+ popd
~/.jenkins/workspace/camera-module_sdk-3566
+ [[ x86_64 =~ x86_64 ]]
+ docker exec -i c3566 /bin/bash
++ cat /home/indemind/system/i18rconfig/encryption.list
cat: /home/indemind/system/i18rconfig/encryption.list: No such file or directory
++ cat /home/indemind/system/i18rconfig/encryption.list
cat: /home/indemind/system/i18rconfig/encryption.list: No such file or directory
+ pushd /home/indemind/.jenkins/workspace/camera-module_sdk-3566/sdk_plubins
/home/indemind/.jenkins/workspace/camera-module_sdk-3566/sdk_plubins /
+ git submodule update --init --recursive
Submodule 'submodules/abby_msg' (http://192.168.50.191:85/abby/source/abby_msg.git) registered for path 'submodules/abby_msg'
Submodule 'submodules/protocol' (http://192.168.50.191:85/abby/source/app_protocol.git) registered for path 'submodules/protocol'
Cloning into '/home/indemind/.jenkins/workspace/camera-module_sdk-3566/sdk_plubins/submodules/abby_msg'...
Cloning into '/home/indemind/.jenkins/workspace/camera-module_sdk-3566/sdk_plubins/submodules/protocol'...
Submodule path 'submodules/abby_msg': checked out 'be865ef517e2f7dd63fee809ce27821edec24ddd'
Submodule path 'submodules/protocol': checked out '8be21163b992d50e2a330bb85dbaf6f8be9d75f5'
+ git submodule update --remote
Submodule path 'submodules/abby_msg': checked out '6d76627c4866e0bb30550a7b20de322bfd033e7d'
Submodule path 'submodules/protocol': checked out 'c79dfd8b90f1e14c353a3d64f4d6ddb7418d05f1'
+ sed -i 's/make -j[0-9].*/make -j4/g' build.sh
+ source /opt/ros/melodic/setup.bash
+ bash -ex build.sh
+ set -ex
+ git submodule update --init --recursive
Submodule path 'submodules/abby_msg': checked out 'be865ef517e2f7dd63fee809ce27821edec24ddd'
Submodule path 'submodules/protocol': checked out '8be21163b992d50e2a330bb85dbaf6f8be9d75f5'
+ git submodule update --remote
Submodule path 'submodules/abby_msg': checked out '6d76627c4866e0bb30550a7b20de322bfd033e7d'
Submodule path 'submodules/protocol': checked out 'c79dfd8b90f1e14c353a3d64f4d6ddb7418d05f1'
+ BuildDir=build
+ '[' -d build ']'
+ echo 'build is not exist.'
build is not exist.
+ mkdir build
+ cppcheck ./plugins --enable=all --output-file=sdk_cppcheck_info.txt --xml
Checking plugins/exception_manager/src/ExceptionManagerNode.cpp ...
1/96 files checked 1% done
Checking plugins/exception_manager/src/exception/ExceptionManager.cpp ...
2/96 files checked 2% done
Checking plugins/hmi/src/HMINode.cpp ...
3/96 files checked 3% done
Checking plugins/hmi/src/hmi/auto/auto_control.cpp ...
Checking plugins/hmi/src/hmi/auto/auto_control.cpp: CONFIG_USE_HMI_SIMULATOR...
4/96 files checked 4% done
Checking plugins/hmi/src/hmi/common_client.cpp ...
5/96 files checked 5% done
Checking plugins/hmi/src/hmi/hmi_manager.cpp ...
6/96 files checked 6% done
Checking plugins/hmi/src/hmi/manual/manual_control.cpp ...
7/96 files checked 7% done
Checking plugins/hmi/src/hmi/manual/manual_set.cpp ...
8/96 files checked 8% done
Checking plugins/hmi/src/hmi/otherClient/DirtyClient.cpp ...
9/96 files checked 9% done
Checking plugins/hmi/src/hmi/otherClient/PpClient.cpp ...
10/96 files checked 10% done
Checking plugins/hmi/src/hmi/otherClient/SensorClient.cpp ...
11/96 files checked 11% done
Checking plugins/hmi/src/hmi/otherClient/laserclient.cpp ...
12/96 files checked 12% done
Checking plugins/hmi/src/hmi/self_check.cpp ...
13/96 files checked 13% done
Checking plugins/hmi/src/terminal/Terminal.cpp ...
14/96 files checked 14% done
Checking plugins/map/src/MapNode.cpp ...
15/96 files checked 15% done
Checking plugins/map/src/map_manager/CostmapServer.cpp ...
16/96 files checked 16% done
Checking plugins/map/src/map_manager/InspectionHelper.cpp ...
17/96 files checked 17% done
Checking plugins/map/src/map_manager/MapManager.cpp ...
18/96 files checked 18% done
Checking plugins/map/src/map_manager/Outline.cpp ...
19/96 files checked 19% done
Checking plugins/map/src/map_manager/PointCloudHelper.cpp ...
20/96 files checked 20% done
Checking plugins/map/src/map_manager/SceneDataHelper.cpp ...
21/96 files checked 21% done
Checking plugins/map/src/map_manager/SceneHelper.cpp ...
22/96 files checked 22% done
Checking plugins/mind_sdk/src/mind_sdk.cpp ...
23/96 files checked 23% done
Checking plugins/monitor_resource/src/ResourceMonitor/ResourceMonitor.cpp ...
24/96 files checked 25% done
Checking plugins/monitor_resource/src/ResourceMonitorNode.cpp ...
25/96 files checked 26% done
Checking plugins/monitor_topic/src/TopicMonitor/TopicMonitor.cpp ...
26/96 files checked 27% done
Checking plugins/monitor_topic/src/TopicMonitorNode.cpp ...
27/96 files checked 28% done
Checking plugins/production_tool/src/ProductionToolNode.cpp ...
28/96 files checked 29% done
Checking plugins/production_tool/src/production_tool/otherClient/SensorClient.cpp ...
29/96 files checked 30% done
Checking plugins/production_tool/src/production_tool/productionTool.cpp ...
30/96 files checked 31% done
Checking plugins/production_tool/src/production_tool/selfCheck/self_check.cpp ...
31/96 files checked 32% done
Checking plugins/ros/src/RosNode.cpp ...
32/96 files checked 33% done
Checking plugins/sdk/src/SdkNode.cpp ...
33/96 files checked 34% done
Checking plugins/sdk/src/sdk/client/DirtyClient.cpp ...
34/96 files checked 35% done
Checking plugins/sdk/src/sdk/client/PpClient.cpp ...
35/96 files checked 36% done
Checking plugins/sdk/src/sdk/client/SensorClient.cpp ...
36/96 files checked 37% done
Checking plugins/sdk/src/sdk/client/common_client.cpp ...
37/96 files checked 38% done
Checking plugins/sdk/src/sdk/client/laserclient.cpp ...
38/96 files checked 39% done
Checking plugins/sdk/src/sdk/light_health_manager/lighthealthmanager.cpp ...
39/96 files checked 40% done
Checking plugins/sdk/src/sdk/sdkmanager.cpp ...
40/96 files checked 41% done
Checking plugins/sdk/src/sdk/self_test/selftest.cpp ...
41/96 files checked 42% done
Checking plugins/senmatic_convert/src/ConvertNode.cpp ...
42/96 files checked 43% done
Checking plugins/senmatic_convert/src/SenmaticConvert.cpp ...
43/96 files checked 44% done
Checking plugins/state/src/Context.cpp ...
44/96 files checked 45% done
Checking plugins/state/src/StateNode.cpp ...
45/96 files checked 46% done
Checking plugins/state/src/state/components/Entity.cpp ...
46/96 files checked 47% done
Checking plugins/state/src/state/components/Relocation.cpp ...
47/96 files checked 48% done
Checking plugins/state/src/state/components/Rotate.cpp ...
48/96 files checked 50% done
Checking plugins/state/src/state/components/Work.cpp ...
49/96 files checked 51% done
Checking plugins/state/src/state/factory/StateFactory.cpp ...
50/96 files checked 52% done
Checking plugins/state/src/state/state/clean/CleaningState.cpp ...
51/96 files checked 53% done
Checking plugins/state/src/state/state/clean_partition/CleanPartitionState.cpp ...
52/96 files checked 54% done
Checking plugins/state/src/state/state/clean_region/CleanRegionState.cpp ...
53/96 files checked 55% done
Checking plugins/state/src/state/state/common/DepthClient.cpp ...
54/96 files checked 56% done
Checking plugins/state/src/state/state/common/DirtyClient.cpp ...
55/96 files checked 57% done
Checking plugins/state/src/state/state/common/JsClient.cpp ...
56/96 files checked 58% done
Checking plugins/state/src/state/state/common/Maintenance.cpp ...
57/96 files checked 59% done
Checking plugins/state/src/state/state/common/NavClient.cpp ...
58/96 files checked 60% done
Checking plugins/state/src/state/state/common/OtherClient.cpp ...
59/96 files checked 61% done
Checking plugins/state/src/state/state/common/PpClient.cpp ...
60/96 files checked 62% done
Checking plugins/state/src/state/state/common/SemanticMapClient.cpp ...
61/96 files checked 63% done
Checking plugins/state/src/state/state/common/SensorClient.cpp ...
62/96 files checked 64% done
Checking plugins/state/src/state/state/common/SlamClient.cpp ...
63/96 files checked 65% done
Checking plugins/state/src/state/state/fault/FaultState.cpp ...
64/96 files checked 66% done
Checking plugins/state/src/state/state/fault2/Fault2State.cpp ...
65/96 files checked 67% done
Checking plugins/state/src/state/state/maintenance/MaintenanceState.cpp ...
66/96 files checked 68% done
Checking plugins/state/src/state/state/manual/ManualState.cpp ...
67/96 files checked 69% done
Checking plugins/state/src/state/state/mapping_clean/MapCleaningState.cpp ...
68/96 files checked 70% done
Checking plugins/state/src/state/state/p2p/P2pState.cpp ...
69/96 files checked 71% done
Checking plugins/state/src/state/state/quick_map/QuickMapState.cpp ...
70/96 files checked 72% done
Checking plugins/state/src/state/state/ready/ReadyState.cpp ...
71/96 files checked 73% done
Checking plugins/state/src/state/state/remote/RemoteState.cpp ...
72/96 files checked 75% done
Checking plugins/state/src/state/state/search/SearchState.cpp ...
73/96 files checked 76% done
Checking plugins/state/src/state/state/self_test/SelfTestState.cpp ...
Checking plugins/state/src/state/state/self_test/SelfTestState.cpp: CONFIG_USE_ZK_ROBOT...
74/96 files checked 77% done
Checking plugins/state/src/state/state/shutdown/ShutdownState.cpp ...
75/96 files checked 78% done
Checking plugins/state/src/state/state/startup/StartupState.cpp ...
76/96 files checked 79% done
Checking plugins/state/src/state/state/station/StationState.cpp ...
77/96 files checked 80% done
Checking plugins/state/src/state/state/visitation/SelfVisitationState.cpp ...
78/96 files checked 81% done
Checking plugins/state/src/state/state/visitation/VisitationState.cpp ...
79/96 files checked 82% done
Checking plugins/system/integration/src/SystemNode.cpp ...
80/96 files checked 83% done
Checking plugins/system/integration/src/config/ConfigManager.cpp ...
81/96 files checked 84% done
Checking plugins/system/integration/src/log/LogManager.cpp ...
82/96 files checked 85% done
Checking plugins/system/integration/src/ota/OTAManager.cpp ...
83/96 files checked 86% done
Checking plugins/system/integration/src/time/TimeSetting.cpp ...
84/96 files checked 87% done
Checking plugins/system/test/src/SystemNode.cpp ...
85/96 files checked 88% done
Checking plugins/system/test/src/log/LogManager.cpp ...
86/96 files checked 89% done
Checking plugins/system/test/src/ota/OTAManager.cpp ...
87/96 files checked 90% done
Checking plugins/system/test/src/time/TimeSetting.cpp ...
88/96 files checked 91% done
Checking plugins/task/src/TaskNode.cpp ...
89/96 files checked 92% done
Checking plugins/task/src/task_manager/Scheduled.cpp ...
90/96 files checked 93% done
Checking plugins/task/src/task_manager/Task.cpp ...
91/96 files checked 94% done
Checking plugins/task/src/task_manager/TaskManager.cpp ...
92/96 files checked 95% done
Checking plugins/task/src/task_manager/Timer.cpp ...
93/96 files checked 96% done
Checking plugins/util/SqliteHelper.cpp ...
94/96 files checked 97% done
Checking plugins/work_log/src/WorkLog/WorkLog.cpp ...
95/96 files checked 98% done
Checking plugins/work_log/src/WorkLogNode.cpp ...
96/96 files checked 100% done
+ cd build
+ cmake -DBUILD_ROS_NODE=OFF -DUSE_ZK_ROBOT=OFF -DUSE_HMI_SIMULATOR=OFF ..
-- The C compiler identification is GNU 7.5.0
-- The CXX compiler identification is GNU 7.5.0
-- Detecting C compiler ABI info
-- Detecting C compiler ABI info - done
-- Check for working C compiler: /usr/bin/cc - skipped
-- Detecting C compile features
-- Detecting C compile features - done
-- Detecting CXX compiler ABI info
-- Detecting CXX compiler ABI info - done
-- Check for working CXX compiler: /usr/bin/c++ - skipped
-- Detecting CXX compile features
-- Detecting CXX compile features - done
-- HOST_ARCH: armv8
-- BUILD_ROS_NODE=OFF
-- Configuring done
-- Generating done
CMake Warning:
  Manually-specified variables were not used by the project:

    USE_HMI_SIMULATOR
    USE_ZK_ROBOT


-- Build files have been written to: /home/indemind/.jenkins/workspace/camera-module_sdk-3566/sdk_plubins/build
+ make -j4
[ 18%] Building CXX object plugins/system/integration/CMakeFiles/sys_plugin.dir/src/SystemNode.cpp.o
[ 18%] Building CXX object plugins/production_tool/CMakeFiles/production_tool_plugin.dir/src/ProductionToolNode.cpp.o
[ 36%] Building CXX object plugins/production_tool/CMakeFiles/production_tool_plugin.dir/src/production_tool/productionTool.cpp.o
[ 36%] Building CXX object plugins/system/integration/CMakeFiles/sys_plugin.dir/src/log/LogManager.cpp.o
[ 45%] Building CXX object plugins/production_tool/CMakeFiles/production_tool_plugin.dir/src/production_tool/selfCheck/self_check.cpp.o
/home/indemind/.jenkins/workspace/camera-module_sdk-3566/sdk_plubins/plugins/production_tool/src/production_tool/productionTool.cpp: In member function 'void module_product_tool::ProductionToolManager::OnSensorColorImg(mind_os::ConstPtr<sensor_msgs::SingleImgMsg>&)':
/home/indemind/.jenkins/workspace/camera-module_sdk-3566/sdk_plubins/plugins/production_tool/src/production_tool/productionTool.cpp:465:70: error: expression cannot be used as a function
         SLOG(INFO) << __func__ << "Ôºå Img wight: " << msg->img.cols() << ", Img height: " << msg->img.rows;
                                                                      ^
/home/indemind/.jenkins/workspace/camera-module_sdk-3566/sdk_plubins/plugins/production_tool/src/production_tool/productionTool.cpp: In member function 'void module_product_tool::ProductionToolManager::OnSensorDustImg(mind_os::ConstPtr<sensor_msgs::ImgMsg>&)':
/home/indemind/.jenkins/workspace/camera-module_sdk-3566/sdk_plubins/plugins/production_tool/src/production_tool/productionTool.cpp:476:61: error: 'using element_type = const struct sensor_msgs::ImgMsg {aka const struct sensor_msgs::ImgMsg}' has no member named 'img'; did you mean 'imageL'?
         SLOG(INFO) << __func__ << "Ôºå Img wight: " << msg->img.cols() << ", Img height: " << msg->img.rows;
                                                             ^~~
                                                             imageL
/home/indemind/.jenkins/workspace/camera-module_sdk-3566/sdk_plubins/plugins/production_tool/src/production_tool/productionTool.cpp:476:100: error: 'using element_type = const struct sensor_msgs::ImgMsg {aka const struct sensor_msgs::ImgMsg}' has no member named 'img'; did you mean 'imageL'?
         SLOG(INFO) << __func__ << "Ôºå Img wight: " << msg->img.cols() << ", Img height: " << msg->img.rows;
                                                                                                    ^~~
                                                                                                    imageL
/home/indemind/.jenkins/workspace/camera-module_sdk-3566/sdk_plubins/plugins/production_tool/src/production_tool/productionTool.cpp: In member function 'void module_product_tool::ProductionToolManager::OnSensorLaserImg(mind_os::ConstPtr<sensor_msgs::SingleImgMsg>&)':
/home/indemind/.jenkins/workspace/camera-module_sdk-3566/sdk_plubins/plugins/production_tool/src/production_tool/productionTool.cpp:487:70: error: expression cannot be used as a function
         SLOG(INFO) << __func__ << "Ôºå Img wight: " << msg->img.cols() << ", Img height: " << msg->img.rows;
                                                                      ^
[ 54%] Building CXX object plugins/system/integration/CMakeFiles/sys_plugin.dir/src/time/TimeSetting.cpp.o
[ 63%] Building CXX object plugins/system/integration/CMakeFiles/sys_plugin.dir/src/ota/OTAManager.cpp.o
[ 72%] Building CXX object plugins/system/integration/CMakeFiles/sys_plugin.dir/src/config/ConfigManager.cpp.o
plugins/production_tool/CMakeFiles/production_tool_plugin.dir/build.make:89: recipe for target 'plugins/production_tool/CMakeFiles/production_tool_plugin.dir/src/production_tool/productionTool.cpp.o' failed
make[2]: *** [plugins/production_tool/CMakeFiles/production_tool_plugin.dir/src/production_tool/productionTool.cpp.o] Error 1
make[2]: *** Waiting for unfinished jobs....
CMakeFiles/Makefile2:115: recipe for target 'plugins/production_tool/CMakeFiles/production_tool_plugin.dir/all' failed
make[1]: *** [plugins/production_tool/CMakeFiles/production_tool_plugin.dir/all] Error 2
make[1]: *** Waiting for unfinished jobs....
[ 81%] Linking CXX shared library ../../../../lib/arm/libsys_plugin.so
[ 81%] Built target sys_plugin
Makefile:90: recipe for target 'all' failed
make: *** [all] Error 2
+ echo 0
+ [[ camera-module_sdk-3566 =~ mind ]]
+ popd
/
+ exit
+ [[ -f /home/indemind/.jenkins/workspace/camera-module_sdk-3566/no_code_change.log ]]
+ check_status_code
+ test -f /home/indemind/.jenkins/workspace/camera-module_sdk-3566/result.log
+ echo 'containge build is error'
containge build is error
+ exit 1
Build step 'Execute shell' marked build as failure
Finished: FAILURE
