Started by user [8mha:////4J37n/xyc40GiTWrHjLIQmOG+/hPaWBR3H9uGkYUyOgfAAAAmx+LCAAAAAAAAP9b85aBtbiIQTGjNKU4P08vOT+vOD8nVc83PyU1x6OyILUoJzMv2y+/JJUBAhiZGBgqihhk0NSjKDWzXb3RdlLBUSYGJk8GtpzUvPSSDB8G5tKinBIGIZ+sxLJE/ZzEvHT94JKizLx0a6BxUmjGOUNodHsLgAzmEgZB/dLi1CL9qozE/IpMEM4DAHMU/gHGAAAA[0mèµµæ™“æ˜•
Rebuilds build #[8mha:////4I/rEBcOdlkg7NGSsZQrinlqLEbocKvHX/RTka5R7ttOAAAAsB+LCAAAAAAAAP9b85aBtbiIQTGjNKU4P08vOT+vOD8nVc83PyU1x6OyILUoJzMv2y+/JJUBAhiZGBgqihhk0NSjKDWzXb3RdlLBUSYGJk8GtpzUvPSSDB8G5tKinBIGIZ+sxLJE/ZzEvHT94JKizLx0a6BxUmjGOUNodHsLQIwSBg39sszUcv3inMRc/az8JP2i0qSkSl0QNz43saAAaKausamZmb4xAPIIOvHdAAAA[0m3
Running as SYSTEM
Building remotely on [8mha:////4GJECaSXI5jaa88kGHMmbEkdCg31N4g4yVAlsCFwflHgAAAAmR+LCAAAAAAAAP9b85aBtbiIQTGjNKU4P08vOT+vOD8nVc83PyU1x6OyILUoJzMv2y+/JJUBAhiZGBgqihhk0NSjKDWzXb3RdlLBUSYGJk8GtpzUvPSSDB8G5tKinBIGIZ+sxLJE/ZzEvHT94JKizLx0a6BxUmjGOUNodHsLgAzmEgZe/eT83ILSktQifUNLQwA4ziQnwgAAAA==[0m191 (192.168.50.191) in workspace /home/indemind/.jenkins_slave/workspace/rubby-slam_mapping-3566
[WS-CLEANUP] Clean-up disabled, skipping workspace deletion.
No emails were triggered.
[rubby-slam_mapping-3566] $ /bin/sh -xe /tmp/jenkins3051544037525432529.sh
+ bash -ex /home/indemind/myscript/build/build.sh
+++ dirname /home/indemind/myscript/build/build.sh
++ cd /home/indemind/myscript/build
++ pwd
+ project_path=/home/indemind/myscript/build
+ . /home/indemind/myscript/build/../sh/cmdb
++ set -x
++ export MYSQL_PWD=123
++ MYSQL_PWD=123
++ export -f cmdb_mysql
+ set -ex
+ export -f public_project_update
+ export -f project_build
+ init_project_env
++ date +%Y%m%d
+ DT=20231114
+ UserName=jenkins
+ API_TOKEN=11b65309c9835de9579d9c9038853d9eb7
+ GIT_PRIVATE_TOKEN=emEDrsaJVjxKK5gSWrf-
+ GIT_HOST=192.168.50.191
++ echo abby/integration/slammapping
++ awk -F/ '{print $1"%2F"$2}'
+ CONVERT_TARGET_PROJECT=abby%2Fintegration
++ curl -XGET -H 'Content-Type: application/json' --header 'PRIVATE-TOKEN: emEDrsaJVjxKK5gSWrf-' http://192.168.50.191:85/api/v4/projects/abby%2Fintegration
++ python -c 'import sys, json; print(json.load(sys.stdin)["id"])'
  % Total    % Received % Xferd  Average Speed   Time    Time     Time  Current
                                 Dload  Upload   Total   Spent    Left  Speed
  0     0    0     0    0     0      0      0 --:--:-- --:--:-- --:--:--     0100    35  100    35    0     0   1049      0 --:--:-- --:--:-- --:--:--  1093
Traceback (most recent call last):
  File "<string>", line 1, in <module>
KeyError: 'id'
+ SUB_PROJECT_ID=
+ true
+ '[' -z ']'
+ SOURCE_DIR=/home/indemind/.jenkins_slave/workspace/rubby-slam_mapping-3566/mapping_source_device
+ TARGET_DIR=/home/indemind/.jenkins_slave/workspace/rubby-slam_mapping-3566/slammapping
+ prepare_env
++ uname -m
+ system_platform=x86_64
+ :
++ cat /proc/cpuinfo
++ grep processor
++ sort
++ uniq
++ wc -l
+ mt=-j4
+ export COMMIT_ID_FILE=/home/indemind/.jenkins_slave/workspace/rubby-slam_mapping-3566/_last_build_id
+ COMMIT_ID_FILE=/home/indemind/.jenkins_slave/workspace/rubby-slam_mapping-3566/_last_build_id
+ export COMMIT_MSG_FILE=/home/indemind/.jenkins_slave/workspace/rubby-slam_mapping-3566/_commit-msg
+ COMMIT_MSG_FILE=/home/indemind/.jenkins_slave/workspace/rubby-slam_mapping-3566/_commit-msg
+ export COMMIT_MSG_FILE_TMP=/home/indemind/.jenkins_slave/workspace/rubby-slam_mapping-3566/_commit-msg.tmp
+ COMMIT_MSG_FILE_TMP=/home/indemind/.jenkins_slave/workspace/rubby-slam_mapping-3566/_commit-msg.tmp
+ rm -f /home/indemind/.jenkins_slave/workspace/rubby-slam_mapping-3566/_last_build_id
+ rm -f /home/indemind/.jenkins_slave/workspace/rubby-slam_mapping-3566/_commit-msg
+ rm -f /home/indemind/.jenkins_slave/workspace/rubby-slam_mapping-3566/_commit-msg.tmp
+ rm -f /home/indemind/.jenkins_slave/workspace/rubby-slam_mapping-3566/result.log
+ rm -f /home/indemind/.jenkins_slave/workspace/rubby-slam_mapping-3566/no_code_change.log
+ CLONE_DEPTH=--depth=1
+ PUBLICBASETYPES_DIR=/home/indemind/system/I18RPublicBaseTypes
+ cmdb_mysql 'insert into prebuild(job_name,source_project,source_branch,target_project,target_branch,time,build_url,node_name,build_user) values ('\''rubby-slam_mapping-3566'\'','\''zhaoxiaoxin/mapping_source_device'\'','\''master'\'','\''abby/integration/slammapping'\'','\''master'\'',now(),'\''http://192.168.50.191:8088/job/rubby-slam_mapping-3566/4/'\'','\''191'\'','\''zhaoxiaoxin'\'')'
+ set +x
+ DOCKER_CONTAINER_I18=build-x64-18.04
+ DOCKER_CONTAINER_RUBBY=c405
+ DOCKER_CONTAINER_RUBBY_INSIDE=c3566
+ DOCKER_CONTAINER_JAVA=node
+ JENKINS_JOB_A=mind
+ JENKINS_JOB_B=rbn
+ JENKINS_JOB_C=mark-check-tools
+ JENKINS_JOB_D=java
+ JENKINS_JOB_E=nodejs
+ JENKINS_JOB_F=_ui
+ JENKINS_JOB_G=i12r
+ JENKINS_JOB_E=clean_recorder
+ JENKINS_JOB_F=i18r
+ [[ rubby-slam_mapping-3566 =~ mind ]]
+ '[' false = false ']'
+ source_project_update
+ '[' -d /home/indemind/.jenkins_slave/workspace/rubby-slam_mapping-3566/mapping_source_device ']'
+ pushd /home/indemind/.jenkins_slave/workspace/rubby-slam_mapping-3566/mapping_source_device
~/.jenkins_slave/workspace/rubby-slam_mapping-3566/mapping_source_device ~/.jenkins_slave/workspace/rubby-slam_mapping-3566
+ git checkout ./
+ git pull --rebase
Warning: Permanently added '[192.168.50.191]:222' (ECDSA) to the list of known hosts.
æ¥è‡ª ssh://192.168.50.191:222/zhaoxiaoxin/mapping_source_device
   a9cd702..9258ea3  master     -> origin/master
é¦–å…ˆï¼Œå›žé€€åˆ†æ”¯ä»¥ä¾¿åœ¨ä¸Šé¢é‡æ”¾æ‚¨çš„å·¥ä½œ...
å¿«è¿› master è‡³ 9258ea3dff5eea89dd7fcaee75420477f7010530ã€‚
+ popd
~/.jenkins_slave/workspace/rubby-slam_mapping-3566
+ target_project_update
+ rm -rf /home/indemind/.jenkins_slave/workspace/rubby-slam_mapping-3566/slammapping
+ target_project_fetch
+ git clone ssh://git@192.168.50.191:222/abby/integration/slammapping -b master --depth=1
æ­£å…‹éš†åˆ° 'slammapping'...
Warning: Permanently added '[192.168.50.191]:222' (ECDSA) to the list of known hosts.
+ insert_db
+ pushd /home/indemind/.jenkins_slave/workspace/rubby-slam_mapping-3566/mapping_source_device
~/.jenkins_slave/workspace/rubby-slam_mapping-3566/mapping_source_device ~/.jenkins_slave/workspace/rubby-slam_mapping-3566
++ cmdb_mysql 'SELECT first_commit_id FROM prebuild where source_project='\''zhaoxiaoxin/mapping_source_device'\'' and source_branch='\''master'\'' and target_project='\''abby/integration/slammapping'\'' and target_branch='\''master'\'' and status='\''0'\'' and job_name='\''rubby-slam_mapping-3566'\'' order by id desc limit 1;'
++ set +x
+ version=
++ echo
++ awk -F ' ' '{print $2}'
+ version=
++ git log -1 --pretty=format:%h
+ first_commit_id_now=9258ea3
+ cmdb_mysql 'update prebuild set first_commit_id='\''9258ea3'\'' where build_url='\''http://192.168.50.191:8088/job/rubby-slam_mapping-3566/4/'\'';'
+ set +x
+ popd
~/.jenkins_slave/workspace/rubby-slam_mapping-3566
+ [[ x86_64 =~ x86_64 ]]
+ docker exec -i c3566 /bin/bash
+ [[ c3566 == c405 ]]
+ [[ c3566 == c3566 ]]
+ echo 'rubby project building in c3566......'
rubby project building in c3566......
+ pushd /root/system/abby_msg
~/system/abby_msg /
+ git checkout ./
+ git clean -xdf ./
+ git pull origin master
From ssh://192.168.50.191:222/abby/source/abby_msg
 * branch            master     -> FETCH_HEAD
Already up to date.
+ popd
/
+ pushd /home/indemind/.jenkins_slave/workspace/rubby-slam_mapping-3566/mapping_source_device
/home/indemind/.jenkins_slave/workspace/rubby-slam_mapping-3566/mapping_source_device /
+ git submodule update --init --recursive
fatal: No url found for submodule path 'abby_msg' in .gitmodules
+ git submodule update --remote
+ sed -i 's/make -j[0-9].*/make -j4/g' build.sh
+ '[' x9258ea3 == x ']'
+ source /opt/ros/melodic/setup.bash
+ bash -ex build.sh
+ pwd
/home/indemind/.jenkins_slave/workspace/rubby-slam_mapping-3566/mapping_source_device
+ rm -r build
+ mkdir build
+ cd build
+ cmake ..
-- The C compiler identification is GNU 7.5.0
-- The CXX compiler identification is GNU 7.5.0
-- Check for working C compiler: /usr/bin/cc
-- Check for working C compiler: /usr/bin/cc -- works
-- Detecting C compiler ABI info
-- Detecting C compiler ABI info - done
-- Detecting C compile features
-- Detecting C compile features - done
-- Check for working CXX compiler: /usr/bin/c++
-- Check for working CXX compiler: /usr/bin/c++ -- works
-- Detecting CXX compiler ABI info
-- Detecting CXX compiler ABI info - done
-- Detecting CXX compile features
-- Detecting CXX compile features - done
Build type: Release
-- Performing Test COMPILER_SUPPORTS_CXX17
-- Performing Test COMPILER_SUPPORTS_CXX17 - Success
-- Using flag -std=c++17.
-- Found OpenCV: /usr/local (found suitable version "3.4.3", minimum required is "3.0") 
-- Found Glog: /usr/include  
-- Looking for pthread.h
-- Looking for pthread.h - found
-- Looking for pthread_create
-- Looking for pthread_create - not found
-- Looking for pthread_create in pthreads
-- Looking for pthread_create in pthreads - not found
-- Looking for pthread_create in pthread
-- Looking for pthread_create in pthread - found
-- Found Threads: TRUE  
-- Boost version: 1.65.1
-- Found the following Boost libraries:
--   thread
--   chrono
--   system
--   date_time
--   atomic
-- pcl_DIR=./third_party/pcl/install/share/pcl-1.13
-- Checking for module 'eigen3'
--   Found eigen3, version 3.3.7
-- Found Eigen: /usr/local/include/eigen3 (Required is at least version "3.3") 
-- Eigen found (include: /usr/local/include/eigen3, version: 3.3.7)
-- Boost version: 1.65.1
-- Found the following Boost libraries:
--   system
--   filesystem
--   iostreams
--   serialization
--   regex
-- Checking for module 'flann'
--   No package 'flann' found
-- Could NOT find FLANN (missing: FLANN_LIBRARY FLANN_INCLUDE_DIR) 
CMake Error at third_party/pcl/install/share/pcl-1.13/PCLConfig.cmake:45 (message):
  kdtree is required but flann was not found
Call Stack (most recent call first):
  third_party/pcl/install/share/pcl-1.13/PCLConfig.cmake:351 (pcl_report_not_found)
  third_party/pcl/install/share/pcl-1.13/PCLConfig.cmake:517 (find_external_library)
  CMakeLists.txt:33 (find_package)


-- Configuring incomplete, errors occurred!
See also "/home/indemind/.jenkins_slave/workspace/rubby-slam_mapping-3566/mapping_source_device/build/CMakeFiles/CMakeOutput.log".
See also "/home/indemind/.jenkins_slave/workspace/rubby-slam_mapping-3566/mapping_source_device/build/CMakeFiles/CMakeError.log".
+ echo 0
+ popd
/
+ exit
+ [[ -f /home/indemind/.jenkins_slave/workspace/rubby-slam_mapping-3566/no_code_change.log ]]
+ check_status_code
+ test -f /home/indemind/.jenkins_slave/workspace/rubby-slam_mapping-3566/result.log
+ echo 'containge build is error'
containge build is error
+ exit 1
Build step 'Execute shell' marked build as failure
Email was triggered for: Failure - Any
Sending email for trigger: Failure - Any
Sending email to: qishanqing@indemind.cn lishaohui@indemind.cn
Finished: FAILURE
