Started by user [8mha:////4Lm1PjF07vpMT7+4xhZJyemEeb0IRseeq1OY5P5nJQW/AAAAmh+LCAAAAAAAAP9b85aBtbiIQTGjNKU4P08vOT+vOD8nVc83PyU1x6OyILUoJzMv2y+/JJUBAhiZGBgqihhk0NSjKDWzXb3RdlLBUSYGJk8GtpzUvPSSDB8G5tKinBIGIZ+sxLJE/ZzEvHT94JKizLx0a6BxUmjGOUNodHsLgAyOEgY+/dLi1CL9jNKKzLzK0lQA5/LsIsMAAAA=[0mhuxinyue
Rebuilds build #[8mha:////4KMktDTFB1bnSMavdhnrkXTbSCQRN8FTtQOdPP82u0IuAAAAqB+LCAAAAAAAAP9b85aBtbiIQTGjNKU4P08vOT+vOD8nVc83PyU1x6OyILUoJzMv2y+/JJUBAhiZGBgqihhk0NSjKDWzXb3RdlLBUSYGJk8GtpzUvPSSDB8G5tKinBIGIZ+sxLJE/ZzEvHT94JKizLx0a6BxUmjGOUNodHsLgAzmEgYZ/bLM1HL94uRc/az8JP2CxKLs1KL4xIICfSNzYwBrIh7D0QAAAA==[0m273
Running as SYSTEM
Building remotely on [8mha:////4MPPEh8feJE9uNY0ThUfUuMmeXp+equSlRr0prvRJKt5AAAAoR+LCAAAAAAAAP9b85aBtbiIQTGjNKU4P08vOT+vOD8nVc83PyU1x6OyILUoJzMv2y+/JJUBAhiZGBgqihhk0NSjKDWzXb3RdlLBUSYGJk8GtpzUvPSSDB8G5tKinBIGIZ+sxLJE/ZzEvHT94JKizLx0a6BxUmjGOUNodHsLgAzuEgZR/eT83ILSktQi/eyMxJTEYt3kxCJDAGuOCCPKAAAA[0mkhadas-car1 (car1) in workspace /root/workspace/workspace/parker_app
[WS-CLEANUP] Deleting project workspace...
[WS-CLEANUP] Deferred wipeout is used...
[WS-CLEANUP] Done
No emails were triggered.
[parker_app] $ /bin/sh -xe /tmp/jenkins540223690830008924.sh
+ bash /root/myscript/build/parkerapp.sh
++ export MYSQL_PWD=123
++ MYSQL_PWD=123
++ export -f cmdb_mysql
+ . /root/myscript/build/../sh/version-update.sh
++ . /root/.bashrc
+++ '[' -z '' ']'
+++ return
+ set -ex
+ init_project_env
++ whoami
+ '[' root = root ']'
+ ios=root
+ RELEASE_DIR=/root
+ DESKTOP_DIR=/root/workspace/i18rApplicationDeb/work/root/workspace
+ appname=PARKER
+ sourcename=parker
+ BUILD_DIR=/root/workspace
+ APP_WORKSPACE=/root/workspace/i18rApplicationDeb/work
+ WORK_DIR=/root/workspace/i18rApplicationDeb/work/root/workspace
+ VERSION_FILE=/root/workspace/i18rApplicationDeb/work/DEBIAN/control
+ UI_DIR=/mnt/ftp/release/PARKER/client
+ TEST_DIR=/mnt/ftp/release/PARKER/test
+ FTP_RELEASE_DIR=/mnt/ftp/release/PARKER/fresh_version
+ FTP_RELEASE_SIGN_DIR=/mnt/ftp/release/PARKER/sign
+ FTP_RELEASE_OTA_DIR=/mnt/ftp/release/PARKER/ota_full_version
+ FTP_RELEASE_OTA_DIFF_DIR=/mnt/ftp/release/PARKER/ota
+ function_list=/mnt/ftp/release/app_update_release
+ CONFIG_DIR=/root/system/i18rconfig
+ OTA_DIR=/root/system/i18rota
++ uname -m
+ PLATFORM=aarch64
+ RELEASE_BRANCH=PARKER-EVT
+ RELEASE_TAG=r177_PARKER-EVT
++ cmdb_mysql 'SELECT version FROM indemindapp where status='\''2'\'' and swr_version='\''EVT'\'' and indemind_release='\''test'\'' and appname='\''PARKER'\'' order by id desc limit 5;'
++ set +x
++ tail -n 1
+ min_version=
+ ui_job_name=parker_ui
+ CLONE_DEPTH=--depth=1
+ ENCRYPTION_TOOL=/root/system/i18rconfig/upx_arm.out
++ perl -npe s,_,-,g
++ echo EVT
+ x=EVT
+ tgz_release=INTG
+ trash_dir=/mnt/ftp/Trash
+ CONFIG_REMOTE='git clone ssh://git@192.168.50.191:222/AroundI18RProject/i18rconfig /root/system/i18rconfig -b parker-dev --depth=1'
+ is-trigger-job
+ '[' xhuxinyue = xtimer ']'
+ mount_ftp
+ '[' -d /mnt/ftp/release ']'
+ check_paremter_is_right
+ rx='^([0-9]+\.){3}([0-9]+)$'
+ [[ -z 177 ]]
++ check 177
++ local a=177
++ printf %d 177
++ echo integer
++ return
+ [[ integer == vb ]]
++ check 177
++ local a=177
++ printf %d 177
++ echo integer
++ return
+ [[ integer == integer ]]
+ [[ 177 =~ ^([0-9]+\.){3}([0-9]+)$ ]]
+ RELEASE=test
+ echo 'check paremter is done'
check paremter is done
+ clean_workspace
+ pushd /root/workspace
~/workspace ~/workspace/workspace/parker_app
+ sudo rm -rf i18rApplicationDeb 'INDEMINDAPP*' parker client
sudo: 无法解析主机：car1
+ popd
~/workspace/workspace/parker_app
+ App_project_fetch
+ pushd /root/workspace
~/workspace ~/workspace/workspace/parker_app
+ git clone ssh://git@192.168.50.191:222/AroundI18RProject/i18rApplicationDeb.git --depth=1
正克隆到 'i18rApplicationDeb'...
+ mkdir -p /root/workspace/i18rApplicationDeb/work/root/workspace
+ pushd /root/workspace
~/workspace ~/workspace ~/workspace/workspace/parker_app
+ git clone ssh://git@192.168.50.191:222/parker/source/server.git parker -b parker_base
正克隆到 'parker'...
+ pushd parker
~/workspace/parker ~/workspace ~/workspace ~/workspace/workspace/parker_app
+ config_project_update
+ [[ -d /root/system/i18rconfig ]]
+ rm -rf /root/system/i18rconfig
+ git clone ssh://git@192.168.50.191:222/AroundI18RProject/i18rconfig /root/system/i18rconfig -b parker-dev --depth=1
正克隆到 '/root/system/i18rconfig'...
正在检出文件:  42% (137/324)   正在检出文件:  43% (140/324)   正在检出文件:  44% (143/324)   正在检出文件:  45% (146/324)   正在检出文件:  46% (150/324)   正在检出文件:  47% (153/324)   正在检出文件:  48% (156/324)   正在检出文件:  49% (159/324)   正在检出文件:  50% (162/324)   正在检出文件:  51% (166/324)   正在检出文件:  52% (169/324)   正在检出文件:  53% (172/324)   正在检出文件:  54% (175/324)   正在检出文件:  55% (179/324)   正在检出文件:  56% (182/324)   正在检出文件:  57% (185/324)   正在检出文件:  58% (188/324)   正在检出文件:  59% (192/324)   正在检出文件:  60% (195/324)   正在检出文件:  61% (198/324)   正在检出文件:  62% (201/324)   正在检出文件:  63% (205/324)   正在检出文件:  64% (208/324)   正在检出文件:  65% (211/324)   正在检出文件:  66% (214/324)   正在检出文件:  67% (218/324)   正在检出文件:  68% (221/324)   正在检出文件:  69% (224/324)   正在检出文件:  70% (227/324)   正在检出文件:  71% (231/324)   正在检出文件:  72% (234/324)   正在检出文件:  73% (237/324)   正在检出文件:  74% (240/324)   正在检出文件:  75% (243/324)   正在检出文件:  76% (247/324)   正在检出文件:  77% (250/324)   正在检出文件:  78% (253/324)   正在检出文件:  79% (256/324)   正在检出文件:  80% (260/324)   正在检出文件:  81% (263/324)   正在检出文件:  82% (266/324)   正在检出文件:  83% (269/324)   正在检出文件:  84% (273/324)   正在检出文件:  85% (276/324)   正在检出文件:  86% (279/324)   正在检出文件:  87% (282/324)   正在检出文件:  88% (286/324)   正在检出文件:  89% (289/324)   正在检出文件:  90% (292/324)   正在检出文件:  91% (295/324)   正在检出文件:  92% (299/324)   正在检出文件:  93% (302/324)   正在检出文件:  94% (305/324)   正在检出文件:  95% (308/324)   正在检出文件:  96% (312/324)   正在检出文件:  97% (315/324)   正在检出文件:  98% (318/324)   正在检出文件:  99% (321/324)   正在检出文件: 100% (324/324)   正在检出文件: 100% (324/324), 完成.
+ ui_job_build
+ export 'PATH=/usr/bin/bin:/usr/bin/bin:/opt/ros/melodic/bin:/usr/local/sbin:/usr/local/bin:/usr/sbin:/usr/bin:/sbin:/bin:/usr/games:/usr/local/games:~/myscript/sh'
+ PATH='/usr/bin/bin:/usr/bin/bin:/opt/ros/melodic/bin:/usr/local/sbin:/usr/local/bin:/usr/sbin:/usr/bin:/sbin:/bin:/usr/games:/usr/local/games:~/myscript/sh'
+ [[ -z '' ]]
+ [[ test == true ]]
+ [[ '' == true ]]
+ git submodule update --init --recursive
+ bash jc build parker_ui -s
子模组 'modules/depth'（http://192.168.50.191:85/parker/integration/depth.git）未对路径 'modules/depth' 注册
子模组 'modules/detector'（http://192.168.50.191:85/parker/integration/perception.git）未对路径 'modules/detector' 注册
子模组 'modules/marker'（http://192.168.50.191:85/parker/integration/marker.git）未对路径 'modules/marker' 注册
子模组 'modules/navigation'（http://192.168.50.191:85/parker/integration/navigation.git）未对路径 'modules/navigation' 注册
子模组 'modules/selfcalibr'（http://192.168.50.191:85/parker/integration/calibr.git）未对路径 'modules/selfcalibr' 注册
子模组 'modules/sensor'（http://192.168.50.191:85/parker/integration/sensors.git）未对路径 'modules/sensor' 注册
子模组 'modules/slam'（http://192.168.50.191:85/parker/integration/slam.git）未对路径 'modules/slam' 注册
子模组 'modules/types'（http://192.168.50.191:85/parker/source/messages.git）未对路径 'modules/types' 注册
正克隆到 '/root/workspace/parker/modules/depth'...
Started parker_ui #282
正克隆到 '/root/workspace/parker/modules/detector'...
正克隆到 '/root/workspace/parker/modules/marker'...
正克隆到 '/root/workspace/parker/modules/navigation'...
正克隆到 '/root/workspace/parker/modules/selfcalibr'...
正克隆到 '/root/workspace/parker/modules/sensor'...
正克隆到 '/root/workspace/parker/modules/slam'...
正克隆到 '/root/workspace/parker/modules/types'...
子模组路径 'modules/depth'：检出 'd8bade4cb903a780878feab0ff1e3cc8494f5cd2'
子模组路径 'modules/detector'：检出 '82f8090b09949416ae85cea5ef9b1c445052ec74'
子模组路径 'modules/marker'：检出 '96f8c9f5ba788bd09e42627250cdc4601ff275eb'
子模组路径 'modules/navigation'：检出 '2a243f9929690f3b41735af7b49349c512e7fe18'
子模组路径 'modules/selfcalibr'：检出 'ef2380ee15caba750c11e1484953c3ad3b6d70f5'
子模组路径 'modules/sensor'：检出 '38baacad0844743d0a5f8935fbd096b8db4f9e94'
子模组路径 'modules/slam'：检出 'dd1871d863426a8566bae9bce3399ada51bb8ec8'
子模组路径 'modules/types'：检出 'a7f6e9b17b95d4948b10699534c572f8f53c8c07'
+ git submodule update --remote
子模组路径 'modules/depth'：检出 '82c04d1c769c335f0fff807b975b0da8818f9ed8'
子模组路径 'modules/detector'：检出 'd8d3e4c2cee0acecc2df7780d6bc1e79cd892ae8'
子模组路径 'modules/marker'：检出 'fa2ac76c904f037a6ab84cac8ffc9df00e7604c7'
子模组路径 'modules/navigation'：检出 '2fd605601762c2c1feb75385c5bd58ad15d19ca7'
子模组路径 'modules/selfcalibr'：检出 '1240f987d5ea8eb844e3c9d83d5b4010553670dd'
子模组路径 'modules/sensor'：检出 '94c755d64f8f9545ffcd8381b0f313925e62a539'
子模组路径 'modules/slam'：检出 '870124f5ab9950267100220a6fd1623f645e4a83'
子模组路径 'modules/types'：检出 '1c3f5155ce847916c921cd495af54f1e1df0b410'
+ submodule_version_check
+ [[ ! -z '' ]]
+ [[ ! -z '' ]]
+ i18rproject_conf_update
+ Modules_List=(selfcalibr depth sensor marker detector navigation slam type sdk)
+ local Modules_List
+ for i in "${Modules_List[@]}"
++ ls /root/system/i18rconfig/EVT/selfcalibr
ls: 无法访问'/root/system/i18rconfig/EVT/selfcalibr': 没有那个文件或目录
+ local Files_List=
+ '[' -z '' ']'
+ for i in "${Modules_List[@]}"
++ ls /root/system/i18rconfig/EVT/depth
ls: 无法访问'/root/system/i18rconfig/EVT/depth': 没有那个文件或目录
+ local Files_List=
+ '[' -z '' ']'
+ for i in "${Modules_List[@]}"
++ ls /root/system/i18rconfig/EVT/sensor
ls: 无法访问'/root/system/i18rconfig/EVT/sensor': 没有那个文件或目录
+ local Files_List=
+ '[' -z '' ']'
+ for i in "${Modules_List[@]}"
++ ls /root/system/i18rconfig/EVT/marker
ls: 无法访问'/root/system/i18rconfig/EVT/marker': 没有那个文件或目录
+ local Files_List=
+ '[' -z '' ']'
+ for i in "${Modules_List[@]}"
++ ls /root/system/i18rconfig/EVT/detector
ls: 无法访问'/root/system/i18rconfig/EVT/detector': 没有那个文件或目录
+ local Files_List=
+ '[' -z '' ']'
+ for i in "${Modules_List[@]}"
++ ls /root/system/i18rconfig/EVT/navigation
+ local 'Files_List=base_global_planner_params.yaml
base_local_planner_params.yaml
costmap_common_params_wsbot.yaml
dwa_local_planner_params_wsbot.yaml
global_costmap_params.yaml
local_costmap_params.yaml
move_base_params.yaml
nav_config.yaml
teb_local_planner_params_imbot.yaml'
+ '[' -z 'base_global_planner_params.yaml
base_local_planner_params.yaml
costmap_common_params_wsbot.yaml
dwa_local_planner_params_wsbot.yaml
global_costmap_params.yaml
local_costmap_params.yaml
move_base_params.yaml
nav_config.yaml
teb_local_planner_params_imbot.yaml' ']'
+ [[ navigation =~ navigation ]]
+ cp -ar /root/system/i18rconfig/EVT/navigation/. modules/navigation/arm64/share/wsbot_navigation/param/
+ for i in "${Modules_List[@]}"
++ ls /root/system/i18rconfig/EVT/slam
ls: 无法访问'/root/system/i18rconfig/EVT/slam': 没有那个文件或目录
+ local Files_List=
+ '[' -z '' ']'
+ for i in "${Modules_List[@]}"
++ ls /root/system/i18rconfig/EVT/type
ls: 无法访问'/root/system/i18rconfig/EVT/type': 没有那个文件或目录
+ local Files_List=
+ '[' -z '' ']'
+ for i in "${Modules_List[@]}"
++ ls /root/system/i18rconfig/EVT/sdk
+ local Files_List=local_config
+ '[' -z local_config ']'
+ [[ navigation =~ sdk ]]
+ [[ sdk =~ slam ]]
+ [[ sdk =~ depth ]]
+ [[ sdk =~ sdk ]]
+ cp -ar /root/system/i18rconfig/EVT/sdk/. /root/workspace/i18rApplicationDeb/work/root/workspace/
+ release_note
+ [[ test = true ]]
+ '[' '' = true ']'
+ project_info_database
+ cmdb_mysql 'insert into indemindapp(appname,version,swr_version,submodule_version,time,note,indemind_release,sdk_branch,build_url,node_name,build_user,ui_branch,config_branch,sign,min_version) values ('\''PARKER'\'','\''177'\'','\''EVT'\'','\'''\'',now(),'\''UI避障高度修改'\'','\''test'\'','\''parker_base'\'','\''http://192.168.50.26:8080/job/parker_app/274/'\'','\''khadas-car1'\'','\''huxinyue'\'','\'''\'','\'''\'','\''false'\'','\'''\'')'
+ set +x
+ mkdir build
+ cd build
+ set +x
+ [[ EVT =~ ICE_EVT ]]
+ [[ EVT =~ DVT ]]
+ [[ EVT =~ PVT ]]
+ [[ EVT =~ MP ]]
+ cmake -D SERVER_VERSION:STRIONG=177 ..
-- The C compiler identification is GNU 7.5.0
-- The CXX compiler identification is GNU 7.5.0
-- Check for working C compiler: /usr/bin/cc
-- Check for working C compiler: /usr/bin/cc -- works
-- Detecting C compiler ABI info
-- Detecting C compiler ABI info - done
-- Detecting C compile features
-- Detecting C compile features - done
-- Check for working CXX compiler: /usr/bin/c++
-- Check for working CXX compiler: /usr/bin/c++ -- works
-- Detecting CXX compiler ABI info
-- Detecting CXX compiler ABI info - done
-- Detecting CXX compile features
-- Detecting CXX compile features - done
-- PRO_DIR: /root/workspace/parker
-- HOST_ARCH: armv8
-- PLATFORM=arm64
-- SERVER_VERSION=1.0.0
-- MBUILD_MONITOR=ON
-- MBUILD_RECORDER=ON
-- MBUILD_TEST=ON
-- MBUILD_DEPTH=ON
-- DEPTH_PATH=/root/workspace/parker/modules/depth
-- MBUILD_DEPTH_SIMULATOR=OFF
-- MBUILD_MCU_COPROCESSOR=ON
-- MBUILD_MCU_COPROCESSOR_SIMULATOR=OFF
-- MCUCOP_INCLUDE=/root/workspace/parker/modules/sensor/arm64/include
-- MBUILD_DETECTOR=ON
-- DETECTOR_PATH: /root/workspace/parker/modules/detector
-- DETECTOR_INC=/root/workspace/parker/modules/detector/include
-- MBUILD_DETECTOR_SIMULATOR=OFF
-- Boost version: 1.65.1
-- Found the following Boost libraries:
--   system
--   filesystem
-- MBUILD_IMSEE=ON
-- IMSEE_PATH: /root/workspace/parker/modules/sensor
-- MBUILD_IMSEE_SIMULATOR=OFF
-- MBUILD_SLAM=ON
-- SLAM_PATH: /root/workspace/parker/modules/slam/arm64
-- MBUILD_NAV=ON
-- NAV_PATH: /root/workspace/parker/modules/navigation
-- MBUILD_ROS_WRAPPER=OFF
-- MBUILD_TOF=ON
-- MBUILD_TOF_SIMULATOR=OFF
-- MBUILD_LASER=ON
-- MBUILD_LASER_SIMULATOR=ON
-- CONFIG_BUILD_LASER_SIMULATOR 1
-- MBUILD_SENSOR_SYSTEM=ON
-- MBUILD_SENSOR_SYSTEM_SIMULATOR=OFF
-- MBUILD_EMB_MANAGER=ON
-- MBUILD_EMB_MANAGER_SIMULATOR=OFF
-- MBUILD_HMI_SERVICES=ON
-- MBUILD_HMI_SERVICES_SIMULATOR=OFF
-- MBUILD_CALIBRATION=ON
-- MBUILD_CALIBRATION_SIMULATOR=OFF
-- CABLIR_PATH: /root/workspace/parker/modules/selfcalibr
-- CABLIR_PATH_INCLUDE: /root/workspace/parker/modules/selfcalibr/arm64/include
-- MBUILD_HARDWARE_CHECKER=ON
-- MBUILD_SOFTWARE_CHECKER=ON
-- MBUILD_CLOUD=ON
-- CONFIG_BUILD_CLOUD = 1
-- MBUILD_MAP=ON
-- CONFIG_BUILD_MAP = 1
-- MBUILD_WORKLOGS=ON
-- CONFIG_BUILD_WORKLOGS = 1
-- MBUILD_EXCEPTION_HIDING=ON
-- CONFIG_BUILD_EXCEPTION_HIDING = 1
-- MBUILD_MSG_FORWARD=OFF
-- MBUILD_CAN=ON
-- MBUILD_CAN_SIMULATOR=OFF
-- MBUILD_VCU=ON
-- MBUILD_VCU_SIMULATOR=ON
-- MBUILD_MARKER=ON
-- MARKER_PATH: /root/workspace/parker/modules/marker
-- Use the imported target: /usr/include/eigen3
-- MBUILD_KBCONTROL=ON
-- KBCONTROL_PATH: /root/workspace/parker/kbcontrol
-- MBUILD_DATACOLLEC=OFF
-- SERVER_PATH: /root/workspace/parker/server
-- BUILD_WITH_ROS is ON
-- Using CATKIN_DEVEL_PREFIX: /root/workspace/parker/build/devel
-- Using CMAKE_PREFIX_PATH: /root/workspace/parker/modules/navigation/arm64;/opt/ros/melodic
-- This workspace overlays: /root/workspace/parker/modules/navigation/arm64;/opt/ros/melodic
-- Found PythonInterp: /usr/bin/python2 (found suitable version "2.7.17", minimum required is "2") 
-- Using PYTHON_EXECUTABLE: /usr/bin/python2
-- Using Debian Python package layout
-- Using empy: /usr/bin/empy
-- Using CATKIN_ENABLE_TESTING: ON
-- Call enable_testing()
-- Using CATKIN_TEST_RESULTS_DIR: /root/workspace/parker/build/test_results
-- Found gtest sources under '/usr/src/googletest': gtests will be built
-- Found gmock sources under '/usr/src/googletest': gmock will be built
-- Found PythonInterp: /usr/bin/python2 (found version "2.7.17") 
-- Looking for pthread.h
-- Looking for pthread.h - found
-- Looking for pthread_create
-- Looking for pthread_create - not found
-- Looking for pthread_create in pthreads
-- Looking for pthread_create in pthreads - not found
-- Looking for pthread_create in pthread
-- Looking for pthread_create in pthread - found
-- Found Threads: TRUE  
-- Using Python nosetests: /usr/bin/nosetests-2.7
-- catkin 0.7.29
-- BUILD_SHARED_LIBS is on
-- Using these message generators: gencpp;geneus;genlisp;gennodejs;genpy
-- absl_DIR=/root/workspace/parker/modules/slam/arm64/Thirdparty/abseil_install/usr/local/lib/cmake/absl
-- Found OpenCV: /usr/local (found version "3.4.3") 
-- LIB_MODULES=/root/workspace/parker/modules/depth/arm64/lib/libdepth.so
-- LIB_MODULES=/root/workspace/parker/modules/sensor/arm64/lib/libsensor_module.so
-- LIB_MODULES=-lnnsdk
-- LIB_MODULES=-lOpenVX
-- LIB_MODULES=-lOpenVXU
-- LIB_MODULES=-lArchModelSw
-- LIB_MODULES=-lCLC
-- LIB_MODULES=-lGAL
-- LIB_MODULES=-lNNArchPerf
-- LIB_MODULES=-lVSC
-- LIB_MODULES=-lovxlib
-- LIB_MODULES=/root/workspace/parker/modules/detector/lib/arm/libperception.so
-- LIB_MODULES=/root/workspace/parker/modules/detector/lib/arm/libPSL.so
-- LIB_MODULES=/root/workspace/parker/modules/sensor/arm64/lib/libimsee_module.so
-- LIB_MODULES=/root/workspace/parker/modules/slam/arm64/lib/libParker_SLAM.so
-- LIB_MODULES=/root/workspace/parker/modules/slam/arm64/lib/libORB_SLAM3.so
-- LIB_MODULES=/root/workspace/parker/modules/slam/arm64/Thirdparty/DBoW2/lib/libDBoW2.so
-- LIB_MODULES=/root/workspace/parker/modules/slam/arm64/Thirdparty/DLib/lib/libDLib.so
-- LIB_MODULES=/root/workspace/parker/modules/slam/arm64/Thirdparty/gtsam/lib/lib/libgtsam.so
-- LIB_MODULES=/root/workspace/parker/modules/slam/arm64/Thirdparty/gtsam/lib/lib/libmetis-gtsam.so
-- LIB_MODULES=/root/workspace/parker/modules/slam/arm64/Thirdparty/gtsam/lib/lib/libgtsam_unstable.so
-- LIB_MODULES=/root/workspace/parker/modules/slam/arm64/Thirdparty/gtsam/lib/lib/libCppUnitLite.a
-- LIB_MODULES=/root/workspace/parker/modules/slam/arm64/Thirdparty/Kimera-RPGO/lib/lib/libKimeraRPGO.so
-- LIB_MODULES=/root/workspace/parker/modules/slam/arm64/Thirdparty/superpoint/lib/libsuperpoint.so
-- LIB_MODULES=/root/workspace/parker/modules/navigation/arm64/lib/libpath_planning.so
-- LIB_MODULES=/opt/ros/melodic/lib/libtf.so
-- LIB_MODULES=/root/workspace/parker/modules/navigation/arm64/lib/libcostmap_2d.so
-- LIB_MODULES=/root/workspace/parker/modules/sensor/arm64/lib/libusbtof_module.so
-- LIB_MODULES=/root/workspace/parker/modules/sensor/arm64/deps/libspectre.so
-- LIB_MODULES=/root/workspace/parker/modules/sensor/arm64/deps/libdepthcomputation.so
-- LIB_MODULES=/root/workspace/parker/modules/sensor/arm64/deps/libdepthmapwrapper.so
-- LIB_MODULES=/root/workspace/parker/modules/sensor/arm64/lib/libmulti_module.so
-- LIB_MODULES=/root/workspace/parker/modules/sensor/arm64/lib/libemb_monitor.so
-- LIB_MODULES=/root/workspace/parker/modules/sensor/arm64/lib/libemb_monitor.so
-- LIB_MODULES=/root/workspace/parker/modules/sensor/arm64/lib/libmonitor_node.so
-- LIB_MODULES=/root/workspace/parker/modules/selfcalibr/arm64/lib/libselfStereoCameraCalibration.so
-- LIB_MODULES=uuid
-- LIB_MODULES=/root/workspace/parker/modules/sensor/arm64/lib/libmcu_module.so
-- LIB_MODULES=/root/workspace/parker/modules/marker/arm64/lib/libmarker.so
-- LIB_MODULES=/root/workspace/parker/modules/marker/arm64/lib/libapriltag.so
-- LIB_MODULES=/root/workspace/parker/kbcontrol/libs/arm64/libkbcontrol.so
-- LIB_MODULES=/root/workspace/workspace/parker-ros/i18r_robot/install/lib/libbase_local_planner.so
-- LIB_MODULES=/root/workspace/workspace/parker-ros/i18r_robot/install/lib/libtrajectory_planner_ros.so
-- LIB_MODULES=/opt/ros/melodic/lib/libvoxel_grid.so
-- LIB_MODULES=/root/workspace/workspace/parker-ros/i18r_robot/install/lib/librotate_recovery.so
-- LIB_MODULES=/root/workspace/workspace/parker-ros/i18r_robot/install/lib/libcostmap_2d.so
-- LIB_MODULES=/root/workspace/workspace/parker-ros/i18r_robot/install/lib/liblayers.so
-- LIB_MODULES=/opt/ros/melodic/lib/libdynamic_reconfigure_config_init_mutex.so
-- LIB_MODULES=/opt/ros/melodic/lib/liblaser_geometry.so
-- LIB_MODULES=/opt/ros/melodic/lib/libtf.so
-- LIB_MODULES=/opt/ros/melodic/lib/libclass_loader.so
-- LIB_MODULES=/usr/lib/libPocoFoundation.so
-- LIB_MODULES=/usr/lib/aarch64-linux-gnu/libdl.so
-- LIB_MODULES=/opt/ros/melodic/lib/libtf2_ros.so
-- LIB_MODULES=/opt/ros/melodic/lib/libactionlib.so
-- LIB_MODULES=/opt/ros/melodic/lib/libmessage_filters.so
-- LIB_MODULES=/opt/ros/melodic/lib/libtf2.so
-- LIB_MODULES=/opt/ros/melodic/lib/libroscpp.so
-- LIB_MODULES=/opt/ros/melodic/lib/librosconsole.so
-- LIB_MODULES=/opt/ros/melodic/lib/librosconsole_log4cxx.so
-- LIB_MODULES=/opt/ros/melodic/lib/librosconsole_backend_interface.so
-- LIB_MODULES=/usr/lib/aarch64-linux-gnu/liblog4cxx.so
-- LIB_MODULES=/usr/lib/aarch64-linux-gnu/libboost_regex.so
-- LIB_MODULES=/opt/ros/melodic/lib/libxmlrpcpp.so
-- LIB_MODULES=/opt/ros/melodic/lib/libroscpp_serialization.so
-- LIB_MODULES=/opt/ros/melodic/lib/librostime.so
-- LIB_MODULES=/opt/ros/melodic/lib/libcpp_common.so
-- LIB_MODULES=/usr/lib/aarch64-linux-gnu/libboost_thread.so
-- LIB_MODULES=/usr/lib/aarch64-linux-gnu/libboost_chrono.so
-- LIB_MODULES=/usr/lib/aarch64-linux-gnu/libboost_date_time.so
-- LIB_MODULES=/usr/lib/aarch64-linux-gnu/libboost_atomic.so
-- LIB_MODULES=/usr/lib/aarch64-linux-gnu/libpthread.so
-- LIB_MODULES=/usr/lib/aarch64-linux-gnu/libconsole_bridge.so.0.4
-- LIB_MODULES=/opt/ros/melodic/lib/libroslib.so
-- LIB_MODULES=/opt/ros/melodic/lib/librospack.so
-- LIB_MODULES=/usr/lib/aarch64-linux-gnu/libpython2.7.so
-- LIB_MODULES=/usr/lib/aarch64-linux-gnu/libboost_filesystem.so
-- LIB_MODULES=/usr/lib/aarch64-linux-gnu/libboost_program_options.so
-- LIB_MODULES=/usr/lib/aarch64-linux-gnu/libboost_system.so
-- LIB_MODULES=/usr/lib/aarch64-linux-gnu/libtinyxml2.so
-- Configuring done
CMake Warning at cmake/server/BuildServer.cmake:61 (add_executable):
  Cannot generate a safe runtime search path for target parker because there
  is a cycle in the constraint graph:

    dir 0 is [/root/workspace/parker/modules/depth/arm64/lib]
    dir 1 is [/root/workspace/parker/modules/sensor/arm64/lib]
    dir 2 is [/root/workspace/parker/modules/detector/lib/arm]
    dir 3 is [/root/workspace/parker/modules/slam/arm64/lib]
    dir 4 is [/root/workspace/parker/modules/slam/arm64/Thirdparty/DBoW2/lib]
    dir 5 is [/root/workspace/parker/modules/slam/arm64/Thirdparty/DLib/lib]
    dir 6 is [/root/workspace/parker/modules/slam/arm64/Thirdparty/gtsam/lib/lib]
    dir 7 is [/root/workspace/parker/modules/slam/arm64/Thirdparty/Kimera-RPGO/lib/lib]
    dir 8 is [/root/workspace/parker/modules/slam/arm64/Thirdparty/superpoint/lib]
    dir 9 is [/root/workspace/parker/modules/navigation/arm64/lib]
      dir 15 must precede it due to runtime library [libbase_local_planner.so]
    dir 10 is [/opt/ros/melodic/lib]
      dir 9 must precede it due to runtime library [libcostmap_2d.so]
      dir 15 must precede it due to runtime library [libcostmap_2d.so]
    dir 11 is [/root/workspace/parker/modules/sensor/arm64/deps]
    dir 12 is [/root/workspace/parker/modules/selfcalibr/arm64/lib]
    dir 13 is [/root/workspace/parker/modules/marker/arm64/lib]
    dir 14 is [/root/workspace/parker/kbcontrol/libs/arm64]
    dir 15 is [/root/workspace/workspace/parker-ros/i18r_robot/install/lib]
      dir 9 must precede it due to runtime library [libpath_planning.so.1.10.3_3]
    dir 16 is [/usr/local/lib]

  Some of these libraries may not be found correctly.
Call Stack (most recent call first):
  CMakeLists.txt:32 (include)


-- Generating done
-- Build files have been written to: /root/workspace/parker/build
+ make -j4
Scanning dependencies of target parker
[  1%] Building CXX object CMakeFiles/parker.dir/server/nodes/monitor/MonitorNode.cpp.o
[  2%] Building CXX object CMakeFiles/parker.dir/server/nodes/monitor/hd_resource/HardwareResourceMonitor.cpp.o
[  3%] Building CXX object CMakeFiles/parker.dir/server/nodes/monitor/data/DataMonitor.cpp.o
[  4%] Building CXX object CMakeFiles/parker.dir/server/nodes/monitor/error_report/ErrorReportMonitor.cpp.o
[  5%] Building CXX object CMakeFiles/parker.dir/server/nodes/recorder/RecorderNode.cpp.o
[  6%] Building CXX object CMakeFiles/parker.dir/server/nodes/recorder/recorder/Recorder.cpp.o
[  7%] Building CXX object CMakeFiles/parker.dir/server/nodes/recorder/player/Player.cpp.o
[  7%] Building CXX object CMakeFiles/parker.dir/server/nodes/recorder/player/PlayerDetector.cpp.o
[  8%] Building CXX object CMakeFiles/parker.dir/server/nodes/test/Test.cpp.o
[  9%] Building CXX object CMakeFiles/parker.dir/server/nodes/test/cases/CaseFactory.cpp.o
In file included from /root/workspace/parker/server/nodes/recorder/RecorderNode.h:9:0,
                 from /root/workspace/parker/server/nodes/recorder/RecorderNode.cpp:8:
/root/workspace/parker/server/nodes/recorder/player/Player2.h: In instantiation of ‘swr::recorder::Player2<_DataType>::Player2(std::__cxx11::string, std::function<void(const _DataType&)>) [with _DataType = swr::dl::DoubleImagesFeatureInfo; std::__cxx11::string = std::__cxx11::basic_string<char>]’:
/root/workspace/parker/server/nodes/recorder/RecorderNode.cpp:945:18:   required from here
/root/workspace/parker/server/nodes/recorder/player/Player2.h:39:23: warning: ‘swr::recorder::Player2<swr::dl::DoubleImagesFeatureInfo>::seria’ will be initialized after [-Wreorder]
             Serialize seria;
                       ^~~~~
/root/workspace/parker/server/nodes/recorder/player/Player2.h:38:25: warning:   ‘std::__cxx11::string swr::recorder::Player2<swr::dl::DoubleImagesFeatureInfo>::seriaFile’ [-Wreorder]
             std::string seriaFile;
                         ^~~~~~~~~
/root/workspace/parker/server/nodes/recorder/player/Player2.h:11:13: warning:   when initialized here [-Wreorder]
             Player2(std::string filename, std::function<void(const _DataType&)> func)
             ^~~~~~~
[ 10%] Building CXX object CMakeFiles/parker.dir/server/nodes/depth/DepthProxy.cpp.o
/root/workspace/parker/server/nodes/recorder/RecorderNode.cpp: In member function ‘bool swr::node::RecorderNode::InitDelay()’:
/root/workspace/parker/server/nodes/recorder/RecorderNode.cpp:140:15: warning: ignoring return value of ‘int system(const char*)’, declared with attribute warn_unused_result [-Wunused-result]
         system(cmd.c_str());
         ~~~~~~^~~~~~~~~~~~~
[ 12%] Building CXX object CMakeFiles/parker.dir/server/nodes/mcu_coprocessor/McuCoprocessorNode.cpp.o
In file included from /root/workspace/parker/server/nodes/depth/DepthProxy.h:5:0,
                 from /root/workspace/parker/server/nodes/depth/DepthProxy.cpp:1:
/root/workspace/parker/modules/depth/arm64/include/depth.h:205:66: error: ISO C++ forbids declaration of ‘type name’ with no type [-fpermissive]
         virtual void ReceiveTofFrame(const std::shared_ptr<const swr::sensor_types::SunnyTofDepthData>& tofFrame) = 0;
                                                                  ^~~
/root/workspace/parker/modules/depth/arm64/include/depth.h:205:102: error: template argument 1 is invalid
         virtual void ReceiveTofFrame(const std::shared_ptr<const swr::sensor_types::SunnyTofDepthData>& tofFrame) = 0;
                                                                                                      ^
/root/workspace/parker/modules/depth/arm64/include/depth.h:205:66: error: ISO C++ forbids declaration of ‘type name’ with no type [-fpermissive]
         virtual void ReceiveTofFrame(const std::shared_ptr<const swr::sensor_types::SunnyTofDepthData>& tofFrame) = 0;
                                                                  ^~~
/root/workspace/parker/modules/depth/arm64/include/depth.h:205:102: error: template argument 1 is invalid
         virtual void ReceiveTofFrame(const std::shared_ptr<const swr::sensor_types::SunnyTofDepthData>& tofFrame) = 0;
                                                                                                      ^
/root/workspace/parker/modules/depth/arm64/include/depth.h:205:66: error: ISO C++ forbids declaration of ‘type name’ with no type [-fpermissive]
         virtual void ReceiveTofFrame(const std::shared_ptr<const swr::sensor_types::SunnyTofDepthData>& tofFrame) = 0;
                                                                  ^~~
/root/workspace/parker/modules/depth/arm64/include/depth.h:205:102: error: template argument 1 is invalid
         virtual void ReceiveTofFrame(const std::shared_ptr<const swr::sensor_types::SunnyTofDepthData>& tofFrame) = 0;
                                                                                                      ^
/root/workspace/parker/modules/depth/arm64/include/depth.h:205:66: error: ISO C++ forbids declaration of ‘type name’ with no type [-fpermissive]
         virtual void ReceiveTofFrame(const std::shared_ptr<const swr::sensor_types::SunnyTofDepthData>& tofFrame) = 0;
                                                                  ^~~
/root/workspace/parker/modules/depth/arm64/include/depth.h:205:102: error: template argument 1 is invalid
         virtual void ReceiveTofFrame(const std::shared_ptr<const swr::sensor_types::SunnyTofDepthData>& tofFrame) = 0;
                                                                                                      ^
/root/workspace/parker/modules/depth/arm64/include/depth.h:205:66: error: ISO C++ forbids declaration of ‘type name’ with no type [-fpermissive]
         virtual void ReceiveTofFrame(const std::shared_ptr<const swr::sensor_types::SunnyTofDepthData>& tofFrame) = 0;
                                                                  ^~~
/root/workspace/parker/modules/depth/arm64/include/depth.h:205:102: error: template argument 1 is invalid
         virtual void ReceiveTofFrame(const std::shared_ptr<const swr::sensor_types::SunnyTofDepthData>& tofFrame) = 0;
                                                                                                      ^
/root/workspace/parker/modules/depth/arm64/include/depth.h:205:44: error: invalid use of template-name ‘std::shared_ptr’ without an argument list
         virtual void ReceiveTofFrame(const std::shared_ptr<const swr::sensor_types::SunnyTofDepthData>& tofFrame) = 0;
                                            ^~~
/root/workspace/parker/modules/depth/arm64/include/depth.h:205:44: note: class template argument deduction is only available with -std=c++1z or -std=gnu++1z
In file included from /usr/include/c++/7/bits/shared_ptr.h:52:0,
                 from /usr/include/c++/7/memory:81,
                 from /usr/include/c++/7/thread:39,
                 from /root/workspace/parker/server/util/common/Thread.h:8,
                 from /root/workspace/parker/server/core/PublishThreadPool.h:11,
                 from /root/workspace/parker/server/core/DataCenter.h:7,
                 from /root/workspace/parker/server/nodes/depth/DepthProxy.h:3,
                 from /root/workspace/parker/server/nodes/depth/DepthProxy.cpp:1:
/usr/include/c++/7/bits/shared_ptr_base.h:347:11: note: ‘template<class _Tp> class std::shared_ptr’ declared here
     class shared_ptr;
           ^~~~~~~~~~
In file included from /root/workspace/parker/server/nodes/depth/DepthProxy.h:5:0,
                 from /root/workspace/parker/server/nodes/depth/DepthProxy.cpp:1:
/root/workspace/parker/modules/depth/arm64/include/depth.h:205:59: error: expected ‘,’ or ‘...’ before ‘<’ token
         virtual void ReceiveTofFrame(const std::shared_ptr<const swr::sensor_types::SunnyTofDepthData>& tofFrame) = 0;
                                                           ^
/root/workspace/parker/server/nodes/depth/DepthProxy.cpp: In member function ‘bool swr::node::DepthProxy::OnInitParam(bool&)’:
/root/workspace/parker/server/nodes/depth/DepthProxy.cpp:180:24: warning: unused variable ‘enableCamera’ [-Wunused-variable]
                 auto &&enableCamera = true;
                        ^~~~~~~~~~~~
[ 13%] Building CXX object CMakeFiles/parker.dir/server/nodes/detector/DetectorProxy.cpp.o
CMakeFiles/parker.dir/build.make:302: recipe for target 'CMakeFiles/parker.dir/server/nodes/depth/DepthProxy.cpp.o' failed
make[2]: *** [CMakeFiles/parker.dir/server/nodes/depth/DepthProxy.cpp.o] Error 1
make[2]: *** 正在等待未完成的任务....
CMakeFiles/Makefile2:1507: recipe for target 'CMakeFiles/parker.dir/all' failed
make[1]: *** [CMakeFiles/parker.dir/all] Error 2
Makefile:140: recipe for target 'all' failed
make: *** [all] Error 2
Process leaked file descriptors. See https://www.jenkins.io/redirect/troubleshooting/process-leaked-file-descriptors for more information
Build step 'Execute shell' marked build as failure
Email was triggered for: Failure - Any
Sending email for trigger: Failure - Any
Sending email to: qishanqing@indemind.cn wangjianwei@indemind.cn
Finished: FAILURE
