Started by user [8mha:////4NeZcJPLm+MfjD3BDs8GOBEa88oodQTJAS0j0N9IWQrjAAAAmh+LCAAAAAAAAP9b85aBtbiIQTGjNKU4P08vOT+vOD8nVc83PyU1x6OyILUoJzMv2y+/JJUBAhiZGBgqihhk0NSjKDWzXb3RdlLBUSYGJk8GtpzUvPSSDB8G5tKinBIGIZ+sxLJE/ZzEvHT94JKizLx0a6BxUmjGOUNodHsLgAyOEgY+/dLi1CL9jMT8jMS8qlQAxehcVMMAAAA=[0mhaohanze
Rebuilds build #[8mha:////4IFqFDddeOakO/4xHxpvP6JwFMfzHLV6HVq5AuFS8XI3AAAArh+LCAAAAAAAAP9b85aBtbiIQTGjNKU4P08vOT+vOD8nVc83PyU1x6OyILUoJzMv2y+/JJUBAhiZGBgqihhk0NSjKDWzXb3RdlLBUSYGJk8GtpzUvPSSDB8G5tKinBIGIZ+sxLJE/ZzEvHT94JKizLx0a6BxUmjGOUNodHsLgAzmEgYN/bLM1HL91Nyk1JTUFP2s/CT95MS01CJdMzMDQ12YsJGBIQBgVd+f3QAAAA==[0m201
Running as SYSTEM
Building remotely on [8mha:////4Mv+1wvIWl3OXIDGu6w3unSREX/fT0xpLFWon9eyySx4AAAAoR+LCAAAAAAAAP9b85aBtbiIQTGjNKU4P08vOT+vOD8nVc83PyU1x6OyILUoJzMv2y+/JJUBAhiZGBgqihhk0NSjKDWzXb3RdlLBUSYGJk8GtpzUvPSSDB8G5tKinBIGIZ+sxLJE/ZzEvHT94JKizLx0a6BxUmjGOUNodHsLgAzuEgZR/eT83ILSktQi/eyMxJTEYt3kxCJzAF4ra8rKAAAA[0mkhadas-car7 (car7) in workspace /root/workspace/workspace/cafer-6601-embeded
[WS-CLEANUP] Deleting project workspace...
[WS-CLEANUP] Deferred wipeout is used...
[WS-CLEANUP] Done
[cafer-6601-embeded] $ /bin/sh -xe /tmp/jenkins18312092365127579151.sh
+ bash /root/myscript/build/build.sh
++ export MYSQL_PWD=123
++ MYSQL_PWD=123
++ export -f cmdb_mysql
+ . /root/myscript/build/../sh/version-update.sh
++ . /root/.bashrc
+++ '[' -z '' ']'
+++ return
+ set -ex
+ export -f public_project_update
+ export -f project_build
+ init_project_env
++ date +%Y%m%d
+ DT=20240809
+ UserName=jenkins
+ API_TOKEN=11b65309c9835de9579d9c9038853d9eb7
+ GIT_PRIVATE_TOKEN=emEDrsaJVjxKK5gSWrf-
+ GIT_HOST=192.168.50.191
++ awk -F/ '{print $1"%2F"$2}'
++ echo abby/integration/sensors
+ CONVERT_TARGET_PROJECT=abby%2Fintegration
++ python -c 'import sys, json; print(json.load(sys.stdin)["id"])'
/root/myscript/build/build.sh: line 15: python: command not found
++ curl -XGET -H 'Content-Type: application/json' --header 'PRIVATE-TOKEN: emEDrsaJVjxKK5gSWrf-' http://192.168.50.191:85/api/v4/projects/abby%2Fintegration
  % Total    % Received % Xferd  Average Speed   Time    Time     Time  Current
                                 Dload  Upload   Total   Spent    Left  Speed
  0     0    0     0    0     0      0      0 --:--:-- --:--:-- --:--:--     0100    35  100    35    0     0    700      0 --:--:-- --:--:-- --:--:--   714
(23) Failed writing body
+ SUB_PROJECT_ID=
+ true
+ '[' -z ']'
+ SOURCE_DIR=/root/workspace/workspace/cafer-6601-embeded/rubby_sensor_6601
+ TARGET_DIR=/root/workspace/workspace/cafer-6601-embeded/sensors
+ prepare_env
++ uname -m
+ system_platform=aarch64
+ :
++ uniq
++ wc -l
++ sort
++ grep processor
++ cat /proc/cpuinfo
+ mt=-j4
+ export COMMIT_ID_FILE=/root/workspace/workspace/cafer-6601-embeded/_last_build_id
+ COMMIT_ID_FILE=/root/workspace/workspace/cafer-6601-embeded/_last_build_id
+ export COMMIT_MSG_FILE=/root/workspace/workspace/cafer-6601-embeded/_commit-msg
+ COMMIT_MSG_FILE=/root/workspace/workspace/cafer-6601-embeded/_commit-msg
+ export COMMIT_MSG_FILE_TMP=/root/workspace/workspace/cafer-6601-embeded/_commit-msg.tmp
+ COMMIT_MSG_FILE_TMP=/root/workspace/workspace/cafer-6601-embeded/_commit-msg.tmp
+ rm -f /root/workspace/workspace/cafer-6601-embeded/_last_build_id
+ rm -f /root/workspace/workspace/cafer-6601-embeded/_commit-msg
+ rm -f /root/workspace/workspace/cafer-6601-embeded/_commit-msg.tmp
+ rm -f /root/workspace/workspace/cafer-6601-embeded/result.log
+ rm -f /root/workspace/workspace/cafer-6601-embeded/no_code_change.log
+ sign_env
+ CONFIG_DIR_SET=/root/system
+ CONFIG_BRANCH=mind_os
+ CLONE_DEPTH=--depth=1
+ CONFIG_DIR=/root/system/i18rconfig
+ CONFIG_REMOTE='git clone ssh://git@192.168.50.191:222/AroundI18RProject/i18rconfig /root/system/i18rconfig -b mind_os --depth=1'
+ [[ aarch64 =~ x86_64 ]]
+ ENCRYPTION_TOOL=/root/system/i18rconfig/encrypt
+ CLONE_DEPTH=--depth=1
+ PUBLICBASETYPES_DIR=/root/system/I18RPublicBaseTypes
+ cmdb_mysql 'insert into prebuild(job_name,source_project,source_branch,target_project,target_branch,time,build_url,node_name,build_user) values ('\''cafer-6601-embeded'\'','\''EmbeddedGroup/rubby_sensor_6601'\'','\''independent_dirt_detecte'\'','\''abby/integration/sensors'\'','\''independent_dirt_detecte'\'',now(),'\''http://192.168.50.191:8088/job/cafer-6601-embeded/202/'\'','\''khadas-car7'\'','\''haohanze'\'')'
+ set +x
+ DOCKER_CONTAINER_I18=build-x64-18.04
+ DOCKER_CONTAINER_RUBBY=c405
+ DOCKER_CONTAINER_RUBBY_INSIDE=c3566
+ DOCKER_CONTAINER_JAVA=node
+ JENKINS_JOB_A=mind
+ JENKINS_JOB_B=rbn
+ JENKINS_JOB_C=mark-check-tools
+ JENKINS_JOB_D=java
+ JENKINS_JOB_E=clean_recorder
+ JENKINS_JOB_F=i18r
+ JENKINS_JOB_G=nodejs
+ JENKINS_JOB_H=_ui
+ JENKINS_JOB_L=i12r
+ [[ cafer-6601-embeded =~ mind ]]
+ '[' true = false ']'
+ source_project_fetch
+ git clone ssh://git@192.168.50.191:222/EmbeddedGroup/rubby_sensor_6601 -b independent_dirt_detecte --depth=1
Cloning into 'rubby_sensor_6601'...
Updating files:  84% (3161/3730)Updating files:  85% (3171/3730)Updating files:  86% (3208/3730)Updating files:  87% (3246/3730)Updating files:  88% (3283/3730)Updating files:  89% (3320/3730)Updating files:  90% (3357/3730)Updating files:  91% (3395/3730)Updating files:  92% (3432/3730)Updating files:  93% (3469/3730)Updating files:  94% (3507/3730)Updating files:  95% (3544/3730)Updating files:  96% (3581/3730)Updating files:  97% (3619/3730)Updating files:  98% (3656/3730)Updating files:  99% (3693/3730)Updating files: 100% (3730/3730)Updating files: 100% (3730/3730), done.
+ target_project_update
+ rm -rf /root/workspace/workspace/cafer-6601-embeded/sensors
+ target_project_fetch
+ git clone ssh://git@192.168.50.191:222/abby/integration/sensors -b independent_dirt_detecte --depth=1
Cloning into 'sensors'...
+ insert_db
+ pushd /root/workspace/workspace/cafer-6601-embeded/rubby_sensor_6601
~/workspace/workspace/cafer-6601-embeded/rubby_sensor_6601 ~/workspace/workspace/cafer-6601-embeded
++ cmdb_mysql 'SELECT first_commit_id FROM prebuild where source_project='\''EmbeddedGroup/rubby_sensor_6601'\'' and source_branch='\''independent_dirt_detecte'\'' and target_project='\''abby/integration/sensors'\'' and target_branch='\''independent_dirt_detecte'\'' and status='\''0'\'' and job_name='\''cafer-6601-embeded'\'' order by id desc limit 1;'
++ set +x
+ version='first_commit_id
c548c89'
++ awk -F ' ' '{print $2}'
++ echo first_commit_id c548c89
+ version=c548c89
++ git log -1 --pretty=format:%h
+ first_commit_id_now=734c778
+ cmdb_mysql 'update prebuild set first_commit_id='\''734c778'\'' where build_url='\''http://192.168.50.191:8088/job/cafer-6601-embeded/202/'\'';'
+ set +x
+ popd
~/workspace/workspace/cafer-6601-embeded
+ [[ aarch64 =~ x86_64 ]]
+ [[ cafer-6601-embeded =~ i18r ]]
+ project_build
+ pushd /root/workspace/workspace/cafer-6601-embeded/rubby_sensor_6601
~/workspace/workspace/cafer-6601-embeded/rubby_sensor_6601 ~/workspace/workspace/cafer-6601-embeded
+ project_init_remote
++ find -type f -name sync_submodules.sh
+ sf=
+ '[' -z ']'
+ git submodule update --init --recursive
Submodule 'abby_msg' (http://192.168.50.191:85/abby/source/abby_msg.git) registered for path 'abby_msg'
Submodule 'mind_os' (ssh://git@192.168.50.191:222/mind_os/mind_os.git) registered for path 'mind_os'
Cloning into '/root/workspace/workspace/cafer-6601-embeded/rubby_sensor_6601/abby_msg'...
Cloning into '/root/workspace/workspace/cafer-6601-embeded/rubby_sensor_6601/mind_os'...
Submodule path 'abby_msg': checked out '8b9d64b7cac8bba739584d03937ba5212e1a4636'
Submodule path 'mind_os': checked out '869774fe4b69602997f94f4785646bf43cae839b'
+ git submodule update --remote
Submodule path 'abby_msg': checked out '53e6924a321fe4784827b77c2a9b6a7e560062af'
Submodule path 'mind_os': checked out 'cd95aa8e3bf0f924422a22b7f449cf3517208671'
+ sed -i 's/make -j[0-9].*/make -j4/g' build.sh
+ '[' -z ']'
+ '[' x734c778 == xc548c89 ']'
+ bash -ex build.sh
++ wc -l
++ grep processor
++ cat /proc/cpuinfo
+ NR=6
++ uname -m
+ PLATFORM=aarch64
+ echo 'now platform is aarch64 ...'
now platform is aarch64 ...
+ [[ 0 -gt 0 ]]
+ '[' aarch64 = x86_64 ']'
+ '[' aarch64 = aarch64 ']'
+ arm64_compile_arm64
+ '[' '!' -d build_arm64 ']'
+ mkdir build_arm64
+ cd build_arm64
+ cmake -DCOMPILE_FOR_SDK=OFF -DCROSS_COMPILE_ENABLE=OFF ..
-- The C compiler identification is GNU 9.4.0
-- The CXX compiler identification is GNU 9.4.0
-- Check for working C compiler: /usr/bin/cc
-- Check for working C compiler: /usr/bin/cc -- works
-- Detecting C compiler ABI info
-- Detecting C compiler ABI info - done
-- Detecting C compile features
-- Detecting C compile features - done
-- Check for working CXX compiler: /usr/bin/c++
-- Check for working CXX compiler: /usr/bin/c++ -- works
-- Detecting CXX compiler ABI info
-- Detecting CXX compiler ABI info - done
-- Detecting CXX compile features
-- Detecting CXX compile features - done
LIBRARY_OUTPUT_PATH /root/workspace/workspace/cafer-6601-embeded/rubby_sensor_6601/install/lib/arm ..................
EXECUTABLE_OUTPUT_PATH /root/workspace/workspace/cafer-6601-embeded/rubby_sensor_6601/install/bin/arm .....................
-- BUILD_ROS_NODE=OFF
-- emb_common version is 1.0.2
-- Found OpenCV: /usr/local (found suitable version "3.4.3", minimum required is "3") 
-- imsee version is 1.0.2
-- KeyBoard version is 1.0.2
-- McuData version is 1.0.2
-- multimodule version is 1.0.2
-- sensorControl version is 1.0.2
-- stream_media version is 1.0.2
-- sensor_plugin version is 1.0.2
-- test_plugin version is 1.0.2
-- sensor_subscriber_plugin version is 1.0.2
-- Configuring done
-- Generating done
CMake Warning:
  Manually-specified variables were not used by the project:

    COMPILE_FOR_SDK
    CROSS_COMPILE_ENABLE


-- Build files have been written to: /root/workspace/workspace/cafer-6601-embeded/rubby_sensor_6601/build_arm64
+ make -j6
Scanning dependencies of target emb_common
[  1%] Building CXX object sensor/core/common/CMakeFiles/emb_common.dir/ByteFifo.cpp.o
[  4%] Building CXX object sensor/core/common/CMakeFiles/emb_common.dir/common.cpp.o
[  4%] Building CXX object sensor/core/common/CMakeFiles/emb_common.dir/CRC32.cpp.o
[  6%] Building CXX object sensor/core/common/CMakeFiles/emb_common.dir/CRC16.cpp.o
[  7%] Building CXX object sensor/core/common/CMakeFiles/emb_common.dir/RobotDebug.cpp.o
[  9%] Building CXX object sensor/core/common/CMakeFiles/emb_common.dir/ThreadCpuSet.cpp.o
[ 10%] Building CXX object sensor/core/common/CMakeFiles/emb_common.dir/TimeSync.cpp.o
[ 12%] Building CXX object sensor/core/common/CMakeFiles/emb_common.dir/MsgQueue.cpp.o
[ 13%] Building CXX object sensor/core/common/CMakeFiles/emb_common.dir/ThreadMsgQueue.cpp.o
[ 15%] Building CXX object sensor/core/common/CMakeFiles/emb_common.dir/ConfigYaml.cpp.o
/root/workspace/workspace/cafer-6601-embeded/rubby_sensor_6601/sensor/core/common/ByteFifo.cpp: In member function â€˜int ByteFifo::Init()â€™:
/root/workspace/workspace/cafer-6601-embeded/rubby_sensor_6601/sensor/core/common/ByteFifo.cpp:33:7: warning: unused variable â€˜flagsâ€™ [-Wunused-variable]
   33 |   int flags = fcntl(writeFd, F_GETFL);
      |       ^~~~~
[ 16%] Building CXX object sensor/core/common/CMakeFiles/emb_common.dir/md5.cpp.o
[ 18%] Building CXX object sensor/core/common/CMakeFiles/emb_common.dir/md5file.cpp.o
[ 19%] Building CXX object sensor/core/common/CMakeFiles/emb_common.dir/DataTypeConversion.cpp.o
[ 21%] Linking CXX shared library ../../../../install/lib/arm/libemb_common.so
[ 21%] Built target emb_common
Scanning dependencies of target monitor_node
Scanning dependencies of target KeyBoard
Scanning dependencies of target sensorControl
[ 22%] Building CXX object sensor/nodes/sensor_plugin/CMakeFiles/monitor_node.dir/MonitorNode.cpp.o
Scanning dependencies of target sensor_subscriber_plugin
Scanning dependencies of target test_plugin
[ 24%] Building CXX object sensor/core/keyboard/CMakeFiles/KeyBoard.dir/KeyBoard.cpp.o
[ 25%] Building CXX object sensor/core/controller/CMakeFiles/sensorControl.dir/Controller.cpp.o
[ 27%] Building CXX object sensor/nodes/sensor_subscriber_plugin/CMakeFiles/sensor_subscriber_plugin.dir/sensor_subscriber.cpp.o
Scanning dependencies of target stream_media
[ 28%] Building CXX object sensor/nodes/test_plugin/CMakeFiles/test_plugin.dir/TestModule.cpp.o
[ 30%] Building CXX object sensor/core/stream_media/CMakeFiles/stream_media.dir/stream_media.cpp.o
[ 31%] Building CXX object sensor/nodes/sensor_plugin/CMakeFiles/monitor_node.dir/EmbSensorMonitor.cpp.o
[ 33%] Linking CXX shared library ../../../../install/lib/arm/libsensorControl.so
/root/workspace/workspace/cafer-6601-embeded/rubby_sensor_6601/sensor/core/keyboard/KeyBoard.cpp: In member function â€˜int emb_node::KeyBoard::LoadConfig(std::string)â€™:
/root/workspace/workspace/cafer-6601-embeded/rubby_sensor_6601/sensor/core/keyboard/KeyBoard.cpp:212:26: warning: unused variable â€˜configFileâ€™ [-Wunused-variable]
  212 |   YAMLConfig::ConfigFile configFile;
      |                          ^~~~~~~~~~
/root/workspace/workspace/cafer-6601-embeded/rubby_sensor_6601/sensor/core/keyboard/KeyBoard.cpp:217:1: warning: no return statement in function returning non-void [-Wreturn-type]
  217 | }
      | ^
[ 33%] Built target sensorControl
[ 34%] Building CXX object sensor/core/keyboard/CMakeFiles/KeyBoard.dir/__/drivers/serial.cpp.o
In file included from /root/workspace/workspace/cafer-6601-embeded/rubby_sensor_6601/sensor/nodes/test_plugin/TestModule.cpp:1:
/root/workspace/workspace/cafer-6601-embeded/rubby_sensor_6601/sensor/nodes/test_plugin/TestModule.hpp: In constructor â€˜sensor_module::TestModule::TestModule()â€™:
/root/workspace/workspace/cafer-6601-embeded/rubby_sensor_6601/sensor/nodes/test_plugin/TestModule.hpp:67:18: warning: â€˜sensor_module::TestModule::topicPublishImseeThâ€™ will be initialized after [-Wreorder]
   67 |     std::thread *topicPublishImseeTh;     //åˆ›å»ºå‘å¸ƒtopicçº¿ç¨‹
      |                  ^~~~~~~~~~~~~~~~~~~
/root/workspace/workspace/cafer-6601-embeded/rubby_sensor_6601/sensor/nodes/test_plugin/TestModule.hpp:57:10: warning:   â€˜bool sensor_module::TestModule::isSensorRunningâ€™ [-Wreorder]
   57 |     bool isSensorRunning;
      |          ^~~~~~~~~~~~~~~
/root/workspace/workspace/cafer-6601-embeded/rubby_sensor_6601/sensor/nodes/test_plugin/TestModule.cpp:17:1: warning:   when initialized here [-Wreorder]
   17 | TestModule::TestModule()
      | ^~~~~~~~~~
In file included from /root/workspace/workspace/cafer-6601-embeded/rubby_sensor_6601/sensor/nodes/sensor_subscriber_plugin/sensor_subscriber.cpp:6:
/root/workspace/workspace/cafer-6601-embeded/rubby_sensor_6601/sensor/nodes/sensor_subscriber_plugin/sensor_subscriber.cpp: In constructor â€˜sensor_module::sensor_subscriber::sensor_subscriber()â€™:
/root/workspace/workspace/cafer-6601-embeded/rubby_sensor_6601/sensor/core/common/RobotDebug.hpp:107:157: warning: too many arguments for format [-Wformat-extra-args]
  107 | #define RobotDEBUG(format, ...) {if(EmbLog::GetInstance()->GetLogSwitch() && (LOG_LEVEL_DEBUG >= EmbLog::GetInstance()->GetLogMinLevel()))  fprintf(stdout, "%lu [%s:%d/%s] [sensors] " format "\n", GetSystimeMs(), basename((char *)__FILE__), __LINE__, __FUNCTION__, ##__VA_ARGS__);}
      |                                                                                                                                                             ^~~~~~~~~~~~~~~~~~~~~~~~~~~~~~~~~~~~~~~
/root/workspace/workspace/cafer-6601-embeded/rubby_sensor_6601/sensor/nodes/sensor_subscriber_plugin/sensor_subscriber.cpp:211:5: note: in expansion of macro â€˜RobotDEBUGâ€™
  211 |     RobotDEBUG("set sensor file dir:", fileDir);
      |     ^~~~~~~~~~
/root/workspace/workspace/cafer-6601-embeded/rubby_sensor_6601/sensor/nodes/test_plugin/TestModule.cpp: In member function â€˜void sensor_module::TestModule::onStart(mind_os::ConstPtr<sensor_srvs::SensorStart::Request>&, mind_os::Ptr<sensor_srvs::SensorStart::Response>&)â€™:
/root/workspace/workspace/cafer-6601-embeded/rubby_sensor_6601/sensor/nodes/test_plugin/TestModule.cpp:75:16: warning: unused variable â€˜pthBluetooStatusâ€™ [-Wunused-variable]
   75 |   std::thread *pthBluetooStatus = new std::thread([&]() {
      |                ^~~~~~~~~~~~~~~~
/root/workspace/workspace/cafer-6601-embeded/rubby_sensor_6601/sensor/nodes/test_plugin/TestModule.cpp:83:16: warning: unused variable â€˜pthBumperâ€™ [-Wunused-variable]
   83 |   std::thread *pthBumper = new std::thread([&]() {
      |                ^~~~~~~~~
/root/workspace/workspace/cafer-6601-embeded/rubby_sensor_6601/sensor/nodes/test_plugin/TestModule.cpp:91:16: warning: unused variable â€˜pthChargePositionâ€™ [-Wunused-variable]
   91 |   std::thread *pthChargePosition = new std::thread([&]() {
      |                ^~~~~~~~~~~~~~~~~
/root/workspace/workspace/cafer-6601-embeded/rubby_sensor_6601/sensor/nodes/test_plugin/TestModule.cpp:99:16: warning: unused variable â€˜pthCliffEventâ€™ [-Wunused-variable]
   99 |   std::thread *pthCliffEvent = new std::thread([&]() {
      |                ^~~~~~~~~~~~~
/root/workspace/workspace/cafer-6601-embeded/rubby_sensor_6601/sensor/nodes/test_plugin/TestModule.cpp:107:16: warning: unused variable â€˜pthDropEventâ€™ [-Wunused-variable]
  107 |   std::thread *pthDropEvent = new std::thread([&]() {
      |                ^~~~~~~~~~~~
/root/workspace/workspace/cafer-6601-embeded/rubby_sensor_6601/sensor/nodes/test_plugin/TestModule.cpp:115:16: warning: unused variable â€˜pthEncoderMsgâ€™ [-Wunused-variable]
  115 |   std::thread *pthEncoderMsg = new std::thread([&]() {
      |                ^~~~~~~~~~~~~
/root/workspace/workspace/cafer-6601-embeded/rubby_sensor_6601/sensor/nodes/test_plugin/TestModule.cpp:123:16: warning: unused variable â€˜pthImgTxMsgâ€™ [-Wunused-variable]
  123 |   std::thread *pthImgTxMsg = new std::thread([&]() {
      |                ^~~~~~~~~~~
/root/workspace/workspace/cafer-6601-embeded/rubby_sensor_6601/sensor/nodes/test_plugin/TestModule.cpp:131:16: warning: unused variable â€˜pthImgIrMsgâ€™ [-Wunused-variable]
  131 |   std::thread *pthImgIrMsg = new std::thread([&]() {
      |                ^~~~~~~~~~~
/root/workspace/workspace/cafer-6601-embeded/rubby_sensor_6601/sensor/nodes/test_plugin/TestModule.cpp:139:16: warning: unused variable â€˜pthImuMsgâ€™ [-Wunused-variable]
  139 |   std::thread *pthImuMsg = new std::thread([&]() {
      |                ^~~~~~~~~
/root/workspace/workspace/cafer-6601-embeded/rubby_sensor_6601/sensor/nodes/test_plugin/TestModule.cpp:147:16: warning: unused variable â€˜pthLightFlowâ€™ [-Wunused-variable]
  147 |   std::thread *pthLightFlow = new std::thread([&]() {
      |                ^~~~~~~~~~~~
/root/workspace/workspace/cafer-6601-embeded/rubby_sensor_6601/sensor/nodes/test_plugin/TestModule.cpp:155:16: warning: unused variable â€˜pthMachineModeâ€™ [-Wunused-variable]
  155 |   std::thread *pthMachineMode = new std::thread([&]() {
      |                ^~~~~~~~~~~~~~
/root/workspace/workspace/cafer-6601-embeded/rubby_sensor_6601/sensor/nodes/test_plugin/TestModule.cpp:163:16: warning: unused variable â€˜pthWallSensorMsgâ€™ [-Wunused-variable]
  163 |   std::thread *pthWallSensorMsg = new std::thread([&]() {
      |                ^~~~~~~~~~~~~~~~
/root/workspace/workspace/cafer-6601-embeded/rubby_sensor_6601/sensor/nodes/test_plugin/TestModule.cpp:174:16: warning: unused variable â€˜pthWheelSpeedMsgâ€™ [-Wunused-variable]
  174 |   std::thread *pthWheelSpeedMsg = new std::thread([&]() {
      |                ^~~~~~~~~~~~~~~~
/root/workspace/workspace/cafer-6601-embeded/rubby_sensor_6601/sensor/nodes/test_plugin/TestModule.cpp:182:16: warning: unused variable â€˜pthMotorCurrentMsgâ€™ [-Wunused-variable]
  182 |   std::thread *pthMotorCurrentMsg = new std::thread([&]() {
      |                ^~~~~~~~~~~~~~~~~~
/root/workspace/workspace/cafer-6601-embeded/rubby_sensor_6601/sensor/nodes/test_plugin/TestModule.cpp:195:16: warning: unused variable â€˜pthBatteryEventâ€™ [-Wunused-variable]
  195 |   std::thread *pthBatteryEvent = new std::thread([&]() {
      |                ^~~~~~~~~~~~~~~
/root/workspace/workspace/cafer-6601-embeded/rubby_sensor_6601/sensor/nodes/test_plugin/TestModule.cpp:208:18: warning: unused variable â€˜pthKeyEventâ€™ [-Wunused-variable]
  208 |     std::thread *pthKeyEvent = new std::thread([&]() {
      |                  ^~~~~~~~~~~
/root/workspace/workspace/cafer-6601-embeded/rubby_sensor_6601/sensor/nodes/test_plugin/TestModule.cpp:219:16: warning: unused variable â€˜pthImuMsgAuxiliaryâ€™ [-Wunused-variable]
  219 |   std::thread *pthImuMsgAuxiliary = new std::thread([&]() {
      |                ^~~~~~~~~~~~~~~~~~
/root/workspace/workspace/cafer-6601-embeded/rubby_sensor_6601/sensor/nodes/test_plugin/TestModule.cpp:235:16: warning: unused variable â€˜pthWifiStatusâ€™ [-Wunused-variable]
  235 |   std::thread *pthWifiStatus = new std::thread([&]() {
      |                ^~~~~~~~~~~~~
/root/workspace/workspace/cafer-6601-embeded/rubby_sensor_6601/sensor/nodes/sensor_subscriber_plugin/sensor_subscriber.cpp:370:18: warning: unused variable â€˜imseeTxIrTaskâ€™ [-Wunused-variable]
  370 |     std::thread *imseeTxIrTask = new std::thread([this, &nh]() {
      |                  ^~~~~~~~~~~~~
In file included from /root/workspace/workspace/cafer-6601-embeded/rubby_sensor_6601/sensor/core/common/TimeUsedCheck.hpp:5,
                 from /root/workspace/workspace/cafer-6601-embeded/rubby_sensor_6601/sensor/core/common/EmbLib.hpp:10,
                 from /root/workspace/workspace/cafer-6601-embeded/rubby_sensor_6601/sensor/nodes/sensor_plugin/EmbSensorMonitor.hpp:5,
                 from /root/workspace/workspace/cafer-6601-embeded/rubby_sensor_6601/sensor/nodes/sensor_plugin/EmbSensorMonitor.cpp:1:
/root/workspace/workspace/cafer-6601-embeded/rubby_sensor_6601/sensor/nodes/sensor_plugin/EmbSensorMonitor.cpp: In constructor â€˜emb_monitor::EmbSensorMonitor::EmbSensorMonitor(std::string)â€™:
/root/workspace/workspace/cafer-6601-embeded/rubby_sensor_6601/sensor/core/common/RobotDebug.hpp:107:157: warning: too many arguments for format [-Wformat-extra-args]
  107 | #define RobotDEBUG(format, ...) {if(EmbLog::GetInstance()->GetLogSwitch() && (LOG_LEVEL_DEBUG >= EmbLog::GetInstance()->GetLogMinLevel()))  fprintf(stdout, "%lu [%s:%d/%s] [sensors] " format "\n", GetSystimeMs(), basename((char *)__FILE__), __LINE__, __FUNCTION__, ##__VA_ARGS__);}
      |                                                                                                                                                             ^~~~~~~~~~~~~~~~~~~~~~~~~~~~~~~~~~~~~~~
/root/workspace/workspace/cafer-6601-embeded/rubby_sensor_6601/sensor/nodes/sensor_plugin/EmbSensorMonitor.cpp:30:7: note: in expansion of macro â€˜RobotDEBUGâ€™
   30 |       RobotDEBUG("EmbSensorMonitor mkdir config dir: ", configDir, " failed");
      |       ^~~~~~~~~~
/root/workspace/workspace/cafer-6601-embeded/rubby_sensor_6601/sensor/core/stream_media/stream_media.cpp: In member function â€˜virtual int stream_media::StreamMedia::LoadConfig(std::string)â€™:
/root/workspace/workspace/cafer-6601-embeded/rubby_sensor_6601/sensor/core/stream_media/stream_media.cpp:58:26: warning: unused variable â€˜configFileâ€™ [-Wunused-variable]
   58 |   YAMLConfig::ConfigFile configFile;
      |                          ^~~~~~~~~~
/root/workspace/workspace/cafer-6601-embeded/rubby_sensor_6601/sensor/core/stream_media/stream_media.cpp: In member function â€˜virtual int stream_media::StreamMedia::Start()â€™:
/root/workspace/workspace/cafer-6601-embeded/rubby_sensor_6601/sensor/core/stream_media/stream_media.cpp:180:1: warning: label â€˜failureâ€™ defined but not used [-Wunused-label]
  180 | failure:
      | ^~~~~~~
/root/workspace/workspace/cafer-6601-embeded/rubby_sensor_6601/sensor/core/stream_media/stream_media.cpp: In static member function â€˜static GstFlowReturn stream_media::StreamMedia::myAppSrcNeedData(GstAppSrc*, guint, gpointer)â€™:
/root/workspace/workspace/cafer-6601-embeded/rubby_sensor_6601/sensor/core/stream_media/stream_media.cpp:218:11: warning: unused variable â€˜dataâ€™ [-Wunused-variable]
  218 |   guint8 *data;
      |           ^~~~
/root/workspace/workspace/cafer-6601-embeded/rubby_sensor_6601/sensor/core/stream_media/stream_media.cpp: In static member function â€˜static gboolean stream_media::StreamMedia::busCall(GstBus*, GstMessage*, gpointer)â€™:
/root/workspace/workspace/cafer-6601-embeded/rubby_sensor_6601/sensor/core/stream_media/stream_media.cpp:290:10: warning: unused variable â€˜pipelineâ€™ [-Wunused-variable]
  290 |     auto pipeline = static_cast<StreamMedia*>(data);
      |          ^~~~~~~~
/root/workspace/workspace/cafer-6601-embeded/rubby_sensor_6601/sensor/nodes/sensor_plugin/EmbSensorMonitor.cpp: In member function â€˜void emb_monitor::EmbSensorMonitor::SysMonitortask()â€™:
/root/workspace/workspace/cafer-6601-embeded/rubby_sensor_6601/sensor/nodes/sensor_plugin/EmbSensorMonitor.cpp:325:31: warning: unknown conversion type character â€˜$â€™ in format [-Wformat=]
  325 |           " MIN_NUM=${MIN_NUM%${FILE_EXT}} \n"
      |                               ^
/root/workspace/workspace/cafer-6601-embeded/rubby_sensor_6601/sensor/nodes/sensor_plugin/EmbSensorMonitor.cpp:327:31: warning: unknown conversion type character â€˜$â€™ in format [-Wformat=]
  327 |           " MAX_NUM=${MAX_NUM%${FILE_EXT}} \n"
      |                               ^
/root/workspace/workspace/cafer-6601-embeded/rubby_sensor_6601/sensor/nodes/sensor_plugin/EmbSensorMonitor.cpp: In member function â€˜std::vector<emb_monitor::SensorMagerErrorType> emb_monitor::EmbSensorMonitor::Start()â€™:
/root/workspace/workspace/cafer-6601-embeded/rubby_sensor_6601/sensor/nodes/sensor_plugin/EmbSensorMonitor.cpp:677:19: warning: moving a local object in a return statement prevents copy elision [-Wpessimizing-move]
  677 |   return std::move(errorlist);
      |          ~~~~~~~~~^~~~~~~~~~~
/root/workspace/workspace/cafer-6601-embeded/rubby_sensor_6601/sensor/nodes/sensor_plugin/EmbSensorMonitor.cpp:677:19: note: remove â€˜std::moveâ€™ call
/root/workspace/workspace/cafer-6601-embeded/rubby_sensor_6601/sensor/nodes/sensor_plugin/EmbSensorMonitor.cpp: In member function â€˜std::vector<emb_monitor::SensorMagerErrorType> emb_monitor::EmbSensorMonitor::Stop()â€™:
/root/workspace/workspace/cafer-6601-embeded/rubby_sensor_6601/sensor/nodes/sensor_plugin/EmbSensorMonitor.cpp:713:19: warning: moving a local object in a return statement prevents copy elision [-Wpessimizing-move]
  713 |   return std::move(errorlist);
      |          ~~~~~~~~~^~~~~~~~~~~
/root/workspace/workspace/cafer-6601-embeded/rubby_sensor_6601/sensor/nodes/sensor_plugin/EmbSensorMonitor.cpp:713:19: note: remove â€˜std::moveâ€™ call
/root/workspace/workspace/cafer-6601-embeded/rubby_sensor_6601/sensor/nodes/sensor_plugin/EmbSensorMonitor.cpp: In member function â€˜std::vector<emb_monitor::SensorMagerErrorType> emb_monitor::EmbSensorMonitor::SensorClose()â€™:
/root/workspace/workspace/cafer-6601-embeded/rubby_sensor_6601/sensor/nodes/sensor_plugin/EmbSensorMonitor.cpp:728:21: warning: moving a local object in a return statement prevents copy elision [-Wpessimizing-move]
  728 |     return std::move(errorlist);
      |            ~~~~~~~~~^~~~~~~~~~~
/root/workspace/workspace/cafer-6601-embeded/rubby_sensor_6601/sensor/nodes/sensor_plugin/EmbSensorMonitor.cpp:728:21: note: remove â€˜std::moveâ€™ call
/root/workspace/workspace/cafer-6601-embeded/rubby_sensor_6601/sensor/nodes/sensor_plugin/EmbSensorMonitor.cpp:735:19: warning: moving a local object in a return statement prevents copy elision [-Wpessimizing-move]
  735 |   return std::move(errorlist);
      |          ~~~~~~~~~^~~~~~~~~~~
/root/workspace/workspace/cafer-6601-embeded/rubby_sensor_6601/sensor/nodes/sensor_plugin/EmbSensorMonitor.cpp:735:19: note: remove â€˜std::moveâ€™ call
/root/workspace/workspace/cafer-6601-embeded/rubby_sensor_6601/sensor/nodes/sensor_plugin/EmbSensorMonitor.cpp: In member function â€˜std::vector<emb_monitor::SensorMagerErrorType> emb_monitor::EmbSensorMonitor::SensorOpen()â€™:
/root/workspace/workspace/cafer-6601-embeded/rubby_sensor_6601/sensor/nodes/sensor_plugin/EmbSensorMonitor.cpp:745:21: warning: moving a local object in a return statement prevents copy elision [-Wpessimizing-move]
  745 |     return std::move(errorlist);
      |            ~~~~~~~~~^~~~~~~~~~~
/root/workspace/workspace/cafer-6601-embeded/rubby_sensor_6601/sensor/nodes/sensor_plugin/EmbSensorMonitor.cpp:745:21: note: remove â€˜std::moveâ€™ call
/root/workspace/workspace/cafer-6601-embeded/rubby_sensor_6601/sensor/nodes/sensor_plugin/EmbSensorMonitor.cpp:757:19: warning: moving a local object in a return statement prevents copy elision [-Wpessimizing-move]
  757 |   return std::move(errorlist);
      |          ~~~~~~~~~^~~~~~~~~~~
/root/workspace/workspace/cafer-6601-embeded/rubby_sensor_6601/sensor/nodes/sensor_plugin/EmbSensorMonitor.cpp:757:19: note: remove â€˜std::moveâ€™ call
[ 36%] Linking CXX shared library ../../../../install/lib/arm/libstream_media.so
[ 37%] Linking CXX shared library ../../../../install/lib/arm/libKeyBoard.so
[ 37%] Built target stream_media
[ 37%] Built target KeyBoard
[ 39%] Linking CXX shared library ../../../../install/lib/arm/libmonitor_node.so
[ 39%] Built target monitor_node
Scanning dependencies of target McuData
Scanning dependencies of target multi_main
Scanning dependencies of target multimodule
[ 40%] Building CXX object sensor/core/multi_module/src/CMakeFiles/multimodule.dir/MultiModule.cpp.o
[ 42%] Building CXX object sensor/core/mcudata/CMakeFiles/McuData.dir/McuData.cpp.o
[ 43%] Building CXX object sensor/core/multi_module/sample/CMakeFiles/multi_main.dir/__/src/MultiModule.cpp.o
Scanning dependencies of target imsee
[ 45%] Building CXX object sensor/core/imsee/src/CMakeFiles/imsee.dir/6601_mipi/mipi_imsee.cpp.o
[ 46%] Linking CXX shared library ../../../../install/lib/arm/libtest_plugin.so
/root/workspace/workspace/cafer-6601-embeded/rubby_sensor_6601/sensor/core/mcudata/McuData.cpp: In member function â€˜void emb_node::McuData::DriverLoopTask()â€™:
/root/workspace/workspace/cafer-6601-embeded/rubby_sensor_6601/sensor/core/mcudata/McuData.cpp:641:13: warning: comparison of integer expressions of different signedness: â€˜intâ€™ and â€˜long unsigned intâ€™ [-Wsign-compare]
  641 |       count > sizeof(byteQueue);
      |       ~~~~~~^~~~~~~~~~~~~~~~~~~
/root/workspace/workspace/cafer-6601-embeded/rubby_sensor_6601/sensor/core/mcudata/McuData.cpp:641:13: warning: statement has no effect [-Wunused-value]
/root/workspace/workspace/cafer-6601-embeded/rubby_sensor_6601/sensor/core/mcudata/McuData.cpp:629:21: warning: variable â€˜preTimeâ€™ set but not used [-Wunused-but-set-variable]
  629 |     static uint64_t preTime;
      |                     ^~~~~~~
/root/workspace/workspace/cafer-6601-embeded/rubby_sensor_6601/sensor/core/mcudata/McuData.cpp: In member function â€˜void emb_node::McuData::GetFaultData(uint8_t*)â€™:
/root/workspace/workspace/cafer-6601-embeded/rubby_sensor_6601/sensor/core/mcudata/McuData.cpp:1366:12: warning: unused variable â€˜systimeâ€™ [-Wunused-variable]
 1366 |   uint64_t systime = AttachToSystemTime(buf[1] << 8 | buf[0]);
      |            ^~~~~~~
/root/workspace/workspace/cafer-6601-embeded/rubby_sensor_6601/sensor/core/mcudata/McuData.cpp: In member function â€˜void emb_node::McuData::GetMotorStatus(uint8_t*)â€™:
/root/workspace/workspace/cafer-6601-embeded/rubby_sensor_6601/sensor/core/mcudata/McuData.cpp:1424:12: warning: unused variable â€˜systimeâ€™ [-Wunused-variable]
 1424 |   uint64_t systime = AttachToSystemTime(buf[1] << 8 | buf[0]);
      |            ^~~~~~~
/root/workspace/workspace/cafer-6601-embeded/rubby_sensor_6601/sensor/core/mcudata/McuData.cpp: In member function â€˜bool emb_node::McuData::CleanMotorSet(std::vector<sensor_srvs::CleanMotorSrv::CleanMotorCtrl>&)â€™:
/root/workspace/workspace/cafer-6601-embeded/rubby_sensor_6601/sensor/core/mcudata/McuData.cpp:1604:12: warning: enumeration value â€˜EDGE_BRUSH_SPEEDâ€™ not handled in switch [-Wswitch]
 1604 |     switch (a.motroType) {
      |            ^
/root/workspace/workspace/cafer-6601-embeded/rubby_sensor_6601/sensor/core/mcudata/McuData.cpp:1604:12: warning: enumeration value â€˜MOD_SPEEDâ€™ not handled in switch [-Wswitch]
/root/workspace/workspace/cafer-6601-embeded/rubby_sensor_6601/sensor/core/mcudata/McuData.cpp:1604:12: warning: enumeration value â€˜WATER_PUMP_SPEEDâ€™ not handled in switch [-Wswitch]
/root/workspace/workspace/cafer-6601-embeded/rubby_sensor_6601/sensor/core/mcudata/McuData.cpp:1604:12: warning: enumeration value â€˜LIFTING_MOTORâ€™ not handled in switch [-Wswitch]
/root/workspace/workspace/cafer-6601-embeded/rubby_sensor_6601/sensor/core/mcudata/McuData.cpp: In member function â€˜int emb_node::McuData::TimeSync()â€™:
/root/workspace/workspace/cafer-6601-embeded/rubby_sensor_6601/sensor/core/mcudata/McuData.cpp:1755:11: warning: unused variable â€˜bufâ€™ [-Wunused-variable]
 1755 |   uint8_t buf[8];
      |           ^~~
/root/workspace/workspace/cafer-6601-embeded/rubby_sensor_6601/sensor/core/mcudata/McuData.cpp: In member function â€˜void emb_node::McuData::GS2HandlerThread()â€™:
/root/workspace/workspace/cafer-6601-embeded/rubby_sensor_6601/sensor/core/mcudata/McuData.cpp:2107:25: warning: comparison of integer expressions of different signedness: â€˜intâ€™ and â€˜std::vector<float>::size_typeâ€™ {aka â€˜long unsigned intâ€™} [-Wsign-compare]
 2107 |       for (int i = 0; i < cloudPtr->channels[2].values.size(); i++) {
      |                       ~~^~~~~~~~~~~~~~~~~~~~~~~~~~~~~~~~~~~~~
In file included from /root/workspace/workspace/cafer-6601-embeded/rubby_sensor_6601/sensor/core/imsee/src/6601_mipi/mipi_imsee.hpp:6,
                 from /root/workspace/workspace/cafer-6601-embeded/rubby_sensor_6601/sensor/core/imsee/src/6601_mipi/mipi_imsee.cpp:1:
/root/workspace/workspace/cafer-6601-embeded/rubby_sensor_6601/sensor/core/imsee/src/ImseeModule.hpp:145:82: error: â€˜ColorImgâ€™ is not a member of â€˜sensor_msgsâ€™
  145 |   virtual void RegisterCallBack(std::function<void (std::shared_ptr<sensor_msgs::ColorImg>)>cb) = 0;
      |                                                                                  ^~~~~~~~
/root/workspace/workspace/cafer-6601-embeded/rubby_sensor_6601/sensor/core/imsee/src/ImseeModule.hpp:145:90: error: template argument 1 is invalid
  145 |   virtual void RegisterCallBack(std::function<void (std::shared_ptr<sensor_msgs::ColorImg>)>cb) = 0;
      |                                                                                          ^
/root/workspace/workspace/cafer-6601-embeded/rubby_sensor_6601/sensor/core/multi_module/src/MultiModule.cpp: In member function â€˜virtual int emb_node::ToolsModule::LoadConfig(std::string)â€™:
/root/workspace/workspace/cafer-6601-embeded/rubby_sensor_6601/sensor/core/multi_module/src/MultiModule.cpp:202:26: warning: unused variable â€˜configFileâ€™ [-Wunused-variable]
  202 |   YAMLConfig::ConfigFile configFile;
      |                          ^~~~~~~~~~
/root/workspace/workspace/cafer-6601-embeded/rubby_sensor_6601/sensor/core/multi_module/src/MultiModule.cpp: In member function â€˜void emb_node::ToolsModule::SysCheckTaks()â€™:
/root/workspace/workspace/cafer-6601-embeded/rubby_sensor_6601/sensor/core/multi_module/src/MultiModule.cpp:309:14: warning: unused variable â€˜nowTimeâ€™ [-Wunused-variable]
  309 |     uint64_t nowTime = GetSystimeMs();
      |              ^~~~~~~
/root/workspace/workspace/cafer-6601-embeded/rubby_sensor_6601/sensor/core/multi_module/src/MultiModule.cpp:297:12: warning: unused variable â€˜temperatureLastTimeâ€™ [-Wunused-variable]
  297 |   uint64_t temperatureLastTime = GetSystimeMs();
      |            ^~~~~~~~~~~~~~~~~~~
/root/workspace/workspace/cafer-6601-embeded/rubby_sensor_6601/sensor/core/multi_module/src/MultiModule.cpp: In member function â€˜virtual int emb_node::ToolsModule::SetSysTime(uint64_t)â€™:
/root/workspace/workspace/cafer-6601-embeded/rubby_sensor_6601/sensor/core/multi_module/src/MultiModule.cpp:373:1: warning: no return statement in function returning non-void [-Wreturn-type]
  373 | }
      | ^
/root/workspace/workspace/cafer-6601-embeded/rubby_sensor_6601/sensor/core/multi_module/src/MultiModule.cpp: In member function â€˜virtual int emb_node::ToolsModule::SetSysTime(int, int, int, int, int, int, int)â€™:
/root/workspace/workspace/cafer-6601-embeded/rubby_sensor_6601/sensor/core/multi_module/src/MultiModule.cpp:387:1: warning: no return statement in function returning non-void [-Wreturn-type]
  387 | }
      | ^
[ 46%] Built target test_plugin
/root/workspace/workspace/cafer-6601-embeded/rubby_sensor_6601/sensor/core/multi_module/src/MultiModule.cpp: At global scope:
/root/workspace/workspace/cafer-6601-embeded/rubby_sensor_6601/sensor/core/multi_module/src/MultiModule.cpp:608:1: warning: â€˜typedefâ€™ was ignored in this declaration
  608 | typedef struct CPU_OCCUPY {
      | ^~~~~~~
/root/workspace/workspace/cafer-6601-embeded/rubby_sensor_6601/sensor/core/multi_module/src/MultiModule.cpp: In member function â€˜virtual int emb_node::ToolsModule::ThreeColorLightControl(std::string, emb_node::PowerType)â€™:
/root/workspace/workspace/cafer-6601-embeded/rubby_sensor_6601/sensor/core/multi_module/src/MultiModule.cpp:730:7: warning: variable â€˜retâ€™ set but not used [-Wunused-but-set-variable]
  730 |   int ret = 0;
      |       ^~~
/root/workspace/workspace/cafer-6601-embeded/rubby_sensor_6601/sensor/core/multi_module/src/MultiModule.cpp: In member function â€˜int emb_node::ToolsModule::SetAndGetVoice(int)â€™:
/root/workspace/workspace/cafer-6601-embeded/rubby_sensor_6601/sensor/core/multi_module/src/MultiModule.cpp:774:20: warning: ISO C++ forbids converting a string constant to â€˜char*â€™ [-Wwrite-strings]
  774 |   char *sctrlstr = "DAC Digital";
      |                    ^~~~~~~~~~~~~
[ 48%] Building CXX object sensor/core/imsee/src/CMakeFiles/imsee.dir/ImseeModule.cpp.o
/root/workspace/workspace/cafer-6601-embeded/rubby_sensor_6601/sensor/core/multi_module/src/MultiModule.cpp:775:8: warning: unused variable â€˜volMinâ€™ [-Wunused-variable]
  775 |   long volMin = 0, volMax = 0, leftVal = 0, rightVal = 0;
      |        ^~~~~~
/root/workspace/workspace/cafer-6601-embeded/rubby_sensor_6601/sensor/core/multi_module/src/MultiModule.cpp:775:20: warning: unused variable â€˜volMaxâ€™ [-Wunused-variable]
  775 |   long volMin = 0, volMax = 0, leftVal = 0, rightVal = 0;
      |                    ^~~~~~
/root/workspace/workspace/cafer-6601-embeded/rubby_sensor_6601/sensor/core/multi_module/src/MultiModule.cpp: In function â€˜int emb_node::GetCpuId_X86(char*)â€™:
/root/workspace/workspace/cafer-6601-embeded/rubby_sensor_6601/sensor/core/multi_module/src/MultiModule.cpp:1071:9: warning: unused variable â€˜lengthâ€™ [-Wunused-variable]
 1071 |  size_t length = 0;
      |         ^~~~~~
/root/workspace/workspace/cafer-6601-embeded/rubby_sensor_6601/sensor/core/multi_module/src/MultiModule.cpp: In member function â€˜virtual bool emb_node::ToolsModule::RtmpCtrl(uint8_t, std::string)â€™:
/root/workspace/workspace/cafer-6601-embeded/rubby_sensor_6601/sensor/core/multi_module/src/MultiModule.cpp:1215:16: warning: ISO C++ forbids converting a string constant to â€˜char*â€™ [-Wwrite-strings]
 1215 |     char* ip = "127.0.0.1";
      |                ^~~~~~~~~~~
/root/workspace/workspace/cafer-6601-embeded/rubby_sensor_6601/sensor/core/imsee/src/6601_mipi/mipi_imsee.cpp: In constructor â€˜imsee_module::MIPI_IMSEE::MIPI_IMSEE()â€™:
/root/workspace/workspace/cafer-6601-embeded/rubby_sensor_6601/sensor/core/imsee/src/6601_mipi/mipi_imsee.cpp:188:10: warning: unused variable â€˜imuAccScaleValâ€™ [-Wunused-variable]
  188 |   double imuAccScaleVal = 0;
      |          ^~~~~~~~~~~~~~
/root/workspace/workspace/cafer-6601-embeded/rubby_sensor_6601/sensor/core/imsee/src/6601_mipi/mipi_imsee.cpp:189:10: warning: unused variable â€˜imuGyroScaleValâ€™ [-Wunused-variable]
  189 |   double imuGyroScaleVal = 0;
      |          ^~~~~~~~~~~~~~~
/root/workspace/workspace/cafer-6601-embeded/rubby_sensor_6601/sensor/core/imsee/src/6601_mipi/mipi_imsee.cpp: In member function â€˜void imsee_module::MIPI_IMSEE::ImuRecieveThread()â€™:
/root/workspace/workspace/cafer-6601-embeded/rubby_sensor_6601/sensor/core/imsee/src/6601_mipi/mipi_imsee.cpp:868:97: warning: pointer of type â€˜void *â€™ used in arithmetic [-Wpointer-arith]
  868 |     for (void *addr_ptr = iio_buffer_start(imuBuf); addr_ptr < iio_buffer_end(imuBuf); addr_ptr += iio_buffer_step(imuBuf)) {
      |                                                                                        ~~~~~~~~~^~~~~~~~~~~~~~~~~~~~~~~~~~
/root/workspace/workspace/cafer-6601-embeded/rubby_sensor_6601/sensor/core/imsee/src/6601_mipi/mipi_imsee.cpp: In member function â€˜int imsee_module::MIPI_IMSEE::ImgInit(int, int, int)â€™:
/root/workspace/workspace/cafer-6601-embeded/rubby_sensor_6601/sensor/core/imsee/src/6601_mipi/mipi_imsee.cpp:1090:7: warning: unused variable â€˜retâ€™ [-Wunused-variable]
 1090 |   int ret;
      |       ^~~
/root/workspace/workspace/cafer-6601-embeded/rubby_sensor_6601/sensor/core/imsee/src/6601_mipi/mipi_imsee.cpp: In member function â€˜int imsee_module::MIPI_IMSEE::ImgStart()â€™:
/root/workspace/workspace/cafer-6601-embeded/rubby_sensor_6601/sensor/core/imsee/src/6601_mipi/mipi_imsee.cpp:1188:23: warning: comparison of integer expressions of different signedness: â€˜intâ€™ and â€˜std::vector<std::shared_ptr<VioBufInfo> >::size_typeâ€™ {aka â€˜long unsigned intâ€™} [-Wsign-compare]
 1188 |     for (int i = 0; i < vec_path_buf[path_id].size(); i++) {
      |                     ~~^~~~~~~~~~~~~~~~~~~~~~~~~~~~~~
/root/workspace/workspace/cafer-6601-embeded/rubby_sensor_6601/sensor/core/imsee/src/6601_mipi/mipi_imsee.cpp:1151:29: warning: unused variable â€˜eventsâ€™ [-Wunused-variable]
 1151 |   struct epoll_event event, events[MAX_EVENTS_NUM];
      |                             ^~~~~~
/root/workspace/workspace/cafer-6601-embeded/rubby_sensor_6601/sensor/core/imsee/src/6601_mipi/mipi_imsee.cpp: In member function â€˜virtual int imsee_module::MIPI_IMSEE::Stop()â€™:
/root/workspace/workspace/cafer-6601-embeded/rubby_sensor_6601/sensor/core/imsee/src/6601_mipi/mipi_imsee.cpp:1385:7: warning: unused variable â€˜retâ€™ [-Wunused-variable]
 1385 |   int ret = 0;
      |       ^~~
/root/workspace/workspace/cafer-6601-embeded/rubby_sensor_6601/sensor/core/mcudata/McuData.cpp: In member function â€˜bool emb_node::McuData::LedSet(uint8_t)â€™:
/root/workspace/workspace/cafer-6601-embeded/rubby_sensor_6601/sensor/core/mcudata/McuData.cpp:1545:1: warning: control reaches end of non-void function [-Wreturn-type]
 1545 | }
      | ^
/root/workspace/workspace/cafer-6601-embeded/rubby_sensor_6601/sensor/core/mcudata/McuData.cpp: In member function â€˜bool emb_node::McuData::RechargeSet(uint8_t)â€™:
/root/workspace/workspace/cafer-6601-embeded/rubby_sensor_6601/sensor/core/mcudata/McuData.cpp:1564:1: warning: control reaches end of non-void function [-Wreturn-type]
 1564 | }
      | ^
/root/workspace/workspace/cafer-6601-embeded/rubby_sensor_6601/sensor/core/mcudata/McuData.cpp: In member function â€˜bool emb_node::McuData::MotorSet(uint16_t)â€™:
/root/workspace/workspace/cafer-6601-embeded/rubby_sensor_6601/sensor/core/mcudata/McuData.cpp:1584:1: warning: control reaches end of non-void function [-Wreturn-type]
 1584 | }
      | ^
/root/workspace/workspace/cafer-6601-embeded/rubby_sensor_6601/sensor/core/mcudata/McuData.cpp: In member function â€˜bool emb_node::McuData::CleanMotorSet(std::vector<sensor_srvs::CleanMotorSrv::CleanMotorCtrl>&)â€™:
/root/workspace/workspace/cafer-6601-embeded/rubby_sensor_6601/sensor/core/mcudata/McuData.cpp:1691:1: warning: control reaches end of non-void function [-Wreturn-type]
 1691 | }
      | ^
/root/workspace/workspace/cafer-6601-embeded/rubby_sensor_6601/sensor/core/mcudata/McuData.cpp: In member function â€˜bool emb_node::McuData::CleanModeSet(uint8_t)â€™:
/root/workspace/workspace/cafer-6601-embeded/rubby_sensor_6601/sensor/core/mcudata/McuData.cpp:1710:1: warning: control reaches end of non-void function [-Wreturn-type]
 1710 | }
      | ^
In file included from /root/workspace/workspace/cafer-6601-embeded/rubby_sensor_6601/sensor/core/mcudata/McuData.cpp:1:
/root/workspace/workspace/cafer-6601-embeded/rubby_sensor_6601/sensor/core/mcudata/McuData.hpp: At global scope:
/root/workspace/workspace/cafer-6601-embeded/rubby_sensor_6601/sensor/core/mcudata/McuData.hpp:30:35: warning: â€˜emb_node::pSpeedCtrlFreqâ€™ defined but not used [-Wunused-variable]
   30 | static monitor_node::MonitorNode *pSpeedCtrlFreq = nullptr;
      |                                   ^~~~~~~~~~~~~~
/root/workspace/workspace/cafer-6601-embeded/rubby_sensor_6601/sensor/core/mcudata/McuData.hpp:29:35: warning: â€˜emb_node::pWorkModeFreqâ€™ defined but not used [-Wunused-variable]
   29 | static monitor_node::MonitorNode *pWorkModeFreq = nullptr;
      |                                   ^~~~~~~~~~~~~
/root/workspace/workspace/cafer-6601-embeded/rubby_sensor_6601/sensor/core/multi_module/src/MultiModule.cpp: In member function â€˜virtual int emb_node::ToolsModule::LoadConfig(std::string)â€™:
/root/workspace/workspace/cafer-6601-embeded/rubby_sensor_6601/sensor/core/multi_module/src/MultiModule.cpp:202:26: warning: unused variable â€˜configFileâ€™ [-Wunused-variable]
  202 |   YAMLConfig::ConfigFile configFile;
      |                          ^~~~~~~~~~
/root/workspace/workspace/cafer-6601-embeded/rubby_sensor_6601/sensor/core/multi_module/src/MultiModule.cpp: In member function â€˜void emb_node::ToolsModule::SysCheckTaks()â€™:
/root/workspace/workspace/cafer-6601-embeded/rubby_sensor_6601/sensor/core/multi_module/src/MultiModule.cpp:309:14: warning: unused variable â€˜nowTimeâ€™ [-Wunused-variable]
  309 |     uint64_t nowTime = GetSystimeMs();
      |              ^~~~~~~
/root/workspace/workspace/cafer-6601-embeded/rubby_sensor_6601/sensor/core/multi_module/src/MultiModule.cpp:297:12: warning: unused variable â€˜temperatureLastTimeâ€™ [-Wunused-variable]
  297 |   uint64_t temperatureLastTime = GetSystimeMs();
      |            ^~~~~~~~~~~~~~~~~~~
/root/workspace/workspace/cafer-6601-embeded/rubby_sensor_6601/sensor/core/multi_module/src/MultiModule.cpp: In member function â€˜virtual int emb_node::ToolsModule::SetSysTime(uint64_t)â€™:
/root/workspace/workspace/cafer-6601-embeded/rubby_sensor_6601/sensor/core/multi_module/src/MultiModule.cpp:373:1: warning: no return statement in function returning non-void [-Wreturn-type]
  373 | }
      | ^
/root/workspace/workspace/cafer-6601-embeded/rubby_sensor_6601/sensor/core/multi_module/src/MultiModule.cpp: In member function â€˜virtual int emb_node::ToolsModule::SetSysTime(int, int, int, int, int, int, int)â€™:
/root/workspace/workspace/cafer-6601-embeded/rubby_sensor_6601/sensor/core/multi_module/src/MultiModule.cpp:387:1: warning: no return statement in function returning non-void [-Wreturn-type]
  387 | }
      | ^
/root/workspace/workspace/cafer-6601-embeded/rubby_sensor_6601/sensor/core/multi_module/src/MultiModule.cpp: At global scope:
/root/workspace/workspace/cafer-6601-embeded/rubby_sensor_6601/sensor/core/multi_module/src/MultiModule.cpp:608:1: warning: â€˜typedefâ€™ was ignored in this declaration
  608 | typedef struct CPU_OCCUPY {
      | ^~~~~~~
/root/workspace/workspace/cafer-6601-embeded/rubby_sensor_6601/sensor/core/multi_module/src/MultiModule.cpp: In member function â€˜virtual int emb_node::ToolsModule::ThreeColorLightControl(std::string, emb_node::PowerType)â€™:
/root/workspace/workspace/cafer-6601-embeded/rubby_sensor_6601/sensor/core/multi_module/src/MultiModule.cpp:730:7: warning: variable â€˜retâ€™ set but not used [-Wunused-but-set-variable]
  730 |   int ret = 0;
      |       ^~~
/root/workspace/workspace/cafer-6601-embeded/rubby_sensor_6601/sensor/core/multi_module/src/MultiModule.cpp: In member function â€˜int emb_node::ToolsModule::SetAndGetVoice(int)â€™:
/root/workspace/workspace/cafer-6601-embeded/rubby_sensor_6601/sensor/core/multi_module/src/MultiModule.cpp:774:20: warning: ISO C++ forbids converting a string constant to â€˜char*â€™ [-Wwrite-strings]
  774 |   char *sctrlstr = "DAC Digital";
      |                    ^~~~~~~~~~~~~
/root/workspace/workspace/cafer-6601-embeded/rubby_sensor_6601/sensor/core/multi_module/src/MultiModule.cpp:775:8: warning: unused variable â€˜volMinâ€™ [-Wunused-variable]
  775 |   long volMin = 0, volMax = 0, leftVal = 0, rightVal = 0;
      |        ^~~~~~
/root/workspace/workspace/cafer-6601-embeded/rubby_sensor_6601/sensor/core/multi_module/src/MultiModule.cpp:775:20: warning: unused variable â€˜volMaxâ€™ [-Wunused-variable]
  775 |   long volMin = 0, volMax = 0, leftVal = 0, rightVal = 0;
      |                    ^~~~~~
/root/workspace/workspace/cafer-6601-embeded/rubby_sensor_6601/sensor/core/multi_module/src/MultiModule.cpp: In function â€˜int emb_node::GetCpuId_X86(char*)â€™:
/root/workspace/workspace/cafer-6601-embeded/rubby_sensor_6601/sensor/core/multi_module/src/MultiModule.cpp:1071:9: warning: unused variable â€˜lengthâ€™ [-Wunused-variable]
 1071 |  size_t length = 0;
      |         ^~~~~~
/root/workspace/workspace/cafer-6601-embeded/rubby_sensor_6601/sensor/core/multi_module/src/MultiModule.cpp: In member function â€˜virtual bool emb_node::ToolsModule::RtmpCtrl(uint8_t, std::string)â€™:
/root/workspace/workspace/cafer-6601-embeded/rubby_sensor_6601/sensor/core/multi_module/src/MultiModule.cpp:1215:16: warning: ISO C++ forbids converting a string constant to â€˜char*â€™ [-Wwrite-strings]
 1215 |     char* ip = "127.0.0.1";
      |                ^~~~~~~~~~~
make[2]: *** [sensor/core/imsee/src/CMakeFiles/imsee.dir/build.make:63: sensor/core/imsee/src/CMakeFiles/imsee.dir/6601_mipi/mipi_imsee.cpp.o] Error 1
make[2]: *** Waiting for unfinished jobs....
[ 50%] Building CXX object sensor/core/multi_module/sample/CMakeFiles/multi_main.dir/multi_main.cpp.o
/root/workspace/workspace/cafer-6601-embeded/rubby_sensor_6601/sensor/core/multi_module/src/MultiModule.cpp: At global scope:
/root/workspace/workspace/cafer-6601-embeded/rubby_sensor_6601/sensor/core/multi_module/src/MultiModule.cpp:147:47: warning: â€˜emb_node::errMsgâ€™ defined but not used [-Wunused-variable]
  147 | static emb_sensors::error_types::ErrorMessage errMsg;
      |                                               ^~~~~~
[ 51%] Linking CXX shared library ../../../../install/lib/arm/libsensor_subscriber_plugin.so
/root/workspace/workspace/cafer-6601-embeded/rubby_sensor_6601/sensor/core/multi_module/src/MultiModule.cpp: At global scope:
/root/workspace/workspace/cafer-6601-embeded/rubby_sensor_6601/sensor/core/multi_module/src/MultiModule.cpp:147:47: warning: â€˜emb_node::errMsgâ€™ defined but not used [-Wunused-variable]
  147 | static emb_sensors::error_types::ErrorMessage errMsg;
      |                                               ^~~~~~
[ 51%] Built target sensor_subscriber_plugin
[ 53%] Building CXX object sensor/core/mcudata/CMakeFiles/McuData.dir/McuDataDriver.cpp.o
[ 54%] Building CXX object sensor/core/mcudata/CMakeFiles/McuData.dir/McuDataProtocol.cpp.o
[ 56%] Linking CXX shared library ../../../../../install/lib/arm/libmultimodule.so
[ 57%] Building CXX object sensor/core/mcudata/CMakeFiles/McuData.dir/__/drivers/serial.cpp.o
/root/workspace/workspace/cafer-6601-embeded/rubby_sensor_6601/sensor/core/multi_module/sample/multi_main.cpp: In function â€˜int main(int, char**)â€™:
/root/workspace/workspace/cafer-6601-embeded/rubby_sensor_6601/sensor/core/multi_module/sample/multi_main.cpp:24:7: warning: unused variable â€˜leftâ€™ [-Wunused-variable]
   24 |   int left, total, cpuNum;
      |       ^~~~
/root/workspace/workspace/cafer-6601-embeded/rubby_sensor_6601/sensor/core/multi_module/sample/multi_main.cpp:24:13: warning: unused variable â€˜totalâ€™ [-Wunused-variable]
   24 |   int left, total, cpuNum;
      |             ^~~~~
/root/workspace/workspace/cafer-6601-embeded/rubby_sensor_6601/sensor/core/multi_module/sample/multi_main.cpp:26:7: warning: unused variable â€˜brightvalueâ€™ [-Wunused-variable]
   26 |   int brightvalue;
      |       ^~~~~~~~~~~
/root/workspace/workspace/cafer-6601-embeded/rubby_sensor_6601/sensor/core/multi_module/sample/multi_main.cpp:28:9: warning: unused variable â€˜tempâ€™ [-Wunused-variable]
   28 |   float temp, freeMem, totalMem;
      |         ^~~~
/root/workspace/workspace/cafer-6601-embeded/rubby_sensor_6601/sensor/core/multi_module/sample/multi_main.cpp:28:15: warning: unused variable â€˜freeMemâ€™ [-Wunused-variable]
   28 |   float temp, freeMem, totalMem;
      |               ^~~~~~~
/root/workspace/workspace/cafer-6601-embeded/rubby_sensor_6601/sensor/core/multi_module/sample/multi_main.cpp:28:24: warning: unused variable â€˜totalMemâ€™ [-Wunused-variable]
   28 |   float temp, freeMem, totalMem;
      |                        ^~~~~~~~
In file included from /root/workspace/workspace/cafer-6601-embeded/rubby_sensor_6601/sensor/core/imsee/src/imsee.hpp:9,
                 from /root/workspace/workspace/cafer-6601-embeded/rubby_sensor_6601/sensor/core/imsee/src/ImseeModule.cpp:11:
/root/workspace/workspace/cafer-6601-embeded/rubby_sensor_6601/sensor/core/imsee/src/ImseeModule.hpp:145:82: error: â€˜ColorImgâ€™ is not a member of â€˜sensor_msgsâ€™
  145 |   virtual void RegisterCallBack(std::function<void (std::shared_ptr<sensor_msgs::ColorImg>)>cb) = 0;
      |                                                                                  ^~~~~~~~
/root/workspace/workspace/cafer-6601-embeded/rubby_sensor_6601/sensor/core/imsee/src/ImseeModule.hpp:145:90: error: template argument 1 is invalid
  145 |   virtual void RegisterCallBack(std::function<void (std::shared_ptr<sensor_msgs::ColorImg>)>cb) = 0;
      |                                                                                          ^
/root/workspace/workspace/cafer-6601-embeded/rubby_sensor_6601/sensor/core/mcudata/McuDataProtocol.cpp: In member function â€˜int emb_node::McuDataProtocol::SendTime(uint64_t&)â€™:
/root/workspace/workspace/cafer-6601-embeded/rubby_sensor_6601/sensor/core/mcudata/McuDataProtocol.cpp:26:12: warning: unused variable â€˜nowâ€™ [-Wunused-variable]
   26 |   uint16_t now = time >> 16;
      |            ^~~
/root/workspace/workspace/cafer-6601-embeded/rubby_sensor_6601/sensor/core/mcudata/McuDataProtocol.cpp: In member function â€˜bool emb_node::McuDataProtocol::crccheck(uint8_t*, int)â€™:
/root/workspace/workspace/cafer-6601-embeded/rubby_sensor_6601/sensor/core/mcudata/McuDataProtocol.cpp:78:36: warning: suggest parentheses around arithmetic in operand of â€˜|â€™ [-Wparentheses]
   78 |   if (crc != ((data[len - 2] << 8) & 0xff00 | data[len - 1])) {
      |               ~~~~~~~~~~~~~~~~~~~~~^~~~~~~~
/root/workspace/workspace/cafer-6601-embeded/rubby_sensor_6601/sensor/core/imsee/src/ImseeModule.cpp: In static member function â€˜static imsee_module::ImseeModule* imsee_module::ImseeModule::Create(std::string)â€™:
/root/workspace/workspace/cafer-6601-embeded/rubby_sensor_6601/sensor/core/imsee/src/ImseeModule.cpp:196:21: error: invalid new-expression of abstract class type â€˜imsee_module::MIPI_IMSEEâ€™
  196 |       p_imsee = new MIPI_IMSEE;
      |                     ^~~~~~~~~~
In file included from /root/workspace/workspace/cafer-6601-embeded/rubby_sensor_6601/sensor/core/imsee/src/ImseeModule.cpp:14:
/root/workspace/workspace/cafer-6601-embeded/rubby_sensor_6601/sensor/core/imsee/src/6601_mipi/mipi_imsee.hpp:30:7: note:   because the following virtual functions are pure within â€˜imsee_module::MIPI_IMSEEâ€™:
   30 | class MIPI_IMSEE : public ImseeModule {
      |       ^~~~~~~~~~
In file included from /root/workspace/workspace/cafer-6601-embeded/rubby_sensor_6601/sensor/core/imsee/src/imsee.hpp:9,
                 from /root/workspace/workspace/cafer-6601-embeded/rubby_sensor_6601/sensor/core/imsee/src/ImseeModule.cpp:11:
/root/workspace/workspace/cafer-6601-embeded/rubby_sensor_6601/sensor/core/imsee/src/ImseeModule.hpp:145:16: note: 	â€˜virtual void imsee_module::ImseeModule::RegisterCallBack(std::function<void(int)>)â€™
  145 |   virtual void RegisterCallBack(std::function<void (std::shared_ptr<sensor_msgs::ColorImg>)>cb) = 0;
      |                ^~~~~~~~~~~~~~~~
/root/workspace/workspace/cafer-6601-embeded/rubby_sensor_6601/sensor/core/imsee/src/ImseeModule.cpp:203:43: warning: â€˜void* memset(void*, int, size_t)â€™ clearing an object of non-trivial type â€˜struct imsee_module::ImseeDeviceâ€™; use assignment or value-initialization instead [-Wclass-memaccess]
  203 |     memset(&device, 0, sizeof(ImseeDevice));
      |                                           ^
In file included from /root/workspace/workspace/cafer-6601-embeded/rubby_sensor_6601/sensor/core/imsee/src/imsee.hpp:9,
                 from /root/workspace/workspace/cafer-6601-embeded/rubby_sensor_6601/sensor/core/imsee/src/ImseeModule.cpp:11:
/root/workspace/workspace/cafer-6601-embeded/rubby_sensor_6601/sensor/core/imsee/src/ImseeModule.hpp:21:8: note: â€˜struct imsee_module::ImseeDeviceâ€™ declared here
   21 | struct ImseeDevice {
      |        ^~~~~~~~~~~
/root/workspace/workspace/cafer-6601-embeded/rubby_sensor_6601/sensor/core/imsee/src/ImseeModule.cpp:205:33: error: invalid new-expression of abstract class type â€˜imsee_module::IMSEEâ€™
  205 |       p_imsee = new IMSEE(device);
      |                                 ^
In file included from /root/workspace/workspace/cafer-6601-embeded/rubby_sensor_6601/sensor/core/imsee/src/ImseeModule.cpp:11:
/root/workspace/workspace/cafer-6601-embeded/rubby_sensor_6601/sensor/core/imsee/src/imsee.hpp:124:7: note:   because the following virtual functions are pure within â€˜imsee_module::IMSEEâ€™:
  124 | class IMSEE : public ImseeModule {
      |       ^~~~~
In file included from /root/workspace/workspace/cafer-6601-embeded/rubby_sensor_6601/sensor/core/imsee/src/imsee.hpp:9,
                 from /root/workspace/workspace/cafer-6601-embeded/rubby_sensor_6601/sensor/core/imsee/src/ImseeModule.cpp:11:
/root/workspace/workspace/cafer-6601-embeded/rubby_sensor_6601/sensor/core/imsee/src/ImseeModule.hpp:145:16: note: 	â€˜virtual void imsee_module::ImseeModule::RegisterCallBack(std::function<void(int)>)â€™
  145 |   virtual void RegisterCallBack(std::function<void (std::shared_ptr<sensor_msgs::ColorImg>)>cb) = 0;
      |                ^~~~~~~~~~~~~~~~
/root/workspace/workspace/cafer-6601-embeded/rubby_sensor_6601/sensor/core/imsee/src/ImseeModule.cpp: In static member function â€˜static imsee_module::ImseeModule* imsee_module::ImseeModule::Create(imsee_module::ImseeDevice&, std::string)â€™:
/root/workspace/workspace/cafer-6601-embeded/rubby_sensor_6601/sensor/core/imsee/src/ImseeModule.cpp:221:34: error: invalid new-expression of abstract class type â€˜imsee_module::IMSEEâ€™
  221 |   IMSEE *imsee = new IMSEE(device);
      |                                  ^
[ 57%] Built target multimodule
[ 59%] Linking CXX executable ../../../../../install/bin/arm/multi_main
make[2]: *** [sensor/core/imsee/src/CMakeFiles/imsee.dir/build.make:76: sensor/core/imsee/src/CMakeFiles/imsee.dir/ImseeModule.cpp.o] Error 1
make[1]: *** [CMakeFiles/Makefile2:444: sensor/core/imsee/src/CMakeFiles/imsee.dir/all] Error 2
make[1]: *** Waiting for unfinished jobs....
In file included from /root/workspace/workspace/cafer-6601-embeded/rubby_sensor_6601/sensor/core/mcudata/McuDataDriver.cpp:8:
/root/workspace/workspace/cafer-6601-embeded/rubby_sensor_6601/sensor/core/mcudata/McuDataDriver.hpp: In constructor â€˜emb_node::McuDataDriver::McuDataDriver()â€™:
/root/workspace/workspace/cafer-6601-embeded/rubby_sensor_6601/sensor/core/mcudata/McuDataDriver.hpp:20:7: warning: â€˜emb_node::McuDataDriver::per_byte_timeoutâ€™ will be initialized after [-Wreorder]
   20 |   int per_byte_timeout;
      |       ^~~~~~~~~~~~~~~~
/root/workspace/workspace/cafer-6601-embeded/rubby_sensor_6601/sensor/core/mcudata/McuDataDriver.hpp:14:26: warning:   â€˜robot_driver::BaudRate emb_node::McuDataDriver::baud_rateâ€™ [-Wreorder]
   14 |   robot_driver::BaudRate baud_rate;
      |                          ^~~~~~~~~
/root/workspace/workspace/cafer-6601-embeded/rubby_sensor_6601/sensor/core/mcudata/McuDataDriver.cpp:18:1: warning:   when initialized here [-Wreorder]
   18 | McuDataDriver::McuDataDriver(/* args */)
      | ^~~~~~~~~~~~~
[ 59%] Built target multi_main
/root/workspace/workspace/cafer-6601-embeded/rubby_sensor_6601/sensor/core/mcudata/McuDataDriver.cpp: In member function â€˜int emb_node::McuDataDriver::start()â€™:
/root/workspace/workspace/cafer-6601-embeded/rubby_sensor_6601/sensor/core/mcudata/McuDataDriver.cpp:153:1: warning: control reaches end of non-void function [-Wreturn-type]
  153 | }
      | ^
[ 60%] Linking CXX shared library ../../../../install/lib/arm/libMcuData.so
[ 60%] Built target McuData
make: *** [Makefile:84: all] Error 2
Build step 'Execute shell' marked build as failure
Finished: FAILURE
