Started by user [8mha:////4FF5KPHqJqbeIDeZ76doXUfMYV02a7OsuJCCP1lw3YyiAAAAmh+LCAAAAAAAAP9b85aBtbiIQTGjNKU4P08vOT+vOD8nVc83PyU1x6OyILUoJzMv2y+/JJUBAhiZGBgqihhk0NSjKDWzXb3RdlLBUSYGJk8GtpzUvPSSDB8G5tKinBIGIZ+sxLJE/ZzEvHT94JKizLx0a6BxUmjGOUNodHsLgAzmEgY+/dLi1CL9ytLkjNK01EwAfQFN6MMAAAA=[0mäºŽæ¥šé£ž
Rebuilds build #[8mha:////4Obpqn6zQRwr+sDwOXVZ4ogCqg43v/zxN1r/PPdxvD7sAAAAsx+LCAAAAAAAAP9b85aBtbiIQTGjNKU4P08vOT+vOD8nVc83PyU1x6OyILUoJzMv2y+/JJUBAhiZGBgqihhk0NSjKDWzXb3RdlLBUSYGJk8GtpzUvPSSDB8G5tKinBIGIZ+sxLJE/ZzEvHT94JKizLx0a6BxUmjGOUNodHsLgAzmEgZ1/bLM1HL9lNSCkgz9rPwk/eLU3MS8kszk+NzEgvjkxLS01CJ9QyNjABQSLt7cAAAA[0m123
Running as SYSTEM
Building remotely on [8mha:////4GJECaSXI5jaa88kGHMmbEkdCg31N4g4yVAlsCFwflHgAAAAmR+LCAAAAAAAAP9b85aBtbiIQTGjNKU4P08vOT+vOD8nVc83PyU1x6OyILUoJzMv2y+/JJUBAhiZGBgqihhk0NSjKDWzXb3RdlLBUSYGJk8GtpzUvPSSDB8G5tKinBIGIZ+sxLJE/ZzEvHT94JKizLx0a6BxUmjGOUNodHsLgAzmEgZe/eT83ILSktQifUNLQwA4ziQnwgAAAA==[0m191 (192.168.50.191) in workspace /home/indemind/.jenkins_slave/workspace/semantic_map_caffer
[WS-CLEANUP] Clean-up disabled, skipping workspace deletion.
[semantic_map_caffer] $ /bin/sh -xe /tmp/jenkins16105923966995249015.sh
+ bash /home/indemind/myscript/build/build.sh
++ export MYSQL_PWD=123
++ MYSQL_PWD=123
++ export -f cmdb_mysql
+ set -ex
+ export -f public_project_update
+ export -f project_build
+ init_project_env
++ date +%Y%m%d
+ DT=20240401
+ UserName=jenkins
+ API_TOKEN=11b65309c9835de9579d9c9038853d9eb7
+ GIT_PRIVATE_TOKEN=emEDrsaJVjxKK5gSWrf-
+ GIT_HOST=192.168.50.191
++ echo abby/integration/semanticmap
++ awk -F/ '{print $1"%2F"$2}'
+ CONVERT_TARGET_PROJECT=abby%2Fintegration
++ curl -XGET -H 'Content-Type: application/json' --header 'PRIVATE-TOKEN: emEDrsaJVjxKK5gSWrf-' http://192.168.50.191:85/api/v4/projects/abby%2Fintegration
++ python -c 'import sys, json; print(json.load(sys.stdin)["id"])'
  % Total    % Received % Xferd  Average Speed   Time    Time     Time  Current
                                 Dload  Upload   Total   Spent    Left  Speed
  0     0    0     0    0     0      0      0 --:--:-- --:--:-- --:--:--     0  0     0    0     0    0     0      0      0 --:--:-- --:--:-- --:--:--     0100    35  100    35    0     0    663      0 --:--:-- --:--:-- --:--:--   660
Traceback (most recent call last):
  File "<string>", line 1, in <module>
KeyError: 'id'
+ SUB_PROJECT_ID=
+ true
+ '[' -z ']'
+ SOURCE_DIR=/home/indemind/.jenkins_slave/workspace/semantic_map_caffer/SemanticMap
+ TARGET_DIR=/home/indemind/.jenkins_slave/workspace/semantic_map_caffer/semanticmap
+ prepare_env
++ uname -m
+ system_platform=x86_64
+ :
++ cat /proc/cpuinfo
++ grep processor
++ sort
++ uniq
++ wc -l
+ mt=-j4
+ export COMMIT_ID_FILE=/home/indemind/.jenkins_slave/workspace/semantic_map_caffer/_last_build_id
+ COMMIT_ID_FILE=/home/indemind/.jenkins_slave/workspace/semantic_map_caffer/_last_build_id
+ export COMMIT_MSG_FILE=/home/indemind/.jenkins_slave/workspace/semantic_map_caffer/_commit-msg
+ COMMIT_MSG_FILE=/home/indemind/.jenkins_slave/workspace/semantic_map_caffer/_commit-msg
+ export COMMIT_MSG_FILE_TMP=/home/indemind/.jenkins_slave/workspace/semantic_map_caffer/_commit-msg.tmp
+ COMMIT_MSG_FILE_TMP=/home/indemind/.jenkins_slave/workspace/semantic_map_caffer/_commit-msg.tmp
+ rm -f /home/indemind/.jenkins_slave/workspace/semantic_map_caffer/_last_build_id
+ rm -f /home/indemind/.jenkins_slave/workspace/semantic_map_caffer/_commit-msg
+ rm -f /home/indemind/.jenkins_slave/workspace/semantic_map_caffer/_commit-msg.tmp
+ rm -f /home/indemind/.jenkins_slave/workspace/semantic_map_caffer/result.log
+ rm -f /home/indemind/.jenkins_slave/workspace/semantic_map_caffer/no_code_change.log
+ CLONE_DEPTH=--depth=1
+ PUBLICBASETYPES_DIR=/home/indemind/system/I18RPublicBaseTypes
+ cmdb_mysql 'insert into prebuild(job_name,source_project,source_branch,target_project,target_branch,time,build_url,node_name,build_user) values ('\''semantic_map_caffer'\'','\''DepthModules/projects/SemanticMap'\'','\''alg'\'','\''abby/integration/semanticmap'\'','\''caffer'\'',now(),'\''http://192.168.50.191:8088/job/semantic_map_caffer/124/'\'','\''191'\'','\''yuchufei'\'')'
+ set +x
+ DOCKER_CONTAINER_I18=build-x64-18.04
+ DOCKER_CONTAINER_RUBBY=c405
+ DOCKER_CONTAINER_RUBBY_INSIDE=c3566
+ DOCKER_CONTAINER_JAVA=node
+ JENKINS_JOB_A=mind
+ JENKINS_JOB_B=rbn
+ JENKINS_JOB_C=mark-check-tools
+ JENKINS_JOB_D=java
+ JENKINS_JOB_E=clean_recorder
+ JENKINS_JOB_F=i18r
+ JENKINS_JOB_G=nodejs
+ JENKINS_JOB_H=_ui
+ JENKINS_JOB_L=i12r
+ [[ semantic_map_caffer =~ mind ]]
+ '[' false = false ']'
+ source_project_update
+ '[' -d /home/indemind/.jenkins_slave/workspace/semantic_map_caffer/SemanticMap ']'
+ pushd /home/indemind/.jenkins_slave/workspace/semantic_map_caffer/SemanticMap
~/.jenkins_slave/workspace/semantic_map_caffer/SemanticMap ~/.jenkins_slave/workspace/semantic_map_caffer
+ git checkout ./
+ git pull --rebase
Warning: Permanently added '[192.168.50.191]:222' (ECDSA) to the list of known hosts.
å½“å‰åˆ†æ”¯ alg æ˜¯æœ€æ–°çš„ã€‚
+ popd
~/.jenkins_slave/workspace/semantic_map_caffer
+ target_project_update
+ rm -rf /home/indemind/.jenkins_slave/workspace/semantic_map_caffer/semanticmap
+ target_project_fetch
+ git clone ssh://git@192.168.50.191:222/abby/integration/semanticmap -b caffer --depth=1
æ­£å…‹éš†åˆ° 'semanticmap'...
Warning: Permanently added '[192.168.50.191]:222' (ECDSA) to the list of known hosts.
+ insert_db
+ pushd /home/indemind/.jenkins_slave/workspace/semantic_map_caffer/SemanticMap
~/.jenkins_slave/workspace/semantic_map_caffer/SemanticMap ~/.jenkins_slave/workspace/semantic_map_caffer
++ cmdb_mysql 'SELECT first_commit_id FROM prebuild where source_project='\''DepthModules/projects/SemanticMap'\'' and source_branch='\''alg'\'' and target_project='\''abby/integration/semanticmap'\'' and target_branch='\''caffer'\'' and status='\''0'\'' and job_name='\''semantic_map_caffer'\'' order by id desc limit 1;'
++ set +x
+ version='first_commit_id
3affa1c'
++ echo first_commit_id 3affa1c
++ awk -F ' ' '{print $2}'
+ version=3affa1c
++ git log -1 --pretty=format:%h
+ first_commit_id_now=b8f04e2
+ cmdb_mysql 'update prebuild set first_commit_id='\''b8f04e2'\'' where build_url='\''http://192.168.50.191:8088/job/semantic_map_caffer/124/'\'';'
+ set +x
+ popd
~/.jenkins_slave/workspace/semantic_map_caffer
+ [[ x86_64 =~ x86_64 ]]
+ docker exec -i c3566 /bin/bash
+ [[ c3566 == c405 ]]
+ [[ c3566 == c3566 ]]
+ echo 'rubby project building in c3566......'
rubby project building in c3566......
+ pushd /root/system/abby_msg
~/system/abby_msg /
+ git checkout ./
+ git clean -xdf ./
+ git pull origin master
From ssh://192.168.50.191:222/abby/source/abby_msg
 * branch            master     -> FETCH_HEAD
Already up to date.
+ popd
/
+ pushd /home/indemind/.jenkins_slave/workspace/semantic_map_caffer/SemanticMap
/home/indemind/.jenkins_slave/workspace/semantic_map_caffer/SemanticMap /
+ git submodule update --init --recursive
+ git submodule update --remote
+ sed -i 's/make -j[0-9].*/make -j4/g' scripts/compile.sh
+ '[' xb8f04e2 == x3affa1c ']'
+ source /opt/ros/melodic/setup.bash
+ bash -ex scripts/compile.sh
+ main
+ git submodule update --init --recursive
+ git submodule update --remote
++ GetProjectPath
++++ dirname scripts/compile.sh
+++ cd scripts
+++ pwd
++ local scriptsDir=/home/indemind/.jenkins_slave/workspace/semantic_map_caffer/SemanticMap/scripts
+++ dirname /home/indemind/.jenkins_slave/workspace/semantic_map_caffer/SemanticMap/scripts
++ echo /home/indemind/.jenkins_slave/workspace/semantic_map_caffer/SemanticMap
+ local projectPath=/home/indemind/.jenkins_slave/workspace/semantic_map_caffer/SemanticMap
+ cd /home/indemind/.jenkins_slave/workspace/semantic_map_caffer/SemanticMap
+ mkdir build
+ true
/bin/mkdir: cannot create directory 'build': File exists
+ cd build
+ cmake ..
-- PCL_DIR=/home/indemind/.jenkins_slave/workspace/semantic_map_caffer/SemanticMap/thirdparty/arm64/pcl
-- Eigen found (include: /usr/local/include/eigen3, version: 3.3.7)
-- Boost version: 1.65.1
-- Found the following Boost libraries:
--   system
--   filesystem
--   date_time
--   iostreams
--   serialization
--   regex
-- Checking for module 'flann'
--   No package 'flann' found
** WARNING ** io features related to pcap will be disabled
** WARNING ** io features related to png will be disabled
-- LIBUSB_1_LIBRARY (missing: LIBUSB_1_INCLUDE_DIR) 
** WARNING ** io features related to libusb-1.0 will be disabled
-- looking for PCL_COMMON
-- looking for PCL_KDTREE
-- looking for PCL_OCTREE
-- looking for PCL_SEARCH
-- looking for PCL_SAMPLE_CONSENSUS
-- looking for PCL_FILTERS
-- looking for PCL_2D
-- looking for PCL_GEOMETRY
-- looking for PCL_IO
-- looking for PCL_ML
-- Boost version: 1.65.1
-- Found the following Boost libraries:
--   system
--   serialization
--   filesystem
-- Boost version: 1.65.1
-- Found the following Boost libraries:
--   system
--   filesystem
-- Boost version: 1.65.1
-- Found the following Boost libraries:
--   system
--   filesystem
-- Configuring done
-- Generating done
-- Build files have been written to: /home/indemind/.jenkins_slave/workspace/semantic_map_caffer/SemanticMap/build
+ make
[ 71%] Built target semantic_map
[ 85%] Built target semantic_map_plugin
[100%] Built target unittest
+ local libPath=
+ local platform=
+ local tarPath=/home/indemind/.jenkins_slave/workspace/semantic_map_caffer/SemanticMap/install/
+ mkdir /home/indemind/.jenkins_slave/workspace/semantic_map_caffer/SemanticMap/install/
/bin/mkdir: cannot create directory '/home/indemind/.jenkins_slave/workspace/semantic_map_caffer/SemanticMap/install/': File exists
+ echo 0
+ popd
/
+ exit
+ [[ -f /home/indemind/.jenkins_slave/workspace/semantic_map_caffer/no_code_change.log ]]
+ check_status_code
+ test -f /home/indemind/.jenkins_slave/workspace/semantic_map_caffer/result.log
+ echo 'containge build is error'
containge build is error
+ exit 1
Build step 'Execute shell' marked build as failure
Finished: FAILURE
