Started by user [8mha:////4FF5KPHqJqbeIDeZ76doXUfMYV02a7OsuJCCP1lw3YyiAAAAmh+LCAAAAAAAAP9b85aBtbiIQTGjNKU4P08vOT+vOD8nVc83PyU1x6OyILUoJzMv2y+/JJUBAhiZGBgqihhk0NSjKDWzXb3RdlLBUSYGJk8GtpzUvPSSDB8G5tKinBIGIZ+sxLJE/ZzEvHT94JKizLx0a6BxUmjGOUNodHsLgAzmEgY+/dLi1CL9ytLkjNK01EwAfQFN6MMAAAA=[0mäºŽæ¥šé£ž
Rebuilds build #[8mha:////4Jk18GxEkkDcvhMYNi46vsjyWTimZmhCICbkf9Bfj31PAAAApx+LCAAAAAAAAP9b85aBtbiIQTGjNKU4P08vOT+vOD8nVc83PyU1x6OyILUoJzMv2y+/JJUBAhiZGBgqihhk0NSjKDWzXb3RdlLBUSYGJk8GtpzUvPSSDB8G5tKinBIGIZ+sxLJE/ZzEvHT94JKizLx0a6BxUmjGOUNodHsLgAymEgZp/az8JP3i1NzEvJLM5PjcxIL45MS0tNQifWNDACV258TQAAAA[0m31
Running as SYSTEM
Building remotely on [8mha:////4GJECaSXI5jaa88kGHMmbEkdCg31N4g4yVAlsCFwflHgAAAAmR+LCAAAAAAAAP9b85aBtbiIQTGjNKU4P08vOT+vOD8nVc83PyU1x6OyILUoJzMv2y+/JJUBAhiZGBgqihhk0NSjKDWzXb3RdlLBUSYGJk8GtpzUvPSSDB8G5tKinBIGIZ+sxLJE/ZzEvHT94JKizLx0a6BxUmjGOUNodHsLgAzmEgZe/eT83ILSktQifUNLQwA4ziQnwgAAAA==[0m191 (192.168.50.191) in workspace /home/indemind/.jenkins_slave/workspace/semantic_map_caffer
[WS-CLEANUP] Deleting project workspace...
[WS-CLEANUP] Deferred wipeout is used...
[WS-CLEANUP] Done
[semantic_map_caffer] $ /bin/sh -xe /tmp/jenkins525325884307696842.sh
+ bash /home/indemind/myscript/build/build.sh
++ export MYSQL_PWD=123
++ MYSQL_PWD=123
++ export -f cmdb_mysql
+ set -ex
+ export -f public_project_update
+ export -f project_build
+ init_project_env
++ date +%Y%m%d
+ DT=20240303
+ UserName=jenkins
+ API_TOKEN=11b65309c9835de9579d9c9038853d9eb7
+ GIT_PRIVATE_TOKEN=emEDrsaJVjxKK5gSWrf-
+ GIT_HOST=192.168.50.191
++ echo abby/integration/semanticmap
++ awk -F/ '{print $1"%2F"$2}'
+ CONVERT_TARGET_PROJECT=abby%2Fintegration
++ curl -XGET -H 'Content-Type: application/json' --header 'PRIVATE-TOKEN: emEDrsaJVjxKK5gSWrf-' http://192.168.50.191:85/api/v4/projects/abby%2Fintegration
++ python -c 'import sys, json; print(json.load(sys.stdin)["id"])'
  % Total    % Received % Xferd  Average Speed   Time    Time     Time  Current
                                 Dload  Upload   Total   Spent    Left  Speed
  0     0    0     0    0     0      0      0 --:--:-- --:--:-- --:--:--     0100    35  100    35    0     0    710      0 --:--:-- --:--:-- --:--:--   729
Traceback (most recent call last):
  File "<string>", line 1, in <module>
KeyError: 'id'
+ SUB_PROJECT_ID=
+ true
+ '[' -z ']'
+ SOURCE_DIR=/home/indemind/.jenkins_slave/workspace/semantic_map_caffer/SemanticMap
+ TARGET_DIR=/home/indemind/.jenkins_slave/workspace/semantic_map_caffer/semanticmap
+ prepare_env
++ uname -m
+ system_platform=x86_64
+ :
++ cat /proc/cpuinfo
++ grep processor
++ sort
++ uniq
++ wc -l
+ mt=-j4
+ export COMMIT_ID_FILE=/home/indemind/.jenkins_slave/workspace/semantic_map_caffer/_last_build_id
+ COMMIT_ID_FILE=/home/indemind/.jenkins_slave/workspace/semantic_map_caffer/_last_build_id
+ export COMMIT_MSG_FILE=/home/indemind/.jenkins_slave/workspace/semantic_map_caffer/_commit-msg
+ COMMIT_MSG_FILE=/home/indemind/.jenkins_slave/workspace/semantic_map_caffer/_commit-msg
+ export COMMIT_MSG_FILE_TMP=/home/indemind/.jenkins_slave/workspace/semantic_map_caffer/_commit-msg.tmp
+ COMMIT_MSG_FILE_TMP=/home/indemind/.jenkins_slave/workspace/semantic_map_caffer/_commit-msg.tmp
+ rm -f /home/indemind/.jenkins_slave/workspace/semantic_map_caffer/_last_build_id
+ rm -f /home/indemind/.jenkins_slave/workspace/semantic_map_caffer/_commit-msg
+ rm -f /home/indemind/.jenkins_slave/workspace/semantic_map_caffer/_commit-msg.tmp
+ rm -f /home/indemind/.jenkins_slave/workspace/semantic_map_caffer/result.log
+ rm -f /home/indemind/.jenkins_slave/workspace/semantic_map_caffer/no_code_change.log
+ CLONE_DEPTH=--depth=1
+ PUBLICBASETYPES_DIR=/home/indemind/system/I18RPublicBaseTypes
+ cmdb_mysql 'insert into prebuild(job_name,source_project,source_branch,target_project,target_branch,time,build_url,node_name,build_user) values ('\''semantic_map_caffer'\'','\''DepthModules/projects/SemanticMap'\'','\''alg'\'','\''abby/integration/semanticmap'\'','\''caffer'\'',now(),'\''http://192.168.50.191:8088/job/semantic_map_caffer/32/'\'','\''191'\'','\''yuchufei'\'')'
+ set +x
+ DOCKER_CONTAINER_I18=build-x64-18.04
+ DOCKER_CONTAINER_RUBBY=c405
+ DOCKER_CONTAINER_RUBBY_INSIDE=c3566
+ DOCKER_CONTAINER_JAVA=node
+ JENKINS_JOB_A=mind
+ JENKINS_JOB_B=rbn
+ JENKINS_JOB_C=mark-check-tools
+ JENKINS_JOB_D=java
+ JENKINS_JOB_E=clean_recorder
+ JENKINS_JOB_F=i18r
+ JENKINS_JOB_G=nodejs
+ JENKINS_JOB_H=_ui
+ JENKINS_JOB_L=i12r
+ [[ semantic_map_caffer =~ mind ]]
+ '[' true = false ']'
+ source_project_fetch
+ git clone ssh://git@192.168.50.191:222/DepthModules/projects/SemanticMap -b alg --depth=1
æ­£å…‹éš†åˆ° 'SemanticMap'...
Warning: Permanently added '[192.168.50.191]:222' (ECDSA) to the list of known hosts.
+ target_project_update
+ rm -rf /home/indemind/.jenkins_slave/workspace/semantic_map_caffer/semanticmap
+ target_project_fetch
+ git clone ssh://git@192.168.50.191:222/abby/integration/semanticmap -b caffer --depth=1
æ­£å…‹éš†åˆ° 'semanticmap'...
Warning: Permanently added '[192.168.50.191]:222' (ECDSA) to the list of known hosts.
+ insert_db
+ pushd /home/indemind/.jenkins_slave/workspace/semantic_map_caffer/SemanticMap
~/.jenkins_slave/workspace/semantic_map_caffer/SemanticMap ~/.jenkins_slave/workspace/semantic_map_caffer
++ cmdb_mysql 'SELECT first_commit_id FROM prebuild where source_project='\''DepthModules/projects/SemanticMap'\'' and source_branch='\''alg'\'' and target_project='\''abby/integration/semanticmap'\'' and target_branch='\''caffer'\'' and status='\''0'\'' and job_name='\''semantic_map_caffer'\'' order by id desc limit 1;'
++ set +x
+ version=
++ echo
++ awk -F ' ' '{print $2}'
+ version=
++ git log -1 --pretty=format:%h
+ first_commit_id_now=5cbc757
+ cmdb_mysql 'update prebuild set first_commit_id='\''5cbc757'\'' where build_url='\''http://192.168.50.191:8088/job/semantic_map_caffer/32/'\'';'
+ set +x
+ popd
~/.jenkins_slave/workspace/semantic_map_caffer
+ [[ x86_64 =~ x86_64 ]]
+ docker exec -i c3566 /bin/bash
+ [[ c3566 == c405 ]]
+ [[ c3566 == c3566 ]]
+ echo 'rubby project building in c3566......'
rubby project building in c3566......
+ pushd /root/system/abby_msg
~/system/abby_msg /
+ git checkout ./
+ git clean -xdf ./
+ git pull origin master
From ssh://192.168.50.191:222/abby/source/abby_msg
 * branch            master     -> FETCH_HEAD
Already up to date.
+ popd
/
+ pushd /home/indemind/.jenkins_slave/workspace/semantic_map_caffer/SemanticMap
/home/indemind/.jenkins_slave/workspace/semantic_map_caffer/SemanticMap /
+ git submodule update --init --recursive
Submodule 'submodules/abby_msg' (ssh://git@192.168.50.191:222/abby/source/abby_msg.git) registered for path 'submodules/abby_msg'
Cloning into '/home/indemind/.jenkins_slave/workspace/semantic_map_caffer/SemanticMap/submodules/abby_msg'...
Submodule path 'submodules/abby_msg': checked out '169e86457aaf416ec78cea234c3c39cb6cce278d'
+ git submodule update --remote
Submodule path 'submodules/abby_msg': checked out 'f611833bdf3931d1aa549441dcd1b17fb6e0a8de'
+ sed -i 's/make -j[0-9].*/make -j4/g' scripts/compile.sh
+ '[' x5cbc757 == x ']'
+ source /opt/ros/melodic/setup.bash
+ bash -ex scripts/compile.sh
+ main
+ git submodule update --init --recursive
Submodule path 'submodules/abby_msg': checked out '169e86457aaf416ec78cea234c3c39cb6cce278d'
+ git submodule update --remote
Submodule path 'submodules/abby_msg': checked out 'f611833bdf3931d1aa549441dcd1b17fb6e0a8de'
++ GetProjectPath
++++ dirname scripts/compile.sh
+++ cd scripts
+++ pwd
++ local scriptsDir=/home/indemind/.jenkins_slave/workspace/semantic_map_caffer/SemanticMap/scripts
+++ dirname /home/indemind/.jenkins_slave/workspace/semantic_map_caffer/SemanticMap/scripts
++ echo /home/indemind/.jenkins_slave/workspace/semantic_map_caffer/SemanticMap
+ local projectPath=/home/indemind/.jenkins_slave/workspace/semantic_map_caffer/SemanticMap
+ cd /home/indemind/.jenkins_slave/workspace/semantic_map_caffer/SemanticMap
+ mkdir build
+ cd build
+ cmake ..
-- The C compiler identification is GNU 7.5.0
-- The CXX compiler identification is GNU 7.5.0
-- Check for working C compiler: /usr/bin/cc
-- Check for working C compiler: /usr/bin/cc -- works
-- Detecting C compiler ABI info
-- Detecting C compiler ABI info - done
-- Detecting C compile features
-- Detecting C compile features - done
-- Check for working CXX compiler: /usr/bin/c++
-- Check for working CXX compiler: /usr/bin/c++ -- works
-- Detecting CXX compiler ABI info
-- Detecting CXX compiler ABI info - done
-- Detecting CXX compile features
-- Detecting CXX compile features - done
-- Boost version: 1.65.1
-- Found the following Boost libraries:
--   system
--   filesystem
-- PCL_DIR=/home/indemind/.jenkins_slave/workspace/semantic_map_caffer/SemanticMap/thirdparty/arm64/pcl
-- Checking for module 'eigen3'
--   Found eigen3, version 3.3.7
-- Found Eigen: /usr/local/include/eigen3 (Required is at least version "3.1") 
-- Eigen found (include: /usr/local/include/eigen3, version: 3.3.7)
-- Boost version: 1.65.1
-- Found the following Boost libraries:
--   system
--   filesystem
--   date_time
--   iostreams
--   serialization
--   regex
-- Checking for module 'flann'
--   No package 'flann' found
-- Found FLANN: /home/indemind/.jenkins_slave/workspace/semantic_map_caffer/SemanticMap/thirdparty/arm64/flann/lib/libflann.so  
CMake Warning at thirdparty/arm64/pcl/share/pcl-1.10/PCLConfig.cmake:271 (find_package):
  By not providing "FindVTK.cmake" in CMAKE_MODULE_PATH this project has
  asked CMake to find a package configuration file provided by "VTK", but
  CMake did not find one.

  Could not find a package configuration file provided by "VTK" with any of
  the following names:

    VTKConfig.cmake
    vtk-config.cmake

  Add the installation prefix of "VTK" to CMAKE_PREFIX_PATH or set "VTK_DIR"
  to a directory containing one of the above files.  If "VTK" provides a
  separate development package or SDK, be sure it has been installed.
Call Stack (most recent call first):
  thirdparty/arm64/pcl/share/pcl-1.10/PCLConfig.cmake:330 (find_VTK)
  thirdparty/arm64/pcl/share/pcl-1.10/PCLConfig.cmake:535 (find_external_library)
  source/CMakeLists.txt:29 (find_package)


** WARNING ** 2d features related to vtk will be disabled
** WARNING ** io features related to pcap will be disabled
** WARNING ** io features related to png will be disabled
CMake Warning at thirdparty/arm64/pcl/share/pcl-1.10/PCLConfig.cmake:271 (find_package):
  By not providing "FindVTK.cmake" in CMAKE_MODULE_PATH this project has
  asked CMake to find a package configuration file provided by "VTK", but
  CMake did not find one.

  Could not find a package configuration file provided by "VTK" with any of
  the following names:

    VTKConfig.cmake
    vtk-config.cmake

  Add the installation prefix of "VTK" to CMAKE_PREFIX_PATH or set "VTK_DIR"
  to a directory containing one of the above files.  If "VTK" provides a
  separate development package or SDK, be sure it has been installed.
Call Stack (most recent call first):
  thirdparty/arm64/pcl/share/pcl-1.10/PCLConfig.cmake:330 (find_VTK)
  thirdparty/arm64/pcl/share/pcl-1.10/PCLConfig.cmake:535 (find_external_library)
  source/CMakeLists.txt:29 (find_package)


** WARNING ** io features related to vtk will be disabled
-- LIBUSB_1_LIBRARY (missing: LIBUSB_1_INCLUDE_DIR) 
** WARNING ** io features related to libusb-1.0 will be disabled
-- Could NOT find Qhull (missing: QHULL_LIBRARIES QHULL_INCLUDE_DIRS) 
** WARNING ** surface features related to qhull will be disabled
-- looking for PCL_COMMON
-- Found PCL_COMMON: /home/indemind/.jenkins_slave/workspace/semantic_map_caffer/SemanticMap/thirdparty/arm64/pcl/lib/libpcl_common.so  
-- looking for PCL_KDTREE
-- Found PCL_KDTREE: /home/indemind/.jenkins_slave/workspace/semantic_map_caffer/SemanticMap/thirdparty/arm64/pcl/lib/libpcl_kdtree.so  
-- looking for PCL_OCTREE
-- Found PCL_OCTREE: /home/indemind/.jenkins_slave/workspace/semantic_map_caffer/SemanticMap/thirdparty/arm64/pcl/lib/libpcl_octree.so  
-- looking for PCL_SEARCH
-- Found PCL_SEARCH: /home/indemind/.jenkins_slave/workspace/semantic_map_caffer/SemanticMap/thirdparty/arm64/pcl/lib/libpcl_search.so  
-- looking for PCL_SAMPLE_CONSENSUS
-- Found PCL_SAMPLE_CONSENSUS: /home/indemind/.jenkins_slave/workspace/semantic_map_caffer/SemanticMap/thirdparty/arm64/pcl/lib/libpcl_sample_consensus.so  
-- looking for PCL_FILTERS
-- Found PCL_FILTERS: /home/indemind/.jenkins_slave/workspace/semantic_map_caffer/SemanticMap/thirdparty/arm64/pcl/lib/libpcl_filters.so  
-- looking for PCL_2D
-- Found PCL_2D: /home/indemind/.jenkins_slave/workspace/semantic_map_caffer/SemanticMap/thirdparty/arm64/pcl/include/pcl-1.10  
-- looking for PCL_GEOMETRY
-- Found PCL_GEOMETRY: /home/indemind/.jenkins_slave/workspace/semantic_map_caffer/SemanticMap/thirdparty/arm64/pcl/include/pcl-1.10  
-- looking for PCL_IO
-- Found PCL_IO: /home/indemind/.jenkins_slave/workspace/semantic_map_caffer/SemanticMap/thirdparty/arm64/pcl/lib/libpcl_io.so  
-- looking for PCL_FEATURES
-- Found PCL_FEATURES: /home/indemind/.jenkins_slave/workspace/semantic_map_caffer/SemanticMap/thirdparty/arm64/pcl/lib/libpcl_features.so  
-- looking for PCL_ML
-- Found PCL_ML: /home/indemind/.jenkins_slave/workspace/semantic_map_caffer/SemanticMap/thirdparty/arm64/pcl/lib/libpcl_ml.so  
-- looking for PCL_SEGMENTATION
-- Found PCL_SEGMENTATION: /home/indemind/.jenkins_slave/workspace/semantic_map_caffer/SemanticMap/thirdparty/arm64/pcl/lib/libpcl_segmentation.so  
-- looking for PCL_SURFACE
-- Found PCL_SURFACE: /home/indemind/.jenkins_slave/workspace/semantic_map_caffer/SemanticMap/thirdparty/arm64/pcl/lib/libpcl_surface.so  
-- looking for PCL_REGISTRATION
-- Found PCL_REGISTRATION: /home/indemind/.jenkins_slave/workspace/semantic_map_caffer/SemanticMap/thirdparty/arm64/pcl/lib/libpcl_registration.so  
-- looking for PCL_KEYPOINTS
-- Found PCL_KEYPOINTS: /home/indemind/.jenkins_slave/workspace/semantic_map_caffer/SemanticMap/thirdparty/arm64/pcl/lib/libpcl_keypoints.so  
-- looking for PCL_TRACKING
-- Found PCL_TRACKING: /home/indemind/.jenkins_slave/workspace/semantic_map_caffer/SemanticMap/thirdparty/arm64/pcl/lib/libpcl_tracking.so  
-- looking for PCL_RECOGNITION
-- Found PCL_RECOGNITION: /home/indemind/.jenkins_slave/workspace/semantic_map_caffer/SemanticMap/thirdparty/arm64/pcl/lib/libpcl_recognition.so  
-- looking for PCL_STEREO
-- Found PCL_STEREO: /home/indemind/.jenkins_slave/workspace/semantic_map_caffer/SemanticMap/thirdparty/arm64/pcl/lib/libpcl_stereo.so  
-- Found PCL: pcl_common;pcl_kdtree;pcl_octree;pcl_search;pcl_sample_consensus;pcl_filters;pcl_io;pcl_features;pcl_ml;pcl_segmentation;pcl_surface;pcl_registration;pcl_keypoints;pcl_tracking;pcl_recognition;pcl_stereo;/usr/lib/aarch64-linux-gnu/libboost_system.so;/usr/lib/aarch64-linux-gnu/libboost_filesystem.so;/usr/lib/aarch64-linux-gnu/libboost_date_time.so;/usr/lib/aarch64-linux-gnu/libboost_iostreams.so;/usr/lib/aarch64-linux-gnu/libboost_serialization.so;/usr/lib/aarch64-linux-gnu/libboost_regex.so;FLANN::FLANN (Required is at least version "1.10") 
-- Boost version: 1.65.1
-- Found the following Boost libraries:
--   system
--   filesystem
-- Boost version: 1.65.1
-- Found the following Boost libraries:
--   system
--   filesystem
-- Configuring done
-- Generating done
-- Build files have been written to: /home/indemind/.jenkins_slave/workspace/semantic_map_caffer/SemanticMap/build
+ make
Scanning dependencies of target semantic_map
[  7%] Building CXX object source/CMakeFiles/semantic_map.dir/src/basic/get_time.cpp.o
[ 14%] Building CXX object source/CMakeFiles/semantic_map.dir/src/basic/math.cpp.o
[ 21%] Building CXX object source/CMakeFiles/semantic_map.dir/src/internal/semantic_category.cpp.o
/home/indemind/.jenkins_slave/workspace/semantic_map_caffer/SemanticMap/source/src/internal/semantic_category.cpp:13:10: fatal error: pcl/surface/convex_hull.h: No such file or directory
 #include <pcl/surface/convex_hull.h>
          ^~~~~~~~~~~~~~~~~~~~~~~~~~~
compilation terminated.
source/CMakeFiles/semantic_map.dir/build.make:110: recipe for target 'source/CMakeFiles/semantic_map.dir/src/internal/semantic_category.cpp.o' failed
make[2]: *** [source/CMakeFiles/semantic_map.dir/src/internal/semantic_category.cpp.o] Error 1
CMakeFiles/Makefile2:85: recipe for target 'source/CMakeFiles/semantic_map.dir/all' failed
make[1]: *** [source/CMakeFiles/semantic_map.dir/all] Error 2
Makefile:83: recipe for target 'all' failed
make: *** [all] Error 2
+ echo 0
+ popd
/
+ exit
+ [[ -f /home/indemind/.jenkins_slave/workspace/semantic_map_caffer/no_code_change.log ]]
+ check_status_code
+ test -f /home/indemind/.jenkins_slave/workspace/semantic_map_caffer/result.log
+ echo 'containge build is error'
containge build is error
+ exit 1
Build step 'Execute shell' marked build as failure
Finished: FAILURE
