Started by user [8mha:////4HOQCKO8Bs/HYMEW+FBIw9/cZVzcK/iVQ2ceUdw+95QuAAAAnB+LCAAAAAAAAP9b85aBtbiIQTGjNKU4P08vOT+vOD8nVc83PyU1x6OyILUoJzMv2y+/JJUBAhiZGBgqihhk0NSjKDWzXb3RdlLBUSYGJk8GtpzUvPSSDB8G5tKinBIGIZ+sxLJE/ZzEvHT94JKizLx0a6BxUmjGOUNodHsLgAzmEgYB/dLi1CL95NLMytK8itLEPADJvgzLxQAAAA==[0må´”äº‘è½©
Rebuilds build #[8mha:////4Bbvxn2IJEEsPWTOp54omyMfVlrE8EKfUJwdS3/5DqMaAAAAsh+LCAAAAAAAAP9b85aBtbiIQTGjNKU4P08vOT+vOD8nVc83PyU1x6OyILUoJzMv2y+/JJUBAhiZGBgqihhk0NSjKDWzXb3RdlLBUSYGJk8GtpzUvPSSDB8G5tKinBIGIZ+sxLJE/ZzEvHT94JKizLx0a6BxUmjGOUNodHsLgAzmEgYN/bLM1HL94pzEXP2s/CT9otKkpEpdEFc3JTWpNF3X2NTMTN/Q0BAAGMLcjd0AAAA=[0m111
Running as SYSTEM
Building remotely on [8mha:////4JiinonVqRVUq+0157MFNdoHlSrLzLyDeg8j8rfRwRzcAAAAmx+LCAAAAAAAAP9b85aBtbiIQTGjNKU4P08vOT+vOD8nVc83PyU1x6OyILUoJzMv2y+/JJUBAhiZGBgqihhk0NSjKDWzXb3RdlLBUSYGJk8GtpzUvPSSDB8G5tKinBIGIZ+sxLJE/ZzEvHT94JKizLx0a6BxUmjGOUNodHsLgAzWEgZ+/eT83ILSktQi/WRjUzMzABiYJ1zEAAAA[0mc3566 (car8) in workspace /root/workspace/workspace/rubby-slam-debug-3566
[WS-CLEANUP] Clean-up disabled, skipping workspace deletion.
No emails were triggered.
[rubby-slam-debug-3566] $ /bin/sh -xe /tmp/jenkins11619914173106885556.sh
+ bash -ex /root/myscript/build/build.sh
+++ dirname /root/myscript/build/build.sh
++ cd /root/myscript/build
++ pwd
+ project_path=/root/myscript/build
+ . /root/myscript/build/../sh/cmdb
++ set -x
++ export MYSQL_PWD=123
++ MYSQL_PWD=123
++ export -f cmdb_mysql
+ . /root/myscript/build/../sh/version-update.sh
++ . /root/.bashrc
+++ '[' -z '' ']'
+++ return
+ set -ex
+ export -f public_project_update
+ export -f project_build
+ init_project_env
++ date +%Y%m%d
+ DT=20240517
+ UserName=jenkins
+ API_TOKEN=11b65309c9835de9579d9c9038853d9eb7
+ GIT_PRIVATE_TOKEN=emEDrsaJVjxKK5gSWrf-
+ GIT_HOST=192.168.50.191
++ echo abby/integration/SLAM
++ awk -F/ '{print $1"%2F"$2}'
+ CONVERT_TARGET_PROJECT=abby%2Fintegration
++ curl -XGET -H 'Content-Type: application/json' --header 'PRIVATE-TOKEN: emEDrsaJVjxKK5gSWrf-' http://192.168.50.191:85/api/v4/projects/abby%2Fintegration
++ python -c 'import sys, json; print(json.load(sys.stdin)["id"])'
  % Total    % Received % Xferd  Average Speed   Time    Time     Time  Current
                                 Dload  Upload   Total   Spent    Left  Speed
  0     0    0     0    0     0      0      0 --:--:-- --:--:-- --:--:--     0100    35  100    35    0     0    777      0 --:--:-- --:--:-- --:--:--   777
Traceback (most recent call last):
  File "<string>", line 1, in <module>
KeyError: 'id'
+ SUB_PROJECT_ID=
+ true
+ '[' -z ']'
+ SOURCE_DIR=/root/workspace/workspace/rubby-slam-debug-3566/parker_vislam_source
+ TARGET_DIR=/root/workspace/workspace/rubby-slam-debug-3566/SLAM
+ prepare_env
++ uname -m
+ system_platform=aarch64
+ :
++ cat /proc/cpuinfo
++ grep processor
++ uniq
++ wc -l
++ sort
+ mt=-j4
+ export COMMIT_ID_FILE=/root/workspace/workspace/rubby-slam-debug-3566/_last_build_id
+ COMMIT_ID_FILE=/root/workspace/workspace/rubby-slam-debug-3566/_last_build_id
+ export COMMIT_MSG_FILE=/root/workspace/workspace/rubby-slam-debug-3566/_commit-msg
+ COMMIT_MSG_FILE=/root/workspace/workspace/rubby-slam-debug-3566/_commit-msg
+ export COMMIT_MSG_FILE_TMP=/root/workspace/workspace/rubby-slam-debug-3566/_commit-msg.tmp
+ COMMIT_MSG_FILE_TMP=/root/workspace/workspace/rubby-slam-debug-3566/_commit-msg.tmp
+ rm -f /root/workspace/workspace/rubby-slam-debug-3566/_last_build_id
+ rm -f /root/workspace/workspace/rubby-slam-debug-3566/_commit-msg
+ rm -f /root/workspace/workspace/rubby-slam-debug-3566/_commit-msg.tmp
+ rm -f /root/workspace/workspace/rubby-slam-debug-3566/result.log
+ rm -f /root/workspace/workspace/rubby-slam-debug-3566/no_code_change.log
+ sign_env
+ CONFIG_DIR_SET=/root/system
+ CONFIG_BRANCH=mind_os
+ CLONE_DEPTH=--depth=1
+ CONFIG_DIR=/root/system/i18rconfig
+ CONFIG_REMOTE='git clone ssh://git@192.168.50.191:222/AroundI18RProject/i18rconfig /root/system/i18rconfig -b mind_os --depth=1'
+ [[ aarch64 =~ x86_64 ]]
+ ENCRYPTION_TOOL=/root/system/i18rconfig/encrypt
+ CLONE_DEPTH=--depth=1
+ PUBLICBASETYPES_DIR=/root/system/I18RPublicBaseTypes
+ cmdb_mysql 'insert into prebuild(job_name,source_project,source_branch,target_project,target_branch,time,build_url,node_name,build_user) values ('\''rubby-slam-debug-3566'\'','\''xuhaonan/parker_vislam_source'\'','\''rubbytest_relocation_mulpnp'\'','\''abby/integration/SLAM'\'','\''caffer-dev'\'',now(),'\''http://192.168.50.191:8088/job/rubby-slam-debug-3566/112/'\'','\''c3566'\'','\''cuiyunxuan'\'')'
+ set +x
+ DOCKER_CONTAINER_I18=build-x64-18.04
+ DOCKER_CONTAINER_RUBBY=c405
+ DOCKER_CONTAINER_RUBBY_INSIDE=c3566
+ DOCKER_CONTAINER_JAVA=node
+ JENKINS_JOB_A=mind
+ JENKINS_JOB_B=rbn
+ JENKINS_JOB_C=mark-check-tools
+ JENKINS_JOB_D=java
+ JENKINS_JOB_E=clean_recorder
+ JENKINS_JOB_F=i18r
+ JENKINS_JOB_G=nodejs
+ JENKINS_JOB_H=_ui
+ JENKINS_JOB_L=i12r
+ [[ rubby-slam-debug-3566 =~ mind ]]
+ '[' false = false ']'
+ source_project_update
+ '[' -d /root/workspace/workspace/rubby-slam-debug-3566/parker_vislam_source ']'
+ pushd /root/workspace/workspace/rubby-slam-debug-3566/parker_vislam_source
~/workspace/workspace/rubby-slam-debug-3566/parker_vislam_source ~/workspace/workspace/rubby-slam-debug-3566
+ git checkout ./
+ git pull --rebase
From ssh://192.168.50.191:222/xuhaonan/parker_vislam_source
   a268dac..47161cc  rubbytest_relocation_mulpnp -> origin/rubbytest_relocation_mulpnp
Updating a268dac..47161cc
Fast-forward
 src/System.cc                   | 102 ++++++++++++++++++++--------------------
 src/dealmap/DealMapInterface.cc |  37 +++------------
 2 files changed, 58 insertions(+), 81 deletions(-)
Current branch rubbytest_relocation_mulpnp is up to date.
+ popd
~/workspace/workspace/rubby-slam-debug-3566
+ target_project_update
+ rm -rf /root/workspace/workspace/rubby-slam-debug-3566/SLAM
+ target_project_fetch
+ git clone ssh://git@192.168.50.191:222/abby/integration/SLAM -b caffer-dev --depth=1
Cloning into 'SLAM'...
Checking out files:  29% (278/930)   Checking out files:  30% (279/930)   Checking out files:  31% (289/930)   Checking out files:  32% (298/930)   Checking out files:  33% (307/930)   Checking out files:  34% (317/930)   Checking out files:  35% (326/930)   Checking out files:  36% (335/930)   Checking out files:  37% (345/930)   Checking out files:  38% (354/930)   Checking out files:  39% (363/930)   Checking out files:  40% (372/930)   Checking out files:  41% (382/930)   Checking out files:  42% (391/930)   Checking out files:  43% (400/930)   Checking out files:  44% (410/930)   Checking out files:  45% (419/930)   Checking out files:  46% (428/930)   Checking out files:  47% (438/930)   Checking out files:  48% (447/930)   Checking out files:  49% (456/930)   Checking out files:  50% (465/930)   Checking out files:  51% (475/930)   Checking out files:  52% (484/930)   Checking out files:  53% (493/930)   Checking out files:  54% (503/930)   Checking out files:  55% (512/930)   Checking out files:  56% (521/930)   Checking out files:  57% (531/930)   Checking out files:  58% (540/930)   Checking out files:  59% (549/930)   Checking out files:  60% (558/930)   Checking out files:  61% (568/930)   Checking out files:  62% (577/930)   Checking out files:  63% (586/930)   Checking out files:  64% (596/930)   Checking out files:  65% (605/930)   Checking out files:  66% (614/930)   Checking out files:  67% (624/930)   Checking out files:  68% (633/930)   Checking out files:  69% (642/930)   Checking out files:  70% (651/930)   Checking out files:  71% (661/930)   Checking out files:  72% (670/930)   Checking out files:  73% (679/930)   Checking out files:  74% (689/930)   Checking out files:  75% (698/930)   Checking out files:  76% (707/930)   Checking out files:  77% (717/930)   Checking out files:  78% (726/930)   Checking out files:  79% (735/930)   Checking out files:  80% (744/930)   Checking out files:  81% (754/930)   Checking out files:  82% (763/930)   Checking out files:  83% (772/930)   Checking out files:  84% (782/930)   Checking out files:  85% (791/930)   Checking out files:  86% (800/930)   Checking out files:  87% (810/930)   Checking out files:  88% (819/930)   Checking out files:  89% (828/930)   Checking out files:  90% (837/930)   Checking out files:  91% (847/930)   Checking out files:  92% (856/930)   Checking out files:  93% (865/930)   Checking out files:  94% (875/930)   Checking out files:  95% (884/930)   Checking out files:  96% (893/930)   Checking out files:  97% (903/930)   Checking out files:  98% (912/930)   Checking out files:  99% (921/930)   Checking out files:  99% (928/930)   Checking out files: 100% (930/930)   Checking out files: 100% (930/930), done.
+ insert_db
+ pushd /root/workspace/workspace/rubby-slam-debug-3566/parker_vislam_source
~/workspace/workspace/rubby-slam-debug-3566/parker_vislam_source ~/workspace/workspace/rubby-slam-debug-3566
++ cmdb_mysql 'SELECT first_commit_id FROM prebuild where source_project='\''xuhaonan/parker_vislam_source'\'' and source_branch='\''rubbytest_relocation_mulpnp'\'' and target_project='\''abby/integration/SLAM'\'' and target_branch='\''caffer-dev'\'' and status='\''0'\'' and job_name='\''rubby-slam-debug-3566'\'' order by id desc limit 1;'
++ set +x
+ version='first_commit_id
ca65254'
++ echo first_commit_id ca65254
++ awk -F ' ' '{print $2}'
+ version=ca65254
++ git log -1 --pretty=format:%h
+ first_commit_id_now=47161cc
+ cmdb_mysql 'update prebuild set first_commit_id='\''47161cc'\'' where build_url='\''http://192.168.50.191:8088/job/rubby-slam-debug-3566/112/'\'';'
+ set +x
+ popd
~/workspace/workspace/rubby-slam-debug-3566
+ [[ aarch64 =~ x86_64 ]]
+ [[ rubby-slam-debug-3566 =~ i18r ]]
+ project_build
+ pushd /root/workspace/workspace/rubby-slam-debug-3566/parker_vislam_source
~/workspace/workspace/rubby-slam-debug-3566/parker_vislam_source ~/workspace/workspace/rubby-slam-debug-3566
+ project_init_remote
++ find -type f -name sync_submodules.sh
+ sf=
+ '[' -z ']'
+ git submodule update --init --recursive
+ git submodule update --remote
warning: redirecting to http://192.168.50.191:85/qiuliru/DepthModuleForRubby.git/
+ sed -i 's/make -j[0-9].*/make -j4/g' build.sh
+ '[' -z ']'
+ '[' x47161cc == xca65254 ']'
+ bash -ex build.sh
+ echo 'Uncompress vocabulary ...'
Uncompress vocabulary ...
+ ls /root/
ljx
myscript
system
tmp
wifi.sh
wifi_hostapd.sh
wifi_indemind.sh
wifi_indemind901.sh
workspace
+ echo 'Configuring and building IM_SLAM ...'
Configuring and building IM_SLAM ...
+ cd DBoW2
+ mkdir build
mkdir: cannot create directory â€˜buildâ€™: File exists
+ true
+ cd build
+ cmake .. -DCMAKE_BUILD_TYPE=Release
CMake Deprecation Warning at CMakeLists.txt:1 (cmake_minimum_required):
  Compatibility with CMake < 2.8.12 will be removed from a future version of
  CMake.

  Update the VERSION argument <min> value or use a ...<max> suffix to tell
  CMake that the project does not need compatibility with older versions.


-- Using flag -std=c++11.
-- Use the imported target: /usr/local/include/eigen3
-- Configuring done
-- Generating done
-- Build files have been written to: /root/workspace/workspace/rubby-slam-debug-3566/parker_vislam_source/DBoW2/build
+ make -j4
Consolidate compiler generated dependencies of target DBoW2
[100%] Built target DBoW2
+ cd ../../DLib
+ mkdir build
mkdir: cannot create directory â€˜buildâ€™: File exists
+ true
+ cd build
+ cmake .. -DCMAKE_BUILD_TYPE=Release
-- Using flag -std=c++11.
-- Configuring done
-- Generating done
-- Build files have been written to: /root/workspace/workspace/rubby-slam-debug-3566/parker_vislam_source/DLib/build
+ make -j4
Consolidate compiler generated dependencies of target DLib
[100%] Built target DLib
+ cd ../../superpoint
+ mkdir build
mkdir: cannot create directory â€˜buildâ€™: File exists
+ true
+ cd build
+ cmake .. -DCMAKE_BUILD_TYPE=Release
CMake Deprecation Warning at CMakeLists.txt:1 (cmake_minimum_required):
  Compatibility with CMake < 2.8.12 will be removed from a future version of
  CMake.

  Update the VERSION argument <min> value or use a ...<max> suffix to tell
  CMake that the project does not need compatibility with older versions.


Build type: Release
OPENCV VERSION:
3.4.3
-- Configuring done
-- Generating done
-- Build files have been written to: /root/workspace/workspace/rubby-slam-debug-3566/parker_vislam_source/superpoint/build
+ make -j4
Consolidate compiler generated dependencies of target superpoint
[100%] Built target superpoint
+ cd ../../
+ cd usac
+ mkdir -p build
+ cd build
+ cmake ..
-- Using flag -std=c++11.
-- Configuring done
-- Generating done
-- Build files have been written to: /root/workspace/workspace/rubby-slam-debug-3566/parker_vislam_source/usac/build
+ make -j4
Consolidate compiler generated dependencies of target usac
[100%] Built target usac
+ cd ../../
+ cd abseil-cpp
+ mkdir build
mkdir: cannot create directory â€˜buildâ€™: File exists
+ true
+ mkdir abseil_install
mkdir: cannot create directory â€˜abseil_installâ€™: File exists
+ true
+ cd build
+ cmake ..
CMake Warning at CMakeLists.txt:74 (message):
  A future Abseil release will default ABSL_PROPAGATE_CXX_STD to ON for CMake
  3.8 and up.  We recommend enabling this option to ensure your project still
  builds correctly.


-- Configuring done
-- Generating done
-- Build files have been written to: /root/workspace/workspace/rubby-slam-debug-3566/parker_vislam_source/abseil-cpp/build
+ make -j4
Consolidate compiler generated dependencies of target spinlock_wait
Consolidate compiler generated dependencies of target strerror
Consolidate compiler generated dependencies of target log_severity
[  3%] Built target spinlock_wait
[  3%] Built target strerror
[  4%] Built target log_severity
Consolidate compiler generated dependencies of target time_zone
Consolidate compiler generated dependencies of target exponential_biased
Consolidate compiler generated dependencies of target int128
Consolidate compiler generated dependencies of target civil_time
[  5%] Built target exponential_biased
[ 11%] Built target time_zone
[ 12%] Built target civil_time
[ 13%] Built target int128
Consolidate compiler generated dependencies of target leak_check_disable
Consolidate compiler generated dependencies of target leak_check
Consolidate compiler generated dependencies of target flags_commandlineflag_internal
Consolidate compiler generated dependencies of target periodic_sampler
[ 15%] Built target leak_check
[ 15%] Built target leak_check_disable
[ 16%] Built target flags_commandlineflag_internal
[ 17%] Built target periodic_sampler
Consolidate compiler generated dependencies of target random_internal_platform
Consolidate compiler generated dependencies of target random_seed_gen_exception
Consolidate compiler generated dependencies of target raw_logging_internal
[ 18%] Built target random_internal_platform
[ 19%] Built target random_seed_gen_exception
[ 20%] Built target raw_logging_internal
Consolidate compiler generated dependencies of target random_internal_randen_hwaes_impl
Consolidate compiler generated dependencies of target throw_delegate
Consolidate compiler generated dependencies of target random_internal_randen_slow
Consolidate compiler generated dependencies of target base
[ 21%] Built target random_internal_randen_hwaes_impl
[ 22%] Built target throw_delegate
[ 23%] Built target random_internal_randen_slow
[ 26%] Built target base
Consolidate compiler generated dependencies of target scoped_set_env
Consolidate compiler generated dependencies of target bad_optional_access
Consolidate compiler generated dependencies of target debugging_internal
[ 27%] Built target scoped_set_env
Consolidate compiler generated dependencies of target bad_variant_access
[ 28%] Built target bad_optional_access
[ 31%] Built target debugging_internal
[ 32%] Built target bad_variant_access
Consolidate compiler generated dependencies of target low_level_hash
Consolidate compiler generated dependencies of target city
Consolidate compiler generated dependencies of target cordz_functions
Consolidate compiler generated dependencies of target random_internal_randen_hwaes
[ 33%] Built target low_level_hash
[ 34%] Built target city
[ 35%] Built target random_internal_randen_hwaes
[ 36%] Built target cordz_functions
Consolidate compiler generated dependencies of target bad_any_cast_impl
Consolidate compiler generated dependencies of target malloc_internal
Consolidate compiler generated dependencies of target stacktrace
[ 37%] Built target bad_any_cast_impl
Consolidate compiler generated dependencies of target strings_internal
[ 38%] Built target malloc_internal
[ 39%] Built target stacktrace
Consolidate compiler generated dependencies of target demangle_internal
[ 41%] Built target strings_internal
Consolidate compiler generated dependencies of target random_internal_randen
Consolidate compiler generated dependencies of target graphcycles_internal
[ 42%] Built target demangle_internal
[ 43%] Built target random_internal_randen
[ 44%] Built target graphcycles_internal
Consolidate compiler generated dependencies of target strings
[ 51%] Built target strings
Consolidate compiler generated dependencies of target flags_commandlineflag
Consolidate compiler generated dependencies of target symbolize
Consolidate compiler generated dependencies of target time
[ 52%] Built target symbolize
[ 53%] Built target flags_commandlineflag
Consolidate compiler generated dependencies of target str_format_internal
[ 56%] Built target time
[ 59%] Built target str_format_internal
Consolidate compiler generated dependencies of target hash
Consolidate compiler generated dependencies of target cord_internal
[ 60%] Built target hash
Consolidate compiler generated dependencies of target random_internal_seed_material
Consolidate compiler generated dependencies of target random_distributions
[ 61%] Built target random_internal_seed_material
[ 66%] Built target random_distributions
[ 67%] Built target cord_internal
Consolidate compiler generated dependencies of target random_internal_distribution_test_util
Consolidate compiler generated dependencies of target examine_stack
Consolidate compiler generated dependencies of target flags_marshalling
[ 69%] Built target random_internal_distribution_test_util
[ 70%] Built target examine_stack
[ 71%] Built target flags_marshalling
Consolidate compiler generated dependencies of target flags_private_handle_accessor
Consolidate compiler generated dependencies of target synchronization
Consolidate compiler generated dependencies of target random_internal_pool_urbg
[ 72%] Built target flags_private_handle_accessor
Consolidate compiler generated dependencies of target failure_signal_handler
[ 77%] Built target synchronization
[ 79%] Built target failure_signal_handler
[ 79%] Built target random_internal_pool_urbg
Consolidate compiler generated dependencies of target flags_program_name
Consolidate compiler generated dependencies of target cordz_handle
Consolidate compiler generated dependencies of target random_seed_sequences
Consolidate compiler generated dependencies of target hashtablez_sampler
[ 80%] Built target flags_program_name
[ 81%] Built target cordz_handle
[ 82%] Built target random_seed_sequences
[ 84%] Built target hashtablez_sampler
Consolidate compiler generated dependencies of target flags_config
Consolidate compiler generated dependencies of target cordz_info
Consolidate compiler generated dependencies of target raw_hash_set
[ 85%] Built target flags_config
[ 86%] Built target cordz_info
[ 88%] Built target raw_hash_set
Consolidate compiler generated dependencies of target flags_internal
Consolidate compiler generated dependencies of target cordz_sample_token
Consolidate compiler generated dependencies of target cord
[ 89%] Built target flags_internal
[ 90%] Built target cordz_sample_token
[ 91%] Built target cord
Consolidate compiler generated dependencies of target flags_reflection
Consolidate compiler generated dependencies of target status
[ 92%] Built target flags_reflection
[ 94%] Built target status
Consolidate compiler generated dependencies of target flags
Consolidate compiler generated dependencies of target statusor
[ 95%] Built target flags
[ 96%] Built target statusor
Consolidate compiler generated dependencies of target flags_usage_internal
[ 97%] Built target flags_usage_internal
Consolidate compiler generated dependencies of target flags_usage
[ 98%] Built target flags_usage
Consolidate compiler generated dependencies of target flags_parse
[100%] Built target flags_parse
+ make install DESTDIR=../abseil_install
[  1%] Built target log_severity
[  2%] Built target raw_logging_internal
[  3%] Built target spinlock_wait
[  6%] Built target base
[  7%] Built target malloc_internal
[  8%] Built target throw_delegate
[  9%] Built target scoped_set_env
[ 11%] Built target strerror
[ 17%] Built target time_zone
[ 20%] Built target debugging_internal
[ 21%] Built target stacktrace
[ 23%] Built target strings_internal
[ 24%] Built target demangle_internal
[ 25%] Built target int128
[ 32%] Built target strings
[ 33%] Built target symbolize
[ 34%] Built target exponential_biased
[ 35%] Built target graphcycles_internal
[ 36%] Built target civil_time
[ 39%] Built target time
[ 44%] Built target synchronization
[ 46%] Built target hashtablez_sampler
[ 47%] Built target bad_optional_access
[ 49%] Built target raw_hash_set
[ 50%] Built target examine_stack
[ 51%] Built target failure_signal_handler
[ 52%] Built target leak_check
[ 53%] Built target leak_check_disable
[ 54%] Built target flags_program_name
[ 55%] Built target flags_config
[ 58%] Built target str_format_internal
[ 59%] Built target flags_marshalling
[ 60%] Built target flags_commandlineflag_internal
[ 61%] Built target flags_commandlineflag
[ 62%] Built target flags_private_handle_accessor
[ 63%] Built target bad_variant_access
[ 64%] Built target city
[ 65%] Built target low_level_hash
[ 66%] Built target hash
[ 70%] Built target cord_internal
[ 71%] Built target cordz_functions
[ 72%] Built target cordz_handle
[ 73%] Built target cordz_info
[ 74%] Built target cord
[ 75%] Built target flags_reflection
[ 76%] Built target flags_internal
[ 77%] Built target flags
[ 78%] Built target flags_usage_internal
[ 79%] Built target flags_usage
[ 81%] Built target flags_parse
[ 82%] Built target periodic_sampler
[ 84%] Built target random_distributions
[ 85%] Built target random_seed_gen_exception
[ 86%] Built target random_internal_seed_material
[ 87%] Built target random_internal_platform
[ 88%] Built target random_internal_randen_hwaes_impl
[ 89%] Built target random_internal_randen_slow
[ 90%] Built target random_internal_randen_hwaes
[ 91%] Built target random_internal_randen
[ 92%] Built target random_internal_pool_urbg
[ 93%] Built target random_seed_sequences
[ 95%] Built target random_internal_distribution_test_util
[ 97%] Built target status
[ 98%] Built target statusor
[ 99%] Built target cordz_sample_token
[100%] Built target bad_any_cast_impl
Install the project...
-- Install configuration: ""
-- Up-to-date: ../abseil_install/usr/local/lib/cmake/absl/abslTargets.cmake
-- Up-to-date: ../abseil_install/usr/local/lib/cmake/absl/abslTargets-noconfig.cmake
-- Up-to-date: ../abseil_install/usr/local/lib/cmake/absl/abslConfig.cmake
-- Up-to-date: ../abseil_install/usr/local/lib/cmake/absl/abslConfigVersion.cmake
-- Up-to-date: ../abseil_install/usr/local/include/absl
-- Up-to-date: ../abseil_install/usr/local/include/absl/numeric
-- Up-to-date: ../abseil_install/usr/local/include/absl/numeric/int128_no_intrinsic.inc
-- Up-to-date: ../abseil_install/usr/local/include/absl/numeric/int128_have_intrinsic.inc
-- Up-to-date: ../abseil_install/usr/local/include/absl/numeric/internal
-- Up-to-date: ../abseil_install/usr/local/include/absl/numeric/internal/bits.h
-- Up-to-date: ../abseil_install/usr/local/include/absl/numeric/internal/representation.h
-- Up-to-date: ../abseil_install/usr/local/include/absl/numeric/bits.h
-- Up-to-date: ../abseil_install/usr/local/include/absl/numeric/int128.h
-- Up-to-date: ../abseil_install/usr/local/include/absl/algorithm
-- Up-to-date: ../abseil_install/usr/local/include/absl/algorithm/algorithm.h
-- Up-to-date: ../abseil_install/usr/local/include/absl/algorithm/container.h
-- Up-to-date: ../abseil_install/usr/local/include/absl/utility
-- Up-to-date: ../abseil_install/usr/local/include/absl/utility/utility.h
-- Up-to-date: ../abseil_install/usr/local/include/absl/cleanup
-- Up-to-date: ../abseil_install/usr/local/include/absl/cleanup/cleanup.h
-- Up-to-date: ../abseil_install/usr/local/include/absl/cleanup/internal
-- Up-to-date: ../abseil_install/usr/local/include/absl/cleanup/internal/cleanup.h
-- Up-to-date: ../abseil_install/usr/local/include/absl/synchronization
-- Up-to-date: ../abseil_install/usr/local/include/absl/synchronization/blocking_counter.h
-- Up-to-date: ../abseil_install/usr/local/include/absl/synchronization/notification.h
-- Up-to-date: ../abseil_install/usr/local/include/absl/synchronization/internal
-- Up-to-date: ../abseil_install/usr/local/include/absl/synchronization/internal/graphcycles.h
-- Up-to-date: ../abseil_install/usr/local/include/absl/synchronization/internal/create_thread_identity.h
-- Up-to-date: ../abseil_install/usr/local/include/absl/synchronization/internal/waiter.h
-- Up-to-date: ../abseil_install/usr/local/include/absl/synchronization/internal/futex.h
-- Up-to-date: ../abseil_install/usr/local/include/absl/synchronization/internal/kernel_timeout.h
-- Up-to-date: ../abseil_install/usr/local/include/absl/synchronization/internal/thread_pool.h
-- Up-to-date: ../abseil_install/usr/local/include/absl/synchronization/internal/per_thread_sem.h
-- Up-to-date: ../abseil_install/usr/local/include/absl/synchronization/mutex.h
-- Up-to-date: ../abseil_install/usr/local/include/absl/synchronization/barrier.h
-- Up-to-date: ../abseil_install/usr/local/include/absl/container
-- Up-to-date: ../abseil_install/usr/local/include/absl/container/inlined_vector.h
-- Up-to-date: ../abseil_install/usr/local/include/absl/container/node_hash_map.h
-- Up-to-date: ../abseil_install/usr/local/include/absl/container/flat_hash_map.h
-- Up-to-date: ../abseil_install/usr/local/include/absl/container/internal
-- Up-to-date: ../abseil_install/usr/local/include/absl/container/internal/hash_policy_traits.h
-- Up-to-date: ../abseil_install/usr/local/include/absl/container/internal/unordered_set_constructor_test.h
-- Up-to-date: ../abseil_install/usr/local/include/absl/container/internal/btree_container.h
-- Up-to-date: ../abseil_install/usr/local/include/absl/container/internal/inlined_vector.h
-- Up-to-date: ../abseil_install/usr/local/include/absl/container/internal/raw_hash_map.h
-- Up-to-date: ../abseil_install/usr/local/include/absl/container/internal/container_memory.h
-- Up-to-date: ../abseil_install/usr/local/include/absl/container/internal/node_hash_policy.h
-- Up-to-date: ../abseil_install/usr/local/include/absl/container/internal/unordered_set_modifiers_test.h
-- Up-to-date: ../abseil_install/usr/local/include/absl/container/internal/unordered_set_members_test.h
-- Up-to-date: ../abseil_install/usr/local/include/absl/container/internal/compressed_tuple.h
-- Up-to-date: ../abseil_install/usr/local/include/absl/container/internal/test_instance_tracker.h
-- Up-to-date: ../abseil_install/usr/local/include/absl/container/internal/layout.h
-- Up-to-date: ../abseil_install/usr/local/include/absl/container/internal/hash_generator_testing.h
-- Up-to-date: ../abseil_install/usr/local/include/absl/container/internal/unordered_map_constructor_test.h
-- Up-to-date: ../abseil_install/usr/local/include/absl/container/internal/hash_policy_testing.h
-- Up-to-date: ../abseil_install/usr/local/include/absl/container/internal/hashtable_debug.h
-- Up-to-date: ../abseil_install/usr/local/include/absl/container/internal/hashtable_debug_hooks.h
-- Up-to-date: ../abseil_install/usr/local/include/absl/container/internal/hash_function_defaults.h
-- Up-to-date: ../abseil_install/usr/local/include/absl/container/internal/btree.h
-- Up-to-date: ../abseil_install/usr/local/include/absl/container/internal/unordered_set_lookup_test.h
-- Up-to-date: ../abseil_install/usr/local/include/absl/container/internal/have_sse.h
-- Up-to-date: ../abseil_install/usr/local/include/absl/container/internal/counting_allocator.h
-- Up-to-date: ../abseil_install/usr/local/include/absl/container/internal/common.h
-- Up-to-date: ../abseil_install/usr/local/include/absl/container/internal/hashtablez_sampler.h
-- Up-to-date: ../abseil_install/usr/local/include/absl/container/internal/unordered_map_members_test.h
-- Up-to-date: ../abseil_install/usr/local/include/absl/container/internal/raw_hash_set.h
-- Up-to-date: ../abseil_install/usr/local/include/absl/container/internal/tracked.h
-- Up-to-date: ../abseil_install/usr/local/include/absl/container/internal/unordered_map_modifiers_test.h
-- Up-to-date: ../abseil_install/usr/local/include/absl/container/internal/unordered_map_lookup_test.h
-- Up-to-date: ../abseil_install/usr/local/include/absl/container/btree_set.h
-- Up-to-date: ../abseil_install/usr/local/include/absl/container/btree_map.h
-- Up-to-date: ../abseil_install/usr/local/include/absl/container/flat_hash_set.h
-- Up-to-date: ../abseil_install/usr/local/include/absl/container/fixed_array.h
-- Up-to-date: ../abseil_install/usr/local/include/absl/container/node_hash_set.h
-- Up-to-date: ../abseil_install/usr/local/include/absl/container/btree_test.h
-- Up-to-date: ../abseil_install/usr/local/include/absl/hash
-- Up-to-date: ../abseil_install/usr/local/include/absl/hash/internal
-- Up-to-date: ../abseil_install/usr/local/include/absl/hash/internal/spy_hash_state.h
-- Up-to-date: ../abseil_install/usr/local/include/absl/hash/internal/city.h
-- Up-to-date: ../abseil_install/usr/local/include/absl/hash/internal/hash.h
-- Up-to-date: ../abseil_install/usr/local/include/absl/hash/internal/low_level_hash.h
-- Up-to-date: ../abseil_install/usr/local/include/absl/hash/hash_testing.h
-- Up-to-date: ../abseil_install/usr/local/include/absl/hash/hash.h
-- Up-to-date: ../abseil_install/usr/local/include/absl/flags
-- Up-to-date: ../abseil_install/usr/local/include/absl/flags/parse.h
-- Up-to-date: ../abseil_install/usr/local/include/absl/flags/config.h
-- Up-to-date: ../abseil_install/usr/local/include/absl/flags/internal
-- Up-to-date: ../abseil_install/usr/local/include/absl/flags/internal/parse.h
-- Up-to-date: ../abseil_install/usr/local/include/absl/flags/internal/sequence_lock.h
-- Up-to-date: ../abseil_install/usr/local/include/absl/flags/internal/registry.h
-- Up-to-date: ../abseil_install/usr/local/include/absl/flags/internal/usage.h
-- Up-to-date: ../abseil_install/usr/local/include/absl/flags/internal/program_name.h
-- Up-to-date: ../abseil_install/usr/local/include/absl/flags/internal/commandlineflag.h
-- Up-to-date: ../abseil_install/usr/local/include/absl/flags/internal/flag.h
-- Up-to-date: ../abseil_install/usr/local/include/absl/flags/internal/path_util.h
-- Up-to-date: ../abseil_install/usr/local/include/absl/flags/internal/flag_msvc.inc
-- Up-to-date: ../abseil_install/usr/local/include/absl/flags/internal/private_handle_accessor.h
-- Up-to-date: ../abseil_install/usr/local/include/absl/flags/usage_config.h
-- Up-to-date: ../abseil_install/usr/local/include/absl/flags/usage.h
-- Up-to-date: ../abseil_install/usr/local/include/absl/flags/commandlineflag.h
-- Up-to-date: ../abseil_install/usr/local/include/absl/flags/marshalling.h
-- Up-to-date: ../abseil_install/usr/local/include/absl/flags/declare.h
-- Up-to-date: ../abseil_install/usr/local/include/absl/flags/flag.h
-- Up-to-date: ../abseil_install/usr/local/include/absl/flags/reflection.h
-- Up-to-date: ../abseil_install/usr/local/include/absl/random
-- Up-to-date: ../abseil_install/usr/local/include/absl/random/mocking_bit_gen.h
-- Up-to-date: ../abseil_install/usr/local/include/absl/random/beta_distribution.h
-- Up-to-date: ../abseil_install/usr/local/include/absl/random/log_uniform_int_distribution.h
-- Up-to-date: ../abseil_install/usr/local/include/absl/random/mock_distributions.h
-- Up-to-date: ../abseil_install/usr/local/include/absl/random/zipf_distribution.h
-- Up-to-date: ../abseil_install/usr/local/include/absl/random/uniform_real_distribution.h
-- Up-to-date: ../abseil_install/usr/local/include/absl/random/internal
-- Up-to-date: ../abseil_install/usr/local/include/absl/random/internal/distribution_test_util.h
-- Up-to-date: ../abseil_install/usr/local/include/absl/random/internal/uniform_helper.h
-- Up-to-date: ../abseil_install/usr/local/include/absl/random/internal/nonsecure_base.h
-- Up-to-date: ../abseil_install/usr/local/include/absl/random/internal/distribution_caller.h
-- Up-to-date: ../abseil_install/usr/local/include/absl/random/internal/seed_material.h
-- Up-to-date: ../abseil_install/usr/local/include/absl/random/internal/mock_helpers.h
-- Up-to-date: ../abseil_install/usr/local/include/absl/random/internal/randen_engine.h
-- Up-to-date: ../abseil_install/usr/local/include/absl/random/internal/wide_multiply.h
-- Up-to-date: ../abseil_install/usr/local/include/absl/random/internal/pcg_engine.h
-- Up-to-date: ../abseil_install/usr/local/include/absl/random/internal/fast_uniform_bits.h
-- Up-to-date: ../abseil_install/usr/local/include/absl/random/internal/randen_slow.h
-- Up-to-date: ../abseil_install/usr/local/include/absl/random/internal/randen.h
-- Up-to-date: ../abseil_install/usr/local/include/absl/random/internal/generate_real.h
-- Up-to-date: ../abseil_install/usr/local/include/absl/random/internal/salted_seed_seq.h
-- Up-to-date: ../abseil_install/usr/local/include/absl/random/internal/nanobenchmark.h
-- Up-to-date: ../abseil_install/usr/local/include/absl/random/internal/sequence_urbg.h
-- Up-to-date: ../abseil_install/usr/local/include/absl/random/internal/fastmath.h
-- Up-to-date: ../abseil_install/usr/local/include/absl/random/internal/randen_traits.h
-- Up-to-date: ../abseil_install/usr/local/include/absl/random/internal/randen_hwaes.h
-- Up-to-date: ../abseil_install/usr/local/include/absl/random/internal/explicit_seed_seq.h
-- Up-to-date: ../abseil_install/usr/local/include/absl/random/internal/traits.h
-- Up-to-date: ../abseil_install/usr/local/include/absl/random/internal/randen_detect.h
-- Up-to-date: ../abseil_install/usr/local/include/absl/random/internal/iostream_state_saver.h
-- Up-to-date: ../abseil_install/usr/local/include/absl/random/internal/platform.h
-- Up-to-date: ../abseil_install/usr/local/include/absl/random/internal/chi_square.h
-- Up-to-date: ../abseil_install/usr/local/include/absl/random/internal/mock_overload_set.h
-- Up-to-date: ../abseil_install/usr/local/include/absl/random/internal/pool_urbg.h
-- Up-to-date: ../abseil_install/usr/local/include/absl/random/seed_sequences.h
-- Up-to-date: ../abseil_install/usr/local/include/absl/random/discrete_distribution.h
-- Up-to-date: ../abseil_install/usr/local/include/absl/random/gaussian_distribution.h
-- Up-to-date: ../abseil_install/usr/local/include/absl/random/bernoulli_distribution.h
-- Up-to-date: ../abseil_install/usr/local/include/absl/random/exponential_distribution.h
-- Up-to-date: ../abseil_install/usr/local/include/absl/random/uniform_int_distribution.h
-- Up-to-date: ../abseil_install/usr/local/include/absl/random/random.h
-- Up-to-date: ../abseil_install/usr/local/include/absl/random/seed_gen_exception.h
-- Up-to-date: ../abseil_install/usr/local/include/absl/random/bit_gen_ref.h
-- Up-to-date: ../abseil_install/usr/local/include/absl/random/poisson_distribution.h
-- Up-to-date: ../abseil_install/usr/local/include/absl/random/distributions.h
-- Up-to-date: ../abseil_install/usr/local/include/absl/time
-- Up-to-date: ../abseil_install/usr/local/include/absl/time/time.h
-- Up-to-date: ../abseil_install/usr/local/include/absl/time/internal
-- Up-to-date: ../abseil_install/usr/local/include/absl/time/internal/zoneinfo.inc
-- Up-to-date: ../abseil_install/usr/local/include/absl/time/internal/cctz
-- Up-to-date: ../abseil_install/usr/local/include/absl/time/internal/cctz/include
-- Up-to-date: ../abseil_install/usr/local/include/absl/time/internal/cctz/include/cctz
-- Up-to-date: ../abseil_install/usr/local/include/absl/time/internal/cctz/include/cctz/zone_info_source.h
-- Up-to-date: ../abseil_install/usr/local/include/absl/time/internal/cctz/include/cctz/time_zone.h
-- Up-to-date: ../abseil_install/usr/local/include/absl/time/internal/cctz/include/cctz/civil_time_detail.h
-- Up-to-date: ../abseil_install/usr/local/include/absl/time/internal/cctz/include/cctz/civil_time.h
-- Up-to-date: ../abseil_install/usr/local/include/absl/time/internal/cctz/src
-- Up-to-date: ../abseil_install/usr/local/include/absl/time/internal/cctz/src/time_zone_fixed.h
-- Up-to-date: ../abseil_install/usr/local/include/absl/time/internal/cctz/src/tzfile.h
-- Up-to-date: ../abseil_install/usr/local/include/absl/time/internal/cctz/src/time_zone_info.h
-- Up-to-date: ../abseil_install/usr/local/include/absl/time/internal/cctz/src/time_zone_impl.h
-- Up-to-date: ../abseil_install/usr/local/include/absl/time/internal/cctz/src/time_zone_if.h
-- Up-to-date: ../abseil_install/usr/local/include/absl/time/internal/cctz/src/time_zone_libc.h
-- Up-to-date: ../abseil_install/usr/local/include/absl/time/internal/cctz/src/time_zone_posix.h
-- Up-to-date: ../abseil_install/usr/local/include/absl/time/internal/get_current_time_chrono.inc
-- Up-to-date: ../abseil_install/usr/local/include/absl/time/internal/get_current_time_posix.inc
-- Up-to-date: ../abseil_install/usr/local/include/absl/time/internal/test_util.h
-- Up-to-date: ../abseil_install/usr/local/include/absl/time/clock.h
-- Up-to-date: ../abseil_install/usr/local/include/absl/time/civil_time.h
-- Up-to-date: ../abseil_install/usr/local/include/absl/meta
-- Up-to-date: ../abseil_install/usr/local/include/absl/meta/type_traits.h
-- Up-to-date: ../abseil_install/usr/local/include/absl/memory
-- Up-to-date: ../abseil_install/usr/local/include/absl/memory/memory.h
-- Up-to-date: ../abseil_install/usr/local/include/absl/debugging
-- Up-to-date: ../abseil_install/usr/local/include/absl/debugging/failure_signal_handler.h
-- Up-to-date: ../abseil_install/usr/local/include/absl/debugging/symbolize_win32.inc
-- Up-to-date: ../abseil_install/usr/local/include/absl/debugging/symbolize.h
-- Up-to-date: ../abseil_install/usr/local/include/absl/debugging/stacktrace.h
-- Up-to-date: ../abseil_install/usr/local/include/absl/debugging/symbolize_emscripten.inc
-- Up-to-date: ../abseil_install/usr/local/include/absl/debugging/internal
-- Up-to-date: ../abseil_install/usr/local/include/absl/debugging/internal/stacktrace_aarch64-inl.inc
-- Up-to-date: ../abseil_install/usr/local/include/absl/debugging/internal/stacktrace_emscripten-inl.inc
-- Up-to-date: ../abseil_install/usr/local/include/absl/debugging/internal/stacktrace_generic-inl.inc
-- Up-to-date: ../abseil_install/usr/local/include/absl/debugging/internal/symbolize.h
-- Up-to-date: ../abseil_install/usr/local/include/absl/debugging/internal/stack_consumption.h
-- Up-to-date: ../abseil_install/usr/local/include/absl/debugging/internal/stacktrace_x86-inl.inc
-- Up-to-date: ../abseil_install/usr/local/include/absl/debugging/internal/stacktrace_config.h
-- Up-to-date: ../abseil_install/usr/local/include/absl/debugging/internal/vdso_support.h
-- Up-to-date: ../abseil_install/usr/local/include/absl/debugging/internal/address_is_readable.h
-- Up-to-date: ../abseil_install/usr/local/include/absl/debugging/internal/elf_mem_image.h
-- Up-to-date: ../abseil_install/usr/local/include/absl/debugging/internal/stacktrace_powerpc-inl.inc
-- Up-to-date: ../abseil_install/usr/local/include/absl/debugging/internal/stacktrace_win32-inl.inc
-- Up-to-date: ../abseil_install/usr/local/include/absl/debugging/internal/stacktrace_riscv-inl.inc
-- Up-to-date: ../abseil_install/usr/local/include/absl/debugging/internal/examine_stack.h
-- Up-to-date: ../abseil_install/usr/local/include/absl/debugging/internal/stacktrace_unimplemented-inl.inc
-- Up-to-date: ../abseil_install/usr/local/include/absl/debugging/internal/demangle.h
-- Up-to-date: ../abseil_install/usr/local/include/absl/debugging/internal/stacktrace_arm-inl.inc
-- Up-to-date: ../abseil_install/usr/local/include/absl/debugging/symbolize_elf.inc
-- Up-to-date: ../abseil_install/usr/local/include/absl/debugging/symbolize_darwin.inc
-- Up-to-date: ../abseil_install/usr/local/include/absl/debugging/symbolize_unimplemented.inc
-- Up-to-date: ../abseil_install/usr/local/include/absl/debugging/leak_check.h
-- Up-to-date: ../abseil_install/usr/local/include/absl/profiling
-- Up-to-date: ../abseil_install/usr/local/include/absl/profiling/internal
-- Up-to-date: ../abseil_install/usr/local/include/absl/profiling/internal/sample_recorder.h
-- Up-to-date: ../abseil_install/usr/local/include/absl/profiling/internal/periodic_sampler.h
-- Up-to-date: ../abseil_install/usr/local/include/absl/profiling/internal/exponential_biased.h
-- Up-to-date: ../abseil_install/usr/local/include/absl/functional
-- Up-to-date: ../abseil_install/usr/local/include/absl/functional/function_ref.h
-- Up-to-date: ../abseil_install/usr/local/include/absl/functional/bind_front.h
-- Up-to-date: ../abseil_install/usr/local/include/absl/functional/internal
-- Up-to-date: ../abseil_install/usr/local/include/absl/functional/internal/front_binder.h
-- Up-to-date: ../abseil_install/usr/local/include/absl/functional/internal/function_ref.h
-- Up-to-date: ../abseil_install/usr/local/include/absl/types
-- Up-to-date: ../abseil_install/usr/local/include/absl/types/variant.h
-- Up-to-date: ../abseil_install/usr/local/include/absl/types/internal
-- Up-to-date: ../abseil_install/usr/local/include/absl/types/internal/variant.h
-- Up-to-date: ../abseil_install/usr/local/include/absl/types/internal/conformance_testing.h
-- Up-to-date: ../abseil_install/usr/local/include/absl/types/internal/conformance_archetype.h
-- Up-to-date: ../abseil_install/usr/local/include/absl/types/internal/parentheses.h
-- Up-to-date: ../abseil_install/usr/local/include/absl/types/internal/conformance_testing_helpers.h
-- Up-to-date: ../abseil_install/usr/local/include/absl/types/internal/conformance_profile.h
-- Up-to-date: ../abseil_install/usr/local/include/absl/types/internal/optional.h
-- Up-to-date: ../abseil_install/usr/local/include/absl/types/internal/conformance_aliases.h
-- Up-to-date: ../abseil_install/usr/local/include/absl/types/internal/transform_args.h
-- Up-to-date: ../abseil_install/usr/local/include/absl/types/internal/span.h
-- Up-to-date: ../abseil_install/usr/local/include/absl/types/compare.h
-- Up-to-date: ../abseil_install/usr/local/include/absl/types/bad_any_cast.h
-- Up-to-date: ../abseil_install/usr/local/include/absl/types/any.h
-- Up-to-date: ../abseil_install/usr/local/include/absl/types/bad_optional_access.h
-- Up-to-date: ../abseil_install/usr/local/include/absl/types/bad_variant_access.h
-- Up-to-date: ../abseil_install/usr/local/include/absl/types/optional.h
-- Up-to-date: ../abseil_install/usr/local/include/absl/types/span.h
-- Up-to-date: ../abseil_install/usr/local/include/absl/base
-- Up-to-date: ../abseil_install/usr/local/include/absl/base/options.h
-- Up-to-date: ../abseil_install/usr/local/include/absl/base/optimization.h
-- Up-to-date: ../abseil_install/usr/local/include/absl/base/policy_checks.h
-- Up-to-date: ../abseil_install/usr/local/include/absl/base/port.h
-- Up-to-date: ../abseil_install/usr/local/include/absl/base/dynamic_annotations.h
-- Up-to-date: ../abseil_install/usr/local/include/absl/base/config.h
-- Up-to-date: ../abseil_install/usr/local/include/absl/base/const_init.h
-- Up-to-date: ../abseil_install/usr/local/include/absl/base/internal
-- Up-to-date: ../abseil_install/usr/local/include/absl/base/internal/identity.h
-- Up-to-date: ../abseil_install/usr/local/include/absl/base/internal/low_level_scheduling.h
-- Up-to-date: ../abseil_install/usr/local/include/absl/base/internal/scoped_set_env.h
-- Up-to-date: ../abseil_install/usr/local/include/absl/base/internal/inline_variable_testing.h
-- Up-to-date: ../abseil_install/usr/local/include/absl/base/internal/spinlock_akaros.inc
-- Up-to-date: ../abseil_install/usr/local/include/absl/base/internal/invoke.h
-- Up-to-date: ../abseil_install/usr/local/include/absl/base/internal/dynamic_annotations.h
-- Up-to-date: ../abseil_install/usr/local/include/absl/base/internal/unaligned_access.h
-- Up-to-date: ../abseil_install/usr/local/include/absl/base/internal/spinlock_linux.inc
-- Up-to-date: ../abseil_install/usr/local/include/absl/base/internal/scheduling_mode.h
-- Up-to-date: ../abseil_install/usr/local/include/absl/base/internal/spinlock_wait.h
-- Up-to-date: ../abseil_install/usr/local/include/absl/base/internal/per_thread_tls.h
-- Up-to-date: ../abseil_install/usr/local/include/absl/base/internal/exception_testing.h
-- Up-to-date: ../abseil_install/usr/local/include/absl/base/internal/spinlock_win32.inc
-- Up-to-date: ../abseil_install/usr/local/include/absl/base/internal/fast_type_id.h
-- Up-to-date: ../abseil_install/usr/local/include/absl/base/internal/atomic_hook_test_helper.h
-- Up-to-date: ../abseil_install/usr/local/include/absl/base/internal/unscaledcycleclock.h
-- Up-to-date: ../abseil_install/usr/local/include/absl/base/internal/direct_mmap.h
-- Up-to-date: ../abseil_install/usr/local/include/absl/base/internal/strerror.h
-- Up-to-date: ../abseil_install/usr/local/include/absl/base/internal/errno_saver.h
-- Up-to-date: ../abseil_install/usr/local/include/absl/base/internal/pretty_function.h
-- Up-to-date: ../abseil_install/usr/local/include/absl/base/internal/exception_safety_testing.h
-- Up-to-date: ../abseil_install/usr/local/include/absl/base/internal/atomic_hook.h
-- Up-to-date: ../abseil_install/usr/local/include/absl/base/internal/spinlock_posix.inc
-- Up-to-date: ../abseil_install/usr/local/include/absl/base/internal/tsan_mutex_interface.h
-- Up-to-date: ../abseil_install/usr/local/include/absl/base/internal/spinlock.h
-- Up-to-date: ../abseil_install/usr/local/include/absl/base/internal/sysinfo.h
-- Up-to-date: ../abseil_install/usr/local/include/absl/base/internal/thread_identity.h
-- Up-to-date: ../abseil_install/usr/local/include/absl/base/internal/thread_annotations.h
-- Up-to-date: ../abseil_install/usr/local/include/absl/base/internal/hide_ptr.h
-- Up-to-date: ../abseil_install/usr/local/include/absl/base/internal/raw_logging.h
-- Up-to-date: ../abseil_install/usr/local/include/absl/base/internal/inline_variable.h
-- Up-to-date: ../abseil_install/usr/local/include/absl/base/internal/low_level_alloc.h
-- Up-to-date: ../abseil_install/usr/local/include/absl/base/internal/endian.h
-- Up-to-date: ../abseil_install/usr/local/include/absl/base/internal/cycleclock.h
-- Up-to-date: ../abseil_install/usr/local/include/absl/base/internal/throw_delegate.h
-- Up-to-date: ../abseil_install/usr/local/include/absl/base/attributes.h
-- Up-to-date: ../abseil_install/usr/local/include/absl/base/macros.h
-- Up-to-date: ../abseil_install/usr/local/include/absl/base/log_severity.h
-- Up-to-date: ../abseil_install/usr/local/include/absl/base/call_once.h
-- Up-to-date: ../abseil_install/usr/local/include/absl/base/thread_annotations.h
-- Up-to-date: ../abseil_install/usr/local/include/absl/base/casts.h
-- Up-to-date: ../abseil_install/usr/local/include/absl/status
-- Up-to-date: ../abseil_install/usr/local/include/absl/status/status.h
-- Up-to-date: ../abseil_install/usr/local/include/absl/status/statusor.h
-- Up-to-date: ../abseil_install/usr/local/include/absl/status/internal
-- Up-to-date: ../abseil_install/usr/local/include/absl/status/internal/status_internal.h
-- Up-to-date: ../abseil_install/usr/local/include/absl/status/internal/statusor_internal.h
-- Up-to-date: ../abseil_install/usr/local/include/absl/status/status_payload_printer.h
-- Up-to-date: ../abseil_install/usr/local/include/absl/strings
-- Up-to-date: ../abseil_install/usr/local/include/absl/strings/strip.h
-- Up-to-date: ../abseil_install/usr/local/include/absl/strings/match.h
-- Up-to-date: ../abseil_install/usr/local/include/absl/strings/ascii.h
-- Up-to-date: ../abseil_install/usr/local/include/absl/strings/charconv.h
-- Up-to-date: ../abseil_install/usr/local/include/absl/strings/internal
-- Up-to-date: ../abseil_install/usr/local/include/absl/strings/internal/resize_uninitialized.h
-- Up-to-date: ../abseil_install/usr/local/include/absl/strings/internal/cord_rep_ring.h
-- Up-to-date: ../abseil_install/usr/local/include/absl/strings/internal/cordz_update_scope.h
-- Up-to-date: ../abseil_install/usr/local/include/absl/strings/internal/cord_rep_ring_reader.h
-- Up-to-date: ../abseil_install/usr/local/include/absl/strings/internal/cordz_functions.h
-- Up-to-date: ../abseil_install/usr/local/include/absl/strings/internal/cord_rep_btree.h
-- Up-to-date: ../abseil_install/usr/local/include/absl/strings/internal/utf8.h
-- Up-to-date: ../abseil_install/usr/local/include/absl/strings/internal/cord_internal.h
-- Up-to-date: ../abseil_install/usr/local/include/absl/strings/internal/ostringstream.h
-- Up-to-date: ../abseil_install/usr/local/include/absl/strings/internal/cord_rep_test_util.h
-- Up-to-date: ../abseil_install/usr/local/include/absl/strings/internal/char_map.h
-- Up-to-date: ../abseil_install/usr/local/include/absl/strings/internal/cord_rep_btree_reader.h
-- Up-to-date: ../abseil_install/usr/local/include/absl/strings/internal/cordz_update_tracker.h
-- Up-to-date: ../abseil_install/usr/local/include/absl/strings/internal/str_split_internal.h
-- Up-to-date: ../abseil_install/usr/local/include/absl/strings/internal/charconv_bigint.h
-- Up-to-date: ../abseil_install/usr/local/include/absl/strings/internal/memutil.h
-- Up-to-date: ../abseil_install/usr/local/include/absl/strings/internal/escaping.h
-- Up-to-date: ../abseil_install/usr/local/include/absl/strings/internal/cordz_handle.h
-- Up-to-date: ../abseil_install/usr/local/include/absl/strings/internal/pow10_helper.h
-- Up-to-date: ../abseil_install/usr/local/include/absl/strings/internal/numbers_test_common.h
-- Up-to-date: ../abseil_install/usr/local/include/absl/strings/internal/str_join_internal.h
-- Up-to-date: ../abseil_install/usr/local/include/absl/strings/internal/cordz_statistics.h
-- Up-to-date: ../abseil_install/usr/local/include/absl/strings/internal/cordz_info.h
-- Up-to-date: ../abseil_install/usr/local/include/absl/strings/internal/cordz_sample_token.h
-- Up-to-date: ../abseil_install/usr/local/include/absl/strings/internal/str_format
-- Up-to-date: ../abseil_install/usr/local/include/absl/strings/internal/str_format/checker.h
-- Up-to-date: ../abseil_install/usr/local/include/absl/strings/internal/str_format/arg.h
-- Up-to-date: ../abseil_install/usr/local/include/absl/strings/internal/str_format/bind.h
-- Up-to-date: ../abseil_install/usr/local/include/absl/strings/internal/str_format/parser.h
-- Up-to-date: ../abseil_install/usr/local/include/absl/strings/internal/str_format/float_conversion.h
-- Up-to-date: ../abseil_install/usr/local/include/absl/strings/internal/str_format/output.h
-- Up-to-date: ../abseil_install/usr/local/include/absl/strings/internal/str_format/extension.h
-- Up-to-date: ../abseil_install/usr/local/include/absl/strings/internal/string_constant.h
-- Up-to-date: ../abseil_install/usr/local/include/absl/strings/internal/escaping_test_common.h
-- Up-to-date: ../abseil_install/usr/local/include/absl/strings/internal/cord_rep_btree_navigator.h
-- Up-to-date: ../abseil_install/usr/local/include/absl/strings/internal/cord_rep_flat.h
-- Up-to-date: ../abseil_install/usr/local/include/absl/strings/internal/charconv_parse.h
-- Up-to-date: ../abseil_install/usr/local/include/absl/strings/internal/stl_type_traits.h
-- Up-to-date: ../abseil_install/usr/local/include/absl/strings/internal/cord_rep_consume.h
-- Up-to-date: ../abseil_install/usr/local/include/absl/strings/substitute.h
-- Up-to-date: ../abseil_install/usr/local/include/absl/strings/escaping.h
-- Up-to-date: ../abseil_install/usr/local/include/absl/strings/string_view.h
-- Up-to-date: ../abseil_install/usr/local/include/absl/strings/str_cat.h
-- Up-to-date: ../abseil_install/usr/local/include/absl/strings/str_split.h
-- Up-to-date: ../abseil_install/usr/local/include/absl/strings/str_replace.h
-- Up-to-date: ../abseil_install/usr/local/include/absl/strings/numbers.h
-- Up-to-date: ../abseil_install/usr/local/include/absl/strings/cord.h
-- Up-to-date: ../abseil_install/usr/local/include/absl/strings/cord_test_helpers.h
-- Up-to-date: ../abseil_install/usr/local/include/absl/strings/cordz_test_helpers.h
-- Up-to-date: ../abseil_install/usr/local/include/absl/strings/str_format.h
-- Up-to-date: ../abseil_install/usr/local/include/absl/strings/str_join.h
-- Up-to-date: ../abseil_install/usr/local/lib/pkgconfig/absl_atomic_hook.pc
-- Up-to-date: ../abseil_install/usr/local/lib/pkgconfig/absl_errno_saver.pc
-- Up-to-date: ../abseil_install/usr/local/lib/pkgconfig/absl_log_severity.pc
-- Up-to-date: ../abseil_install/usr/local/lib/libabsl_log_severity.a
-- Up-to-date: ../abseil_install/usr/local/lib/pkgconfig/absl_raw_logging_internal.pc
-- Up-to-date: ../abseil_install/usr/local/lib/libabsl_raw_logging_internal.a
-- Up-to-date: ../abseil_install/usr/local/lib/pkgconfig/absl_spinlock_wait.pc
-- Up-to-date: ../abseil_install/usr/local/lib/libabsl_spinlock_wait.a
-- Up-to-date: ../abseil_install/usr/local/lib/pkgconfig/absl_config.pc
-- Up-to-date: ../abseil_install/usr/local/lib/pkgconfig/absl_dynamic_annotations.pc
-- Up-to-date: ../abseil_install/usr/local/lib/pkgconfig/absl_core_headers.pc
-- Up-to-date: ../abseil_install/usr/local/lib/pkgconfig/absl_malloc_internal.pc
-- Up-to-date: ../abseil_install/usr/local/lib/libabsl_malloc_internal.a
-- Up-to-date: ../abseil_install/usr/local/lib/pkgconfig/absl_base_internal.pc
-- Up-to-date: ../abseil_install/usr/local/lib/pkgconfig/absl_base.pc
-- Up-to-date: ../abseil_install/usr/local/lib/libabsl_base.a
-- Up-to-date: ../abseil_install/usr/local/lib/pkgconfig/absl_throw_delegate.pc
-- Up-to-date: ../abseil_install/usr/local/lib/libabsl_throw_delegate.a
-- Up-to-date: ../abseil_install/usr/local/lib/pkgconfig/absl_pretty_function.pc
-- Up-to-date: ../abseil_install/usr/local/lib/pkgconfig/absl_endian.pc
-- Up-to-date: ../abseil_install/usr/local/lib/pkgconfig/absl_scoped_set_env.pc
-- Up-to-date: ../abseil_install/usr/local/lib/libabsl_scoped_set_env.a
-- Up-to-date: ../abseil_install/usr/local/lib/pkgconfig/absl_strerror.pc
-- Up-to-date: ../abseil_install/usr/local/lib/libabsl_strerror.a
-- Up-to-date: ../abseil_install/usr/local/lib/pkgconfig/absl_fast_type_id.pc
-- Up-to-date: ../abseil_install/usr/local/lib/pkgconfig/absl_algorithm.pc
-- Up-to-date: ../abseil_install/usr/local/lib/pkgconfig/absl_algorithm_container.pc
-- Up-to-date: ../abseil_install/usr/local/lib/pkgconfig/absl_cleanup_internal.pc
-- Up-to-date: ../abseil_install/usr/local/lib/pkgconfig/absl_cleanup.pc
-- Up-to-date: ../abseil_install/usr/local/lib/pkgconfig/absl_btree.pc
-- Up-to-date: ../abseil_install/usr/local/lib/pkgconfig/absl_compressed_tuple.pc
-- Up-to-date: ../abseil_install/usr/local/lib/pkgconfig/absl_fixed_array.pc
-- Up-to-date: ../abseil_install/usr/local/lib/pkgconfig/absl_inlined_vector_internal.pc
-- Up-to-date: ../abseil_install/usr/local/lib/pkgconfig/absl_inlined_vector.pc
-- Up-to-date: ../abseil_install/usr/local/lib/pkgconfig/absl_counting_allocator.pc
-- Up-to-date: ../abseil_install/usr/local/lib/pkgconfig/absl_flat_hash_map.pc
-- Up-to-date: ../abseil_install/usr/local/lib/pkgconfig/absl_flat_hash_set.pc
-- Up-to-date: ../abseil_install/usr/local/lib/pkgconfig/absl_node_hash_map.pc
-- Up-to-date: ../abseil_install/usr/local/lib/pkgconfig/absl_node_hash_set.pc
-- Up-to-date: ../abseil_install/usr/local/lib/pkgconfig/absl_container_memory.pc
-- Up-to-date: ../abseil_install/usr/local/lib/pkgconfig/absl_hash_function_defaults.pc
-- Up-to-date: ../abseil_install/usr/local/lib/pkgconfig/absl_hash_policy_traits.pc
-- Up-to-date: ../abseil_install/usr/local/lib/pkgconfig/absl_hashtablez_sampler.pc
-- Up-to-date: ../abseil_install/usr/local/lib/libabsl_hashtablez_sampler.a
-- Up-to-date: ../abseil_install/usr/local/lib/pkgconfig/absl_hashtable_debug.pc
-- Up-to-date: ../abseil_install/usr/local/lib/pkgconfig/absl_hashtable_debug_hooks.pc
-- Up-to-date: ../abseil_install/usr/local/lib/pkgconfig/absl_have_sse.pc
-- Up-to-date: ../abseil_install/usr/local/lib/pkgconfig/absl_node_hash_policy.pc
-- Up-to-date: ../abseil_install/usr/local/lib/pkgconfig/absl_raw_hash_map.pc
-- Up-to-date: ../abseil_install/usr/local/lib/pkgconfig/absl_container_common.pc
-- Up-to-date: ../abseil_install/usr/local/lib/pkgconfig/absl_raw_hash_set.pc
-- Up-to-date: ../abseil_install/usr/local/lib/libabsl_raw_hash_set.a
-- Up-to-date: ../abseil_install/usr/local/lib/pkgconfig/absl_layout.pc
-- Up-to-date: ../abseil_install/usr/local/lib/pkgconfig/absl_stacktrace.pc
-- Up-to-date: ../abseil_install/usr/local/lib/libabsl_stacktrace.a
-- Up-to-date: ../abseil_install/usr/local/lib/pkgconfig/absl_symbolize.pc
-- Up-to-date: ../abseil_install/usr/local/lib/libabsl_symbolize.a
-- Up-to-date: ../abseil_install/usr/local/lib/pkgconfig/absl_examine_stack.pc
-- Up-to-date: ../abseil_install/usr/local/lib/libabsl_examine_stack.a
-- Up-to-date: ../abseil_install/usr/local/lib/pkgconfig/absl_failure_signal_handler.pc
-- Up-to-date: ../abseil_install/usr/local/lib/libabsl_failure_signal_handler.a
-- Up-to-date: ../abseil_install/usr/local/lib/pkgconfig/absl_debugging_internal.pc
-- Up-to-date: ../abseil_install/usr/local/lib/libabsl_debugging_internal.a
-- Up-to-date: ../abseil_install/usr/local/lib/pkgconfig/absl_demangle_internal.pc
-- Up-to-date: ../abseil_install/usr/local/lib/libabsl_demangle_internal.a
-- Up-to-date: ../abseil_install/usr/local/lib/pkgconfig/absl_leak_check.pc
-- Up-to-date: ../abseil_install/usr/local/lib/libabsl_leak_check.a
-- Up-to-date: ../abseil_install/usr/local/lib/pkgconfig/absl_leak_check_disable.pc
-- Up-to-date: ../abseil_install/usr/local/lib/libabsl_leak_check_disable.a
-- Up-to-date: ../abseil_install/usr/local/lib/pkgconfig/absl_debugging.pc
-- Up-to-date: ../abseil_install/usr/local/lib/pkgconfig/absl_flags_path_util.pc
-- Up-to-date: ../abseil_install/usr/local/lib/pkgconfig/absl_flags_program_name.pc
-- Up-to-date: ../abseil_install/usr/local/lib/libabsl_flags_program_name.a
-- Up-to-date: ../abseil_install/usr/local/lib/pkgconfig/absl_flags_config.pc
-- Up-to-date: ../abseil_install/usr/local/lib/libabsl_flags_config.a
-- Up-to-date: ../abseil_install/usr/local/lib/pkgconfig/absl_flags_marshalling.pc
-- Up-to-date: ../abseil_install/usr/local/lib/libabsl_flags_marshalling.a
-- Up-to-date: ../abseil_install/usr/local/lib/pkgconfig/absl_flags_commandlineflag_internal.pc
-- Up-to-date: ../abseil_install/usr/local/lib/libabsl_flags_commandlineflag_internal.a
-- Up-to-date: ../abseil_install/usr/local/lib/pkgconfig/absl_flags_commandlineflag.pc
-- Up-to-date: ../abseil_install/usr/local/lib/libabsl_flags_commandlineflag.a
-- Up-to-date: ../abseil_install/usr/local/lib/pkgconfig/absl_flags_private_handle_accessor.pc
-- Up-to-date: ../abseil_install/usr/local/lib/libabsl_flags_private_handle_accessor.a
-- Up-to-date: ../abseil_install/usr/local/lib/pkgconfig/absl_flags_reflection.pc
-- Up-to-date: ../abseil_install/usr/local/lib/libabsl_flags_reflection.a
-- Up-to-date: ../abseil_install/usr/local/lib/pkgconfig/absl_flags_internal.pc
-- Up-to-date: ../abseil_install/usr/local/lib/libabsl_flags_internal.a
-- Up-to-date: ../abseil_install/usr/local/lib/pkgconfig/absl_flags.pc
-- Up-to-date: ../abseil_install/usr/local/lib/libabsl_flags.a
-- Up-to-date: ../abseil_install/usr/local/lib/pkgconfig/absl_flags_usage_internal.pc
-- Up-to-date: ../abseil_install/usr/local/lib/libabsl_flags_usage_internal.a
-- Up-to-date: ../abseil_install/usr/local/lib/pkgconfig/absl_flags_usage.pc
-- Up-to-date: ../abseil_install/usr/local/lib/libabsl_flags_usage.a
-- Up-to-date: ../abseil_install/usr/local/lib/pkgconfig/absl_flags_parse.pc
-- Up-to-date: ../abseil_install/usr/local/lib/libabsl_flags_parse.a
-- Up-to-date: ../abseil_install/usr/local/lib/pkgconfig/absl_bind_front.pc
-- Up-to-date: ../abseil_install/usr/local/lib/pkgconfig/absl_function_ref.pc
-- Up-to-date: ../abseil_install/usr/local/lib/pkgconfig/absl_hash.pc
-- Up-to-date: ../abseil_install/usr/local/lib/libabsl_hash.a
-- Up-to-date: ../abseil_install/usr/local/lib/pkgconfig/absl_city.pc
-- Up-to-date: ../abseil_install/usr/local/lib/libabsl_city.a
-- Up-to-date: ../abseil_install/usr/local/lib/pkgconfig/absl_low_level_hash.pc
-- Up-to-date: ../abseil_install/usr/local/lib/libabsl_low_level_hash.a
-- Up-to-date: ../abseil_install/usr/local/lib/pkgconfig/absl_memory.pc
-- Up-to-date: ../abseil_install/usr/local/lib/pkgconfig/absl_type_traits.pc
-- Up-to-date: ../abseil_install/usr/local/lib/pkgconfig/absl_meta.pc
-- Up-to-date: ../abseil_install/usr/local/lib/pkgconfig/absl_bits.pc
-- Up-to-date: ../abseil_install/usr/local/lib/pkgconfig/absl_int128.pc
-- Up-to-date: ../abseil_install/usr/local/lib/libabsl_int128.a
-- Up-to-date: ../abseil_install/usr/local/lib/pkgconfig/absl_numeric.pc
-- Up-to-date: ../abseil_install/usr/local/lib/pkgconfig/absl_numeric_representation.pc
-- Up-to-date: ../abseil_install/usr/local/lib/pkgconfig/absl_sample_recorder.pc
-- Up-to-date: ../abseil_install/usr/local/lib/pkgconfig/absl_exponential_biased.pc
-- Up-to-date: ../abseil_install/usr/local/lib/libabsl_exponential_biased.a
-- Up-to-date: ../abseil_install/usr/local/lib/pkgconfig/absl_periodic_sampler.pc
-- Up-to-date: ../abseil_install/usr/local/lib/libabsl_periodic_sampler.a
-- Up-to-date: ../abseil_install/usr/local/lib/pkgconfig/absl_random_random.pc
-- Up-to-date: ../abseil_install/usr/local/lib/pkgconfig/absl_random_bit_gen_ref.pc
-- Up-to-date: ../abseil_install/usr/local/lib/pkgconfig/absl_random_internal_mock_helpers.pc
-- Up-to-date: ../abseil_install/usr/local/lib/pkgconfig/absl_random_distributions.pc
-- Up-to-date: ../abseil_install/usr/local/lib/libabsl_random_distributions.a
-- Up-to-date: ../abseil_install/usr/local/lib/pkgconfig/absl_random_seed_gen_exception.pc
-- Up-to-date: ../abseil_install/usr/local/lib/libabsl_random_seed_gen_exception.a
-- Up-to-date: ../abseil_install/usr/local/lib/pkgconfig/absl_random_seed_sequences.pc
-- Up-to-date: ../abseil_install/usr/local/lib/libabsl_random_seed_sequences.a
-- Up-to-date: ../abseil_install/usr/local/lib/pkgconfig/absl_random_internal_traits.pc
-- Up-to-date: ../abseil_install/usr/local/lib/pkgconfig/absl_random_internal_distribution_caller.pc
-- Up-to-date: ../abseil_install/usr/local/lib/pkgconfig/absl_random_internal_fast_uniform_bits.pc
-- Up-to-date: ../abseil_install/usr/local/lib/pkgconfig/absl_random_internal_seed_material.pc
-- Up-to-date: ../abseil_install/usr/local/lib/libabsl_random_internal_seed_material.a
-- Up-to-date: ../abseil_install/usr/local/lib/pkgconfig/absl_random_internal_pool_urbg.pc
-- Up-to-date: ../abseil_install/usr/local/lib/libabsl_random_internal_pool_urbg.a
-- Up-to-date: ../abseil_install/usr/local/lib/pkgconfig/absl_random_internal_salted_seed_seq.pc
-- Up-to-date: ../abseil_install/usr/local/lib/pkgconfig/absl_random_internal_iostream_state_saver.pc
-- Up-to-date: ../abseil_install/usr/local/lib/pkgconfig/absl_random_internal_generate_real.pc
-- Up-to-date: ../abseil_install/usr/local/lib/pkgconfig/absl_random_internal_wide_multiply.pc
-- Up-to-date: ../abseil_install/usr/local/lib/pkgconfig/absl_random_internal_fastmath.pc
-- Up-to-date: ../abseil_install/usr/local/lib/pkgconfig/absl_random_internal_nonsecure_base.pc
-- Up-to-date: ../abseil_install/usr/local/lib/pkgconfig/absl_random_internal_pcg_engine.pc
-- Up-to-date: ../abseil_install/usr/local/lib/pkgconfig/absl_random_internal_randen_engine.pc
-- Up-to-date: ../abseil_install/usr/local/lib/pkgconfig/absl_random_internal_platform.pc
-- Up-to-date: ../abseil_install/usr/local/lib/libabsl_random_internal_platform.a
-- Up-to-date: ../abseil_install/usr/local/lib/pkgconfig/absl_random_internal_randen.pc
-- Up-to-date: ../abseil_install/usr/local/lib/libabsl_random_internal_randen.a
-- Up-to-date: ../abseil_install/usr/local/lib/pkgconfig/absl_random_internal_randen_slow.pc
-- Up-to-date: ../abseil_install/usr/local/lib/libabsl_random_internal_randen_slow.a
-- Up-to-date: ../abseil_install/usr/local/lib/pkgconfig/absl_random_internal_randen_hwaes.pc
-- Up-to-date: ../abseil_install/usr/local/lib/libabsl_random_internal_randen_hwaes.a
-- Up-to-date: ../abseil_install/usr/local/lib/pkgconfig/absl_random_internal_randen_hwaes_impl.pc
-- Up-to-date: ../abseil_install/usr/local/lib/libabsl_random_internal_randen_hwaes_impl.a
-- Up-to-date: ../abseil_install/usr/local/lib/pkgconfig/absl_random_internal_distribution_test_util.pc
-- Up-to-date: ../abseil_install/usr/local/lib/libabsl_random_internal_distribution_test_util.a
-- Up-to-date: ../abseil_install/usr/local/lib/pkgconfig/absl_random_internal_uniform_helper.pc
-- Up-to-date: ../abseil_install/usr/local/lib/pkgconfig/absl_status.pc
-- Up-to-date: ../abseil_install/usr/local/lib/libabsl_status.a
-- Up-to-date: ../abseil_install/usr/local/lib/pkgconfig/absl_statusor.pc
-- Up-to-date: ../abseil_install/usr/local/lib/libabsl_statusor.a
-- Up-to-date: ../abseil_install/usr/local/lib/pkgconfig/absl_strings.pc
-- Up-to-date: ../abseil_install/usr/local/lib/libabsl_strings.a
-- Up-to-date: ../abseil_install/usr/local/lib/pkgconfig/absl_strings_internal.pc
-- Up-to-date: ../abseil_install/usr/local/lib/libabsl_strings_internal.a
-- Up-to-date: ../abseil_install/usr/local/lib/pkgconfig/absl_str_format.pc
-- Up-to-date: ../abseil_install/usr/local/lib/pkgconfig/absl_str_format_internal.pc
-- Up-to-date: ../abseil_install/usr/local/lib/libabsl_str_format_internal.a
-- Up-to-date: ../abseil_install/usr/local/lib/pkgconfig/absl_cord_internal.pc
-- Up-to-date: ../abseil_install/usr/local/lib/libabsl_cord_internal.a
-- Up-to-date: ../abseil_install/usr/local/lib/pkgconfig/absl_cordz_update_tracker.pc
-- Up-to-date: ../abseil_install/usr/local/lib/pkgconfig/absl_cordz_functions.pc
-- Up-to-date: ../abseil_install/usr/local/lib/libabsl_cordz_functions.a
-- Up-to-date: ../abseil_install/usr/local/lib/pkgconfig/absl_cordz_statistics.pc
-- Up-to-date: ../abseil_install/usr/local/lib/pkgconfig/absl_cordz_handle.pc
-- Up-to-date: ../abseil_install/usr/local/lib/libabsl_cordz_handle.a
-- Up-to-date: ../abseil_install/usr/local/lib/pkgconfig/absl_cordz_info.pc
-- Up-to-date: ../abseil_install/usr/local/lib/libabsl_cordz_info.a
-- Up-to-date: ../abseil_install/usr/local/lib/pkgconfig/absl_cordz_sample_token.pc
-- Up-to-date: ../abseil_install/usr/local/lib/libabsl_cordz_sample_token.a
-- Up-to-date: ../abseil_install/usr/local/lib/pkgconfig/absl_cordz_update_scope.pc
-- Up-to-date: ../abseil_install/usr/local/lib/pkgconfig/absl_cord.pc
-- Up-to-date: ../abseil_install/usr/local/lib/libabsl_cord.a
-- Up-to-date: ../abseil_install/usr/local/lib/pkgconfig/absl_graphcycles_internal.pc
-- Up-to-date: ../abseil_install/usr/local/lib/libabsl_graphcycles_internal.a
-- Up-to-date: ../abseil_install/usr/local/lib/pkgconfig/absl_kernel_timeout_internal.pc
-- Up-to-date: ../abseil_install/usr/local/lib/pkgconfig/absl_synchronization.pc
-- Up-to-date: ../abseil_install/usr/local/lib/libabsl_synchronization.a
-- Up-to-date: ../abseil_install/usr/local/lib/pkgconfig/absl_time.pc
-- Up-to-date: ../abseil_install/usr/local/lib/libabsl_time.a
-- Up-to-date: ../abseil_install/usr/local/lib/pkgconfig/absl_civil_time.pc
-- Up-to-date: ../abseil_install/usr/local/lib/libabsl_civil_time.a
-- Up-to-date: ../abseil_install/usr/local/lib/pkgconfig/absl_time_zone.pc
-- Up-to-date: ../abseil_install/usr/local/lib/libabsl_time_zone.a
-- Up-to-date: ../abseil_install/usr/local/lib/pkgconfig/absl_any.pc
-- Up-to-date: ../abseil_install/usr/local/lib/pkgconfig/absl_bad_any_cast.pc
-- Up-to-date: ../abseil_install/usr/local/lib/pkgconfig/absl_bad_any_cast_impl.pc
-- Up-to-date: ../abseil_install/usr/local/lib/libabsl_bad_any_cast_impl.a
-- Up-to-date: ../abseil_install/usr/local/lib/pkgconfig/absl_span.pc
-- Up-to-date: ../abseil_install/usr/local/lib/pkgconfig/absl_optional.pc
-- Up-to-date: ../abseil_install/usr/local/lib/pkgconfig/absl_bad_optional_access.pc
-- Up-to-date: ../abseil_install/usr/local/lib/libabsl_bad_optional_access.a
-- Up-to-date: ../abseil_install/usr/local/lib/pkgconfig/absl_bad_variant_access.pc
-- Up-to-date: ../abseil_install/usr/local/lib/libabsl_bad_variant_access.a
-- Up-to-date: ../abseil_install/usr/local/lib/pkgconfig/absl_variant.pc
-- Up-to-date: ../abseil_install/usr/local/lib/pkgconfig/absl_compare.pc
-- Up-to-date: ../abseil_install/usr/local/lib/pkgconfig/absl_utility.pc
+ cd ../../
+ mkdir build
mkdir: cannot create directory â€˜buildâ€™: File exists
+ true
+ cd build
+ cmake .. -DCMAKE_BUILD_TYPE=Release
Build type: Release
OPENCV VERSION:
3.4.3
-- absl_DIR=/root/workspace/workspace/rubby-slam-debug-3566/parker_vislam_source/Thirdparty/abseil_install/usr/local/lib/cmake/absl
-- CMAKE_CXX_COMPILER: GNU
-- CONFIG_BUILD_DEPTH=OFF
-- Configuring done
-- Generating done
-- Build files have been written to: /root/workspace/workspace/rubby-slam-debug-3566/parker_vislam_source/build
+ make -j4
Consolidate compiler generated dependencies of target IM_SLAM
[  1%] Building CXX object CMakeFiles/IM_SLAM.dir/src/System.cc.o
[  3%] Building CXX object CMakeFiles/IM_SLAM.dir/src/Tracking.cc.o
[  3%] Building CXX object CMakeFiles/IM_SLAM.dir/src/ThinningMap.cc.o
[  4%] Building CXX object CMakeFiles/IM_SLAM.dir/src/LocalMapping.cc.o
[  5%] Building CXX object CMakeFiles/IM_SLAM.dir/src/LoopManage.cc.o
/root/workspace/workspace/rubby-slam-debug-3566/parker_vislam_source/src/System.cc: In member function â€˜void IM_SLAM::System::SynchronizeDirtDetectPoint()â€™:
/root/workspace/workspace/rubby-slam-debug-3566/parker_vislam_source/src/System.cc:1326:94: error: cannot convert â€˜Eigen::Vector3d {aka Eigen::Matrix<double, 3, 1>}â€™ to â€˜Eigen::DenseCoeffsBase<Eigen::Matrix<double, 3, 1>, 1>::Scalar {aka double}â€™ in assignment
                     pointInBodyFrame[0] = Eigen::Vector3d(config->dirt_distance + 0.1, 0.2, 0);
                                                                                              ^
/root/workspace/workspace/rubby-slam-debug-3566/parker_vislam_source/src/System.cc:1327:95: error: cannot convert â€˜Eigen::Vector3d {aka Eigen::Matrix<double, 3, 1>}â€™ to â€˜Eigen::DenseCoeffsBase<Eigen::Matrix<double, 3, 1>, 1>::Scalar {aka double}â€™ in assignment
                     pointInBodyFrame[1] = Eigen::Vector3d(config->dirt_distance + 0.1, 0.15, 0);
                                                                                               ^
/root/workspace/workspace/rubby-slam-debug-3566/parker_vislam_source/src/System.cc:1328:94: error: cannot convert â€˜Eigen::Vector3d {aka Eigen::Matrix<double, 3, 1>}â€™ to â€˜Eigen::DenseCoeffsBase<Eigen::Matrix<double, 3, 1>, 1>::Scalar {aka double}â€™ in assignment
                     pointInBodyFrame[2] = Eigen::Vector3d(config->dirt_distance + 0.1, 0.1, 0);
                                                                                              ^
/root/workspace/workspace/rubby-slam-debug-3566/parker_vislam_source/src/System.cc:1329:93: error: cannot convert â€˜Eigen::Vector3d {aka Eigen::Matrix<double, 3, 1>}â€™ to â€˜Eigen::DenseCoeffsBase<Eigen::Matrix<double, 3, 1>, 1>::Scalar {aka double}â€™ in assignment
                     pointInBodyFrame[3] = Eigen::Vector3d(config->dirt_distance+0.1, 0.05, 0);
                                                                                             ^
/root/workspace/workspace/rubby-slam-debug-3566/parker_vislam_source/src/System.cc:1330:92: error: cannot convert â€˜Eigen::Vector3d {aka Eigen::Matrix<double, 3, 1>}â€™ to â€˜Eigen::DenseCoeffsBase<Eigen::Matrix<double, 3, 1>, 1>::Scalar {aka double}â€™ in assignment
                     pointInBodyFrame[4] = Eigen::Vector3d(config->dirt_distance + 0.1, 0, 0);
                                                                                            ^
/root/workspace/workspace/rubby-slam-debug-3566/parker_vislam_source/src/System.cc:1331:96: error: cannot convert â€˜Eigen::Vector3d {aka Eigen::Matrix<double, 3, 1>}â€™ to â€˜Eigen::DenseCoeffsBase<Eigen::Matrix<double, 3, 1>, 1>::Scalar {aka double}â€™ in assignment
                     pointInBodyFrame[5] = Eigen::Vector3d(config->dirt_distance + 0.1, -0.05, 0);
                                                                                                ^
/root/workspace/workspace/rubby-slam-debug-3566/parker_vislam_source/src/System.cc:1332:95: error: cannot convert â€˜Eigen::Vector3d {aka Eigen::Matrix<double, 3, 1>}â€™ to â€˜Eigen::DenseCoeffsBase<Eigen::Matrix<double, 3, 1>, 1>::Scalar {aka double}â€™ in assignment
                     pointInBodyFrame[6] = Eigen::Vector3d(config->dirt_distance + 0.1, -0.1, 0);
                                                                                               ^
/root/workspace/workspace/rubby-slam-debug-3566/parker_vislam_source/src/System.cc:1333:96: error: cannot convert â€˜Eigen::Vector3d {aka Eigen::Matrix<double, 3, 1>}â€™ to â€˜Eigen::DenseCoeffsBase<Eigen::Matrix<double, 3, 1>, 1>::Scalar {aka double}â€™ in assignment
                     pointInBodyFrame[7] = Eigen::Vector3d(config->dirt_distance + 0.1, -0.15, 0);
                                                                                                ^
/root/workspace/workspace/rubby-slam-debug-3566/parker_vislam_source/src/System.cc:1334:95: error: cannot convert â€˜Eigen::Vector3d {aka Eigen::Matrix<double, 3, 1>}â€™ to â€˜Eigen::DenseCoeffsBase<Eigen::Matrix<double, 3, 1>, 1>::Scalar {aka double}â€™ in assignment
                     pointInBodyFrame[8] = Eigen::Vector3d(config->dirt_distance + 0.1, -0.2, 0);
                                                                                               ^
/root/workspace/workspace/rubby-slam-debug-3566/parker_vislam_source/src/System.cc:1335:94: error: cannot convert â€˜Eigen::Vector3d {aka Eigen::Matrix<double, 3, 1>}â€™ to â€˜Eigen::DenseCoeffsBase<Eigen::Matrix<double, 3, 1>, 1>::Scalar {aka double}â€™ in assignment
                     pointInBodyFrame[9] = Eigen::Vector3d(config->dirt_distance+0.05, 0.15, 0);
                                                                                              ^
/root/workspace/workspace/rubby-slam-debug-3566/parker_vislam_source/src/System.cc:1336:96: error: cannot convert â€˜Eigen::Vector3d {aka Eigen::Matrix<double, 3, 1>}â€™ to â€˜Eigen::DenseCoeffsBase<Eigen::Matrix<double, 3, 1>, 1>::Scalar {aka double}â€™ in assignment
                     pointInBodyFrame[10] = Eigen::Vector3d(config->dirt_distance + 0.05, 0.1, 0);
                                                                                                ^
/root/workspace/workspace/rubby-slam-debug-3566/parker_vislam_source/src/System.cc:1337:97: error: cannot convert â€˜Eigen::Vector3d {aka Eigen::Matrix<double, 3, 1>}â€™ to â€˜Eigen::DenseCoeffsBase<Eigen::Matrix<double, 3, 1>, 1>::Scalar {aka double}â€™ in assignment
                     pointInBodyFrame[11] = Eigen::Vector3d(config->dirt_distance + 0.05, 0.05, 0);
                                                                                                 ^
/root/workspace/workspace/rubby-slam-debug-3566/parker_vislam_source/src/System.cc:1338:94: error: cannot convert â€˜Eigen::Vector3d {aka Eigen::Matrix<double, 3, 1>}â€™ to â€˜Eigen::DenseCoeffsBase<Eigen::Matrix<double, 3, 1>, 1>::Scalar {aka double}â€™ in assignment
                     pointInBodyFrame[12] = Eigen::Vector3d(config->dirt_distance + 0.05, 0, 0);
                                                                                              ^
/root/workspace/workspace/rubby-slam-debug-3566/parker_vislam_source/src/System.cc:1339:98: error: cannot convert â€˜Eigen::Vector3d {aka Eigen::Matrix<double, 3, 1>}â€™ to â€˜Eigen::DenseCoeffsBase<Eigen::Matrix<double, 3, 1>, 1>::Scalar {aka double}â€™ in assignment
                     pointInBodyFrame[13] = Eigen::Vector3d(config->dirt_distance + 0.05, -0.05, 0);
                                                                                                  ^
/root/workspace/workspace/rubby-slam-debug-3566/parker_vislam_source/src/System.cc:1340:97: error: cannot convert â€˜Eigen::Vector3d {aka Eigen::Matrix<double, 3, 1>}â€™ to â€˜Eigen::DenseCoeffsBase<Eigen::Matrix<double, 3, 1>, 1>::Scalar {aka double}â€™ in assignment
                     pointInBodyFrame[14] = Eigen::Vector3d(config->dirt_distance + 0.05, -0.1, 0);
                                                                                                 ^
/root/workspace/workspace/rubby-slam-debug-3566/parker_vislam_source/src/System.cc:1341:98: error: cannot convert â€˜Eigen::Vector3d {aka Eigen::Matrix<double, 3, 1>}â€™ to â€˜Eigen::DenseCoeffsBase<Eigen::Matrix<double, 3, 1>, 1>::Scalar {aka double}â€™ in assignment
                     pointInBodyFrame[15] = Eigen::Vector3d(config->dirt_distance + 0.05, -0.15, 0);
                                                                                                  ^
/root/workspace/workspace/rubby-slam-debug-3566/parker_vislam_source/src/System.cc:1342:90: error: cannot convert â€˜Eigen::Vector3d {aka Eigen::Matrix<double, 3, 1>}â€™ to â€˜Eigen::DenseCoeffsBase<Eigen::Matrix<double, 3, 1>, 1>::Scalar {aka double}â€™ in assignment
                     pointInBodyFrame[16] = Eigen::Vector3d(config->dirt_distance , 0.1, 0);
                                                                                          ^
/root/workspace/workspace/rubby-slam-debug-3566/parker_vislam_source/src/System.cc:1343:91: error: cannot convert â€˜Eigen::Vector3d {aka Eigen::Matrix<double, 3, 1>}â€™ to â€˜Eigen::DenseCoeffsBase<Eigen::Matrix<double, 3, 1>, 1>::Scalar {aka double}â€™ in assignment
                     pointInBodyFrame[17] = Eigen::Vector3d(config->dirt_distance , 0.05, 0);
                                                                                           ^
/root/workspace/workspace/rubby-slam-debug-3566/parker_vislam_source/src/System.cc:1344:88: error: cannot convert â€˜Eigen::Vector3d {aka Eigen::Matrix<double, 3, 1>}â€™ to â€˜Eigen::DenseCoeffsBase<Eigen::Matrix<double, 3, 1>, 1>::Scalar {aka double}â€™ in assignment
                     pointInBodyFrame[18] = Eigen::Vector3d(config->dirt_distance , 0, 0);
                                                                                        ^
/root/workspace/workspace/rubby-slam-debug-3566/parker_vislam_source/src/System.cc:1345:92: error: cannot convert â€˜Eigen::Vector3d {aka Eigen::Matrix<double, 3, 1>}â€™ to â€˜Eigen::DenseCoeffsBase<Eigen::Matrix<double, 3, 1>, 1>::Scalar {aka double}â€™ in assignment
                     pointInBodyFrame[19] = Eigen::Vector3d(config->dirt_distance , -0.05, 0);
                                                                                            ^
/root/workspace/workspace/rubby-slam-debug-3566/parker_vislam_source/src/System.cc:1346:91: error: cannot convert â€˜Eigen::Vector3d {aka Eigen::Matrix<double, 3, 1>}â€™ to â€˜Eigen::DenseCoeffsBase<Eigen::Matrix<double, 3, 1>, 1>::Scalar {aka double}â€™ in assignment
                     pointInBodyFrame[20] = Eigen::Vector3d(config->dirt_distance , -0.1, 0);
                                                                                           ^
/root/workspace/workspace/rubby-slam-debug-3566/parker_vislam_source/src/System.cc:1349:96: error: cannot convert â€˜Eigen::Vector3d {aka Eigen::Matrix<double, 3, 1>}â€™ to â€˜Eigen::DenseCoeffsBase<Eigen::Matrix<double, 3, 1>, 1>::Scalar {aka double}â€™ in assignment
                     pointInBodyFrame[0] = Eigen::Vector3d(config->dirt_distance + 0.15, 0.15, 0);
                                                                                                ^
/root/workspace/workspace/rubby-slam-debug-3566/parker_vislam_source/src/System.cc:1350:95: error: cannot convert â€˜Eigen::Vector3d {aka Eigen::Matrix<double, 3, 1>}â€™ to â€˜Eigen::DenseCoeffsBase<Eigen::Matrix<double, 3, 1>, 1>::Scalar {aka double}â€™ in assignment
                     pointInBodyFrame[1] = Eigen::Vector3d(config->dirt_distance + 0.15, 0.1, 0);
                                                                                               ^
/root/workspace/workspace/rubby-slam-debug-3566/parker_vislam_source/src/System.cc:1351:96: error: cannot convert â€˜Eigen::Vector3d {aka Eigen::Matrix<double, 3, 1>}â€™ to â€˜Eigen::DenseCoeffsBase<Eigen::Matrix<double, 3, 1>, 1>::Scalar {aka double}â€™ in assignment
                     pointInBodyFrame[2] = Eigen::Vector3d(config->dirt_distance + 0.15, 0.05, 0);
                                                                                                ^
/root/workspace/workspace/rubby-slam-debug-3566/parker_vislam_source/src/System.cc:1352:91: error: cannot convert â€˜Eigen::Vector3d {aka Eigen::Matrix<double, 3, 1>}â€™ to â€˜Eigen::DenseCoeffsBase<Eigen::Matrix<double, 3, 1>, 1>::Scalar {aka double}â€™ in assignment
                     pointInBodyFrame[3] = Eigen::Vector3d(config->dirt_distance+0.15, 0, 0);
                                                                                           ^
/root/workspace/workspace/rubby-slam-debug-3566/parker_vislam_source/src/System.cc:1353:97: error: cannot convert â€˜Eigen::Vector3d {aka Eigen::Matrix<double, 3, 1>}â€™ to â€˜Eigen::DenseCoeffsBase<Eigen::Matrix<double, 3, 1>, 1>::Scalar {aka double}â€™ in assignment
                     pointInBodyFrame[4] = Eigen::Vector3d(config->dirt_distance + 0.15, -0.05, 0);
                                                                                                 ^
/root/workspace/workspace/rubby-slam-debug-3566/parker_vislam_source/src/System.cc:1354:96: error: cannot convert â€˜Eigen::Vector3d {aka Eigen::Matrix<double, 3, 1>}â€™ to â€˜Eigen::DenseCoeffsBase<Eigen::Matrix<double, 3, 1>, 1>::Scalar {aka double}â€™ in assignment
                     pointInBodyFrame[5] = Eigen::Vector3d(config->dirt_distance + 0.15, -0.1, 0);
                                                                                                ^
/root/workspace/workspace/rubby-slam-debug-3566/parker_vislam_source/src/System.cc:1355:97: error: cannot convert â€˜Eigen::Vector3d {aka Eigen::Matrix<double, 3, 1>}â€™ to â€˜Eigen::DenseCoeffsBase<Eigen::Matrix<double, 3, 1>, 1>::Scalar {aka double}â€™ in assignment
                     pointInBodyFrame[6] = Eigen::Vector3d(config->dirt_distance + 0.15, -0.15, 0);
                                                                                                 ^
/root/workspace/workspace/rubby-slam-debug-3566/parker_vislam_source/src/System.cc:1356:94: error: cannot convert â€˜Eigen::Vector3d {aka Eigen::Matrix<double, 3, 1>}â€™ to â€˜Eigen::DenseCoeffsBase<Eigen::Matrix<double, 3, 1>, 1>::Scalar {aka double}â€™ in assignment
                     pointInBodyFrame[7] = Eigen::Vector3d(config->dirt_distance + 0.1, 0.2, 0);
                                                                                              ^
/root/workspace/workspace/rubby-slam-debug-3566/parker_vislam_source/src/System.cc:1357:95: error: cannot convert â€˜Eigen::Vector3d {aka Eigen::Matrix<double, 3, 1>}â€™ to â€˜Eigen::DenseCoeffsBase<Eigen::Matrix<double, 3, 1>, 1>::Scalar {aka double}â€™ in assignment
                     pointInBodyFrame[8] = Eigen::Vector3d(config->dirt_distance + 0.1, 0.15, 0);
                                                                                               ^
/root/workspace/workspace/rubby-slam-debug-3566/parker_vislam_source/src/System.cc:1358:94: error: cannot convert â€˜Eigen::Vector3d {aka Eigen::Matrix<double, 3, 1>}â€™ to â€˜Eigen::DenseCoeffsBase<Eigen::Matrix<double, 3, 1>, 1>::Scalar {aka double}â€™ in assignment
                     pointInBodyFrame[9] = Eigen::Vector3d(config->dirt_distance + 0.1, 0.1, 0);
                                                                                              ^
/root/workspace/workspace/rubby-slam-debug-3566/parker_vislam_source/src/System.cc:1359:94: error: cannot convert â€˜Eigen::Vector3d {aka Eigen::Matrix<double, 3, 1>}â€™ to â€˜Eigen::DenseCoeffsBase<Eigen::Matrix<double, 3, 1>, 1>::Scalar {aka double}â€™ in assignment
                     pointInBodyFrame[10] = Eigen::Vector3d(config->dirt_distance+0.1, 0.05, 0);
                                                                                              ^
/root/workspace/workspace/rubby-slam-debug-3566/parker_vislam_source/src/System.cc:1360:93: error: cannot convert â€˜Eigen::Vector3d {aka Eigen::Matrix<double, 3, 1>}â€™ to â€˜Eigen::DenseCoeffsBase<Eigen::Matrix<double, 3, 1>, 1>::Scalar {aka double}â€™ in assignment
                     pointInBodyFrame[11] = Eigen::Vector3d(config->dirt_distance + 0.1, 0, 0);
                                                                                             ^
/root/workspace/workspace/rubby-slam-debug-3566/parker_vislam_source/src/System.cc:1361:97: error: cannot convert â€˜Eigen::Vector3d {aka Eigen::Matrix<double, 3, 1>}â€™ to â€˜Eigen::DenseCoeffsBase<Eigen::Matrix<double, 3, 1>, 1>::Scalar {aka double}â€™ in assignment
                     pointInBodyFrame[12] = Eigen::Vector3d(config->dirt_distance + 0.1, -0.05, 0);
                                                                                                 ^
/root/workspace/workspace/rubby-slam-debug-3566/parker_vislam_source/src/System.cc:1362:96: error: cannot convert â€˜Eigen::Vector3d {aka Eigen::Matrix<double, 3, 1>}â€™ to â€˜Eigen::DenseCoeffsBase<Eigen::Matrix<double, 3, 1>, 1>::Scalar {aka double}â€™ in assignment
                     pointInBodyFrame[13] = Eigen::Vector3d(config->dirt_distance + 0.1, -0.1, 0);
                                                                                                ^
/root/workspace/workspace/rubby-slam-debug-3566/parker_vislam_source/src/System.cc:1363:97: error: cannot convert â€˜Eigen::Vector3d {aka Eigen::Matrix<double, 3, 1>}â€™ to â€˜Eigen::DenseCoeffsBase<Eigen::Matrix<double, 3, 1>, 1>::Scalar {aka double}â€™ in assignment
                     pointInBodyFrame[14] = Eigen::Vector3d(config->dirt_distance + 0.1, -0.15, 0);
                                                                                                 ^
/root/workspace/workspace/rubby-slam-debug-3566/parker_vislam_source/src/System.cc:1364:96: error: cannot convert â€˜Eigen::Vector3d {aka Eigen::Matrix<double, 3, 1>}â€™ to â€˜Eigen::DenseCoeffsBase<Eigen::Matrix<double, 3, 1>, 1>::Scalar {aka double}â€™ in assignment
                     pointInBodyFrame[15] = Eigen::Vector3d(config->dirt_distance + 0.1, -0.2, 0);
                                                                                                ^
/root/workspace/workspace/rubby-slam-debug-3566/parker_vislam_source/src/System.cc:1365:95: error: cannot convert â€˜Eigen::Vector3d {aka Eigen::Matrix<double, 3, 1>}â€™ to â€˜Eigen::DenseCoeffsBase<Eigen::Matrix<double, 3, 1>, 1>::Scalar {aka double}â€™ in assignment
                     pointInBodyFrame[16] = Eigen::Vector3d(config->dirt_distance+0.05, 0.15, 0);
                                                                                               ^
/root/workspace/workspace/rubby-slam-debug-3566/parker_vislam_source/src/System.cc:1366:96: error: cannot convert â€˜Eigen::Vector3d {aka Eigen::Matrix<double, 3, 1>}â€™ to â€˜Eigen::DenseCoeffsBase<Eigen::Matrix<double, 3, 1>, 1>::Scalar {aka double}â€™ in assignment
                     pointInBodyFrame[17] = Eigen::Vector3d(config->dirt_distance + 0.05, 0.1, 0);
                                                                                                ^
/root/workspace/workspace/rubby-slam-debug-3566/parker_vislam_source/src/System.cc:1367:97: error: cannot convert â€˜Eigen::Vector3d {aka Eigen::Matrix<double, 3, 1>}â€™ to â€˜Eigen::DenseCoeffsBase<Eigen::Matrix<double, 3, 1>, 1>::Scalar {aka double}â€™ in assignment
                     pointInBodyFrame[18] = Eigen::Vector3d(config->dirt_distance + 0.05, 0.05, 0);
                                                                                                 ^
/root/workspace/workspace/rubby-slam-debug-3566/parker_vislam_source/src/System.cc:1368:94: error: cannot convert â€˜Eigen::Vector3d {aka Eigen::Matrix<double, 3, 1>}â€™ to â€˜Eigen::DenseCoeffsBase<Eigen::Matrix<double, 3, 1>, 1>::Scalar {aka double}â€™ in assignment
                     pointInBodyFrame[19] = Eigen::Vector3d(config->dirt_distance + 0.05, 0, 0);
                                                                                              ^
/root/workspace/workspace/rubby-slam-debug-3566/parker_vislam_source/src/System.cc:1369:98: error: cannot convert â€˜Eigen::Vector3d {aka Eigen::Matrix<double, 3, 1>}â€™ to â€˜Eigen::DenseCoeffsBase<Eigen::Matrix<double, 3, 1>, 1>::Scalar {aka double}â€™ in assignment
                     pointInBodyFrame[20] = Eigen::Vector3d(config->dirt_distance + 0.05, -0.05, 0);
                                                                                                  ^
/root/workspace/workspace/rubby-slam-debug-3566/parker_vislam_source/src/System.cc:1370:97: error: cannot convert â€˜Eigen::Vector3d {aka Eigen::Matrix<double, 3, 1>}â€™ to â€˜Eigen::DenseCoeffsBase<Eigen::Matrix<double, 3, 1>, 1>::Scalar {aka double}â€™ in assignment
                     pointInBodyFrame[21] = Eigen::Vector3d(config->dirt_distance + 0.05, -0.1, 0);
                                                                                                 ^
/root/workspace/workspace/rubby-slam-debug-3566/parker_vislam_source/src/System.cc:1371:98: error: cannot convert â€˜Eigen::Vector3d {aka Eigen::Matrix<double, 3, 1>}â€™ to â€˜Eigen::DenseCoeffsBase<Eigen::Matrix<double, 3, 1>, 1>::Scalar {aka double}â€™ in assignment
                     pointInBodyFrame[22] = Eigen::Vector3d(config->dirt_distance + 0.05, -0.15, 0);
                                                                                                  ^
/root/workspace/workspace/rubby-slam-debug-3566/parker_vislam_source/src/System.cc:1372:90: error: cannot convert â€˜Eigen::Vector3d {aka Eigen::Matrix<double, 3, 1>}â€™ to â€˜Eigen::DenseCoeffsBase<Eigen::Matrix<double, 3, 1>, 1>::Scalar {aka double}â€™ in assignment
                     pointInBodyFrame[23] = Eigen::Vector3d(config->dirt_distance , 0.1, 0);
                                                                                          ^
/root/workspace/workspace/rubby-slam-debug-3566/parker_vislam_source/src/System.cc:1373:91: error: cannot convert â€˜Eigen::Vector3d {aka Eigen::Matrix<double, 3, 1>}â€™ to â€˜Eigen::DenseCoeffsBase<Eigen::Matrix<double, 3, 1>, 1>::Scalar {aka double}â€™ in assignment
                     pointInBodyFrame[24] = Eigen::Vector3d(config->dirt_distance , 0.05, 0);
                                                                                           ^
/root/workspace/workspace/rubby-slam-debug-3566/parker_vislam_source/src/System.cc:1374:88: error: cannot convert â€˜Eigen::Vector3d {aka Eigen::Matrix<double, 3, 1>}â€™ to â€˜Eigen::DenseCoeffsBase<Eigen::Matrix<double, 3, 1>, 1>::Scalar {aka double}â€™ in assignment
                     pointInBodyFrame[25] = Eigen::Vector3d(config->dirt_distance , 0, 0);
                                                                                        ^
/root/workspace/workspace/rubby-slam-debug-3566/parker_vislam_source/src/System.cc:1375:92: error: cannot convert â€˜Eigen::Vector3d {aka Eigen::Matrix<double, 3, 1>}â€™ to â€˜Eigen::DenseCoeffsBase<Eigen::Matrix<double, 3, 1>, 1>::Scalar {aka double}â€™ in assignment
                     pointInBodyFrame[26] = Eigen::Vector3d(config->dirt_distance , -0.05, 0);
                                                                                            ^
/root/workspace/workspace/rubby-slam-debug-3566/parker_vislam_source/src/System.cc:1376:91: error: cannot convert â€˜Eigen::Vector3d {aka Eigen::Matrix<double, 3, 1>}â€™ to â€˜Eigen::DenseCoeffsBase<Eigen::Matrix<double, 3, 1>, 1>::Scalar {aka double}â€™ in assignment
                     pointInBodyFrame[27] = Eigen::Vector3d(config->dirt_distance , -0.1, 0);
                                                                                           ^
/root/workspace/workspace/rubby-slam-debug-3566/parker_vislam_source/src/System.cc:1381:46: error: no match for â€˜operator*â€™ (operand types are â€˜gtsam::Pose3â€™ and â€˜Eigen::DenseCoeffsBase<Eigen::Matrix<double, 3, 1>, 1>::Scalar {aka double}â€™)
                     Eigen::Vector3d pt = Two * pointInBodyFrame[i]; // æœºå™¨ä¸­å¿ƒ40cmå¤„ä¸ºè„æ±¡ç‚¹
In file included from /root/workspace/workspace/rubby-slam-debug-3566/parker_vislam_source/src/tool/type.h:14:0,
                 from /root/workspace/workspace/rubby-slam-debug-3566/parker_vislam_source/include/Converter.h:31,
                 from /root/workspace/workspace/rubby-slam-debug-3566/parker_vislam_source/include/Frame.h:33,
                 from /root/workspace/workspace/rubby-slam-debug-3566/parker_vislam_source/include/KeyFrame.h:27,
                 from /root/workspace/workspace/rubby-slam-debug-3566/parker_vislam_source/include/depthfilter.h:5,
                 from /root/workspace/workspace/rubby-slam-debug-3566/parker_vislam_source/include/MapPoint.h:22,
                 from /root/workspace/workspace/rubby-slam-debug-3566/parker_vislam_source/include/FrameDrawer.h:24,
                 from /root/workspace/workspace/rubby-slam-debug-3566/parker_vislam_source/include/Viewer.h:23,
                 from /root/workspace/workspace/rubby-slam-debug-3566/parker_vislam_source/include/Tracking.h:26,
                 from /root/workspace/workspace/rubby-slam-debug-3566/parker_vislam_source/include/System.h:31,
                 from /root/workspace/workspace/rubby-slam-debug-3566/parker_vislam_source/src/System.cc:21:
/root/workspace/workspace/rubby-slam-debug-3566/parker_vislam_source/Thirdparty/gtsam/lib/include/gtsam/geometry/Pose3.h:111:9: note: candidate: gtsam::Pose3 gtsam::Pose3::operator*(const gtsam::Pose3&) const
   Pose3 operator*(const Pose3& T) const {
         ^~~~~~~~
/root/workspace/workspace/rubby-slam-debug-3566/parker_vislam_source/Thirdparty/gtsam/lib/include/gtsam/geometry/Pose3.h:111:9: note:   no known conversion for argument 1 from â€˜Eigen::DenseCoeffsBase<Eigen::Matrix<double, 3, 1>, 1>::Scalar {aka double}â€™ to â€˜const gtsam::Pose3&â€™
In file included from /root/workspace/workspace/rubby-slam-debug-3566/parker_vislam_source/src/tool/type.h:14:0,
                 from /root/workspace/workspace/rubby-slam-debug-3566/parker_vislam_source/include/Converter.h:31,
                 from /root/workspace/workspace/rubby-slam-debug-3566/parker_vislam_source/include/Frame.h:33,
                 from /root/workspace/workspace/rubby-slam-debug-3566/parker_vislam_source/include/KeyFrame.h:27,
                 from /root/workspace/workspace/rubby-slam-debug-3566/parker_vislam_source/include/depthfilter.h:5,
                 from /root/workspace/workspace/rubby-slam-debug-3566/parker_vislam_source/include/MapPoint.h:22,
                 from /root/workspace/workspace/rubby-slam-debug-3566/parker_vislam_source/include/FrameDrawer.h:24,
                 from /root/workspace/workspace/rubby-slam-debug-3566/parker_vislam_source/include/Viewer.h:23,
                 from /root/workspace/workspace/rubby-slam-debug-3566/parker_vislam_source/include/Tracking.h:26,
                 from /root/workspace/workspace/rubby-slam-debug-3566/parker_vislam_source/include/System.h:31,
                 from /root/workspace/workspace/rubby-slam-debug-3566/parker_vislam_source/src/System.cc:21:
/root/workspace/workspace/rubby-slam-debug-3566/parker_vislam_source/Thirdparty/gtsam/lib/include/gtsam/geometry/Pose3.h:244:17: note: candidate: gtsam::Point3 gtsam::Pose3::operator*(const Point3&) const
   inline Point3 operator*(const Point3& point) const {
                 ^~~~~~~~
/root/workspace/workspace/rubby-slam-debug-3566/parker_vislam_source/Thirdparty/gtsam/lib/include/gtsam/geometry/Pose3.h:244:17: note:   no known conversion for argument 1 from â€˜Eigen::DenseCoeffsBase<Eigen::Matrix<double, 3, 1>, 1>::Scalar {aka double}â€™ to â€˜const Point3& {aka const Eigen::Matrix<double, 3, 1>&}â€™
In file included from /usr/local/include/opencv2/core/cvstd.inl.hpp:47:0,
                 from /usr/local/include/opencv2/core.hpp:3279,
                 from /usr/local/include/opencv2/core/core.hpp:48,
                 from /root/workspace/workspace/rubby-slam-debug-3566/parker_vislam_source/include/System.h:29,
                 from /root/workspace/workspace/rubby-slam-debug-3566/parker_vislam_source/src/System.cc:21:
/usr/include/c++/7/complex:386:5: note: candidate: template<class _Tp> std::complex<_Tp> std::operator*(const std::complex<_Tp>&, const std::complex<_Tp>&)
     operator*(const complex<_Tp>& __x, const complex<_Tp>& __y)
     ^~~~~~~~
/usr/include/c++/7/complex:386:5: note:   template argument deduction/substitution failed:
/root/workspace/workspace/rubby-slam-debug-3566/parker_vislam_source/src/System.cc:1381:66: note:   â€˜gtsam::Pose3â€™ is not derived from â€˜const std::complex<_Tp>â€™
                     Eigen::Vector3d pt = Two * pointInBodyFrame[i]; // æœºå™¨ä¸­å¿ƒ40cmå¤„ä¸ºè„æ±¡ç‚¹
                                                                  ^
In file included from /usr/local/include/opencv2/core/cvstd.inl.hpp:47:0,
                 from /usr/local/include/opencv2/core.hpp:3279,
                 from /usr/local/include/opencv2/core/core.hpp:48,
                 from /root/workspace/workspace/rubby-slam-debug-3566/parker_vislam_source/include/System.h:29,
                 from /root/workspace/workspace/rubby-slam-debug-3566/parker_vislam_source/src/System.cc:21:
/usr/include/c++/7/complex:395:5: note: candidate: template<class _Tp> std::complex<_Tp> std::operator*(const std::complex<_Tp>&, const _Tp&)
     operator*(const complex<_Tp>& __x, const _Tp& __y)
     ^~~~~~~~
/usr/include/c++/7/complex:395:5: note:   template argument deduction/substitution failed:
/root/workspace/workspace/rubby-slam-debug-3566/parker_vislam_source/src/System.cc:1381:66: note:   â€˜gtsam::Pose3â€™ is not derived from â€˜const std::complex<_Tp>â€™
                     Eigen::Vector3d pt = Two * pointInBodyFrame[i]; // æœºå™¨ä¸­å¿ƒ40cmå¤„ä¸ºè„æ±¡ç‚¹
                                                                  ^
In file included from /usr/local/include/opencv2/core/cvstd.inl.hpp:47:0,
                 from /usr/local/include/opencv2/core.hpp:3279,
                 from /usr/local/include/opencv2/core/core.hpp:48,
                 from /root/workspace/workspace/rubby-slam-debug-3566/parker_vislam_source/include/System.h:29,
                 from /root/workspace/workspace/rubby-slam-debug-3566/parker_vislam_source/src/System.cc:21:
/usr/include/c++/7/complex:404:5: note: candidate: template<class _Tp> std::complex<_Tp> std::operator*(const _Tp&, const std::complex<_Tp>&)
     operator*(const _Tp& __x, const complex<_Tp>& __y)
     ^~~~~~~~
/usr/include/c++/7/complex:404:5: note:   template argument deduction/substitution failed:
/root/workspace/workspace/rubby-slam-debug-3566/parker_vislam_source/src/System.cc:1381:66: note:   mismatched types â€˜const std::complex<_Tp>â€™ and â€˜Eigen::DenseCoeffsBase<Eigen::Matrix<double, 3, 1>, 1>::Scalar {aka double}â€™
                     Eigen::Vector3d pt = Two * pointInBodyFrame[i]; // æœºå™¨ä¸­å¿ƒ40cmå¤„ä¸ºè„æ±¡ç‚¹
                                                                  ^
In file included from /usr/local/include/opencv2/calib3d.hpp:49:0,
                 from /usr/local/include/opencv2/opencv.hpp:56,
                 from /root/workspace/workspace/rubby-slam-debug-3566/parker_vislam_source/include/ORBextractor.h:24,
                 from /root/workspace/workspace/rubby-slam-debug-3566/parker_vislam_source/include/KeyFrame.h:26,
                 from /root/workspace/workspace/rubby-slam-debug-3566/parker_vislam_source/include/depthfilter.h:5,
                 from /root/workspace/workspace/rubby-slam-debug-3566/parker_vislam_source/include/MapPoint.h:22,
                 from /root/workspace/workspace/rubby-slam-debug-3566/parker_vislam_source/include/FrameDrawer.h:24,
                 from /root/workspace/workspace/rubby-slam-debug-3566/parker_vislam_source/include/Viewer.h:23,
                 from /root/workspace/workspace/rubby-slam-debug-3566/parker_vislam_source/include/Tracking.h:26,
                 from /root/workspace/workspace/rubby-slam-debug-3566/parker_vislam_source/include/System.h:31,
                 from /root/workspace/workspace/rubby-slam-debug-3566/parker_vislam_source/src/System.cc:21:
/usr/local/include/opencv2/core/affine.hpp:630:11: note: candidate: cv::Vec3d cv::operator*(const Affine3d&, const Vec3d&)
 cv::Vec3d cv::operator*(const cv::Affine3d& affine, const cv::Vec3d& v)
           ^~
/usr/local/include/opencv2/core/affine.hpp:630:11: note:   no known conversion for argument 1 from â€˜gtsam::Pose3â€™ to â€˜const Affine3d& {aka const cv::Affine3<double>&}â€™
/usr/local/include/opencv2/core/affine.hpp:619:11: note: candidate: cv::Vec3f cv::operator*(const Affine3f&, const Vec3f&)
 cv::Vec3f cv::operator*(const cv::Affine3f& affine, const cv::Vec3f& v)
           ^~
/usr/local/include/opencv2/core/affine.hpp:619:11: note:   no known conversion for argument 1 from â€˜gtsam::Pose3â€™ to â€˜const Affine3f& {aka const cv::Affine3<float>&}â€™
/usr/local/include/opencv2/core/affine.hpp:607:3: note: candidate: template<class T, class V> V cv::operator*(const cv::Affine3<T>&, const V&)
 V cv::operator*(const cv::Affine3<T>& affine, const V& v)
   ^~
/usr/local/include/opencv2/core/affine.hpp:607:3: note:   template argument deduction/substitution failed:
/root/workspace/workspace/rubby-slam-debug-3566/parker_vislam_source/src/System.cc:1381:66: note:   â€˜gtsam::Pose3â€™ is not derived from â€˜const cv::Affine3<T>â€™
                     Eigen::Vector3d pt = Two * pointInBodyFrame[i]; // æœºå™¨ä¸­å¿ƒ40cmå¤„ä¸ºè„æ±¡ç‚¹
                                                                  ^
In file included from /usr/local/include/opencv2/calib3d.hpp:49:0,
                 from /usr/local/include/opencv2/opencv.hpp:56,
                 from /root/workspace/workspace/rubby-slam-debug-3566/parker_vislam_source/include/ORBextractor.h:24,
                 from /root/workspace/workspace/rubby-slam-debug-3566/parker_vislam_source/include/KeyFrame.h:26,
                 from /root/workspace/workspace/rubby-slam-debug-3566/parker_vislam_source/include/depthfilter.h:5,
                 from /root/workspace/workspace/rubby-slam-debug-3566/parker_vislam_source/include/MapPoint.h:22,
                 from /root/workspace/workspace/rubby-slam-debug-3566/parker_vislam_source/include/FrameDrawer.h:24,
                 from /root/workspace/workspace/rubby-slam-debug-3566/parker_vislam_source/include/Viewer.h:23,
                 from /root/workspace/workspace/rubby-slam-debug-3566/parker_vislam_source/include/Tracking.h:26,
                 from /root/workspace/workspace/rubby-slam-debug-3566/parker_vislam_source/include/System.h:31,
                 from /root/workspace/workspace/rubby-slam-debug-3566/parker_vislam_source/src/System.cc:21:
/usr/local/include/opencv2/core/affine.hpp:601:16: note: candidate: template<class T> cv::Affine3<T> cv::operator*(const cv::Affine3<T>&, const cv::Affine3<T>&)
 cv::Affine3<T> cv::operator*(const cv::Affine3<T>& affine1, const cv::Affine3<T>& affine2)
                ^~
/usr/local/include/opencv2/core/affine.hpp:601:16: note:   template argument deduction/substitution failed:
/root/workspace/workspace/rubby-slam-debug-3566/parker_vislam_source/src/System.cc:1381:66: note:   â€˜gtsam::Pose3â€™ is not derived from â€˜const cv::Affine3<T>â€™
                     Eigen::Vector3d pt = Two * pointInBodyFrame[i]; // æœºå™¨ä¸­å¿ƒ40cmå¤„ä¸ºè„æ±¡ç‚¹
                                                                  ^
In file included from /usr/local/include/opencv2/core.hpp:59:0,
                 from /usr/local/include/opencv2/core/core.hpp:48,
                 from /root/workspace/workspace/rubby-slam-debug-3566/parker_vislam_source/include/System.h:29,
                 from /root/workspace/workspace/rubby-slam-debug-3566/parker_vislam_source/src/System.cc:21:
/usr/local/include/opencv2/core/mat.hpp:3592:20: note: candidate: cv::MatExpr cv::operator*(const cv::MatExpr&, const cv::MatExpr&)
 CV_EXPORTS MatExpr operator * (const MatExpr& e1, const MatExpr& e2);
                    ^~~~~~~~
/usr/local/include/opencv2/core/mat.hpp:3592:20: note:   no known conversion for argument 1 from â€˜gtsam::Pose3â€™ to â€˜const cv::MatExpr&â€™
/usr/local/include/opencv2/core/mat.hpp:3591:20: note: candidate: cv::MatExpr cv::operator*(double, const cv::MatExpr&)
 CV_EXPORTS MatExpr operator * (double s, const MatExpr& e);
                    ^~~~~~~~
/usr/local/include/opencv2/core/mat.hpp:3591:20: note:   no known conversion for argument 1 from â€˜gtsam::Pose3â€™ to â€˜doubleâ€™
/usr/local/include/opencv2/core/mat.hpp:3590:20: note: candidate: cv::MatExpr cv::operator*(const cv::MatExpr&, double)
 CV_EXPORTS MatExpr operator * (const MatExpr& e, double s);
                    ^~~~~~~~
/usr/local/include/opencv2/core/mat.hpp:3590:20: note:   no known conversion for argument 1 from â€˜gtsam::Pose3â€™ to â€˜const cv::MatExpr&â€™
/usr/local/include/opencv2/core/mat.hpp:3589:20: note: candidate: cv::MatExpr cv::operator*(const cv::Mat&, const cv::MatExpr&)
 CV_EXPORTS MatExpr operator * (const Mat& m, const MatExpr& e);
                    ^~~~~~~~
/usr/local/include/opencv2/core/mat.hpp:3589:20: note:   no known conversion for argument 1 from â€˜gtsam::Pose3â€™ to â€˜const cv::Mat&â€™
/usr/local/include/opencv2/core/mat.hpp:3588:20: note: candidate: cv::MatExpr cv::operator*(const cv::MatExpr&, const cv::Mat&)
 CV_EXPORTS MatExpr operator * (const MatExpr& e, const Mat& m);
                    ^~~~~~~~
/usr/local/include/opencv2/core/mat.hpp:3588:20: note:   no known conversion for argument 1 from â€˜gtsam::Pose3â€™ to â€˜const cv::MatExpr&â€™
/usr/local/include/opencv2/core/mat.hpp:3587:20: note: candidate: cv::MatExpr cv::operator*(double, const cv::Mat&)
 CV_EXPORTS MatExpr operator * (double s, const Mat& a);
                    ^~~~~~~~
/usr/local/include/opencv2/core/mat.hpp:3587:20: note:   no known conversion for argument 1 from â€˜gtsam::Pose3â€™ to â€˜doubleâ€™
/usr/local/include/opencv2/core/mat.hpp:3586:20: note: candidate: cv::MatExpr cv::operator*(const cv::Mat&, double)
 CV_EXPORTS MatExpr operator * (const Mat& a, double s);
                    ^~~~~~~~
/usr/local/include/opencv2/core/mat.hpp:3586:20: note:   no known conversion for argument 1 from â€˜gtsam::Pose3â€™ to â€˜const cv::Mat&â€™
/usr/local/include/opencv2/core/mat.hpp:3585:20: note: candidate: cv::MatExpr cv::operator*(const cv::Mat&, const cv::Mat&)
 CV_EXPORTS MatExpr operator * (const Mat& a, const Mat& b);
                    ^~~~~~~~
/usr/local/include/opencv2/core/mat.hpp:3585:20: note:   no known conversion for argument 1 from â€˜gtsam::Pose3â€™ to â€˜const cv::Mat&â€™
In file included from /usr/local/include/opencv2/core.hpp:58:0,
                 from /usr/local/include/opencv2/core/core.hpp:48,
                 from /root/workspace/workspace/rubby-slam-debug-3566/parker_vislam_source/include/System.h:29,
                 from /root/workspace/workspace/rubby-slam-debug-3566/parker_vislam_source/src/System.cc:21:
/usr/local/include/opencv2/core/types.hpp:2312:8: note: candidate: template<class _Tp> cv::Scalar cv::operator*(const cv::Matx<_Tp, 4, 4>&, const Scalar&)
 Scalar operator * (const Matx<_Tp, 4, 4>& a, const Scalar& b)
        ^~~~~~~~
/usr/local/include/opencv2/core/types.hpp:2312:8: note:   template argument deduction/substitution failed:
/root/workspace/workspace/rubby-slam-debug-3566/parker_vislam_source/src/System.cc:1381:66: note:   â€˜gtsam::Pose3â€™ is not derived from â€˜const cv::Matx<_Tp, 4, 4>â€™
                     Eigen::Vector3d pt = Two * pointInBodyFrame[i]; // æœºå™¨ä¸­å¿ƒ40cmå¤„ä¸ºè„æ±¡ç‚¹
                                                                  ^
In file included from /usr/local/include/opencv2/core.hpp:58:0,
                 from /usr/local/include/opencv2/core/core.hpp:48,
                 from /root/workspace/workspace/rubby-slam-debug-3566/parker_vislam_source/include/System.h:29,
                 from /root/workspace/workspace/rubby-slam-debug-3566/parker_vislam_source/src/System.cc:21:
/usr/local/include/opencv2/core/types.hpp:2246:14: note: candidate: template<class _Tp> cv::Scalar_<_Tp> cv::operator*(const cv::Scalar_<_Tp>&, const cv::Scalar_<_Tp>&)
 Scalar_<_Tp> operator * (const Scalar_<_Tp>& a, const Scalar_<_Tp>& b)
              ^~~~~~~~
/usr/local/include/opencv2/core/types.hpp:2246:14: note:   template argument deduction/substitution failed:
/root/workspace/workspace/rubby-slam-debug-3566/parker_vislam_source/src/System.cc:1381:66: note:   â€˜gtsam::Pose3â€™ is not derived from â€˜const cv::Scalar_<_Tp>â€™
                     Eigen::Vector3d pt = Two * pointInBodyFrame[i]; // æœºå™¨ä¸­å¿ƒ40cmå¤„ä¸ºè„æ±¡ç‚¹
                                                                  ^
In file included from /usr/local/include/opencv2/core.hpp:58:0,
                 from /usr/local/include/opencv2/core/core.hpp:48,
                 from /root/workspace/workspace/rubby-slam-debug-3566/parker_vislam_source/include/System.h:29,
                 from /root/workspace/workspace/rubby-slam-debug-3566/parker_vislam_source/src/System.cc:21:
/usr/local/include/opencv2/core/types.hpp:2230:14: note: candidate: template<class _Tp> cv::Scalar_<_Tp> cv::operator*(_Tp, const cv::Scalar_<_Tp>&)
 Scalar_<_Tp> operator * (_Tp alpha, const Scalar_<_Tp>& a)
              ^~~~~~~~
/usr/local/include/opencv2/core/types.hpp:2230:14: note:   template argument deduction/substitution failed:
/root/workspace/workspace/rubby-slam-debug-3566/parker_vislam_source/src/System.cc:1381:66: note:   mismatched types â€˜const cv::Scalar_<_Tp>â€™ and â€˜Eigen::DenseCoeffsBase<Eigen::Matrix<double, 3, 1>, 1>::Scalar {aka double}â€™
                     Eigen::Vector3d pt = Two * pointInBodyFrame[i]; // æœºå™¨ä¸­å¿ƒ40cmå¤„ä¸ºè„æ±¡ç‚¹
                                                                  ^
In file included from /usr/local/include/opencv2/core.hpp:58:0,
                 from /usr/local/include/opencv2/core/core.hpp:48,
                 from /root/workspace/workspace/rubby-slam-debug-3566/parker_vislam_source/include/System.h:29,
                 from /root/workspace/workspace/rubby-slam-debug-3566/parker_vislam_source/src/System.cc:21:
/usr/local/include/opencv2/core/types.hpp:2221:14: note: candidate: template<class _Tp> cv::Scalar_<_Tp> cv::operator*(const cv::Scalar_<_Tp>&, _Tp)
 Scalar_<_Tp> operator * (const Scalar_<_Tp>& a, _Tp alpha)
              ^~~~~~~~
/usr/local/include/opencv2/core/types.hpp:2221:14: note:   template argument deduction/substitution failed:
/root/workspace/workspace/rubby-slam-debug-3566/parker_vislam_source/src/System.cc:1381:66: note:   â€˜gtsam::Pose3â€™ is not derived from â€˜const cv::Scalar_<_Tp>â€™
                     Eigen::Vector3d pt = Two * pointInBodyFrame[i]; // æœºå™¨ä¸­å¿ƒ40cmå¤„ä¸ºè„æ±¡ç‚¹
                                                                  ^
In file included from /usr/local/include/opencv2/core.hpp:58:0,
                 from /usr/local/include/opencv2/core/core.hpp:48,
                 from /root/workspace/workspace/rubby-slam-debug-3566/parker_vislam_source/include/System.h:29,
                 from /root/workspace/workspace/rubby-slam-debug-3566/parker_vislam_source/src/System.cc:21:
/usr/local/include/opencv2/core/types.hpp:1708:12: note: candidate: template<class _Tp> cv::Size_<_Tp> cv::operator*(const cv::Size_<_Tp>&, _Tp)
 Size_<_Tp> operator * (const Size_<_Tp>& a, _Tp b)
            ^~~~~~~~
/usr/local/include/opencv2/core/types.hpp:1708:12: note:   template argument deduction/substitution failed:
/root/workspace/workspace/rubby-slam-debug-3566/parker_vislam_source/src/System.cc:1381:66: note:   â€˜gtsam::Pose3â€™ is not derived from â€˜const cv::Size_<_Tp>â€™
                     Eigen::Vector3d pt = Two * pointInBodyFrame[i]; // æœºå™¨ä¸­å¿ƒ40cmå¤„ä¸ºè„æ±¡ç‚¹
                                                                  ^
In file included from /usr/local/include/opencv2/core.hpp:58:0,
                 from /usr/local/include/opencv2/core/core.hpp:48,
                 from /root/workspace/workspace/rubby-slam-debug-3566/parker_vislam_source/include/System.h:29,
                 from /root/workspace/workspace/rubby-slam-debug-3566/parker_vislam_source/src/System.cc:21:
/usr/local/include/opencv2/core/types.hpp:1621:17: note: candidate: template<class _Tp> cv::Matx<T2, 4, 1> cv::operator*(const cv::Matx<_Tp, 4, 4>&, const cv::Point3_<_Tp>&)
 Matx<_Tp, 4, 1> operator * (const Matx<_Tp, 4, 4>& a, const Point3_<_Tp>& b)
                 ^~~~~~~~
/usr/local/include/opencv2/core/types.hpp:1621:17: note:   template argument deduction/substitution failed:
/root/workspace/workspace/rubby-slam-debug-3566/parker_vislam_source/src/System.cc:1381:66: note:   â€˜gtsam::Pose3â€™ is not derived from â€˜const cv::Matx<_Tp, 4, 4>â€™
                     Eigen::Vector3d pt = Two * pointInBodyFrame[i]; // æœºå™¨ä¸­å¿ƒ40cmå¤„ä¸ºè„æ±¡ç‚¹
                                                                  ^
In file included from /usr/local/include/opencv2/core.hpp:58:0,
                 from /usr/local/include/opencv2/core/core.hpp:48,
                 from /root/workspace/workspace/rubby-slam-debug-3566/parker_vislam_source/include/System.h:29,
                 from /root/workspace/workspace/rubby-slam-debug-3566/parker_vislam_source/src/System.cc:21:
/usr/local/include/opencv2/core/types.hpp:1614:14: note: candidate: template<class _Tp> cv::Point3_<_Tp> cv::operator*(const cv::Matx<_Tp, 3, 3>&, const cv::Point3_<_Tp>&)
 Point3_<_Tp> operator * (const Matx<_Tp, 3, 3>& a, const Point3_<_Tp>& b)
              ^~~~~~~~
/usr/local/include/opencv2/core/types.hpp:1614:14: note:   template argument deduction/substitution failed:
/root/workspace/workspace/rubby-slam-debug-3566/parker_vislam_source/src/System.cc:1381:66: note:   â€˜gtsam::Pose3â€™ is not derived from â€˜const cv::Matx<_Tp, 3, 3>â€™
                     Eigen::Vector3d pt = Two * pointInBodyFrame[i]; // æœºå™¨ä¸­å¿ƒ40cmå¤„ä¸ºè„æ±¡ç‚¹
                                                                  ^
In file included from /usr/local/include/opencv2/core.hpp:58:0,
                 from /usr/local/include/opencv2/core/core.hpp:48,
                 from /root/workspace/workspace/rubby-slam-debug-3566/parker_vislam_source/include/System.h:29,
                 from /root/workspace/workspace/rubby-slam-debug-3566/parker_vislam_source/src/System.cc:21:
/usr/local/include/opencv2/core/types.hpp:1608:14: note: candidate: template<class _Tp> cv::Point3_<_Tp> cv::operator*(double, const cv::Point3_<_Tp>&)
 Point3_<_Tp> operator * (double a, const Point3_<_Tp>& b)
              ^~~~~~~~
/usr/local/include/opencv2/core/types.hpp:1608:14: note:   template argument deduction/substitution failed:
/root/workspace/workspace/rubby-slam-debug-3566/parker_vislam_source/src/System.cc:1381:66: note:   mismatched types â€˜const cv::Point3_<_Tp>â€™ and â€˜Eigen::DenseCoeffsBase<Eigen::Matrix<double, 3, 1>, 1>::Scalar {aka double}â€™
                     Eigen::Vector3d pt = Two * pointInBodyFrame[i]; // æœºå™¨ä¸­å¿ƒ40cmå¤„ä¸ºè„æ±¡ç‚¹
                                                                  ^
In file included from /usr/local/include/opencv2/core.hpp:58:0,
                 from /usr/local/include/opencv2/core/core.hpp:48,
                 from /root/workspace/workspace/rubby-slam-debug-3566/parker_vislam_source/include/System.h:29,
                 from /root/workspace/workspace/rubby-slam-debug-3566/parker_vislam_source/src/System.cc:21:
/usr/local/include/opencv2/core/types.hpp:1602:14: note: candidate: template<class _Tp> cv::Point3_<_Tp> cv::operator*(const cv::Point3_<_Tp>&, double)
 Point3_<_Tp> operator * (const Point3_<_Tp>& a, double b)
              ^~~~~~~~
/usr/local/include/opencv2/core/types.hpp:1602:14: note:   template argument deduction/substitution failed:
/root/workspace/workspace/rubby-slam-debug-3566/parker_vislam_source/src/System.cc:1381:66: note:   â€˜gtsam::Pose3â€™ is not derived from â€˜const cv::Point3_<_Tp>â€™
                     Eigen::Vector3d pt = Two * pointInBodyFrame[i]; // æœºå™¨ä¸­å¿ƒ40cmå¤„ä¸ºè„æ±¡ç‚¹
                                                                  ^
In file included from /usr/local/include/opencv2/core.hpp:58:0,
                 from /usr/local/include/opencv2/core/core.hpp:48,
                 from /root/workspace/workspace/rubby-slam-debug-3566/parker_vislam_source/include/System.h:29,
                 from /root/workspace/workspace/rubby-slam-debug-3566/parker_vislam_source/src/System.cc:21:
/usr/local/include/opencv2/core/types.hpp:1596:14: note: candidate: template<class _Tp> cv::Point3_<_Tp> cv::operator*(float, const cv::Point3_<_Tp>&)
 Point3_<_Tp> operator * (float a, const Point3_<_Tp>& b)
              ^~~~~~~~
/usr/local/include/opencv2/core/types.hpp:1596:14: note:   template argument deduction/substitution failed:
/root/workspace/workspace/rubby-slam-debug-3566/parker_vislam_source/src/System.cc:1381:66: note:   mismatched types â€˜const cv::Point3_<_Tp>â€™ and â€˜Eigen::DenseCoeffsBase<Eigen::Matrix<double, 3, 1>, 1>::Scalar {aka double}â€™
                     Eigen::Vector3d pt = Two * pointInBodyFrame[i]; // æœºå™¨ä¸­å¿ƒ40cmå¤„ä¸ºè„æ±¡ç‚¹
                                                                  ^
In file included from /usr/local/include/opencv2/core.hpp:58:0,
                 from /usr/local/include/opencv2/core/core.hpp:48,
                 from /root/workspace/workspace/rubby-slam-debug-3566/parker_vislam_source/include/System.h:29,
                 from /root/workspace/workspace/rubby-slam-debug-3566/parker_vislam_source/src/System.cc:21:
/usr/local/include/opencv2/core/types.hpp:1590:14: note: candidate: template<class _Tp> cv::Point3_<_Tp> cv::operator*(const cv::Point3_<_Tp>&, float)
 Point3_<_Tp> operator * (const Point3_<_Tp>& a, float b)
              ^~~~~~~~
/usr/local/include/opencv2/core/types.hpp:1590:14: note:   template argument deduction/substitution failed:
/root/workspace/workspace/rubby-slam-debug-3566/parker_vislam_source/src/System.cc:1381:66: note:   â€˜gtsam::Pose3â€™ is not derived from â€˜const cv::Point3_<_Tp>â€™
                     Eigen::Vector3d pt = Two * pointInBodyFrame[i]; // æœºå™¨ä¸­å¿ƒ40cmå¤„ä¸ºè„æ±¡ç‚¹
                                                                  ^
In file included from /usr/local/include/opencv2/core.hpp:58:0,
                 from /usr/local/include/opencv2/core/core.hpp:48,
                 from /root/workspace/workspace/rubby-slam-debug-3566/parker_vislam_source/include/System.h:29,
                 from /root/workspace/workspace/rubby-slam-debug-3566/parker_vislam_source/src/System.cc:21:
/usr/local/include/opencv2/core/types.hpp:1584:14: note: candidate: template<class _Tp> cv::Point3_<_Tp> cv::operator*(int, const cv::Point3_<_Tp>&)
 Point3_<_Tp> operator * (int a, const Point3_<_Tp>& b)
              ^~~~~~~~
/usr/local/include/opencv2/core/types.hpp:1584:14: note:   template argument deduction/substitution failed:
/root/workspace/workspace/rubby-slam-debug-3566/parker_vislam_source/src/System.cc:1381:66: note:   mismatched types â€˜const cv::Point3_<_Tp>â€™ and â€˜Eigen::DenseCoeffsBase<Eigen::Matrix<double, 3, 1>, 1>::Scalar {aka double}â€™
                     Eigen::Vector3d pt = Two * pointInBodyFrame[i]; // æœºå™¨ä¸­å¿ƒ40cmå¤„ä¸ºè„æ±¡ç‚¹
                                                                  ^
In file included from /usr/local/include/opencv2/core.hpp:58:0,
                 from /usr/local/include/opencv2/core/core.hpp:48,
                 from /root/workspace/workspace/rubby-slam-debug-3566/parker_vislam_source/include/System.h:29,
                 from /root/workspace/workspace/rubby-slam-debug-3566/parker_vislam_source/src/System.cc:21:
/usr/local/include/opencv2/core/types.hpp:1578:14: note: candidate: template<class _Tp> cv::Point3_<_Tp> cv::operator*(const cv::Point3_<_Tp>&, int)
 Point3_<_Tp> operator * (const Point3_<_Tp>& a, int b)
              ^~~~~~~~
/usr/local/include/opencv2/core/types.hpp:1578:14: note:   template argument deduction/substitution failed:
/root/workspace/workspace/rubby-slam-debug-3566/parker_vislam_source/src/System.cc:1381:66: note:   â€˜gtsam::Pose3â€™ is not derived from â€˜const cv::Point3_<_Tp>â€™
                     Eigen::Vector3d pt = Two * pointInBodyFrame[i]; // æœºå™¨ä¸­å¿ƒ40cmå¤„ä¸ºè„æ±¡ç‚¹
                                                                  ^
In file included from /usr/local/include/opencv2/core.hpp:58:0,
                 from /usr/local/include/opencv2/core/core.hpp:48,
                 from /root/workspace/workspace/rubby-slam-debug-3566/parker_vislam_source/include/System.h:29,
                 from /root/workspace/workspace/rubby-slam-debug-3566/parker_vislam_source/src/System.cc:21:
/usr/local/include/opencv2/core/types.hpp:1355:14: note: candidate: template<class _Tp> cv::Point3_<_Tp> cv::operator*(const cv::Matx<_Tp, 3, 3>&, const cv::Point_<_Tp>&)
 Point3_<_Tp> operator * (const Matx<_Tp, 3, 3>& a, const Point_<_Tp>& b)
              ^~~~~~~~
/usr/local/include/opencv2/core/types.hpp:1355:14: note:   template argument deduction/substitution failed:
/root/workspace/workspace/rubby-slam-debug-3566/parker_vislam_source/src/System.cc:1381:66: note:   â€˜gtsam::Pose3â€™ is not derived from â€˜const cv::Matx<_Tp, 3, 3>â€™
                     Eigen::Vector3d pt = Two * pointInBodyFrame[i]; // æœºå™¨ä¸­å¿ƒ40cmå¤„ä¸ºè„æ±¡ç‚¹
                                                                  ^
In file included from /usr/local/include/opencv2/core.hpp:58:0,
                 from /usr/local/include/opencv2/core/core.hpp:48,
                 from /root/workspace/workspace/rubby-slam-debug-3566/parker_vislam_source/include/System.h:29,
                 from /root/workspace/workspace/rubby-slam-debug-3566/parker_vislam_source/src/System.cc:21:
/usr/local/include/opencv2/core/types.hpp:1348:13: note: candidate: template<class _Tp> cv::Point_<_Tp> cv::operator*(const cv::Matx<_Tp, 2, 2>&, const cv::Point_<_Tp>&)
 Point_<_Tp> operator * (const Matx<_Tp, 2, 2>& a, const Point_<_Tp>& b)
             ^~~~~~~~
/usr/local/include/opencv2/core/types.hpp:1348:13: note:   template argument deduction/substitution failed:
/root/workspace/workspace/rubby-slam-debug-3566/parker_vislam_source/src/System.cc:1381:66: note:   â€˜gtsam::Pose3â€™ is not derived from â€˜const cv::Matx<_Tp, 2, 2>â€™
                     Eigen::Vector3d pt = Two * pointInBodyFrame[i]; // æœºå™¨ä¸­å¿ƒ40cmå¤„ä¸ºè„æ±¡ç‚¹
                                                                  ^
In file included from /usr/local/include/opencv2/core.hpp:58:0,
                 from /usr/local/include/opencv2/core/core.hpp:48,
                 from /root/workspace/workspace/rubby-slam-debug-3566/parker_vislam_source/include/System.h:29,
                 from /root/workspace/workspace/rubby-slam-debug-3566/parker_vislam_source/src/System.cc:21:
/usr/local/include/opencv2/core/types.hpp:1342:13: note: candidate: template<class _Tp> cv::Point_<_Tp> cv::operator*(double, const cv::Point_<_Tp>&)
 Point_<_Tp> operator * (double a, const Point_<_Tp>& b)
             ^~~~~~~~
/usr/local/include/opencv2/core/types.hpp:1342:13: note:   template argument deduction/substitution failed:
/root/workspace/workspace/rubby-slam-debug-3566/parker_vislam_source/src/System.cc:1381:66: note:   mismatched types â€˜const cv::Point_<_Tp>â€™ and â€˜Eigen::DenseCoeffsBase<Eigen::Matrix<double, 3, 1>, 1>::Scalar {aka double}â€™
                     Eigen::Vector3d pt = Two * pointInBodyFrame[i]; // æœºå™¨ä¸­å¿ƒ40cmå¤„ä¸ºè„æ±¡ç‚¹
                                                                  ^
In file included from /usr/local/include/opencv2/core.hpp:58:0,
                 from /usr/local/include/opencv2/core/core.hpp:48,
                 from /root/workspace/workspace/rubby-slam-debug-3566/parker_vislam_source/include/System.h:29,
                 from /root/workspace/workspace/rubby-slam-debug-3566/parker_vislam_source/src/System.cc:21:
/usr/local/include/opencv2/core/types.hpp:1336:13: note: candidate: template<class _Tp> cv::Point_<_Tp> cv::operator*(const cv::Point_<_Tp>&, double)
 Point_<_Tp> operator * (const Point_<_Tp>& a, double b)
             ^~~~~~~~
/usr/local/include/opencv2/core/types.hpp:1336:13: note:   template argument deduction/substitution failed:
/root/workspace/workspace/rubby-slam-debug-3566/parker_vislam_source/src/System.cc:1381:66: note:   â€˜gtsam::Pose3â€™ is not derived from â€˜const cv::Point_<_Tp>â€™
                     Eigen::Vector3d pt = Two * pointInBodyFrame[i]; // æœºå™¨ä¸­å¿ƒ40cmå¤„ä¸ºè„æ±¡ç‚¹
                                                                  ^
In file included from /usr/local/include/opencv2/core.hpp:58:0,
                 from /usr/local/include/opencv2/core/core.hpp:48,
                 from /root/workspace/workspace/rubby-slam-debug-3566/parker_vislam_source/include/System.h:29,
                 from /root/workspace/workspace/rubby-slam-debug-3566/parker_vislam_source/src/System.cc:21:
/usr/local/include/opencv2/core/types.hpp:1330:13: note: candidate: template<class _Tp> cv::Point_<_Tp> cv::operator*(float, const cv::Point_<_Tp>&)
 Point_<_Tp> operator * (float a, const Point_<_Tp>& b)
             ^~~~~~~~
/usr/local/include/opencv2/core/types.hpp:1330:13: note:   template argument deduction/substitution failed:
/root/workspace/workspace/rubby-slam-debug-3566/parker_vislam_source/src/System.cc:1381:66: note:   mismatched types â€˜const cv::Point_<_Tp>â€™ and â€˜Eigen::DenseCoeffsBase<Eigen::Matrix<double, 3, 1>, 1>::Scalar {aka double}â€™
                     Eigen::Vector3d pt = Two * pointInBodyFrame[i]; // æœºå™¨ä¸­å¿ƒ40cmå¤„ä¸ºè„æ±¡ç‚¹
                                                                  ^
In file included from /usr/local/include/opencv2/core.hpp:58:0,
                 from /usr/local/include/opencv2/core/core.hpp:48,
                 from /root/workspace/workspace/rubby-slam-debug-3566/parker_vislam_source/include/System.h:29,
                 from /root/workspace/workspace/rubby-slam-debug-3566/parker_vislam_source/src/System.cc:21:
/usr/local/include/opencv2/core/types.hpp:1324:13: note: candidate: template<class _Tp> cv::Point_<_Tp> cv::operator*(const cv::Point_<_Tp>&, float)
 Point_<_Tp> operator * (const Point_<_Tp>& a, float b)
             ^~~~~~~~
/usr/local/include/opencv2/core/types.hpp:1324:13: note:   template argument deduction/substitution failed:
/root/workspace/workspace/rubby-slam-debug-3566/parker_vislam_source/src/System.cc:1381:66: note:   â€˜gtsam::Pose3â€™ is not derived from â€˜const cv::Point_<_Tp>â€™
                     Eigen::Vector3d pt = Two * pointInBodyFrame[i]; // æœºå™¨ä¸­å¿ƒ40cmå¤„ä¸ºè„æ±¡ç‚¹
                                                                  ^
In file included from /usr/local/include/opencv2/core.hpp:58:0,
                 from /usr/local/include/opencv2/core/core.hpp:48,
                 from /root/workspace/workspace/rubby-slam-debug-3566/parker_vislam_source/include/System.h:29,
                 from /root/workspace/workspace/rubby-slam-debug-3566/parker_vislam_source/src/System.cc:21:
/usr/local/include/opencv2/core/types.hpp:1318:13: note: candidate: template<class _Tp> cv::Point_<_Tp> cv::operator*(int, const cv::Point_<_Tp>&)
 Point_<_Tp> operator * (int a, const Point_<_Tp>& b)
             ^~~~~~~~
/usr/local/include/opencv2/core/types.hpp:1318:13: note:   template argument deduction/substitution failed:
/root/workspace/workspace/rubby-slam-debug-3566/parker_vislam_source/src/System.cc:1381:66: note:   mismatched types â€˜const cv::Point_<_Tp>â€™ and â€˜Eigen::DenseCoeffsBase<Eigen::Matrix<double, 3, 1>, 1>::Scalar {aka double}â€™
                     Eigen::Vector3d pt = Two * pointInBodyFrame[i]; // æœºå™¨ä¸­å¿ƒ40cmå¤„ä¸ºè„æ±¡ç‚¹
                                                                  ^
In file included from /usr/local/include/opencv2/core.hpp:58:0,
                 from /usr/local/include/opencv2/core/core.hpp:48,
                 from /root/workspace/workspace/rubby-slam-debug-3566/parker_vislam_source/include/System.h:29,
                 from /root/workspace/workspace/rubby-slam-debug-3566/parker_vislam_source/src/System.cc:21:
/usr/local/include/opencv2/core/types.hpp:1312:13: note: candidate: template<class _Tp> cv::Point_<_Tp> cv::operator*(const cv::Point_<_Tp>&, int)
 Point_<_Tp> operator * (const Point_<_Tp>& a, int b)
             ^~~~~~~~
/usr/local/include/opencv2/core/types.hpp:1312:13: note:   template argument deduction/substitution failed:
/root/workspace/workspace/rubby-slam-debug-3566/parker_vislam_source/src/System.cc:1381:66: note:   â€˜gtsam::Pose3â€™ is not derived from â€˜const cv::Point_<_Tp>â€™
                     Eigen::Vector3d pt = Two * pointInBodyFrame[i]; // æœºå™¨ä¸­å¿ƒ40cmå¤„ä¸ºè„æ±¡ç‚¹
                                                                  ^
In file included from /usr/local/include/opencv2/core.hpp:58:0,
                 from /usr/local/include/opencv2/core/core.hpp:48,
                 from /root/workspace/workspace/rubby-slam-debug-3566/parker_vislam_source/include/System.h:29,
                 from /root/workspace/workspace/rubby-slam-debug-3566/parker_vislam_source/src/System.cc:21:
/usr/local/include/opencv2/core/types.hpp:1057:14: note: candidate: template<class _Tp> cv::Complex<_Tp> cv::operator*(_Tp, const cv::Complex<_Tp>&)
 Complex<_Tp> operator * (_Tp b, const Complex<_Tp>& a)
              ^~~~~~~~
/usr/local/include/opencv2/core/types.hpp:1057:14: note:   template argument deduction/substitution failed:
/root/workspace/workspace/rubby-slam-debug-3566/parker_vislam_source/src/System.cc:1381:66: note:   mismatched types â€˜const cv::Complex<_Tp>â€™ and â€˜Eigen::DenseCoeffsBase<Eigen::Matrix<double, 3, 1>, 1>::Scalar {aka double}â€™
                     Eigen::Vector3d pt = Two * pointInBodyFrame[i]; // æœºå™¨ä¸­å¿ƒ40cmå¤„ä¸ºè„æ±¡ç‚¹
                                                                  ^
In file included from /usr/local/include/opencv2/core.hpp:58:0,
                 from /usr/local/include/opencv2/core/core.hpp:48,
                 from /root/workspace/workspace/rubby-slam-debug-3566/parker_vislam_source/include/System.h:29,
                 from /root/workspace/workspace/rubby-slam-debug-3566/parker_vislam_source/src/System.cc:21:
/usr/local/include/opencv2/core/types.hpp:1051:14: note: candidate: template<class _Tp> cv::Complex<_Tp> cv::operator*(const cv::Complex<_Tp>&, _Tp)
 Complex<_Tp> operator * (const Complex<_Tp>& a, _Tp b)
              ^~~~~~~~
/usr/local/include/opencv2/core/types.hpp:1051:14: note:   template argument deduction/substitution failed:
/root/workspace/workspace/rubby-slam-debug-3566/parker_vislam_source/src/System.cc:1381:66: note:   â€˜gtsam::Pose3â€™ is not derived from â€˜const cv::Complex<_Tp>â€™
                     Eigen::Vector3d pt = Two * pointInBodyFrame[i]; // æœºå™¨ä¸­å¿ƒ40cmå¤„ä¸ºè„æ±¡ç‚¹
                                                                  ^
In file included from /usr/local/include/opencv2/core.hpp:58:0,
                 from /usr/local/include/opencv2/core/core.hpp:48,
                 from /root/workspace/workspace/rubby-slam-debug-3566/parker_vislam_source/include/System.h:29,
                 from /root/workspace/workspace/rubby-slam-debug-3566/parker_vislam_source/src/System.cc:21:
/usr/local/include/opencv2/core/types.hpp:1045:14: note: candidate: template<class _Tp> cv::Complex<_Tp> cv::operator*(const cv::Complex<_Tp>&, const cv::Complex<_Tp>&)
 Complex<_Tp> operator * (const Complex<_Tp>& a, const Complex<_Tp>& b)
              ^~~~~~~~
/usr/local/include/opencv2/core/types.hpp:1045:14: note:   template argument deduction/substitution failed:
/root/workspace/workspace/rubby-slam-debug-3566/parker_vislam_source/src/System.cc:1381:66: note:   â€˜gtsam::Pose3â€™ is not derived from â€˜const cv::Complex<_Tp>â€™
                     Eigen::Vector3d pt = Two * pointInBodyFrame[i]; // æœºå™¨ä¸­å¿ƒ40cmå¤„ä¸ºè„æ±¡ç‚¹
                                                                  ^
In file included from /usr/local/include/opencv2/core.hpp:57:0,
                 from /usr/local/include/opencv2/core/core.hpp:48,
                 from /root/workspace/workspace/rubby-slam-debug-3566/parker_vislam_source/include/System.h:29,
                 from /root/workspace/workspace/rubby-slam-debug-3566/parker_vislam_source/src/System.cc:21:
/usr/local/include/opencv2/core/matx.hpp:1459:43: note: candidate: template<class _Tp> cv::Vec<_Tp, 4> cv::operator*(const cv::Vec<_Tp, 4>&, const cv::Vec<_Tp, 4>&)
 template<typename _Tp> inline Vec<_Tp, 4> operator * (const Vec<_Tp, 4>& v1, const Vec<_Tp, 4>& v2)
                                           ^~~~~~~~
/usr/local/include/opencv2/core/matx.hpp:1459:43: note:   template argument deduction/substitution failed:
/root/workspace/workspace/rubby-slam-debug-3566/parker_vislam_source/src/System.cc:1381:66: note:   â€˜gtsam::Pose3â€™ is not derived from â€˜const cv::Vec<_Tp, 4>â€™
                     Eigen::Vector3d pt = Two * pointInBodyFrame[i]; // æœºå™¨ä¸­å¿ƒ40cmå¤„ä¸ºè„æ±¡ç‚¹
                                                                  ^
In file included from /usr/local/include/opencv2/core.hpp:57:0,
                 from /usr/local/include/opencv2/core/core.hpp:48,
                 from /root/workspace/workspace/rubby-slam-debug-3566/parker_vislam_source/include/System.h:29,
                 from /root/workspace/workspace/rubby-slam-debug-3566/parker_vislam_source/src/System.cc:21:
/usr/local/include/opencv2/core/matx.hpp:1428:14: note: candidate: template<class _Tp, int cn> cv::Vec<_Tp, m> cv::operator*(double, const cv::Vec<_Tp, m>&)
 Vec<_Tp, cn> operator * (double alpha, const Vec<_Tp, cn>& a)
              ^~~~~~~~
/usr/local/include/opencv2/core/matx.hpp:1428:14: note:   template argument deduction/substitution failed:
/root/workspace/workspace/rubby-slam-debug-3566/parker_vislam_source/src/System.cc:1381:66: note:   mismatched types â€˜const cv::Vec<_Tp, m>â€™ and â€˜Eigen::DenseCoeffsBase<Eigen::Matrix<double, 3, 1>, 1>::Scalar {aka double}â€™
                     Eigen::Vector3d pt = Two * pointInBodyFrame[i]; // æœºå™¨ä¸­å¿ƒ40cmå¤„ä¸ºè„æ±¡ç‚¹
                                                                  ^
In file included from /usr/local/include/opencv2/core.hpp:57:0,
                 from /usr/local/include/opencv2/core/core.hpp:48,
                 from /root/workspace/workspace/rubby-slam-debug-3566/parker_vislam_source/include/System.h:29,
                 from /root/workspace/workspace/rubby-slam-debug-3566/parker_vislam_source/src/System.cc:21:
/usr/local/include/opencv2/core/matx.hpp:1422:14: note: candidate: template<class _Tp, int cn> cv::Vec<_Tp, m> cv::operator*(const cv::Vec<_Tp, m>&, double)
 Vec<_Tp, cn> operator * (const Vec<_Tp, cn>& a, double alpha)
              ^~~~~~~~
/usr/local/include/opencv2/core/matx.hpp:1422:14: note:   template argument deduction/substitution failed:
/root/workspace/workspace/rubby-slam-debug-3566/parker_vislam_source/src/System.cc:1381:66: note:   â€˜gtsam::Pose3â€™ is not derived from â€˜const cv::Vec<_Tp, m>â€™
                     Eigen::Vector3d pt = Two * pointInBodyFrame[i]; // æœºå™¨ä¸­å¿ƒ40cmå¤„ä¸ºè„æ±¡ç‚¹
                                                                  ^
In file included from /usr/local/include/opencv2/core.hpp:57:0,
                 from /usr/local/include/opencv2/core/core.hpp:48,
                 from /root/workspace/workspace/rubby-slam-debug-3566/parker_vislam_source/include/System.h:29,
                 from /root/workspace/workspace/rubby-slam-debug-3566/parker_vislam_source/src/System.cc:21:
/usr/local/include/opencv2/core/matx.hpp:1416:14: note: candidate: template<class _Tp, int cn> cv::Vec<_Tp, m> cv::operator*(float, const cv::Vec<_Tp, m>&)
 Vec<_Tp, cn> operator * (float alpha, const Vec<_Tp, cn>& a)
              ^~~~~~~~
/usr/local/include/opencv2/core/matx.hpp:1416:14: note:   template argument deduction/substitution failed:
/root/workspace/workspace/rubby-slam-debug-3566/parker_vislam_source/src/System.cc:1381:66: note:   mismatched types â€˜const cv::Vec<_Tp, m>â€™ and â€˜Eigen::DenseCoeffsBase<Eigen::Matrix<double, 3, 1>, 1>::Scalar {aka double}â€™
                     Eigen::Vector3d pt = Two * pointInBodyFrame[i]; // æœºå™¨ä¸­å¿ƒ40cmå¤„ä¸ºè„æ±¡ç‚¹
                                                                  ^
In file included from /usr/local/include/opencv2/core.hpp:57:0,
                 from /usr/local/include/opencv2/core/core.hpp:48,
                 from /root/workspace/workspace/rubby-slam-debug-3566/parker_vislam_source/include/System.h:29,
                 from /root/workspace/workspace/rubby-slam-debug-3566/parker_vislam_source/src/System.cc:21:
/usr/local/include/opencv2/core/matx.hpp:1410:14: note: candidate: template<class _Tp, int cn> cv::Vec<_Tp, m> cv::operator*(const cv::Vec<_Tp, m>&, float)
 Vec<_Tp, cn> operator * (const Vec<_Tp, cn>& a, float alpha)
              ^~~~~~~~
/usr/local/include/opencv2/core/matx.hpp:1410:14: note:   template argument deduction/substitution failed:
/root/workspace/workspace/rubby-slam-debug-3566/parker_vislam_source/src/System.cc:1381:66: note:   â€˜gtsam::Pose3â€™ is not derived from â€˜const cv::Vec<_Tp, m>â€™
                     Eigen::Vector3d pt = Two * pointInBodyFrame[i]; // æœºå™¨ä¸­å¿ƒ40cmå¤„ä¸ºè„æ±¡ç‚¹
                                                                  ^
In file included from /usr/local/include/opencv2/core.hpp:57:0,
                 from /usr/local/include/opencv2/core/core.hpp:48,
                 from /root/workspace/workspace/rubby-slam-debug-3566/parker_vislam_source/include/System.h:29,
                 from /root/workspace/workspace/rubby-slam-debug-3566/parker_vislam_source/src/System.cc:21:
/usr/local/include/opencv2/core/matx.hpp:1404:14: note: candidate: template<class _Tp, int cn> cv::Vec<_Tp, m> cv::operator*(int, const cv::Vec<_Tp, m>&)
 Vec<_Tp, cn> operator * (int alpha, const Vec<_Tp, cn>& a)
              ^~~~~~~~
/usr/local/include/opencv2/core/matx.hpp:1404:14: note:   template argument deduction/substitution failed:
/root/workspace/workspace/rubby-slam-debug-3566/parker_vislam_source/src/System.cc:1381:66: note:   mismatched types â€˜const cv::Vec<_Tp, m>â€™ and â€˜Eigen::DenseCoeffsBase<Eigen::Matrix<double, 3, 1>, 1>::Scalar {aka double}â€™
                     Eigen::Vector3d pt = Two * pointInBodyFrame[i]; // æœºå™¨ä¸­å¿ƒ40cmå¤„ä¸ºè„æ±¡ç‚¹
                                                                  ^
In file included from /usr/local/include/opencv2/core.hpp:57:0,
                 from /usr/local/include/opencv2/core/core.hpp:48,
                 from /root/workspace/workspace/rubby-slam-debug-3566/parker_vislam_source/include/System.h:29,
                 from /root/workspace/workspace/rubby-slam-debug-3566/parker_vislam_source/src/System.cc:21:
/usr/local/include/opencv2/core/matx.hpp:1398:14: note: candidate: template<class _Tp, int cn> cv::Vec<_Tp, m> cv::operator*(const cv::Vec<_Tp, m>&, int)
 Vec<_Tp, cn> operator * (const Vec<_Tp, cn>& a, int alpha)
              ^~~~~~~~
/usr/local/include/opencv2/core/matx.hpp:1398:14: note:   template argument deduction/substitution failed:
/root/workspace/workspace/rubby-slam-debug-3566/parker_vislam_source/src/System.cc:1381:66: note:   â€˜gtsam::Pose3â€™ is not derived from â€˜const cv::Vec<_Tp, m>â€™
                     Eigen::Vector3d pt = Two * pointInBodyFrame[i]; // æœºå™¨ä¸­å¿ƒ40cmå¤„ä¸ºè„æ±¡ç‚¹
                                                                  ^
In file included from /usr/local/include/opencv2/core.hpp:57:0,
                 from /usr/local/include/opencv2/core/core.hpp:48,
                 from /root/workspace/workspace/rubby-slam-debug-3566/parker_vislam_source/include/System.h:29,
                 from /root/workspace/workspace/rubby-slam-debug-3566/parker_vislam_source/src/System.cc:21:
/usr/local/include/opencv2/core/matx.hpp:1291:13: note: candidate: template<class _Tp, int m, int n> cv::Vec<_Tp, m> cv::operator*(const cv::Matx<_Tp, m, n>&, const cv::Vec<_Tp, n>&)
 Vec<_Tp, m> operator * (const Matx<_Tp, m, n>& a, const Vec<_Tp, n>& b)
             ^~~~~~~~
/usr/local/include/opencv2/core/matx.hpp:1291:13: note:   template argument deduction/substitution failed:
/root/workspace/workspace/rubby-slam-debug-3566/parker_vislam_source/src/System.cc:1381:66: note:   â€˜gtsam::Pose3â€™ is not derived from â€˜const cv::Matx<_Tp, m, n>â€™
                     Eigen::Vector3d pt = Two * pointInBodyFrame[i]; // æœºå™¨ä¸­å¿ƒ40cmå¤„ä¸ºè„æ±¡ç‚¹
                                                                  ^
In file included from /usr/local/include/opencv2/core.hpp:57:0,
                 from /usr/local/include/opencv2/core/core.hpp:48,
                 from /root/workspace/workspace/rubby-slam-debug-3566/parker_vislam_source/include/System.h:29,
                 from /root/workspace/workspace/rubby-slam-debug-3566/parker_vislam_source/src/System.cc:21:
/usr/local/include/opencv2/core/matx.hpp:1285:17: note: candidate: template<class _Tp, int m, int n, int l> cv::Matx<_Tp, m, n> cv::operator*(const cv::Matx<_Tp, m, l>&, const cv::Matx<_Tp, l, n>&)
 Matx<_Tp, m, n> operator * (const Matx<_Tp, m, l>& a, const Matx<_Tp, l, n>& b)
                 ^~~~~~~~
/usr/local/include/opencv2/core/matx.hpp:1285:17: note:   template argument deduction/substitution failed:
/root/workspace/workspace/rubby-slam-debug-3566/parker_vislam_source/src/System.cc:1381:66: note:   â€˜gtsam::Pose3â€™ is not derived from â€˜const cv::Matx<_Tp, m, l>â€™
                     Eigen::Vector3d pt = Two * pointInBodyFrame[i]; // æœºå™¨ä¸­å¿ƒ40cmå¤„ä¸ºè„æ±¡ç‚¹
                                                                  ^
In file included from /usr/local/include/opencv2/core.hpp:57:0,
                 from /usr/local/include/opencv2/core/core.hpp:48,
                 from /root/workspace/workspace/rubby-slam-debug-3566/parker_vislam_source/include/System.h:29,
                 from /root/workspace/workspace/rubby-slam-debug-3566/parker_vislam_source/src/System.cc:21:
/usr/local/include/opencv2/core/matx.hpp:1273:17: note: candidate: template<class _Tp, int m, int n> cv::Matx<_Tp, m, n> cv::operator*(double, const cv::Matx<_Tp, m, n>&)
 Matx<_Tp, m, n> operator * (double alpha, const Matx<_Tp, m, n>& a)
                 ^~~~~~~~
/usr/local/include/opencv2/core/matx.hpp:1273:17: note:   template argument deduction/substitution failed:
/root/workspace/workspace/rubby-slam-debug-3566/parker_vislam_source/src/System.cc:1381:66: note:   mismatched types â€˜const cv::Matx<_Tp, m, n>â€™ and â€˜Eigen::DenseCoeffsBase<Eigen::Matrix<double, 3, 1>, 1>::Scalar {aka double}â€™
                     Eigen::Vector3d pt = Two * pointInBodyFrame[i]; // æœºå™¨ä¸­å¿ƒ40cmå¤„ä¸ºè„æ±¡ç‚¹
                                                                  ^
In file included from /usr/local/include/opencv2/core.hpp:57:0,
                 from /usr/local/include/opencv2/core/core.hpp:48,
                 from /root/workspace/workspace/rubby-slam-debug-3566/parker_vislam_source/include/System.h:29,
                 from /root/workspace/workspace/rubby-slam-debug-3566/parker_vislam_source/src/System.cc:21:
/usr/local/include/opencv2/core/matx.hpp:1267:17: note: candidate: template<class _Tp, int m, int n> cv::Matx<_Tp, m, n> cv::operator*(float, const cv::Matx<_Tp, m, n>&)
 Matx<_Tp, m, n> operator * (float alpha, const Matx<_Tp, m, n>& a)
                 ^~~~~~~~
/usr/local/include/opencv2/core/matx.hpp:1267:17: note:   template argument deduction/substitution failed:
/root/workspace/workspace/rubby-slam-debug-3566/parker_vislam_source/src/System.cc:1381:66: note:   mismatched types â€˜const cv::Matx<_Tp, m, n>â€™ and â€˜Eigen::DenseCoeffsBase<Eigen::Matrix<double, 3, 1>, 1>::Scalar {aka double}â€™
                     Eigen::Vector3d pt = Two * pointInBodyFrame[i]; // æœºå™¨ä¸­å¿ƒ40cmå¤„ä¸ºè„æ±¡ç‚¹
                                                                  ^
In file included from /usr/local/include/opencv2/core.hpp:57:0,
                 from /usr/local/include/opencv2/core/core.hpp:48,
                 from /root/workspace/workspace/rubby-slam-debug-3566/parker_vislam_source/include/System.h:29,
                 from /root/workspace/workspace/rubby-slam-debug-3566/parker_vislam_source/src/System.cc:21:
/usr/local/include/opencv2/core/matx.hpp:1261:17: note: candidate: template<class _Tp, int m, int n> cv::Matx<_Tp, m, n> cv::operator*(int, const cv::Matx<_Tp, m, n>&)
 Matx<_Tp, m, n> operator * (int alpha, const Matx<_Tp, m, n>& a)
                 ^~~~~~~~
/usr/local/include/opencv2/core/matx.hpp:1261:17: note:   template argument deduction/substitution failed:
/root/workspace/workspace/rubby-slam-debug-3566/parker_vislam_source/src/System.cc:1381:66: note:   mismatched types â€˜const cv::Matx<_Tp, m, n>â€™ and â€˜Eigen::DenseCoeffsBase<Eigen::Matrix<double, 3, 1>, 1>::Scalar {aka double}â€™
                     Eigen::Vector3d pt = Two * pointInBodyFrame[i]; // æœºå™¨ä¸­å¿ƒ40cmå¤„ä¸ºè„æ±¡ç‚¹
                                                                  ^
In file included from /usr/local/include/opencv2/core.hpp:57:0,
                 from /usr/local/include/opencv2/core/core.hpp:48,
                 from /root/workspace/workspace/rubby-slam-debug-3566/parker_vislam_source/include/System.h:29,
                 from /root/workspace/workspace/rubby-slam-debug-3566/parker_vislam_source/src/System.cc:21:
/usr/local/include/opencv2/core/matx.hpp:1255:17: note: candidate: template<class _Tp, int m, int n> cv::Matx<_Tp, m, n> cv::operator*(const cv::Matx<_Tp, m, n>&, double)
 Matx<_Tp, m, n> operator * (const Matx<_Tp, m, n>& a, double alpha)
                 ^~~~~~~~
/usr/local/include/opencv2/core/matx.hpp:1255:17: note:   template argument deduction/substitution failed:
/root/workspace/workspace/rubby-slam-debug-3566/parker_vislam_source/src/System.cc:1381:66: note:   â€˜gtsam::Pose3â€™ is not derived from â€˜const cv::Matx<_Tp, m, n>â€™
                     Eigen::Vector3d pt = Two * pointInBodyFrame[i]; // æœºå™¨ä¸­å¿ƒ40cmå¤„ä¸ºè„æ±¡ç‚¹
                                                                  ^
In file included from /usr/local/include/opencv2/core.hpp:57:0,
                 from /usr/local/include/opencv2/core/core.hpp:48,
                 from /root/workspace/workspace/rubby-slam-debug-3566/parker_vislam_source/include/System.h:29,
                 from /root/workspace/workspace/rubby-slam-debug-3566/parker_vislam_source/src/System.cc:21:
/usr/local/include/opencv2/core/matx.hpp:1249:17: note: candidate: template<class _Tp, int m, int n> cv::Matx<_Tp, m, n> cv::operator*(const cv::Matx<_Tp, m, n>&, float)
 Matx<_Tp, m, n> operator * (const Matx<_Tp, m, n>& a, float alpha)
                 ^~~~~~~~
/usr/local/include/opencv2/core/matx.hpp:1249:17: note:   template argument deduction/substitution failed:
/root/workspace/workspace/rubby-slam-debug-3566/parker_vislam_source/src/System.cc:1381:66: note:   â€˜gtsam::Pose3â€™ is not derived from â€˜const cv::Matx<_Tp, m, n>â€™
                     Eigen::Vector3d pt = Two * pointInBodyFrame[i]; // æœºå™¨ä¸­å¿ƒ40cmå¤„ä¸ºè„æ±¡ç‚¹
                                                                  ^
In file included from /usr/local/include/opencv2/core.hpp:57:0,
                 from /usr/local/include/opencv2/core/core.hpp:48,
                 from /root/workspace/workspace/rubby-slam-debug-3566/parker_vislam_source/include/System.h:29,
                 from /root/workspace/workspace/rubby-slam-debug-3566/parker_vislam_source/src/System.cc:21:
/usr/local/include/opencv2/core/matx.hpp:1243:17: note: candidate: template<class _Tp, int m, int n> cv::Matx<_Tp, m, n> cv::operator*(const cv::Matx<_Tp, m, n>&, int)
 Matx<_Tp, m, n> operator * (const Matx<_Tp, m, n>& a, int alpha)
                 ^~~~~~~~
/usr/local/include/opencv2/core/matx.hpp:1243:17: note:   template argument deduction/substitution failed:
/root/workspace/workspace/rubby-slam-debug-3566/parker_vislam_source/src/System.cc:1381:66: note:   â€˜gtsam::Pose3â€™ is not derived from â€˜const cv::Matx<_Tp, m, n>â€™
                     Eigen::Vector3d pt = Two * pointInBodyFrame[i]; // æœºå™¨ä¸­å¿ƒ40cmå¤„ä¸ºè„æ±¡ç‚¹
                                                                  ^
In file included from /root/workspace/workspace/rubby-slam-debug-3566/parker_vislam_source/Thirdparty/gtsam/lib/include/gtsam/geometry/Unit3.h:23:0,
                 from /root/workspace/workspace/rubby-slam-debug-3566/parker_vislam_source/Thirdparty/gtsam/lib/include/gtsam/geometry/Rot3.h:26,
                 from /root/workspace/workspace/rubby-slam-debug-3566/parker_vislam_source/Thirdparty/gtsam/lib/include/gtsam/geometry/Pose3.h:24,
                 from /root/workspace/workspace/rubby-slam-debug-3566/parker_vislam_source/src/tool/type.h:14,
                 from /root/workspace/workspace/rubby-slam-debug-3566/parker_vislam_source/include/Converter.h:31,
                 from /root/workspace/workspace/rubby-slam-debug-3566/parker_vislam_source/include/Frame.h:33,
                 from /root/workspace/workspace/rubby-slam-debug-3566/parker_vislam_source/include/KeyFrame.h:27,
                 from /root/workspace/workspace/rubby-slam-debug-3566/parker_vislam_source/include/depthfilter.h:5,
                 from /root/workspace/workspace/rubby-slam-debug-3566/parker_vislam_source/include/MapPoint.h:22,
                 from /root/workspace/workspace/rubby-slam-debug-3566/parker_vislam_source/include/FrameDrawer.h:24,
                 from /root/workspace/workspace/rubby-slam-debug-3566/parker_vislam_source/include/Viewer.h:23,
                 from /root/workspace/workspace/rubby-slam-debug-3566/parker_vislam_source/include/Tracking.h:26,
                 from /root/workspace/workspace/rubby-slam-debug-3566/parker_vislam_source/include/System.h:31,
                 from /root/workspace/workspace/rubby-slam-debug-3566/parker_vislam_source/src/System.cc:21:
/root/workspace/workspace/rubby-slam-debug-3566/parker_vislam_source/Thirdparty/gtsam/lib/include/gtsam/geometry/Point2.h:47:15: note: candidate: gtsam::Point2 gtsam::operator*(double, const Point2&)
 inline Point2 operator*(double s, const Point2& p) {
               ^~~~~~~~
/root/workspace/workspace/rubby-slam-debug-3566/parker_vislam_source/Thirdparty/gtsam/lib/include/gtsam/geometry/Point2.h:47:15: note:   no known conversion for argument 1 from â€˜gtsam::Pose3â€™ to â€˜doubleâ€™
Build was aborted
Aborted by [8mha:////4HOQCKO8Bs/HYMEW+FBIw9/cZVzcK/iVQ2ceUdw+95QuAAAAnB+LCAAAAAAAAP9b85aBtbiIQTGjNKU4P08vOT+vOD8nVc83PyU1x6OyILUoJzMv2y+/JJUBAhiZGBgqihhk0NSjKDWzXb3RdlLBUSYGJk8GtpzUvPSSDB8G5tKinBIGIZ+sxLJE/ZzEvHT94JKizLx0a6BxUmjGOUNodHsLgAzmEgYB/dLi1CL95NLMytK8itLEPADJvgzLxQAAAA==[0må´”äº‘è½©
No emails were triggered.
Finished: ABORTED
