Started by user [8mha:////4GZLdJ3zYVtTaCml8iVum++M0lnTj7l+sRg8SaQVn3p2AAAAlR+LCAAAAAAAAP9b85aBtbiIQTGjNKU4P08vOT+vOD8nVc83PyU1x6OyILUoJzMv2y+/JJUBAhiZGBgqihhk0NSjKDWzXb3RdlLBUSYGJk8GtpzUvPSSDB8G5tKinBIGIZ+sxLJE/ZzEvHT94JKizLx0a6BxUmjGOUNodHsLgAy+EgZO/dLi1CL98uJiAKhZb0u+AAAA[0mwangshuaishuai
Running as SYSTEM
Building remotely on [8mha:////4JiinonVqRVUq+0157MFNdoHlSrLzLyDeg8j8rfRwRzcAAAAmx+LCAAAAAAAAP9b85aBtbiIQTGjNKU4P08vOT+vOD8nVc83PyU1x6OyILUoJzMv2y+/JJUBAhiZGBgqihhk0NSjKDWzXb3RdlLBUSYGJk8GtpzUvPSSDB8G5tKinBIGIZ+sxLJE/ZzEvHT94JKizLx0a6BxUmjGOUNodHsLgAzWEgZ+/eT83ILSktQi/WRjUzMzABiYJ1zEAAAA[0mc3566 (car8) in workspace /root/workspace/workspace/gerry-ros-melodic
[WS-CLEANUP] Deleting project workspace...
[WS-CLEANUP] Deferred wipeout is used...
[WS-CLEANUP] Done
[gerry-ros-melodic] $ /bin/sh -xe /tmp/jenkins18203420302261242620.sh
+ bash -ex /root/myscript/build/build.sh
+++ dirname /root/myscript/build/build.sh
++ cd /root/myscript/build
++ pwd
+ project_path=/root/myscript/build
+ . /root/myscript/build/../sh/cmdb
++ set -x
++ export MYSQL_PWD=123
++ MYSQL_PWD=123
++ export -f cmdb_mysql
+ . /root/myscript/build/../sh/version-update.sh
++ . /root/.bashrc
+++ '[' -z '' ']'
+++ return
+ set -ex
+ export -f public_project_update
+ export -f project_build
+ init_project_env
++ date +%Y%m%d
+ DT=20240727
+ UserName=jenkins
+ API_TOKEN=11b65309c9835de9579d9c9038853d9eb7
+ GIT_PRIVATE_TOKEN=emEDrsaJVjxKK5gSWrf-
+ GIT_HOST=192.168.50.191
++ echo wukong/integration/navigation
++ awk -F/ '{print $1"%2F"$2}'
+ CONVERT_TARGET_PROJECT=wukong%2Fintegration
++ curl -XGET -H 'Content-Type: application/json' --header 'PRIVATE-TOKEN: emEDrsaJVjxKK5gSWrf-' http://192.168.50.191:85/api/v4/projects/wukong%2Fintegration
++ python -c 'import sys, json; print(json.load(sys.stdin)["id"])'
  % Total    % Received % Xferd  Average Speed   Time    Time     Time  Current
                                 Dload  Upload   Total   Spent    Left  Speed
  0     0    0     0    0     0      0      0 --:--:-- --:--:-- --:--:--     0100    35  100    35    0     0   1206      0 --:--:-- --:--:-- --:--:--  1250
Traceback (most recent call last):
  File "<string>", line 1, in <module>
KeyError: 'id'
+ SUB_PROJECT_ID=
+ true
+ '[' -z ']'
+ SOURCE_DIR=/root/workspace/workspace/gerry-ros-melodic/TCLNAV
+ TARGET_DIR=/root/workspace/workspace/gerry-ros-melodic/navigation
+ prepare_env
++ uname -m
+ system_platform=aarch64
+ :
++ cat /proc/cpuinfo
++ grep processor
++ uniq
++ sort
++ wc -l
+ mt=-j4
+ export COMMIT_ID_FILE=/root/workspace/workspace/gerry-ros-melodic/_last_build_id
+ COMMIT_ID_FILE=/root/workspace/workspace/gerry-ros-melodic/_last_build_id
+ export COMMIT_MSG_FILE=/root/workspace/workspace/gerry-ros-melodic/_commit-msg
+ COMMIT_MSG_FILE=/root/workspace/workspace/gerry-ros-melodic/_commit-msg
+ export COMMIT_MSG_FILE_TMP=/root/workspace/workspace/gerry-ros-melodic/_commit-msg.tmp
+ COMMIT_MSG_FILE_TMP=/root/workspace/workspace/gerry-ros-melodic/_commit-msg.tmp
+ rm -f /root/workspace/workspace/gerry-ros-melodic/_last_build_id
+ rm -f /root/workspace/workspace/gerry-ros-melodic/_commit-msg
+ rm -f /root/workspace/workspace/gerry-ros-melodic/_commit-msg.tmp
+ rm -f /root/workspace/workspace/gerry-ros-melodic/result.log
+ rm -f /root/workspace/workspace/gerry-ros-melodic/no_code_change.log
+ sign_env
+ CONFIG_DIR_SET=/root/system
+ CONFIG_BRANCH=mind_os
+ CLONE_DEPTH=--depth=1
+ CONFIG_DIR=/root/system/i18rconfig
+ CONFIG_REMOTE='git clone ssh://git@192.168.50.191:222/AroundI18RProject/i18rconfig /root/system/i18rconfig -b mind_os --depth=1'
+ [[ aarch64 =~ x86_64 ]]
+ ENCRYPTION_TOOL=/root/system/i18rconfig/encrypt
+ CLONE_DEPTH=--depth=1
+ PUBLICBASETYPES_DIR=/root/system/I18RPublicBaseTypes
+ cmdb_mysql 'insert into prebuild(job_name,source_project,source_branch,target_project,target_branch,time,build_url,node_name,build_user) values ('\''gerry-ros-melodic'\'','\''guoboyang/TCLNAV'\'','\''compile_ros'\'','\''wukong/integration/navigation'\'','\''ros_melodic'\'',now(),'\''http://192.168.50.191:8088/job/gerry-ros-melodic/15/'\'','\''c3566'\'','\''wss'\'')'
+ set +x
+ DOCKER_CONTAINER_I18=build-x64-18.04
+ DOCKER_CONTAINER_RUBBY=c405
+ DOCKER_CONTAINER_RUBBY_INSIDE=c3566
+ DOCKER_CONTAINER_JAVA=node
+ JENKINS_JOB_A=mind
+ JENKINS_JOB_B=rbn
+ JENKINS_JOB_C=mark-check-tools
+ JENKINS_JOB_D=java
+ JENKINS_JOB_E=clean_recorder
+ JENKINS_JOB_F=i18r
+ JENKINS_JOB_G=nodejs
+ JENKINS_JOB_H=_ui
+ JENKINS_JOB_L=i12r
+ [[ gerry-ros-melodic =~ mind ]]
+ '[' true = false ']'
+ source_project_fetch
+ git clone ssh://git@192.168.50.191:222/guoboyang/TCLNAV -b compile_ros --depth=1
Cloning into 'TCLNAV'...
+ target_project_update
+ rm -rf /root/workspace/workspace/gerry-ros-melodic/navigation
+ target_project_fetch
+ git clone ssh://git@192.168.50.191:222/wukong/integration/navigation -b ros_melodic --depth=1
Cloning into 'navigation'...
+ insert_db
+ pushd /root/workspace/workspace/gerry-ros-melodic/TCLNAV
~/workspace/workspace/gerry-ros-melodic/TCLNAV ~/workspace/workspace/gerry-ros-melodic
++ cmdb_mysql 'SELECT first_commit_id FROM prebuild where source_project='\''guoboyang/TCLNAV'\'' and source_branch='\''compile_ros'\'' and target_project='\''wukong/integration/navigation'\'' and target_branch='\''ros_melodic'\'' and status='\''0'\'' and job_name='\''gerry-ros-melodic'\'' order by id desc limit 1;'
++ set +x
+ version='first_commit_id
98a619d'
++ echo first_commit_id 98a619d
++ awk -F ' ' '{print $2}'
+ version=98a619d
++ git log -1 --pretty=format:%h
+ first_commit_id_now=2a70413
+ cmdb_mysql 'update prebuild set first_commit_id='\''2a70413'\'' where build_url='\''http://192.168.50.191:8088/job/gerry-ros-melodic/15/'\'';'
+ set +x
+ popd
~/workspace/workspace/gerry-ros-melodic
+ [[ aarch64 =~ x86_64 ]]
+ [[ gerry-ros-melodic =~ i18r ]]
+ project_build
+ pushd /root/workspace/workspace/gerry-ros-melodic/TCLNAV
~/workspace/workspace/gerry-ros-melodic/TCLNAV ~/workspace/workspace/gerry-ros-melodic
+ project_init_remote
++ find -type f -name sync_submodules.sh
+ sf=
+ '[' -z ']'
+ git submodule update --init --recursive
+ git submodule update --remote
+ sed -i 's/make -j[0-9].*/make -j4/g' compile_ros.sh
+ '[' -z ']'
+ '[' x2a70413 == x98a619d ']'
+ bash -ex compile_ros.sh
+ InstalldDir=./install
+ InstallbkDir=./installbk
+ InstallLibDir=./install/lib/arm64
+ InstallConfigDir=./install/config
+ '[' -d ./installbk ']'
+ '[-d' -d './install]'
compile_ros.sh: line 10: [-d: command not found
+ catkin_make -DCMAKE_BUILD_TYPE=Release
-- The C compiler identification is GNU 7.5.0
-- The CXX compiler identification is GNU 7.5.0
-- Detecting C compiler ABI info
-- Detecting C compiler ABI info - done
-- Check for working C compiler: /usr/bin/cc - skipped
-- Detecting C compile features
-- Detecting C compile features - done
-- Detecting CXX compiler ABI info
-- Detecting CXX compiler ABI info - done
-- Check for working CXX compiler: /usr/bin/c++ - skipped
-- Detecting CXX compile features
-- Detecting CXX compile features - done
-- Using CATKIN_DEVEL_PREFIX: /root/workspace/workspace/gerry-ros-melodic/TCLNAV/devel
-- Using CMAKE_PREFIX_PATH: /opt/ros/melodic
-- This workspace overlays: /opt/ros/melodic
-- Found PythonInterp: /usr/bin/python2 (found suitable version "2.7.17", minimum required is "2") 
-- Using PYTHON_EXECUTABLE: /usr/bin/python2
-- Using Debian Python package layout
-- Using empy: /usr/bin/empy
-- Using CATKIN_ENABLE_TESTING: ON
-- Call enable_testing()
-- Using CATKIN_TEST_RESULTS_DIR: /root/workspace/workspace/gerry-ros-melodic/TCLNAV/build/test_results
-- Found gtest sources under '/usr/src/googletest': gtests will be built
-- Found gmock sources under '/usr/src/googletest': gmock will be built
CMake Deprecation Warning at /usr/src/googletest/CMakeLists.txt:1 (cmake_minimum_required):
  Compatibility with CMake < 2.8.12 will be removed from a future version of
  CMake.

  Update the VERSION argument <min> value or use a ...<max> suffix to tell
  CMake that the project does not need compatibility with older versions.


CMake Deprecation Warning at /usr/src/googletest/googlemock/CMakeLists.txt:41 (cmake_minimum_required):
  Compatibility with CMake < 2.8.12 will be removed from a future version of
  CMake.

  Update the VERSION argument <min> value or use a ...<max> suffix to tell
  CMake that the project does not need compatibility with older versions.


CMake Deprecation Warning at /usr/src/googletest/googletest/CMakeLists.txt:48 (cmake_minimum_required):
  Compatibility with CMake < 2.8.12 will be removed from a future version of
  CMake.

  Update the VERSION argument <min> value or use a ...<max> suffix to tell
  CMake that the project does not need compatibility with older versions.


-- Found PythonInterp: /usr/bin/python2 (found version "2.7.17") 
-- Looking for pthread.h
-- Looking for pthread.h - found
-- Performing Test CMAKE_HAVE_LIBC_PTHREAD
-- Performing Test CMAKE_HAVE_LIBC_PTHREAD - Failed
-- Looking for pthread_create in pthreads
-- Looking for pthread_create in pthreads - not found
-- Looking for pthread_create in pthread
-- Looking for pthread_create in pthread - found
-- Found Threads: TRUE  
-- Using Python nosetests: /usr/bin/nosetests-2.7
-- catkin 0.7.29
-- BUILD_SHARED_LIBS is on
-- BUILD_SHARED_LIBS is on
-- ~~~~~~~~~~~~~~~~~~~~~~~~~~~~~~~~~~~~~~~~~~~~~~~~~
-- ~~  traversing 1 packages in topological order:
-- ~~  - rubbynav
-- ~~~~~~~~~~~~~~~~~~~~~~~~~~~~~~~~~~~~~~~~~~~~~~~~~
-- +++ processing catkin package: 'rubbynav'
-- ==> add_subdirectory(rubbynav)
-- Found OpenCV: /usr/local (found version "3.4.3") 
-- Found Boost: /usr/include (found version "1.65.1") found components: system thread serialization chrono date_time atomic 
-- Using these message generators: gencpp;geneus;genlisp;gennodejs;genpy
-- Configuring done
-- Generating done
-- Build files have been written to: /root/workspace/workspace/gerry-ros-melodic/TCLNAV/build
[  1%] Building CXX object rubbynav/CMakeFiles/nav_plugin.dir/module/common/DebugWithoutRos/DebugWithoutRos.cpp.o
[  2%] Building CXX object rubbynav/CMakeFiles/nav_plugin.dir/module/common/DebugWithoutRos/UdpServer/UdpServer.cpp.o
[  3%] Building CXX object rubbynav/CMakeFiles/nav_plugin.dir/module/common/DebugWithoutRos/debugDataProcess/MsgProcess.cpp.o
[  5%] Building CXX object rubbynav/CMakeFiles/nav_plugin.dir/module/common/Log/Log.cpp.o
[  6%] Building CXX object rubbynav/CMakeFiles/nav_plugin.dir/module/common/Map/Map.cpp.o
[  7%] Building CXX object rubbynav/CMakeFiles/nav_plugin.dir/module/common/Operation/Operation.cpp.o
[  8%] Building CXX object rubbynav/CMakeFiles/nav_plugin.dir/module/common/Operation/pedoperation.cpp.o
[ 10%] Building CXX object rubbynav/CMakeFiles/nav_plugin.dir/module/common/commonSDK/CommonSdk.cpp.o
[ 11%] Building CXX object rubbynav/CMakeFiles/nav_plugin.dir/module/hsm/src/hsmBuildMap.cpp.o
[ 12%] Building CXX object rubbynav/CMakeFiles/nav_plugin.dir/module/hsm/src/hsmCT.cpp.o
[ 13%] Building CXX object rubbynav/CMakeFiles/nav_plugin.dir/module/hsm/src/hsmEnterStation.cpp.o
[ 15%] Building CXX object rubbynav/CMakeFiles/nav_plugin.dir/module/hsm/src/hsmFindPedestrian.cpp.o
[ 16%] Building CXX object rubbynav/CMakeFiles/nav_plugin.dir/module/hsm/src/hsmManualControl.cpp.o
[ 17%] Building CXX object rubbynav/CMakeFiles/nav_plugin.dir/module/hsm/src/hsmNoWork.cpp.o
[ 18%] Building CXX object rubbynav/CMakeFiles/nav_plugin.dir/module/hsm/src/hsmP2P.cpp.o
[ 20%] Building CXX object rubbynav/CMakeFiles/nav_plugin.dir/module/hsm/src/hsmPartSearch.cpp.o
[ 21%] Building CXX object rubbynav/CMakeFiles/nav_plugin.dir/module/hsm/src/hsmRecharge.cpp.o
[ 22%] Building CXX object rubbynav/CMakeFiles/nav_plugin.dir/module/hsm/src/hsmRecovery.cpp.o
[ 23%] Building CXX object rubbynav/CMakeFiles/nav_plugin.dir/module/hsm/src/hsmToSemanticTarget.cpp.o
Build was aborted
Aborted by [8mha:////4G3KmOFrqsX5aRcAT6nEzXAGwqa1Jo+iCjgH+iz2Va/fAAAAmh+LCAAAAAAAAP9b85aBtbiIQTGjNKU4P08vOT+vOD8nVc83PyU1x6OyILUoJzMv2y+/JJUBAhiZGBgqihhk0NSjKDWzXb3RdlLBUSYGJk8GtpzUvPSSDB8G5tKinBIGIZ+sxLJE/ZzEvHT94JKizLx0a6BxUmjGOUNodHsLgAzOEgY+/dLi1CL99NL8isz8vHQAdpeJlcMAAAA=[0mXiong Guo
c++: internal compiler error: Terminated (program cc1plus)
Please submit a full bug report,
with preprocessed source if appropriate.
See <file:///usr/share/doc/gcc-7/README.Bugs> for instructions.
rubbynav/CMakeFiles/nav_plugin.dir/build.make:285: recipe for target 'rubbynav/CMakeFiles/nav_plugin.dir/module/hsm/src/hsmPartSearch.cpp.o' failed
make[2]: *** [rubbynav/CMakeFiles/nav_plugin.dir/module/hsm/src/hsmPartSearch.cpp.o] Error 4
make[2]: *** Waiting for unfinished jobs....
Finished: ABORTED
