Started by user [8mha:////4MzersSP/9cKUovrzPMuoS/kLqxVF8zd8yb1BUJ8RGIAAAAAmh+LCAAAAAAAAP9b85aBtbiIQTGjNKU4P08vOT+vOD8nVc83PyU1x6OyILUoJzMv2y+/JJUBAhiZGBgqihhk0NSjKDWzXb3RdlLBUSYGJk8GtpzUvPSSDB8G5tKinBIGIZ+sxLJE/ZzEvHT94JKizLx0a6BxUmjGOUNodHsLgAzuEgYB/dLi1CL9nMzSXKDZQJMAv/Rqu8UAAAA=[0mliumengyang
Rebuilds build #[8mha:////4HyHgjVrklYPQn+Il7wylNLLsGpXeATsXCjnk334eEm6AAAAqh+LCAAAAAAAAP9b85aBtbiIQTGjNKU4P08vOT+vOD8nVc83PyU1x6OyILUoJzMv2y+/JJUBAhiZGBgqihhk0NSjKDWzXb3RdlLBUSYGJk8GtpzUvPSSDB8G5tKinBIGIZ+sxLJE/ZzEvHT94JKizLx0a6BxUmjGOUNodHsLgAymEgYV/bLM1HL91Nyk1JTUFP2s/CT9TEOLovh0I12YmJkhAAadRuDZAAAA[0m61
Running as SYSTEM
Building remotely on [8mha:////4P1a+jSCm2+jQZ3VRdJij7cRjyhx4PB7el9tXnyqLu2zAAAAoR+LCAAAAAAAAP9b85aBtbiIQTGjNKU4P08vOT+vOD8nVc83PyU1x6OyILUoJzMv2y+/JJUBAhiZGBgqihhk0NSjKDWzXb3RdlLBUSYGJk8GtpzUvPSSDB8G5tKinBIGIZ+sxLJE/ZzEvHT94JKizLx0a6BxUmjGOUNodHsLgAzuEgZR/eT83ILSktQi/eyMxJTEYt3kxCITAOR6YlPKAAAA[0mkhadas-car4 (car4) in workspace /root/workspace/workspace/i18r_g2-embeded
[WS-CLEANUP] Deleting project workspace...
[WS-CLEANUP] Deferred wipeout is used...
[i18r_g2-embeded] $ /bin/sh -xe /tmp/jenkins9077929042008286177.sh
+ bash /root/myscript/build/build.sh
++ export MYSQL_PWD=123
++ MYSQL_PWD=123
++ export -f cmdb_mysql
+ . /root/myscript/build/../sh/version-update.sh
++ . /root/.bashrc
+++ '[' -z '' ']'
+++ return
+ set -ex
+ export -f public_project_update
+ export -f project_build
+ init_project_env
++ date +%Y%m%d
+ DT=20240521
+ UserName=jenkins
+ API_TOKEN=11b65309c9835de9579d9c9038853d9eb7
+ GIT_PRIVATE_TOKEN=emEDrsaJVjxKK5gSWrf-
+ GIT_HOST=192.168.50.191
++ awk -F/ '{print $1"%2F"$2}'
++ echo repid_deploy/integration/sensor_plugins
+ CONVERT_TARGET_PROJECT=repid_deploy%2Fintegration
++ python -c 'import sys, json; print(json.load(sys.stdin)["id"])'
++ curl -XGET -H 'Content-Type: application/json' --header 'PRIVATE-TOKEN: emEDrsaJVjxKK5gSWrf-' http://192.168.50.191:85/api/v4/projects/repid_deploy%2Fintegration
  % Total    % Received % Xferd  Average Speed   Time    Time     Time  Current
                                 Dload  Upload   Total   Spent    Left  Speed
  0     0    0     0    0     0      0      0 --:--:-- --:--:-- --:--:--     0100    35  100    35    0     0    795      0 --:--:-- --:--:-- --:--:--   795
Traceback (most recent call last):
  File "<string>", line 1, in <module>
KeyError: 'id'
+ SUB_PROJECT_ID=
+ true
+ '[' -z sp ']'
+ SOURCE_DIR=/root/workspace/workspace/i18r_g2-embeded/sp
+ TARGET_DIR=/root/workspace/workspace/i18r_g2-embeded/sensor_plugins
+ prepare_env
++ uname -m
+ system_platform=aarch64
+ :
++ wc -l
++ sort
++ grep processor
++ uniq
++ cat /proc/cpuinfo
+ mt=-j4
+ export COMMIT_ID_FILE=/root/workspace/workspace/i18r_g2-embeded/_last_build_id
+ COMMIT_ID_FILE=/root/workspace/workspace/i18r_g2-embeded/_last_build_id
+ export COMMIT_MSG_FILE=/root/workspace/workspace/i18r_g2-embeded/_commit-msg
+ COMMIT_MSG_FILE=/root/workspace/workspace/i18r_g2-embeded/_commit-msg
+ export COMMIT_MSG_FILE_TMP=/root/workspace/workspace/i18r_g2-embeded/_commit-msg.tmp
+ COMMIT_MSG_FILE_TMP=/root/workspace/workspace/i18r_g2-embeded/_commit-msg.tmp
+ rm -f /root/workspace/workspace/i18r_g2-embeded/_last_build_id
+ rm -f /root/workspace/workspace/i18r_g2-embeded/_commit-msg
+ rm -f /root/workspace/workspace/i18r_g2-embeded/_commit-msg.tmp
+ rm -f /root/workspace/workspace/i18r_g2-embeded/result.log
+ rm -f /root/workspace/workspace/i18r_g2-embeded/no_code_change.log
+ sign_env
+ CONFIG_DIR_SET=/root/system
+ CONFIG_BRANCH=mind_os
+ CLONE_DEPTH=--depth=1
+ CONFIG_DIR=/root/system/i18rconfig
+ CONFIG_REMOTE='git clone ssh://git@192.168.50.191:222/AroundI18RProject/i18rconfig /root/system/i18rconfig -b mind_os --depth=1'
+ [[ aarch64 =~ x86_64 ]]
+ ENCRYPTION_TOOL=/root/system/i18rconfig/encrypt
+ CLONE_DEPTH=--depth=1
+ PUBLICBASETYPES_DIR=/root/system/I18RPublicBaseTypes
+ cmdb_mysql 'insert into prebuild(job_name,source_project,source_branch,target_project,target_branch,time,build_url,node_name,build_user) values ('\''i18r_g2-embeded'\'','\''repid_deploy/source/sensor_plugins'\'','\''i18r_g2_emb'\'','\''repid_deploy/integration/sensor_plugins'\'','\''i18r_g2'\'',now(),'\''http://192.168.50.191:8088/job/i18r_g2-embeded/62/'\'','\''khadas-car4'\'','\''liumengang'\'')'
+ set +x
+ DOCKER_CONTAINER_I18=build-x64-18.04
+ DOCKER_CONTAINER_RUBBY=c405
+ DOCKER_CONTAINER_RUBBY_INSIDE=c3566
+ DOCKER_CONTAINER_JAVA=node
+ JENKINS_JOB_A=mind
+ JENKINS_JOB_B=rbn
+ JENKINS_JOB_C=mark-check-tools
+ JENKINS_JOB_D=java
+ JENKINS_JOB_E=clean_recorder
+ JENKINS_JOB_F=i18r
+ JENKINS_JOB_G=nodejs
+ JENKINS_JOB_H=_ui
+ JENKINS_JOB_L=i12r
+ [[ i18r_g2-embeded =~ mind ]]
+ '[' true = false ']'
+ source_project_fetch
+ git clone ssh://git@192.168.50.191:222/repid_deploy/source/sensor_plugins sp -b i18r_g2_emb --depth=1
æ­£å…‹éš†åˆ° 'sp'...
+ target_project_update
+ rm -rf /root/workspace/workspace/i18r_g2-embeded/sensor_plugins
+ target_project_fetch
+ git clone ssh://git@192.168.50.191:222/repid_deploy/integration/sensor_plugins -b i18r_g2 --depth=1
æ­£å…‹éš†åˆ° 'sensor_plugins'...
+ insert_db
+ pushd /root/workspace/workspace/i18r_g2-embeded/sp
~/workspace/workspace/i18r_g2-embeded/sp ~/workspace/workspace/i18r_g2-embeded
++ cmdb_mysql 'SELECT first_commit_id FROM prebuild where source_project='\''repid_deploy/source/sensor_plugins'\'' and source_branch='\''i18r_g2_emb'\'' and target_project='\''repid_deploy/integration/sensor_plugins'\'' and target_branch='\''i18r_g2'\'' and status='\''0'\'' and job_name='\''i18r_g2-embeded'\'' order by id desc limit 1;'
++ set +x
+ version='first_commit_id
b649faa'
++ echo first_commit_id b649faa
++ awk -F ' ' '{print $2}'
+ version=b649faa
++ git log -1 --pretty=format:%h
+ first_commit_id_now=6702aff
+ cmdb_mysql 'update prebuild set first_commit_id='\''6702aff'\'' where build_url='\''http://192.168.50.191:8088/job/i18r_g2-embeded/62/'\'';'
+ set +x
+ popd
~/workspace/workspace/i18r_g2-embeded
+ [[ aarch64 =~ x86_64 ]]
+ [[ i18r_g2-embeded =~ i18r ]]
+ public_project_update
+ rm -rf /root/system/I18RPublicBaseTypes
+ [[ i18r_g2-embeded =~ nodejs ]]
+ [[ i18r_g2-embeded =~ clean_recorder ]]
+ [[ i18r_g2-embeded =~ i18r ]]
+ git clone ssh://git@192.168.50.191:222/AroundI18RProject/I18RPublicBaseTypes.git /root/system/I18RPublicBaseTypes -b develop --depth=1
æ­£å…‹éš†åˆ° '/root/system/I18RPublicBaseTypes'...
+ public_project_todo
+ pushd /root/system/I18RPublicBaseTypes
~/system/I18RPublicBaseTypes ~/workspace/workspace/i18r_g2-embeded
+ ./install.sh
-- The C compiler identification is GNU 7.5.0
-- The CXX compiler identification is GNU 7.5.0
-- Check for working C compiler: /usr/bin/cc
-- Check for working C compiler: /usr/bin/cc -- works
-- Detecting C compiler ABI info
-- Detecting C compiler ABI info - done
-- Detecting C compile features
-- Detecting C compile features - done
-- Check for working CXX compiler: /usr/bin/c++
-- Check for working CXX compiler: /usr/bin/c++ -- works
-- Detecting CXX compiler ABI info
-- Detecting CXX compiler ABI info - done
-- Detecting CXX compile features
-- Detecting CXX compile features - done
-- CMAKE_INSTALL_PREFIX: /usr/local.
-- I18R_INCLUDE_INSTALL_DIR: /usr/local/include/I18RPublicBaseTypes.
-- CMAKE_CURRENT_SOURCE_DIR: /root/system/I18RPublicBaseTypes.
-- Configuring done
-- Generating done
-- Build files have been written to: /root/system/I18RPublicBaseTypes/build
sudo: æ— æ³•è§£æžä¸»æœºï¼šcar4
Install the project...
-- Install configuration: "Release"
-- Installing: /usr/local/include/I18RPublicBaseTypes/base_types.h
-- Installing: /usr/local/include/I18RPublicBaseTypes/calibr_types.h
-- Installing: /usr/local/include/I18RPublicBaseTypes/cloud_types.h
-- Installing: /usr/local/include/I18RPublicBaseTypes/control_types.h
-- Installing: /usr/local/include/I18RPublicBaseTypes/depth_types.h
-- Installing: /usr/local/include/I18RPublicBaseTypes/detector_types.h
-- Installing: /usr/local/include/I18RPublicBaseTypes/error_types.h
-- Installing: /usr/local/include/I18RPublicBaseTypes/geometry_types.h
-- Installing: /usr/local/include/I18RPublicBaseTypes/hmi_types.h
-- Installing: /usr/local/include/I18RPublicBaseTypes/imsee_types.h
-- Installing: /usr/local/include/I18RPublicBaseTypes/marker_types.h
-- Installing: /usr/local/include/I18RPublicBaseTypes/msg_types.h
-- Installing: /usr/local/include/I18RPublicBaseTypes/old_hmi_types.h
-- Installing: /usr/local/include/I18RPublicBaseTypes/sensor_types.h
-- Installing: /usr/local/include/I18RPublicBaseTypes/server_types.h
-- Installing: /usr/local/include/I18RPublicBaseTypes/slam_types.h
-- Installing: /usr/local/include/I18RPublicBaseTypes/swr_types.h
-- Installing: /usr/local/include/I18RPublicBaseTypes/README.md
-- Installing: /usr/local/include/I18RPublicBaseTypes/base/Data.h
-- Installing: /usr/local/include/I18RPublicBaseTypes/base/ErrorInfo.h
-- Installing: /usr/local/include/I18RPublicBaseTypes/base/ErrorMessage.h
-- Installing: /usr/local/include/I18RPublicBaseTypes/base/FormatData.h
-- Installing: /usr/local/include/I18RPublicBaseTypes/base/InternalErrorCode.h
-- Installing: /usr/local/include/I18RPublicBaseTypes/base/Module.h
-- Installing: /usr/local/include/I18RPublicBaseTypes/base/README.md
-- Installing: /usr/local/include/I18RPublicBaseTypes/base/ThreadInfo.h
-- Installing: /usr/local/include/I18RPublicBaseTypes/base/Time.h
-- Installing: /usr/local/include/I18RPublicBaseTypes/base/WorkStatus.h
-- Installing: /usr/local/include/I18RPublicBaseTypes/calibr/Cameara2Camera.h
-- Installing: /usr/local/include/I18RPublicBaseTypes/calibr/Camera2Lidar.h
-- Installing: /usr/local/include/I18RPublicBaseTypes/calibr/Camera2Odometry.h
-- Installing: /usr/local/include/I18RPublicBaseTypes/calibr/Camera2Tof.h
-- Installing: /usr/local/include/I18RPublicBaseTypes/calibr/Imu2Odometry.h
-- Installing: /usr/local/include/I18RPublicBaseTypes/calibr/README.md
-- Installing: /usr/local/include/I18RPublicBaseTypes/calibr/Transform.h
-- Installing: /usr/local/include/I18RPublicBaseTypes/cloud/README.md
-- Installing: /usr/local/include/I18RPublicBaseTypes/control/PointCloud.h
-- Installing: /usr/local/include/I18RPublicBaseTypes/control/README.md
-- Installing: /usr/local/include/I18RPublicBaseTypes/control/autoClean_property.h
-- Installing: /usr/local/include/I18RPublicBaseTypes/control/clean_path.h
-- Installing: /usr/local/include/I18RPublicBaseTypes/control/current_type.h
-- Installing: /usr/local/include/I18RPublicBaseTypes/control/drop_event.h
-- Installing: /usr/local/include/I18RPublicBaseTypes/control/grass_boundary.h
-- Installing: /usr/local/include/I18RPublicBaseTypes/control/pose.h
-- Installing: /usr/local/include/I18RPublicBaseTypes/control/robot_event.h
-- Installing: /usr/local/include/I18RPublicBaseTypes/control/robot_status.h
-- Installing: /usr/local/include/I18RPublicBaseTypes/control/work_mode.h
-- Installing: /usr/local/include/I18RPublicBaseTypes/control/work_runs.h
-- Installing: /usr/local/include/I18RPublicBaseTypes/depth/CalibrationImage.h
-- Installing: /usr/local/include/I18RPublicBaseTypes/depth/DepthMatrix.h
-- Installing: /usr/local/include/I18RPublicBaseTypes/depth/DepthPointCloud.h
-- Installing: /usr/local/include/I18RPublicBaseTypes/depth/GrassBoundary.h
-- Installing: /usr/local/include/I18RPublicBaseTypes/depth/LightAdjustment.h
-- Installing: /usr/local/include/I18RPublicBaseTypes/depth/README.md
-- Installing: /usr/local/include/I18RPublicBaseTypes/depth/SourceImage.h
-- Installing: /usr/local/include/I18RPublicBaseTypes/detector/DetectorResult.h
-- Installing: /usr/local/include/I18RPublicBaseTypes/detector/README.md
-- Installing: /usr/local/include/I18RPublicBaseTypes/detector/class.h
-- Installing: /usr/local/include/I18RPublicBaseTypes/detector/detect_types.h
-- Installing: /usr/local/include/I18RPublicBaseTypes/detector/detector_param.h
-- Installing: /usr/local/include/I18RPublicBaseTypes/detector/error_code.h
-- Installing: /usr/local/include/I18RPublicBaseTypes/detector/instance.h
-- Installing: /usr/local/include/I18RPublicBaseTypes/detector/map.h
-- Installing: /usr/local/include/I18RPublicBaseTypes/detector/save_info.h
-- Installing: /usr/local/include/I18RPublicBaseTypes/detector/save_status.h
-- Installing: /usr/local/include/I18RPublicBaseTypes/geometry/EulerAngle.h
-- Installing: /usr/local/include/I18RPublicBaseTypes/geometry/Point.h
-- Installing: /usr/local/include/I18RPublicBaseTypes/geometry/Quaternion.h
-- Installing: /usr/local/include/I18RPublicBaseTypes/hmi/README.md
-- Installing: /usr/local/include/I18RPublicBaseTypes/hmi/gen.sh
-- Installing: /usr/local/include/I18RPublicBaseTypes/hmi/public.fbs
-- Installing: /usr/local/include/I18RPublicBaseTypes/hmi/report.fbs
-- Installing: /usr/local/include/I18RPublicBaseTypes/hmi/request.fbs
-- Installing: /usr/local/include/I18RPublicBaseTypes/hmi/response.fbs
-- Installing: /usr/local/include/I18RPublicBaseTypes/hmi/public_generated.h
-- Installing: /usr/local/include/I18RPublicBaseTypes/hmi/report_generated.h
-- Installing: /usr/local/include/I18RPublicBaseTypes/hmi/request_generated.h
-- Installing: /usr/local/include/I18RPublicBaseTypes/hmi/response_generated.h
-- Installing: /usr/local/include/I18RPublicBaseTypes/hmi/public.h
-- Installing: /usr/local/include/I18RPublicBaseTypes/hmi/report.h
-- Installing: /usr/local/include/I18RPublicBaseTypes/hmi/request.h
-- Installing: /usr/local/include/I18RPublicBaseTypes/hmi/response.h
-- Installing: /usr/local/include/I18RPublicBaseTypes/imsee/CImseeImage.h
-- Installing: /usr/local/include/I18RPublicBaseTypes/imsee/CImseeImu.h
-- Installing: /usr/local/include/I18RPublicBaseTypes/imsee/CImseeMsgHotplug.h
-- Installing: /usr/local/include/I18RPublicBaseTypes/imsee/CImseeMsgImage.h
-- Installing: /usr/local/include/I18RPublicBaseTypes/imsee/CImseeMsgImu.h
-- Installing: /usr/local/include/I18RPublicBaseTypes/imsee/CImseeMsgParam.h
-- Installing: /usr/local/include/I18RPublicBaseTypes/imsee/CameraParameter.h
-- Installing: /usr/local/include/I18RPublicBaseTypes/imsee/CameraParameterOld.h
-- Installing: /usr/local/include/I18RPublicBaseTypes/imsee/IMUParameter.h
-- Installing: /usr/local/include/I18RPublicBaseTypes/imsee/ModuleInfo.h
-- Installing: /usr/local/include/I18RPublicBaseTypes/imsee/MoudleAllParam.h
-- Installing: /usr/local/include/I18RPublicBaseTypes/imsee/Resolution.h
-- Installing: /usr/local/include/I18RPublicBaseTypes/imsee/SDebugSet.h
-- Installing: /usr/local/include/I18RPublicBaseTypes/imsee/SlamParameter.h
-- Installing: /usr/local/include/I18RPublicBaseTypes/imsee/StreamType.h
-- Installing: /usr/local/include/I18RPublicBaseTypes/marker/MarkerState.h
-- Installing: /usr/local/include/I18RPublicBaseTypes/marker/state.h
-- Installing: /usr/local/include/I18RPublicBaseTypes/msg/AFI.h
-- Installing: /usr/local/include/I18RPublicBaseTypes/msg/Basic.h
-- Installing: /usr/local/include/I18RPublicBaseTypes/msg/Config.h
-- Installing: /usr/local/include/I18RPublicBaseTypes/msg/Log.h
-- Installing: /usr/local/include/I18RPublicBaseTypes/msg/Route.h
-- Installing: /usr/local/include/I18RPublicBaseTypes/msg/Work.h
-- Installing: /usr/local/include/I18RPublicBaseTypes/sensor/BumperEvent.h
-- Installing: /usr/local/include/I18RPublicBaseTypes/sensor/CleanEvent.h
-- Installing: /usr/local/include/I18RPublicBaseTypes/sensor/CliffData.h
-- Installing: /usr/local/include/I18RPublicBaseTypes/sensor/CliffEvent.h
-- Installing: /usr/local/include/I18RPublicBaseTypes/sensor/CtrlType.h
-- Installing: /usr/local/include/I18RPublicBaseTypes/sensor/DropEvent.h
-- Installing: /usr/local/include/I18RPublicBaseTypes/sensor/EncoderData.h
-- Installing: /usr/local/include/I18RPublicBaseTypes/sensor/LaserScan.h
-- Installing: /usr/local/include/I18RPublicBaseTypes/sensor/PointCloud2.h
-- Installing: /usr/local/include/I18RPublicBaseTypes/sensor/RobotChassisEvent.h
-- Installing: /usr/local/include/I18RPublicBaseTypes/sensor/SonyCamera.h
-- Installing: /usr/local/include/I18RPublicBaseTypes/sensor/StartStopSwitchEvent.h
-- Installing: /usr/local/include/I18RPublicBaseTypes/sensor/TofDepthData.h
-- Installing: /usr/local/include/I18RPublicBaseTypes/sensor/TofDepthImg.h
-- Installing: /usr/local/include/I18RPublicBaseTypes/sensor/TofGrayImg.h
-- Installing: /usr/local/include/I18RPublicBaseTypes/sensor/TofPointCloud.h
-- Installing: /usr/local/include/I18RPublicBaseTypes/sensor/UltraData.h
-- Installing: /usr/local/include/I18RPublicBaseTypes/sensor/UsbHotplug.h
-- Installing: /usr/local/include/I18RPublicBaseTypes/sensor/VelocityCmd.h
-- Installing: /usr/local/include/I18RPublicBaseTypes/sensor/VelocityData.h
-- Installing: /usr/local/include/I18RPublicBaseTypes/server/DataRateState.h
-- Installing: /usr/local/include/I18RPublicBaseTypes/server/SystemState.h
-- Installing: /usr/local/include/I18RPublicBaseTypes/server/UserOperation.h
-- Installing: /usr/local/include/I18RPublicBaseTypes/slam/Pose.h
-- Installing: /usr/local/include/I18RPublicBaseTypes/slam/README.md
-- Installing: /usr/local/include/I18RPublicBaseTypes/slam/SlamResult.h
-- Installing: /usr/local/include/I18RPublicBaseTypes/slam/SlamState.h
-- Installing: /usr/local/include/I18RPublicBaseTypes/error/ErrorCode.h
-- Installing: /usr/local/include/I18RPublicBaseTypes/error/ErrorEvent.h
-- Installing: /usr/local/include/I18RPublicBaseTypes/error/ErrorMessage.h
-- Installing: /usr/local/include/I18RPublicBaseTypes/error/ErrorTable.h
-- Installing: /usr/local/include/I18RPublicBaseTypes/error/IceErrorCode.h
-- Installing: /usr/local/include/I18RPublicBaseTypes/error/error_maps.yaml
sudo: æ— æ³•è§£æžä¸»æœºï¼šcar4
+ popd
~/workspace/workspace/i18r_g2-embeded
+ public_i18rutilitysubmodule_update
+ pushd /root/system/i18rutilitysubmodule
~/system/i18rutilitysubmodule ~/workspace/workspace/i18r_g2-embeded
+ git checkout ./
+ git clean -xdf ./
+ git pull origin develop
æ¥è‡ª ssh://192.168.50.191:222/AroundI18RProject/i18rutilitysubmodule
 * branch            develop    -> FETCH_HEAD
å·²ç»æ˜¯æœ€æ–°çš„ã€‚
+ ./install.sh
sudo: æ— æ³•è§£æžä¸»æœºï¼šcar4
+ popd
~/workspace/workspace/i18r_g2-embeded
+ project_build
+ pushd /root/workspace/workspace/i18r_g2-embeded/sp
~/workspace/workspace/i18r_g2-embeded/sp ~/workspace/workspace/i18r_g2-embeded
+ project_init_remote
++ find -type f -name sync_submodules.sh
+ sf=
+ '[' -z ']'
+ git submodule update --init --recursive
å­æ¨¡ç»„ 'submodules/messages'ï¼ˆhttp://192.168.50.191:85/repid_deploy/source/messages.gitï¼‰æœªå¯¹è·¯å¾„ 'submodules/messages' æ³¨å†Œ
å­æ¨¡ç»„ 'submodules/mind_os'ï¼ˆhttp://192.168.50.191:85/repid_deploy/source/mind_os.gitï¼‰æœªå¯¹è·¯å¾„ 'submodules/mind_os' æ³¨å†Œ
å­æ¨¡ç»„ 'submodules/sensors'ï¼ˆhttp://192.168.50.191:85/EmbeddedGroup/18_g2_sensor/i18r_g2.gitï¼‰æœªå¯¹è·¯å¾„ 'submodules/sensors' æ³¨å†Œ
æ­£å…‹éš†åˆ° '/root/workspace/workspace/i18r_g2-embeded/sp/submodules/messages'...
æ­£å…‹éš†åˆ° '/root/workspace/workspace/i18r_g2-embeded/sp/submodules/mind_os'...
æ­£å…‹éš†åˆ° '/root/workspace/workspace/i18r_g2-embeded/sp/submodules/sensors'...
å­æ¨¡ç»„è·¯å¾„ 'submodules/messages'ï¼šæ£€å‡º '5611774fd48930e6b89ead4b0a8305b44dd0aa08'
å­æ¨¡ç»„è·¯å¾„ 'submodules/mind_os'ï¼šæ£€å‡º '3e54f8e92a8d13c5588eed350140342e04690879'
å­æ¨¡ç»„è·¯å¾„ 'submodules/sensors'ï¼šæ£€å‡º 'aa1394beb598b20dc7e136f150f0bc0a8d8e4c74'
+ git submodule update --remote
å­æ¨¡ç»„è·¯å¾„ 'submodules/messages'ï¼šæ£€å‡º '5a04fff951b2ac57238bfdf7454f2d3cf2838e8c'
+ sed -i 's/make -j[0-9].*/make -j4/g' build.sh
+ '[' -z ']'
+ '[' x6702aff == xb649faa ']'
+ bash -ex build.sh
+ '[' '!' -d build ']'
+ mkdir build
+ cd build
+ cmake ..
-- The C compiler identification is GNU 7.5.0
-- The CXX compiler identification is GNU 7.5.0
-- Check for working C compiler: /usr/bin/cc
-- Check for working C compiler: /usr/bin/cc -- works
-- Detecting C compiler ABI info
-- Detecting C compiler ABI info - done
-- Detecting C compile features
-- Detecting C compile features - done
-- Check for working CXX compiler: /usr/bin/c++
-- Check for working CXX compiler: /usr/bin/c++ -- works
-- Detecting CXX compiler ABI info
-- Detecting CXX compiler ABI info - done
-- Detecting CXX compile features
-- Detecting CXX compile features - done
/root/workspace/workspace/i18r_g2-embeded/sp/submodules/mind_os/a311d
-- /root/workspace/workspace/i18r_g2-embeded/sp/submodules/sensors
*************************************************
current platform is aarch64
*************************************************
LIBRARY_OUTPUT_PATH /root/workspace/workspace/i18r_g2-embeded/sp/install/lib ..................
EXECUTABLE_OUTPUT_PATH /root/workspace/workspace/i18r_g2-embeded/sp/install/bin .....................
-- emb_common version is 0.0.2
PUBLIC_TYPE_DIR is /root/workspace/workspace/i18r_g2-embeded/sp/submodules/messages
-- sensor_module version is 0.0.2
-- mcu_module version is 0.0.2
-- Found OpenCV: /usr/local (found suitable version "3.4.3", minimum required is "3") 
-- imsee_module version is 0.0.2
-- vcu_module version is 0.0.2
-- usbtof_module version is 0.0.2
-- sunnytof_module version is 0.0.2
-- lidar_module version is 0.0.2
-- multi_module version is 0.0.2
-- update_module version is 0.0.2
-- timeservice_module version is 0.0.2
-- selftest_module version is 0.0.2
-- sysmonitor_module version is 0.0.2
-- bluelaser_module version is 0.0.2
-- sensor_plugin version is 0.0.2
-- Configuring done
-- Generating done
-- Build files have been written to: /root/workspace/workspace/i18r_g2-embeded/sp/build
+ make -j4
Scanning dependencies of target emb_common
Scanning dependencies of target bluelaser_module
[  1%] Building CXX object submodules/sensors/common/CMakeFiles/emb_common.dir/common.cpp.o
[  1%] Building CXX object submodules/sensors/common/CMakeFiles/emb_common.dir/ByteFifo.cpp.o
[  1%] Building CXX object submodules/sensors/bluelaser_module/src/CMakeFiles/bluelaser_module.dir/Global.cpp.o
Scanning dependencies of target sensor_subscriber
[  1%] Building CXX object src/subscriber/CMakeFiles/sensor_subscriber.dir/subscriber.cpp.o
In file included from /root/workspace/workspace/i18r_g2-embeded/sp/submodules/sensors/bluelaser_module/src/data.h:25:0,
                 from /root/workspace/workspace/i18r_g2-embeded/sp/submodules/sensors/bluelaser_module/src/Global.h:2,
                 from /root/workspace/workspace/i18r_g2-embeded/sp/submodules/sensors/bluelaser_module/src/Global.cpp:1:
/root/workspace/workspace/i18r_g2-embeded/sp/submodules/sensors/bluelaser_module/src/third_party/mongoose/mongoose.h:30:0: warning: "_POSIX_C_SOURCE" redefined
 #define _POSIX_C_SOURCE 199309L
 
In file included from /usr/include/aarch64-linux-gnu/bits/libc-header-start.h:33:0,
                 from /usr/include/stdint.h:26,
                 from /usr/lib/gcc/aarch64-linux-gnu/7/include/stdint.h:9,
                 from /root/workspace/workspace/i18r_g2-embeded/sp/submodules/sensors/bluelaser_module/src/data.h:19,
                 from /root/workspace/workspace/i18r_g2-embeded/sp/submodules/sensors/bluelaser_module/src/Global.h:2,
                 from /root/workspace/workspace/i18r_g2-embeded/sp/submodules/sensors/bluelaser_module/src/Global.cpp:1:
/usr/include/features.h:265:0: note: this is the location of the previous definition
 # define _POSIX_C_SOURCE 200809L
 
[  2%] Building CXX object submodules/sensors/bluelaser_module/src/CMakeFiles/bluelaser_module.dir/LidarDataProcess.cpp.o
In file included from /root/workspace/workspace/i18r_g2-embeded/sp/submodules/sensors/bluelaser_module/src/data.h:25:0,
                 from /root/workspace/workspace/i18r_g2-embeded/sp/submodules/sensors/bluelaser_module/src/Global.h:2,
                 from /root/workspace/workspace/i18r_g2-embeded/sp/submodules/sensors/bluelaser_module/src/LidarDataProcess.h:3,
                 from /root/workspace/workspace/i18r_g2-embeded/sp/submodules/sensors/bluelaser_module/src/LidarDataProcess.cpp:3:
/root/workspace/workspace/i18r_g2-embeded/sp/submodules/sensors/bluelaser_module/src/third_party/mongoose/mongoose.h:30:0: warning: "_POSIX_C_SOURCE" redefined
 #define _POSIX_C_SOURCE 199309L
 
In file included from /usr/include/aarch64-linux-gnu/bits/libc-header-start.h:33:0,
                 from /usr/include/stdint.h:26,
                 from /usr/lib/gcc/aarch64-linux-gnu/7/include/stdint.h:9,
                 from /root/workspace/workspace/i18r_g2-embeded/sp/submodules/sensors/bluelaser_module/src/data.h:19,
                 from /root/workspace/workspace/i18r_g2-embeded/sp/submodules/sensors/bluelaser_module/src/Global.h:2,
                 from /root/workspace/workspace/i18r_g2-embeded/sp/submodules/sensors/bluelaser_module/src/LidarDataProcess.h:3,
                 from /root/workspace/workspace/i18r_g2-embeded/sp/submodules/sensors/bluelaser_module/src/LidarDataProcess.cpp:3:
/usr/include/features.h:265:0: note: this is the location of the previous definition
 # define _POSIX_C_SOURCE 200809L
 
[  3%] Building CXX object submodules/sensors/common/CMakeFiles/emb_common.dir/CRC16.cpp.o
[  3%] Building CXX object submodules/sensors/common/CMakeFiles/emb_common.dir/CRC32.cpp.o
/root/workspace/workspace/i18r_g2-embeded/sp/submodules/sensors/bluelaser_module/src/LidarDataProcess.cpp: In function â€˜void* lidar_thread_proc_uart(void*)â€™:
/root/workspace/workspace/i18r_g2-embeded/sp/submodules/sensors/bluelaser_module/src/LidarDataProcess.cpp:2089:44: warning: format â€˜%dâ€™ expects argument of type â€˜intâ€™, but argument 2 has type â€˜char*â€™ [-Wformat=]
       printf("uart GetDevInfo_MSG %d\n",buf);
                                            ^
/root/workspace/workspace/i18r_g2-embeded/sp/submodules/sensors/bluelaser_module/src/LidarDataProcess.cpp:2093:44: warning: format â€˜%dâ€™ expects argument of type â€˜intâ€™, but argument 2 has type â€˜char*â€™ [-Wformat=]
       printf("uart GetDevInfo_MSG %d\n",buf);
                                            ^
/root/workspace/workspace/i18r_g2-embeded/sp/submodules/sensors/bluelaser_module/src/LidarDataProcess.cpp: In function â€˜void* lidar_thread_proc_udp(void*)â€™:
/root/workspace/workspace/i18r_g2-embeded/sp/submodules/sensors/bluelaser_module/src/LidarDataProcess.cpp:2705:60: warning: ISO C++ forbids converting a string constant to â€˜char*â€™ [-Wwrite-strings]
               dat, consume, cfg->with_chk, zone,fan_segs,"");
                                                            ^
[  3%] Building CXX object submodules/sensors/bluelaser_module/src/CMakeFiles/bluelaser_module.dir/standard_interface_linux.cpp.o
[  4%] Building CXX object submodules/sensors/common/CMakeFiles/emb_common.dir/RobotDebug.cpp.o
In file included from /root/workspace/workspace/i18r_g2-embeded/sp/submodules/sensors/bluelaser_module/src/data.h:25:0,
                 from /root/workspace/workspace/i18r_g2-embeded/sp/submodules/sensors/bluelaser_module/src/service/ZoneAlarm.h:4,
                 from /root/workspace/workspace/i18r_g2-embeded/sp/submodules/sensors/bluelaser_module/src/standard_interface.h:4,
                 from /root/workspace/workspace/i18r_g2-embeded/sp/submodules/sensors/bluelaser_module/src/standard_interface_linux.cpp:5:
/root/workspace/workspace/i18r_g2-embeded/sp/submodules/sensors/bluelaser_module/src/third_party/mongoose/mongoose.h:30:0: warning: "_POSIX_C_SOURCE" redefined
 #define _POSIX_C_SOURCE 199309L
 
In file included from /usr/include/aarch64-linux-gnu/bits/libc-header-start.h:33:0,
                 from /usr/include/stdint.h:26,
                 from /usr/lib/gcc/aarch64-linux-gnu/7/include/stdint.h:9,
                 from /root/workspace/workspace/i18r_g2-embeded/sp/submodules/sensors/bluelaser_module/src/data.h:19,
                 from /root/workspace/workspace/i18r_g2-embeded/sp/submodules/sensors/bluelaser_module/src/service/ZoneAlarm.h:4,
                 from /root/workspace/workspace/i18r_g2-embeded/sp/submodules/sensors/bluelaser_module/src/standard_interface.h:4,
                 from /root/workspace/workspace/i18r_g2-embeded/sp/submodules/sensors/bluelaser_module/src/standard_interface_linux.cpp:5:
/usr/include/features.h:265:0: note: this is the location of the previous definition
 # define _POSIX_C_SOURCE 200809L
 
[  5%] Building C object submodules/sensors/bluelaser_module/src/CMakeFiles/bluelaser_module.dir/uart.c.o
cc1: warning: command line option â€˜-std=c++1zâ€™ is valid for C++/ObjC++ but not for C
[  6%] Building C object submodules/sensors/bluelaser_module/src/CMakeFiles/bluelaser_module.dir/third_party/cJson/cJSON.c.o
cc1: warning: command line option â€˜-std=c++1zâ€™ is valid for C++/ObjC++ but not for C
In file included from /root/workspace/workspace/i18r_g2-embeded/sp/submodules/sensors/bluelaser_module/src/service/ZoneAlarm.h:4:0,
                 from /root/workspace/workspace/i18r_g2-embeded/sp/submodules/sensors/bluelaser_module/src/standard_interface.h:4,
                 from /root/workspace/workspace/i18r_g2-embeded/sp/submodules/sensors/bluelaser_module/src/standard_interface_linux.cpp:5:
/root/workspace/workspace/i18r_g2-embeded/sp/submodules/sensors/bluelaser_module/src/standard_interface_linux.cpp: In function â€˜int ZoneSection(long int, int, int)â€™:
/root/workspace/workspace/i18r_g2-embeded/sp/submodules/sensors/bluelaser_module/src/data.h:111:41: warning: format â€˜%sâ€™ expects a matching â€˜char*â€™ argument [-Wformat=]
 #define DEBUG_PR(...) printf(__VA_ARGS__)
                                         ^
/root/workspace/workspace/i18r_g2-embeded/sp/submodules/sensors/bluelaser_module/src/standard_interface_linux.cpp:347:5: note: in expansion of macro â€˜DEBUG_PRâ€™
     DEBUG_PR("%s msg error! %s\n", __FUNCTION__);
     ^~~~~~~~
[  6%] Building C object submodules/sensors/bluelaser_module/src/CMakeFiles/bluelaser_module.dir/third_party/mongoose/mongoose.c.o
cc1: warning: command line option â€˜-std=c++1zâ€™ is valid for C++/ObjC++ but not for C
[  7%] Building CXX object submodules/sensors/bluelaser_module/src/CMakeFiles/bluelaser_module.dir/service/LidarCheckService_linux.cpp.o
[  7%] Building CXX object submodules/sensors/bluelaser_module/src/CMakeFiles/bluelaser_module.dir/service/LidarWebService.cpp.o
In file included from /root/workspace/workspace/i18r_g2-embeded/sp/submodules/sensors/bluelaser_module/src/data.h:25:0,
                 from /root/workspace/workspace/i18r_g2-embeded/sp/submodules/sensors/bluelaser_module/src/service/LidarWebService.h:3,
                 from /root/workspace/workspace/i18r_g2-embeded/sp/submodules/sensors/bluelaser_module/src/service/LidarWebService.cpp:2:
/root/workspace/workspace/i18r_g2-embeded/sp/submodules/sensors/bluelaser_module/src/third_party/mongoose/mongoose.h:30:0: warning: "_POSIX_C_SOURCE" redefined
 #define _POSIX_C_SOURCE 199309L
 
In file included from /usr/include/aarch64-linux-gnu/sys/time.h:21:0,
                 from /root/workspace/workspace/i18r_g2-embeded/sp/submodules/sensors/bluelaser_module/src/service/LidarCheckService.h:14,
                 from /root/workspace/workspace/i18r_g2-embeded/sp/submodules/sensors/bluelaser_module/src/service/LidarWebService.cpp:1:
/usr/include/features.h:265:0: note: this is the location of the previous definition
 # define _POSIX_C_SOURCE 200809L
 
[  7%] Building CXX object submodules/sensors/common/CMakeFiles/emb_common.dir/ThreadCpuSet.cpp.o
[  8%] Building CXX object submodules/sensors/common/CMakeFiles/emb_common.dir/TimeSync.cpp.o
[  9%] Building CXX object submodules/sensors/common/CMakeFiles/emb_common.dir/MsgQueue.cpp.o
[ 10%] Building CXX object submodules/sensors/bluelaser_module/src/CMakeFiles/bluelaser_module.dir/service/ZoneAlarm_linux.cpp.o
In file included from /root/workspace/workspace/i18r_g2-embeded/sp/submodules/sensors/bluelaser_module/src/data.h:25:0,
                 from /root/workspace/workspace/i18r_g2-embeded/sp/submodules/sensors/bluelaser_module/src/service/ZoneAlarm.h:4,
                 from /root/workspace/workspace/i18r_g2-embeded/sp/submodules/sensors/bluelaser_module/src/service/ZoneAlarm_linux.cpp:1:
/root/workspace/workspace/i18r_g2-embeded/sp/submodules/sensors/bluelaser_module/src/third_party/mongoose/mongoose.h:30:0: warning: "_POSIX_C_SOURCE" redefined
 #define _POSIX_C_SOURCE 199309L
 
In file included from /usr/include/aarch64-linux-gnu/bits/libc-header-start.h:33:0,
                 from /usr/include/stdint.h:26,
                 from /usr/lib/gcc/aarch64-linux-gnu/7/include/stdint.h:9,
                 from /root/workspace/workspace/i18r_g2-embeded/sp/submodules/sensors/bluelaser_module/src/data.h:19,
                 from /root/workspace/workspace/i18r_g2-embeded/sp/submodules/sensors/bluelaser_module/src/service/ZoneAlarm.h:4,
                 from /root/workspace/workspace/i18r_g2-embeded/sp/submodules/sensors/bluelaser_module/src/service/ZoneAlarm_linux.cpp:1:
/usr/include/features.h:265:0: note: this is the location of the previous definition
 # define _POSIX_C_SOURCE 200809L
 
[ 10%] Building CXX object submodules/sensors/common/CMakeFiles/emb_common.dir/ThreadMsgQueue.cpp.o
/root/workspace/workspace/i18r_g2-embeded/sp/submodules/sensors/bluelaser_module/src/service/ZoneAlarm_linux.cpp: In member function â€˜int ZoneAlarm::getZoneRev(unsigned char*, int, int, int&)â€™:
/root/workspace/workspace/i18r_g2-embeded/sp/submodules/sensors/bluelaser_module/src/service/ZoneAlarm_linux.cpp:77:63: warning: format â€˜%xâ€™ expects argument of type â€˜unsigned intâ€™, but argument 3 has type â€˜long unsigned intâ€™ [-Wformat=]
      printf("size %x != %x", pac.total_crc[0], sizeof(ZoneDef));
                                                               ^
[ 11%] Building CXX object submodules/sensors/common/CMakeFiles/emb_common.dir/ConfigYaml.cpp.o
[ 12%] Building CXX object submodules/sensors/bluelaser_module/src/CMakeFiles/bluelaser_module.dir/Laser.cpp.o
[ 12%] Building CXX object submodules/sensors/common/CMakeFiles/emb_common.dir/md5.cpp.o
In file included from /root/workspace/workspace/i18r_g2-embeded/sp/submodules/sensors/bluelaser_module/src/data.h:25:0,
                 from /root/workspace/workspace/i18r_g2-embeded/sp/submodules/sensors/bluelaser_module/src/Global.h:2,
                 from /root/workspace/workspace/i18r_g2-embeded/sp/submodules/sensors/bluelaser_module/src/LidarDataProcess.h:3,
                 from /root/workspace/workspace/i18r_g2-embeded/sp/submodules/sensors/bluelaser_module/src/Laser.cpp:9:
/root/workspace/workspace/i18r_g2-embeded/sp/submodules/sensors/bluelaser_module/src/third_party/mongoose/mongoose.h:30:0: warning: "_POSIX_C_SOURCE" redefined
 #define _POSIX_C_SOURCE 199309L
 
In file included from /usr/include/aarch64-linux-gnu/c++/7/bits/os_defines.h:39:0,
                 from /usr/include/aarch64-linux-gnu/c++/7/bits/c++config.h:533,
                 from /usr/include/c++/7/bits/stl_algobase.h:59,
                 from /usr/include/c++/7/memory:62,
                 from /usr/local/include/mind_os/const_ptr.h:10,
                 from /usr/local/include/mind_os/serialization/serialization.h:10,
                 from /root/workspace/workspace/i18r_g2-embeded/sp/submodules/messages/msg/base/ErrorMessage.h:7,
                 from /root/workspace/workspace/i18r_g2-embeded/sp/submodules/messages/msg/base_types.h:3,
                 from /root/workspace/workspace/i18r_g2-embeded/sp/submodules/sensors/include/BlueSealLaser.hpp:3,
                 from /root/workspace/workspace/i18r_g2-embeded/sp/submodules/sensors/bluelaser_module/src/Laser.hpp:3,
                 from /root/workspace/workspace/i18r_g2-embeded/sp/submodules/sensors/bluelaser_module/src/Laser.cpp:2:
/usr/include/features.h:265:0: note: this is the location of the previous definition
 # define _POSIX_C_SOURCE 200809L
 
[ 13%] Building CXX object submodules/sensors/common/CMakeFiles/emb_common.dir/md5file.cpp.o
/root/workspace/workspace/i18r_g2-embeded/sp/submodules/sensors/bluelaser_module/src/Laser.cpp:16:17: warning: ISO C++ forbids converting a string constant to â€˜char*â€™ [-Wwrite-strings]
 char* laserIp = "192.168.10.161";
                 ^~~~~~~~~~~~~~~~
/root/workspace/workspace/i18r_g2-embeded/sp/submodules/sensors/bluelaser_module/src/Laser.cpp: In member function â€˜void BlueSealLaserModule::blueseal_lasermodule::LaserThread()â€™:
/root/workspace/workspace/i18r_g2-embeded/sp/submodules/sensors/bluelaser_module/src/Laser.cpp:198:129: warning: ISO C++ forbids converting a string constant to â€˜char*â€™ [-Wwrite-strings]
         is_pack = ParseAPI::parse_data_x(len, buf, fan_span, unitIsMM, withConfidence, dat, consume, withChk, zone, fan_segs, "");
                                                                                                                                 ^
[ 13%] Linking CXX shared library ../../../../../install/lib/libbluelaser_module.so
[ 13%] Built target bluelaser_module
[ 14%] Linking CXX shared library ../../../../install/lib/libemb_common.so
[ 14%] Built target emb_common
Scanning dependencies of target mcu_module
Scanning dependencies of target sensor_module
[ 14%] Building CXX object submodules/sensors/mcu_module/src/CMakeFiles/mcu_module.dir/__/__/drivers/serial.cpp.o
[ 15%] Building CXX object submodules/sensors/sensor_module/src/CMakeFiles/sensor_module.dir/SubProcess.cpp.o
Scanning dependencies of target imsee_module
[ 16%] Building CXX object submodules/sensors/imsee_module/src/CMakeFiles/imsee_module.dir/ImseeModule.cpp.o
[ 17%] Building CXX object submodules/sensors/mcu_module/src/CMakeFiles/mcu_module.dir/__/__/drivers/can.cpp.o
[ 18%] Linking CXX shared library ../../../install/lib/libsensor_subscriber.so
[ 18%] Built target sensor_subscriber
Scanning dependencies of target vcu_module
[ 18%] Building CXX object submodules/sensors/vcu_module/src/CMakeFiles/vcu_module.dir/__/__/drivers/serial.cpp.o
[ 18%] Building CXX object submodules/sensors/imsee_module/src/CMakeFiles/imsee_module.dir/imsee.cpp.o
[ 19%] Building CXX object submodules/sensors/mcu_module/src/CMakeFiles/mcu_module.dir/McuModuleDriver.cpp.o
/root/workspace/workspace/i18r_g2-embeded/sp/submodules/sensors/imsee_module/src/imsee.cpp:1493:0: warning: "MAC_MODE_CHALLENGE" redefined
 #define MAC_MODE_CHALLENGE ((uint8_t)0x00)          //!< MAC mode       0: first SHA block from data slot
 
In file included from /root/workspace/workspace/i18r_g2-embeded/sp/submodules/sensors/imsee_module/src/imsee.cpp:34:0:
/root/workspace/workspace/i18r_g2-embeded/sp/submodules/sensors/imsee_module/src/../library/sha256.h:105:0: note: this is the location of the previous definition
 #define MAC_MODE_CHALLENGE              ((uint8) 0x00)       //!< MAC mode       0: first SHA block from data slot
 
/root/workspace/workspace/i18r_g2-embeded/sp/submodules/sensors/imsee_module/src/imsee.cpp:1494:0: warning: "MAC_MODE_BLOCK2_TEMPKEY" redefined
 #define MAC_MODE_BLOCK2_TEMPKEY ((uint8_t)0x01)     //!< MAC mode bit   0: second SHA block from TempKey
 
In file included from /root/workspace/workspace/i18r_g2-embeded/sp/submodules/sensors/imsee_module/src/imsee.cpp:34:0:
/root/workspace/workspace/i18r_g2-embeded/sp/submodules/sensors/imsee_module/src/../library/sha256.h:106:0: note: this is the location of the previous definition
 #define MAC_MODE_BLOCK2_TEMPKEY         ((uint8) 0x01)       //!< MAC mode bit   0: second SHA block from TempKey
 
/root/workspace/workspace/i18r_g2-embeded/sp/submodules/sensors/imsee_module/src/imsee.cpp:1495:0: warning: "MAC_MODE_BLOCK1_TEMPKEY" redefined
 #define MAC_MODE_BLOCK1_TEMPKEY ((uint8_t)0x02)     //!< MAC mode bit   1: first SHA block from TempKey
 
In file included from /root/workspace/workspace/i18r_g2-embeded/sp/submodules/sensors/imsee_module/src/imsee.cpp:34:0:
/root/workspace/workspace/i18r_g2-embeded/sp/submodules/sensors/imsee_module/src/../library/sha256.h:107:0: note: this is the location of the previous definition
 #define MAC_MODE_BLOCK1_TEMPKEY         ((uint8) 0x02)       //!< MAC mode bit   1: first SHA block from TempKey
 
/root/workspace/workspace/i18r_g2-embeded/sp/submodules/sensors/imsee_module/src/imsee.cpp:1496:0: warning: "MAC_MODE_SOURCE_FLAG_MATCH" redefined
 #define MAC_MODE_SOURCE_FLAG_MATCH ((uint8_t)0x04)  //!< MAC mode bit   2: match TempKey.SourceFlag
 
In file included from /root/workspace/workspace/i18r_g2-embeded/sp/submodules/sensors/imsee_module/src/imsee.cpp:34:0:
/root/workspace/workspace/i18r_g2-embeded/sp/submodules/sensors/imsee_module/src/../library/sha256.h:108:0: note: this is the location of the previous definition
 #define MAC_MODE_SOURCE_FLAG_MATCH      ((uint8) 0x04)       //!< MAC mode bit   2: match TempKey.SourceFlag
 
/root/workspace/workspace/i18r_g2-embeded/sp/submodules/sensors/imsee_module/src/imsee.cpp:1497:0: warning: "MAC_MODE_PASSTHROUGH" redefined
 #define MAC_MODE_PASSTHROUGH ((uint8_t)0x07)        //!< MAC mode bit 0-2: pass-through mode
 
In file included from /root/workspace/workspace/i18r_g2-embeded/sp/submodules/sensors/imsee_module/src/imsee.cpp:34:0:
/root/workspace/workspace/i18r_g2-embeded/sp/submodules/sensors/imsee_module/src/../library/sha256.h:109:0: note: this is the location of the previous definition
 #define MAC_MODE_PASSTHROUGH            ((uint8) 0x07)       //!< MAC mode bit 0-2: pass-through mode
 
/root/workspace/workspace/i18r_g2-embeded/sp/submodules/sensors/imsee_module/src/imsee.cpp:1498:0: warning: "MAC_MODE_INCLUDE_OTP_88" redefined
 #define MAC_MODE_INCLUDE_OTP_88 ((uint8_t)0x10)     //!< MAC mode bit   4: include first 88 OTP bits
 
In file included from /root/workspace/workspace/i18r_g2-embeded/sp/submodules/sensors/imsee_module/src/imsee.cpp:34:0:
/root/workspace/workspace/i18r_g2-embeded/sp/submodules/sensors/imsee_module/src/../library/sha256.h:110:0: note: this is the location of the previous definition
 #define MAC_MODE_INCLUDE_OTP_88         ((uint8) 0x10)       //!< MAC mode bit   4: include first 88 OTP bits
 
/root/workspace/workspace/i18r_g2-embeded/sp/submodules/sensors/imsee_module/src/imsee.cpp:1499:0: warning: "MAC_MODE_INCLUDE_OTP_64" redefined
 #define MAC_MODE_INCLUDE_OTP_64 ((uint8_t)0x20)     //!< MAC mode bit   5: include first 64 OTP bits
 
In file included from /root/workspace/workspace/i18r_g2-embeded/sp/submodules/sensors/imsee_module/src/imsee.cpp:34:0:
/root/workspace/workspace/i18r_g2-embeded/sp/submodules/sensors/imsee_module/src/../library/sha256.h:111:0: note: this is the location of the previous definition
 #define MAC_MODE_INCLUDE_OTP_64         ((uint8) 0x20)       //!< MAC mode bit   5: include first 64 OTP bits
 
/root/workspace/workspace/i18r_g2-embeded/sp/submodules/sensors/imsee_module/src/imsee.cpp:1500:0: warning: "MAC_MODE_INCLUDE_SN" redefined
 #define MAC_MODE_INCLUDE_SN ((uint8_t)0x40)         //!< MAC mode bit   6: include serial number
 
In file included from /root/workspace/workspace/i18r_g2-embeded/sp/submodules/sensors/imsee_module/src/imsee.cpp:34:0:
/root/workspace/workspace/i18r_g2-embeded/sp/submodules/sensors/imsee_module/src/../library/sha256.h:112:0: note: this is the location of the previous definition
 #define MAC_MODE_INCLUDE_SN             ((uint8) 0x40)       //!< MAC mode bit   6: include serial number
 
/root/workspace/workspace/i18r_g2-embeded/sp/submodules/sensors/imsee_module/src/imsee.cpp:1502:0: warning: "MAC_MODE_MASK" redefined
 #define MAC_MODE_MASK ((uint8_t)0x77)               //!< MAC mode bits 3 and 7 are 0.
 
In file included from /root/workspace/workspace/i18r_g2-embeded/sp/submodules/sensors/imsee_module/src/imsee.cpp:34:0:
/root/workspace/workspace/i18r_g2-embeded/sp/submodules/sensors/imsee_module/src/../library/sha256.h:114:0: note: this is the location of the previous definition
 #define MAC_MODE_MASK                   ((uint8) 0x77)       //!< MAC mode bits 3 and 7 are 0.
 
/root/workspace/workspace/i18r_g2-embeded/sp/submodules/sensors/imsee_module/src/imsee.cpp:1504:0: warning: "NONCE_MODE_SEED_UPDATE" redefined
 #define NONCE_MODE_SEED_UPDATE ((uint8_t)0x00)     //!< Nonce mode: update seed
 
In file included from /root/workspace/workspace/i18r_g2-embeded/sp/submodules/sensors/imsee_module/src/imsee.cpp:34:0:
/root/workspace/workspace/i18r_g2-embeded/sp/submodules/sensors/imsee_module/src/../library/sha256.h:143:0: note: this is the location of the previous definition
 #define NONCE_MODE_SEED_UPDATE          ((uint8_t) 0x00)       //!< Nonce mode: update seed
 
/root/workspace/workspace/i18r_g2-embeded/sp/submodules/sensors/imsee_module/src/imsee.cpp:1505:0: warning: "NONCE_MODE_NO_SEED_UPDATE" redefined
 #define NONCE_MODE_NO_SEED_UPDATE ((uint8_t)0x01)  //!< Nonce mode: do not update seed
 
In file included from /root/workspace/workspace/i18r_g2-embeded/sp/submodules/sensors/imsee_module/src/imsee.cpp:34:0:
/root/workspace/workspace/i18r_g2-embeded/sp/submodules/sensors/imsee_module/src/../library/sha256.h:144:0: note: this is the location of the previous definition
 #define NONCE_MODE_NO_SEED_UPDATE       ((uint8_t) 0x01)       //!< Nonce mode: do not update seed
 
/root/workspace/workspace/i18r_g2-embeded/sp/submodules/sensors/imsee_module/src/imsee.cpp:1506:0: warning: "NONCE_MODE_INVALID" redefined
 #define NONCE_MODE_INVALID ((uint8_t)0x02)         //!< Nonce mode 2 is invalid.
 
In file included from /root/workspace/workspace/i18r_g2-embeded/sp/submodules/sensors/imsee_module/src/imsee.cpp:34:0:
/root/workspace/workspace/i18r_g2-embeded/sp/submodules/sensors/imsee_module/src/../library/sha256.h:145:0: note: this is the location of the previous definition
 #define NONCE_MODE_INVALID              ((uint8_t) 0x02)       //!< Nonce mode 2 is invalid.
 
/root/workspace/workspace/i18r_g2-embeded/sp/submodules/sensors/imsee_module/src/imsee.cpp:1507:0: warning: "NONCE_MODE_PASSTHROUGH" redefined
 #define NONCE_MODE_PASSTHROUGH ((uint8_t)0x03)     //!< Nonce mode: pass-through
 
In file included from /root/workspace/workspace/i18r_g2-embeded/sp/submodules/sensors/imsee_module/src/imsee.cpp:34:0:
/root/workspace/workspace/i18r_g2-embeded/sp/submodules/sensors/imsee_module/src/../library/sha256.h:146:0: note: this is the location of the previous definition
 #define NONCE_MODE_PASSTHROUGH          ((uint8_t) 0x03)       //!< Nonce mode: pass-through
 
[ 20%] Building CXX object submodules/sensors/vcu_module/src/CMakeFiles/vcu_module.dir/__/__/drivers/can.cpp.o
[ 20%] Building C object submodules/sensors/vcu_module/src/CMakeFiles/vcu_module.dir/__/library/modbus-data.c.o
cc1: warning: command line option â€˜-std=c++1zâ€™ is valid for C++/ObjC++ but not for C
[ 20%] Building CXX object submodules/sensors/mcu_module/src/CMakeFiles/mcu_module.dir/McuModuleProtocol.cpp.o
[ 21%] Building C object submodules/sensors/vcu_module/src/CMakeFiles/vcu_module.dir/__/library/modbus-rtu.c.o
cc1: warning: command line option â€˜-std=c++1zâ€™ is valid for C++/ObjC++ but not for C
[ 22%] Building C object submodules/sensors/vcu_module/src/CMakeFiles/vcu_module.dir/__/library/modbus.c.o
cc1: warning: command line option â€˜-std=c++1zâ€™ is valid for C++/ObjC++ but not for C
[ 22%] Building CXX object submodules/sensors/vcu_module/src/CMakeFiles/vcu_module.dir/Vcu.cpp.o
[ 23%] Building CXX object submodules/sensors/sensor_module/src/CMakeFiles/sensor_module.dir/__/__/drivers/serial.cpp.o
/root/workspace/workspace/i18r_g2-embeded/sp/submodules/sensors/vcu_module/src/Vcu.cpp:32:31: warning: multi-character character constant [-Wmultichar]
   SERIAL_CONFIG_INFO.parity = 'No';
                               ^~~~
[ 24%] Building CXX object submodules/sensors/mcu_module/src/CMakeFiles/mcu_module.dir/SerialDriver.cpp.o
[ 24%] Linking CXX shared library ../../../../../install/lib/libsensor_module.so
/root/workspace/workspace/i18r_g2-embeded/sp/submodules/sensors/vcu_module/src/Vcu.cpp: In constructor â€˜vcu_module::Vcu::Vcu()â€™:
/root/workspace/workspace/i18r_g2-embeded/sp/submodules/sensors/vcu_module/src/Vcu.cpp:32:31: warning: large integer implicitly truncated to unsigned type [-Woverflow]
[ 24%] Built target sensor_module
Scanning dependencies of target usbtof_module
[ 25%] Building CXX object submodules/sensors/usbtof_module/src/CMakeFiles/usbtof_module.dir/Usb3dtof.cpp.o
[ 26%] Building CXX object submodules/sensors/mcu_module/src/CMakeFiles/mcu_module.dir/CanDriver.cpp.o
[ 27%] Building CXX object submodules/sensors/vcu_module/src/CMakeFiles/vcu_module.dir/VcuModule.cpp.o
[ 27%] Building CXX object submodules/sensors/mcu_module/src/CMakeFiles/mcu_module.dir/McuModule.cpp.o
[ 28%] Building C object submodules/sensors/imsee_module/src/CMakeFiles/imsee_module.dir/__/__/third_lib/libuvc/src/ctrl.c.o
cc1: warning: command line option â€˜-std=c++1zâ€™ is valid for C++/ObjC++ but not for C
[ 28%] Building C object submodules/sensors/imsee_module/src/CMakeFiles/imsee_module.dir/__/__/third_lib/libuvc/src/ctrl-gen.c.o
cc1: warning: command line option â€˜-std=c++1zâ€™ is valid for C++/ObjC++ but not for C
[ 29%] Building C object submodules/sensors/imsee_module/src/CMakeFiles/imsee_module.dir/__/__/third_lib/libuvc/src/device.c.o
cc1: warning: command line option â€˜-std=c++1zâ€™ is valid for C++/ObjC++ but not for C
[ 30%] Building C object submodules/sensors/imsee_module/src/CMakeFiles/imsee_module.dir/__/__/third_lib/libuvc/src/diag.c.o
cc1: warning: command line option â€˜-std=c++1zâ€™ is valid for C++/ObjC++ but not for C
[ 30%] Building C object submodules/sensors/imsee_module/src/CMakeFiles/imsee_module.dir/__/__/third_lib/libuvc/src/frame.c.o
cc1: warning: command line option â€˜-std=c++1zâ€™ is valid for C++/ObjC++ but not for C
[ 31%] Building C object submodules/sensors/imsee_module/src/CMakeFiles/imsee_module.dir/__/__/third_lib/libuvc/src/init.c.o
cc1: warning: command line option â€˜-std=c++1zâ€™ is valid for C++/ObjC++ but not for C
/root/workspace/workspace/i18r_g2-embeded/sp/submodules/sensors/third_lib/libuvc/src/init.c: In function â€˜_uvc_handle_eventsâ€™:
/root/workspace/workspace/i18r_g2-embeded/sp/submodules/sensors/third_lib/libuvc/src/init.c:98:3: warning: implicit declaration of function â€˜AttachThreadToEmbCpuâ€™ [-Wimplicit-function-declaration]
   AttachThreadToEmbCpu(pthread_self());
   ^~~~~~~~~~~~~~~~~~~~
/root/workspace/workspace/i18r_g2-embeded/sp/submodules/sensors/third_lib/libuvc/src/init.c:99:3: warning: implicit declaration of function â€˜SetThreadPriorityâ€™; did you mean â€˜__sched_priorityâ€™? [-Wimplicit-function-declaration]
   SetThreadPriority(pthread_self(), UVC_SYS_PRIORITY, "sys uvc recv event");
   ^~~~~~~~~~~~~~~~~
   __sched_priority
[ 32%] Building C object submodules/sensors/imsee_module/src/CMakeFiles/imsee_module.dir/__/__/third_lib/libuvc/src/misc.c.o
cc1: warning: command line option â€˜-std=c++1zâ€™ is valid for C++/ObjC++ but not for C
[ 32%] Building C object submodules/sensors/imsee_module/src/CMakeFiles/imsee_module.dir/__/__/third_lib/libuvc/src/stream.c.o
cc1: warning: command line option â€˜-std=c++1zâ€™ is valid for C++/ObjC++ but not for C
/root/workspace/workspace/i18r_g2-embeded/sp/submodules/sensors/third_lib/libuvc/src/stream.c: In function â€˜_uvc_user_callerâ€™:
/root/workspace/workspace/i18r_g2-embeded/sp/submodules/sensors/third_lib/libuvc/src/stream.c:1315:3: warning: implicit declaration of function â€˜pthread_setname_npâ€™; did you mean â€˜pthread_setcanceltypeâ€™? [-Wimplicit-function-declaration]
   pthread_setname_np(pthread_self(), "SysUvcUserCB");
   ^~~~~~~~~~~~~~~~~~
   pthread_setcanceltype
[ 33%] Building C object submodules/sensors/imsee_module/src/CMakeFiles/imsee_module.dir/__/__/third_lib/libusb/core.c.o
cc1: warning: command line option â€˜-std=c++1zâ€™ is valid for C++/ObjC++ but not for C
/root/workspace/workspace/i18r_g2-embeded/sp/submodules/sensors/usbtof_module/src/Usb3dtof.cpp: In member function â€˜usb_3d_tof::DEVICE_STATE usb_3d_tof::Tof::InternalStart()â€™:
/root/workspace/workspace/i18r_g2-embeded/sp/submodules/sensors/usbtof_module/src/Usb3dtof.cpp:749:60: warning: ISO C++ forbids converting a string constant to â€˜char*â€™ [-Wwrite-strings]
   DepthMapWrapperSetUp("NULL", (char *)spc_file_name.data());
                                                            ^
[ 33%] Building C object submodules/sensors/imsee_module/src/CMakeFiles/imsee_module.dir/__/__/third_lib/libusb/descriptor.c.o
cc1: warning: command line option â€˜-std=c++1zâ€™ is valid for C++/ObjC++ but not for C
[ 34%] Building C object submodules/sensors/imsee_module/src/CMakeFiles/imsee_module.dir/__/__/third_lib/libusb/hotplug.c.o
cc1: warning: command line option â€˜-std=c++1zâ€™ is valid for C++/ObjC++ but not for C
[ 35%] Building C object submodules/sensors/imsee_module/src/CMakeFiles/imsee_module.dir/__/__/third_lib/libusb/io.c.o
cc1: warning: command line option â€˜-std=c++1zâ€™ is valid for C++/ObjC++ but not for C
[ 36%] Linking CXX shared library ../../../../../install/lib/libvcu_module.so
[ 36%] Building C object submodules/sensors/imsee_module/src/CMakeFiles/imsee_module.dir/__/__/third_lib/libusb/strerror.c.o
cc1: warning: command line option â€˜-std=c++1zâ€™ is valid for C++/ObjC++ but not for C
[ 37%] Building C object submodules/sensors/imsee_module/src/CMakeFiles/imsee_module.dir/__/__/third_lib/libusb/sync.c.o
cc1: warning: command line option â€˜-std=c++1zâ€™ is valid for C++/ObjC++ but not for C
[ 37%] Building C object submodules/sensors/imsee_module/src/CMakeFiles/imsee_module.dir/__/__/third_lib/libusb/os/linux_netlink.c.o
cc1: warning: command line option â€˜-std=c++1zâ€™ is valid for C++/ObjC++ but not for C
[ 37%] Built target vcu_module
Scanning dependencies of target sunnytof_module
/root/workspace/workspace/i18r_g2-embeded/sp/submodules/sensors/third_lib/libusb/os/linux_netlink.c: In function â€˜linux_netlink_event_thread_mainâ€™:
/root/workspace/workspace/i18r_g2-embeded/sp/submodules/sensors/third_lib/libusb/os/linux_netlink.c:383:2: warning: implicit declaration of function â€˜AttachThreadToEmbCpuâ€™ [-Wimplicit-function-declaration]
  AttachThreadToEmbCpu(pthread_self());
  ^~~~~~~~~~~~~~~~~~~~
[ 38%] Building CXX object submodules/sensors/sunnyTof_module/src/CMakeFiles/sunnytof_module.dir/SunnyTof.cpp.o
[ 39%] Building C object submodules/sensors/imsee_module/src/CMakeFiles/imsee_module.dir/__/__/third_lib/libusb/os/linux_udev.c.o
cc1: warning: command line option â€˜-std=c++1zâ€™ is valid for C++/ObjC++ but not for C
[ 40%] Building C object submodules/sensors/imsee_module/src/CMakeFiles/imsee_module.dir/__/__/third_lib/libusb/os/linux_usbfs.c.o
cc1: warning: command line option â€˜-std=c++1zâ€™ is valid for C++/ObjC++ but not for C
[ 40%] Building C object submodules/sensors/imsee_module/src/CMakeFiles/imsee_module.dir/__/__/third_lib/libusb/os/poll_posix.c.o
cc1: warning: command line option â€˜-std=c++1zâ€™ is valid for C++/ObjC++ but not for C
[ 41%] Building C object submodules/sensors/imsee_module/src/CMakeFiles/imsee_module.dir/__/__/third_lib/libusb/os/threads_posix.c.o
cc1: warning: command line option â€˜-std=c++1zâ€™ is valid for C++/ObjC++ but not for C
[ 42%] Building C object submodules/sensors/imsee_module/src/CMakeFiles/imsee_module.dir/__/library/sha256.c.o
cc1: warning: command line option â€˜-std=c++1zâ€™ is valid for C++/ObjC++ but not for C
[ 42%] Linking CXX shared library ../../../../../install/lib/libimsee_module.so
[ 42%] Built target imsee_module
Scanning dependencies of target lidar_module
[ 43%] Building CXX object submodules/sensors/lidar_module/src/CMakeFiles/lidar_module.dir/device_base.cpp.o
[ 44%] Building CXX object submodules/sensors/lidar_module/src/CMakeFiles/lidar_module.dir/device.cpp.o
[ 45%] Linking CXX shared library ../../../../../install/lib/libmcu_module.so
[ 45%] Building CXX object submodules/sensors/usbtof_module/src/CMakeFiles/usbtof_module.dir/md5.cpp.o
[ 46%] Building C object submodules/sensors/usbtof_module/src/CMakeFiles/usbtof_module.dir/__/__/third_lib/libuvc/src/ctrl.c.o
cc1: warning: command line option â€˜-std=c++1zâ€™ is valid for C++/ObjC++ but not for C
[ 47%] Building C object submodules/sensors/usbtof_module/src/CMakeFiles/usbtof_module.dir/__/__/third_lib/libuvc/src/ctrl-gen.c.o
[ 47%] Built target mcu_module
cc1: warning: command line option â€˜-std=c++1zâ€™ is valid for C++/ObjC++ but not for C
Scanning dependencies of target multi_module
[ 47%] Building CXX object submodules/sensors/multi_module/src/CMakeFiles/multi_module.dir/__/__/drivers/serial.cpp.o
[ 47%] Building C object submodules/sensors/usbtof_module/src/CMakeFiles/usbtof_module.dir/__/__/third_lib/libuvc/src/device.c.o
cc1: warning: command line option â€˜-std=c++1zâ€™ is valid for C++/ObjC++ but not for C
[ 48%] Building C object submodules/sensors/usbtof_module/src/CMakeFiles/usbtof_module.dir/__/__/third_lib/libuvc/src/diag.c.o
cc1: warning: command line option â€˜-std=c++1zâ€™ is valid for C++/ObjC++ but not for C
[ 48%] Building C object submodules/sensors/usbtof_module/src/CMakeFiles/usbtof_module.dir/__/__/third_lib/libuvc/src/frame.c.o
cc1: warning: command line option â€˜-std=c++1zâ€™ is valid for C++/ObjC++ but not for C
[ 49%] Building C object submodules/sensors/usbtof_module/src/CMakeFiles/usbtof_module.dir/__/__/third_lib/libuvc/src/init.c.o
cc1: warning: command line option â€˜-std=c++1zâ€™ is valid for C++/ObjC++ but not for C
/root/workspace/workspace/i18r_g2-embeded/sp/submodules/sensors/third_lib/libuvc/src/init.c: In function â€˜_uvc_handle_eventsâ€™:
/root/workspace/workspace/i18r_g2-embeded/sp/submodules/sensors/third_lib/libuvc/src/init.c:98:3: warning: implicit declaration of function â€˜AttachThreadToEmbCpuâ€™ [-Wimplicit-function-declaration]
   AttachThreadToEmbCpu(pthread_self());
   ^~~~~~~~~~~~~~~~~~~~
/root/workspace/workspace/i18r_g2-embeded/sp/submodules/sensors/third_lib/libuvc/src/init.c:99:3: warning: implicit declaration of function â€˜SetThreadPriorityâ€™; did you mean â€˜__sched_priorityâ€™? [-Wimplicit-function-declaration]
   SetThreadPriority(pthread_self(), UVC_SYS_PRIORITY, "sys uvc recv event");
   ^~~~~~~~~~~~~~~~~
   __sched_priority
[ 50%] Building C object submodules/sensors/usbtof_module/src/CMakeFiles/usbtof_module.dir/__/__/third_lib/libuvc/src/misc.c.o
cc1: warning: command line option â€˜-std=c++1zâ€™ is valid for C++/ObjC++ but not for C
[ 50%] Building C object submodules/sensors/usbtof_module/src/CMakeFiles/usbtof_module.dir/__/__/third_lib/libuvc/src/stream.c.o
cc1: warning: command line option â€˜-std=c++1zâ€™ is valid for C++/ObjC++ but not for C
/root/workspace/workspace/i18r_g2-embeded/sp/submodules/sensors/third_lib/libuvc/src/stream.c: In function â€˜_uvc_user_callerâ€™:
/root/workspace/workspace/i18r_g2-embeded/sp/submodules/sensors/third_lib/libuvc/src/stream.c:1315:3: warning: implicit declaration of function â€˜pthread_setname_npâ€™; did you mean â€˜pthread_setcanceltypeâ€™? [-Wimplicit-function-declaration]
   pthread_setname_np(pthread_self(), "SysUvcUserCB");
   ^~~~~~~~~~~~~~~~~~
   pthread_setcanceltype
[ 51%] Building C object submodules/sensors/usbtof_module/src/CMakeFiles/usbtof_module.dir/__/__/third_lib/libusb/core.c.o
cc1: warning: command line option â€˜-std=c++1zâ€™ is valid for C++/ObjC++ but not for C
[ 52%] Building CXX object submodules/sensors/multi_module/src/CMakeFiles/multi_module.dir/__/__/drivers/can.cpp.o
[ 53%] Building C object submodules/sensors/usbtof_module/src/CMakeFiles/usbtof_module.dir/__/__/third_lib/libusb/descriptor.c.o
cc1: warning: command line option â€˜-std=c++1zâ€™ is valid for C++/ObjC++ but not for C
[ 53%] Building C object submodules/sensors/usbtof_module/src/CMakeFiles/usbtof_module.dir/__/__/third_lib/libusb/hotplug.c.o
cc1: warning: command line option â€˜-std=c++1zâ€™ is valid for C++/ObjC++ but not for C
[ 54%] Building C object submodules/sensors/usbtof_module/src/CMakeFiles/usbtof_module.dir/__/__/third_lib/libusb/io.c.o
cc1: warning: command line option â€˜-std=c++1zâ€™ is valid for C++/ObjC++ but not for C
[ 54%] Building C object submodules/sensors/usbtof_module/src/CMakeFiles/usbtof_module.dir/__/__/third_lib/libusb/strerror.c.o
cc1: warning: command line option â€˜-std=c++1zâ€™ is valid for C++/ObjC++ but not for C
[ 55%] Building C object submodules/sensors/usbtof_module/src/CMakeFiles/usbtof_module.dir/__/__/third_lib/libusb/sync.c.o
cc1: warning: command line option â€˜-std=c++1zâ€™ is valid for C++/ObjC++ but not for C
[ 56%] Building C object submodules/sensors/usbtof_module/src/CMakeFiles/usbtof_module.dir/__/__/third_lib/libusb/os/linux_netlink.c.o
cc1: warning: command line option â€˜-std=c++1zâ€™ is valid for C++/ObjC++ but not for C
/root/workspace/workspace/i18r_g2-embeded/sp/submodules/sensors/third_lib/libusb/os/linux_netlink.c: In function â€˜linux_netlink_event_thread_mainâ€™:
/root/workspace/workspace/i18r_g2-embeded/sp/submodules/sensors/third_lib/libusb/os/linux_netlink.c:383:2: warning: implicit declaration of function â€˜AttachThreadToEmbCpuâ€™ [-Wimplicit-function-declaration]
  AttachThreadToEmbCpu(pthread_self());
  ^~~~~~~~~~~~~~~~~~~~
[ 56%] Building C object submodules/sensors/usbtof_module/src/CMakeFiles/usbtof_module.dir/__/__/third_lib/libusb/os/linux_udev.c.o
cc1: warning: command line option â€˜-std=c++1zâ€™ is valid for C++/ObjC++ but not for C
[ 57%] Building C object submodules/sensors/usbtof_module/src/CMakeFiles/usbtof_module.dir/__/__/third_lib/libusb/os/linux_usbfs.c.o
cc1: warning: command line option â€˜-std=c++1zâ€™ is valid for C++/ObjC++ but not for C
[ 57%] Building CXX object submodules/sensors/lidar_module/src/CMakeFiles/lidar_module.dir/bootloader.cpp.o
[ 57%] Building C object submodules/sensors/usbtof_module/src/CMakeFiles/usbtof_module.dir/__/__/third_lib/libusb/os/poll_posix.c.o
[ 57%] Linking CXX shared library ../../../../../install/lib/libsunnytof_module.so
cc1: warning: command line option â€˜-std=c++1zâ€™ is valid for C++/ObjC++ but not for C
[ 58%] Building C object submodules/sensors/usbtof_module/src/CMakeFiles/usbtof_module.dir/__/__/third_lib/libusb/os/threads_posix.c.o
cc1: warning: command line option â€˜-std=c++1zâ€™ is valid for C++/ObjC++ but not for C
[ 59%] Building CXX object submodules/sensors/multi_module/src/CMakeFiles/multi_module.dir/MultiModule.cpp.o
[ 60%] Linking CXX shared library ../../../../../install/lib/libusbtof_module.so
[ 60%] Built target sunnytof_module
Scanning dependencies of target multi_main
[ 61%] Building CXX object submodules/sensors/multi_module/sample/CMakeFiles/multi_main.dir/__/__/drivers/serial.cpp.o
[ 61%] Built target usbtof_module
Scanning dependencies of target update_module
[ 62%] Building CXX object submodules/sensors/update_module/src/CMakeFiles/update_module.dir/UpdateProtocol.cpp.o
[ 63%] Building CXX object submodules/sensors/lidar_module/src/CMakeFiles/lidar_module.dir/device_info.cpp.o
[ 63%] Building CXX object submodules/sensors/multi_module/sample/CMakeFiles/multi_main.dir/__/__/drivers/can.cpp.o
[ 63%] Building CXX object submodules/sensors/lidar_module/src/CMakeFiles/lidar_module.dir/location.cpp.o
[ 64%] Building CXX object submodules/sensors/lidar_module/src/CMakeFiles/lidar_module.dir/session.cpp.o
/root/workspace/workspace/i18r_g2-embeded/sp/submodules/sensors/multi_module/src/MultiModule.cpp: In member function â€˜int multi_module::ToolsModule::GetCpuUsage(float&)â€™:
/root/workspace/workspace/i18r_g2-embeded/sp/submodules/sensors/multi_module/src/MultiModule.cpp:482:92: warning: format â€˜%dâ€™ expects argument of type â€˜int*â€™, but argument 4 has type â€˜long int*â€™ [-Wformat=]
     sscanf(buf, "%s%d%d%d%d%d%d%d", cpu, &user, &nice, &sys, &idle, &iowait, &irq, &softirq);
                                          ~~~~~                                             ^
/root/workspace/workspace/i18r_g2-embeded/sp/submodules/sensors/multi_module/src/MultiModule.cpp:482:92: warning: format â€˜%dâ€™ expects argument of type â€˜int*â€™, but argument 5 has type â€˜long int*â€™ [-Wformat=]
/root/workspace/workspace/i18r_g2-embeded/sp/submodules/sensors/multi_module/src/MultiModule.cpp:482:92: warning: format â€˜%dâ€™ expects argument of type â€˜int*â€™, but argument 6 has type â€˜long int*â€™ [-Wformat=]
/root/workspace/workspace/i18r_g2-embeded/sp/submodules/sensors/multi_module/src/MultiModule.cpp:482:92: warning: format â€˜%dâ€™ expects argument of type â€˜int*â€™, but argument 7 has type â€˜long int*â€™ [-Wformat=]
/root/workspace/workspace/i18r_g2-embeded/sp/submodules/sensors/multi_module/src/MultiModule.cpp:482:92: warning: format â€˜%dâ€™ expects argument of type â€˜int*â€™, but argument 8 has type â€˜long int*â€™ [-Wformat=]
/root/workspace/workspace/i18r_g2-embeded/sp/submodules/sensors/multi_module/src/MultiModule.cpp:482:92: warning: format â€˜%dâ€™ expects argument of type â€˜int*â€™, but argument 9 has type â€˜long int*â€™ [-Wformat=]
/root/workspace/workspace/i18r_g2-embeded/sp/submodules/sensors/multi_module/src/MultiModule.cpp:482:92: warning: format â€˜%dâ€™ expects argument of type â€˜int*â€™, but argument 10 has type â€˜long int*â€™ [-Wformat=]
/root/workspace/workspace/i18r_g2-embeded/sp/submodules/sensors/multi_module/src/MultiModule.cpp:493:92: warning: format â€˜%dâ€™ expects argument of type â€˜int*â€™, but argument 4 has type â€˜long int*â€™ [-Wformat=]
     sscanf(buf, "%s%d%d%d%d%d%d%d", cpu, &user, &nice, &sys, &idle, &iowait, &irq, &softirq);
                                          ~~~~~                                             ^
/root/workspace/workspace/i18r_g2-embeded/sp/submodules/sensors/multi_module/src/MultiModule.cpp:493:92: warning: format â€˜%dâ€™ expects argument of type â€˜int*â€™, but argument 5 has type â€˜long int*â€™ [-Wformat=]
/root/workspace/workspace/i18r_g2-embeded/sp/submodules/sensors/multi_module/src/MultiModule.cpp:493:92: warning: format â€˜%dâ€™ expects argument of type â€˜int*â€™, but argument 6 has type â€˜long int*â€™ [-Wformat=]
/root/workspace/workspace/i18r_g2-embeded/sp/submodules/sensors/multi_module/src/MultiModule.cpp:493:92: warning: format â€˜%dâ€™ expects argument of type â€˜int*â€™, but argument 7 has type â€˜long int*â€™ [-Wformat=]
/root/workspace/workspace/i18r_g2-embeded/sp/submodules/sensors/multi_module/src/MultiModule.cpp:493:92: warning: format â€˜%dâ€™ expects argument of type â€˜int*â€™, but argument 8 has type â€˜long int*â€™ [-Wformat=]
/root/workspace/workspace/i18r_g2-embeded/sp/submodules/sensors/multi_module/src/MultiModule.cpp:493:92: warning: format â€˜%dâ€™ expects argument of type â€˜int*â€™, but argument 9 has type â€˜long int*â€™ [-Wformat=]
/root/workspace/workspace/i18r_g2-embeded/sp/submodules/sensors/multi_module/src/MultiModule.cpp:493:92: warning: format â€˜%dâ€™ expects argument of type â€˜int*â€™, but argument 10 has type â€˜long int*â€™ [-Wformat=]
In file included from /root/workspace/workspace/i18r_g2-embeded/sp/submodules/sensors/common/TimeUsedCheck.hpp:5:0,
                 from /root/workspace/workspace/i18r_g2-embeded/sp/submodules/sensors/common/EmbLib.hpp:10,
                 from /root/workspace/workspace/i18r_g2-embeded/sp/submodules/sensors/multi_module/src/MultiModule.cpp:23:
/root/workspace/workspace/i18r_g2-embeded/sp/submodules/sensors/multi_module/src/MultiModule.cpp: In member function â€˜virtual int multi_module::ToolsModule::GetFreeMem(float&)â€™:
/root/workspace/workspace/i18r_g2-embeded/sp/submodules/sensors/common/RobotDebug.hpp:108:313: warning: format â€˜%fâ€™ expects a matching â€˜doubleâ€™ argument [-Wformat=]
 #define RobotINFO(format, ...) {if(EmbLog::GetInstance()->GetLogSwitch() && (LOG_LEVEL_INFO >= EmbLog::GetInstance()->GetLogMinLevel()))  fprintf(stdout, "%lu [%s:%d/%s] [sensors] " LOG_COLOR_BOLDGREEN format LOG_COLOR_RESET "\n", GetSystimeMs(), basename((char *)__FILE__), __LINE__, __FUNCTION__, ##__VA_ARGS__);}
                                                                                                                                                                                                                                                                                                                         ^
/root/workspace/workspace/i18r_g2-embeded/sp/submodules/sensors/multi_module/src/MultiModule.cpp:575:7: note: in expansion of macro â€˜RobotINFOâ€™
       RobotINFO("system, emmc size: %f, free %f", freeSize);
       ^~~~~~~~~
/root/workspace/workspace/i18r_g2-embeded/sp/submodules/sensors/multi_module/src/MultiModule.cpp: At global scope:
/root/workspace/workspace/i18r_g2-embeded/sp/submodules/sensors/multi_module/src/MultiModule.cpp:637:3: warning: â€˜typedefâ€™ was ignored in this declaration
   typedef struct CPU_OCCUPY
   ^~~~~~~
/root/workspace/workspace/i18r_g2-embeded/sp/submodules/sensors/multi_module/src/MultiModule.cpp: In member function â€˜int multi_module::ToolsModule::SetAndGetVoice(int)â€™:
/root/workspace/workspace/i18r_g2-embeded/sp/submodules/sensors/multi_module/src/MultiModule.cpp:752:22: warning: ISO C++ forbids converting a string constant to â€˜char*â€™ [-Wwrite-strings]
     char *sctrlstr = "DAC Digital";
                      ^~~~~~~~~~~~~
[ 65%] Building CXX object submodules/sensors/multi_module/sample/CMakeFiles/multi_main.dir/__/src/MultiModule.cpp.o
[ 66%] Building CXX object submodules/sensors/update_module/src/CMakeFiles/update_module.dir/Update.cpp.o
[ 67%] Building CXX object submodules/sensors/lidar_module/src/CMakeFiles/lidar_module.dir/transport.cpp.o
[ 67%] Building CXX object submodules/sensors/multi_module/src/CMakeFiles/multi_module.dir/MultiModuleDriver.cpp.o
/root/workspace/workspace/i18r_g2-embeded/sp/submodules/sensors/multi_module/src/MultiModule.cpp: In member function â€˜int multi_module::ToolsModule::GetCpuUsage(float&)â€™:
/root/workspace/workspace/i18r_g2-embeded/sp/submodules/sensors/multi_module/src/MultiModule.cpp:482:92: warning: format â€˜%dâ€™ expects argument of type â€˜int*â€™, but argument 4 has type â€˜long int*â€™ [-Wformat=]
     sscanf(buf, "%s%d%d%d%d%d%d%d", cpu, &user, &nice, &sys, &idle, &iowait, &irq, &softirq);
                                          ~~~~~                                             ^
/root/workspace/workspace/i18r_g2-embeded/sp/submodules/sensors/multi_module/src/MultiModule.cpp:482:92: warning: format â€˜%dâ€™ expects argument of type â€˜int*â€™, but argument 5 has type â€˜long int*â€™ [-Wformat=]
/root/workspace/workspace/i18r_g2-embeded/sp/submodules/sensors/multi_module/src/MultiModule.cpp:482:92: warning: format â€˜%dâ€™ expects argument of type â€˜int*â€™, but argument 6 has type â€˜long int*â€™ [-Wformat=]
/root/workspace/workspace/i18r_g2-embeded/sp/submodules/sensors/multi_module/src/MultiModule.cpp:482:92: warning: format â€˜%dâ€™ expects argument of type â€˜int*â€™, but argument 7 has type â€˜long int*â€™ [-Wformat=]
/root/workspace/workspace/i18r_g2-embeded/sp/submodules/sensors/multi_module/src/MultiModule.cpp:482:92: warning: format â€˜%dâ€™ expects argument of type â€˜int*â€™, but argument 8 has type â€˜long int*â€™ [-Wformat=]
/root/workspace/workspace/i18r_g2-embeded/sp/submodules/sensors/multi_module/src/MultiModule.cpp:482:92: warning: format â€˜%dâ€™ expects argument of type â€˜int*â€™, but argument 9 has type â€˜long int*â€™ [-Wformat=]
/root/workspace/workspace/i18r_g2-embeded/sp/submodules/sensors/multi_module/src/MultiModule.cpp:482:92: warning: format â€˜%dâ€™ expects argument of type â€˜int*â€™, but argument 10 has type â€˜long int*â€™ [-Wformat=]
/root/workspace/workspace/i18r_g2-embeded/sp/submodules/sensors/multi_module/src/MultiModule.cpp:493:92: warning: format â€˜%dâ€™ expects argument of type â€˜int*â€™, but argument 4 has type â€˜long int*â€™ [-Wformat=]
     sscanf(buf, "%s%d%d%d%d%d%d%d", cpu, &user, &nice, &sys, &idle, &iowait, &irq, &softirq);
                                          ~~~~~                                             ^
/root/workspace/workspace/i18r_g2-embeded/sp/submodules/sensors/multi_module/src/MultiModule.cpp:493:92: warning: format â€˜%dâ€™ expects argument of type â€˜int*â€™, but argument 5 has type â€˜long int*â€™ [-Wformat=]
/root/workspace/workspace/i18r_g2-embeded/sp/submodules/sensors/multi_module/src/MultiModule.cpp:493:92: warning: format â€˜%dâ€™ expects argument of type â€˜int*â€™, but argument 6 has type â€˜long int*â€™ [-Wformat=]
/root/workspace/workspace/i18r_g2-embeded/sp/submodules/sensors/multi_module/src/MultiModule.cpp:493:92: warning: format â€˜%dâ€™ expects argument of type â€˜int*â€™, but argument 7 has type â€˜long int*â€™ [-Wformat=]
/root/workspace/workspace/i18r_g2-embeded/sp/submodules/sensors/multi_module/src/MultiModule.cpp:493:92: warning: format â€˜%dâ€™ expects argument of type â€˜int*â€™, but argument 8 has type â€˜long int*â€™ [-Wformat=]
/root/workspace/workspace/i18r_g2-embeded/sp/submodules/sensors/multi_module/src/MultiModule.cpp:493:92: warning: format â€˜%dâ€™ expects argument of type â€˜int*â€™, but argument 9 has type â€˜long int*â€™ [-Wformat=]
/root/workspace/workspace/i18r_g2-embeded/sp/submodules/sensors/multi_module/src/MultiModule.cpp:493:92: warning: format â€˜%dâ€™ expects argument of type â€˜int*â€™, but argument 10 has type â€˜long int*â€™ [-Wformat=]
In file included from /root/workspace/workspace/i18r_g2-embeded/sp/submodules/sensors/common/TimeUsedCheck.hpp:5:0,
                 from /root/workspace/workspace/i18r_g2-embeded/sp/submodules/sensors/common/EmbLib.hpp:10,
                 from /root/workspace/workspace/i18r_g2-embeded/sp/submodules/sensors/multi_module/src/MultiModule.cpp:23:
/root/workspace/workspace/i18r_g2-embeded/sp/submodules/sensors/multi_module/src/MultiModule.cpp: In member function â€˜virtual int multi_module::ToolsModule::GetFreeMem(float&)â€™:
/root/workspace/workspace/i18r_g2-embeded/sp/submodules/sensors/common/RobotDebug.hpp:108:313: warning: format â€˜%fâ€™ expects a matching â€˜doubleâ€™ argument [-Wformat=]
 #define RobotINFO(format, ...) {if(EmbLog::GetInstance()->GetLogSwitch() && (LOG_LEVEL_INFO >= EmbLog::GetInstance()->GetLogMinLevel()))  fprintf(stdout, "%lu [%s:%d/%s] [sensors] " LOG_COLOR_BOLDGREEN format LOG_COLOR_RESET "\n", GetSystimeMs(), basename((char *)__FILE__), __LINE__, __FUNCTION__, ##__VA_ARGS__);}
                                                                                                                                                                                                                                                                                                                         ^
/root/workspace/workspace/i18r_g2-embeded/sp/submodules/sensors/multi_module/src/MultiModule.cpp:575:7: note: in expansion of macro â€˜RobotINFOâ€™
       RobotINFO("system, emmc size: %f, free %f", freeSize);
       ^~~~~~~~~
/root/workspace/workspace/i18r_g2-embeded/sp/submodules/sensors/multi_module/src/MultiModule.cpp: At global scope:
/root/workspace/workspace/i18r_g2-embeded/sp/submodules/sensors/multi_module/src/MultiModule.cpp:637:3: warning: â€˜typedefâ€™ was ignored in this declaration
   typedef struct CPU_OCCUPY
   ^~~~~~~
/root/workspace/workspace/i18r_g2-embeded/sp/submodules/sensors/multi_module/src/MultiModule.cpp: In member function â€˜int multi_module::ToolsModule::SetAndGetVoice(int)â€™:
/root/workspace/workspace/i18r_g2-embeded/sp/submodules/sensors/multi_module/src/MultiModule.cpp:752:22: warning: ISO C++ forbids converting a string constant to â€˜char*â€™ [-Wwrite-strings]
     char *sctrlstr = "DAC Digital";
                      ^~~~~~~~~~~~~
[ 67%] Building CXX object submodules/sensors/update_module/src/CMakeFiles/update_module.dir/__/__/drivers/serial.cpp.o
/root/workspace/workspace/i18r_g2-embeded/sp/submodules/sensors/multi_module/src/MultiModuleDriver.cpp: In member function â€˜int multi_module::MultiModuleDriver::Init(const string&)â€™:
/root/workspace/workspace/i18r_g2-embeded/sp/submodules/sensors/multi_module/src/MultiModuleDriver.cpp:28:27: warning: passing NULL to non-pointer argument 2 of â€˜int access(const char*, int)â€™ [-Wconversion-null]
   if (access(DirName, NULL) != 0) {
                           ^
[ 68%] Linking CXX shared library ../../../../../install/lib/libupdate_module.so
[ 68%] Built target update_module
[ 68%] Building CXX object submodules/sensors/lidar_module/src/CMakeFiles/lidar_module.dir/LidarData.cpp.o
[ 69%] Linking CXX shared library ../../../../../install/lib/libmulti_module.so
[ 69%] Building CXX object submodules/sensors/multi_module/sample/CMakeFiles/multi_main.dir/__/src/MultiModuleDriver.cpp.o
[ 69%] Built target multi_module
[ 70%] Building CXX object submodules/sensors/multi_module/sample/CMakeFiles/multi_main.dir/multi_main.cpp.o
Scanning dependencies of target timeservice_module
[ 71%] Building CXX object submodules/sensors/timeService_module/src/CMakeFiles/timeservice_module.dir/TimeService.cpp.o
[ 71%] Linking CXX shared library ../../../../../install/lib/libtimeservice_module.so
/root/workspace/workspace/i18r_g2-embeded/sp/submodules/sensors/multi_module/src/MultiModuleDriver.cpp: In member function â€˜int multi_module::MultiModuleDriver::Init(const string&)â€™:
/root/workspace/workspace/i18r_g2-embeded/sp/submodules/sensors/multi_module/src/MultiModuleDriver.cpp:28:27: warning: passing NULL to non-pointer argument 2 of â€˜int access(const char*, int)â€™ [-Wconversion-null]
   if (access(DirName, NULL) != 0) {
                           ^
Scanning dependencies of target selftest_module
[ 72%] Building CXX object submodules/sensors/selftest_module/src/CMakeFiles/selftest_module.dir/SelfTest.cpp.o
[ 72%] Built target timeservice_module
Scanning dependencies of target sysmonitor_module
[ 73%] Building CXX object submodules/sensors/system_monitor/src/CMakeFiles/sysmonitor_module.dir/SysMonitor.cpp.o
[ 74%] Linking CXX shared library ../../../../../install/lib/liblidar_module.so
[ 75%] Linking CXX executable ../../../../../install/bin/multi_main
[ 75%] Linking CXX shared library ../../../../../install/lib/libselftest_module.so
[ 75%] Built target lidar_module
[ 75%] Built target multi_main
[ 75%] Built target selftest_module
Scanning dependencies of target sensor_main
[ 76%] Linking CXX shared library ../../../../../install/lib/libsysmonitor_module.so
[ 77%] Building CXX object submodules/sensors/sensor_module/sample/CMakeFiles/sensor_main.dir/sensor_main.cpp.o
Scanning dependencies of target bslaser_main
Scanning dependencies of target sensor_plugin
[ 78%] Building CXX object submodules/sensors/bluelaser_module/sample/CMakeFiles/bslaser_main.dir/main.cpp.o
[ 79%] Building CXX object src/plugins/monitor/src/CMakeFiles/sensor_plugin.dir/Monitor.cpp.o
[ 79%] Built target sysmonitor_module
Scanning dependencies of target mcu_main
[ 80%] Building CXX object submodules/sensors/mcu_module/sample/CMakeFiles/mcu_main.dir/mcu_main.cpp.o
/root/workspace/workspace/i18r_g2-embeded/sp/submodules/sensors/sensor_module/sample/sensor_main.cpp: In function â€˜int main(int, char**)â€™:
/root/workspace/workspace/i18r_g2-embeded/sp/submodules/sensors/sensor_module/sample/sensor_main.cpp:89:63: warning: format â€˜%Xâ€™ expects argument of type â€˜unsigned intâ€™, but argument 2 has type â€˜long intâ€™ [-Wformat=]
     printf("vcutest >>> write id: 0x%X, value:%d\n", id, value);
                                                               ^
/root/workspace/workspace/i18r_g2-embeded/sp/submodules/sensors/sensor_module/sample/sensor_main.cpp:103:65: warning: format â€˜%Xâ€™ expects argument of type â€˜unsigned intâ€™, but argument 2 has type â€˜long intâ€™ [-Wformat=]
        printf("vcutest >>> read id: 0x%X, value:%d\n", id, value);
                                                                 ^
/root/workspace/workspace/i18r_g2-embeded/sp/submodules/sensors/sensor_module/sample/sensor_main.cpp:119:65: warning: format â€˜%Xâ€™ expects argument of type â€˜unsigned intâ€™, but argument 2 has type â€˜long intâ€™ [-Wformat=]
        printf("vcutest >>> read id: 0x%X, value:%d\n", id, value);
                                                                 ^
[ 80%] Linking CXX executable ../../../../../install/bin/sensor_main
[ 80%] Built target sensor_main
[ 80%] Building CXX object submodules/sensors/mcu_module/sample/CMakeFiles/mcu_main.dir/keyboard_control.cpp.o
Scanning dependencies of target imsee_main
[ 80%] Building CXX object submodules/sensors/imsee_module/sample/CMakeFiles/imsee_main.dir/imsee_main.cpp.o
[ 81%] Linking CXX executable ../../../../../install/bin/mcu_main
[ 82%] Building CXX object submodules/sensors/bluelaser_module/sample/CMakeFiles/bslaser_main.dir/__/src/Global.cpp.o
[ 82%] Built target mcu_main
Scanning dependencies of target vcu_main
In file included from /root/workspace/workspace/i18r_g2-embeded/sp/submodules/sensors/bluelaser_module/src/data.h:25:0,
                 from /root/workspace/workspace/i18r_g2-embeded/sp/submodules/sensors/bluelaser_module/src/Global.h:2,
                 from /root/workspace/workspace/i18r_g2-embeded/sp/submodules/sensors/bluelaser_module/src/Global.cpp:1:
/root/workspace/workspace/i18r_g2-embeded/sp/submodules/sensors/bluelaser_module/src/third_party/mongoose/mongoose.h:30:0: warning: "_POSIX_C_SOURCE" redefined
 #define _POSIX_C_SOURCE 199309L
 
In file included from /usr/include/aarch64-linux-gnu/bits/libc-header-start.h:33:0,
                 from /usr/include/stdint.h:26,
                 from /usr/lib/gcc/aarch64-linux-gnu/7/include/stdint.h:9,
                 from /root/workspace/workspace/i18r_g2-embeded/sp/submodules/sensors/bluelaser_module/src/data.h:19,
                 from /root/workspace/workspace/i18r_g2-embeded/sp/submodules/sensors/bluelaser_module/src/Global.h:2,
                 from /root/workspace/workspace/i18r_g2-embeded/sp/submodules/sensors/bluelaser_module/src/Global.cpp:1:
/usr/include/features.h:265:0: note: this is the location of the previous definition
 # define _POSIX_C_SOURCE 200809L
 
[ 82%] Building CXX object submodules/sensors/vcu_module/sample/CMakeFiles/vcu_main.dir/__/__/drivers/serial.cpp.o
In file included from /root/workspace/workspace/i18r_g2-embeded/sp/submodules/sensors/common/TimeUsedCheck.hpp:5:0,
                 from /root/workspace/workspace/i18r_g2-embeded/sp/submodules/sensors/common/EmbLib.hpp:10,
                 from /root/workspace/workspace/i18r_g2-embeded/sp/submodules/sensors/imsee_module/sample/imsee_main.cpp:5:
/root/workspace/workspace/i18r_g2-embeded/sp/submodules/sensors/imsee_module/sample/imsee_main.cpp: In lambda function:
/root/workspace/workspace/i18r_g2-embeded/sp/submodules/sensors/common/RobotDebug.hpp:108:313: warning: format â€˜%uâ€™ expects argument of type â€˜unsigned intâ€™, but argument 7 has type â€˜swr::base_types::Time {aka long unsigned int}â€™ [-Wformat=]
 #define RobotINFO(format, ...) {if(EmbLog::GetInstance()->GetLogSwitch() && (LOG_LEVEL_INFO >= EmbLog::GetInstance()->GetLogMinLevel()))  fprintf(stdout, "%lu [%s:%d/%s] [sensors] " LOG_COLOR_BOLDGREEN format LOG_COLOR_RESET "\n", GetSystimeMs(), basename((char *)__FILE__), __LINE__, __FUNCTION__, ##__VA_ARGS__);}
                                                                                                                                                                                                                                                                                                                         ^
/root/workspace/workspace/i18r_g2-embeded/sp/submodules/sensors/imsee_module/sample/imsee_main.cpp:262:9: note: in expansion of macro â€˜RobotINFOâ€™
         RobotINFO("error msg %u: 0x%.8x ON", msg.stamp, msg.code);
         ^~~~~~~~~
/root/workspace/workspace/i18r_g2-embeded/sp/submodules/sensors/common/RobotDebug.hpp:108:313: warning: format â€˜%uâ€™ expects argument of type â€˜unsigned intâ€™, but argument 7 has type â€˜swr::base_types::Time {aka long unsigned int}â€™ [-Wformat=]
 #define RobotINFO(format, ...) {if(EmbLog::GetInstance()->GetLogSwitch() && (LOG_LEVEL_INFO >= EmbLog::GetInstance()->GetLogMinLevel()))  fprintf(stdout, "%lu [%s:%d/%s] [sensors] " LOG_COLOR_BOLDGREEN format LOG_COLOR_RESET "\n", GetSystimeMs(), basename((char *)__FILE__), __LINE__, __FUNCTION__, ##__VA_ARGS__);}
                                                                                                                                                                                                                                                                                                                         ^
/root/workspace/workspace/i18r_g2-embeded/sp/submodules/sensors/imsee_module/sample/imsee_main.cpp:264:9: note: in expansion of macro â€˜RobotINFOâ€™
         RobotINFO("error msg %u: 0x%.8x OFF", msg.stamp, msg.code);
         ^~~~~~~~~
[ 83%] Linking CXX executable ../../../../../install/bin/imsee_main
[ 83%] Building CXX object submodules/sensors/bluelaser_module/sample/CMakeFiles/bslaser_main.dir/__/src/LidarDataProcess.cpp.o
[ 83%] Built target imsee_main
[ 84%] Building CXX object submodules/sensors/bluelaser_module/sample/CMakeFiles/bslaser_main.dir/__/src/standard_interface_linux.cpp.o
In file included from /root/workspace/workspace/i18r_g2-embeded/sp/submodules/sensors/bluelaser_module/src/data.h:25:0,
                 from /root/workspace/workspace/i18r_g2-embeded/sp/submodules/sensors/bluelaser_module/src/Global.h:2,
                 from /root/workspace/workspace/i18r_g2-embeded/sp/submodules/sensors/bluelaser_module/src/LidarDataProcess.h:3,
                 from /root/workspace/workspace/i18r_g2-embeded/sp/submodules/sensors/bluelaser_module/src/LidarDataProcess.cpp:3:
/root/workspace/workspace/i18r_g2-embeded/sp/submodules/sensors/bluelaser_module/src/third_party/mongoose/mongoose.h:30:0: warning: "_POSIX_C_SOURCE" redefined
 #define _POSIX_C_SOURCE 199309L
 
In file included from /usr/include/aarch64-linux-gnu/bits/libc-header-start.h:33:0,
                 from /usr/include/stdint.h:26,
                 from /usr/lib/gcc/aarch64-linux-gnu/7/include/stdint.h:9,
                 from /root/workspace/workspace/i18r_g2-embeded/sp/submodules/sensors/bluelaser_module/src/data.h:19,
                 from /root/workspace/workspace/i18r_g2-embeded/sp/submodules/sensors/bluelaser_module/src/Global.h:2,
                 from /root/workspace/workspace/i18r_g2-embeded/sp/submodules/sensors/bluelaser_module/src/LidarDataProcess.h:3,
                 from /root/workspace/workspace/i18r_g2-embeded/sp/submodules/sensors/bluelaser_module/src/LidarDataProcess.cpp:3:
/usr/include/features.h:265:0: note: this is the location of the previous definition
 # define _POSIX_C_SOURCE 200809L
 
In file included from /root/workspace/workspace/i18r_g2-embeded/sp/submodules/sensors/bluelaser_module/sample/../src/data.h:25:0,
                 from /root/workspace/workspace/i18r_g2-embeded/sp/submodules/sensors/bluelaser_module/sample/../src/service/ZoneAlarm.h:4,
                 from /root/workspace/workspace/i18r_g2-embeded/sp/submodules/sensors/bluelaser_module/src/standard_interface.h:4,
                 from /root/workspace/workspace/i18r_g2-embeded/sp/submodules/sensors/bluelaser_module/src/standard_interface_linux.cpp:5:
/root/workspace/workspace/i18r_g2-embeded/sp/submodules/sensors/bluelaser_module/sample/../src/third_party/mongoose/mongoose.h:30:0: warning: "_POSIX_C_SOURCE" redefined
 #define _POSIX_C_SOURCE 199309L
 
In file included from /usr/include/aarch64-linux-gnu/bits/libc-header-start.h:33:0,
                 from /usr/include/stdint.h:26,
                 from /usr/lib/gcc/aarch64-linux-gnu/7/include/stdint.h:9,
                 from /root/workspace/workspace/i18r_g2-embeded/sp/submodules/sensors/bluelaser_module/sample/../src/data.h:19,
                 from /root/workspace/workspace/i18r_g2-embeded/sp/submodules/sensors/bluelaser_module/sample/../src/service/ZoneAlarm.h:4,
                 from /root/workspace/workspace/i18r_g2-embeded/sp/submodules/sensors/bluelaser_module/src/standard_interface.h:4,
                 from /root/workspace/workspace/i18r_g2-embeded/sp/submodules/sensors/bluelaser_module/src/standard_interface_linux.cpp:5:
/usr/include/features.h:265:0: note: this is the location of the previous definition
 # define _POSIX_C_SOURCE 200809L
 
In file included from /root/workspace/workspace/i18r_g2-embeded/sp/submodules/sensors/bluelaser_module/sample/../src/service/ZoneAlarm.h:4:0,
                 from /root/workspace/workspace/i18r_g2-embeded/sp/submodules/sensors/bluelaser_module/src/standard_interface.h:4,
                 from /root/workspace/workspace/i18r_g2-embeded/sp/submodules/sensors/bluelaser_module/src/standard_interface_linux.cpp:5:
/root/workspace/workspace/i18r_g2-embeded/sp/submodules/sensors/bluelaser_module/src/standard_interface_linux.cpp: In function â€˜int ZoneSection(long int, int, int)â€™:
/root/workspace/workspace/i18r_g2-embeded/sp/submodules/sensors/bluelaser_module/sample/../src/data.h:111:41: warning: format â€˜%sâ€™ expects a matching â€˜char*â€™ argument [-Wformat=]
 #define DEBUG_PR(...) printf(__VA_ARGS__)
                                         ^
/root/workspace/workspace/i18r_g2-embeded/sp/submodules/sensors/bluelaser_module/src/standard_interface_linux.cpp:347:5: note: in expansion of macro â€˜DEBUG_PRâ€™
     DEBUG_PR("%s msg error! %s\n", __FUNCTION__);
     ^~~~~~~~
/root/workspace/workspace/i18r_g2-embeded/sp/submodules/sensors/bluelaser_module/src/LidarDataProcess.cpp: In function â€˜void* lidar_thread_proc_uart(void*)â€™:
/root/workspace/workspace/i18r_g2-embeded/sp/submodules/sensors/bluelaser_module/src/LidarDataProcess.cpp:2089:44: warning: format â€˜%dâ€™ expects argument of type â€˜intâ€™, but argument 2 has type â€˜char*â€™ [-Wformat=]
       printf("uart GetDevInfo_MSG %d\n",buf);
                                            ^
/root/workspace/workspace/i18r_g2-embeded/sp/submodules/sensors/bluelaser_module/src/LidarDataProcess.cpp:2093:44: warning: format â€˜%dâ€™ expects argument of type â€˜intâ€™, but argument 2 has type â€˜char*â€™ [-Wformat=]
       printf("uart GetDevInfo_MSG %d\n",buf);
                                            ^
/root/workspace/workspace/i18r_g2-embeded/sp/submodules/sensors/bluelaser_module/src/LidarDataProcess.cpp: In function â€˜void* lidar_thread_proc_udp(void*)â€™:
/root/workspace/workspace/i18r_g2-embeded/sp/submodules/sensors/bluelaser_module/src/LidarDataProcess.cpp:2705:60: warning: ISO C++ forbids converting a string constant to â€˜char*â€™ [-Wwrite-strings]
               dat, consume, cfg->with_chk, zone,fan_segs,"");
                                                            ^
[ 84%] Building C object submodules/sensors/bluelaser_module/sample/CMakeFiles/bslaser_main.dir/__/src/uart.c.o
cc1: warning: command line option â€˜-std=c++1zâ€™ is valid for C++/ObjC++ but not for C
[ 85%] Building CXX object submodules/sensors/vcu_module/sample/CMakeFiles/vcu_main.dir/vcu_main.cpp.o
Scanning dependencies of target usbtof_main
[ 86%] Building CXX object submodules/sensors/usbtof_module/sample/CMakeFiles/usbtof_main.dir/usbtof_main.cpp.o
[ 87%] Building C object submodules/sensors/bluelaser_module/sample/CMakeFiles/bslaser_main.dir/__/src/third_party/cJson/cJSON.c.o
cc1: warning: command line option â€˜-std=c++1zâ€™ is valid for C++/ObjC++ but not for C
[ 88%] Building C object submodules/sensors/bluelaser_module/sample/CMakeFiles/bslaser_main.dir/__/src/third_party/mongoose/mongoose.c.o
cc1: warning: command line option â€˜-std=c++1zâ€™ is valid for C++/ObjC++ but not for C
[ 88%] Building CXX object submodules/sensors/bluelaser_module/sample/CMakeFiles/bslaser_main.dir/__/src/service/LidarCheckService_linux.cpp.o
[ 89%] Building CXX object submodules/sensors/bluelaser_module/sample/CMakeFiles/bslaser_main.dir/__/src/service/LidarWebService.cpp.o
In file included from /root/workspace/workspace/i18r_g2-embeded/sp/submodules/sensors/bluelaser_module/sample/../src/data.h:25:0,
                 from /root/workspace/workspace/i18r_g2-embeded/sp/submodules/sensors/bluelaser_module/src/service/LidarWebService.h:3,
                 from /root/workspace/workspace/i18r_g2-embeded/sp/submodules/sensors/bluelaser_module/src/service/LidarWebService.cpp:2:
/root/workspace/workspace/i18r_g2-embeded/sp/submodules/sensors/bluelaser_module/sample/../src/third_party/mongoose/mongoose.h:30:0: warning: "_POSIX_C_SOURCE" redefined
 #define _POSIX_C_SOURCE 199309L
 
In file included from /usr/include/aarch64-linux-gnu/sys/time.h:21:0,
                 from /root/workspace/workspace/i18r_g2-embeded/sp/submodules/sensors/bluelaser_module/src/service/LidarCheckService.h:14,
                 from /root/workspace/workspace/i18r_g2-embeded/sp/submodules/sensors/bluelaser_module/src/service/LidarWebService.cpp:1:
/usr/include/features.h:265:0: note: this is the location of the previous definition
 # define _POSIX_C_SOURCE 200809L
 
/root/workspace/workspace/i18r_g2-embeded/sp/submodules/sensors/vcu_module/sample/vcu_main.cpp:18:5: warning: second argument of â€˜int main(int, int*)â€™ should be â€˜char **â€™ [-Wmain]
 int main(int argc, int argv[])
     ^~~~
[ 90%] Linking CXX executable ../../../../../install/bin/vcu_main
[ 90%] Built target vcu_main
[ 90%] Building CXX object submodules/sensors/bluelaser_module/sample/CMakeFiles/bslaser_main.dir/__/src/service/ZoneAlarm_linux.cpp.o
In file included from /root/workspace/workspace/i18r_g2-embeded/sp/submodules/sensors/bluelaser_module/sample/../src/data.h:25:0,
                 from /root/workspace/workspace/i18r_g2-embeded/sp/submodules/sensors/bluelaser_module/src/service/ZoneAlarm.h:4,
                 from /root/workspace/workspace/i18r_g2-embeded/sp/submodules/sensors/bluelaser_module/src/service/ZoneAlarm_linux.cpp:1:
/root/workspace/workspace/i18r_g2-embeded/sp/submodules/sensors/bluelaser_module/sample/../src/third_party/mongoose/mongoose.h:30:0: warning: "_POSIX_C_SOURCE" redefined
 #define _POSIX_C_SOURCE 199309L
 
In file included from /usr/include/aarch64-linux-gnu/bits/libc-header-start.h:33:0,
                 from /usr/include/stdint.h:26,
                 from /usr/lib/gcc/aarch64-linux-gnu/7/include/stdint.h:9,
                 from /root/workspace/workspace/i18r_g2-embeded/sp/submodules/sensors/bluelaser_module/sample/../src/data.h:19,
                 from /root/workspace/workspace/i18r_g2-embeded/sp/submodules/sensors/bluelaser_module/src/service/ZoneAlarm.h:4,
                 from /root/workspace/workspace/i18r_g2-embeded/sp/submodules/sensors/bluelaser_module/src/service/ZoneAlarm_linux.cpp:1:
/usr/include/features.h:265:0: note: this is the location of the previous definition
 # define _POSIX_C_SOURCE 200809L
 
Scanning dependencies of target sunnytof_main
[ 90%] Building CXX object submodules/sensors/sunnyTof_module/sample/CMakeFiles/sunnytof_main.dir/sunnyTof_main.cpp.o
/root/workspace/workspace/i18r_g2-embeded/sp/submodules/sensors/bluelaser_module/src/service/ZoneAlarm_linux.cpp: In member function â€˜int ZoneAlarm::getZoneRev(unsigned char*, int, int, int&)â€™:
/root/workspace/workspace/i18r_g2-embeded/sp/submodules/sensors/bluelaser_module/src/service/ZoneAlarm_linux.cpp:77:63: warning: format â€˜%xâ€™ expects argument of type â€˜unsigned intâ€™, but argument 3 has type â€˜long unsigned intâ€™ [-Wformat=]
      printf("size %x != %x", pac.total_crc[0], sizeof(ZoneDef));
                                                               ^
[ 91%] Building CXX object submodules/sensors/bluelaser_module/sample/CMakeFiles/bslaser_main.dir/__/src/Laser.cpp.o
In file included from /root/workspace/workspace/i18r_g2-embeded/sp/submodules/sensors/bluelaser_module/src/data.h:25:0,
                 from /root/workspace/workspace/i18r_g2-embeded/sp/submodules/sensors/bluelaser_module/src/Global.h:2,
                 from /root/workspace/workspace/i18r_g2-embeded/sp/submodules/sensors/bluelaser_module/src/LidarDataProcess.h:3,
                 from /root/workspace/workspace/i18r_g2-embeded/sp/submodules/sensors/bluelaser_module/src/Laser.cpp:9:
/root/workspace/workspace/i18r_g2-embeded/sp/submodules/sensors/bluelaser_module/src/third_party/mongoose/mongoose.h:30:0: warning: "_POSIX_C_SOURCE" redefined
 #define _POSIX_C_SOURCE 199309L
 
In file included from /usr/include/aarch64-linux-gnu/c++/7/bits/os_defines.h:39:0,
                 from /usr/include/aarch64-linux-gnu/c++/7/bits/c++config.h:533,
                 from /usr/include/c++/7/bits/stl_algobase.h:59,
                 from /usr/include/c++/7/memory:62,
                 from /usr/local/include/mind_os/const_ptr.h:10,
                 from /usr/local/include/mind_os/serialization/serialization.h:10,
                 from /root/workspace/workspace/i18r_g2-embeded/sp/submodules/messages/msg/base/ErrorMessage.h:7,
                 from /root/workspace/workspace/i18r_g2-embeded/sp/submodules/messages/msg/base_types.h:3,
                 from /root/workspace/workspace/i18r_g2-embeded/sp/submodules/sensors/include/BlueSealLaser.hpp:3,
                 from /root/workspace/workspace/i18r_g2-embeded/sp/submodules/sensors/bluelaser_module/src/Laser.hpp:3,
                 from /root/workspace/workspace/i18r_g2-embeded/sp/submodules/sensors/bluelaser_module/src/Laser.cpp:2:
/usr/include/features.h:265:0: note: this is the location of the previous definition
 # define _POSIX_C_SOURCE 200809L
 
/root/workspace/workspace/i18r_g2-embeded/sp/submodules/sensors/bluelaser_module/src/Laser.cpp:16:17: warning: ISO C++ forbids converting a string constant to â€˜char*â€™ [-Wwrite-strings]
 char* laserIp = "192.168.10.161";
                 ^~~~~~~~~~~~~~~~
/root/workspace/workspace/i18r_g2-embeded/sp/submodules/sensors/bluelaser_module/src/Laser.cpp: In member function â€˜void BlueSealLaserModule::blueseal_lasermodule::LaserThread()â€™:
/root/workspace/workspace/i18r_g2-embeded/sp/submodules/sensors/bluelaser_module/src/Laser.cpp:198:129: warning: ISO C++ forbids converting a string constant to â€˜char*â€™ [-Wwrite-strings]
         is_pack = ParseAPI::parse_data_x(len, buf, fan_span, unitIsMM, withConfidence, dat, consume, withChk, zone, fan_segs, "");
                                                                                                                                 ^
[ 91%] Linking CXX executable ../../../../../install/bin/usbtof_main
[ 91%] Built target usbtof_main
Scanning dependencies of target lidar_main
[ 92%] Building CXX object submodules/sensors/lidar_module/sample/CMakeFiles/lidar_main.dir/lidar_main.cpp.o
[ 93%] Linking CXX executable ../../../../../install/bin/bslaser_main
[ 93%] Built target bslaser_main
Scanning dependencies of target update_main
[ 94%] Building CXX object submodules/sensors/update_module/sample/CMakeFiles/update_main.dir/main.cpp.o
[ 95%] Linking CXX executable ../../../../../install/bin/sunnytof_main
[ 95%] Built target sunnytof_main
Scanning dependencies of target timeservice_main
[ 95%] Building CXX object submodules/sensors/timeService_module/sample/CMakeFiles/timeservice_main.dir/main.cpp.o
[ 96%] Linking CXX executable ../../../../../install/bin/timeservice_main
[ 96%] Built target timeservice_main
[ 96%] Linking CXX executable ../../../../../install/bin/update_main
Scanning dependencies of target selftest_main
[ 96%] Building CXX object submodules/sensors/selftest_module/sample/CMakeFiles/selftest_main.dir/main.cpp.o
[ 96%] Built target update_main
Scanning dependencies of target sysmonitor_main
[ 97%] Building CXX object submodules/sensors/system_monitor/sample/CMakeFiles/sysmonitor_main.dir/sysmonitor_main.cpp.o
[ 98%] Linking CXX executable ../../../../../install/bin/selftest_main
[ 98%] Linking CXX executable ../../../../../install/bin/lidar_main
[ 98%] Built target selftest_main
[ 98%] Built target lidar_main
[ 98%] Linking CXX executable ../../../../../install/bin/sysmonitor_main
[ 98%] Built target sysmonitor_main
[ 99%] Linking CXX shared library ../../../../../install/lib/libsensor_plugin.so
[ 99%] Built target sensor_plugin
Scanning dependencies of target monitor_main
[ 99%] Building CXX object src/plugins/monitor/sample/CMakeFiles/monitor_main.dir/monitor_main.cpp.o
[100%] Linking CXX executable ../../../../../install/bin/monitor_main
/usr/bin/ld: warning: libddsc.so.0, needed by //usr/local/lib/libmind_os.so, not found (try using -rpath or -rpath-link)
//usr/local/lib/libmind_os.soï¼šå¯¹â€˜dds_write_tsâ€™æœªå®šä¹‰çš„å¼•ç”¨
//usr/local/lib/libmind_os.soï¼šå¯¹â€˜dds_sample_freeâ€™æœªå®šä¹‰çš„å¼•ç”¨
//usr/local/lib/libmind_os.soï¼šå¯¹â€˜dds_create_readconditionâ€™æœªå®šä¹‰çš„å¼•ç”¨
//usr/local/lib/libmind_os.soï¼šå¯¹â€˜dds_create_publisherâ€™æœªå®šä¹‰çš„å¼•ç”¨
//usr/local/lib/libmind_os.soï¼šå¯¹â€˜dds_create_participantâ€™æœªå®šä¹‰çš„å¼•ç”¨
//usr/local/lib/libmind_os.soï¼šå¯¹â€˜dds_set_status_maskâ€™æœªå®šä¹‰çš„å¼•ç”¨
//usr/local/lib/libmind_os.soï¼šå¯¹â€˜dds_strretcodeâ€™æœªå®šä¹‰çš„å¼•ç”¨
//usr/local/lib/libmind_os.soï¼šå¯¹â€˜dds_create_subscriberâ€™æœªå®šä¹‰çš„å¼•ç”¨
//usr/local/lib/libmind_os.soï¼šå¯¹â€˜dds_create_topicâ€™æœªå®šä¹‰çš„å¼•ç”¨
//usr/local/lib/libmind_os.soï¼šå¯¹â€˜dds_allocâ€™æœªå®šä¹‰çš„å¼•ç”¨
//usr/local/lib/libmind_os.soï¼šå¯¹â€˜dds_waitset_waitâ€™æœªå®šä¹‰çš„å¼•ç”¨
//usr/local/lib/libmind_os.soï¼šå¯¹â€˜dds_create_qosâ€™æœªå®šä¹‰çš„å¼•ç”¨
//usr/local/lib/libmind_os.soï¼šå¯¹â€˜dds_get_status_changesâ€™æœªå®šä¹‰çš„å¼•ç”¨
//usr/local/lib/libmind_os.soï¼šå¯¹â€˜dds_timeâ€™æœªå®šä¹‰çš„å¼•ç”¨
//usr/local/lib/libmind_os.soï¼šå¯¹â€˜dds_waitset_set_triggerâ€™æœªå®šä¹‰çš„å¼•ç”¨
//usr/local/lib/libmind_os.soï¼šå¯¹â€˜dds_qset_writer_data_lifecycleâ€™æœªå®šä¹‰çš„å¼•ç”¨
//usr/local/lib/libmind_os.soï¼šå¯¹â€˜dds_sleepforâ€™æœªå®šä¹‰çš„å¼•ç”¨
//usr/local/lib/libmind_os.soï¼šå¯¹â€˜dds_qset_reliabilityâ€™æœªå®šä¹‰çš„å¼•ç”¨
//usr/local/lib/libmind_os.soï¼šå¯¹â€˜dds_create_waitsetâ€™æœªå®šä¹‰çš„å¼•ç”¨
//usr/local/lib/libmind_os.soï¼šå¯¹â€˜dds_create_readerâ€™æœªå®šä¹‰çš„å¼•ç”¨
//usr/local/lib/libmind_os.soï¼šå¯¹â€˜dds_writeâ€™æœªå®šä¹‰çš„å¼•ç”¨
//usr/local/lib/libmind_os.soï¼šå¯¹â€˜dds_delete_qosâ€™æœªå®šä¹‰çš„å¼•ç”¨
//usr/local/lib/libmind_os.soï¼šå¯¹â€˜dds_waitset_attachâ€™æœªå®šä¹‰çš„å¼•ç”¨
//usr/local/lib/libmind_os.soï¼šå¯¹â€˜dds_triggeredâ€™æœªå®šä¹‰çš„å¼•ç”¨
//usr/local/lib/libmind_os.soï¼šå¯¹â€˜dds_deleteâ€™æœªå®šä¹‰çš„å¼•ç”¨
//usr/local/lib/libmind_os.soï¼šå¯¹â€˜dds_create_writerâ€™æœªå®šä¹‰çš„å¼•ç”¨
//usr/local/lib/libmind_os.soï¼šå¯¹â€˜dds_takeâ€™æœªå®šä¹‰çš„å¼•ç”¨
//usr/local/lib/libmind_os.soï¼šå¯¹â€˜dds_qset_partitionâ€™æœªå®šä¹‰çš„å¼•ç”¨
collect2: error: ld returned 1 exit status
src/plugins/monitor/sample/CMakeFiles/monitor_main.dir/build.make:123: recipe for target '../install/bin/monitor_main' failed
make[2]: *** [../install/bin/monitor_main] Error 1
CMakeFiles/Makefile2:2025: recipe for target 'src/plugins/monitor/sample/CMakeFiles/monitor_main.dir/all' failed
make[1]: *** [src/plugins/monitor/sample/CMakeFiles/monitor_main.dir/all] Error 2
Makefile:83: recipe for target 'all' failed
make: *** [all] Error 2
Build step 'Execute shell' marked build as failure
Finished: FAILURE
