Started by user [8mha:////4MzersSP/9cKUovrzPMuoS/kLqxVF8zd8yb1BUJ8RGIAAAAAmh+LCAAAAAAAAP9b85aBtbiIQTGjNKU4P08vOT+vOD8nVc83PyU1x6OyILUoJzMv2y+/JJUBAhiZGBgqihhk0NSjKDWzXb3RdlLBUSYGJk8GtpzUvPSSDB8G5tKinBIGIZ+sxLJE/ZzEvHT94JKizLx0a6BxUmjGOUNodHsLgAzuEgYB/dLi1CL9nMzSXKDZQJMAv/Rqu8UAAAA=[0mliumengyang
Rebuilds build #[8mha:////4Ilu5k1KRhjpwDjeUEn8ykh8SSgSSsMYMmfL3O6MWKeHAAAAqB+LCAAAAAAAAP9b85aBtbiIQTGjNKU4P08vOT+vOD8nVc83PyU1x6OyILUoJzMv2y+/JJUBAhiZGBgqihhk0NSjKDWzXb3RdlLBUSYGJk8GtpzUvPSSDB8G5tKinBIGIZ+sxLJE/ZzEvHT94JKizLx0a6BxUmjGOUNodHsLgAymEgYl/bLM1HL91Nyk1JTUFP2s/CT99NSiokpdmIiFGQCfU5DF1wAAAA==[0m86
Running as SYSTEM
Building remotely on [8mha:////4Mv+1wvIWl3OXIDGu6w3unSREX/fT0xpLFWon9eyySx4AAAAoR+LCAAAAAAAAP9b85aBtbiIQTGjNKU4P08vOT+vOD8nVc83PyU1x6OyILUoJzMv2y+/JJUBAhiZGBgqihhk0NSjKDWzXb3RdlLBUSYGJk8GtpzUvPSSDB8G5tKinBIGIZ+sxLJE/ZzEvHT94JKizLx0a6BxUmjGOUNodHsLgAzuEgZR/eT83ILSktQi/eyMxJTEYt3kxCJzAF4ra8rKAAAA[0mkhadas-car7 (car7) in workspace /root/workspace/workspace/gerry-embeded
[WS-CLEANUP] Clean-up disabled, skipping workspace deletion.
[gerry-embeded] $ /bin/sh -xe /tmp/jenkins8595537160990575309.sh
+ bash /root/myscript/build/build.sh
++ export MYSQL_PWD=123
++ MYSQL_PWD=123
++ export -f cmdb_mysql
+ . /root/myscript/build/../sh/version-update.sh
++ . /root/.bashrc
+++ '[' -z '' ']'
+++ return
+ set -ex
+ export -f public_project_update
+ export -f project_build
+ init_project_env
++ date +%Y%m%d
+ DT=20240729
+ UserName=jenkins
+ API_TOKEN=11b65309c9835de9579d9c9038853d9eb7
+ GIT_PRIVATE_TOKEN=emEDrsaJVjxKK5gSWrf-
+ GIT_HOST=192.168.50.191
++ awk -F/ '{print $1"%2F"$2}'
++ echo wukong/integration/embedded
+ CONVERT_TARGET_PROJECT=wukong%2Fintegration
++ python -c 'import sys, json; print(json.load(sys.stdin)["id"])'
/root/myscript/build/build.sh: line 15: python: command not found
++ curl -XGET -H 'Content-Type: application/json' --header 'PRIVATE-TOKEN: emEDrsaJVjxKK5gSWrf-' http://192.168.50.191:85/api/v4/projects/wukong%2Fintegration
  % Total    % Received % Xferd  Average Speed   Time    Time     Time  Current
                                 Dload  Upload   Total   Spent    Left  Speed
  0     0    0     0    0     0      0      0 --:--:-- --:--:-- --:--:--     0100    35  100    35    0     0    760      0 --:--:-- --:--:-- --:--:--   760
(23) Failed writing body
+ SUB_PROJECT_ID=
+ true
+ '[' -z ']'
+ SOURCE_DIR=/root/workspace/workspace/gerry-embeded/gerry
+ TARGET_DIR=/root/workspace/workspace/gerry-embeded/embedded
+ prepare_env
++ uname -m
+ system_platform=aarch64
+ :
++ uniq
++ sort
++ grep processor
++ cat /proc/cpuinfo
++ wc -l
+ mt=-j4
+ export COMMIT_ID_FILE=/root/workspace/workspace/gerry-embeded/_last_build_id
+ COMMIT_ID_FILE=/root/workspace/workspace/gerry-embeded/_last_build_id
+ export COMMIT_MSG_FILE=/root/workspace/workspace/gerry-embeded/_commit-msg
+ COMMIT_MSG_FILE=/root/workspace/workspace/gerry-embeded/_commit-msg
+ export COMMIT_MSG_FILE_TMP=/root/workspace/workspace/gerry-embeded/_commit-msg.tmp
+ COMMIT_MSG_FILE_TMP=/root/workspace/workspace/gerry-embeded/_commit-msg.tmp
+ rm -f /root/workspace/workspace/gerry-embeded/_last_build_id
+ rm -f /root/workspace/workspace/gerry-embeded/_commit-msg
+ rm -f /root/workspace/workspace/gerry-embeded/_commit-msg.tmp
+ rm -f /root/workspace/workspace/gerry-embeded/result.log
+ rm -f /root/workspace/workspace/gerry-embeded/no_code_change.log
+ sign_env
+ CONFIG_DIR_SET=/root/system
+ CONFIG_BRANCH=mind_os
+ CLONE_DEPTH=--depth=1
+ CONFIG_DIR=/root/system/i18rconfig
+ CONFIG_REMOTE='git clone ssh://git@192.168.50.191:222/AroundI18RProject/i18rconfig /root/system/i18rconfig -b mind_os --depth=1'
+ [[ aarch64 =~ x86_64 ]]
+ ENCRYPTION_TOOL=/root/system/i18rconfig/encrypt
+ CLONE_DEPTH=--depth=1
+ PUBLICBASETYPES_DIR=/root/system/I18RPublicBaseTypes
+ cmdb_mysql 'insert into prebuild(job_name,source_project,source_branch,target_project,target_branch,time,build_url,node_name,build_user) values ('\''gerry-embeded'\'','\''EmbeddedGroup/gerry/gerry'\'','\''master'\'','\''wukong/integration/embedded'\'','\''master'\'',now(),'\''http://192.168.50.191:8088/job/gerry-embeded/87/'\'','\''khadas-car7'\'','\''liumengang'\'')'
+ set +x
+ DOCKER_CONTAINER_I18=build-x64-18.04
+ DOCKER_CONTAINER_RUBBY=c405
+ DOCKER_CONTAINER_RUBBY_INSIDE=c3566
+ DOCKER_CONTAINER_JAVA=node
+ JENKINS_JOB_A=mind
+ JENKINS_JOB_B=rbn
+ JENKINS_JOB_C=mark-check-tools
+ JENKINS_JOB_D=java
+ JENKINS_JOB_E=clean_recorder
+ JENKINS_JOB_F=i18r
+ JENKINS_JOB_G=nodejs
+ JENKINS_JOB_H=_ui
+ JENKINS_JOB_L=i12r
+ [[ gerry-embeded =~ mind ]]
+ '[' false = false ']'
+ source_project_update
+ '[' -d /root/workspace/workspace/gerry-embeded/gerry ']'
+ pushd /root/workspace/workspace/gerry-embeded/gerry
~/workspace/workspace/gerry-embeded/gerry ~/workspace/workspace/gerry-embeded
+ git checkout ./
Updated 1 path from the index
+ git pull --rebase
From ssh://192.168.50.191:222/EmbeddedGroup/gerry/gerry
   4a1254b..ee65221  master     -> origin/master
Updating 4a1254b..ee65221
Fast-forward
 sensor/core/tof_module/src/Tof.cpp                     | 18 ++++++++++++++----
 .../sensor_subscriber_plugin/sensor_subscriber.cpp     |  3 ++-
 2 files changed, 16 insertions(+), 5 deletions(-)
Current branch master is up to date.
+ popd
~/workspace/workspace/gerry-embeded
+ target_project_update
+ rm -rf /root/workspace/workspace/gerry-embeded/embedded
+ target_project_fetch
+ git clone ssh://git@192.168.50.191:222/wukong/integration/embedded -b master --depth=1
Cloning into 'embedded'...
+ insert_db
+ pushd /root/workspace/workspace/gerry-embeded/gerry
~/workspace/workspace/gerry-embeded/gerry ~/workspace/workspace/gerry-embeded
++ cmdb_mysql 'SELECT first_commit_id FROM prebuild where source_project='\''EmbeddedGroup/gerry/gerry'\'' and source_branch='\''master'\'' and target_project='\''wukong/integration/embedded'\'' and target_branch='\''master'\'' and status='\''0'\'' and job_name='\''gerry-embeded'\'' order by id desc limit 1;'
++ set +x
+ version='first_commit_id
4a1254b'
++ awk -F ' ' '{print $2}'
++ echo first_commit_id 4a1254b
+ version=4a1254b
++ git log -1 --pretty=format:%h
+ first_commit_id_now=ee65221
+ cmdb_mysql 'update prebuild set first_commit_id='\''ee65221'\'' where build_url='\''http://192.168.50.191:8088/job/gerry-embeded/87/'\'';'
+ set +x
+ popd
~/workspace/workspace/gerry-embeded
+ [[ aarch64 =~ x86_64 ]]
+ [[ gerry-embeded =~ i18r ]]
+ project_build
+ pushd /root/workspace/workspace/gerry-embeded/gerry
~/workspace/workspace/gerry-embeded/gerry ~/workspace/workspace/gerry-embeded
+ project_init_remote
++ find -type f -name sync_submodules.sh
+ sf=
+ '[' -z ']'
+ git submodule update --init --recursive
Submodule path 'messages': checked out '2ce16571452d2897c076a162d73cf44e08a747f7'
+ git submodule update --remote
Submodule path 'messages': checked out '6e9988984555914a28c083e2dc066018f7374ee6'
+ sed -i 's/make -j[0-9].*/make -j4/g' build.sh
+ '[' -z ']'
+ '[' xee65221 == x4a1254b ']'
+ bash -ex build.sh
++ wc -l
++ grep processor
++ cat /proc/cpuinfo
+ NR=6
++ uname -m
+ PLATFORM=aarch64
+ echo 'now platform is aarch64 ...'
now platform is aarch64 ...
+ [[ 0 -gt 0 ]]
+ '[' aarch64 = x86_64 ']'
+ '[' aarch64 = aarch64 ']'
+ arm64_compile_arm64
+ '[' '!' -d build_arm64 ']'
+ cd build_arm64
+ cmake -DCOMPILE_FOR_SDK=OFF -DCROSS_COMPILE_ENABLE=OFF ..
LIBRARY_OUTPUT_PATH /root/workspace/workspace/gerry-embeded/gerry/install/lib/arm ..................
EXECUTABLE_OUTPUT_PATH /root/workspace/workspace/gerry-embeded/gerry/install/bin/arm .....................
-- BUILD_ROS_NODE=OFF
-- emb_common version is 1.0.3
-- imsee version is 1.0.3
-- KeyBoard version is 1.0.3
-- McuData version is 1.0.3
-- multimodule version is 1.0.3
-- sensorControl version is 1.0.3
third lib ---------/root/workspace/workspace/gerry-embeded/gerry/sensor/core/tof_module/third_lib/arm64
-- tof_module version is 1.0.3
-- sensor_plugin version is 1.0.3
-- test_plugin version is 1.0.3
-- sensor_subscriber_plugin version is 1.0.3
-- Configuring done
-- Generating done
-- Build files have been written to: /root/workspace/workspace/gerry-embeded/gerry/build_arm64
+ make -j6
[ 16%] Built target emb_common
[ 20%] Built target monitor_node
Scanning dependencies of target sensor_subscriber_plugin
Scanning dependencies of target test_plugin
[ 22%] Built target sensorControl
[ 26%] Built target KeyBoard
[ 27%] Building CXX object sensor/nodes/test_plugin/CMakeFiles/test_plugin.dir/TestModule.cpp.o
[ 28%] Building CXX object sensor/nodes/sensor_subscriber_plugin/CMakeFiles/sensor_subscriber_plugin.dir/sensor_subscriber.cpp.o
Scanning dependencies of target multimodule
Scanning dependencies of target multi_main
[ 29%] Building CXX object sensor/core/multi_module/sample/CMakeFiles/multi_main.dir/__/src/MultiModule.cpp.o
[ 30%] Building CXX object sensor/core/multi_module/src/CMakeFiles/multimodule.dir/MultiModule.cpp.o
[ 59%] Built target imsee
Scanning dependencies of target tof_module
[ 60%] Building CXX object sensor/core/multi_module/sample/CMakeFiles/multi_main.dir/multi_main.cpp.o
[ 61%] Building CXX object sensor/core/tof_module/src/CMakeFiles/tof_module.dir/Tof.cpp.o
In file included from /root/workspace/workspace/gerry-embeded/gerry/sensor/nodes/test_plugin/TestModule.cpp:1:
/root/workspace/workspace/gerry-embeded/gerry/sensor/nodes/test_plugin/TestModule.hpp: In constructor â€˜sensor_module::TestModule::TestModule()â€™:
/root/workspace/workspace/gerry-embeded/gerry/sensor/nodes/test_plugin/TestModule.hpp:67:18: warning: â€˜sensor_module::TestModule::topicPublishImseeThâ€™ will be initialized after [-Wreorder]
   67 |     std::thread *topicPublishImseeTh;     //åˆ›å»ºå‘å¸ƒtopicçº¿ç¨‹
      |                  ^~~~~~~~~~~~~~~~~~~
/root/workspace/workspace/gerry-embeded/gerry/sensor/nodes/test_plugin/TestModule.hpp:57:10: warning:   â€˜bool sensor_module::TestModule::isSensorRunningâ€™ [-Wreorder]
   57 |     bool isSensorRunning;
      |          ^~~~~~~~~~~~~~~
/root/workspace/workspace/gerry-embeded/gerry/sensor/nodes/test_plugin/TestModule.cpp:17:1: warning:   when initialized here [-Wreorder]
   17 | TestModule::TestModule()
      | ^~~~~~~~~~
In file included from /root/workspace/workspace/gerry-embeded/gerry/sensor/nodes/sensor_subscriber_plugin/sensor_subscriber.cpp:8:
/root/workspace/workspace/gerry-embeded/gerry/sensor/nodes/sensor_subscriber_plugin/sensor_subscriber.cpp: In constructor â€˜sensor_module::sensor_subscriber::sensor_subscriber()â€™:
/root/workspace/workspace/gerry-embeded/gerry/sensor/core/common/RobotDebug.hpp:107:157: warning: too many arguments for format [-Wformat-extra-args]
  107 | #define RobotDEBUG(format, ...) {if(EmbLog::GetInstance()->GetLogSwitch() && (LOG_LEVEL_DEBUG >= EmbLog::GetInstance()->GetLogMinLevel()))  fprintf(stdout, "%lu [%s:%d/%s] [sensors] " format "\n", GetSystimeMs(), basename((char *)__FILE__), __LINE__, __FUNCTION__, ##__VA_ARGS__);}
      |                                                                                                                                                             ^~~~~~~~~~~~~~~~~~~~~~~~~~~~~~~~~~~~~~~
/root/workspace/workspace/gerry-embeded/gerry/sensor/nodes/sensor_subscriber_plugin/sensor_subscriber.cpp:218:5: note: in expansion of macro â€˜RobotDEBUGâ€™
  218 |     RobotDEBUG("set sensor file dir:", fileDir);
      |     ^~~~~~~~~~
/root/workspace/workspace/gerry-embeded/gerry/sensor/nodes/test_plugin/TestModule.cpp: In member function â€˜void sensor_module::TestModule::onStart(mind_os::ConstPtr<sensor_srvs::SensorStart::Request>&, mind_os::Ptr<sensor_srvs::SensorStart::Response>&)â€™:
/root/workspace/workspace/gerry-embeded/gerry/sensor/nodes/test_plugin/TestModule.cpp:75:16: warning: unused variable â€˜pthBluetooStatusâ€™ [-Wunused-variable]
   75 |   std::thread *pthBluetooStatus = new std::thread([&]() {
      |                ^~~~~~~~~~~~~~~~
/root/workspace/workspace/gerry-embeded/gerry/sensor/nodes/test_plugin/TestModule.cpp:83:16: warning: unused variable â€˜pthBumperâ€™ [-Wunused-variable]
   83 |   std::thread *pthBumper = new std::thread([&]() {
      |                ^~~~~~~~~
/root/workspace/workspace/gerry-embeded/gerry/sensor/nodes/test_plugin/TestModule.cpp:91:16: warning: unused variable â€˜pthChargePositionâ€™ [-Wunused-variable]
   91 |   std::thread *pthChargePosition = new std::thread([&]() {
      |                ^~~~~~~~~~~~~~~~~
/root/workspace/workspace/gerry-embeded/gerry/sensor/nodes/test_plugin/TestModule.cpp:99:16: warning: unused variable â€˜pthCliffEventâ€™ [-Wunused-variable]
   99 |   std::thread *pthCliffEvent = new std::thread([&]() {
      |                ^~~~~~~~~~~~~
/root/workspace/workspace/gerry-embeded/gerry/sensor/nodes/test_plugin/TestModule.cpp:107:16: warning: unused variable â€˜pthDropEventâ€™ [-Wunused-variable]
  107 |   std::thread *pthDropEvent = new std::thread([&]() {
      |                ^~~~~~~~~~~~
/root/workspace/workspace/gerry-embeded/gerry/sensor/nodes/test_plugin/TestModule.cpp:115:16: warning: unused variable â€˜pthEncoderMsgâ€™ [-Wunused-variable]
  115 |   std::thread *pthEncoderMsg = new std::thread([&]() {
      |                ^~~~~~~~~~~~~
/root/workspace/workspace/gerry-embeded/gerry/sensor/nodes/test_plugin/TestModule.cpp:123:16: warning: unused variable â€˜pthImgTxMsgâ€™ [-Wunused-variable]
  123 |   std::thread *pthImgTxMsg = new std::thread([&]() {
      |                ^~~~~~~~~~~
/root/workspace/workspace/gerry-embeded/gerry/sensor/nodes/test_plugin/TestModule.cpp:131:16: warning: unused variable â€˜pthImgIrMsgâ€™ [-Wunused-variable]
  131 |   std::thread *pthImgIrMsg = new std::thread([&]() {
      |                ^~~~~~~~~~~
/root/workspace/workspace/gerry-embeded/gerry/sensor/nodes/test_plugin/TestModule.cpp:139:16: warning: unused variable â€˜pthImuMsgâ€™ [-Wunused-variable]
  139 |   std::thread *pthImuMsg = new std::thread([&]() {
      |                ^~~~~~~~~
/root/workspace/workspace/gerry-embeded/gerry/sensor/nodes/test_plugin/TestModule.cpp:147:16: warning: unused variable â€˜pthLightFlowâ€™ [-Wunused-variable]
  147 |   std::thread *pthLightFlow = new std::thread([&]() {
      |                ^~~~~~~~~~~~
/root/workspace/workspace/gerry-embeded/gerry/sensor/nodes/test_plugin/TestModule.cpp:155:16: warning: unused variable â€˜pthMachineModeâ€™ [-Wunused-variable]
  155 |   std::thread *pthMachineMode = new std::thread([&]() {
      |                ^~~~~~~~~~~~~~
/root/workspace/workspace/gerry-embeded/gerry/sensor/nodes/test_plugin/TestModule.cpp:163:16: warning: unused variable â€˜pthWallSensorMsgâ€™ [-Wunused-variable]
  163 |   std::thread *pthWallSensorMsg = new std::thread([&]() {
      |                ^~~~~~~~~~~~~~~~
/root/workspace/workspace/gerry-embeded/gerry/sensor/nodes/test_plugin/TestModule.cpp:174:16: warning: unused variable â€˜pthWheelSpeedMsgâ€™ [-Wunused-variable]
  174 |   std::thread *pthWheelSpeedMsg = new std::thread([&]() {
      |                ^~~~~~~~~~~~~~~~
/root/workspace/workspace/gerry-embeded/gerry/sensor/nodes/test_plugin/TestModule.cpp:182:16: warning: unused variable â€˜pthMotorCurrentMsgâ€™ [-Wunused-variable]
  182 |   std::thread *pthMotorCurrentMsg = new std::thread([&]() {
      |                ^~~~~~~~~~~~~~~~~~
/root/workspace/workspace/gerry-embeded/gerry/sensor/nodes/test_plugin/TestModule.cpp:195:16: warning: unused variable â€˜pthBatteryEventâ€™ [-Wunused-variable]
  195 |   std::thread *pthBatteryEvent = new std::thread([&]() {
      |                ^~~~~~~~~~~~~~~
/root/workspace/workspace/gerry-embeded/gerry/sensor/nodes/test_plugin/TestModule.cpp:208:18: warning: unused variable â€˜pthKeyEventâ€™ [-Wunused-variable]
  208 |     std::thread *pthKeyEvent = new std::thread([&]() {
      |                  ^~~~~~~~~~~
/root/workspace/workspace/gerry-embeded/gerry/sensor/nodes/test_plugin/TestModule.cpp:219:16: warning: unused variable â€˜pthImuMsgAuxiliaryâ€™ [-Wunused-variable]
  219 |   std::thread *pthImuMsgAuxiliary = new std::thread([&]() {
      |                ^~~~~~~~~~~~~~~~~~
/root/workspace/workspace/gerry-embeded/gerry/sensor/nodes/test_plugin/TestModule.cpp:235:16: warning: unused variable â€˜pthWifiStatusâ€™ [-Wunused-variable]
  235 |   std::thread *pthWifiStatus = new std::thread([&]() {
      |                ^~~~~~~~~~~~~
/root/workspace/workspace/gerry-embeded/gerry/sensor/nodes/sensor_subscriber_plugin/sensor_subscriber.cpp:350:18: warning: unused variable â€˜imseeTxIrTaskâ€™ [-Wunused-variable]
  350 |     std::thread *imseeTxIrTask = new std::thread([this, &nh]() {
      |                  ^~~~~~~~~~~~~
/root/workspace/workspace/gerry-embeded/gerry/sensor/core/multi_module/src/MultiModule.cpp: In member function â€˜virtual int emb_node::ToolsModule::LoadConfig(std::string)â€™:
/root/workspace/workspace/gerry-embeded/gerry/sensor/core/multi_module/src/MultiModule.cpp:194:26: warning: unused variable â€˜configFileâ€™ [-Wunused-variable]
  194 |   YAMLConfig::ConfigFile configFile;
      |                          ^~~~~~~~~~
/root/workspace/workspace/gerry-embeded/gerry/sensor/core/multi_module/src/MultiModule.cpp: In member function â€˜void emb_node::ToolsModule::SysCheckTaks()â€™:
/root/workspace/workspace/gerry-embeded/gerry/sensor/core/multi_module/src/MultiModule.cpp:295:14: warning: unused variable â€˜nowTimeâ€™ [-Wunused-variable]
  295 |     uint64_t nowTime = GetSystimeMs();
      |              ^~~~~~~
/root/workspace/workspace/gerry-embeded/gerry/sensor/core/multi_module/src/MultiModule.cpp:283:12: warning: unused variable â€˜temperatureLastTimeâ€™ [-Wunused-variable]
  283 |   uint64_t temperatureLastTime = GetSystimeMs();
      |            ^~~~~~~~~~~~~~~~~~~
/root/workspace/workspace/gerry-embeded/gerry/sensor/core/multi_module/src/MultiModule.cpp: In member function â€˜virtual int emb_node::ToolsModule::SetSysTime(uint64_t)â€™:
/root/workspace/workspace/gerry-embeded/gerry/sensor/core/multi_module/src/MultiModule.cpp:359:1: warning: no return statement in function returning non-void [-Wreturn-type]
  359 | }
      | ^
/root/workspace/workspace/gerry-embeded/gerry/sensor/core/multi_module/src/MultiModule.cpp: In member function â€˜virtual int emb_node::ToolsModule::SetSysTime(int, int, int, int, int, int, int)â€™:
/root/workspace/workspace/gerry-embeded/gerry/sensor/core/multi_module/src/MultiModule.cpp:373:1: warning: no return statement in function returning non-void [-Wreturn-type]
  373 | }
      | ^
/root/workspace/workspace/gerry-embeded/gerry/sensor/core/multi_module/src/MultiModule.cpp: In member function â€˜virtual int emb_node::ToolsModule::LoadConfig(std::string)â€™:
/root/workspace/workspace/gerry-embeded/gerry/sensor/core/multi_module/src/MultiModule.cpp:194:26: warning: unused variable â€˜configFileâ€™ [-Wunused-variable]
  194 |   YAMLConfig::ConfigFile configFile;
      |                          ^~~~~~~~~~
/root/workspace/workspace/gerry-embeded/gerry/sensor/core/multi_module/src/MultiModule.cpp: In member function â€˜void emb_node::ToolsModule::SysCheckTaks()â€™:
/root/workspace/workspace/gerry-embeded/gerry/sensor/core/multi_module/src/MultiModule.cpp:295:14: warning: unused variable â€˜nowTimeâ€™ [-Wunused-variable]
  295 |     uint64_t nowTime = GetSystimeMs();
      |              ^~~~~~~
/root/workspace/workspace/gerry-embeded/gerry/sensor/core/multi_module/src/MultiModule.cpp:283:12: warning: unused variable â€˜temperatureLastTimeâ€™ [-Wunused-variable]
  283 |   uint64_t temperatureLastTime = GetSystimeMs();
      |            ^~~~~~~~~~~~~~~~~~~
/root/workspace/workspace/gerry-embeded/gerry/sensor/core/multi_module/src/MultiModule.cpp: At global scope:
/root/workspace/workspace/gerry-embeded/gerry/sensor/core/multi_module/src/MultiModule.cpp:594:1: warning: â€˜typedefâ€™ was ignored in this declaration
  594 | typedef struct CPU_OCCUPY {
      | ^~~~~~~
/root/workspace/workspace/gerry-embeded/gerry/sensor/core/multi_module/src/MultiModule.cpp: In member function â€˜virtual int emb_node::ToolsModule::SetSysTime(uint64_t)â€™:
/root/workspace/workspace/gerry-embeded/gerry/sensor/core/multi_module/src/MultiModule.cpp:359:1: warning: no return statement in function returning non-void [-Wreturn-type]
  359 | }
      | ^
/root/workspace/workspace/gerry-embeded/gerry/sensor/core/multi_module/src/MultiModule.cpp: In member function â€˜virtual int emb_node::ToolsModule::SetSysTime(int, int, int, int, int, int, int)â€™:
/root/workspace/workspace/gerry-embeded/gerry/sensor/core/multi_module/src/MultiModule.cpp:373:1: warning: no return statement in function returning non-void [-Wreturn-type]
  373 | }
      | ^
/root/workspace/workspace/gerry-embeded/gerry/sensor/core/multi_module/src/MultiModule.cpp: In member function â€˜virtual int emb_node::ToolsModule::ThreeColorLightControl(std::string, emb_node::PowerType)â€™:
/root/workspace/workspace/gerry-embeded/gerry/sensor/core/multi_module/src/MultiModule.cpp:773:7: warning: variable â€˜retâ€™ set but not used [-Wunused-but-set-variable]
  773 |   int ret = 0;
      |       ^~~
/root/workspace/workspace/gerry-embeded/gerry/sensor/core/multi_module/src/MultiModule.cpp: In member function â€˜int emb_node::ToolsModule::SetAndGetVoice(int)â€™:
/root/workspace/workspace/gerry-embeded/gerry/sensor/core/multi_module/src/MultiModule.cpp:817:20: warning: ISO C++ forbids converting a string constant to â€˜char*â€™ [-Wwrite-strings]
  817 |   char *sctrlstr = "DAC Digital";
      |                    ^~~~~~~~~~~~~
/root/workspace/workspace/gerry-embeded/gerry/sensor/core/multi_module/src/MultiModule.cpp:818:8: warning: unused variable â€˜volMinâ€™ [-Wunused-variable]
  818 |   long volMin = 0, volMax = 0, leftVal = 0, rightVal = 0;
      |        ^~~~~~
/root/workspace/workspace/gerry-embeded/gerry/sensor/core/multi_module/src/MultiModule.cpp:818:20: warning: unused variable â€˜volMaxâ€™ [-Wunused-variable]
  818 |   long volMin = 0, volMax = 0, leftVal = 0, rightVal = 0;
      |                    ^~~~~~
/root/workspace/workspace/gerry-embeded/gerry/sensor/core/multi_module/src/MultiModule.cpp: At global scope:
/root/workspace/workspace/gerry-embeded/gerry/sensor/core/multi_module/src/MultiModule.cpp:594:1: warning: â€˜typedefâ€™ was ignored in this declaration
  594 | typedef struct CPU_OCCUPY {
      | ^~~~~~~
/root/workspace/workspace/gerry-embeded/gerry/sensor/core/multi_module/src/MultiModule.cpp: In function â€˜int emb_node::GetCpuId_X86(char*)â€™:
/root/workspace/workspace/gerry-embeded/gerry/sensor/core/multi_module/src/MultiModule.cpp:1114:9: warning: unused variable â€˜lengthâ€™ [-Wunused-variable]
 1114 |  size_t length = 0;
      |         ^~~~~~
/root/workspace/workspace/gerry-embeded/gerry/sensor/core/multi_module/src/MultiModule.cpp: In member function â€˜virtual bool emb_node::ToolsModule::RtmpCtrl(uint8_t, std::string)â€™:
/root/workspace/workspace/gerry-embeded/gerry/sensor/core/multi_module/src/MultiModule.cpp:1258:16: warning: ISO C++ forbids converting a string constant to â€˜char*â€™ [-Wwrite-strings]
 1258 |     char* ip = "127.0.0.1";
      |                ^~~~~~~~~~~
/root/workspace/workspace/gerry-embeded/gerry/sensor/core/multi_module/src/MultiModule.cpp: In member function â€˜virtual int emb_node::ToolsModule::ThreeColorLightControl(std::string, emb_node::PowerType)â€™:
/root/workspace/workspace/gerry-embeded/gerry/sensor/core/multi_module/src/MultiModule.cpp:773:7: warning: variable â€˜retâ€™ set but not used [-Wunused-but-set-variable]
  773 |   int ret = 0;
      |       ^~~
/root/workspace/workspace/gerry-embeded/gerry/sensor/core/multi_module/src/MultiModule.cpp: In member function â€˜int emb_node::ToolsModule::SetAndGetVoice(int)â€™:
/root/workspace/workspace/gerry-embeded/gerry/sensor/core/multi_module/src/MultiModule.cpp:817:20: warning: ISO C++ forbids converting a string constant to â€˜char*â€™ [-Wwrite-strings]
  817 |   char *sctrlstr = "DAC Digital";
      |                    ^~~~~~~~~~~~~
/root/workspace/workspace/gerry-embeded/gerry/sensor/core/multi_module/src/MultiModule.cpp:818:8: warning: unused variable â€˜volMinâ€™ [-Wunused-variable]
  818 |   long volMin = 0, volMax = 0, leftVal = 0, rightVal = 0;
      |        ^~~~~~
/root/workspace/workspace/gerry-embeded/gerry/sensor/core/multi_module/src/MultiModule.cpp:818:20: warning: unused variable â€˜volMaxâ€™ [-Wunused-variable]
  818 |   long volMin = 0, volMax = 0, leftVal = 0, rightVal = 0;
      |                    ^~~~~~
/root/workspace/workspace/gerry-embeded/gerry/sensor/core/multi_module/src/MultiModule.cpp: In function â€˜int emb_node::GetCpuId_X86(char*)â€™:
/root/workspace/workspace/gerry-embeded/gerry/sensor/core/multi_module/src/MultiModule.cpp:1114:9: warning: unused variable â€˜lengthâ€™ [-Wunused-variable]
 1114 |  size_t length = 0;
      |         ^~~~~~
/root/workspace/workspace/gerry-embeded/gerry/sensor/core/multi_module/src/MultiModule.cpp: In member function â€˜virtual bool emb_node::ToolsModule::RtmpCtrl(uint8_t, std::string)â€™:
/root/workspace/workspace/gerry-embeded/gerry/sensor/core/multi_module/src/MultiModule.cpp:1258:16: warning: ISO C++ forbids converting a string constant to â€˜char*â€™ [-Wwrite-strings]
 1258 |     char* ip = "127.0.0.1";
      |                ^~~~~~~~~~~
/root/workspace/workspace/gerry-embeded/gerry/sensor/core/multi_module/src/MultiModule.cpp: At global scope:
/root/workspace/workspace/gerry-embeded/gerry/sensor/core/multi_module/src/MultiModule.cpp:145:47: warning: â€˜emb_node::errMsgâ€™ defined but not used [-Wunused-variable]
  145 | static emb_sensors::error_types::ErrorMessage errMsg;
      |                                               ^~~~~~
/root/workspace/workspace/gerry-embeded/gerry/sensor/core/multi_module/src/MultiModule.cpp: At global scope:
/root/workspace/workspace/gerry-embeded/gerry/sensor/core/multi_module/src/MultiModule.cpp:145:47: warning: â€˜emb_node::errMsgâ€™ defined but not used [-Wunused-variable]
  145 | static emb_sensors::error_types::ErrorMessage errMsg;
      |                                               ^~~~~~
/root/workspace/workspace/gerry-embeded/gerry/sensor/core/multi_module/sample/multi_main.cpp: In function â€˜int main(int, char**)â€™:
/root/workspace/workspace/gerry-embeded/gerry/sensor/core/multi_module/sample/multi_main.cpp:24:7: warning: unused variable â€˜leftâ€™ [-Wunused-variable]
   24 |   int left, total, cpuNum;
      |       ^~~~
/root/workspace/workspace/gerry-embeded/gerry/sensor/core/multi_module/sample/multi_main.cpp:24:13: warning: unused variable â€˜totalâ€™ [-Wunused-variable]
   24 |   int left, total, cpuNum;
      |             ^~~~~
/root/workspace/workspace/gerry-embeded/gerry/sensor/core/multi_module/sample/multi_main.cpp:26:7: warning: unused variable â€˜brightvalueâ€™ [-Wunused-variable]
   26 |   int brightvalue;
      |       ^~~~~~~~~~~
/root/workspace/workspace/gerry-embeded/gerry/sensor/core/multi_module/sample/multi_main.cpp:28:9: warning: unused variable â€˜tempâ€™ [-Wunused-variable]
   28 |   float temp, freeMem, totalMem;
      |         ^~~~
/root/workspace/workspace/gerry-embeded/gerry/sensor/core/multi_module/sample/multi_main.cpp:28:15: warning: unused variable â€˜freeMemâ€™ [-Wunused-variable]
   28 |   float temp, freeMem, totalMem;
      |               ^~~~~~~
/root/workspace/workspace/gerry-embeded/gerry/sensor/core/multi_module/sample/multi_main.cpp:28:24: warning: unused variable â€˜totalMemâ€™ [-Wunused-variable]
   28 |   float temp, freeMem, totalMem;
      |                        ^~~~~~~~
[ 63%] Linking CXX shared library ../../../../../install/lib/arm/libmultimodule.so
Scanning dependencies of target McuData
[ 64%] Building CXX object sensor/core/mcu_module/src/CMakeFiles/McuData.dir/McuModule.cpp.o
[ 64%] Built target multimodule
[ 65%] Linking CXX executable ../../../../../install/bin/arm/multi_main
[ 65%] Built target multi_main
/root/workspace/workspace/gerry-embeded/gerry/sensor/core/tof_module/src/Tof.cpp: In member function â€˜void emb_node::lygtof::ReadTofData()â€™:
/root/workspace/workspace/gerry-embeded/gerry/sensor/core/tof_module/src/Tof.cpp:126:14: warning: format â€˜%dâ€™ expects argument of type â€˜intâ€™, but argument 2 has type â€˜size_tâ€™ {aka â€˜long unsigned intâ€™} [-Wformat=]
  126 |     printf("%d\n", frame->data_bytes);
      |             ~^     ~~~~~~~~~~~~~~~~~
      |              |            |
      |              int          size_t {aka long unsigned int}
      |             %ld
/root/workspace/workspace/gerry-embeded/gerry/sensor/core/tof_module/src/Tof.cpp:130:23: warning: unused variable â€˜framelenâ€™ [-Wunused-variable]
  130 |     unsigned long int framelen = frame->data_bytes;
      |                       ^~~~~~~~
/root/workspace/workspace/gerry-embeded/gerry/sensor/core/tof_module/src/Tof.cpp: In member function â€˜virtual int emb_node::lygtof::Stop()â€™:
/root/workspace/workspace/gerry-embeded/gerry/sensor/core/tof_module/src/Tof.cpp:400:13: error: invalid use of incomplete type â€˜uvc_device_handle_tâ€™ {aka â€˜struct uvc_device_handleâ€™}
  400 |     if (devh->usb_devh != NULL) {
      |             ^~
In file included from /root/workspace/workspace/gerry-embeded/gerry/sensor/core/tof_module/src/Tof.cpp:15:
/usr/include/libuvc/libuvc.h:315:8: note: forward declaration of â€˜uvc_device_handle_tâ€™ {aka â€˜struct uvc_device_handleâ€™}
  315 | struct uvc_device_handle;
      |        ^~~~~~~~~~~~~~~~~
/root/workspace/workspace/gerry-embeded/gerry/sensor/core/tof_module/src/Tof.cpp:401:36: error: invalid use of incomplete type â€˜uvc_device_handle_tâ€™ {aka â€˜struct uvc_device_handleâ€™}
  401 |       libusb_release_interface(devh->usb_devh, 0);
      |                                    ^~
In file included from /root/workspace/workspace/gerry-embeded/gerry/sensor/core/tof_module/src/Tof.cpp:15:
/usr/include/libuvc/libuvc.h:315:8: note: forward declaration of â€˜uvc_device_handle_tâ€™ {aka â€˜struct uvc_device_handleâ€™}
  315 | struct uvc_device_handle;
      |        ^~~~~~~~~~~~~~~~~
/root/workspace/workspace/gerry-embeded/gerry/sensor/core/tof_module/src/Tof.cpp:401:7: error: â€˜libusb_release_interfaceâ€™ was not declared in this scope
  401 |       libusb_release_interface(devh->usb_devh, 0);
      |       ^~~~~~~~~~~~~~~~~~~~~~~~
/root/workspace/workspace/gerry-embeded/gerry/sensor/core/tof_module/src/Tof.cpp:402:36: error: invalid use of incomplete type â€˜uvc_device_handle_tâ€™ {aka â€˜struct uvc_device_handleâ€™}
  402 |       libusb_release_interface(devh->usb_devh, 1);
      |                                    ^~
In file included from /root/workspace/workspace/gerry-embeded/gerry/sensor/core/tof_module/src/Tof.cpp:15:
/usr/include/libuvc/libuvc.h:315:8: note: forward declaration of â€˜uvc_device_handle_tâ€™ {aka â€˜struct uvc_device_handleâ€™}
  315 | struct uvc_device_handle;
      |        ^~~~~~~~~~~~~~~~~
/root/workspace/workspace/gerry-embeded/gerry/sensor/core/tof_module/src/Tof.cpp:403:36: error: invalid use of incomplete type â€˜uvc_device_handle_tâ€™ {aka â€˜struct uvc_device_handleâ€™}
  403 |       libusb_release_interface(devh->usb_devh, 2);
      |                                    ^~
In file included from /root/workspace/workspace/gerry-embeded/gerry/sensor/core/tof_module/src/Tof.cpp:15:
/usr/include/libuvc/libuvc.h:315:8: note: forward declaration of â€˜uvc_device_handle_tâ€™ {aka â€˜struct uvc_device_handleâ€™}
  315 | struct uvc_device_handle;
      |        ^~~~~~~~~~~~~~~~~
/root/workspace/workspace/gerry-embeded/gerry/sensor/core/mcu_module/src/McuModule.cpp: In member function â€˜void mcu_module::RoboBaseModule::KeyControl()â€™:
/root/workspace/workspace/gerry-embeded/gerry/sensor/core/mcu_module/src/McuModule.cpp:881:28: warning: unused variable â€˜spdâ€™ [-Wunused-variable]
  881 |     nav_msgs::SpeedControl spd;
      |                            ^~~
/root/workspace/workspace/gerry-embeded/gerry/sensor/core/mcu_module/src/McuModule.cpp: In member function â€˜int mcu_module::RoboBaseModule::DataHandler(uint8_t*, int)â€™:
/root/workspace/workspace/gerry-embeded/gerry/sensor/core/mcu_module/src/McuModule.cpp:1805:10: warning: comparison of integer expressions of different signedness: â€˜intâ€™ and â€˜long unsigned intâ€™ [-Wsign-compare]
 1805 |   if(len > sizeof(pro_data)){
      |      ~~~~^~~~~~~~~~~~~~~~~~
make[2]: *** [sensor/core/tof_module/src/CMakeFiles/tof_module.dir/build.make:63: sensor/core/tof_module/src/CMakeFiles/tof_module.dir/Tof.cpp.o] Error 1
make[1]: *** [CMakeFiles/Makefile2:627: sensor/core/tof_module/src/CMakeFiles/tof_module.dir/all] Error 2
make[1]: *** Waiting for unfinished jobs....
/root/workspace/workspace/gerry-embeded/gerry/sensor/core/mcu_module/src/McuModule.cpp: At global scope:
/root/workspace/workspace/gerry-embeded/gerry/sensor/core/mcu_module/src/McuModule.cpp:57:35: warning: â€˜mcu_module::pSpeedCtrlFreqâ€™ defined but not used [-Wunused-variable]
   57 | static monitor_node::MonitorNode *pSpeedCtrlFreq = nullptr;
      |                                   ^~~~~~~~~~~~~~
/root/workspace/workspace/gerry-embeded/gerry/sensor/core/mcu_module/src/McuModule.cpp:56:35: warning: â€˜mcu_module::pWorkModeFreqâ€™ defined but not used [-Wunused-variable]
   56 | static monitor_node::MonitorNode *pWorkModeFreq = nullptr;
      |                                   ^~~~~~~~~~~~~
[ 66%] Linking CXX shared library ../../../../../install/lib/arm/libMcuData.so
[ 67%] Linking CXX shared library ../../../../install/lib/arm/libtest_plugin.so
[ 72%] Built target McuData
[ 72%] Built target test_plugin
[ 73%] Linking CXX shared library ../../../../install/lib/arm/libsensor_subscriber_plugin.so
[ 73%] Built target sensor_subscriber_plugin
make: *** [Makefile:84: all] Error 2
Build step 'Execute shell' marked build as failure
Finished: FAILURE
