Started by user [8mha:////4CxdUWQECjdXMwyVgfqeFaIP/aI9EkxHsnLryzaOJrJlAAAAmx+LCAAAAAAAAP9b85aBtbiIQTGjNKU4P08vOT+vOD8nVc83PyU1x6OyILUoJzMv2y+/JJUBAhiZGBgqihhk0NSjKDWzXb3RdlLBUSYGJk8GtpzUvPSSDB8G5tKinBIGIZ+sxLJE/ZzEvHT94JKizLx0a6BxUmjGOUNodHsLgAzmEgZ+/dLi1CL9nMzKxLyc/Lx0AJMuWZLEAAAA[0mÊùéÁÇéÈæô
Rebuilds build #[8mha:////4HuPwKXKIV+Ct9YekKZzaNX7y7JWEAMuLIGdDtg1z04gAAAAsB+LCAAAAAAAAP9b85aBtbiIQTGjNKU4P08vOT+vOD8nVc83PyU1x6OyILUoJzMv2y+/JJUBAhiZGBgqihhk0NSjKDWzXb3RdlLBUSYGJk8GtpzUvPSSDB8G5tKinBIGIZ+sxLJE/ZzEvHT94JKizLx0a6BxUmjGOUNodHsLgAzmEgZV/bLM1HL94pRs/az8JP2S1OIS3aLSpKRKXaCQrrGpmZm+oZEhAP3eacvaAAAA[0m121
Running as SYSTEM
Building remotely on [8mha:////4GJECaSXI5jaa88kGHMmbEkdCg31N4g4yVAlsCFwflHgAAAAmR+LCAAAAAAAAP9b85aBtbiIQTGjNKU4P08vOT+vOD8nVc83PyU1x6OyILUoJzMv2y+/JJUBAhiZGBgqihhk0NSjKDWzXb3RdlLBUSYGJk8GtpzUvPSSDB8G5tKinBIGIZ+sxLJE/ZzEvHT94JKizLx0a6BxUmjGOUNodHsLgAzmEgZe/eT83ILSktQifUNLQwA4ziQnwgAAAA==[0m191 (192.168.50.191) in workspace /home/indemind/.jenkins_slave/workspace/test-rubby-sdk-3566
[WS-CLEANUP] Clean-up disabled, skipping workspace deletion.
No emails were triggered.
[test-rubby-sdk-3566] $ /bin/sh -xe /tmp/jenkins1976533796828616056.sh
+ bash /home/indemind/myscript/build/build.sh
++ export MYSQL_PWD=123
++ MYSQL_PWD=123
++ export -f cmdb_mysql
+ set -ex
+ export -f public_project_update
+ export -f project_build
+ init_project_env
++ date +%Y%m%d
+ DT=20230411
+ UserName=jenkins
+ API_TOKEN=11b65309c9835de9579d9c9038853d9eb7
+ GIT_PRIVATE_TOKEN=emEDrsaJVjxKK5gSWrf-
+ GIT_HOST=192.168.50.191
++ echo abby/integration/sdk
++ awk -F/ '{print $1"%2F"$2}'
+ CONVERT_TARGET_PROJECT=abby%2Fintegration
++ curl -XGET -H 'Content-Type: application/json' --header 'PRIVATE-TOKEN: emEDrsaJVjxKK5gSWrf-' http://192.168.50.191:85/api/v4/projects/abby%2Fintegration
++ python -c 'import sys, json; print(json.load(sys.stdin)["id"])'
  % Total    % Received % Xferd  Average Speed   Time    Time     Time  Current
                                 Dload  Upload   Total   Spent    Left  Speed
  0     0    0     0    0     0      0      0 --:--:-- --:--:-- --:--:--     0100    35  100    35    0     0    899      0 --:--:-- --:--:-- --:--:--   921
Traceback (most recent call last):
  File "<string>", line 1, in <module>
KeyError: 'id'
+ SUB_PROJECT_ID=
+ true
+ '[' -z ']'
+ SOURCE_DIR=/home/indemind/.jenkins_slave/workspace/test-rubby-sdk-3566/sdk_plubins
+ TARGET_DIR=/home/indemind/.jenkins_slave/workspace/test-rubby-sdk-3566/sdk
+ prepare_env
++ uname -m
+ system_platform=x86_64
++ cat /proc/cpuinfo
++ grep processor
++ sort
++ uniq
++ wc -l
+ core=32
+ [[ 32 == 32 ]]
+ mt=-j16
+ export COMMIT_ID_FILE=/home/indemind/.jenkins_slave/workspace/test-rubby-sdk-3566/_last_build_id
+ COMMIT_ID_FILE=/home/indemind/.jenkins_slave/workspace/test-rubby-sdk-3566/_last_build_id
+ export COMMIT_MSG_FILE=/home/indemind/.jenkins_slave/workspace/test-rubby-sdk-3566/_commit-msg
+ COMMIT_MSG_FILE=/home/indemind/.jenkins_slave/workspace/test-rubby-sdk-3566/_commit-msg
+ export COMMIT_MSG_FILE_TMP=/home/indemind/.jenkins_slave/workspace/test-rubby-sdk-3566/_commit-msg.tmp
+ COMMIT_MSG_FILE_TMP=/home/indemind/.jenkins_slave/workspace/test-rubby-sdk-3566/_commit-msg.tmp
+ rm -f /home/indemind/.jenkins_slave/workspace/test-rubby-sdk-3566/_last_build_id
+ rm -f /home/indemind/.jenkins_slave/workspace/test-rubby-sdk-3566/_commit-msg
+ rm -f /home/indemind/.jenkins_slave/workspace/test-rubby-sdk-3566/_commit-msg.tmp
+ rm -f /home/indemind/.jenkins_slave/workspace/test-rubby-sdk-3566/result.log
+ rm -f /home/indemind/.jenkins_slave/workspace/test-rubby-sdk-3566/no_code_change.log
+ CLONE_DEPTH=--depth=1
+ PUBLICBASETYPES_DIR=/home/indemind/system/I18RPublicBaseTypes
+ cmdb_mysql 'insert into prebuild(job_name,source_project,source_branch,target_project,target_branch,time,build_url,node_name,build_user) values ('\''test-rubby-sdk-3566'\'','\''abby/source/sdk_plubins'\'','\''task-RUB-333'\'','\''abby/integration/sdk'\'','\''dev'\'',now(),'\''http://192.168.50.26:8080/job/test-rubby-sdk-3566/122/'\'','\''191'\'','\''liyanlong'\'')'
+ set +x
+ DOCKER_CONTAINER_I18=build-x64-18.04
+ DOCKER_CONTAINER_RUBBY=c405
+ DOCKER_CONTAINER_RUBBY_INSIDE=c3566
+ DOCKER_CONTAINER_JAVA=node
+ JENKINS_JOB_A=mind
+ JENKINS_JOB_B=rbn
+ JENKINS_JOB_C=mark-check-tools
+ JENKINS_JOB_D=java
+ JENKINS_JOB_E=nodejs
+ JENKINS_JOB_F=_ui
+ JENKINS_JOB_G=i12r
+ [[ test-rubby-sdk-3566 =~ mind ]]
+ '[' false = false ']'
+ source_project_update
+ '[' -d /home/indemind/.jenkins_slave/workspace/test-rubby-sdk-3566/sdk_plubins ']'
+ pushd /home/indemind/.jenkins_slave/workspace/test-rubby-sdk-3566/sdk_plubins
~/.jenkins_slave/workspace/test-rubby-sdk-3566/sdk_plubins ~/.jenkins_slave/workspace/test-rubby-sdk-3566
+ git checkout ./
+ git pull --rebase
Warning: Permanently added '[192.168.50.191]:222' (ECDSA) to the list of known hosts.
fatal: Couldn't find remote ref refs/heads/task-RUB-333
fatal: the remote end hung up unexpectedly
Build step 'Execute shell' marked build as failure
Email was triggered for: Failure - Any
Sending email for trigger: Failure - Any
Sending email to: qishanqing@indemind.cn lishaohui@indemind.cn
Finished: FAILURE
