Started by user [8mha:////4MzersSP/9cKUovrzPMuoS/kLqxVF8zd8yb1BUJ8RGIAAAAAmh+LCAAAAAAAAP9b85aBtbiIQTGjNKU4P08vOT+vOD8nVc83PyU1x6OyILUoJzMv2y+/JJUBAhiZGBgqihhk0NSjKDWzXb3RdlLBUSYGJk8GtpzUvPSSDB8G5tKinBIGIZ+sxLJE/ZzEvHT94JKizLx0a6BxUmjGOUNodHsLgAzuEgYB/dLi1CL9nMzSXKDZQJMAv/Rqu8UAAAA=[0mliumengyang
Rebuilds build #[8mha:////4MruSDA3aL7ddazuRSIrgrfhdhIAyCiksBWq9dFjQJIuAAAArR+LCAAAAAAAAP9b85aBtbiIQTGjNKU4P08vOT+vOD8nVc83PyU1x6OyILUoJzMv2y+/JJUBAhiZGBgqihhk0NSjKDWzXb3RdlLBUSYGJk8GtpzUvPSSDB8G5tKinBIGIZ+sxLJE/ZzEvHT94JKizLx0a6BxUmjGOUNodHsLgAymEgZ1/bLM1HL91Nyk1JTUFP2s/CT95MS01CJdMzMDQ12YsJkxALyl41XcAAAA[0m63
Running as SYSTEM
Building remotely on [8mha:////4Mv+1wvIWl3OXIDGu6w3unSREX/fT0xpLFWon9eyySx4AAAAoR+LCAAAAAAAAP9b85aBtbiIQTGjNKU4P08vOT+vOD8nVc83PyU1x6OyILUoJzMv2y+/JJUBAhiZGBgqihhk0NSjKDWzXb3RdlLBUSYGJk8GtpzUvPSSDB8G5tKinBIGIZ+sxLJE/ZzEvHT94JKizLx0a6BxUmjGOUNodHsLgAzuEgZR/eT83ILSktQi/eyMxJTEYt3kxCJzAF4ra8rKAAAA[0mkhadas-car7 (car7) in workspace /root/workspace/workspace/cafer-6601-embeded
[WS-CLEANUP] Clean-up disabled, skipping workspace deletion.
[cafer-6601-embeded] $ /bin/sh -xe /tmp/jenkins8038272949493398874.sh
+ bash /root/myscript/build/build.sh
++ export MYSQL_PWD=123
++ MYSQL_PWD=123
++ export -f cmdb_mysql
+ set -ex
+ export -f public_project_update
+ export -f project_build
+ init_project_env
++ date +%Y%m%d
+ DT=20240105
+ UserName=jenkins
+ API_TOKEN=11b65309c9835de9579d9c9038853d9eb7
+ GIT_PRIVATE_TOKEN=emEDrsaJVjxKK5gSWrf-
+ GIT_HOST=192.168.50.191
++ awk -F/ '{print $1"%2F"$2}'
++ echo abby/integration/sensors
+ CONVERT_TARGET_PROJECT=abby%2Fintegration
++ python -c 'import sys, json; print(json.load(sys.stdin)["id"])'
/root/myscript/build/build.sh: line 14: python: command not found
++ curl -XGET -H 'Content-Type: application/json' --header 'PRIVATE-TOKEN: emEDrsaJVjxKK5gSWrf-' http://192.168.50.191:85/api/v4/projects/abby%2Fintegration
  % Total    % Received % Xferd  Average Speed   Time    Time     Time  Current
                                 Dload  Upload   Total   Spent    Left  Speed
  0     0    0     0    0     0      0      0 --:--:-- --:--:-- --:--:--     0100    35  100    35    0     0    507      0 --:--:-- --:--:-- --:--:--   507
(23) Failed writing body
+ SUB_PROJECT_ID=
+ true
+ '[' -z ']'
+ SOURCE_DIR=/root/workspace/workspace/cafer-6601-embeded/rubby_sensor_6601
+ TARGET_DIR=/root/workspace/workspace/cafer-6601-embeded/sensors
+ prepare_env
++ uname -m
+ system_platform=aarch64
+ :
++ wc -l
++ uniq
++ sort
++ grep processor
++ cat /proc/cpuinfo
+ mt=-j4
+ export COMMIT_ID_FILE=/root/workspace/workspace/cafer-6601-embeded/_last_build_id
+ COMMIT_ID_FILE=/root/workspace/workspace/cafer-6601-embeded/_last_build_id
+ export COMMIT_MSG_FILE=/root/workspace/workspace/cafer-6601-embeded/_commit-msg
+ COMMIT_MSG_FILE=/root/workspace/workspace/cafer-6601-embeded/_commit-msg
+ export COMMIT_MSG_FILE_TMP=/root/workspace/workspace/cafer-6601-embeded/_commit-msg.tmp
+ COMMIT_MSG_FILE_TMP=/root/workspace/workspace/cafer-6601-embeded/_commit-msg.tmp
+ rm -f /root/workspace/workspace/cafer-6601-embeded/_last_build_id
+ rm -f /root/workspace/workspace/cafer-6601-embeded/_commit-msg
+ rm -f /root/workspace/workspace/cafer-6601-embeded/_commit-msg.tmp
+ rm -f /root/workspace/workspace/cafer-6601-embeded/result.log
+ rm -f /root/workspace/workspace/cafer-6601-embeded/no_code_change.log
+ CLONE_DEPTH=--depth=1
+ PUBLICBASETYPES_DIR=/root/system/I18RPublicBaseTypes
+ cmdb_mysql 'insert into prebuild(job_name,source_project,source_branch,target_project,target_branch,time,build_url,node_name,build_user) values ('\''cafer-6601-embeded'\'','\''EmbeddedGroup/rubby_sensor_6601'\'','\''master'\'','\''abby/integration/sensors'\'','\''caffer'\'',now(),'\''http://192.168.50.191:8088/job/cafer-6601-embeded/64/'\'','\''khadas-car7'\'','\''liumengang'\'')'
+ set +x
+ DOCKER_CONTAINER_I18=build-x64-18.04
+ DOCKER_CONTAINER_RUBBY=c405
+ DOCKER_CONTAINER_RUBBY_INSIDE=c3566
+ DOCKER_CONTAINER_JAVA=node
+ JENKINS_JOB_A=mind
+ JENKINS_JOB_B=rbn
+ JENKINS_JOB_C=mark-check-tools
+ JENKINS_JOB_D=java
+ JENKINS_JOB_E=clean_recorder
+ JENKINS_JOB_F=i18r
+ JENKINS_JOB_G=nodejs
+ JENKINS_JOB_H=_ui
+ JENKINS_JOB_L=i12r
+ [[ cafer-6601-embeded =~ mind ]]
+ '[' false = false ']'
+ source_project_update
+ '[' -d /root/workspace/workspace/cafer-6601-embeded/rubby_sensor_6601 ']'
+ pushd /root/workspace/workspace/cafer-6601-embeded/rubby_sensor_6601
~/workspace/workspace/cafer-6601-embeded/rubby_sensor_6601 ~/workspace/workspace/cafer-6601-embeded
+ git checkout ./
Updated 1 path from the index
+ git pull --rebase
From ssh://192.168.50.191:222/EmbeddedGroup/rubby_sensor_6601
   68afdae..0d5ae9a  master     -> origin/master
Updating 68afdae..0d5ae9a
Fast-forward
 config/emb_config.yaml                       |  3 +--
 sensor/core/multi_module/src/MultiModule.cpp | 14 +++++++++-----
 sensor/core/multi_module/src/MultiModule.hpp |  2 +-
 sensor/nodes/sensor_plugin/SensorPlugin.cpp  |  2 +-
 4 files changed, 12 insertions(+), 9 deletions(-)
Current branch master is up to date.
+ popd
~/workspace/workspace/cafer-6601-embeded
+ target_project_update
+ rm -rf /root/workspace/workspace/cafer-6601-embeded/sensors
+ target_project_fetch
+ git clone ssh://git@192.168.50.191:222/abby/integration/sensors -b caffer --depth=1
Cloning into 'sensors'...
+ insert_db
+ pushd /root/workspace/workspace/cafer-6601-embeded/rubby_sensor_6601
~/workspace/workspace/cafer-6601-embeded/rubby_sensor_6601 ~/workspace/workspace/cafer-6601-embeded
++ cmdb_mysql 'SELECT first_commit_id FROM prebuild where source_project='\''EmbeddedGroup/rubby_sensor_6601'\'' and source_branch='\''master'\'' and target_project='\''abby/integration/sensors'\'' and target_branch='\''caffer'\'' and status='\''0'\'' and job_name='\''cafer-6601-embeded'\'' order by id desc limit 1;'
++ set +x
+ version='first_commit_id
68afdae'
++ awk -F ' ' '{print $2}'
++ echo first_commit_id 68afdae
+ version=68afdae
++ git log -1 --pretty=format:%h
+ first_commit_id_now=0d5ae9a
+ cmdb_mysql 'update prebuild set first_commit_id='\''0d5ae9a'\'' where build_url='\''http://192.168.50.191:8088/job/cafer-6601-embeded/64/'\'';'
+ set +x
+ popd
~/workspace/workspace/cafer-6601-embeded
+ [[ aarch64 =~ x86_64 ]]
+ [[ cafer-6601-embeded =~ rbn ]]
+ [[ cafer-6601-embeded =~ mind ]]
+ public_project_update
+ rm -rf /root/system/I18RPublicBaseTypes
+ [[ cafer-6601-embeded =~ nodejs ]]
+ [[ cafer-6601-embeded =~ clean_recorder ]]
+ [[ cafer-6601-embeded =~ i18r ]]
+ public_i18rutilitysubmodule_update
+ pushd /root/system/i18rutilitysubmodule
~/system/i18rutilitysubmodule ~/workspace/workspace/cafer-6601-embeded
+ git checkout ./
Updated 0 paths from the index
+ git clean -xdf ./
+ git pull origin develop
From ssh://192.168.50.191:222/AroundI18RProject/i18rutilitysubmodule
 * branch            develop    -> FETCH_HEAD
Already up to date.
+ ./install.sh
+ popd
~/workspace/workspace/cafer-6601-embeded
+ project_build
+ pushd /root/workspace/workspace/cafer-6601-embeded/rubby_sensor_6601
~/workspace/workspace/cafer-6601-embeded/rubby_sensor_6601 ~/workspace/workspace/cafer-6601-embeded
+ project_init_remote
++ find -type f -name sync_submodules.sh
+ sf=
+ '[' -z ']'
+ git submodule update --init --recursive
Submodule path 'abby_msg': checked out '46b83c7df85f12d69df72cb91ab00d9bc39c3671'
+ git submodule update --remote
From http://192.168.50.191:85/abby/source/abby_msg
   d1567ad..8b9d64b  caffer     -> origin/caffer
   38d445a..e1d049e  master     -> origin/master
Submodule path 'abby_msg': checked out '8b9d64b7cac8bba739584d03937ba5212e1a4636'
+ sed -i 's/make -j[0-9].*/make -j4/g' build.sh
+ '[' -z ']'
+ '[' x0d5ae9a == x68afdae ']'
+ bash -ex build.sh
++ wc -l
++ grep processor
++ cat /proc/cpuinfo
+ NR=6
++ uname -m
+ PLATFORM=aarch64
+ echo 'now platform is aarch64 ...'
now platform is aarch64 ...
+ [[ 0 -gt 0 ]]
+ '[' aarch64 = x86_64 ']'
+ '[' aarch64 = aarch64 ']'
+ arm64_compile_arm64
+ '[' '!' -d build_arm64 ']'
+ cd build_arm64
+ cmake -DCOMPILE_FOR_SDK=OFF -DCROSS_COMPILE_ENABLE=OFF ..
LIBRARY_OUTPUT_PATH /root/workspace/workspace/cafer-6601-embeded/rubby_sensor_6601/install/lib/arm ..................
EXECUTABLE_OUTPUT_PATH /root/workspace/workspace/cafer-6601-embeded/rubby_sensor_6601/install/bin/arm .....................
-- BUILD_ROS_NODE=OFF
-- emb_common version is 1.0.2
-- imsee version is 1.0.2
-- KeyBoard version is 1.0.2
-- McuData version is 1.0.2
-- multimodule version is 1.0.2
-- sensorControl version is 1.0.2
-- sensor_plugin version is 1.0.2
-- test_plugin version is 1.0.2
-- sensor_subscriber_plugin version is 1.0.2
-- Configuring done
-- Generating done
-- Build files have been written to: /root/workspace/workspace/cafer-6601-embeded/rubby_sensor_6601/build_arm64
+ make -j6
[ 21%] Built target emb_common
Scanning dependencies of target sensor_subscriber_plugin
[ 26%] Built target monitor_node
Scanning dependencies of target test_plugin
[ 29%] Built target sensorControl
[ 31%] Building CXX object sensor/nodes/sensor_subscriber_plugin/CMakeFiles/sensor_subscriber_plugin.dir/sensor_subscriber.cpp.o
[ 35%] Built target KeyBoard
[ 37%] Building CXX object sensor/nodes/test_plugin/CMakeFiles/test_plugin.dir/TestModule.cpp.o
Scanning dependencies of target multimodule
Scanning dependencies of target multi_main
Scanning dependencies of target imsee
[ 39%] Building CXX object sensor/core/multi_module/src/CMakeFiles/multimodule.dir/MultiModule.cpp.o
[ 40%] Building CXX object sensor/core/multi_module/sample/CMakeFiles/multi_main.dir/__/src/MultiModule.cpp.o
[ 42%] Building CXX object sensor/core/imsee/src/CMakeFiles/imsee.dir/6601_mipi/mipi_imsee.cpp.o
[ 50%] Built target McuData
[ 51%] Building CXX object sensor/core/multi_module/sample/CMakeFiles/multi_main.dir/multi_main.cpp.o
In file included from /root/workspace/workspace/cafer-6601-embeded/rubby_sensor_6601/sensor/nodes/test_plugin/TestModule.cpp:1:
/root/workspace/workspace/cafer-6601-embeded/rubby_sensor_6601/sensor/nodes/test_plugin/TestModule.hpp: In constructor ‚Äòsensor_module::TestModule::TestModule()‚Äô:
/root/workspace/workspace/cafer-6601-embeded/rubby_sensor_6601/sensor/nodes/test_plugin/TestModule.hpp:67:18: warning: ‚Äòsensor_module::TestModule::topicPublishImseeTh‚Äô will be initialized after [-Wreorder]
   67 |     std::thread *topicPublishImseeTh;     //ÂàõÂª∫ÂèëÂ∏ÉtopicÁ∫øÁ®ã
      |                  ^~~~~~~~~~~~~~~~~~~
/root/workspace/workspace/cafer-6601-embeded/rubby_sensor_6601/sensor/nodes/test_plugin/TestModule.hpp:57:10: warning:   ‚Äòbool sensor_module::TestModule::isSensorRunning‚Äô [-Wreorder]
   57 |     bool isSensorRunning;
      |          ^~~~~~~~~~~~~~~
/root/workspace/workspace/cafer-6601-embeded/rubby_sensor_6601/sensor/nodes/test_plugin/TestModule.cpp:17:1: warning:   when initialized here [-Wreorder]
   17 | TestModule::TestModule()
      | ^~~~~~~~~~
/root/workspace/workspace/cafer-6601-embeded/rubby_sensor_6601/sensor/core/imsee/src/6601_mipi/mipi_imsee.cpp: In constructor ‚Äòimsee_module::MIPI_IMSEE::MIPI_IMSEE()‚Äô:
/root/workspace/workspace/cafer-6601-embeded/rubby_sensor_6601/sensor/core/imsee/src/6601_mipi/mipi_imsee.cpp:176:15: warning: unused variable ‚ÄòimuDev‚Äô [-Wunused-variable]
  176 |   iio_device *imuDev = nullptr;
      |               ^~~~~~
/root/workspace/workspace/cafer-6601-embeded/rubby_sensor_6601/sensor/core/imsee/src/6601_mipi/mipi_imsee.cpp:177:15: warning: unused variable ‚ÄòimuBuf‚Äô [-Wunused-variable]
  177 |   iio_buffer *imuBuf = nullptr;
      |               ^~~~~~
/root/workspace/workspace/cafer-6601-embeded/rubby_sensor_6601/sensor/core/imsee/src/6601_mipi/mipi_imsee.cpp:178:10: warning: unused variable ‚ÄòimuAccScaleVal‚Äô [-Wunused-variable]
  178 |   double imuAccScaleVal = 0;
      |          ^~~~~~~~~~~~~~
/root/workspace/workspace/cafer-6601-embeded/rubby_sensor_6601/sensor/core/imsee/src/6601_mipi/mipi_imsee.cpp:179:10: warning: unused variable ‚ÄòimuGyroScaleVal‚Äô [-Wunused-variable]
  179 |   double imuGyroScaleVal = 0;
      |          ^~~~~~~~~~~~~~~
/root/workspace/workspace/cafer-6601-embeded/rubby_sensor_6601/sensor/core/imsee/src/6601_mipi/mipi_imsee.cpp: In member function ‚Äòvoid imsee_module::MIPI_IMSEE::ImuRecieveThread()‚Äô:
/root/workspace/workspace/cafer-6601-embeded/rubby_sensor_6601/sensor/core/imsee/src/6601_mipi/mipi_imsee.cpp:688:21: warning: comparison of integer expressions of different signedness: ‚Äòint‚Äô and ‚Äòunsigned int‚Äô [-Wsign-compare]
  688 |   for (int i = 0; i < channel_num; i++) {
      |                   ~~^~~~~~~~~~~~~
/root/workspace/workspace/cafer-6601-embeded/rubby_sensor_6601/sensor/core/imsee/src/6601_mipi/mipi_imsee.cpp:749:97: warning: pointer of type ‚Äòvoid *‚Äô used in arithmetic [-Wpointer-arith]
  749 |     for (void *addr_ptr = iio_buffer_start(imuBuf); addr_ptr < iio_buffer_end(imuBuf); addr_ptr += iio_buffer_step(imuBuf)) {
      |                                                                                        ~~~~~~~~~^~~~~~~~~~~~~~~~~~~~~~~~~~
/root/workspace/workspace/cafer-6601-embeded/rubby_sensor_6601/sensor/core/imsee/src/6601_mipi/mipi_imsee.cpp:716:22: warning: variable ‚Äòtimelast‚Äô set but not used [-Wunused-but-set-variable]
  716 |   int64_t timestamp, timelast;
      |                      ^~~~~~~~
In file included from /root/workspace/workspace/cafer-6601-embeded/rubby_sensor_6601/sensor/nodes/sensor_subscriber_plugin/sensor_subscriber.cpp:6:
/root/workspace/workspace/cafer-6601-embeded/rubby_sensor_6601/sensor/nodes/sensor_subscriber_plugin/sensor_subscriber.cpp: In constructor ‚Äòsensor_module::sensor_subscriber::sensor_subscriber()‚Äô:
/root/workspace/workspace/cafer-6601-embeded/rubby_sensor_6601/sensor/core/common/RobotDebug.hpp:107:157: warning: too many arguments for format [-Wformat-extra-args]
  107 | #define RobotDEBUG(format, ...) {if(EmbLog::GetInstance()->GetLogSwitch() && (LOG_LEVEL_DEBUG >= EmbLog::GetInstance()->GetLogMinLevel()))  fprintf(stdout, "%lu [%s:%d/%s] [sensors] " format "\n", GetSystimeMs(), basename((char *)__FILE__), __LINE__, __FUNCTION__, ##__VA_ARGS__);}
      |                                                                                                                                                             ^~~~~~~~~~~~~~~~~~~~~~~~~~~~~~~~~~~~~~~
/root/workspace/workspace/cafer-6601-embeded/rubby_sensor_6601/sensor/nodes/sensor_subscriber_plugin/sensor_subscriber.cpp:209:5: note: in expansion of macro ‚ÄòRobotDEBUG‚Äô
  209 |     RobotDEBUG("set sensor file dir:", fileDir);
      |     ^~~~~~~~~~
/root/workspace/workspace/cafer-6601-embeded/rubby_sensor_6601/sensor/core/imsee/src/6601_mipi/mipi_imsee.cpp: In member function ‚Äòint imsee_module::MIPI_IMSEE::ImgInit(int, int, int)‚Äô:
/root/workspace/workspace/cafer-6601-embeded/rubby_sensor_6601/sensor/core/imsee/src/6601_mipi/mipi_imsee.cpp:971:7: warning: unused variable ‚Äòret‚Äô [-Wunused-variable]
  971 |   int ret;
      |       ^~~
/root/workspace/workspace/cafer-6601-embeded/rubby_sensor_6601/sensor/core/imsee/src/6601_mipi/mipi_imsee.cpp: In member function ‚Äòint imsee_module::MIPI_IMSEE::ImgStart()‚Äô:
/root/workspace/workspace/cafer-6601-embeded/rubby_sensor_6601/sensor/core/imsee/src/6601_mipi/mipi_imsee.cpp:1070:23: warning: comparison of integer expressions of different signedness: ‚Äòint‚Äô and ‚Äòstd::vector<std::shared_ptr<VioBufInfo> >::size_type‚Äô {aka ‚Äòlong unsigned int‚Äô} [-Wsign-compare]
 1070 |     for (int i = 0; i < vec_path_buf[path_id].size(); i++) {
      |                     ~~^~~~~~~~~~~~~~~~~~~~~~~~~~~~~~
/root/workspace/workspace/cafer-6601-embeded/rubby_sensor_6601/sensor/nodes/test_plugin/TestModule.cpp: In member function ‚Äòvoid sensor_module::TestModule::onStart(mind_os::ConstPtr<sensor_srvs::SensorStart::Request>&, mind_os::Ptr<sensor_srvs::SensorStart::Response>&)‚Äô:
/root/workspace/workspace/cafer-6601-embeded/rubby_sensor_6601/sensor/nodes/test_plugin/TestModule.cpp:75:16: warning: unused variable ‚ÄòpthBluetooStatus‚Äô [-Wunused-variable]
   75 |   std::thread *pthBluetooStatus = new std::thread([&]() {
      |                ^~~~~~~~~~~~~~~~
/root/workspace/workspace/cafer-6601-embeded/rubby_sensor_6601/sensor/nodes/test_plugin/TestModule.cpp:83:16: warning: unused variable ‚ÄòpthBumper‚Äô [-Wunused-variable]
   83 |   std::thread *pthBumper = new std::thread([&]() {
      |                ^~~~~~~~~
/root/workspace/workspace/cafer-6601-embeded/rubby_sensor_6601/sensor/nodes/test_plugin/TestModule.cpp:91:16: warning: unused variable ‚ÄòpthChargePosition‚Äô [-Wunused-variable]
   91 |   std::thread *pthChargePosition = new std::thread([&]() {
      |                ^~~~~~~~~~~~~~~~~
/root/workspace/workspace/cafer-6601-embeded/rubby_sensor_6601/sensor/nodes/test_plugin/TestModule.cpp:99:16: warning: unused variable ‚ÄòpthCliffEvent‚Äô [-Wunused-variable]
   99 |   std::thread *pthCliffEvent = new std::thread([&]() {
      |                ^~~~~~~~~~~~~
/root/workspace/workspace/cafer-6601-embeded/rubby_sensor_6601/sensor/nodes/test_plugin/TestModule.cpp:107:16: warning: unused variable ‚ÄòpthDropEvent‚Äô [-Wunused-variable]
  107 |   std::thread *pthDropEvent = new std::thread([&]() {
      |                ^~~~~~~~~~~~
/root/workspace/workspace/cafer-6601-embeded/rubby_sensor_6601/sensor/nodes/test_plugin/TestModule.cpp:115:16: warning: unused variable ‚ÄòpthEncoderMsg‚Äô [-Wunused-variable]
  115 |   std::thread *pthEncoderMsg = new std::thread([&]() {
      |                ^~~~~~~~~~~~~
/root/workspace/workspace/cafer-6601-embeded/rubby_sensor_6601/sensor/nodes/test_plugin/TestModule.cpp:123:16: warning: unused variable ‚ÄòpthImgTxMsg‚Äô [-Wunused-variable]
  123 |   std::thread *pthImgTxMsg = new std::thread([&]() {
      |                ^~~~~~~~~~~
/root/workspace/workspace/cafer-6601-embeded/rubby_sensor_6601/sensor/nodes/test_plugin/TestModule.cpp:131:16: warning: unused variable ‚ÄòpthImgIrMsg‚Äô [-Wunused-variable]
  131 |   std::thread *pthImgIrMsg = new std::thread([&]() {
      |                ^~~~~~~~~~~
/root/workspace/workspace/cafer-6601-embeded/rubby_sensor_6601/sensor/nodes/test_plugin/TestModule.cpp:139:16: warning: unused variable ‚ÄòpthImuMsg‚Äô [-Wunused-variable]
  139 |   std::thread *pthImuMsg = new std::thread([&]() {
      |                ^~~~~~~~~
/root/workspace/workspace/cafer-6601-embeded/rubby_sensor_6601/sensor/nodes/test_plugin/TestModule.cpp:147:16: warning: unused variable ‚ÄòpthLightFlow‚Äô [-Wunused-variable]
  147 |   std::thread *pthLightFlow = new std::thread([&]() {
      |                ^~~~~~~~~~~~
/root/workspace/workspace/cafer-6601-embeded/rubby_sensor_6601/sensor/nodes/test_plugin/TestModule.cpp:155:16: warning: unused variable ‚ÄòpthMachineMode‚Äô [-Wunused-variable]
  155 |   std::thread *pthMachineMode = new std::thread([&]() {
      |                ^~~~~~~~~~~~~~
/root/workspace/workspace/cafer-6601-embeded/rubby_sensor_6601/sensor/nodes/test_plugin/TestModule.cpp:163:16: warning: unused variable ‚ÄòpthWallSensorMsg‚Äô [-Wunused-variable]
  163 |   std::thread *pthWallSensorMsg = new std::thread([&]() {
      |                ^~~~~~~~~~~~~~~~
/root/workspace/workspace/cafer-6601-embeded/rubby_sensor_6601/sensor/nodes/test_plugin/TestModule.cpp:174:16: warning: unused variable ‚ÄòpthWheelSpeedMsg‚Äô [-Wunused-variable]
  174 |   std::thread *pthWheelSpeedMsg = new std::thread([&]() {
      |                ^~~~~~~~~~~~~~~~
/root/workspace/workspace/cafer-6601-embeded/rubby_sensor_6601/sensor/nodes/test_plugin/TestModule.cpp:182:16: warning: unused variable ‚ÄòpthMotorCurrentMsg‚Äô [-Wunused-variable]
  182 |   std::thread *pthMotorCurrentMsg = new std::thread([&]() {
      |                ^~~~~~~~~~~~~~~~~~
/root/workspace/workspace/cafer-6601-embeded/rubby_sensor_6601/sensor/nodes/test_plugin/TestModule.cpp:195:16: warning: unused variable ‚ÄòpthBatteryEvent‚Äô [-Wunused-variable]
  195 |   std::thread *pthBatteryEvent = new std::thread([&]() {
      |                ^~~~~~~~~~~~~~~
/root/workspace/workspace/cafer-6601-embeded/rubby_sensor_6601/sensor/nodes/test_plugin/TestModule.cpp:208:18: warning: unused variable ‚ÄòpthKeyEvent‚Äô [-Wunused-variable]
  208 |     std::thread *pthKeyEvent = new std::thread([&]() {
      |                  ^~~~~~~~~~~
/root/workspace/workspace/cafer-6601-embeded/rubby_sensor_6601/sensor/nodes/test_plugin/TestModule.cpp:219:16: warning: unused variable ‚ÄòpthImuMsgAuxiliary‚Äô [-Wunused-variable]
  219 |   std::thread *pthImuMsgAuxiliary = new std::thread([&]() {
      |                ^~~~~~~~~~~~~~~~~~
/root/workspace/workspace/cafer-6601-embeded/rubby_sensor_6601/sensor/nodes/test_plugin/TestModule.cpp:235:16: warning: unused variable ‚ÄòpthWifiStatus‚Äô [-Wunused-variable]
  235 |   std::thread *pthWifiStatus = new std::thread([&]() {
      |                ^~~~~~~~~~~~~
/root/workspace/workspace/cafer-6601-embeded/rubby_sensor_6601/sensor/core/imsee/src/6601_mipi/mipi_imsee.cpp:1033:29: warning: unused variable ‚Äòevents‚Äô [-Wunused-variable]
 1033 |   struct epoll_event event, events[MAX_EVENTS_NUM];
      |                             ^~~~~~
/root/workspace/workspace/cafer-6601-embeded/rubby_sensor_6601/sensor/core/imsee/src/6601_mipi/mipi_imsee.cpp: In member function ‚Äòvirtual int imsee_module::MIPI_IMSEE::Stop()‚Äô:
/root/workspace/workspace/cafer-6601-embeded/rubby_sensor_6601/sensor/core/imsee/src/6601_mipi/mipi_imsee.cpp:1245:7: warning: unused variable ‚Äòret‚Äô [-Wunused-variable]
 1245 |   int ret = 0;
      |       ^~~
/root/workspace/workspace/cafer-6601-embeded/rubby_sensor_6601/sensor/nodes/sensor_subscriber_plugin/sensor_subscriber.cpp:333:18: warning: unused variable ‚ÄòimseeTxIrTask‚Äô [-Wunused-variable]
  333 |     std::thread *imseeTxIrTask = new std::thread([this, &nh]() {
      |                  ^~~~~~~~~~~~~
/root/workspace/workspace/cafer-6601-embeded/rubby_sensor_6601/sensor/core/multi_module/src/MultiModule.cpp: In member function ‚Äòvirtual int emb_node::ToolsModule::LoadConfig(std::string)‚Äô:
/root/workspace/workspace/cafer-6601-embeded/rubby_sensor_6601/sensor/core/multi_module/src/MultiModule.cpp:187:26: warning: unused variable ‚ÄòconfigFile‚Äô [-Wunused-variable]
  187 |   YAMLConfig::ConfigFile configFile;
      |                          ^~~~~~~~~~
/root/workspace/workspace/cafer-6601-embeded/rubby_sensor_6601/sensor/core/multi_module/src/MultiModule.cpp: In member function ‚Äòvoid emb_node::ToolsModule::SysCheckTaks()‚Äô:
/root/workspace/workspace/cafer-6601-embeded/rubby_sensor_6601/sensor/core/multi_module/src/MultiModule.cpp:248:14: warning: unused variable ‚ÄònowTime‚Äô [-Wunused-variable]
  248 |     uint64_t nowTime = GetSystimeMs();
      |              ^~~~~~~
/root/workspace/workspace/cafer-6601-embeded/rubby_sensor_6601/sensor/core/multi_module/src/MultiModule.cpp:238:12: warning: unused variable ‚ÄòtemperatureLastTime‚Äô [-Wunused-variable]
  238 |   uint64_t temperatureLastTime = GetSystimeMs();
      |            ^~~~~~~~~~~~~~~~~~~
/root/workspace/workspace/cafer-6601-embeded/rubby_sensor_6601/sensor/core/multi_module/src/MultiModule.cpp: In member function ‚Äòvirtual int emb_node::ToolsModule::SetSysTime(uint64_t)‚Äô:
/root/workspace/workspace/cafer-6601-embeded/rubby_sensor_6601/sensor/core/multi_module/src/MultiModule.cpp:312:1: warning: no return statement in function returning non-void [-Wreturn-type]
  312 | }
      | ^
/root/workspace/workspace/cafer-6601-embeded/rubby_sensor_6601/sensor/core/multi_module/src/MultiModule.cpp: In member function ‚Äòvirtual int emb_node::ToolsModule::SetSysTime(int, int, int, int, int, int, int)‚Äô:
/root/workspace/workspace/cafer-6601-embeded/rubby_sensor_6601/sensor/core/multi_module/src/MultiModule.cpp:326:1: warning: no return statement in function returning non-void [-Wreturn-type]
  326 | }
      | ^
/root/workspace/workspace/cafer-6601-embeded/rubby_sensor_6601/sensor/core/multi_module/src/MultiModule.cpp: At global scope:
/root/workspace/workspace/cafer-6601-embeded/rubby_sensor_6601/sensor/core/multi_module/src/MultiModule.cpp:445:1: warning: ‚Äòtypedef‚Äô was ignored in this declaration
  445 | typedef struct CPU_OCCUPY {
      | ^~~~~~~
/root/workspace/workspace/cafer-6601-embeded/rubby_sensor_6601/sensor/core/multi_module/src/MultiModule.cpp: In member function ‚Äòvirtual int emb_node::ToolsModule::ThreeColorLightControl(std::string, emb_node::PowerType)‚Äô:
/root/workspace/workspace/cafer-6601-embeded/rubby_sensor_6601/sensor/core/multi_module/src/MultiModule.cpp:567:7: warning: variable ‚Äòret‚Äô set but not used [-Wunused-but-set-variable]
  567 |   int ret = 0;
      |       ^~~
/root/workspace/workspace/cafer-6601-embeded/rubby_sensor_6601/sensor/core/multi_module/src/MultiModule.cpp: In member function ‚Äòint emb_node::ToolsModule::SetAndGetVoice(int)‚Äô:
/root/workspace/workspace/cafer-6601-embeded/rubby_sensor_6601/sensor/core/multi_module/src/MultiModule.cpp:611:20: warning: ISO C++ forbids converting a string constant to ‚Äòchar*‚Äô [-Wwrite-strings]
  611 |   char *sctrlstr = "DAC Digital";
      |                    ^~~~~~~~~~~~~
/root/workspace/workspace/cafer-6601-embeded/rubby_sensor_6601/sensor/core/multi_module/src/MultiModule.cpp:612:8: warning: unused variable ‚ÄòvolMin‚Äô [-Wunused-variable]
  612 |   long volMin = 0, volMax = 0, leftVal = 0, rightVal = 0;
      |        ^~~~~~
/root/workspace/workspace/cafer-6601-embeded/rubby_sensor_6601/sensor/core/multi_module/src/MultiModule.cpp:612:20: warning: unused variable ‚ÄòvolMax‚Äô [-Wunused-variable]
  612 |   long volMin = 0, volMax = 0, leftVal = 0, rightVal = 0;
      |                    ^~~~~~
/root/workspace/workspace/cafer-6601-embeded/rubby_sensor_6601/sensor/core/multi_module/src/MultiModule.cpp: In function ‚Äòint emb_node::GetCpuId_X86(char*)‚Äô:
/root/workspace/workspace/cafer-6601-embeded/rubby_sensor_6601/sensor/core/multi_module/src/MultiModule.cpp:908:9: warning: unused variable ‚Äòlength‚Äô [-Wunused-variable]
  908 |  size_t length = 0;
      |         ^~~~~~
/root/workspace/workspace/cafer-6601-embeded/rubby_sensor_6601/sensor/core/multi_module/src/MultiModule.cpp: At global scope:
/root/workspace/workspace/cafer-6601-embeded/rubby_sensor_6601/sensor/core/multi_module/src/MultiModule.cpp:138:47: warning: ‚Äòemb_node::errMsg‚Äô defined but not used [-Wunused-variable]
  138 | static emb_sensors::error_types::ErrorMessage errMsg;
      |                                               ^~~~~~
/root/workspace/workspace/cafer-6601-embeded/rubby_sensor_6601/sensor/core/multi_module/sample/multi_main.cpp: In function ‚Äòint main(int, char**)‚Äô:
/root/workspace/workspace/cafer-6601-embeded/rubby_sensor_6601/sensor/core/multi_module/sample/multi_main.cpp:43:56: error: no matching function for call to ‚Äòemb_node::MultiModule::RtmpCtrl(sensor_srvs::RtmpSrv::<unnamed enum>)‚Äô
   43 |       client->RtmpCtrl(sensor_srvs::RtmpSrv::RTMP_START);
      |                                                        ^
In file included from /root/workspace/workspace/cafer-6601-embeded/rubby_sensor_6601/sensor/core/multi_module/sample/multi_main.cpp:11:
/root/workspace/workspace/cafer-6601-embeded/rubby_sensor_6601/sensor/core/multi_module/src/MultiModule.hpp:61:16: note: candidate: ‚Äòvirtual bool emb_node::MultiModule::RtmpCtrl(uint8_t, std::string)‚Äô
   61 |   virtual bool RtmpCtrl(uint8_t rtmpCtrl, std::string serverIpAddr) = 0;             // rtmpÊé®ÊµÅÊéßÂà∂
      |                ^~~~~~~~
/root/workspace/workspace/cafer-6601-embeded/rubby_sensor_6601/sensor/core/multi_module/src/MultiModule.hpp:61:16: note:   candidate expects 2 arguments, 1 provided
/root/workspace/workspace/cafer-6601-embeded/rubby_sensor_6601/sensor/core/multi_module/sample/multi_main.cpp:45:55: error: no matching function for call to ‚Äòemb_node::MultiModule::RtmpCtrl(sensor_srvs::RtmpSrv::<unnamed enum>)‚Äô
   45 |       client->RtmpCtrl(sensor_srvs::RtmpSrv::RTMP_STOP);
      |                                                       ^
In file included from /root/workspace/workspace/cafer-6601-embeded/rubby_sensor_6601/sensor/core/multi_module/sample/multi_main.cpp:11:
/root/workspace/workspace/cafer-6601-embeded/rubby_sensor_6601/sensor/core/multi_module/src/MultiModule.hpp:61:16: note: candidate: ‚Äòvirtual bool emb_node::MultiModule::RtmpCtrl(uint8_t, std::string)‚Äô
   61 |   virtual bool RtmpCtrl(uint8_t rtmpCtrl, std::string serverIpAddr) = 0;             // rtmpÊé®ÊµÅÊéßÂà∂
      |                ^~~~~~~~
/root/workspace/workspace/cafer-6601-embeded/rubby_sensor_6601/sensor/core/multi_module/src/MultiModule.hpp:61:16: note:   candidate expects 2 arguments, 1 provided
/root/workspace/workspace/cafer-6601-embeded/rubby_sensor_6601/sensor/core/multi_module/sample/multi_main.cpp:24:7: warning: unused variable ‚Äòleft‚Äô [-Wunused-variable]
   24 |   int left, total, cpuNum;
      |       ^~~~
/root/workspace/workspace/cafer-6601-embeded/rubby_sensor_6601/sensor/core/multi_module/sample/multi_main.cpp:24:13: warning: unused variable ‚Äòtotal‚Äô [-Wunused-variable]
   24 |   int left, total, cpuNum;
      |             ^~~~~
/root/workspace/workspace/cafer-6601-embeded/rubby_sensor_6601/sensor/core/multi_module/sample/multi_main.cpp:26:7: warning: unused variable ‚Äòbrightvalue‚Äô [-Wunused-variable]
   26 |   int brightvalue;
      |       ^~~~~~~~~~~
/root/workspace/workspace/cafer-6601-embeded/rubby_sensor_6601/sensor/core/multi_module/sample/multi_main.cpp:28:9: warning: unused variable ‚Äòtemp‚Äô [-Wunused-variable]
   28 |   float temp, freeMem, totalMem;
      |         ^~~~
/root/workspace/workspace/cafer-6601-embeded/rubby_sensor_6601/sensor/core/multi_module/sample/multi_main.cpp:28:15: warning: unused variable ‚ÄòfreeMem‚Äô [-Wunused-variable]
   28 |   float temp, freeMem, totalMem;
      |               ^~~~~~~
/root/workspace/workspace/cafer-6601-embeded/rubby_sensor_6601/sensor/core/multi_module/sample/multi_main.cpp:28:24: warning: unused variable ‚ÄòtotalMem‚Äô [-Wunused-variable]
   28 |   float temp, freeMem, totalMem;
      |                        ^~~~~~~~
[ 53%] Linking CXX shared library ../../../../../install/lib/arm/libmultimodule.so
make[2]: *** [sensor/core/multi_module/sample/CMakeFiles/multi_main.dir/build.make:76: sensor/core/multi_module/sample/CMakeFiles/multi_main.dir/multi_main.cpp.o] Error 1
make[2]: *** Waiting for unfinished jobs....
[ 54%] Building CXX object sensor/core/imsee/src/CMakeFiles/imsee.dir/ImseeModule.cpp.o
[ 57%] Built target gs2_calibration
[ 59%] Building CXX object sensor/core/imsee/src/CMakeFiles/imsee.dir/imsee.cpp.o
[ 59%] Built target multimodule
/root/workspace/workspace/cafer-6601-embeded/rubby_sensor_6601/sensor/core/multi_module/src/MultiModule.cpp: In member function ‚Äòvirtual int emb_node::ToolsModule::LoadConfig(std::string)‚Äô:
/root/workspace/workspace/cafer-6601-embeded/rubby_sensor_6601/sensor/core/multi_module/src/MultiModule.cpp:187:26: warning: unused variable ‚ÄòconfigFile‚Äô [-Wunused-variable]
  187 |   YAMLConfig::ConfigFile configFile;
      |                          ^~~~~~~~~~
/root/workspace/workspace/cafer-6601-embeded/rubby_sensor_6601/sensor/core/multi_module/src/MultiModule.cpp: In member function ‚Äòvoid emb_node::ToolsModule::SysCheckTaks()‚Äô:
/root/workspace/workspace/cafer-6601-embeded/rubby_sensor_6601/sensor/core/multi_module/src/MultiModule.cpp:248:14: warning: unused variable ‚ÄònowTime‚Äô [-Wunused-variable]
  248 |     uint64_t nowTime = GetSystimeMs();
      |              ^~~~~~~
/root/workspace/workspace/cafer-6601-embeded/rubby_sensor_6601/sensor/core/multi_module/src/MultiModule.cpp:238:12: warning: unused variable ‚ÄòtemperatureLastTime‚Äô [-Wunused-variable]
  238 |   uint64_t temperatureLastTime = GetSystimeMs();
      |            ^~~~~~~~~~~~~~~~~~~
/root/workspace/workspace/cafer-6601-embeded/rubby_sensor_6601/sensor/core/multi_module/src/MultiModule.cpp: In member function ‚Äòvirtual int emb_node::ToolsModule::SetSysTime(uint64_t)‚Äô:
/root/workspace/workspace/cafer-6601-embeded/rubby_sensor_6601/sensor/core/multi_module/src/MultiModule.cpp:312:1: warning: no return statement in function returning non-void [-Wreturn-type]
  312 | }
      | ^
/root/workspace/workspace/cafer-6601-embeded/rubby_sensor_6601/sensor/core/multi_module/src/MultiModule.cpp: In member function ‚Äòvirtual int emb_node::ToolsModule::SetSysTime(int, int, int, int, int, int, int)‚Äô:
/root/workspace/workspace/cafer-6601-embeded/rubby_sensor_6601/sensor/core/multi_module/src/MultiModule.cpp:326:1: warning: no return statement in function returning non-void [-Wreturn-type]
  326 | }
      | ^
/root/workspace/workspace/cafer-6601-embeded/rubby_sensor_6601/sensor/core/multi_module/src/MultiModule.cpp: At global scope:
/root/workspace/workspace/cafer-6601-embeded/rubby_sensor_6601/sensor/core/multi_module/src/MultiModule.cpp:445:1: warning: ‚Äòtypedef‚Äô was ignored in this declaration
  445 | typedef struct CPU_OCCUPY {
      | ^~~~~~~
/root/workspace/workspace/cafer-6601-embeded/rubby_sensor_6601/sensor/core/multi_module/src/MultiModule.cpp: In member function ‚Äòvirtual int emb_node::ToolsModule::ThreeColorLightControl(std::string, emb_node::PowerType)‚Äô:
/root/workspace/workspace/cafer-6601-embeded/rubby_sensor_6601/sensor/core/multi_module/src/MultiModule.cpp:567:7: warning: variable ‚Äòret‚Äô set but not used [-Wunused-but-set-variable]
  567 |   int ret = 0;
      |       ^~~
/root/workspace/workspace/cafer-6601-embeded/rubby_sensor_6601/sensor/core/multi_module/src/MultiModule.cpp: In member function ‚Äòint emb_node::ToolsModule::SetAndGetVoice(int)‚Äô:
/root/workspace/workspace/cafer-6601-embeded/rubby_sensor_6601/sensor/core/multi_module/src/MultiModule.cpp:611:20: warning: ISO C++ forbids converting a string constant to ‚Äòchar*‚Äô [-Wwrite-strings]
  611 |   char *sctrlstr = "DAC Digital";
      |                    ^~~~~~~~~~~~~
/root/workspace/workspace/cafer-6601-embeded/rubby_sensor_6601/sensor/core/multi_module/src/MultiModule.cpp:612:8: warning: unused variable ‚ÄòvolMin‚Äô [-Wunused-variable]
  612 |   long volMin = 0, volMax = 0, leftVal = 0, rightVal = 0;
      |        ^~~~~~
/root/workspace/workspace/cafer-6601-embeded/rubby_sensor_6601/sensor/core/multi_module/src/MultiModule.cpp:612:20: warning: unused variable ‚ÄòvolMax‚Äô [-Wunused-variable]
  612 |   long volMin = 0, volMax = 0, leftVal = 0, rightVal = 0;
      |                    ^~~~~~
/root/workspace/workspace/cafer-6601-embeded/rubby_sensor_6601/sensor/core/multi_module/src/MultiModule.cpp: In function ‚Äòint emb_node::GetCpuId_X86(char*)‚Äô:
/root/workspace/workspace/cafer-6601-embeded/rubby_sensor_6601/sensor/core/multi_module/src/MultiModule.cpp:908:9: warning: unused variable ‚Äòlength‚Äô [-Wunused-variable]
  908 |  size_t length = 0;
      |         ^~~~~~
/root/workspace/workspace/cafer-6601-embeded/rubby_sensor_6601/sensor/core/imsee/src/imsee.cpp:1596: warning: "MAC_MODE_INCLUDE_OTP_88" redefined
 1596 | #define MAC_MODE_INCLUDE_OTP_88 ((uint8_t)0x10)     //!< MAC mode bit   4: include first 88 OTP bits
      | 
In file included from /root/workspace/workspace/cafer-6601-embeded/rubby_sensor_6601/sensor/core/imsee/src/imsee.cpp:24:
/root/workspace/workspace/cafer-6601-embeded/rubby_sensor_6601/sensor/core/imsee/src/../library/sha256.h:104: note: this is the location of the previous definition
  104 | #define MAC_MODE_INCLUDE_OTP_88 ((uint8)0x10)     //!< MAC mode bit   4: include first 88 OTP bits
      | 
/root/workspace/workspace/cafer-6601-embeded/rubby_sensor_6601/sensor/core/imsee/src/imsee.cpp:1597: warning: "MAC_MODE_INCLUDE_OTP_64" redefined
 1597 | #define MAC_MODE_INCLUDE_OTP_64 ((uint8_t)0x20)     //!< MAC mode bit   5: include first 64 OTP bits
      | 
In file included from /root/workspace/workspace/cafer-6601-embeded/rubby_sensor_6601/sensor/core/imsee/src/imsee.cpp:24:
/root/workspace/workspace/cafer-6601-embeded/rubby_sensor_6601/sensor/core/imsee/src/../library/sha256.h:105: note: this is the location of the previous definition
  105 | #define MAC_MODE_INCLUDE_OTP_64 ((uint8)0x20)     //!< MAC mode bit   5: include first 64 OTP bits
      | 
/root/workspace/workspace/cafer-6601-embeded/rubby_sensor_6601/sensor/core/imsee/src/imsee.cpp:1603: warning: "MAC_MODE_CHALLENGE" redefined
 1603 | #define MAC_MODE_CHALLENGE ((uint8_t)0x00)          //!< MAC mode       0: first SHA block from data slot
      | 
In file included from /root/workspace/workspace/cafer-6601-embeded/rubby_sensor_6601/sensor/core/imsee/src/imsee.cpp:24:
/root/workspace/workspace/cafer-6601-embeded/rubby_sensor_6601/sensor/core/imsee/src/../library/sha256.h:99: note: this is the location of the previous definition
   99 | #define MAC_MODE_CHALLENGE ((uint8)0x00)          //!< MAC mode       0: first SHA block from data slot
      | 
/root/workspace/workspace/cafer-6601-embeded/rubby_sensor_6601/sensor/core/imsee/src/imsee.cpp:1604: warning: "MAC_MODE_BLOCK2_TEMPKEY" redefined
 1604 | #define MAC_MODE_BLOCK2_TEMPKEY ((uint8_t)0x01)     //!< MAC mode bit   0: second SHA block from TempKey
      | 
In file included from /root/workspace/workspace/cafer-6601-embeded/rubby_sensor_6601/sensor/core/imsee/src/imsee.cpp:24:
/root/workspace/workspace/cafer-6601-embeded/rubby_sensor_6601/sensor/core/imsee/src/../library/sha256.h:100: note: this is the location of the previous definition
  100 | #define MAC_MODE_BLOCK2_TEMPKEY ((uint8)0x01)     //!< MAC mode bit   0: second SHA block from TempKey
      | 
/root/workspace/workspace/cafer-6601-embeded/rubby_sensor_6601/sensor/core/imsee/src/imsee.cpp:1605: warning: "MAC_MODE_BLOCK1_TEMPKEY" redefined
 1605 | #define MAC_MODE_BLOCK1_TEMPKEY ((uint8_t)0x02)     //!< MAC mode bit   1: first SHA block from TempKey
      | 
In file included from /root/workspace/workspace/cafer-6601-embeded/rubby_sensor_6601/sensor/core/imsee/src/imsee.cpp:24:
/root/workspace/workspace/cafer-6601-embeded/rubby_sensor_6601/sensor/core/imsee/src/../library/sha256.h:101: note: this is the location of the previous definition
  101 | #define MAC_MODE_BLOCK1_TEMPKEY ((uint8)0x02)     //!< MAC mode bit   1: first SHA block from TempKey
      | 
/root/workspace/workspace/cafer-6601-embeded/rubby_sensor_6601/sensor/core/imsee/src/imsee.cpp:1606: warning: "MAC_MODE_SOURCE_FLAG_MATCH" redefined
 1606 | #define MAC_MODE_SOURCE_FLAG_MATCH ((uint8_t)0x04)  //!< MAC mode bit   2: match TempKey.SourceFlag
      | 
In file included from /root/workspace/workspace/cafer-6601-embeded/rubby_sensor_6601/sensor/core/imsee/src/imsee.cpp:24:
/root/workspace/workspace/cafer-6601-embeded/rubby_sensor_6601/sensor/core/imsee/src/../library/sha256.h:102: note: this is the location of the previous definition
  102 | #define MAC_MODE_SOURCE_FLAG_MATCH ((uint8)0x04)  //!< MAC mode bit   2: match TempKey.SourceFlag
      | 
/root/workspace/workspace/cafer-6601-embeded/rubby_sensor_6601/sensor/core/imsee/src/imsee.cpp:1607: warning: "MAC_MODE_PASSTHROUGH" redefined
 1607 | #define MAC_MODE_PASSTHROUGH ((uint8_t)0x07)        //!< MAC mode bit 0-2: pass-through mode
      | 
In file included from /root/workspace/workspace/cafer-6601-embeded/rubby_sensor_6601/sensor/core/imsee/src/imsee.cpp:24:
/root/workspace/workspace/cafer-6601-embeded/rubby_sensor_6601/sensor/core/imsee/src/../library/sha256.h:103: note: this is the location of the previous definition
  103 | #define MAC_MODE_PASSTHROUGH ((uint8)0x07)        //!< MAC mode bit 0-2: pass-through mode
      | 
/root/workspace/workspace/cafer-6601-embeded/rubby_sensor_6601/sensor/core/imsee/src/imsee.cpp:1610: warning: "MAC_MODE_INCLUDE_SN" redefined
 1610 | #define MAC_MODE_INCLUDE_SN ((uint8_t)0x40)         //!< MAC mode bit   6: include serial number
      | 
In file included from /root/workspace/workspace/cafer-6601-embeded/rubby_sensor_6601/sensor/core/imsee/src/imsee.cpp:24:
/root/workspace/workspace/cafer-6601-embeded/rubby_sensor_6601/sensor/core/imsee/src/../library/sha256.h:106: note: this is the location of the previous definition
  106 | #define MAC_MODE_INCLUDE_SN ((uint8)0x40)         //!< MAC mode bit   6: include serial number
      | 
/root/workspace/workspace/cafer-6601-embeded/rubby_sensor_6601/sensor/core/imsee/src/imsee.cpp:1612: warning: "MAC_MODE_MASK" redefined
 1612 | #define MAC_MODE_MASK ((uint8_t)0x77)               //!< MAC mode bits 3 and 7 are 0.
      | 
In file included from /root/workspace/workspace/cafer-6601-embeded/rubby_sensor_6601/sensor/core/imsee/src/imsee.cpp:24:
/root/workspace/workspace/cafer-6601-embeded/rubby_sensor_6601/sensor/core/imsee/src/../library/sha256.h:108: note: this is the location of the previous definition
  108 | #define MAC_MODE_MASK ((uint8)0x77)               //!< MAC mode bits 3 and 7 are 0.
      | 
/root/workspace/workspace/cafer-6601-embeded/rubby_sensor_6601/sensor/core/multi_module/src/MultiModule.cpp: At global scope:
/root/workspace/workspace/cafer-6601-embeded/rubby_sensor_6601/sensor/core/multi_module/src/MultiModule.cpp:138:47: warning: ‚Äòemb_node::errMsg‚Äô defined but not used [-Wunused-variable]
  138 | static emb_sensors::error_types::ErrorMessage errMsg;
      |                                               ^~~~~~
make[1]: *** [CMakeFiles/Makefile2:565: sensor/core/multi_module/sample/CMakeFiles/multi_main.dir/all] Error 2
make[1]: *** Waiting for unfinished jobs....
/root/workspace/workspace/cafer-6601-embeded/rubby_sensor_6601/sensor/core/imsee/src/ImseeModule.cpp: In static member function ‚Äòstatic imsee_module::ImseeModule* imsee_module::ImseeModule::Create(std::string)‚Äô:
/root/workspace/workspace/cafer-6601-embeded/rubby_sensor_6601/sensor/core/imsee/src/ImseeModule.cpp:203:43: warning: ‚Äòvoid* memset(void*, int, size_t)‚Äô clearing an object of non-trivial type ‚Äòstruct imsee_module::ImseeDevice‚Äô; use assignment or value-initialization instead [-Wclass-memaccess]
  203 |     memset(&device, 0, sizeof(ImseeDevice));
      |                                           ^
In file included from /root/workspace/workspace/cafer-6601-embeded/rubby_sensor_6601/sensor/core/imsee/src/imsee.hpp:9,
                 from /root/workspace/workspace/cafer-6601-embeded/rubby_sensor_6601/sensor/core/imsee/src/ImseeModule.cpp:11:
/root/workspace/workspace/cafer-6601-embeded/rubby_sensor_6601/sensor/core/imsee/src/ImseeModule.hpp:21:8: note: ‚Äòstruct imsee_module::ImseeDevice‚Äô declared here
   21 | struct ImseeDevice {
      |        ^~~~~~~~~~~
[ 60%] Linking CXX shared library ../../../../install/lib/arm/libtest_plugin.so
/root/workspace/workspace/cafer-6601-embeded/rubby_sensor_6601/sensor/core/imsee/src/imsee.cpp: In constructor ‚Äòimsee_module::IMSEE::IMSEE()‚Äô:
/root/workspace/workspace/cafer-6601-embeded/rubby_sensor_6601/sensor/core/imsee/src/imsee.cpp:101:45: warning: ‚Äòvoid* memset(void*, int, size_t)‚Äô clearing an object of non-trivial type ‚Äòstruct imsee_module::ImseeDevice‚Äô; use assignment or value-initialization instead [-Wclass-memaccess]
  101 |   memset(&deviceInfo, 0, sizeof(ImseeDevice));
      |                                             ^
In file included from /root/workspace/workspace/cafer-6601-embeded/rubby_sensor_6601/sensor/core/imsee/src/imsee.hpp:9,
                 from /root/workspace/workspace/cafer-6601-embeded/rubby_sensor_6601/sensor/core/imsee/src/imsee.cpp:1:
/root/workspace/workspace/cafer-6601-embeded/rubby_sensor_6601/sensor/core/imsee/src/ImseeModule.hpp:21:8: note: ‚Äòstruct imsee_module::ImseeDevice‚Äô declared here
   21 | struct ImseeDevice {
      |        ^~~~~~~~~~~
/root/workspace/workspace/cafer-6601-embeded/rubby_sensor_6601/sensor/core/imsee/src/imsee.cpp:132:46: warning: ‚Äòvoid* memset(void*, int, size_t)‚Äô clearing an object of non-trivial type ‚Äòstruct imsee_module::ImgDataType‚Äô; use assignment or value-initialization instead [-Wclass-memaccess]
  132 |   memset(&camera_data, 0, sizeof(ImgDataType));
      |                                              ^
In file included from /root/workspace/workspace/cafer-6601-embeded/rubby_sensor_6601/sensor/core/imsee/src/imsee.cpp:1:
/root/workspace/workspace/cafer-6601-embeded/rubby_sensor_6601/sensor/core/imsee/src/imsee.hpp:51:8: note: ‚Äòstruct imsee_module::ImgDataType‚Äô declared here
   51 | struct ImgDataType {
      |        ^~~~~~~~~~~
/root/workspace/workspace/cafer-6601-embeded/rubby_sensor_6601/sensor/core/imsee/src/imsee.cpp:133:43: warning: ‚Äòvoid* memset(void*, int, size_t)‚Äô clearing an object of non-trivial type ‚Äòstruct imsee_module::ImuDataType‚Äô; use assignment or value-initialization instead [-Wclass-memaccess]
  133 |   memset(&imu_data, 0, sizeof(ImuDataType));
      |                                           ^
In file included from /root/workspace/workspace/cafer-6601-embeded/rubby_sensor_6601/sensor/core/imsee/src/imsee.cpp:1:
/root/workspace/workspace/cafer-6601-embeded/rubby_sensor_6601/sensor/core/imsee/src/imsee.hpp:72:8: note: ‚Äòstruct imsee_module::ImuDataType‚Äô declared here
   72 | struct ImuDataType {
      |        ^~~~~~~~~~~
/root/workspace/workspace/cafer-6601-embeded/rubby_sensor_6601/sensor/core/imsee/src/imsee.cpp: In constructor ‚Äòimsee_module::IMSEE::IMSEE(imsee_module::ImseeDevice)‚Äô:
/root/workspace/workspace/cafer-6601-embeded/rubby_sensor_6601/sensor/core/imsee/src/imsee.cpp:146:45: warning: ‚Äòvoid* memset(void*, int, size_t)‚Äô clearing an object of non-trivial type ‚Äòstruct imsee_module::ImseeDevice‚Äô; use assignment or value-initialization instead [-Wclass-memaccess]
  146 |   memset(&deviceInfo, 0, sizeof(ImseeDevice));
      |                                             ^
In file included from /root/workspace/workspace/cafer-6601-embeded/rubby_sensor_6601/sensor/core/imsee/src/imsee.hpp:9,
                 from /root/workspace/workspace/cafer-6601-embeded/rubby_sensor_6601/sensor/core/imsee/src/imsee.cpp:1:
/root/workspace/workspace/cafer-6601-embeded/rubby_sensor_6601/sensor/core/imsee/src/ImseeModule.hpp:21:8: note: ‚Äòstruct imsee_module::ImseeDevice‚Äô declared here
   21 | struct ImseeDevice {
      |        ^~~~~~~~~~~
/root/workspace/workspace/cafer-6601-embeded/rubby_sensor_6601/sensor/core/imsee/src/imsee.cpp:174:46: warning: ‚Äòvoid* memset(void*, int, size_t)‚Äô clearing an object of non-trivial type ‚Äòstruct imsee_module::ImgDataType‚Äô; use assignment or value-initialization instead [-Wclass-memaccess]
  174 |   memset(&camera_data, 0, sizeof(ImgDataType));
      |                                              ^
In file included from /root/workspace/workspace/cafer-6601-embeded/rubby_sensor_6601/sensor/core/imsee/src/imsee.cpp:1:
/root/workspace/workspace/cafer-6601-embeded/rubby_sensor_6601/sensor/core/imsee/src/imsee.hpp:51:8: note: ‚Äòstruct imsee_module::ImgDataType‚Äô declared here
   51 | struct ImgDataType {
      |        ^~~~~~~~~~~
/root/workspace/workspace/cafer-6601-embeded/rubby_sensor_6601/sensor/core/imsee/src/imsee.cpp:175:43: warning: ‚Äòvoid* memset(void*, int, size_t)‚Äô clearing an object of non-trivial type ‚Äòstruct imsee_module::ImuDataType‚Äô; use assignment or value-initialization instead [-Wclass-memaccess]
  175 |   memset(&imu_data, 0, sizeof(ImuDataType));
      |                                           ^
In file included from /root/workspace/workspace/cafer-6601-embeded/rubby_sensor_6601/sensor/core/imsee/src/imsee.cpp:1:
/root/workspace/workspace/cafer-6601-embeded/rubby_sensor_6601/sensor/core/imsee/src/imsee.hpp:72:8: note: ‚Äòstruct imsee_module::ImuDataType‚Äô declared here
   72 | struct ImuDataType {
      |        ^~~~~~~~~~~
/root/workspace/workspace/cafer-6601-embeded/rubby_sensor_6601/sensor/core/imsee/src/imsee.cpp: In member function ‚Äòint imsee_module::IMSEE::CopyParams(std::shared_ptr<sensor_srvs::ImseeParamSrv::Response>, unsigned char*)‚Äô:
/root/workspace/workspace/cafer-6601-embeded/rubby_sensor_6601/sensor/core/imsee/src/imsee.cpp:419:1: warning: no return statement in function returning non-void [-Wreturn-type]
  419 | }
      | ^
/root/workspace/workspace/cafer-6601-embeded/rubby_sensor_6601/sensor/core/imsee/src/imsee.cpp: In member function ‚Äòvirtual int imsee_module::IMSEE::GetParams(std::shared_ptr<sensor_srvs::ImseeParamSrv::Response>)‚Äô:
/root/workspace/workspace/cafer-6601-embeded/rubby_sensor_6601/sensor/core/imsee/src/imsee.cpp:458:16: warning: comparison of integer expressions of different signedness: ‚Äòint‚Äô and ‚Äòsize_t‚Äô {aka ‚Äòlong unsigned int‚Äô} [-Wsign-compare]
  458 |     if (retLen != len) {
      |         ~~~~~~~^~~~~~
[ 60%] Built target test_plugin
/root/workspace/workspace/cafer-6601-embeded/rubby_sensor_6601/sensor/core/imsee/src/imsee.cpp: In member function ‚Äòint imsee_module::IMSEE::UnexportGpio()‚Äô:
/root/workspace/workspace/cafer-6601-embeded/rubby_sensor_6601/sensor/core/imsee/src/imsee.cpp:782:7: warning: unused variable ‚Äòret‚Äô [-Wunused-variable]
  782 |   int ret = system("echo 0 > /sys/class/gpio/gpio422/value");
      |       ^~~
/root/workspace/workspace/cafer-6601-embeded/rubby_sensor_6601/sensor/core/imsee/src/imsee.cpp: In member function ‚Äòint imsee_module::IMSEE::OpenCamera(int, int, int)‚Äô:
/root/workspace/workspace/cafer-6601-embeded/rubby_sensor_6601/sensor/core/imsee/src/imsee.cpp:1181:46: warning: ‚Äòvoid* memset(void*, int, size_t)‚Äô clearing an object of non-trivial type ‚Äòstruct imsee_module::ImgDataType‚Äô; use assignment or value-initialization instead [-Wclass-memaccess]
 1181 |   memset(&camera_data, 0, sizeof(ImgDataType));
      |                                              ^
In file included from /root/workspace/workspace/cafer-6601-embeded/rubby_sensor_6601/sensor/core/imsee/src/imsee.cpp:1:
/root/workspace/workspace/cafer-6601-embeded/rubby_sensor_6601/sensor/core/imsee/src/imsee.hpp:51:8: note: ‚Äòstruct imsee_module::ImgDataType‚Äô declared here
   51 | struct ImgDataType {
      |        ^~~~~~~~~~~
In file included from /root/workspace/workspace/cafer-6601-embeded/rubby_sensor_6601/sensor/core/imsee/../common/TimeUsedCheck.hpp:5,
                 from /root/workspace/workspace/cafer-6601-embeded/rubby_sensor_6601/sensor/core/imsee/../common/EmbLib.hpp:10,
                 from /root/workspace/workspace/cafer-6601-embeded/rubby_sensor_6601/sensor/core/imsee/src/imsee.hpp:8,
                 from /root/workspace/workspace/cafer-6601-embeded/rubby_sensor_6601/sensor/core/imsee/src/imsee.cpp:1:
/root/workspace/workspace/cafer-6601-embeded/rubby_sensor_6601/sensor/core/imsee/src/imsee.cpp: In member function ‚Äòvoid imsee_module::IMSEE::ImgRecieveTask()‚Äô:
/root/workspace/workspace/cafer-6601-embeded/rubby_sensor_6601/sensor/core/imsee/../common/RobotDebug.hpp:109:155: warning: format ‚Äò%d‚Äô expects argument of type ‚Äòint‚Äô, but argument 7 has type ‚Äòsize_t‚Äô {aka ‚Äòlong unsigned int‚Äô} [-Wformat=]
  109 | #define RobotWARN(format, ...) {if(EmbLog::GetInstance()->GetLogSwitch() && (LOG_LEVEL_WARN >= EmbLog::GetInstance()->GetLogMinLevel()))  fprintf(stdout, "%lu [%s:%d/%s] [sensors] " LOG_COLOR_BOLDYELLOW format LOG_COLOR_RESET "\n", GetSystimeMs(), basename((char *)__FILE__), __LINE__, __FUNCTION__, ##__VA_ARGS__);}
      |                                                                                                                                                           ^~~~~~~~~~~~~~~~~~~~~~~~~~~~~~~~~~~~~~~~~~~~~~~~~~~~~~~~~~~~~~~~~~~~~~~~~~~~
/root/workspace/workspace/cafer-6601-embeded/rubby_sensor_6601/sensor/core/imsee/src/imsee.cpp:1263:9: note: in expansion of macro ‚ÄòRobotWARN‚Äô
 1263 |         RobotWARN("the img will be droped for data lost %d<%d", frame->data_bytes, imagesize);
      |         ^~~~~~~~~
/root/workspace/workspace/cafer-6601-embeded/rubby_sensor_6601/sensor/core/imsee/src/imsee.cpp:1263:58: note: format string is defined here
 1263 |         RobotWARN("the img will be droped for data lost %d<%d", frame->data_bytes, imagesize);
      |                                                         ~^
      |                                                          |
      |                                                          int
      |                                                         %ld
/root/workspace/workspace/cafer-6601-embeded/rubby_sensor_6601/sensor/core/imsee/src/imsee.cpp: In member function ‚Äòint imsee_module::IMSEE::GetEncryptSerialNum(uint8_t*)‚Äô:
/root/workspace/workspace/cafer-6601-embeded/rubby_sensor_6601/sensor/core/imsee/src/imsee.cpp:2087:11: warning: unused variable ‚Äòval‚Äô [-Wunused-variable]
 2087 |   uint8_t val = 0;
      |           ^~~
[ 62%] Linking CXX shared library ../../../../install/lib/arm/libsensor_subscriber_plugin.so
[ 62%] Built target sensor_subscriber_plugin
[ 64%] Linking CXX shared library ../../../../../install/lib/arm/libimsee.so
[ 95%] Built target imsee
make: *** [Makefile:84: all] Error 2
Build step 'Execute shell' marked build as failure
Finished: FAILURE
