Started by user [8mha:////4MzersSP/9cKUovrzPMuoS/kLqxVF8zd8yb1BUJ8RGIAAAAAmh+LCAAAAAAAAP9b85aBtbiIQTGjNKU4P08vOT+vOD8nVc83PyU1x6OyILUoJzMv2y+/JJUBAhiZGBgqihhk0NSjKDWzXb3RdlLBUSYGJk8GtpzUvPSSDB8G5tKinBIGIZ+sxLJE/ZzEvHT94JKizLx0a6BxUmjGOUNodHsLgAzuEgYB/dLi1CL9nMzSXKDZQJMAv/Rqu8UAAAA=[0mliumengyang
Rebuilds build #[8mha:////4HOoZOy+j/7K/O7A9QO2t8V9V1qVDCm4ziwKcx/p7WMJAAAAqB+LCAAAAAAAAP9b85aBtbiIQTGjNKU4P08vOT+vOD8nVc83PyU1x6OyILUoJzMv2y+/JJUBAhiZGBgqihhk0NSjKDWzXb3RdlLBUSYGJk8GtpzUvPSSDB8G5tKinBIGIZ+sxLJE/ZzEvHT94JKizLx0a6BxUmjGOUNodHsLgAymEgYl/bLM1HL91Nyk1JTUFP2s/CT9ksScnEpdmIihAQBqYWpb1wAAAA==[0m10
Running as SYSTEM
Building remotely on [8mha:////4D6yRyBYe7oknGfyEvkNHQn9TOnFM8NY87mS+dJ5YRC3AAAAoR+LCAAAAAAAAP9b85aBtbiIQTGjNKU4P08vOT+vOD8nVc83PyU1x6OyILUoJzMv2y+/JJUBAhiZGBgqihhk0NSjKDWzXb3RdlLBUSYGJk8GtpzUvPSSDB8G5tKinBIGIZ+sxLJE/ZzEvHT94JKizLx0a6BxUmjGOUNodHsLgAzuEgZR/eT83ILSktQi/eyMxJTEYt3kxCIzAMgbbL3KAAAA[0mkhadas-car6 (car6) in workspace /root/workspace/workspace/tally-embeded
[WS-CLEANUP] Clean-up disabled, skipping workspace deletion.
No emails were triggered.
[tally-embeded] $ /bin/sh -xe /tmp/jenkins11812646924713005713.sh
+ bash /root/myscript/build/build.sh
++ export MYSQL_PWD=123
++ MYSQL_PWD=123
++ export -f cmdb_mysql
+ set -ex
+ export -f public_project_update
+ export -f project_build
+ init_project_env
++ date +%Y%m%d
+ DT=20230616
+ UserName=jenkins
+ API_TOKEN=11b65309c9835de9579d9c9038853d9eb7
+ GIT_PRIVATE_TOKEN=emEDrsaJVjxKK5gSWrf-
+ GIT_HOST=192.168.50.191
++ awk -F/ '{print $1"%2F"$2}'
++ echo AroundI18RProject/I18RSensorsSubmodule
+ CONVERT_TARGET_PROJECT=AroundI18RProject%2FI18RSensorsSubmodule
++ curl -XGET -H 'Content-Type: application/json' --header 'PRIVATE-TOKEN: emEDrsaJVjxKK5gSWrf-' http://192.168.50.191:85/api/v4/projects/AroundI18RProject%2FI18RSensorsSubmodule
++ python -c 'import sys, json; print(json.load(sys.stdin)["id"])'
  % Total    % Received % Xferd  Average Speed   Time    Time     Time  Current
                                 Dload  Upload   Total   Spent    Left  Speed
  0     0    0     0    0     0      0      0 --:--:-- --:--:-- --:--:--     0100  3430    0  3430    0     0  32056      0 --:--:-- --:--:-- --:--:-- 32358
+ SUB_PROJECT_ID=433
+ '[' -z ']'
+ SOURCE_DIR=/root/workspace/workspace/tally-embeded/12r_sensor_project
+ TARGET_DIR=/root/workspace/workspace/tally-embeded/I18RSensorsSubmodule
+ prepare_env
++ uname -m
+ system_platform=aarch64
+ :
++ grep processor
++ sort
++ wc -l
++ uniq
++ cat /proc/cpuinfo
+ mt=-j4
+ export COMMIT_ID_FILE=/root/workspace/workspace/tally-embeded/_last_build_id
+ COMMIT_ID_FILE=/root/workspace/workspace/tally-embeded/_last_build_id
+ export COMMIT_MSG_FILE=/root/workspace/workspace/tally-embeded/_commit-msg
+ COMMIT_MSG_FILE=/root/workspace/workspace/tally-embeded/_commit-msg
+ export COMMIT_MSG_FILE_TMP=/root/workspace/workspace/tally-embeded/_commit-msg.tmp
+ COMMIT_MSG_FILE_TMP=/root/workspace/workspace/tally-embeded/_commit-msg.tmp
+ rm -f /root/workspace/workspace/tally-embeded/_last_build_id
+ rm -f /root/workspace/workspace/tally-embeded/_commit-msg
+ rm -f /root/workspace/workspace/tally-embeded/_commit-msg.tmp
+ rm -f /root/workspace/workspace/tally-embeded/result.log
+ rm -f /root/workspace/workspace/tally-embeded/no_code_change.log
+ CLONE_DEPTH=--depth=1
+ PUBLICBASETYPES_DIR=/root/system/I18RPublicBaseTypes
+ cmdb_mysql 'insert into prebuild(job_name,source_project,source_branch,target_project,target_branch,time,build_url,node_name,build_user) values ('\''tally-embeded'\'','\''EmbeddedGroup/12r/12r_sensor_project'\'','\''dev_tally'\'','\''AroundI18RProject/I18RSensorsSubmodule'\'','\''tally'\'',now(),'\''http://192.168.50.26:8080/job/tally-embeded/11/'\'','\''khadas-car6'\'','\''liumengang'\'')'
+ set +x
+ DOCKER_CONTAINER_I18=build-x64-18.04
+ DOCKER_CONTAINER_RUBBY=c405
+ DOCKER_CONTAINER_RUBBY_INSIDE=c3566
+ DOCKER_CONTAINER_JAVA=node
+ JENKINS_JOB_A=mind
+ JENKINS_JOB_B=rbn
+ JENKINS_JOB_C=mark-check-tools
+ JENKINS_JOB_D=java
+ JENKINS_JOB_E=nodejs
+ JENKINS_JOB_F=_ui
+ JENKINS_JOB_G=i12r
+ JENKINS_JOB_E=clean_recorder
+ JENKINS_JOB_F=i18r
+ [[ tally-embeded =~ mind ]]
+ '[' false = false ']'
+ source_project_update
+ '[' -d /root/workspace/workspace/tally-embeded/12r_sensor_project ']'
+ pushd /root/workspace/workspace/tally-embeded/12r_sensor_project
~/workspace/workspace/tally-embeded/12r_sensor_project ~/workspace/workspace/tally-embeded
+ git checkout ./
+ git pull --rebase
å·²ç»æ˜¯æœ€æ–°çš„ã€‚
å½“å‰åˆ†æ”¯ dev_tally æ˜¯æœ€æ–°çš„ã€‚
+ popd
~/workspace/workspace/tally-embeded
+ target_project_update
+ rm -rf /root/workspace/workspace/tally-embeded/I18RSensorsSubmodule
+ target_project_fetch
+ git clone ssh://git@192.168.50.191:222/AroundI18RProject/I18RSensorsSubmodule -b tally --depth=1
æ­£å…‹éš†åˆ° 'I18RSensorsSubmodule'...
+ insert_db
+ pushd /root/workspace/workspace/tally-embeded/12r_sensor_project
~/workspace/workspace/tally-embeded/12r_sensor_project ~/workspace/workspace/tally-embeded
++ cmdb_mysql 'SELECT first_commit_id FROM prebuild where source_project='\''EmbeddedGroup/12r/12r_sensor_project'\'' and source_branch='\''dev_tally'\'' and target_project='\''AroundI18RProject/I18RSensorsSubmodule'\'' and target_branch='\''tally'\'' and status='\''0'\'' and job_name='\''tally-embeded'\'' order by id desc limit 1;'
++ set +x
+ version='first_commit_id
cee89c2'
++ awk -F ' ' '{print $2}'
++ echo first_commit_id cee89c2
+ version=cee89c2
++ git log -1 --pretty=format:%h
+ first_commit_id_now=030dc0f
+ cmdb_mysql 'update prebuild set first_commit_id='\''030dc0f'\'' where build_url='\''http://192.168.50.26:8080/job/tally-embeded/11/'\'';'
+ set +x
+ popd
~/workspace/workspace/tally-embeded
+ [[ aarch64 =~ x86_64 ]]
+ [[ tally-embeded =~ rbn ]]
+ [[ tally-embeded =~ mind ]]
+ public_project_update
+ rm -rf /root/system/I18RPublicBaseTypes
+ [[ tally-embeded =~ i12r ]]
+ [[ tally-embeded =~ clean_recorder ]]
+ [[ tally-embeded =~ i18r ]]
+ public_i18rutilitysubmodule_update
+ pushd /root/system/i18rutilitysubmodule
~/system/i18rutilitysubmodule ~/workspace/workspace/tally-embeded
+ git checkout ./
+ git clean -xdf ./
+ git pull origin develop
æ¥è‡ª ssh://192.168.50.191:222/AroundI18RProject/i18rutilitysubmodule
 * branch            develop    -> FETCH_HEAD
å·²ç»æ˜¯æœ€æ–°çš„ã€‚
+ ./install.sh
sudo: æ— æ³•è§£æä¸»æœºï¼šcar6
+ popd
~/workspace/workspace/tally-embeded
+ project_build
+ pushd /root/workspace/workspace/tally-embeded/12r_sensor_project
~/workspace/workspace/tally-embeded/12r_sensor_project ~/workspace/workspace/tally-embeded
+ project_init_remote
+ read sf
+ find -type f -name sync_submodules.sh
+ [[ ! -n sync_file=ok ]]
+ sed -i 's/make -j[0-9].*/make -j4/g' build.sh
+ '[' x030dc0f == xcee89c2 ']'
+ '[' -z ']'
+ bash -ex build.sh
+ '[' '!' -d build_arm64 ']'
+ '[' '!' -d build_x64 ']'
+ '[' '!' -d build_sdk ']'
+ '[' -z ']'
+ BUILD_PLATFORM=sdk
++ uname -m
+ PLATFORM=aarch64
+ echo 'now platform is aarch64 ...'
now platform is aarch64 ...
+ [[ 0 -gt 0 ]]
+ '[' aarch64 = x86_64 ']'
+ '[' aarch64 = aarch64 ']'
+ case $BUILD_PLATFORM in
+ echo 'build for sdk .........'
build for sdk .........
+ compile_sdk
+ cd build_sdk
+ cmake -DCROSS_COMPILE_ENABLE=OFF ..
LIBRARY_OUTPUT_PATH /root/workspace/workspace/tally-embeded/12r_sensor_project/install/lib ..................
EXECUTABLE_OUTPUT_PATH /root/workspace/workspace/tally-embeded/12r_sensor_project/install/bin .....................
-- Found OpenCV: /usr/local (found version "3.4.3") 
-- emb_common version is 1.3.30
-- monitor_node version is 1.3.30
-- emb_monitor version is 1.3.30
-- sensor_module version is 1.3.30
-- mcu_module version is 1.3.30
-- Found OpenCV: /usr/local (found suitable version "3.4.3", minimum required is "3") 
-- imsee_module version is 1.3.30
-- vcu_module version is 1.3.30
-- usbtof_module version is 1.3.30
*************************************************
current platform is aarch64
*************************************************
-- sunnytof_module version is 1.3.30
-- lidar_module version is 1.3.30
-- multi_module version is 1.3.30
-- Configuring done
-- Generating done
-- Build files have been written to: /root/workspace/workspace/tally-embeded/12r_sensor_project/build_sdk
+ make -j4
[  1%] Building CXX object emb_node/CMakeFiles/monitor_node.dir/MonitorNode.cpp.o
[ 10%] Built target emb_common
In file included from /root/workspace/workspace/tally-embeded/12r_sensor_project/emb_node/MonitorNode.cpp:1:0:
/root/workspace/workspace/tally-embeded/12r_sensor_project/emb_node/MonitorNode.hpp:3:10: fatal error: error_types.h: æ²¡æœ‰é‚£ä¸ªæ–‡ä»¶æˆ–ç›®å½•
 #include <error_types.h>
          ^~~~~~~~~~~~~~~
compilation terminated.
emb_node/CMakeFiles/monitor_node.dir/build.make:62: recipe for target 'emb_node/CMakeFiles/monitor_node.dir/MonitorNode.cpp.o' failed
make[2]: *** [emb_node/CMakeFiles/monitor_node.dir/MonitorNode.cpp.o] Error 1
CMakeFiles/Makefile2:140: recipe for target 'emb_node/CMakeFiles/monitor_node.dir/all' failed
make[1]: *** [emb_node/CMakeFiles/monitor_node.dir/all] Error 2
make[1]: *** æ­£åœ¨ç­‰å¾…æœªå®Œæˆçš„ä»»åŠ¡....
Scanning dependencies of target controller
Scanning dependencies of target multi_main
Scanning dependencies of target vcu_module
[ 11%] Building CXX object emb_monitor/sample/CMakeFiles/controller.dir/__/EmbController.cpp.o
[ 11%] Building CXX object emb_monitor/sample/CMakeFiles/controller.dir/controller.cpp.o
[ 11%] Building CXX object vcu_module/src/CMakeFiles/vcu_module.dir/__/__/drivers/serial.cpp.o
[ 11%] Building CXX object multi_module/sample/CMakeFiles/multi_main.dir/__/__/drivers/serial.cpp.o
In file included from /root/workspace/workspace/tally-embeded/12r_sensor_project/emb_monitor/EmbController.hpp:7:0,
                 from /root/workspace/workspace/tally-embeded/12r_sensor_project/emb_monitor/EmbController.cpp:1:
/root/workspace/workspace/tally-embeded/12r_sensor_project/emb_node/MonitorNode.hpp:3:10: fatal error: error_types.h: æ²¡æœ‰é‚£ä¸ªæ–‡ä»¶æˆ–ç›®å½•
 #include <error_types.h>
          ^~~~~~~~~~~~~~~
compilation terminated.
emb_monitor/sample/CMakeFiles/controller.dir/build.make:86: recipe for target 'emb_monitor/sample/CMakeFiles/controller.dir/__/EmbController.cpp.o' failed
In file included from /root/workspace/workspace/tally-embeded/12r_sensor_project/emb_monitor/EmbController.hpp:7:0,
                 from /root/workspace/workspace/tally-embeded/12r_sensor_project/emb_monitor/sample/controller.cpp:6:
/root/workspace/workspace/tally-embeded/12r_sensor_project/emb_node/MonitorNode.hpp:3:10: fatal error: error_types.h: æ²¡æœ‰é‚£ä¸ªæ–‡ä»¶æˆ–ç›®å½•
 #include <error_types.h>
          ^~~~~~~~~~~~~~~
make[2]: *** [emb_monitor/sample/CMakeFiles/controller.dir/__/EmbController.cpp.o] Error 1
compilation terminated.
make[2]: *** æ­£åœ¨ç­‰å¾…æœªå®Œæˆçš„ä»»åŠ¡....
emb_monitor/sample/CMakeFiles/controller.dir/build.make:62: recipe for target 'emb_monitor/sample/CMakeFiles/controller.dir/controller.cpp.o' failed
make[2]: *** [emb_monitor/sample/CMakeFiles/controller.dir/controller.cpp.o] Error 1
CMakeFiles/Makefile2:263: recipe for target 'emb_monitor/sample/CMakeFiles/controller.dir/all' failed
make[1]: *** [emb_monitor/sample/CMakeFiles/controller.dir/all] Error 2
[ 12%] Building CXX object multi_module/sample/CMakeFiles/multi_main.dir/__/src/MultiModule.cpp.o
[ 13%] Building CXX object multi_module/sample/CMakeFiles/multi_main.dir/__/__/drivers/can.cpp.o
In file included from /root/workspace/workspace/tally-embeded/12r_sensor_project/multi_module/src/MultiModule.cpp:24:0:
/root/workspace/workspace/tally-embeded/12r_sensor_project/emb_node/MonitorNode.hpp:3:10: fatal error: error_types.h: æ²¡æœ‰é‚£ä¸ªæ–‡ä»¶æˆ–ç›®å½•
 #include <error_types.h>
          ^~~~~~~~~~~~~~~
compilation terminated.
multi_module/sample/CMakeFiles/multi_main.dir/build.make:110: recipe for target 'multi_module/sample/CMakeFiles/multi_main.dir/__/src/MultiModule.cpp.o' failed
make[2]: *** [multi_module/sample/CMakeFiles/multi_main.dir/__/src/MultiModule.cpp.o] Error 1
make[2]: *** æ­£åœ¨ç­‰å¾…æœªå®Œæˆçš„ä»»åŠ¡....
[ 14%] Building CXX object vcu_module/src/CMakeFiles/vcu_module.dir/__/__/drivers/can.cpp.o
[ 14%] Building C object vcu_module/src/CMakeFiles/vcu_module.dir/__/library/modbus-data.c.o
[ 15%] Building C object vcu_module/src/CMakeFiles/vcu_module.dir/__/library/modbus-rtu.c.o
[ 16%] Building C object vcu_module/src/CMakeFiles/vcu_module.dir/__/library/modbus.c.o
[ 16%] Building CXX object vcu_module/src/CMakeFiles/vcu_module.dir/Vcu.cpp.o
CMakeFiles/Makefile2:1378: recipe for target 'multi_module/sample/CMakeFiles/multi_main.dir/all' failed
make[1]: *** [multi_module/sample/CMakeFiles/multi_main.dir/all] Error 2
[ 17%] Building CXX object vcu_module/src/CMakeFiles/vcu_module.dir/VcuModule.cpp.o
/root/workspace/workspace/tally-embeded/12r_sensor_project/vcu_module/src/VcuModule.cpp:1:10: fatal error: base_types.h: æ²¡æœ‰é‚£ä¸ªæ–‡ä»¶æˆ–ç›®å½•
 #include <base_types.h>
          ^~~~~~~~~~~~~~
compilation terminated.
vcu_module/src/CMakeFiles/vcu_module.dir/build.make:206: recipe for target 'vcu_module/src/CMakeFiles/vcu_module.dir/VcuModule.cpp.o' failed
make[2]: *** [vcu_module/src/CMakeFiles/vcu_module.dir/VcuModule.cpp.o] Error 1
make[2]: *** æ­£åœ¨ç­‰å¾…æœªå®Œæˆçš„ä»»åŠ¡....
/root/workspace/workspace/tally-embeded/12r_sensor_project/vcu_module/src/Vcu.cpp:32:31: warning: multi-character character constant [-Wmultichar]
   SERIAL_CONFIG_INFO.parity = 'No';
                               ^~~~
/root/workspace/workspace/tally-embeded/12r_sensor_project/vcu_module/src/Vcu.cpp: In constructor â€˜vcu_module::Vcu::Vcu()â€™:
/root/workspace/workspace/tally-embeded/12r_sensor_project/vcu_module/src/Vcu.cpp:32:31: warning: large integer implicitly truncated to unsigned type [-Woverflow]
CMakeFiles/Makefile2:788: recipe for target 'vcu_module/src/CMakeFiles/vcu_module.dir/all' failed
make[1]: *** [vcu_module/src/CMakeFiles/vcu_module.dir/all] Error 2
Makefile:83: recipe for target 'all' failed
make: *** [all] Error 2
Build step 'Execute shell' marked build as failure
Email was triggered for: Failure - Any
Sending email for trigger: Failure - Any
Sending email to: qishanqing@indemind.cn lishaohui@indemind.cn
Finished: FAILURE
