Started by user [8mha:////4GZLdJ3zYVtTaCml8iVum++M0lnTj7l+sRg8SaQVn3p2AAAAlR+LCAAAAAAAAP9b85aBtbiIQTGjNKU4P08vOT+vOD8nVc83PyU1x6OyILUoJzMv2y+/JJUBAhiZGBgqihhk0NSjKDWzXb3RdlLBUSYGJk8GtpzUvPSSDB8G5tKinBIGIZ+sxLJE/ZzEvHT94JKizLx0a6BxUmjGOUNodHsLgAy+EgZO/dLi1CL98uJiAKhZb0u+AAAA[0mwangshuaishuai
Rebuilds build #[8mha:////4Hr+xp4XZEpuSQzs+mVovZ1vTItMwO4a23qqRHAu89yNAAAArh+LCAAAAAAAAP9b85aBtbiIQTGjNKU4P08vOT+vOD8nVc83PyU1x6OyILUoJzMv2y+/JJUBAhiZGBgqihhk0NSjKDWzXb3RdlLBUSYGJk8GtpzUvPSSDB8G5tKinBIGIZ+sxLJE/ZzEvHT94JKizLx0a6BxUmjGOUNodHsLgAzmEgZl/bLM1HL9ovxi/az8JP301KKiSl0gTzc3NSc/JTNZ38jYAACPc+cD2AAAAA==[0m230
Running as SYSTEM
Building remotely on [8mha:////4EAHxU1/vouSQFHA074V3njukDD0XLY2N2KT0Qes+PscAAAAoB+LCAAAAAAAAP9b85aBtbiIQTGjNKU4P08vOT+vOD8nVc83PyU1x6OyILUoJzMv2y+/JJUBAhiZGBgqihhk0NSjKDWzXb3RdlLBUSYGJk8GtpzUvPSSDB8G5tKinBIGIZ+sxLJE/ZzEvHT94JKizLx0a6BxUmjGOUNodHsLgAyuEgYR/eT83ILSktQi/eSc/NIU3ZLU4hIAjN+VrskAAAA=[0mcloud-test (cloud) in workspace /home/indemind/.jenkins/workspace/gerry-ros-melodic
[WS-CLEANUP] Clean-up disabled, skipping workspace deletion.
[gerry-ros-melodic] $ /bin/sh -xe /tmp/jenkins7718120096344968619.sh
+ bash -ex /home/indemind/myscript/build/build.sh
+++ dirname /home/indemind/myscript/build/build.sh
++ cd /home/indemind/myscript/build
++ pwd
+ project_path=/home/indemind/myscript/build
+ . /home/indemind/myscript/build/../sh/cmdb
++ set -x
++ export MYSQL_PWD=123
++ MYSQL_PWD=123
++ export -f cmdb_mysql
+ . /home/indemind/myscript/build/../sh/version-update.sh
++ . /home/indemind/.bashrc
+++ case $- in
+++ return
+ set -ex
+ export -f public_project_update
+ export -f project_build
+ init_project_env
++ date +%Y%m%d
+ DT=20241016
+ UserName=jenkins
+ API_TOKEN=11b65309c9835de9579d9c9038853d9eb7
+ GIT_PRIVATE_TOKEN=emEDrsaJVjxKK5gSWrf-
+ GIT_HOST=192.168.50.191
++ echo wukong/integration/navigation
++ awk -F/ '{print $1"%2F"$2}'
+ CONVERT_TARGET_PROJECT=wukong%2Fintegration
++ curl -XGET -H 'Content-Type: application/json' --header 'PRIVATE-TOKEN: emEDrsaJVjxKK5gSWrf-' http://192.168.50.191:85/api/v4/projects/wukong%2Fintegration
++ python -c 'import sys, json; print(json.load(sys.stdin)["id"])'
  % Total    % Received % Xferd  Average Speed   Time    Time     Time  Current
                                 Dload  Upload   Total   Spent    Left  Speed
  0     0    0     0    0     0      0      0 --:--:-- --:--:-- --:--:--     0100    35  100    35    0     0    744      0 --:--:-- --:--:-- --:--:--   744
Traceback (most recent call last):
  File "<string>", line 1, in <module>
KeyError: 'id'
+ SUB_PROJECT_ID=
+ true
+ '[' -z ']'
+ SOURCE_DIR=/home/indemind/.jenkins/workspace/gerry-ros-melodic/TCLNAV
+ TARGET_DIR=/home/indemind/.jenkins/workspace/gerry-ros-melodic/navigation
+ prepare_env
++ uname -m
+ system_platform=x86_64
+ :
++ cat /proc/cpuinfo
++ grep processor
++ sort
++ uniq
++ wc -l
+ mt=-j4
+ export COMMIT_ID_FILE=/home/indemind/.jenkins/workspace/gerry-ros-melodic/_last_build_id
+ COMMIT_ID_FILE=/home/indemind/.jenkins/workspace/gerry-ros-melodic/_last_build_id
+ export COMMIT_MSG_FILE=/home/indemind/.jenkins/workspace/gerry-ros-melodic/_commit-msg
+ COMMIT_MSG_FILE=/home/indemind/.jenkins/workspace/gerry-ros-melodic/_commit-msg
+ export COMMIT_MSG_FILE_TMP=/home/indemind/.jenkins/workspace/gerry-ros-melodic/_commit-msg.tmp
+ COMMIT_MSG_FILE_TMP=/home/indemind/.jenkins/workspace/gerry-ros-melodic/_commit-msg.tmp
+ rm -f /home/indemind/.jenkins/workspace/gerry-ros-melodic/_last_build_id
+ rm -f /home/indemind/.jenkins/workspace/gerry-ros-melodic/_commit-msg
+ rm -f /home/indemind/.jenkins/workspace/gerry-ros-melodic/_commit-msg.tmp
+ rm -f /home/indemind/.jenkins/workspace/gerry-ros-melodic/result.log
+ rm -f /home/indemind/.jenkins/workspace/gerry-ros-melodic/no_code_change.log
+ sign_env
+ CONFIG_DIR_SET=/home/indemind/system
+ CONFIG_BRANCH=mind_os
+ CLONE_DEPTH=--depth=1
+ CONFIG_DIR=/home/indemind/system/i18rconfig
+ CONFIG_REMOTE='git clone ssh://git@192.168.50.191:222/AroundI18RProject/i18rconfig /home/indemind/system/i18rconfig -b mind_os --depth=1'
+ [[ x86_64 =~ x86_64 ]]
+ ENCRYPTION_TOOL=/home/indemind/system/i18rconfig/encrypt_x64
+ CLONE_DEPTH=--depth=1
+ PUBLICBASETYPES_DIR=/home/indemind/system/I18RPublicBaseTypes
+ cmdb_mysql 'insert into prebuild(job_name,source_project,source_branch,target_project,target_branch,time,build_url,node_name,build_user) values ('\''gerry-ros-melodic'\'','\''guoboyang/TCLNAV'\'','\''compile_ros'\'','\''wukong/integration/navigation'\'','\''ros_melodic'\'',now(),'\''http://192.168.50.191:8088/job/gerry-ros-melodic/231/'\'','\''cloud-test'\'','\''wss'\'')'
+ set +x
+ DOCKER_CONTAINER_I18=build-x64-18.04
+ DOCKER_CONTAINER_RUBBY=c405
+ DOCKER_CONTAINER_RUBBY_INSIDE=c3566
+ DOCKER_CONTAINER_JAVA=node
+ JENKINS_JOB_A=mind
+ JENKINS_JOB_B=rbn
+ JENKINS_JOB_C=mark-check-tools
+ JENKINS_JOB_D=java
+ JENKINS_JOB_E=clean_recorder
+ JENKINS_JOB_F=i18r
+ JENKINS_JOB_G=nodejs
+ JENKINS_JOB_H=_ui
+ JENKINS_JOB_L=i12r
+ [[ gerry-ros-melodic =~ mind ]]
+ '[' false = false ']'
+ source_project_update
+ '[' -d /home/indemind/.jenkins/workspace/gerry-ros-melodic/TCLNAV ']'
+ pushd /home/indemind/.jenkins/workspace/gerry-ros-melodic/TCLNAV
~/.jenkins/workspace/gerry-ros-melodic/TCLNAV ~/.jenkins/workspace/gerry-ros-melodic
+ git checkout ./
+ git pull --rebase
From ssh://192.168.50.191:222/guoboyang/TCLNAV
   a2b882d..585b6fa  compile_ros -> origin/compile_ros
Updating a2b882d..585b6fa
Fast-forward
 compile_ros.sh                                              |  2 +-
 src/rubbynav/module/common/config/config.yaml               |  3 ++-
 .../module/motion/PathTrackSmoothNav/DWALocalPlanning.cpp   | 13 +++++++------
 3 files changed, 10 insertions(+), 8 deletions(-)
Current branch compile_ros is up to date.
+ popd
~/.jenkins/workspace/gerry-ros-melodic
+ target_project_update
+ rm -rf /home/indemind/.jenkins/workspace/gerry-ros-melodic/navigation
+ target_project_fetch
+ git clone ssh://git@192.168.50.191:222/wukong/integration/navigation -b ros_melodic --depth=1
Cloning into 'navigation'...
+ insert_db
+ pushd /home/indemind/.jenkins/workspace/gerry-ros-melodic/TCLNAV
~/.jenkins/workspace/gerry-ros-melodic/TCLNAV ~/.jenkins/workspace/gerry-ros-melodic
++ cmdb_mysql 'SELECT first_commit_id FROM prebuild where source_project='\''guoboyang/TCLNAV'\'' and source_branch='\''compile_ros'\'' and target_project='\''wukong/integration/navigation'\'' and target_branch='\''ros_melodic'\'' and status='\''0'\'' and job_name='\''gerry-ros-melodic'\'' order by id desc limit 1;'
++ set +x
+ version='first_commit_id
ced43ad'
++ echo first_commit_id ced43ad
++ awk -F ' ' '{print $2}'
+ version=ced43ad
++ git log -1 --pretty=format:%h
+ first_commit_id_now=585b6fa
+ cmdb_mysql 'update prebuild set first_commit_id='\''585b6fa'\'' where build_url='\''http://192.168.50.191:8088/job/gerry-ros-melodic/231/'\'';'
+ set +x
+ popd
~/.jenkins/workspace/gerry-ros-melodic
+ [[ x86_64 =~ x86_64 ]]
+ docker exec -i c3566 /bin/bash
++ cat /home/indemind/system/i18rconfig/encryption.list
cat: /home/indemind/system/i18rconfig/encryption.list: No such file or directory
++ cat /home/indemind/system/i18rconfig/encryption.list
cat: /home/indemind/system/i18rconfig/encryption.list: No such file or directory
+ pushd /home/indemind/.jenkins/workspace/gerry-ros-melodic/TCLNAV
/home/indemind/.jenkins/workspace/gerry-ros-melodic/TCLNAV /
+ git submodule update --init --recursive
+ git submodule update --remote
+ sed -i 's/make -j[0-9].*/make -j4/g' compile_ros.sh
+ source /opt/ros/melodic/setup.bash
+ bash -ex compile_ros.sh
+ InstalldDir=./install
+ InstallbkDir=./installbk
+ InstallLibDir=./install/lib/arm64
+ InstallConfigDir=./install/config
+ '[' -d ./installbk ']'
+ '[' -d ./install ']'
+ catkin_make -DCMAKE_BUILD_TYPE=Release -j4
[  0%] Built target actionlib_msgs_generate_messages_py
[  0%] Built target std_msgs_generate_messages_py
[  0%] Built target _i18r_msgs_generate_messages_check_deps_CliffEvent
[  0%] Built target _i18r_msgs_generate_messages_check_deps_BumperEvent
[  0%] Built target _i18r_msgs_generate_messages_check_deps_MotorPower
[  0%] Built target std_msgs_generate_messages_cpp
[  0%] Built target _i18r_msgs_generate_messages_check_deps_KeyboardInput
[  0%] Built target actionlib_msgs_generate_messages_cpp
[  0%] Built target _i18r_msgs_generate_messages_check_deps_WheelDropEvent
[  0%] Built target std_msgs_generate_messages_eus
[  0%] Built target actionlib_msgs_generate_messages_eus
[  0%] Built target std_msgs_generate_messages_lisp
[  0%] Built target actionlib_msgs_generate_messages_lisp
[  0%] Built target actionlib_msgs_generate_messages_nodejs
[  0%] Built target std_msgs_generate_messages_nodejs
[  5%] Built target i18r_msgs_generate_messages_py
[  5%] Built target i18r_msgs_generate_messages_cpp
[ 10%] Built target i18r_msgs_generate_messages_eus
[ 10%] Built target i18r_msgs_generate_messages_lisp
[ 13%] Built target i18r_msgs_generate_messages_nodejs
[ 13%] Built target i18r_msgs_generate_messages
Consolidate compiler generated dependencies of target quick_control_plugin
[ 13%] Building CXX object rubbynav/CMakeFiles/quick_control_plugin.dir/module/hsm/src/hsmNoWork.cpp.o
[ 14%] Building CXX object rubbynav/CMakeFiles/quick_control_plugin.dir/module/hsm/src/hsmP2P.cpp.o
[ 14%] Building CXX object rubbynav/CMakeFiles/quick_control_plugin.dir/module/hsm/src/hsmPartSearch.cpp.o
Consolidate compiler generated dependencies of target nav_plugin
[ 15%] Building CXX object rubbynav/CMakeFiles/nav_plugin.dir/module/hsm/src/hsmManualControl.cpp.o
[ 17%] Building CXX object rubbynav/CMakeFiles/quick_control_plugin.dir/module/hsm/src/hsmRecharge.cpp.o
[ 16%] Building CXX object rubbynav/CMakeFiles/nav_plugin.dir/module/hsm/src/hsmNoWork.cpp.o
[ 17%] Building CXX object rubbynav/CMakeFiles/nav_plugin.dir/module/hsm/src/hsmP2P.cpp.o
[ 17%] Building CXX object rubbynav/CMakeFiles/nav_plugin.dir/module/hsm/src/hsmPartSearch.cpp.o
[ 18%] Building CXX object rubbynav/CMakeFiles/quick_control_plugin.dir/module/hsm/src/hsmRecovery.cpp.o
[ 18%] Building CXX object rubbynav/CMakeFiles/nav_plugin.dir/module/hsm/src/hsmRecharge.cpp.o
[ 20%] Building CXX object rubbynav/CMakeFiles/quick_control_plugin.dir/module/hsm/src/hsmToSemanticTarget.cpp.o
[ 20%] Building CXX object rubbynav/CMakeFiles/quick_control_plugin.dir/module/hsm/src/hsmTopLevel.cpp.o
[ 22%] Building CXX object rubbynav/CMakeFiles/quick_control_plugin.dir/module/hsm/src/hsmVisitation.cpp.o
[ 22%] Building CXX object rubbynav/CMakeFiles/nav_plugin.dir/module/hsm/src/hsmToSemanticTarget.cpp.o
[ 22%] Building CXX object rubbynav/CMakeFiles/nav_plugin.dir/module/hsm/src/hsmTopLevel.cpp.o
[ 22%] Building CXX object rubbynav/CMakeFiles/quick_control_plugin.dir/module/motion/BasicAction/BasicAction.cpp.o
[ 23%] Building CXX object rubbynav/CMakeFiles/nav_plugin.dir/module/hsm/src/hsmVisitation.cpp.o
[ 24%] Building CXX object rubbynav/CMakeFiles/quick_control_plugin.dir/module/motion/BasicAction/basiccontrol.cpp.o
[ 24%] Building CXX object rubbynav/CMakeFiles/nav_plugin.dir/module/motion/BasicAction/BasicAction.cpp.o
[ 24%] Building CXX object rubbynav/CMakeFiles/quick_control_plugin.dir/module/motion/Dock/dock.cpp.o
[ 25%] Building CXX object rubbynav/CMakeFiles/nav_plugin.dir/module/motion/Dock/dock.cpp.o
[ 26%] Building CXX object rubbynav/CMakeFiles/quick_control_plugin.dir/module/motion/Manual/ManualControl.cpp.o
[ 27%] Building CXX object rubbynav/CMakeFiles/quick_control_plugin.dir/module/motion/MapManage/MotionMapManage.cpp.o
[ 27%] Building CXX object rubbynav/CMakeFiles/nav_plugin.dir/module/motion/Manual/ManualControl.cpp.o
[ 27%] Building CXX object rubbynav/CMakeFiles/quick_control_plugin.dir/module/motion/ObstacleAvoid/ObstacleAvoid.cpp.o
[ 28%] Building CXX object rubbynav/CMakeFiles/nav_plugin.dir/module/motion/MapManage/MotionMapManage.cpp.o
[ 29%] Building CXX object rubbynav/CMakeFiles/quick_control_plugin.dir/module/motion/OutDock/OutDock.cpp.o
[ 30%] Building CXX object rubbynav/CMakeFiles/quick_control_plugin.dir/module/motion/PathTrack/PathTrack.cpp.o
[ 30%] Building CXX object rubbynav/CMakeFiles/nav_plugin.dir/module/motion/ObstacleAvoid/ObstacleAvoid.cpp.o
[ 31%] Building CXX object rubbynav/CMakeFiles/quick_control_plugin.dir/module/motion/PathTrackBow/PathTrackBow.cpp.o
[ 31%] Building CXX object rubbynav/CMakeFiles/nav_plugin.dir/module/motion/PathTrack/PathTrack.cpp.o
[ 31%] Building CXX object rubbynav/CMakeFiles/nav_plugin.dir/module/motion/PathTrackBow/PathTrackBow.cpp.o
[ 31%] Building CXX object rubbynav/CMakeFiles/quick_control_plugin.dir/module/motion/PathTrackMPPINav/src/collision_checker.cpp.o
[ 32%] Building CXX object rubbynav/CMakeFiles/nav_plugin.dir/module/motion/PathTrackMPPINav/src/collision_checker.cpp.o
[ 32%] Building CXX object rubbynav/CMakeFiles/nav_plugin.dir/module/motion/PathTrackMPPINav/src/critic_manager.cpp.o
[ 34%] Building CXX object rubbynav/CMakeFiles/quick_control_plugin.dir/module/motion/PathTrackMPPINav/src/critic_manager.cpp.o
[ 34%] Building CXX object rubbynav/CMakeFiles/nav_plugin.dir/module/motion/PathTrackMPPINav/src/critics/backward_critic.cpp.o
[ 34%] Building CXX object rubbynav/CMakeFiles/quick_control_plugin.dir/module/motion/PathTrackMPPINav/src/critics/backward_critic.cpp.o
[ 35%] Building CXX object rubbynav/CMakeFiles/quick_control_plugin.dir/module/motion/PathTrackMPPINav/src/critics/constraint_critic.cpp.o
[ 35%] Building CXX object rubbynav/CMakeFiles/nav_plugin.dir/module/motion/PathTrackMPPINav/src/critics/constraint_critic.cpp.o
[ 36%] Building CXX object rubbynav/CMakeFiles/nav_plugin.dir/module/motion/PathTrackMPPINav/src/critics/dist_map_cost_critic.cpp.o
[ 36%] Building CXX object rubbynav/CMakeFiles/nav_plugin.dir/module/motion/PathTrackMPPINav/src/critics/goal_angle_critic.cpp.o
[ 36%] Building CXX object rubbynav/CMakeFiles/quick_control_plugin.dir/module/motion/PathTrackMPPINav/src/critics/dist_map_cost_critic.cpp.o
[ 36%] Building CXX object rubbynav/CMakeFiles/nav_plugin.dir/module/motion/PathTrackMPPINav/src/critics/goal_critic.cpp.o
[ 37%] Building CXX object rubbynav/CMakeFiles/quick_control_plugin.dir/module/motion/PathTrackMPPINav/src/critics/goal_angle_critic.cpp.o
[ 38%] Building CXX object rubbynav/CMakeFiles/quick_control_plugin.dir/module/motion/PathTrackMPPINav/src/critics/goal_critic.cpp.o
[ 38%] Building CXX object rubbynav/CMakeFiles/nav_plugin.dir/module/motion/PathTrackMPPINav/src/critics/path_angle_align_critic.cpp.o
[ 40%] Building CXX object rubbynav/CMakeFiles/quick_control_plugin.dir/module/motion/PathTrackMPPINav/src/critics/path_angle_align_critic.cpp.o
[ 40%] Building CXX object rubbynav/CMakeFiles/nav_plugin.dir/module/motion/PathTrackMPPINav/src/critics/path_follow_critic.cpp.o
[ 40%] Building CXX object rubbynav/CMakeFiles/quick_control_plugin.dir/module/motion/PathTrackMPPINav/src/critics/path_follow_critic.cpp.o
[ 41%] Building CXX object rubbynav/CMakeFiles/quick_control_plugin.dir/module/motion/PathTrackMPPINav/src/critics/prefer_forward_critic.cpp.o
[ 42%] Building CXX object rubbynav/CMakeFiles/nav_plugin.dir/module/motion/PathTrackMPPINav/src/critics/prefer_forward_critic.cpp.o
[ 42%] Building CXX object rubbynav/CMakeFiles/quick_control_plugin.dir/module/motion/PathTrackMPPINav/src/critics/twirling_critic.cpp.o
[ 42%] Building CXX object rubbynav/CMakeFiles/nav_plugin.dir/module/motion/PathTrackMPPINav/src/critics/twirling_critic.cpp.o
[ 42%] Building CXX object rubbynav/CMakeFiles/nav_plugin.dir/module/motion/PathTrackMPPINav/src/local_minima_detector.cpp.o
[ 44%] Building CXX object rubbynav/CMakeFiles/quick_control_plugin.dir/module/motion/PathTrackMPPINav/src/local_minima_detector.cpp.o
[ 44%] Building CXX object rubbynav/CMakeFiles/quick_control_plugin.dir/module/motion/PathTrackMPPINav/src/map_converter.cpp.o
[ 44%] Building CXX object rubbynav/CMakeFiles/nav_plugin.dir/module/motion/PathTrackMPPINav/src/map_converter.cpp.o
[ 44%] Building CXX object rubbynav/CMakeFiles/quick_control_plugin.dir/module/motion/PathTrackMPPINav/src/mppi_config.cpp.o
[ 45%] Building CXX object rubbynav/CMakeFiles/nav_plugin.dir/module/motion/PathTrackMPPINav/src/mppi_config.cpp.o
[ 46%] Building CXX object rubbynav/CMakeFiles/quick_control_plugin.dir/module/motion/PathTrackMPPINav/src/mppi_impl.cpp.o
[ 46%] Building CXX object rubbynav/CMakeFiles/nav_plugin.dir/module/motion/PathTrackMPPINav/src/mppi_impl.cpp.o
[ 46%] Building CXX object rubbynav/CMakeFiles/quick_control_plugin.dir/module/motion/PathTrackMPPINav/src/mppi_local_planner.cpp.o
[ 47%] Building CXX object rubbynav/CMakeFiles/quick_control_plugin.dir/module/motion/PathTrackMPPINav/src/noise_generator.cpp.o
[ 47%] Building CXX object rubbynav/CMakeFiles/nav_plugin.dir/module/motion/PathTrackMPPINav/src/mppi_local_planner.cpp.o
[ 48%] Building CXX object rubbynav/CMakeFiles/nav_plugin.dir/module/motion/PathTrackMPPINav/src/noise_generator.cpp.o
[ 48%] Building CXX object rubbynav/CMakeFiles/quick_control_plugin.dir/module/motion/PathTrackMPPINav/src/optimizer.cpp.o
[ 50%] Building CXX object rubbynav/CMakeFiles/quick_control_plugin.dir/module/motion/PathTrackMPPINav/src/path_handler.cpp.o
[ 50%] Building CXX object rubbynav/CMakeFiles/nav_plugin.dir/module/motion/PathTrackMPPINav/src/optimizer.cpp.o
[ 50%] Building CXX object rubbynav/CMakeFiles/nav_plugin.dir/module/motion/PathTrackMPPINav/src/path_handler.cpp.o
[ 50%] Building CXX object rubbynav/CMakeFiles/nav_plugin.dir/module/motion/PathTrackMPPINav/src/path_selector.cpp.o
[ 51%] Building CXX object rubbynav/CMakeFiles/nav_plugin.dir/module/motion/PathTrackMPPINav/src/rotation_controller.cpp.o
[ 52%] Building CXX object rubbynav/CMakeFiles/quick_control_plugin.dir/module/motion/PathTrackMPPINav/src/path_selector.cpp.o
[ 52%] Building CXX object rubbynav/CMakeFiles/quick_control_plugin.dir/module/motion/PathTrackMPPINav/src/rotation_controller.cpp.o
[ 52%] Building CXX object rubbynav/CMakeFiles/nav_plugin.dir/module/motion/PathTrackMPPINav/src/trajectory_visualizer.cpp.o
[ 53%] Building CXX object rubbynav/CMakeFiles/quick_control_plugin.dir/module/motion/PathTrackMPPINav/src/trajectory_visualizer.cpp.o
[ 54%] Building CXX object rubbynav/CMakeFiles/quick_control_plugin.dir/module/motion/PathTrackNav/PathTrackNav.cpp.o
[ 54%] Building CXX object rubbynav/CMakeFiles/nav_plugin.dir/module/motion/PathTrackNav/PathTrackNav.cpp.o
[ 54%] Building CXX object rubbynav/CMakeFiles/nav_plugin.dir/module/motion/PathTrackSmoothNav/DWALocalPlanning.cpp.o
[ 54%] Building CXX object rubbynav/CMakeFiles/nav_plugin.dir/module/motion/PathTrackSmoothNav/NavLocalPathPlanning.cpp.o
[ 54%] Building CXX object rubbynav/CMakeFiles/quick_control_plugin.dir/module/motion/PathTrackSmoothNav/DWALocalPlanning.cpp.o
[ 55%] Building CXX object rubbynav/CMakeFiles/nav_plugin.dir/module/motion/PathTrackSmoothNav/NavLocalPathTracking.cpp.o
[ 57%] Building CXX object rubbynav/CMakeFiles/quick_control_plugin.dir/module/motion/PathTrackSmoothNav/NavLocalPathPlanning.cpp.o
[ 57%] Building CXX object rubbynav/CMakeFiles/quick_control_plugin.dir/module/motion/PathTrackSmoothNav/NavLocalPathTracking.cpp.o
[ 57%] Building CXX object rubbynav/CMakeFiles/nav_plugin.dir/module/motion/PathTrackSmoothNav/PathTrackSmoothNav.cpp.o
[ 58%] Building CXX object rubbynav/CMakeFiles/quick_control_plugin.dir/module/motion/PathTrackSmoothNav/PathTrackSmoothNav.cpp.o
[ 58%] Building CXX object rubbynav/CMakeFiles/nav_plugin.dir/module/motion/PathTrackSmoothNav/VelocitySmoothAW.cpp.o
[ 58%] Building CXX object rubbynav/CMakeFiles/quick_control_plugin.dir/module/motion/PathTrackSmoothNav/VelocitySmoothAW.cpp.o
[ 60%] Building CXX object rubbynav/CMakeFiles/nav_plugin.dir/module/motion/PathTrackSmoothNav/VelocitySmoother.cpp.o
[ 62%] Building CXX object rubbynav/CMakeFiles/quick_control_plugin.dir/module/motion/PathTrackSmoothNav/VelocitySmoother.cpp.o
[ 62%] Building CXX object rubbynav/CMakeFiles/nav_plugin.dir/module/motion/Relocation/Relocation.cpp.o
[ 62%] Building CXX object rubbynav/CMakeFiles/quick_control_plugin.dir/module/motion/Relocation/Relocation.cpp.o
[ 63%] Building CXX object rubbynav/CMakeFiles/quick_control_plugin.dir/module/motion/motionSDK/motionsdk.cpp.o
[ 63%] Building CXX object rubbynav/CMakeFiles/nav_plugin.dir/module/motion/motionSDK/motionsdk.cpp.o
[ 63%] Building CXX object rubbynav/CMakeFiles/quick_control_plugin.dir/module/planning/Clean/CleanPath.cpp.o
[ 63%] Building CXX object rubbynav/CMakeFiles/nav_plugin.dir/module/planning/Clean/CleanPath.cpp.o
[ 64%] Building CXX object rubbynav/CMakeFiles/nav_plugin.dir/module/planning/CleanBox/CleanBox.cpp.o
[ 64%] Building CXX object rubbynav/CMakeFiles/quick_control_plugin.dir/module/planning/CleanBox/CleanBox.cpp.o
[ 64%] Building CXX object rubbynav/CMakeFiles/nav_plugin.dir/module/planning/MapManage/PlanningMapManage.cpp.o
[ 66%] Building CXX object rubbynav/CMakeFiles/quick_control_plugin.dir/module/planning/MapManage/PlanningMapManage.cpp.o
[ 66%] Building CXX object rubbynav/CMakeFiles/quick_control_plugin.dir/module/planning/Nav/Nav.cpp.o
[ 66%] Building CXX object rubbynav/CMakeFiles/nav_plugin.dir/module/planning/Nav/Nav.cpp.o
[ 66%] Building CXX object rubbynav/CMakeFiles/nav_plugin.dir/module/planning/Nav/aStar/aStar.cpp.o
[ 67%] Building CXX object rubbynav/CMakeFiles/nav_plugin.dir/module/planning/Nav/aStar/aStarNode.cpp.o
[ 68%] Building CXX object rubbynav/CMakeFiles/quick_control_plugin.dir/module/planning/Nav/aStar/aStar.cpp.o
[ 68%] Building CXX object rubbynav/CMakeFiles/quick_control_plugin.dir/module/planning/Nav/aStar/aStarNode.cpp.o
[ 68%] Building CXX object rubbynav/CMakeFiles/nav_plugin.dir/module/planning/Search/Search.cpp.o
[ 68%] Building CXX object rubbynav/CMakeFiles/nav_plugin.dir/module/planning/Segment/mergeroom.cpp.o
[ 69%] Building CXX object rubbynav/CMakeFiles/nav_plugin.dir/module/planning/Segment/rotator.cpp.o
[ 70%] Building CXX object rubbynav/CMakeFiles/quick_control_plugin.dir/module/planning/Search/Search.cpp.o
[ 70%] Building CXX object rubbynav/CMakeFiles/quick_control_plugin.dir/module/planning/Segment/mergeroom.cpp.o
[ 70%] Building CXX object rubbynav/CMakeFiles/nav_plugin.dir/module/planning/Segment/segment.cpp.o
[ 71%] Building CXX object rubbynav/CMakeFiles/nav_plugin.dir/module/planning/Segment/support/src/abstract_voronoi_segmentation.cpp.o
[ 72%] Building CXX object rubbynav/CMakeFiles/quick_control_plugin.dir/module/planning/Segment/rotator.cpp.o
[ 72%] Building CXX object rubbynav/CMakeFiles/nav_plugin.dir/module/planning/Segment/support/src/contains.cpp.o
[ 72%] Building CXX object rubbynav/CMakeFiles/quick_control_plugin.dir/module/planning/Segment/segment.cpp.o
[ 73%] Building CXX object rubbynav/CMakeFiles/quick_control_plugin.dir/module/planning/Segment/support/src/abstract_voronoi_segmentation.cpp.o
[ 74%] Building CXX object rubbynav/CMakeFiles/quick_control_plugin.dir/module/planning/Segment/support/src/contains.cpp.o
[ 75%] Building CXX object rubbynav/CMakeFiles/quick_control_plugin.dir/module/planning/Segment/support/src/distance_segmentation.cpp.o
[ 76%] Building CXX object rubbynav/CMakeFiles/nav_plugin.dir/module/planning/Segment/support/src/distance_segmentation.cpp.o
[ 76%] Building CXX object rubbynav/CMakeFiles/quick_control_plugin.dir/module/planning/Segment/support/src/meanshift2d.cpp.o
[ 76%] Building CXX object rubbynav/CMakeFiles/nav_plugin.dir/module/planning/Segment/support/src/room_class.cpp.o
[ 78%] Building CXX object rubbynav/CMakeFiles/quick_control_plugin.dir/module/planning/Segment/support/src/morphological_segmentation.cpp.o
[ 78%] Building CXX object rubbynav/CMakeFiles/nav_plugin.dir/module/planning/Segment/support/src/voronoi_segmentation.cpp.o
[ 78%] Building CXX object rubbynav/CMakeFiles/quick_control_plugin.dir/module/planning/Segment/support/src/room_class.cpp.o
[ 78%] Building CXX object rubbynav/CMakeFiles/nav_plugin.dir/module/planning/Segment/support/src/wavefront_region_growing.cpp.o
[ 78%] Building CXX object rubbynav/CMakeFiles/nav_plugin.dir/module/planning/planningSDK/planningsdk.cpp.o
[ 80%] Building CXX object rubbynav/CMakeFiles/quick_control_plugin.dir/module/planning/Segment/support/src/voronoi_segmentation.cpp.o
[ 81%] Building CXX object rubbynav/CMakeFiles/nav_plugin.dir/src/LinkLayer.cpp.o
[ 81%] Building CXX object rubbynav/CMakeFiles/quick_control_plugin.dir/module/planning/Segment/support/src/wavefront_region_growing.cpp.o
[ 81%] Building CXX object rubbynav/CMakeFiles/nav_plugin.dir/src/Navigation.cpp.o
[ 82%] Building CXX object rubbynav/CMakeFiles/quick_control_plugin.dir/module/planning/planningSDK/planningsdk.cpp.o
[ 82%] Building CXX object rubbynav/CMakeFiles/quick_control_plugin.dir/src/quickControl.cpp.o
[ 83%] Linking CXX shared library /home/indemind/.jenkins/workspace/gerry-ros-melodic/TCLNAV/devel/lib/libquick_control_plugin.so
[ 91%] Built target quick_control_plugin
[ 92%] Linking CXX shared library /home/indemind/.jenkins/workspace/gerry-ros-melodic/TCLNAV/devel/lib/libnav_plugin.so
[100%] Built target nav_plugin
Base path: /home/indemind/.jenkins/workspace/gerry-ros-melodic/TCLNAV
Source space: /home/indemind/.jenkins/workspace/gerry-ros-melodic/TCLNAV/src
Build space: /home/indemind/.jenkins/workspace/gerry-ros-melodic/TCLNAV/build
Devel space: /home/indemind/.jenkins/workspace/gerry-ros-melodic/TCLNAV/devel
Install space: /home/indemind/.jenkins/workspace/gerry-ros-melodic/TCLNAV/install
####
#### Running command: "make cmake_check_build_system" in "/home/indemind/.jenkins/workspace/gerry-ros-melodic/TCLNAV/build"
####
####
#### Running command: "make -j4" in "/home/indemind/.jenkins/workspace/gerry-ros-melodic/TCLNAV/build"
####
+ catkin_make install
-- Using CATKIN_DEVEL_PREFIX: /home/indemind/.jenkins/workspace/gerry-ros-melodic/TCLNAV/devel
-- Using CMAKE_PREFIX_PATH: /opt/ros/melodic
-- This workspace overlays: /opt/ros/melodic
-- Found PythonInterp: /usr/bin/python2 (found suitable version "2.7.17", minimum required is "2") 
-- Using PYTHON_EXECUTABLE: /usr/bin/python2
-- Using Debian Python package layout
-- Using empy: /usr/bin/empy
-- Using CATKIN_ENABLE_TESTING: ON
-- Call enable_testing()
-- Using CATKIN_TEST_RESULTS_DIR: /home/indemind/.jenkins/workspace/gerry-ros-melodic/TCLNAV/build/test_results
-- Found gtest sources under '/usr/src/googletest': gtests will be built
-- Found gmock sources under '/usr/src/googletest': gmock will be built
CMake Deprecation Warning at /usr/src/googletest/CMakeLists.txt:1 (cmake_minimum_required):
  Compatibility with CMake < 2.8.12 will be removed from a future version of
  CMake.

  Update the VERSION argument <min> value or use a ...<max> suffix to tell
  CMake that the project does not need compatibility with older versions.


CMake Deprecation Warning at /usr/src/googletest/googlemock/CMakeLists.txt:41 (cmake_minimum_required):
  Compatibility with CMake < 2.8.12 will be removed from a future version of
  CMake.

  Update the VERSION argument <min> value or use a ...<max> suffix to tell
  CMake that the project does not need compatibility with older versions.


CMake Deprecation Warning at /usr/src/googletest/googletest/CMakeLists.txt:48 (cmake_minimum_required):
  Compatibility with CMake < 2.8.12 will be removed from a future version of
  CMake.

  Update the VERSION argument <min> value or use a ...<max> suffix to tell
  CMake that the project does not need compatibility with older versions.


-- Found PythonInterp: /usr/bin/python2 (found version "2.7.17") 
-- Using Python nosetests: /usr/bin/nosetests-2.7
-- catkin 0.7.29
-- BUILD_SHARED_LIBS is on
-- BUILD_SHARED_LIBS is on
-- ~~~~~~~~~~~~~~~~~~~~~~~~~~~~~~~~~~~~~~~~~~~~~~~~~
-- ~~  traversing 2 packages in topological order:
-- ~~  - i18r_msgs
-- ~~  - rubbynav
-- ~~~~~~~~~~~~~~~~~~~~~~~~~~~~~~~~~~~~~~~~~~~~~~~~~
-- +++ processing catkin package: 'i18r_msgs'
-- ==> add_subdirectory(i18r_msgs)
CMake Deprecation Warning at i18r_msgs/CMakeLists.txt:1 (cmake_minimum_required):
  Compatibility with CMake < 2.8.12 will be removed from a future version of
  CMake.

  Update the VERSION argument <min> value or use a ...<max> suffix to tell
  CMake that the project does not need compatibility with older versions.


-- Using these message generators: gencpp;geneus;genlisp;gennodejs;genpy
-- i18r_msgs: 5 messages, 0 services
-- +++ processing catkin package: 'rubbynav'
-- ==> add_subdirectory(rubbynav)
-- Using these message generators: gencpp;geneus;genlisp;gennodejs;genpy
-- Configuring done
-- Generating done
-- Build files have been written to: /home/indemind/.jenkins/workspace/gerry-ros-melodic/TCLNAV/build
[  0%] Built target actionlib_msgs_generate_messages_py
[  0%] Built target std_msgs_generate_messages_lisp
[  0%] Built target std_msgs_generate_messages_eus
[  0%] Built target actionlib_msgs_generate_messages_lisp
[  0%] Built target std_msgs_generate_messages_nodejs
[  0%] Built target std_msgs_generate_messages_py
[  0%] Built target actionlib_msgs_generate_messages_eus
[  0%] Built target std_msgs_generate_messages_cpp
[  0%] Built target actionlib_msgs_generate_messages_nodejs
[  0%] Built target actionlib_msgs_generate_messages_cpp
[  0%] Built target _i18r_msgs_generate_messages_check_deps_MotorPower
[  0%] Built target _i18r_msgs_generate_messages_check_deps_KeyboardInput
[  0%] Built target _i18r_msgs_generate_messages_check_deps_BumperEvent
[  0%] Built target _i18r_msgs_generate_messages_check_deps_WheelDropEvent
[  0%] Built target _i18r_msgs_generate_messages_check_deps_CliffEvent
[  3%] Built target i18r_msgs_generate_messages_eus
[  8%] Built target i18r_msgs_generate_messages_cpp
[ 10%] Built target i18r_msgs_generate_messages_lisp
[ 10%] Built target i18r_msgs_generate_messages_nodejs
[ 13%] Built target i18r_msgs_generate_messages_py
[ 13%] Built target i18r_msgs_generate_messages
Consolidate compiler generated dependencies of target quick_control_plugin
Consolidate compiler generated dependencies of target nav_plugin
[ 56%] Built target quick_control_plugin
[100%] Built target nav_plugin
Install the project...
-- Install configuration: "Release"
-- Installing: /home/indemind/.jenkins/workspace/gerry-ros-melodic/TCLNAV/install/_setup_util.py
-- Installing: /home/indemind/.jenkins/workspace/gerry-ros-melodic/TCLNAV/install/env.sh
-- Installing: /home/indemind/.jenkins/workspace/gerry-ros-melodic/TCLNAV/install/setup.bash
-- Installing: /home/indemind/.jenkins/workspace/gerry-ros-melodic/TCLNAV/install/local_setup.bash
-- Installing: /home/indemind/.jenkins/workspace/gerry-ros-melodic/TCLNAV/install/setup.sh
-- Installing: /home/indemind/.jenkins/workspace/gerry-ros-melodic/TCLNAV/install/local_setup.sh
-- Installing: /home/indemind/.jenkins/workspace/gerry-ros-melodic/TCLNAV/install/setup.zsh
-- Installing: /home/indemind/.jenkins/workspace/gerry-ros-melodic/TCLNAV/install/local_setup.zsh
-- Installing: /home/indemind/.jenkins/workspace/gerry-ros-melodic/TCLNAV/install/.rosinstall
-- Installing: /home/indemind/.jenkins/workspace/gerry-ros-melodic/TCLNAV/install/share/i18r_msgs/msg/BumperEvent.msg
-- Installing: /home/indemind/.jenkins/workspace/gerry-ros-melodic/TCLNAV/install/share/i18r_msgs/msg/CliffEvent.msg
-- Installing: /home/indemind/.jenkins/workspace/gerry-ros-melodic/TCLNAV/install/share/i18r_msgs/msg/MotorPower.msg
-- Installing: /home/indemind/.jenkins/workspace/gerry-ros-melodic/TCLNAV/install/share/i18r_msgs/msg/WheelDropEvent.msg
-- Installing: /home/indemind/.jenkins/workspace/gerry-ros-melodic/TCLNAV/install/share/i18r_msgs/msg/KeyboardInput.msg
-- Installing: /home/indemind/.jenkins/workspace/gerry-ros-melodic/TCLNAV/install/share/i18r_msgs/cmake/i18r_msgs-msg-paths.cmake
-- Installing: /home/indemind/.jenkins/workspace/gerry-ros-melodic/TCLNAV/install/include/i18r_msgs
-- Installing: /home/indemind/.jenkins/workspace/gerry-ros-melodic/TCLNAV/install/include/i18r_msgs/KeyboardInput.h
-- Installing: /home/indemind/.jenkins/workspace/gerry-ros-melodic/TCLNAV/install/include/i18r_msgs/MotorPower.h
-- Installing: /home/indemind/.jenkins/workspace/gerry-ros-melodic/TCLNAV/install/include/i18r_msgs/WheelDropEvent.h
-- Installing: /home/indemind/.jenkins/workspace/gerry-ros-melodic/TCLNAV/install/include/i18r_msgs/CliffEvent.h
-- Installing: /home/indemind/.jenkins/workspace/gerry-ros-melodic/TCLNAV/install/include/i18r_msgs/BumperEvent.h
-- Up-to-date: /home/indemind/.jenkins/workspace/gerry-ros-melodic/TCLNAV/install/share/roseus/ros/i18r_msgs
-- Installing: /home/indemind/.jenkins/workspace/gerry-ros-melodic/TCLNAV/install/share/roseus/ros/i18r_msgs/manifest.l
-- Installing: /home/indemind/.jenkins/workspace/gerry-ros-melodic/TCLNAV/install/share/roseus/ros/i18r_msgs/msg
-- Installing: /home/indemind/.jenkins/workspace/gerry-ros-melodic/TCLNAV/install/share/roseus/ros/i18r_msgs/msg/CliffEvent.l
-- Installing: /home/indemind/.jenkins/workspace/gerry-ros-melodic/TCLNAV/install/share/roseus/ros/i18r_msgs/msg/WheelDropEvent.l
-- Installing: /home/indemind/.jenkins/workspace/gerry-ros-melodic/TCLNAV/install/share/roseus/ros/i18r_msgs/msg/MotorPower.l
-- Installing: /home/indemind/.jenkins/workspace/gerry-ros-melodic/TCLNAV/install/share/roseus/ros/i18r_msgs/msg/KeyboardInput.l
-- Installing: /home/indemind/.jenkins/workspace/gerry-ros-melodic/TCLNAV/install/share/roseus/ros/i18r_msgs/msg/BumperEvent.l
-- Installing: /home/indemind/.jenkins/workspace/gerry-ros-melodic/TCLNAV/install/share/common-lisp/ros/i18r_msgs
-- Installing: /home/indemind/.jenkins/workspace/gerry-ros-melodic/TCLNAV/install/share/common-lisp/ros/i18r_msgs/msg
-- Installing: /home/indemind/.jenkins/workspace/gerry-ros-melodic/TCLNAV/install/share/common-lisp/ros/i18r_msgs/msg/_package_BumperEvent.lisp
-- Installing: /home/indemind/.jenkins/workspace/gerry-ros-melodic/TCLNAV/install/share/common-lisp/ros/i18r_msgs/msg/KeyboardInput.lisp
-- Installing: /home/indemind/.jenkins/workspace/gerry-ros-melodic/TCLNAV/install/share/common-lisp/ros/i18r_msgs/msg/_package.lisp
-- Installing: /home/indemind/.jenkins/workspace/gerry-ros-melodic/TCLNAV/install/share/common-lisp/ros/i18r_msgs/msg/i18r_msgs-msg.asd
-- Installing: /home/indemind/.jenkins/workspace/gerry-ros-melodic/TCLNAV/install/share/common-lisp/ros/i18r_msgs/msg/_package_WheelDropEvent.lisp
-- Installing: /home/indemind/.jenkins/workspace/gerry-ros-melodic/TCLNAV/install/share/common-lisp/ros/i18r_msgs/msg/_package_KeyboardInput.lisp
-- Installing: /home/indemind/.jenkins/workspace/gerry-ros-melodic/TCLNAV/install/share/common-lisp/ros/i18r_msgs/msg/CliffEvent.lisp
-- Installing: /home/indemind/.jenkins/workspace/gerry-ros-melodic/TCLNAV/install/share/common-lisp/ros/i18r_msgs/msg/MotorPower.lisp
-- Installing: /home/indemind/.jenkins/workspace/gerry-ros-melodic/TCLNAV/install/share/common-lisp/ros/i18r_msgs/msg/WheelDropEvent.lisp
-- Installing: /home/indemind/.jenkins/workspace/gerry-ros-melodic/TCLNAV/install/share/common-lisp/ros/i18r_msgs/msg/_package_CliffEvent.lisp
-- Installing: /home/indemind/.jenkins/workspace/gerry-ros-melodic/TCLNAV/install/share/common-lisp/ros/i18r_msgs/msg/BumperEvent.lisp
-- Installing: /home/indemind/.jenkins/workspace/gerry-ros-melodic/TCLNAV/install/share/common-lisp/ros/i18r_msgs/msg/_package_MotorPower.lisp
-- Installing: /home/indemind/.jenkins/workspace/gerry-ros-melodic/TCLNAV/install/share/gennodejs/ros/i18r_msgs
-- Installing: /home/indemind/.jenkins/workspace/gerry-ros-melodic/TCLNAV/install/share/gennodejs/ros/i18r_msgs/msg
-- Installing: /home/indemind/.jenkins/workspace/gerry-ros-melodic/TCLNAV/install/share/gennodejs/ros/i18r_msgs/msg/WheelDropEvent.js
-- Installing: /home/indemind/.jenkins/workspace/gerry-ros-melodic/TCLNAV/install/share/gennodejs/ros/i18r_msgs/msg/BumperEvent.js
-- Installing: /home/indemind/.jenkins/workspace/gerry-ros-melodic/TCLNAV/install/share/gennodejs/ros/i18r_msgs/msg/MotorPower.js
-- Installing: /home/indemind/.jenkins/workspace/gerry-ros-melodic/TCLNAV/install/share/gennodejs/ros/i18r_msgs/msg/CliffEvent.js
-- Installing: /home/indemind/.jenkins/workspace/gerry-ros-melodic/TCLNAV/install/share/gennodejs/ros/i18r_msgs/msg/KeyboardInput.js
-- Installing: /home/indemind/.jenkins/workspace/gerry-ros-melodic/TCLNAV/install/share/gennodejs/ros/i18r_msgs/msg/_index.js
-- Installing: /home/indemind/.jenkins/workspace/gerry-ros-melodic/TCLNAV/install/share/gennodejs/ros/i18r_msgs/_index.js
Listing /home/indemind/.jenkins/workspace/gerry-ros-melodic/TCLNAV/devel/lib/python2.7/dist-packages/i18r_msgs ...
Compiling /home/indemind/.jenkins/workspace/gerry-ros-melodic/TCLNAV/devel/lib/python2.7/dist-packages/i18r_msgs/__init__.py ...
Traceback (most recent call last):
  File "/usr/lib/python2.7/runpy.py", line 174, in _run_module_as_main
    "__main__", fname, loader, pkg_name)
  File "/usr/lib/python2.7/runpy.py", line 72, in _run_code
    exec code in run_globals
  File "/usr/lib/python2.7/compileall.py", line 226, in <module>
    exit_status = int(not main())
  File "/usr/lib/python2.7/compileall.py", line 213, in main
    force, rx, quiet):
  File "/usr/lib/python2.7/compileall.py", line 50, in compile_dir
    if not compile_file(fullname, ddir, force, rx, quiet):
  File "/usr/lib/python2.7/compileall.py", line 99, in compile_file
    ok = py_compile.compile(fullname, None, dfile, True)
  File "/usr/lib/python2.7/py_compile.py", line 137, in compile
    os.unlink(path_tmp)
OSError: [Errno 2] No such file or directory: '/home/indemind/.jenkins/workspace/gerry-ros-melodic/TCLNAV/devel/lib/python2.7/dist-packages/i18r_msgs/__init__.pyc.274895307600'
-- Installing: /home/indemind/.jenkins/workspace/gerry-ros-melodic/TCLNAV/install/lib/python2.7/dist-packages/i18r_msgs
-- Installing: /home/indemind/.jenkins/workspace/gerry-ros-melodic/TCLNAV/install/lib/python2.7/dist-packages/i18r_msgs/__init__.pyc
-- Installing: /home/indemind/.jenkins/workspace/gerry-ros-melodic/TCLNAV/install/lib/python2.7/dist-packages/i18r_msgs/__init__.py
-- Installing: /home/indemind/.jenkins/workspace/gerry-ros-melodic/TCLNAV/install/lib/python2.7/dist-packages/i18r_msgs/msg
-- Installing: /home/indemind/.jenkins/workspace/gerry-ros-melodic/TCLNAV/install/lib/python2.7/dist-packages/i18r_msgs/msg/_MotorPower.py
-- Installing: /home/indemind/.jenkins/workspace/gerry-ros-melodic/TCLNAV/install/lib/python2.7/dist-packages/i18r_msgs/msg/_CliffEvent.pyc
-- Installing: /home/indemind/.jenkins/workspace/gerry-ros-melodic/TCLNAV/install/lib/python2.7/dist-packages/i18r_msgs/msg/_KeyboardInput.py
-- Installing: /home/indemind/.jenkins/workspace/gerry-ros-melodic/TCLNAV/install/lib/python2.7/dist-packages/i18r_msgs/msg/_WheelDropEvent.py
-- Installing: /home/indemind/.jenkins/workspace/gerry-ros-melodic/TCLNAV/install/lib/python2.7/dist-packages/i18r_msgs/msg/_BumperEvent.pyc
-- Installing: /home/indemind/.jenkins/workspace/gerry-ros-melodic/TCLNAV/install/lib/python2.7/dist-packages/i18r_msgs/msg/_CliffEvent.py
-- Installing: /home/indemind/.jenkins/workspace/gerry-ros-melodic/TCLNAV/install/lib/python2.7/dist-packages/i18r_msgs/msg/__init__.py
-- Installing: /home/indemind/.jenkins/workspace/gerry-ros-melodic/TCLNAV/install/lib/python2.7/dist-packages/i18r_msgs/msg/_BumperEvent.py
-- Installing: /home/indemind/.jenkins/workspace/gerry-ros-melodic/TCLNAV/install/lib/python2.7/dist-packages/i18r_msgs/msg/_KeyboardInput.pyc
-- Installing: /home/indemind/.jenkins/workspace/gerry-ros-melodic/TCLNAV/install/lib/pkgconfig/i18r_msgs.pc
-- Installing: /home/indemind/.jenkins/workspace/gerry-ros-melodic/TCLNAV/install/share/i18r_msgs/cmake/i18r_msgs-msg-extras.cmake
-- Installing: /home/indemind/.jenkins/workspace/gerry-ros-melodic/TCLNAV/install/share/i18r_msgs/cmake/i18r_msgsConfig.cmake
-- Installing: /home/indemind/.jenkins/workspace/gerry-ros-melodic/TCLNAV/install/share/i18r_msgs/cmake/i18r_msgsConfig-version.cmake
-- Installing: /home/indemind/.jenkins/workspace/gerry-ros-melodic/TCLNAV/install/share/i18r_msgs/package.xml
-- Installing: /home/indemind/.jenkins/workspace/gerry-ros-melodic/TCLNAV/install/lib/pkgconfig/rubbynav.pc
-- Installing: /home/indemind/.jenkins/workspace/gerry-ros-melodic/TCLNAV/install/share/rubbynav/cmake/rubbynavConfig.cmake
-- Installing: /home/indemind/.jenkins/workspace/gerry-ros-melodic/TCLNAV/install/share/rubbynav/cmake/rubbynavConfig-version.cmake
-- Installing: /home/indemind/.jenkins/workspace/gerry-ros-melodic/TCLNAV/install/share/rubbynav/package.xml
-- Installing: /home/indemind/.jenkins/workspace/gerry-ros-melodic/TCLNAV/install/lib/libnav_plugin.so
-- Set runtime path of "/home/indemind/.jenkins/workspace/gerry-ros-melodic/TCLNAV/install/lib/libnav_plugin.so" to ""
-- Installing: /home/indemind/.jenkins/workspace/gerry-ros-melodic/TCLNAV/install/lib/libquick_control_plugin.so
-- Set runtime path of "/home/indemind/.jenkins/workspace/gerry-ros-melodic/TCLNAV/install/lib/libquick_control_plugin.so" to ""
Base path: /home/indemind/.jenkins/workspace/gerry-ros-melodic/TCLNAV
Source space: /home/indemind/.jenkins/workspace/gerry-ros-melodic/TCLNAV/src
Build space: /home/indemind/.jenkins/workspace/gerry-ros-melodic/TCLNAV/build
Devel space: /home/indemind/.jenkins/workspace/gerry-ros-melodic/TCLNAV/devel
Install space: /home/indemind/.jenkins/workspace/gerry-ros-melodic/TCLNAV/install
####
#### Running command: "cmake /home/indemind/.jenkins/workspace/gerry-ros-melodic/TCLNAV/src -DCATKIN_DEVEL_PREFIX=/home/indemind/.jenkins/workspace/gerry-ros-melodic/TCLNAV/devel -DCMAKE_INSTALL_PREFIX=/home/indemind/.jenkins/workspace/gerry-ros-melodic/TCLNAV/install -G Unix Makefiles" in "/home/indemind/.jenkins/workspace/gerry-ros-melodic/TCLNAV/build"
####
####
#### Running command: "make install -j20 -l20" in "/home/indemind/.jenkins/workspace/gerry-ros-melodic/TCLNAV/build"
####
+ mv ./install ./installbk
+ '[' -d ./install ']'
+ echo './install is not exist. so create'
./install is not exist. so create
+ mkdir ././install
+ mkdir -p ././install/lib/arm64
+ mkdir -p ././install/config
+ cp ././installbk/lib/libnav_plugin.so ././install/lib/arm64
+ cp ././installbk/lib/libquick_control_plugin.so ././install/lib/arm64
+ cp ./src/rubbynav/module/common/config/config.yaml ././install/config
+ cp ./src/rubbynav/module/common/config/mppi.yaml ././install/config
+ [[ gerry-ros-melodic =~ mind ]]
+ popd
/
+ exit
+ [[ -f /home/indemind/.jenkins/workspace/gerry-ros-melodic/no_code_change.log ]]
+ check_status_code
+ test -f /home/indemind/.jenkins/workspace/gerry-ros-melodic/result.log
+ echo 'containge build is error'
containge build is error
+ exit 1
Build step 'Execute shell' marked build as failure
Finished: FAILURE
