Started by user [8mha:////4MA8pYuTCccQi+QzVMZ/3D7uQqU0IoNnax4eT3Uk3t4LAAAAnB+LCAAAAAAAAP9b85aBtbiIQTGjNKU4P08vOT+vOD8nVc83PyU1x6OyILUoJzMv2y+/JJUBAhiZGBgqihhk0NSjKDWzXb3RdlLBUSYGJk8GtpzUvPSSDB8G5tKinBIGIZ+sxLJE/ZzEvHT94JKizLx0a6BxUmjGOUNodHsLgAweoBn6pcWpRfrlQDNS8vPSC4GGAAAzOs7sxwAAAA==[0mwangdongqing
Rebuilds build #[8mha:////4GO7gq0AEkT42CDdZuWc/ZtTbFQLgCO+iOlBqfhLq2AqAAAAmx+LCAAAAAAAAP9b85aBtbiIQTGjNKU4P08vOT+vOD8nVc83PyU1x6OyILUoJzMv2y+/JJUBAhiZGBgqihhk0NSjKDWzXb3RdlLBUSYGJk8GtpzUvPSSDB8G5tKinBIGIZ+sxLJE/ZzEvHT94JKizLx0a6BxUmjGOUNodHsLgAzmEgZ+/az8JH1Do/jEggJ9Q1NTAJvb5/vEAAAA[0m155
Running as SYSTEM
Building remotely on [8mha:////4LsIzei+j/ZTgpZIXFZkfME08lVHErI3ufEjW+N1eX2tAAAAoR+LCAAAAAAAAP9b85aBtbiIQTGjNKU4P08vOT+vOD8nVc83PyU1x6OyILUoJzMv2y+/JJUBAhiZGBgqihhk0NSjKDWzXb3RdlLBUSYGJk8GtpzUvPSSDB8G5tKinBIGIZ+sxLJE/ZzEvHT94JKizLx0a6BxUmjGOUNodHsLgAzuEgZR/eT83ILSktQi/eyMxJTEYt3kxCJTAHJKZSTKAAAA[0mkhadas-car5 (car5) in workspace /root/workspace/workspace/12_app
[WS-CLEANUP] Deleting project workspace...
[WS-CLEANUP] Deferred wipeout is used...
[WS-CLEANUP] Done
[12_app] $ /bin/sh -xe /tmp/jenkins9422170895229618375.sh
+ bash /root/myscript/build/appbuild.sh
++ export MYSQL_PWD=123
++ MYSQL_PWD=123
++ export -f cmdb_mysql
+ . /root/myscript/build/../sh/version-update.sh
++ . /root/.bashrc
+++ '[' -z '' ']'
+++ return
+ set -ex
+ init_project_env
++ whoami
+ '[' root = root ']'
+ ios=root
+ RELEASE_DIR=/root
+ DESKTOP_DIR=/root/workspace/i18rApplicationDeb/work/root/workspace
+ appname=I18R
+ CONFIG_DIR=/root/system/i18rconfig
+ CONFIG_BRANCH=
+ OTA_DIR=/root/system/i18rota
++ uname -m
+ PLATFORM=aarch64
+ ui_job_name=i18r_ui
+ CLONE_DEPTH=--depth=1
+ sourcename=SmallWashingRobotSDK
+ BUILD_DIR=/root/workspace
+ APP_WORKSPACE=/root/workspace/i18rApplicationDeb/work
+ WORK_DIR=/root/workspace/i18rApplicationDeb/work/root/workspace
+ VERSION_FILE=/root/workspace/i18rApplicationDeb/work/DEBIAN/control
+ '[' xtally = xcompile_12 ']'
+ '[' xtally = xcompile_12_tof ']'
+ '[' xtally = xclean_recorder ']'
+ CONFIG_REMOTE='git clone ssh://git@192.168.50.191:222/AroundI18RProject/i18rconfig /root/system/i18rconfig -b dev --depth=1'
+ TEST_DIR=/mnt/ftp/release/INDEMINDAPP/test
+ FTP_RELEASE_DIR=/mnt/ftp/release/INDEMINDAPP/fresh_version
+ FTP_RELEASE_SIGN_DIR=/mnt/ftp/release/INDEMINDAPP/sign
+ FTP_RELEASE_OTA_DIR=/mnt/ftp/release/INDEMINDAPP/ota_full_version
+ FTP_RELEASE_OTA_DIFF_DIR=/mnt/ftp/release/INDEMINDAPP/ota
+ function_list=/mnt/ftp/release/app_update_release
+ ENCRYPTION_TOOL=/root/system/i18rconfig/upx_arm.out
++ perl -npe s,_,-,g
++ echo MP
+ x=MP
+ tgz_release=INTG
+ trash_dir=/mnt/ftp/Trash
+ RELEASE_BRANCH=I18R-MP
+ RELEASE_TAG=r12_I18R-MP
++ tail -n 1
++ cmdb_mysql 'SELECT version FROM indemindapp where status='\''0'\'' and swr_version='\''MP'\'' and indemind_release='\''test'\'' and appname='\''I18R'\'' order by id desc limit 5;'
++ set +x
+ min_version=
+ is-trigger-job
+ '[' xwangdongqing = xtimer ']'
+ mount_ftp
+ '[' -d /mnt/ftp/release ']'
+ check_paremter_is_right
+ rx='^([0-9]+\.){3}([0-9]+)$'
+ [[ -z 12 ]]
++ check 12
++ local a=12
++ printf %d 12
++ echo integer
++ return
+ [[ integer == vb ]]
++ check 12
++ local a=12
++ printf %d 12
++ echo integer
++ return
+ [[ integer == integer ]]
+ [[ 12 =~ ^([0-9]+\.){3}([0-9]+)$ ]]
+ RELEASE=test
+ echo 'check paremter is done'
check paremter is done
+ clean_workspace
+ pushd /root/workspace
~/workspace ~/workspace/workspace/12_app
+ sudo rm -rf i18rApplicationDeb 'INDEMINDAPP*' SmallWashingRobotSDK client
sudo: Êó†Ê≥ïËß£Êûê‰∏ªÊú∫Ôºöcar5
+ popd
~/workspace/workspace/12_app
+ App_project_fetch
+ pushd /root/workspace
~/workspace ~/workspace/workspace/12_app
+ git clone ssh://git@192.168.50.191:222/AroundI18RProject/i18rApplicationDeb.git --depth=1
Ê≠£ÂÖãÈöÜÂà∞ 'i18rApplicationDeb'...
+ mkdir -p /root/workspace/i18rApplicationDeb/work/root/workspace
+ pushd /root/workspace
~/workspace ~/workspace ~/workspace/workspace/12_app
+ git clone ssh://git@192.168.50.191:222/AroundI18RProject/SmallWashingRobotSDK.git -b tally
Ê≠£ÂÖãÈöÜÂà∞ 'SmallWashingRobotSDK'...
+ pushd SmallWashingRobotSDK
~/workspace/SmallWashingRobotSDK ~/workspace ~/workspace ~/workspace/workspace/12_app
+ config_project_update
+ [[ -d /root/system/i18rconfig ]]
+ rm -rf /root/system/i18rconfig
+ git clone ssh://git@192.168.50.191:222/AroundI18RProject/i18rconfig /root/system/i18rconfig -b dev --depth=1
Ê≠£ÂÖãÈöÜÂà∞ '/root/system/i18rconfig'...
+ ui_job_build tally
+ export 'PATH=/usr/bin/bin:/usr/bin/bin:/opt/ros/melodic/bin:/usr/local/sbin:/usr/local/bin:/usr/sbin:/usr/bin:/sbin:/bin:/usr/games:/usr/local/games:~/myscript/sh'
+ PATH='/usr/bin/bin:/usr/bin/bin:/opt/ros/melodic/bin:/usr/local/sbin:/usr/local/bin:/usr/sbin:/usr/bin:/sbin:/bin:/usr/games:/usr/local/games:~/myscript/sh'
+ [[ -z tally ]]
+ [[ '' == true ]]
+ git submodule update --init --recursive
+ bash jc build i18r_ui -p SOURCE_BRANCH=tally -p TARGET_BRANCH= -s
Â≠êÊ®°ÁªÑ 'daemons'Ôºàhttp://192.168.50.191:85/AroundI18RProject/I18RDaemonSubmodule.gitÔºâÊú™ÂØπË∑ØÂæÑ 'daemons' Ê≥®ÂÜå
Â≠êÊ®°ÁªÑ 'modules/depth'Ôºàhttp://192.168.50.191:85/AroundI18RProject/I18RDepthSubmodule.gitÔºâÊú™ÂØπË∑ØÂæÑ 'modules/depth' Ê≥®ÂÜå
Â≠êÊ®°ÁªÑ 'modules/detector'Ôºàhttp://192.168.50.191:85/AroundI18RProject/I18RDetectorSubmodule.gitÔºâÊú™ÂØπË∑ØÂæÑ 'modules/detector' Ê≥®ÂÜå
Â≠êÊ®°ÁªÑ 'modules/marker'Ôºàhttp://192.168.50.191:85/AroundI18RProject/I18rmarkersubmodule.gitÔºâÊú™ÂØπË∑ØÂæÑ 'modules/marker' Ê≥®ÂÜå
Â≠êÊ®°ÁªÑ 'modules/navigation'Ôºàhttp://192.168.50.191:85/AroundI18RProject/I18RNavigationSubmodule.gitÔºâÊú™ÂØπË∑ØÂæÑ 'modules/navigation' Ê≥®ÂÜå
Â≠êÊ®°ÁªÑ 'modules/selfcalibr'Ôºàhttp://192.168.50.191:85/AroundI18RProject/I18RSelfCalibrSubmodule.gitÔºâÊú™ÂØπË∑ØÂæÑ 'modules/selfcalibr' Ê≥®ÂÜå
Â≠êÊ®°ÁªÑ 'modules/sensor'Ôºàhttp://192.168.50.191:85/AroundI18RProject/i18rsensorssubmoduleÔºâÊú™ÂØπË∑ØÂæÑ 'modules/sensor' Ê≥®ÂÜå
Â≠êÊ®°ÁªÑ 'modules/slam'Ôºàhttp://192.168.50.191:85/AroundI18RProject/I18RSlamSubmodule.gitÔºâÊú™ÂØπË∑ØÂæÑ 'modules/slam' Ê≥®ÂÜå
Â≠êÊ®°ÁªÑ 'modules/types'Ôºàhttp://192.168.50.191:85/AroundI18RProject/I18RPublicBaseTypes.gitÔºâÊú™ÂØπË∑ØÂæÑ 'modules/types' Ê≥®ÂÜå
Â≠êÊ®°ÁªÑ 'server/util/common'Ôºàhttp://192.168.50.191:85/AroundI18RProject/i18rutilitysubmodule.gitÔºâÊú™ÂØπË∑ØÂæÑ 'server/util/common' Ê≥®ÂÜå
Ê≠£ÂÖãÈöÜÂà∞ '/root/workspace/SmallWashingRobotSDK/daemons'...
Ê≠£ÂÖãÈöÜÂà∞ '/root/workspace/SmallWashingRobotSDK/modules/depth'...
Started i18r_ui #1894
Ê≠£ÂÖãÈöÜÂà∞ '/root/workspace/SmallWashingRobotSDK/modules/detector'...
Ê≠£ÂÖãÈöÜÂà∞ '/root/workspace/SmallWashingRobotSDK/modules/marker'...
Ê≠£ÂÖãÈöÜÂà∞ '/root/workspace/SmallWashingRobotSDK/modules/navigation'...
Completed i18r_ui #1894 : SUCCESS
Ê≠£ÂÖãÈöÜÂà∞ '/root/workspace/SmallWashingRobotSDK/modules/selfcalibr'...
Ê≠£ÂÖãÈöÜÂà∞ '/root/workspace/SmallWashingRobotSDK/modules/sensor'...
warning: ÈáçÂÆöÂêëÂà∞ http://192.168.50.191:85/AroundI18RProject/i18rsensorssubmodule.git/
Ê≠£ÂÖãÈöÜÂà∞ '/root/workspace/SmallWashingRobotSDK/modules/slam'...
Ê≠£ÂÖãÈöÜÂà∞ '/root/workspace/SmallWashingRobotSDK/modules/types'...
Ê≠£ÂÖãÈöÜÂà∞ '/root/workspace/SmallWashingRobotSDK/server/util/common'...
Â≠êÊ®°ÁªÑË∑ØÂæÑ 'daemons'ÔºöÊ£ÄÂá∫ '9468e6d6e690301ccfa82eb542e9f2e7fc33ce12'
Â≠êÊ®°ÁªÑË∑ØÂæÑ 'modules/depth'ÔºöÊ£ÄÂá∫ '3532e5d70f6264cd2bd1d781c3fa54a4e4d8bb67'
Â≠êÊ®°ÁªÑË∑ØÂæÑ 'modules/detector'ÔºöÊ£ÄÂá∫ 'ec4a6470e47f40f8ab146895cec95051612c6db0'
Â≠êÊ®°ÁªÑË∑ØÂæÑ 'modules/marker'ÔºöÊ£ÄÂá∫ '2b52a4d3acde4f66d9d3c35a2253c43975640ca2'
Â≠êÊ®°ÁªÑË∑ØÂæÑ 'modules/navigation'ÔºöÊ£ÄÂá∫ '164654fa09214a69a6c56518c6122a8312b08b92'
Â≠êÊ®°ÁªÑË∑ØÂæÑ 'modules/selfcalibr'ÔºöÊ£ÄÂá∫ '69b85b0d093fde42ed878dfcda71925ef388372d'
Â≠êÊ®°ÁªÑË∑ØÂæÑ 'modules/sensor'ÔºöÊ£ÄÂá∫ '7d3c767130228e480de01bf2232b5cd680b4c23b'
Â≠êÊ®°ÁªÑË∑ØÂæÑ 'modules/slam'ÔºöÊ£ÄÂá∫ '9e1b6b13ed7a33f969f430bba3ad35f7ca677c11'
Â≠êÊ®°ÁªÑË∑ØÂæÑ 'modules/types'ÔºöÊ£ÄÂá∫ '8443e8d6eb6a333dae09c5d711c7368dfed5e7ac'
Â≠êÊ®°ÁªÑË∑ØÂæÑ 'server/util/common'ÔºöÊ£ÄÂá∫ '4d6aa2423a2d975122f878d8d42d99c24b5b6034'
+ git submodule update --remote
Â≠êÊ®°ÁªÑË∑ØÂæÑ 'daemons'ÔºöÊ£ÄÂá∫ '94fe5c0de40eb929af4baa59aa657e4fef45f827'
Â≠êÊ®°ÁªÑË∑ØÂæÑ 'modules/depth'ÔºöÊ£ÄÂá∫ 'fec7d5f1d02e9d5e28a121cf8e9d88ad278b34ae'
Â≠êÊ®°ÁªÑË∑ØÂæÑ 'modules/detector'ÔºöÊ£ÄÂá∫ '21e3ee601bd4a775b726e545e9286e04d0a8f086'
Â≠êÊ®°ÁªÑË∑ØÂæÑ 'modules/marker'ÔºöÊ£ÄÂá∫ 'd7775408ecd4f169789dbb3561c2ed7a82b61a27'
Â≠êÊ®°ÁªÑË∑ØÂæÑ 'modules/navigation'ÔºöÊ£ÄÂá∫ 'b95b668a2ad53036277c8704919b4dfe6c0a2be5'
Â≠êÊ®°ÁªÑË∑ØÂæÑ 'modules/selfcalibr'ÔºöÊ£ÄÂá∫ 'fd0c6953ae201171fcb299a3da5902775b1f77be'
warning: ÈáçÂÆöÂêëÂà∞ http://192.168.50.191:85/AroundI18RProject/i18rsensorssubmodule.git/
Â≠êÊ®°ÁªÑË∑ØÂæÑ 'modules/sensor'ÔºöÊ£ÄÂá∫ 'da60bf2edd7cb28f4c0cf7c1bd49b4127a92afc5'
Â≠êÊ®°ÁªÑË∑ØÂæÑ 'modules/slam'ÔºöÊ£ÄÂá∫ '73cf2fcaddf36d7a7d90bbd063f91babed68e66f'
Â≠êÊ®°ÁªÑË∑ØÂæÑ 'modules/types'ÔºöÊ£ÄÂá∫ 'abd0481e3e73c22111bee2c444cd5544bffc1415'
Â≠êÊ®°ÁªÑË∑ØÂæÑ 'server/util/common'ÔºöÊ£ÄÂá∫ '33a78b258d5fc29e54f2d5385f61ae314e12df77'
+ submodule_version_check
+ [[ ! -z '' ]]
+ [[ ! -z '' ]]
+ i18rproject_conf_update
+ Modules_List=(selfcalibr depth sensor marker detector navigation slam type sdk)
+ local Modules_List
+ for i in "${Modules_List[@]}"
++ ls /root/system/i18rconfig/MP/selfcalibr
+ local Files_List=
+ '[' -z '' ']'
+ for i in "${Modules_List[@]}"
++ ls /root/system/i18rconfig/MP/depth
+ local 'Files_List=config
README.md'
+ '[' -z 'config
README.md' ']'
+ [[ navigation =~ depth ]]
+ [[ depth =~ slam ]]
+ [[ depth =~ depth ]]
+ cp -ar /root/system/i18rconfig/MP/depth/. modules/depth/arm64/
+ for i in "${Modules_List[@]}"
++ ls /root/system/i18rconfig/MP/sensor
+ local Files_List=config
+ '[' -z config ']'
+ [[ navigation =~ sensor ]]
+ [[ sensor =~ slam ]]
+ [[ sensor =~ depth ]]
+ [[ sensor =~ sdk ]]
+ cp -ar /root/system/i18rconfig/MP/sensor/. modules/sensor/
+ for i in "${Modules_List[@]}"
++ ls /root/system/i18rconfig/MP/marker
+ local Files_List=
+ '[' -z '' ']'
+ for i in "${Modules_List[@]}"
++ ls /root/system/i18rconfig/MP/detector
+ local Files_List=config
+ '[' -z config ']'
+ [[ navigation =~ detector ]]
+ [[ detector =~ slam ]]
+ [[ detector =~ depth ]]
+ [[ detector =~ sdk ]]
+ cp -ar /root/system/i18rconfig/MP/detector/. modules/detector/
+ for i in "${Modules_List[@]}"
++ ls /root/system/i18rconfig/MP/navigation
+ local 'Files_List=base_global_planner_params.yaml
base_local_planner_params.yaml
costmap_common_params_wsbot.yaml
dwa_local_planner_params_wsbot.yaml
global_costmap_params.yaml
local_costmap_params.yaml
move_base_params.yaml
nav_config.yaml
teb_local_planner_params_imbot.yaml'
+ '[' -z 'base_global_planner_params.yaml
base_local_planner_params.yaml
costmap_common_params_wsbot.yaml
dwa_local_planner_params_wsbot.yaml
global_costmap_params.yaml
local_costmap_params.yaml
move_base_params.yaml
nav_config.yaml
teb_local_planner_params_imbot.yaml' ']'
+ [[ navigation =~ navigation ]]
+ cp -ar /root/system/i18rconfig/MP/navigation/. modules/navigation/arm64/share/wsbot_navigation/param/
+ for i in "${Modules_List[@]}"
++ ls /root/system/i18rconfig/MP/slam
+ local Files_List=config
+ '[' -z config ']'
+ [[ navigation =~ slam ]]
+ [[ slam =~ slam ]]
+ cp -ar /root/system/i18rconfig/MP/slam/. modules/slam/arm64/
+ for i in "${Modules_List[@]}"
++ ls /root/system/i18rconfig/MP/type
+ local Files_List=
+ '[' -z '' ']'
+ for i in "${Modules_List[@]}"
++ ls /root/system/i18rconfig/MP/sdk
+ local Files_List=local_config
+ '[' -z local_config ']'
+ [[ navigation =~ sdk ]]
+ [[ sdk =~ slam ]]
+ [[ sdk =~ depth ]]
+ [[ sdk =~ sdk ]]
+ cp -ar /root/system/i18rconfig/MP/sdk/. /root/workspace/i18rApplicationDeb/work/root/workspace/
+ release_note
+ [[ test = true ]]
+ '[' '' = true ']'
+ project_info_database
+ cmdb_mysql 'insert into indemindapp(appname,version,swr_version,submodule_version,time,note,indemind_release,sdk_branch,build_url,node_name,build_user,ui_branch,config_branch,sign,min_version) values ('\''I18R'\'','\''12'\'','\''MP'\'','\'''\'',now(),'\'''\'','\''test'\'','\''tally'\'','\''http://192.168.50.26:8080/job/12_app/156/'\'','\''khadas-car5'\'','\''wangdongqing'\'','\''tally'\'','\'''\'','\''true'\'','\'''\'')'
+ set +x
+ mkdir build
+ cd build
+ set +x
+ [[ MP =~ ICE_EVT ]]
+ [[ MP =~ DVT ]]
+ [[ MP =~ PVT ]]
+ [[ MP =~ MP ]]
+ cmake -DMBUILD_VCU=ON -D SERVER_VERSION:STRIONG=12 ..
-- The C compiler identification is GNU 7.5.0
-- The CXX compiler identification is GNU 7.5.0
-- Check for working C compiler: /usr/bin/cc
-- Check for working C compiler: /usr/bin/cc -- works
-- Detecting C compiler ABI info
-- Detecting C compiler ABI info - done
-- Detecting C compile features
-- Detecting C compile features - done
-- Check for working CXX compiler: /usr/bin/c++
-- Check for working CXX compiler: /usr/bin/c++ -- works
-- Detecting CXX compiler ABI info
-- Detecting CXX compiler ABI info - done
-- Detecting CXX compile features
-- Detecting CXX compile features - done
-- PRO_DIR: /root/workspace/SmallWashingRobotSDK
-- HOST_ARCH: armv8
-- PLATFORM=arm64
-- SERVER_VERSION=1.0.0
-- MBUILD_MONITOR=ON
-- MBUILD_RECORDER=ON
-- MBUILD_TEST=ON
-- MBUILD_DEPTH=ON
-- DEPTH_PATH=/root/workspace/SmallWashingRobotSDK/modules/depth
-- MBUILD_DEPTH_SIMULATOR=OFF
-- MBUILD_MCU_COPROCESSOR=ON
-- MBUILD_MCU_COPROCESSOR_SIMULATOR=OFF
-- MBUILD_DETECTOR=ON
-- DETECTOR_PATH: /root/workspace/SmallWashingRobotSDK/modules/detector
-- MBUILD_DETECTOR_SIMULATOR=OFF
-- Boost version: 1.65.1
-- Found the following Boost libraries:
--   system
--   filesystem
-- MBUILD_IMSEE=ON
-- IMSEE_PATH: /root/workspace/SmallWashingRobotSDK/modules/sensor
-- MBUILD_IMSEE_SIMULATOR=OFF
-- MBUILD_SLAM=ON
-- SLAM_PATH: /root/workspace/SmallWashingRobotSDK/modules/slam/arm64/
-- MBUILD_NAV=ON
-- NAV_PATH: /root/workspace/SmallWashingRobotSDK/modules/navigation
-- MBUILD_ROS_WRAPPER=OFF
-- MBUILD_TOF=ON
-- MBUILD_TOF_SIMULATOR=OFF
-- MBUILD_LASER=ON
-- MBUILD_LASER_SIMULATOR=OFF
-- MBUILD_SENSOR_SYSTEM=ON
-- MBUILD_SENSOR_SYSTEM_SIMULATOR=OFF
-- MBUILD_EMB_MANAGER=ON
-- MBUILD_EMB_MANAGER_SIMULATOR=OFF
-- MBUILD_HMI_SERVICES=ON
-- MBUILD_HMI_SERVICES_SIMULATOR=OFF
-- MBUILD_CALIBRATION=ON
-- MBUILD_CALIBRATION_SIMULATOR=OFF
-- CABLIR_PATH: /root/workspace/SmallWashingRobotSDK/modules/selfcalibr
-- CABLIR_PATH_INCLUDE: /root/workspace/SmallWashingRobotSDK/modules/selfcalibr/arm64/include
-- MBUILD_HARDWARE_CHECKER=ON
-- MBUILD_SOFTWARE_CHECKER=ON
-- MBUILD_CLOUD=ON
-- CONFIG_BUILD_CLOUD = 1
-- MBUILD_MAP=ON
-- CONFIG_BUILD_MAP = 1
-- MBUILD_WORKLOGS=ON
-- CONFIG_BUILD_WORKLOGS = 1
-- MBUILD_EXCEPTION_HIDING=ON
-- CONFIG_BUILD_EXCEPTION_HIDING = 1
-- MBUILD_MSG_FORWARD=OFF
-- MBUILD_CAN=ON
-- MBUILD_CAN_SIMULATOR=OFF
-- MBUILD_VCU=ON
-- MBUILD_VCU_SIMULATOR=OFF
-- MBUILD_MARKER=ON
-- MARKER_PATH: /root/workspace/SmallWashingRobotSDK/modules/marker
-- Use the imported target: /usr/include/eigen3
-- MBUILD_KBCONTROL=ON
-- KBCONTROL_PATH: /root/workspace/SmallWashingRobotSDK/kbcontrol
-- MBUILD_DATACOLLEC=ON
-- CONFIG_BUILD_DATACOLLEC = 1
-- SERVER_PATH: /root/workspace/SmallWashingRobotSDK/server
-- BUILD_WITH_ROS is ON
-- Using CATKIN_DEVEL_PREFIX: /root/workspace/SmallWashingRobotSDK/build/devel
-- Using CMAKE_PREFIX_PATH: /root/workspace/SmallWashingRobotSDK/modules/navigation/arm64;/opt/ros/melodic
-- This workspace overlays: /root/workspace/SmallWashingRobotSDK/modules/navigation/arm64;/opt/ros/melodic
-- Found PythonInterp: /usr/bin/python2 (found suitable version "2.7.17", minimum required is "2") 
-- Using PYTHON_EXECUTABLE: /usr/bin/python2
-- Using Debian Python package layout
-- Using empy: /usr/bin/empy
-- Using CATKIN_ENABLE_TESTING: ON
-- Call enable_testing()
-- Using CATKIN_TEST_RESULTS_DIR: /root/workspace/SmallWashingRobotSDK/build/test_results
-- Found gtest sources under '/usr/src/googletest': gtests will be built
-- Found gmock sources under '/usr/src/googletest': gmock will be built
-- Found PythonInterp: /usr/bin/python2 (found version "2.7.17") 
-- Looking for pthread.h
-- Looking for pthread.h - found
-- Looking for pthread_create
-- Looking for pthread_create - not found
-- Looking for pthread_create in pthreads
-- Looking for pthread_create in pthreads - not found
-- Looking for pthread_create in pthread
-- Looking for pthread_create in pthread - found
-- Found Threads: TRUE  
-- Using Python nosetests: /usr/bin/nosetests-2.7
-- catkin 0.7.29
-- BUILD_SHARED_LIBS is on
-- Using these message generators: gencpp;geneus;genlisp;gennodejs;genpy
-- Found OpenCV: /usr/local (found version "3.4.3") 
-- Configuring done
CMake Warning at cmake/server/BuildServer.cmake:55 (add_executable):
  Cannot generate a safe runtime search path for target around_18r because
  there is a cycle in the constraint graph:

    dir 0 is [/root/workspace/SmallWashingRobotSDK/modules/depth/arm64/lib]
    dir 1 is [/root/workspace/SmallWashingRobotSDK/modules/sensor/lib]
    dir 2 is [/root/workspace/SmallWashingRobotSDK/modules/detector/lib/arm]
    dir 3 is [/root/workspace/SmallWashingRobotSDK/modules/slam/arm64/lib]
    dir 4 is [/root/workspace/SmallWashingRobotSDK/modules/slam/arm64/Thirdparty/cartographer/usr/local/lib]
    dir 5 is [/root/workspace/SmallWashingRobotSDK/modules/slam/arm64/Thirdparty/DBoW2/lib]
    dir 6 is [/root/workspace/SmallWashingRobotSDK/modules/navigation/arm64/lib]
      dir 7 must precede it due to runtime library [libcostmap_2d.so]
    dir 7 is [/opt/ros/melodic/lib]
      dir 6 must precede it due to runtime library [libcostmap_2d.so]
    dir 8 is [/root/workspace/SmallWashingRobotSDK/modules/sensor/deps]
    dir 9 is [/root/workspace/SmallWashingRobotSDK/modules/selfcalibr/arm64/lib]
    dir 10 is [/root/workspace/SmallWashingRobotSDK/modules/marker/arm64/lib]
    dir 11 is [/root/workspace/SmallWashingRobotSDK/kbcontrol/libs/arm64]
    dir 12 is [/usr/local/lib]

  Some of these libraries may not be found correctly.
Call Stack (most recent call first):
  CMakeLists.txt:32 (include)


-- Generating done
-- Build files have been written to: /root/workspace/SmallWashingRobotSDK/build
+ make -j4
Scanning dependencies of target around_18r
[  1%] Building CXX object CMakeFiles/around_18r.dir/server/nodes/monitor/data/DataMonitor.cpp.o
[  2%] Building CXX object CMakeFiles/around_18r.dir/server/nodes/monitor/error_report/ErrorReportMonitor.cpp.o
[  2%] Building CXX object CMakeFiles/around_18r.dir/server/nodes/monitor/MonitorNode.cpp.o
[  3%] Building CXX object CMakeFiles/around_18r.dir/server/nodes/monitor/hd_resource/HardwareResourceMonitor.cpp.o
[  4%] Building CXX object CMakeFiles/around_18r.dir/server/nodes/recorder/RecorderNode.cpp.o
[  4%] Building CXX object CMakeFiles/around_18r.dir/server/nodes/recorder/recorder/Recorder.cpp.o
[  5%] Building CXX object CMakeFiles/around_18r.dir/server/nodes/recorder/player/Player.cpp.o
[  6%] Building CXX object CMakeFiles/around_18r.dir/server/nodes/test/Test.cpp.o
[  7%] Building CXX object CMakeFiles/around_18r.dir/server/nodes/test/cases/CaseFactory.cpp.o
[  8%] Building CXX object CMakeFiles/around_18r.dir/server/nodes/depth/DepthProxy.cpp.o
[ 10%] Building CXX object CMakeFiles/around_18r.dir/server/nodes/mcu_coprocessor/McuCoprocessorNode.cpp.o
/root/workspace/SmallWashingRobotSDK/server/nodes/depth/DepthProxy.cpp: In member function ‚Äòbool swr::node::DepthProxy::OnInitParam(bool&)‚Äô:
/root/workspace/SmallWashingRobotSDK/server/nodes/depth/DepthProxy.cpp:178:24: warning: unused variable ‚ÄòenableCamera‚Äô [-Wunused-variable]
                 auto &&enableCamera = true;
                        ^~~~~~~~~~~~
[ 10%] Building CXX object CMakeFiles/around_18r.dir/server/nodes/detector/DetectorProxy.cpp.o
[ 11%] Building CXX object CMakeFiles/around_18r.dir/server/nodes/imsee/ImseeProxy.cpp.o
[ 12%] Building CXX object CMakeFiles/around_18r.dir/server/util/model_param/ModelParam.cpp.o
[ 13%] Building CXX object CMakeFiles/around_18r.dir/server/nodes/slam/SlamProxy.cpp.o
[ 14%] Building CXX object CMakeFiles/around_18r.dir/server/nodes/navigation/NavProxy.cpp.o
[ 15%] Building CXX object CMakeFiles/around_18r.dir/server/nodes/navigation/NavSyncCloudConfig.cpp.o
[ 15%] Building CXX object CMakeFiles/around_18r.dir/server/nodes/tof/SunnyTofProxy.cpp.o
/root/workspace/SmallWashingRobotSDK/server/nodes/slam/SlamProxy.cpp: In member function ‚Äòvoid swr::node::SlamProxy::OnSenmaticMap(const swr::dl::SenmaticMap&)‚Äô:
/root/workspace/SmallWashingRobotSDK/server/nodes/slam/SlamProxy.cpp:342:18: warning: variable ‚Äòerror‚Äô set but not used [-Wunused-but-set-variable]
             auto error = m_location->revSenmaticMapN(map);
                  ^~~~~
In file included from /root/workspace/SmallWashingRobotSDK/server/util/common/Thread.h:5:0,
                 from /root/workspace/SmallWashingRobotSDK/server/core/PublishThreadPool.h:11,
                 from /root/workspace/SmallWashingRobotSDK/server/core/DataCenter.h:7,
                 from /root/workspace/SmallWashingRobotSDK/server/nodes/navigation/NavProxy.h:3,
                 from /root/workspace/SmallWashingRobotSDK/server/nodes/navigation/NavProxy.cpp:1:
/usr/include/c++/7/functional: In instantiation of ‚Äòstruct std::_Bind_check_arity<bool (swr::node::NavProxy::*)(swr::control_types::ShowCameraRec&), swr::node::NavProxy*>‚Äô:
/usr/include/c++/7/functional:854:12:   required from ‚Äòstruct std::_Bind_helper<false, bool (swr::node::NavProxy::*)(swr::control_types::ShowCameraRec&), swr::node::NavProxy*>‚Äô
/usr/include/c++/7/functional:875:5:   required by substitution of ‚Äòtemplate<class _Func, class ... _BoundArgs> typename std::_Bind_helper<std::__is_socketlike<_Func>::value, _Func, _BoundArgs ...>::type std::bind(_Func&&, _BoundArgs&& ...) [with _Func = bool (swr::node::NavProxy::*)(swr::control_types::ShowCameraRec&); _BoundArgs = {swr::node::NavProxy*}]‚Äô
/root/workspace/SmallWashingRobotSDK/server/nodes/navigation/NavProxy.cpp:193:64:   required from here
/usr/include/c++/7/functional:841:7: error: static assertion failed: Wrong number of arguments for pointer-to-member
       static_assert(_Varargs::value
       ^~~~~~~~~~~~~
/root/workspace/SmallWashingRobotSDK/server/nodes/navigation/NavProxy.cpp: In member function ‚Äòvirtual bool swr::node::NavProxy::Init()‚Äô:
/root/workspace/SmallWashingRobotSDK/server/nodes/navigation/NavProxy.cpp:193:64: error: no match for ‚Äòoperator=‚Äô (operand types are ‚Äòswr::Service<swr::control_types::ShowCameraRec&>‚Äô and ‚Äòstd::_Bind_helper<false, bool (swr::node::NavProxy::*)(swr::control_types::ShowCameraRec&), swr::node::NavProxy*>::type {aka std::_Bind<bool (swr::node::NavProxy::*(swr::node::NavProxy*))(swr::control_types::ShowCameraRec&)>}‚Äô)
                 std::bind(&NavProxy::OnActiveCameraRecord, this);
                                                                ^
In file included from /root/workspace/SmallWashingRobotSDK/server/core/DataCenter.h:8:0,
                 from /root/workspace/SmallWashingRobotSDK/server/nodes/navigation/NavProxy.h:3,
                 from /root/workspace/SmallWashingRobotSDK/server/nodes/navigation/NavProxy.cpp:1:
/root/workspace/SmallWashingRobotSDK/server/core/Service.h:54:19: note: candidate: swr::Handle swr::Service<T>::operator=(std::function<bool(T&)>) [with T = swr::control_types::ShowCameraRec&]
     inline Handle operator=(std::function<bool(T&)> f)
                   ^~~~~~~~
/root/workspace/SmallWashingRobotSDK/server/core/Service.h:54:19: note:   no known conversion for argument 1 from ‚Äòstd::_Bind_helper<false, bool (swr::node::NavProxy::*)(swr::control_types::ShowCameraRec&), swr::node::NavProxy*>::type {aka std::_Bind<bool (swr::node::NavProxy::*(swr::node::NavProxy*))(swr::control_types::ShowCameraRec&)>}‚Äô to ‚Äòstd::function<bool(swr::control_types::ShowCameraRec&)>‚Äô
/root/workspace/SmallWashingRobotSDK/server/nodes/navigation/NavProxy.cpp:241:88: error: no matching function for call to ‚ÄòPathPlanning::Nav::RegisterSendCameraPointCb(std::_Bind_helper<false, void (swr::node::NavProxy::*)(const swr::control_types::ShowCameraRec&), swr::node::NavProxy*, const std::_Placeholder<1>&>::type)‚Äô
                 std::bind(&NavProxy::OnPublishCameraPoint, this, std::placeholders::_1));
                                                                                        ^
In file included from /root/workspace/SmallWashingRobotSDK/server/nodes/navigation/NavProxy.h:5:0,
                 from /root/workspace/SmallWashingRobotSDK/server/nodes/navigation/NavProxy.cpp:1:
/root/workspace/SmallWashingRobotSDK/modules/navigation/arm64/include/clean_robot/nav.h:465:18: note: candidate: virtual void PathPlanning::Nav::RegisterSendCameraPointCb(PathPlanning::SendCameraPointCb)
     virtual void RegisterSendCameraPointCb(PathPlanning::SendCameraPointCb cb) = 0;
                  ^~~~~~~~~~~~~~~~~~~~~~~~~
/root/workspace/SmallWashingRobotSDK/modules/navigation/arm64/include/clean_robot/nav.h:465:18: note:   no known conversion for argument 1 from ‚Äòstd::_Bind_helper<false, void (swr::node::NavProxy::*)(const swr::control_types::ShowCameraRec&), swr::node::NavProxy*, const std::_Placeholder<1>&>::type {aka std::_Bind<void (swr::node::NavProxy::*(swr::node::NavProxy*, std::_Placeholder<1>))(const swr::control_types::ShowCameraRec&)>}‚Äô to ‚ÄòPathPlanning::SendCameraPointCb {aka std::function<bool(swr::control_types::ShowCameraRec)>}‚Äô
/root/workspace/SmallWashingRobotSDK/server/nodes/navigation/NavProxy.cpp:243:92: error: no matching function for call to ‚ÄòPathPlanning::Nav::RegisteSendCameraRecDetail(std::_Bind_helper<false, void (swr::node::NavProxy::*)(const swr::control_types::CameraRec&), swr::node::NavProxy*, const std::_Placeholder<1>&>::type)‚Äô
                 std::bind(&NavProxy::OnPublishCameraRecDetail, this, std::placeholders::_1));
                                                                                            ^
In file included from /root/workspace/SmallWashingRobotSDK/server/nodes/navigation/NavProxy.h:5:0,
                 from /root/workspace/SmallWashingRobotSDK/server/nodes/navigation/NavProxy.cpp:1:
/root/workspace/SmallWashingRobotSDK/modules/navigation/arm64/include/clean_robot/nav.h:470:18: note: candidate: virtual void PathPlanning::Nav::RegisteSendCameraRecDetail(PathPlanning::SendCameraRecDetailCb)
     virtual void RegisteSendCameraRecDetail(PathPlanning::SendCameraRecDetailCb cb) = 0;
                  ^~~~~~~~~~~~~~~~~~~~~~~~~~
/root/workspace/SmallWashingRobotSDK/modules/navigation/arm64/include/clean_robot/nav.h:470:18: note:   no known conversion for argument 1 from ‚Äòstd::_Bind_helper<false, void (swr::node::NavProxy::*)(const swr::control_types::CameraRec&), swr::node::NavProxy*, const std::_Placeholder<1>&>::type {aka std::_Bind<void (swr::node::NavProxy::*(swr::node::NavProxy*, std::_Placeholder<1>))(const swr::control_types::CameraRec&)>}‚Äô to ‚ÄòPathPlanning::SendCameraRecDetailCb {aka std::function<bool(swr::control_types::CameraRec)>}‚Äô
/root/workspace/SmallWashingRobotSDK/server/nodes/navigation/NavSyncCloudConfig.cpp: In member function ‚Äòbool swr::NavSyncCloudConfig::Sync(swr::NavSyncCloudConfig::ConfigData&)‚Äô:
/root/workspace/SmallWashingRobotSDK/server/nodes/navigation/NavSyncCloudConfig.cpp:17:63: warning: typedef ‚Äòusing ECheckConfig = enum swr::cloud_srv::CheckConfigSrv::ConfigEnum‚Äô locally defined but not used [-Wunused-local-typedefs]
     using ECheckConfig = cloud_srv::CheckConfigSrv::ConfigEnum;
                                                               ^
[ 16%] Building CXX object CMakeFiles/around_18r.dir/server/nodes/laser/LaserProxy.cpp.o
CMakeFiles/around_18r.dir/build.make:422: recipe for target 'CMakeFiles/around_18r.dir/server/nodes/navigation/NavProxy.cpp.o' failed
make[2]: *** [CMakeFiles/around_18r.dir/server/nodes/navigation/NavProxy.cpp.o] Error 1
make[2]: *** Ê≠£Âú®Á≠âÂæÖÊú™ÂÆåÊàêÁöÑ‰ªªÂä°....
CMakeFiles/Makefile2:1955: recipe for target 'CMakeFiles/around_18r.dir/all' failed
make[1]: *** [CMakeFiles/around_18r.dir/all] Error 2
Makefile:140: recipe for target 'all' failed
make: *** [all] Error 2
Build step 'Execute shell' marked build as failure
Finished: FAILURE
