Started by user [8mha:////4HSeVHkKJ5mgbZK4sWy8myCb9E5jTwXackQ/FiSdye3XAAAAmR+LCAAAAAAAAP9b85aBtbiIQTGjNKU4P08vOT+vOD8nVc83PyU1x6OyILUoJzMv2y+/JJUBAhiZGBgqihhk0NSjKDWzXb3RdlLBUSYGJk8GtpzUvPSSDB8G5tKinBIGIZ+sxLJE/ZzEvHT94JKizLx0a6BxUmjGOUNodHsLgAz2EgZe/dLi1CL9wszSnMyiUgDL2Mr0wgAAAA==[0mQiuliru
Rebuilds build #[8mha:////4CS4a7ke1n7ecC8jVpszH/L6qYbCWEC3csHrOR8e+Y9EAAAApx+LCAAAAAAAAP9b85aBtbiIQTGjNKU4P08vOT+vOD8nVc83PyU1x6OyILUoJzMv2y+/JJUBAhiZGBgqihhk0NSjKDWzXb3RdlLBUSYGJk8GtpzUvPSSDB8G5tKinBIGIZ+sxLJE/ZzEvHT94JKizLx0a6BxUmjGOUNodHsLgAymEgZ5/bLM1HL9lNSCkgz9rPwk/YLEouzUIl2IgKEJAOrM6jrUAAAA[0m14
Running as SYSTEM
Building remotely on [8mha:////4P1a+jSCm2+jQZ3VRdJij7cRjyhx4PB7el9tXnyqLu2zAAAAoR+LCAAAAAAAAP9b85aBtbiIQTGjNKU4P08vOT+vOD8nVc83PyU1x6OyILUoJzMv2y+/JJUBAhiZGBgqihhk0NSjKDWzXb3RdlLBUSYGJk8GtpzUvPSSDB8G5tKinBIGIZ+sxLJE/ZzEvHT94JKizLx0a6BxUmjGOUNodHsLgAzuEgZR/eT83ILSktQi/eyMxJTEYt3kxCITAOR6YlPKAAAA[0mkhadas-car4 (car4) in workspace /root/workspace/workspace/parker-depth
[WS-CLEANUP] Deleting project workspace...
[WS-CLEANUP] Deferred wipeout is used...
[WS-CLEANUP] Done
[parker-depth] $ /bin/sh -xe /tmp/jenkins11660016167600710060.sh
+ bash /root/myscript/build/build.sh
++ export MYSQL_PWD=123
++ MYSQL_PWD=123
++ export -f cmdb_mysql
+ set -ex
+ export -f public_project_update
+ export -f project_build
+ init_project_env
++ date +%Y%m%d
+ DT=20230615
+ UserName=jenkins
+ API_TOKEN=11b65309c9835de9579d9c9038853d9eb7
+ GIT_PRIVATE_TOKEN=emEDrsaJVjxKK5gSWrf-
+ GIT_HOST=192.168.50.191
++ awk -F/ '{print $1"%2F"$2}'
++ echo parker/integration/depth
+ CONVERT_TARGET_PROJECT=parker%2Fintegration
++ python -c 'import sys, json; print(json.load(sys.stdin)["id"])'
++ curl -XGET -H 'Content-Type: application/json' --header 'PRIVATE-TOKEN: emEDrsaJVjxKK5gSWrf-' http://192.168.50.191:85/api/v4/projects/parker%2Fintegration
  % Total    % Received % Xferd  Average Speed   Time    Time     Time  Current
                                 Dload  Upload   Total   Spent    Left  Speed
  0     0    0     0    0     0      0      0 --:--:-- --:--:-- --:--:--     0100    35  100    35    0     0    625      0 --:--:-- --:--:-- --:--:--   625
Traceback (most recent call last):
  File "<string>", line 1, in <module>
KeyError: 'id'
+ SUB_PROJECT_ID=
+ true
+ '[' -z ']'
+ SOURCE_DIR=/root/workspace/workspace/parker-depth/depthmoduleforice
+ TARGET_DIR=/root/workspace/workspace/parker-depth/depth
+ prepare_env
++ uname -m
+ system_platform=aarch64
+ :
++ wc -l
++ uniq
++ sort
++ grep processor
++ cat /proc/cpuinfo
+ mt=-j4
+ export COMMIT_ID_FILE=/root/workspace/workspace/parker-depth/_last_build_id
+ COMMIT_ID_FILE=/root/workspace/workspace/parker-depth/_last_build_id
+ export COMMIT_MSG_FILE=/root/workspace/workspace/parker-depth/_commit-msg
+ COMMIT_MSG_FILE=/root/workspace/workspace/parker-depth/_commit-msg
+ export COMMIT_MSG_FILE_TMP=/root/workspace/workspace/parker-depth/_commit-msg.tmp
+ COMMIT_MSG_FILE_TMP=/root/workspace/workspace/parker-depth/_commit-msg.tmp
+ rm -f /root/workspace/workspace/parker-depth/_last_build_id
+ rm -f /root/workspace/workspace/parker-depth/_commit-msg
+ rm -f /root/workspace/workspace/parker-depth/_commit-msg.tmp
+ rm -f /root/workspace/workspace/parker-depth/result.log
+ rm -f /root/workspace/workspace/parker-depth/no_code_change.log
+ CLONE_DEPTH=--depth=1
+ PUBLICBASETYPES_DIR=/root/system/I18RPublicBaseTypes
+ cmdb_mysql 'insert into prebuild(job_name,source_project,source_branch,target_project,target_branch,time,build_url,node_name,build_user) values ('\''parker-depth'\'','\''qiuliru/depthmoduleforice'\'','\''parker_sunny'\'','\''parker/integration/depth'\'','\''master'\'',now(),'\''http://192.168.50.26:8080/job/parker-depth/15/'\'','\''khadas-car4'\'','\''qiuliru'\'')'
+ set +x
+ DOCKER_CONTAINER_I18=build-x64-18.04
+ DOCKER_CONTAINER_RUBBY=c405
+ DOCKER_CONTAINER_RUBBY_INSIDE=c3566
+ DOCKER_CONTAINER_JAVA=node
+ JENKINS_JOB_A=mind
+ JENKINS_JOB_B=rbn
+ JENKINS_JOB_C=mark-check-tools
+ JENKINS_JOB_D=java
+ JENKINS_JOB_E=nodejs
+ JENKINS_JOB_F=_ui
+ JENKINS_JOB_G=i12r
+ JENKINS_JOB_E=clean_recorder
+ JENKINS_JOB_F=i18r
+ [[ parker-depth =~ mind ]]
+ '[' true = false ']'
+ source_project_fetch
+ git clone ssh://git@192.168.50.191:222/qiuliru/depthmoduleforice -b parker_sunny --depth=1
Ê≠£ÂÖãÈöÜÂà∞ 'depthmoduleforice'...
+ target_project_update
+ rm -rf /root/workspace/workspace/parker-depth/depth
+ target_project_fetch
+ git clone ssh://git@192.168.50.191:222/parker/integration/depth -b master --depth=1
Ê≠£ÂÖãÈöÜÂà∞ 'depth'...
+ insert_db
+ pushd /root/workspace/workspace/parker-depth/depthmoduleforice
~/workspace/workspace/parker-depth/depthmoduleforice ~/workspace/workspace/parker-depth
++ cmdb_mysql 'SELECT first_commit_id FROM prebuild where source_project='\''qiuliru/depthmoduleforice'\'' and source_branch='\''parker_sunny'\'' and target_project='\''parker/integration/depth'\'' and target_branch='\''master'\'' and status='\''0'\'' and job_name='\''parker-depth'\'' order by id desc limit 1;'
++ set +x
+ version='first_commit_id
4ea14e6'
++ awk -F ' ' '{print $2}'
++ echo first_commit_id 4ea14e6
+ version=4ea14e6
++ git log -1 --pretty=format:%h
+ first_commit_id_now=82a2d1a
+ cmdb_mysql 'update prebuild set first_commit_id='\''82a2d1a'\'' where build_url='\''http://192.168.50.26:8080/job/parker-depth/15/'\'';'
+ set +x
+ popd
~/workspace/workspace/parker-depth
+ [[ aarch64 =~ x86_64 ]]
+ [[ parker-depth =~ rbn ]]
+ [[ parker-depth =~ mind ]]
+ public_project_update
+ rm -rf /root/system/I18RPublicBaseTypes
+ [[ parker-depth =~ i12r ]]
+ [[ parker-depth =~ clean_recorder ]]
+ [[ parker-depth =~ i18r ]]
+ public_i18rutilitysubmodule_update
+ pushd /root/system/i18rutilitysubmodule
~/system/i18rutilitysubmodule ~/workspace/workspace/parker-depth
+ git checkout ./
+ git clean -xdf ./
+ git pull origin develop
Êù•Ëá™ ssh://192.168.50.191:222/AroundI18RProject/i18rutilitysubmodule
 * branch            develop    -> FETCH_HEAD
Â∑≤ÁªèÊòØÊúÄÊñ∞ÁöÑ„ÄÇ
+ ./install.sh
sudo: Êó†Ê≥ïËß£Êûê‰∏ªÊú∫Ôºöcar4
+ popd
~/workspace/workspace/parker-depth
+ project_build
+ pushd /root/workspace/workspace/parker-depth/depthmoduleforice
~/workspace/workspace/parker-depth/depthmoduleforice ~/workspace/workspace/parker-depth
+ project_init_remote
+ read sf
+ find -type f -name sync_submodules.sh
+ [[ -n sync_file=ok ]]
+ sed -i 's/make -j[0-9].*/make -j4/g' compile.sh
+ '[' x82a2d1a == x4ea14e6 ']'
+ '[' -z ']'
+ bash -ex compile.sh
+ rm -rf build
+ mkdir build
+ cd build
+ cmake ..
-- The C compiler identification is GNU 7.5.0
-- The CXX compiler identification is GNU 7.5.0
-- Check for working C compiler: /usr/bin/cc
-- Check for working C compiler: /usr/bin/cc -- works
-- Detecting C compiler ABI info
-- Detecting C compiler ABI info - done
-- Detecting C compile features
-- Detecting C compile features - done
-- Check for working CXX compiler: /usr/bin/c++
-- Check for working CXX compiler: /usr/bin/c++ -- works
-- Detecting CXX compiler ABI info
-- Detecting CXX compiler ABI info - done
-- Detecting CXX compile features
-- Detecting CXX compile features - done
Build type: Release
Detected armv8  -D__ARM_PLATFORM__ -D__ARM_NEON__ -DENABLE_NEON -Ofast -std=c++11 -Wno-unused-result
-- Performing Test COMPILER_SUPPORTS_CXX11
-- Performing Test COMPILER_SUPPORTS_CXX11 - Success
-- Performing Test COMPILER_SUPPORTS_CXX0X
-- Performing Test COMPILER_SUPPORTS_CXX0X - Success
-- Using flag -std=c++11.
-- CONFIG_BUILD_ROS=ON
-- CONFIG_BUILD_ROS_CV=OFF
-- Using CATKIN_DEVEL_PREFIX: /root/workspace/workspace/parker-depth/depthmoduleforice/build/devel
-- Using CMAKE_PREFIX_PATH: /opt/ros/melodic
-- This workspace overlays: /opt/ros/melodic
-- Found PythonInterp: /usr/bin/python2 (found suitable version "2.7.17", minimum required is "2") 
-- Using PYTHON_EXECUTABLE: /usr/bin/python2
-- Using Debian Python package layout
-- Using empy: /usr/bin/empy
-- Using CATKIN_ENABLE_TESTING: ON
-- Call enable_testing()
-- Using CATKIN_TEST_RESULTS_DIR: /root/workspace/workspace/parker-depth/depthmoduleforice/build/test_results
-- Found gtest sources under '/usr/src/googletest': gtests will be built
-- Found gmock sources under '/usr/src/googletest': gmock will be built
CMake Warning (dev) at /usr/src/googletest/CMakeLists.txt:3 (project):
  Policy CMP0048 is not set: project() command manages VERSION variables.
  Run "cmake --help-policy CMP0048" for policy details.  Use the cmake_policy
  command to set the policy and suppress this warning.

  The following variable(s) would be set to empty:

    PROJECT_VERSION
    PROJECT_VERSION_MAJOR
    PROJECT_VERSION_MINOR
    PROJECT_VERSION_PATCH
This warning is for project developers.  Use -Wno-dev to suppress it.

CMake Warning (dev) at /usr/src/googletest/googlemock/CMakeLists.txt:40 (project):
  Policy CMP0048 is not set: project() command manages VERSION variables.
  Run "cmake --help-policy CMP0048" for policy details.  Use the cmake_policy
  command to set the policy and suppress this warning.

  The following variable(s) would be set to empty:

    PROJECT_VERSION
    PROJECT_VERSION_MAJOR
    PROJECT_VERSION_MINOR
    PROJECT_VERSION_PATCH
This warning is for project developers.  Use -Wno-dev to suppress it.

CMake Warning (dev) at /usr/src/googletest/googletest/CMakeLists.txt:47 (project):
  Policy CMP0048 is not set: project() command manages VERSION variables.
  Run "cmake --help-policy CMP0048" for policy details.  Use the cmake_policy
  command to set the policy and suppress this warning.

  The following variable(s) would be set to empty:

    PROJECT_VERSION
    PROJECT_VERSION_MAJOR
    PROJECT_VERSION_MINOR
    PROJECT_VERSION_PATCH
This warning is for project developers.  Use -Wno-dev to suppress it.

-- Found PythonInterp: /usr/bin/python2 (found version "2.7.17") 
-- Looking for pthread.h
-- Looking for pthread.h - found
-- Looking for pthread_create
-- Looking for pthread_create - not found
-- Looking for pthread_create in pthreads
-- Looking for pthread_create in pthreads - not found
-- Looking for pthread_create in pthread
-- Looking for pthread_create in pthread - found
-- Found Threads: TRUE  
-- Using Python nosetests: /usr/bin/nosetests-2.7
-- catkin 0.7.29
-- BUILD_SHARED_LIBS is on
-- Using these message generators: gencpp;geneus;genlisp;gennodejs;genpy
-- Boost version: 1.65.1
-- Found the following Boost libraries:
--   system
--   filesystem
CMake Warning at CMakeLists.txt:98 (message):
  OpenMP found.


-- CONFIG_BUILD_I18R=ON
-- I18R_TYPES_DIRECTORY: /root/workspace/workspace/parker-depth/depthmoduleforice/messages
-- CONFIG_BUILD_I26R=OFF
-- CONFIG_BUILD_TOF=ON
-- CONFIG_BUILD_OPENCV_CONTRIB=OFF
-- Looking for CL_VERSION_2_2
-- Looking for CL_VERSION_2_2 - found
-- Found OpenCL: /usr/lib/aarch64-linux-gnu/libOpenCL.so (found version "2.2") 
-- CONFIG_BUILD_OPENCL=ON
-- config path="/root/workspace/workspace/parker-depth/depthmoduleforice/config/"
-- BUILD_TEST_NODE=ON
-- BUILD_TOF_CAM_TEST_NODE=OFF
-- Configuring done
-- Generating done
-- Build files have been written to: /root/workspace/workspace/parker-depth/depthmoduleforice/build
+ make -j4
Scanning dependencies of target depth
[  2%] Building CXX object CMakeFiles/depth.dir/modules/common/filter.cpp.o
[  5%] Building CXX object CMakeFiles/depth.dir/modules/common/cloud_quality.cpp.o
[  8%] Building CXX object CMakeFiles/depth.dir/modules/common/math.cpp.o
[ 11%] Building CXX object CMakeFiles/depth.dir/modules/common/point_process.cpp.o
[ 13%] Building CXX object CMakeFiles/depth.dir/modules/common/time.cpp.o
In file included from /root/workspace/workspace/parker-depth/depthmoduleforice/modules/common/time.h:10:0,
                 from /root/workspace/workspace/parker-depth/depthmoduleforice/modules/common/time.cpp:6:
/root/workspace/workspace/parker-depth/depthmoduleforice/include/basetypes.h:11:10: fatal error: base_types.h: Ê≤°ÊúâÈÇ£‰∏™Êñá‰ª∂ÊàñÁõÆÂΩï
 #include "base_types.h"
          ^~~~~~~~~~~~~~
compilation terminated.
CMakeFiles/depth.dir/build.make:158: recipe for target 'CMakeFiles/depth.dir/modules/common/time.cpp.o' failed
make[2]: *** [CMakeFiles/depth.dir/modules/common/time.cpp.o] Error 1
make[2]: *** Ê≠£Âú®Á≠âÂæÖÊú™ÂÆåÊàêÁöÑ‰ªªÂä°....
CMakeFiles/Makefile2:392: recipe for target 'CMakeFiles/depth.dir/all' failed
make[1]: *** [CMakeFiles/depth.dir/all] Error 2
Makefile:140: recipe for target 'all' failed
make: *** [all] Error 2
Build step 'Execute shell' marked build as failure
Finished: FAILURE
