Started by upstream project "[8mha:////4NiYoXo/Z3Av0U47DRMegFK/RrcR+eu2G6oZkksFA1fBAAAAnR+LCAAAAAAAAP9b85aBtbiIQTGjNKU4P08vOT+vOD8nVc83PyU1x6OyILUoJzMv2y+/JJUBAhiZGBgqihhk0NSjKDWzXb3RdlLBUSYGJk8GtpzUvPSSDB8G5tKinBIGIZ+sxLJE/ZzEvHT94JKizLx0a6BxUmjGOUNodHsLgAzuEgZB/az8JP1MQ4ui+HQj3aL8Yn0AzriuhcYAAAA=[0mi18r_g2-ros" build number [8mha:////4CR2gDXnnGWycjUA4agc/Hz7uAEykHj2lmfDsYVG3BsRAAAAnx+LCAAAAAAAAP9b85aBtbiIQTGjNKU4P08vOT+vOD8nVc83PyU1x6OyILUoJzMv2y+/JJUBAhiZGBgqihhk0NSjKDWzXb3RdlLBUSYGJk8GtpzUvPSSDB8G5tKinBIGIZ+sxLJE/ZzEvHT94JKizLx0a6BxUmjGOUNodHsLgAymEgZh/az8JP1MQ4ui+HQj3aL8Yn1DSwDrBkYZyAAAAA==[0m19
originally caused by:
 Started by user [8mha:////4FnlWQBsNc1kE46sb6wQIYm1OYOndm3xNctGmRrlBdNSAAAAmB+LCAAAAAAAAP9b85aBtbiIQTGjNKU4P08vOT+vOD8nVc83PyU1x6OyILUoJzMv2y+/JJUBAhiZGBgqihhk0NSjKDWzXb3RdlLBUSYGJk8GtpzUvPSSDB8G5tKinBIGIZ+sxLJE/ZzEvHT94JKizLx0a6BxUmjGOUNodHsLgAyOEgYe/dLi1CL9nMz8vNQcAEVUqZfBAAAA[0mLiuziwen
 Started by upstream project "[8mha:////4K5UfDZnmVVGNhdwY2rD0GJOpred+4I3O7+AOdEYYpVNAAAApB+LCAAAAAAAAP9b85aBtbiIQTGjNKU4P08vOT+vOD8nVc83PyU1x6OyILUoJzMv2y+/JJUBAhiZGBgqihhk0NSjKDWzXb3RdlLBUSYGJk8GtpzUvPSSDB8G5tKinBIGIZ+sxLJE/ZzEvHT94JKizLx0a6BxUmjGOUNodHsLgAzuEgYp/bLM1HL9ovxi/az8JP1MQ4ui+HQjXRAfACq0wujPAAAA[0mi18r_g2-ros" build number [8mha:////4A4eK/HEA0BhUNbHDSJWXtsdshoLfVE/8Y2e2elV+Op2AAAAph+LCAAAAAAAAP9b85aBtbiIQTGjNKU4P08vOT+vOD8nVc83PyU1x6OyILUoJzMv2y+/JJUBAhiZGBgqihhk0NSjKDWzXb3RdlLBUSYGJk8GtpzUvPSSDB8G5tKinBIGIZ+sxLJE/ZzEvHT94JKizLx0a6BxUmjGOUNodHsLgAymEgYZ/bLM1HL9ovxi/az8JP1MQ4ui+HQjXRDf0AIAyx9Oj9EAAAA=[0m18
 originally caused by:
  Started by user [8mha:////4FCKJYn7TntWy0E9yb5LbOYOQzMY6AUmHbbeMtYcoOkhAAAAmx+LCAAAAAAAAP9b85aBtbiIQTGjNKU4P08vOT+vOD8nVc83PyU1x6OyILUoJzMv2y+/JJUBAhiZGBgqihhk0NSjKDWzXb3RdlLBUSYGJk8GtpzUvPSSDB8G5tKinBIGIZ+sxLJE/ZzEvHT94JKizLx0a6BxUmjGOUNodHsLgAzmEgYB/dLi1CL9wszijMS8QqARAJgVRoDFAAAA[0mÁ•ÅÂñÑÂ∫Ü
Started by user [8mha:////4FnlWQBsNc1kE46sb6wQIYm1OYOndm3xNctGmRrlBdNSAAAAmB+LCAAAAAAAAP9b85aBtbiIQTGjNKU4P08vOT+vOD8nVc83PyU1x6OyILUoJzMv2y+/JJUBAhiZGBgqihhk0NSjKDWzXb3RdlLBUSYGJk8GtpzUvPSSDB8G5tKinBIGIZ+sxLJE/ZzEvHT94JKizLx0a6BxUmjGOUNodHsLgAyOEgYe/dLi1CL9nMz8vNQcAEVUqZfBAAAA[0mLiuziwen
Rebuilds build #[8mha:////4DPME7nGJ/EWVW71HhxY5MC9Xo37TnItL8n4IDhAuSG+AAAArR+LCAAAAAAAAP9b85aBtbiIQTGjNKU4P08vOT+vOD8nVc83PyU1x6OyILUoJzMv2y+/JJUBAhiZGBgqihhk0NSjKDWzXb3RdlLBUSYGJk8GtpzUvPSSDB8G5tKinBIGIZ+sxLJE/ZzEvHT94JKizLx0a6BxUmjGOUNodHsLgAymEgZl/bLM1HL9ovxi/az8JP1MQ4ui+HSj+JTUgpz8yniQsJEpAKj5/BjYAAAA[0m25
Running as SYSTEM
Building remotely on [8mha:////4P1a+jSCm2+jQZ3VRdJij7cRjyhx4PB7el9tXnyqLu2zAAAAoR+LCAAAAAAAAP9b85aBtbiIQTGjNKU4P08vOT+vOD8nVc83PyU1x6OyILUoJzMv2y+/JJUBAhiZGBgqihhk0NSjKDWzXb3RdlLBUSYGJk8GtpzUvPSSDB8G5tKinBIGIZ+sxLJE/ZzEvHT94JKizLx0a6BxUmjGOUNodHsLgAzuEgZR/eT83ILSktQi/eyMxJTEYt3kxCITAOR6YlPKAAAA[0mkhadas-car4 (car4) in workspace /root/workspace/workspace/i18r_g2_deploy_ros
[WS-CLEANUP] Deleting project workspace...
[WS-CLEANUP] Deferred wipeout is used...
[WS-CLEANUP] Done
[i18r_g2_deploy_ros] $ /bin/sh -xe /tmp/jenkins14142337751407856971.sh
+ bash /root/myscript/build/build.sh
++ export MYSQL_PWD=123
++ MYSQL_PWD=123
++ export -f cmdb_mysql
+ set -ex
+ export -f public_project_update
+ export -f project_build
+ init_project_env
++ date +%Y%m%d
+ DT=20231030
+ UserName=jenkins
+ API_TOKEN=11b65309c9835de9579d9c9038853d9eb7
+ GIT_PRIVATE_TOKEN=emEDrsaJVjxKK5gSWrf-
+ GIT_HOST=192.168.50.191
++ awk -F/ '{print $1"%2F"$2}'
++ echo repid_deploy/integration/navigation_plugins
+ CONVERT_TARGET_PROJECT=repid_deploy%2Fintegration
++ python -c 'import sys, json; print(json.load(sys.stdin)["id"])'
++ curl -XGET -H 'Content-Type: application/json' --header 'PRIVATE-TOKEN: emEDrsaJVjxKK5gSWrf-' http://192.168.50.191:85/api/v4/projects/repid_deploy%2Fintegration
  % Total    % Received % Xferd  Average Speed   Time    Time     Time  Current
                                 Dload  Upload   Total   Spent    Left  Speed
  0     0    0     0    0     0      0      0 --:--:-- --:--:-- --:--:--     0100    35  100    35    0     0    760      0 --:--:-- --:--:-- --:--:--   760
Traceback (most recent call last):
  File "<string>", line 1, in <module>
KeyError: 'id'
+ SUB_PROJECT_ID=
+ true
+ '[' -z sp ']'
+ SOURCE_DIR=/root/workspace/workspace/i18r_g2_deploy_ros/sp
+ TARGET_DIR=/root/workspace/workspace/i18r_g2_deploy_ros/navigation_plugins
+ prepare_env
++ uname -m
+ system_platform=aarch64
+ :
++ cat /proc/cpuinfo
++ grep processor
++ sort
++ wc -l
++ uniq
+ mt=-j4
+ export COMMIT_ID_FILE=/root/workspace/workspace/i18r_g2_deploy_ros/_last_build_id
+ COMMIT_ID_FILE=/root/workspace/workspace/i18r_g2_deploy_ros/_last_build_id
+ export COMMIT_MSG_FILE=/root/workspace/workspace/i18r_g2_deploy_ros/_commit-msg
+ COMMIT_MSG_FILE=/root/workspace/workspace/i18r_g2_deploy_ros/_commit-msg
+ export COMMIT_MSG_FILE_TMP=/root/workspace/workspace/i18r_g2_deploy_ros/_commit-msg.tmp
+ COMMIT_MSG_FILE_TMP=/root/workspace/workspace/i18r_g2_deploy_ros/_commit-msg.tmp
+ rm -f /root/workspace/workspace/i18r_g2_deploy_ros/_last_build_id
+ rm -f /root/workspace/workspace/i18r_g2_deploy_ros/_commit-msg
+ rm -f /root/workspace/workspace/i18r_g2_deploy_ros/_commit-msg.tmp
+ rm -f /root/workspace/workspace/i18r_g2_deploy_ros/result.log
+ rm -f /root/workspace/workspace/i18r_g2_deploy_ros/no_code_change.log
+ CLONE_DEPTH=--depth=1
+ PUBLICBASETYPES_DIR=/root/system/I18RPublicBaseTypes
+ cmdb_mysql 'insert into prebuild(job_name,source_project,source_branch,target_project,target_branch,time,build_url,node_name,build_user) values ('\''i18r_g2_deploy_ros'\'','\''repid_deploy/source/navigation_plugins'\'','\''i18r_g2'\'','\''repid_deploy/integration/navigation_plugins'\'','\''i18r_g2'\'',now(),'\''http://192.168.50.191:8088/job/i18r_g2_deploy_ros/26/'\'','\''khadas-car4'\'','\''lionel'\'')'
+ set +x
+ DOCKER_CONTAINER_I18=build-x64-18.04
+ DOCKER_CONTAINER_RUBBY=c405
+ DOCKER_CONTAINER_RUBBY_INSIDE=c3566
+ DOCKER_CONTAINER_JAVA=node
+ JENKINS_JOB_A=mind
+ JENKINS_JOB_B=rbn
+ JENKINS_JOB_C=mark-check-tools
+ JENKINS_JOB_D=java
+ JENKINS_JOB_E=nodejs
+ JENKINS_JOB_F=_ui
+ JENKINS_JOB_G=i12r
+ JENKINS_JOB_E=clean_recorder
+ JENKINS_JOB_F=i18r
+ [[ i18r_g2_deploy_ros =~ mind ]]
+ '[' true = false ']'
+ source_project_fetch
+ git clone ssh://git@192.168.50.191:222/repid_deploy/source/navigation_plugins sp -b i18r_g2 --depth=1
Ê≠£ÂÖãÈöÜÂà∞ 'sp'...
+ target_project_update
+ rm -rf /root/workspace/workspace/i18r_g2_deploy_ros/navigation_plugins
+ target_project_fetch
+ git clone ssh://git@192.168.50.191:222/repid_deploy/integration/navigation_plugins -b i18r_g2 --depth=1
Ê≠£ÂÖãÈöÜÂà∞ 'navigation_plugins'...
+ insert_db
+ pushd /root/workspace/workspace/i18r_g2_deploy_ros/sp
~/workspace/workspace/i18r_g2_deploy_ros/sp ~/workspace/workspace/i18r_g2_deploy_ros
++ cmdb_mysql 'SELECT first_commit_id FROM prebuild where source_project='\''repid_deploy/source/navigation_plugins'\'' and source_branch='\''i18r_g2'\'' and target_project='\''repid_deploy/integration/navigation_plugins'\'' and target_branch='\''i18r_g2'\'' and status='\''0'\'' and job_name='\''i18r_g2_deploy_ros'\'' order by id desc limit 1;'
++ set +x
+ version='first_commit_id
4b90a9c'
++ awk -F ' ' '{print $2}'
++ echo first_commit_id 4b90a9c
+ version=4b90a9c
++ git log -1 --pretty=format:%h
+ first_commit_id_now=c55c43b
+ cmdb_mysql 'update prebuild set first_commit_id='\''c55c43b'\'' where build_url='\''http://192.168.50.191:8088/job/i18r_g2_deploy_ros/26/'\'';'
+ set +x
+ popd
~/workspace/workspace/i18r_g2_deploy_ros
+ [[ aarch64 =~ x86_64 ]]
+ [[ i18r_g2_deploy_ros =~ rbn ]]
+ [[ i18r_g2_deploy_ros =~ mind ]]
+ public_project_update
+ rm -rf /root/system/I18RPublicBaseTypes
+ [[ i18r_g2_deploy_ros =~ i12r ]]
+ [[ i18r_g2_deploy_ros =~ clean_recorder ]]
+ [[ i18r_g2_deploy_ros =~ i18r ]]
+ git clone ssh://git@192.168.50.191:222/AroundI18RProject/I18RPublicBaseTypes.git /root/system/I18RPublicBaseTypes -b develop --depth=1
Ê≠£ÂÖãÈöÜÂà∞ '/root/system/I18RPublicBaseTypes'...
+ public_project_todo
+ pushd /root/system/I18RPublicBaseTypes
~/system/I18RPublicBaseTypes ~/workspace/workspace/i18r_g2_deploy_ros
+ ./install.sh
-- The C compiler identification is GNU 7.5.0
-- The CXX compiler identification is GNU 7.5.0
-- Check for working C compiler: /usr/bin/cc
-- Check for working C compiler: /usr/bin/cc -- works
-- Detecting C compiler ABI info
-- Detecting C compiler ABI info - done
-- Detecting C compile features
-- Detecting C compile features - done
-- Check for working CXX compiler: /usr/bin/c++
-- Check for working CXX compiler: /usr/bin/c++ -- works
-- Detecting CXX compiler ABI info
-- Detecting CXX compiler ABI info - done
-- Detecting CXX compile features
-- Detecting CXX compile features - done
-- CMAKE_INSTALL_PREFIX: /usr/local.
-- I18R_INCLUDE_INSTALL_DIR: /usr/local/include/I18RPublicBaseTypes.
-- CMAKE_CURRENT_SOURCE_DIR: /root/system/I18RPublicBaseTypes.
-- Configuring done
-- Generating done
-- Build files have been written to: /root/system/I18RPublicBaseTypes/build
sudo: Êó†Ê≥ïËß£Êûê‰∏ªÊú∫Ôºöcar4
Install the project...
-- Install configuration: "Release"
-- Installing: /usr/local/include/I18RPublicBaseTypes/base_types.h
-- Installing: /usr/local/include/I18RPublicBaseTypes/calibr_types.h
-- Installing: /usr/local/include/I18RPublicBaseTypes/cloud_types.h
-- Installing: /usr/local/include/I18RPublicBaseTypes/control_types.h
-- Installing: /usr/local/include/I18RPublicBaseTypes/depth_types.h
-- Installing: /usr/local/include/I18RPublicBaseTypes/detector_types.h
-- Installing: /usr/local/include/I18RPublicBaseTypes/error_types.h
-- Installing: /usr/local/include/I18RPublicBaseTypes/geometry_types.h
-- Installing: /usr/local/include/I18RPublicBaseTypes/hmi_types.h
-- Installing: /usr/local/include/I18RPublicBaseTypes/imsee_types.h
-- Installing: /usr/local/include/I18RPublicBaseTypes/marker_types.h
-- Installing: /usr/local/include/I18RPublicBaseTypes/msg_types.h
-- Installing: /usr/local/include/I18RPublicBaseTypes/old_hmi_types.h
-- Installing: /usr/local/include/I18RPublicBaseTypes/sensor_types.h
-- Installing: /usr/local/include/I18RPublicBaseTypes/server_types.h
-- Installing: /usr/local/include/I18RPublicBaseTypes/slam_types.h
-- Installing: /usr/local/include/I18RPublicBaseTypes/swr_types.h
-- Installing: /usr/local/include/I18RPublicBaseTypes/README.md
-- Installing: /usr/local/include/I18RPublicBaseTypes/base/Data.h
-- Installing: /usr/local/include/I18RPublicBaseTypes/base/ErrorInfo.h
-- Installing: /usr/local/include/I18RPublicBaseTypes/base/ErrorMessage.h
-- Installing: /usr/local/include/I18RPublicBaseTypes/base/FormatData.h
-- Installing: /usr/local/include/I18RPublicBaseTypes/base/InternalErrorCode.h
-- Installing: /usr/local/include/I18RPublicBaseTypes/base/Module.h
-- Installing: /usr/local/include/I18RPublicBaseTypes/base/README.md
-- Installing: /usr/local/include/I18RPublicBaseTypes/base/ThreadInfo.h
-- Installing: /usr/local/include/I18RPublicBaseTypes/base/Time.h
-- Installing: /usr/local/include/I18RPublicBaseTypes/base/WorkStatus.h
-- Installing: /usr/local/include/I18RPublicBaseTypes/calibr/Cameara2Camera.h
-- Installing: /usr/local/include/I18RPublicBaseTypes/calibr/Camera2Lidar.h
-- Installing: /usr/local/include/I18RPublicBaseTypes/calibr/Camera2Odometry.h
-- Installing: /usr/local/include/I18RPublicBaseTypes/calibr/Camera2Tof.h
-- Installing: /usr/local/include/I18RPublicBaseTypes/calibr/Imu2Odometry.h
-- Installing: /usr/local/include/I18RPublicBaseTypes/calibr/README.md
-- Installing: /usr/local/include/I18RPublicBaseTypes/calibr/Transform.h
-- Installing: /usr/local/include/I18RPublicBaseTypes/cloud/README.md
-- Installing: /usr/local/include/I18RPublicBaseTypes/control/PointCloud.h
-- Installing: /usr/local/include/I18RPublicBaseTypes/control/README.md
-- Installing: /usr/local/include/I18RPublicBaseTypes/control/autoClean_property.h
-- Installing: /usr/local/include/I18RPublicBaseTypes/control/clean_path.h
-- Installing: /usr/local/include/I18RPublicBaseTypes/control/current_type.h
-- Installing: /usr/local/include/I18RPublicBaseTypes/control/drop_event.h
-- Installing: /usr/local/include/I18RPublicBaseTypes/control/grass_boundary.h
-- Installing: /usr/local/include/I18RPublicBaseTypes/control/pose.h
-- Installing: /usr/local/include/I18RPublicBaseTypes/control/robot_event.h
-- Installing: /usr/local/include/I18RPublicBaseTypes/control/robot_status.h
-- Installing: /usr/local/include/I18RPublicBaseTypes/control/work_mode.h
-- Installing: /usr/local/include/I18RPublicBaseTypes/control/work_runs.h
-- Installing: /usr/local/include/I18RPublicBaseTypes/depth/CalibrationImage.h
-- Installing: /usr/local/include/I18RPublicBaseTypes/depth/DepthMatrix.h
-- Installing: /usr/local/include/I18RPublicBaseTypes/depth/DepthPointCloud.h
-- Installing: /usr/local/include/I18RPublicBaseTypes/depth/GrassBoundary.h
-- Installing: /usr/local/include/I18RPublicBaseTypes/depth/LightAdjustment.h
-- Installing: /usr/local/include/I18RPublicBaseTypes/depth/README.md
-- Installing: /usr/local/include/I18RPublicBaseTypes/depth/SourceImage.h
-- Installing: /usr/local/include/I18RPublicBaseTypes/detector/DetectorResult.h
-- Installing: /usr/local/include/I18RPublicBaseTypes/detector/README.md
-- Installing: /usr/local/include/I18RPublicBaseTypes/detector/class.h
-- Installing: /usr/local/include/I18RPublicBaseTypes/detector/detect_types.h
-- Installing: /usr/local/include/I18RPublicBaseTypes/detector/detector_param.h
-- Installing: /usr/local/include/I18RPublicBaseTypes/detector/error_code.h
-- Installing: /usr/local/include/I18RPublicBaseTypes/detector/instance.h
-- Installing: /usr/local/include/I18RPublicBaseTypes/detector/map.h
-- Installing: /usr/local/include/I18RPublicBaseTypes/geometry/EulerAngle.h
-- Installing: /usr/local/include/I18RPublicBaseTypes/geometry/Point.h
-- Installing: /usr/local/include/I18RPublicBaseTypes/geometry/Quaternion.h
-- Installing: /usr/local/include/I18RPublicBaseTypes/hmi/README.md
-- Installing: /usr/local/include/I18RPublicBaseTypes/hmi/gen.sh
-- Installing: /usr/local/include/I18RPublicBaseTypes/hmi/public.fbs
-- Installing: /usr/local/include/I18RPublicBaseTypes/hmi/report.fbs
-- Installing: /usr/local/include/I18RPublicBaseTypes/hmi/request.fbs
-- Installing: /usr/local/include/I18RPublicBaseTypes/hmi/response.fbs
-- Installing: /usr/local/include/I18RPublicBaseTypes/hmi/public_generated.h
-- Installing: /usr/local/include/I18RPublicBaseTypes/hmi/report_generated.h
-- Installing: /usr/local/include/I18RPublicBaseTypes/hmi/request_generated.h
-- Installing: /usr/local/include/I18RPublicBaseTypes/hmi/response_generated.h
-- Installing: /usr/local/include/I18RPublicBaseTypes/hmi/public.h
-- Installing: /usr/local/include/I18RPublicBaseTypes/hmi/report.h
-- Installing: /usr/local/include/I18RPublicBaseTypes/hmi/request.h
-- Installing: /usr/local/include/I18RPublicBaseTypes/hmi/response.h
-- Installing: /usr/local/include/I18RPublicBaseTypes/imsee/CImseeImage.h
-- Installing: /usr/local/include/I18RPublicBaseTypes/imsee/CImseeImu.h
-- Installing: /usr/local/include/I18RPublicBaseTypes/imsee/CImseeMsgHotplug.h
-- Installing: /usr/local/include/I18RPublicBaseTypes/imsee/CImseeMsgImage.h
-- Installing: /usr/local/include/I18RPublicBaseTypes/imsee/CImseeMsgImu.h
-- Installing: /usr/local/include/I18RPublicBaseTypes/imsee/CImseeMsgParam.h
-- Installing: /usr/local/include/I18RPublicBaseTypes/imsee/CameraParameter.h
-- Installing: /usr/local/include/I18RPublicBaseTypes/imsee/CameraParameterOld.h
-- Installing: /usr/local/include/I18RPublicBaseTypes/imsee/IMUParameter.h
-- Installing: /usr/local/include/I18RPublicBaseTypes/imsee/ModuleInfo.h
-- Installing: /usr/local/include/I18RPublicBaseTypes/imsee/MoudleAllParam.h
-- Installing: /usr/local/include/I18RPublicBaseTypes/imsee/Resolution.h
-- Installing: /usr/local/include/I18RPublicBaseTypes/imsee/SDebugSet.h
-- Installing: /usr/local/include/I18RPublicBaseTypes/imsee/SlamParameter.h
-- Installing: /usr/local/include/I18RPublicBaseTypes/imsee/StreamType.h
-- Installing: /usr/local/include/I18RPublicBaseTypes/marker/MarkerState.h
-- Installing: /usr/local/include/I18RPublicBaseTypes/marker/state.h
-- Installing: /usr/local/include/I18RPublicBaseTypes/msg/AFI.h
-- Installing: /usr/local/include/I18RPublicBaseTypes/msg/Basic.h
-- Installing: /usr/local/include/I18RPublicBaseTypes/msg/Config.h
-- Installing: /usr/local/include/I18RPublicBaseTypes/msg/Log.h
-- Installing: /usr/local/include/I18RPublicBaseTypes/msg/Route.h
-- Installing: /usr/local/include/I18RPublicBaseTypes/msg/Work.h
-- Installing: /usr/local/include/I18RPublicBaseTypes/sensor/BumperEvent.h
-- Installing: /usr/local/include/I18RPublicBaseTypes/sensor/CleanEvent.h
-- Installing: /usr/local/include/I18RPublicBaseTypes/sensor/CliffData.h
-- Installing: /usr/local/include/I18RPublicBaseTypes/sensor/CliffEvent.h
-- Installing: /usr/local/include/I18RPublicBaseTypes/sensor/CtrlType.h
-- Installing: /usr/local/include/I18RPublicBaseTypes/sensor/DropEvent.h
-- Installing: /usr/local/include/I18RPublicBaseTypes/sensor/EncoderData.h
-- Installing: /usr/local/include/I18RPublicBaseTypes/sensor/LaserScan.h
-- Installing: /usr/local/include/I18RPublicBaseTypes/sensor/PointCloud2.h
-- Installing: /usr/local/include/I18RPublicBaseTypes/sensor/RobotChassisEvent.h
-- Installing: /usr/local/include/I18RPublicBaseTypes/sensor/SonyCamera.h
-- Installing: /usr/local/include/I18RPublicBaseTypes/sensor/StartStopSwitchEvent.h
-- Installing: /usr/local/include/I18RPublicBaseTypes/sensor/TofDepthData.h
-- Installing: /usr/local/include/I18RPublicBaseTypes/sensor/TofDepthImg.h
-- Installing: /usr/local/include/I18RPublicBaseTypes/sensor/TofGrayImg.h
-- Installing: /usr/local/include/I18RPublicBaseTypes/sensor/TofPointCloud.h
-- Installing: /usr/local/include/I18RPublicBaseTypes/sensor/UltraData.h
-- Installing: /usr/local/include/I18RPublicBaseTypes/sensor/UsbHotplug.h
-- Installing: /usr/local/include/I18RPublicBaseTypes/sensor/VelocityCmd.h
-- Installing: /usr/local/include/I18RPublicBaseTypes/sensor/VelocityData.h
-- Installing: /usr/local/include/I18RPublicBaseTypes/server/DataRateState.h
-- Installing: /usr/local/include/I18RPublicBaseTypes/server/SystemState.h
-- Installing: /usr/local/include/I18RPublicBaseTypes/server/UserOperation.h
-- Installing: /usr/local/include/I18RPublicBaseTypes/slam/Pose.h
-- Installing: /usr/local/include/I18RPublicBaseTypes/slam/README.md
-- Installing: /usr/local/include/I18RPublicBaseTypes/slam/SlamResult.h
-- Installing: /usr/local/include/I18RPublicBaseTypes/slam/SlamState.h
-- Installing: /usr/local/include/I18RPublicBaseTypes/error/ErrorCode.h
-- Installing: /usr/local/include/I18RPublicBaseTypes/error/ErrorEvent.h
-- Installing: /usr/local/include/I18RPublicBaseTypes/error/ErrorMessage.h
-- Installing: /usr/local/include/I18RPublicBaseTypes/error/ErrorTable.h
-- Installing: /usr/local/include/I18RPublicBaseTypes/error/IceErrorCode.h
-- Installing: /usr/local/include/I18RPublicBaseTypes/error/error_maps.yaml
sudo: Êó†Ê≥ïËß£Êûê‰∏ªÊú∫Ôºöcar4
+ popd
~/workspace/workspace/i18r_g2_deploy_ros
+ public_i18rutilitysubmodule_update
+ pushd /root/system/i18rutilitysubmodule
~/system/i18rutilitysubmodule ~/workspace/workspace/i18r_g2_deploy_ros
+ git checkout ./
+ git clean -xdf ./
+ git pull origin develop
Êù•Ëá™ ssh://192.168.50.191:222/AroundI18RProject/i18rutilitysubmodule
 * branch            develop    -> FETCH_HEAD
Â∑≤ÁªèÊòØÊúÄÊñ∞ÁöÑ„ÄÇ
+ ./install.sh
sudo: Êó†Ê≥ïËß£Êûê‰∏ªÊú∫Ôºöcar4
+ popd
~/workspace/workspace/i18r_g2_deploy_ros
+ project_build
+ pushd /root/workspace/workspace/i18r_g2_deploy_ros/sp
~/workspace/workspace/i18r_g2_deploy_ros/sp ~/workspace/workspace/i18r_g2_deploy_ros
+ project_init_remote
++ find -type f -name sync_submodules.sh
+ sf=
+ '[' -z ']'
+ git submodule update --init --recursive
Â≠êÊ®°ÁªÑ 'submodules/I18RNavigationSubmodule'Ôºàhttp://192.168.50.191:85/AroundI18RProject/I18RNavigationSubmodule.gitÔºâÊú™ÂØπË∑ØÂæÑ 'submodules/I18RNavigationSubmodule' Ê≥®ÂÜå
Â≠êÊ®°ÁªÑ 'submodules/messages'Ôºàhttp://192.168.50.191:85/repid_deploy/source/messages.gitÔºâÊú™ÂØπË∑ØÂæÑ 'submodules/messages' Ê≥®ÂÜå
Â≠êÊ®°ÁªÑ 'submodules/mind_os'Ôºàhttp://192.168.50.191:85/repid_deploy/source/mind_os.gitÔºâÊú™ÂØπË∑ØÂæÑ 'submodules/mind_os' Ê≥®ÂÜå
Ê≠£ÂÖãÈöÜÂà∞ '/root/workspace/workspace/i18r_g2_deploy_ros/sp/submodules/I18RNavigationSubmodule'...
Ê≠£ÂÖãÈöÜÂà∞ '/root/workspace/workspace/i18r_g2_deploy_ros/sp/submodules/messages'...
Ê≠£ÂÖãÈöÜÂà∞ '/root/workspace/workspace/i18r_g2_deploy_ros/sp/submodules/mind_os'...
Â≠êÊ®°ÁªÑË∑ØÂæÑ 'submodules/I18RNavigationSubmodule'ÔºöÊ£ÄÂá∫ '8e19833e67bfea54e916e2ca4930d3cb10721a6b'
Â≠êÊ®°ÁªÑË∑ØÂæÑ 'submodules/messages'ÔºöÊ£ÄÂá∫ '0807792d519bb3bba982a443fb6c5a053524629b'
Â≠êÊ®°ÁªÑË∑ØÂæÑ 'submodules/mind_os'ÔºöÊ£ÄÂá∫ '3e54f8e92a8d13c5588eed350140342e04690879'
+ git submodule update --remote
Â≠êÊ®°ÁªÑË∑ØÂæÑ 'submodules/I18RNavigationSubmodule'ÔºöÊ£ÄÂá∫ 'e110a01ae31f755f8df983d95cff762e49b7583e'
Â≠êÊ®°ÁªÑË∑ØÂæÑ 'submodules/messages'ÔºöÊ£ÄÂá∫ 'a5eee0ccef0240ffed43bffd1ed0aad4d9311986'
+ sed -i 's/make -j[0-9].*/make -j4/g' scripts/compile.sh
+ '[' xc55c43b == x4b90a9c ']'
+ '[' -z ']'
+ bash -ex scripts/compile.sh
+ main
++ GetProjectPath
++++ dirname scripts/compile.sh
+++ cd scripts
+++ pwd
++ local scriptsDir=/root/workspace/workspace/i18r_g2_deploy_ros/sp/scripts
+++ dirname /root/workspace/workspace/i18r_g2_deploy_ros/sp/scripts
++ echo /root/workspace/workspace/i18r_g2_deploy_ros/sp
+ local projectPath=/root/workspace/workspace/i18r_g2_deploy_ros/sp
+ cd /root/workspace/workspace/i18r_g2_deploy_ros/sp
+ rm -rf /root/workspace/workspace/i18r_g2_deploy_ros/sp/build
+ mkdir build
+ cd build
+ cmake ..
-- The C compiler identification is GNU 7.5.0
-- The CXX compiler identification is GNU 7.5.0
-- Check for working C compiler: /usr/bin/cc
-- Check for working C compiler: /usr/bin/cc -- works
-- Detecting C compiler ABI info
-- Detecting C compiler ABI info - done
-- Detecting C compile features
-- Detecting C compile features - done
-- Check for working CXX compiler: /usr/bin/c++
-- Check for working CXX compiler: /usr/bin/c++ -- works
-- Detecting CXX compiler ABI info
-- Detecting CXX compiler ABI info - done
-- Detecting CXX compile features
-- Detecting CXX compile features - done
-- HOST_ARCH: armv8
-- /root/workspace/workspace/i18r_g2_deploy_ros/sp/submodules
arm64
/root/workspace/workspace/i18r_g2_deploy_ros/sp/submodules/I18RNavigationSubmodule/arm64/lib/libpath_planning.so
-- Configuring done
-- Generating done
-- Build files have been written to: /root/workspace/workspace/i18r_g2_deploy_ros/sp/build
+ make clean
+ make
Scanning dependencies of target navigation_plugin
[ 50%] Building CXX object src/plugins/navigation/CMakeFiles/navigation_plugin.dir/src/NavigationNode.cpp.o
/root/workspace/workspace/i18r_g2_deploy_ros/sp/src/plugins/navigation/src/NavigationNode.cpp: In member function ‚Äòvoid NavigationNode::RegisteCallBack()‚Äô:
/root/workspace/workspace/i18r_g2_deploy_ros/sp/src/plugins/navigation/src/NavigationNode.cpp:175:15: error: ‚Äòusing element_type = class PathPlanning::Nav {aka class PathPlanning::Nav}‚Äô has no member named ‚ÄòRegisteSendNavWorkRunsCallback‚Äô; did you mean ‚ÄòRegisteSendErrorInfoCallback‚Äô?
         ctrl->RegisteSendNavWorkRunsCallback(std::bind(&NavigationNode::OnPubWorkRuns, this, std::placeholders::_1));
               ^~~~~~~~~~~~~~~~~~~~~~~~~~~~~~
               RegisteSendErrorInfoCallback
/root/workspace/workspace/i18r_g2_deploy_ros/sp/src/plugins/navigation/src/NavigationNode.cpp:178:15: error: ‚Äòusing element_type = class PathPlanning::Nav {aka class PathPlanning::Nav}‚Äô has no member named ‚ÄòRegisteSendCleanProperty‚Äô
         ctrl->RegisteSendCleanProperty(
               ^~~~~~~~~~~~~~~~~~~~~~~~
/root/workspace/workspace/i18r_g2_deploy_ros/sp/src/plugins/navigation/src/NavigationNode.cpp:180:118: error: no matching function for call to ‚ÄòPathPlanning::Nav::RegisteSendErrorInfoCallback(std::_Bind_helper<false, void (NavigationNode::*)(swr::error_types::ErrorMessage&), NavigationNode*, const std::_Placeholder<1>&>::type)‚Äô
         ctrl->RegisteSendErrorInfoCallback(std::bind(&NavigationNode::OnPubErrorMessage, this, std::placeholders::_1));
                                                                                                                      ^
In file included from /root/workspace/workspace/i18r_g2_deploy_ros/sp/src/plugins/navigation/src/NavigationNode.cpp:6:0:
/root/workspace/workspace/i18r_g2_deploy_ros/sp/submodules/I18RNavigationSubmodule/arm64/include/clean_robot/nav.h:266:18: note: candidate: virtual void PathPlanning::Nav::RegisteSendErrorInfoCallback(PathPlanning::SendErrorInfoCallback)
     virtual void RegisteSendErrorInfoCallback(PathPlanning::SendErrorInfoCallback cb) = 0;
                  ^~~~~~~~~~~~~~~~~~~~~~~~~~~~
/root/workspace/workspace/i18r_g2_deploy_ros/sp/submodules/I18RNavigationSubmodule/arm64/include/clean_robot/nav.h:266:18: note:   no known conversion for argument 1 from ‚Äòstd::_Bind_helper<false, void (NavigationNode::*)(swr::error_types::ErrorMessage&), NavigationNode*, const std::_Placeholder<1>&>::type {aka std::_Bind<void (NavigationNode::*(NavigationNode*, std::_Placeholder<1>))(swr::error_types::ErrorMessage&)>}‚Äô to ‚ÄòPathPlanning::SendErrorInfoCallback {aka std::function<void(swr::base_types::ErrorInfo)>}‚Äô
/root/workspace/workspace/i18r_g2_deploy_ros/sp/src/plugins/navigation/src/NavigationNode.cpp:181:15: error: ‚Äòusing element_type = class PathPlanning::Nav {aka class PathPlanning::Nav}‚Äô has no member named ‚ÄòRegisteSendRobotEventCallback‚Äô; did you mean ‚ÄòRegisteSendRobotStatusCallback‚Äô?
         ctrl->RegisteSendRobotEventCallback(std::bind(&NavigationNode::OnPubRobotEvent, this, std::placeholders::_1));
               ^~~~~~~~~~~~~~~~~~~~~~~~~~~~~
               RegisteSendRobotStatusCallback
/root/workspace/workspace/i18r_g2_deploy_ros/sp/src/plugins/navigation/src/NavigationNode.cpp:183:15: error: ‚Äòusing element_type = class PathPlanning::Nav {aka class PathPlanning::Nav}‚Äô has no member named ‚ÄòRegisteSendWorkPrograssCallback‚Äô; did you mean ‚ÄòRegisteSendWalkingPathCallback‚Äô?
         ctrl->RegisteSendWorkPrograssCallback(
               ^~~~~~~~~~~~~~~~~~~~~~~~~~~~~~~
               RegisteSendWalkingPathCallback
/root/workspace/workspace/i18r_g2_deploy_ros/sp/src/plugins/navigation/src/NavigationNode.cpp:194:112: error: no matching function for call to ‚ÄòPathPlanning::Nav::GetPoseBaseStampCallback(std::_Bind_helper<false, unsigned char (NavigationNode::*)(swr::slam_types::SlamResultNew&, const long unsigned int&), NavigationNode*, const std::_Placeholder<1>&, const std::_Placeholder<2>&>::type)‚Äô
             std::bind(&NavigationNode::OnCallGetSlamResult, this, std::placeholders::_1, std::placeholders::_2));
                                                                                                                ^
In file included from /root/workspace/workspace/i18r_g2_deploy_ros/sp/src/plugins/navigation/src/NavigationNode.cpp:6:0:
/root/workspace/workspace/i18r_g2_deploy_ros/sp/submodules/I18RNavigationSubmodule/arm64/include/clean_robot/nav.h:257:18: note: candidate: virtual void PathPlanning::Nav::GetPoseBaseStampCallback(PathPlanning::GetPoseBaseStampCallback)
     virtual void GetPoseBaseStampCallback(PathPlanning::GetPoseBaseStampCallback cb) = 0;
                  ^~~~~~~~~~~~~~~~~~~~~~~~
/root/workspace/workspace/i18r_g2_deploy_ros/sp/submodules/I18RNavigationSubmodule/arm64/include/clean_robot/nav.h:257:18: note:   no known conversion for argument 1 from ‚Äòstd::_Bind_helper<false, unsigned char (NavigationNode::*)(swr::slam_types::SlamResultNew&, const long unsigned int&), NavigationNode*, const std::_Placeholder<1>&, const std::_Placeholder<2>&>::type {aka std::_Bind<unsigned char (NavigationNode::*(NavigationNode*, std::_Placeholder<1>, std::_Placeholder<2>))(swr::slam_types::SlamResultNew&, const long unsigned int&)>}‚Äô to ‚ÄòPathPlanning::GetPoseBaseStampCallback {aka std::function<unsigned char(swr::slam_types::SlamResult&, const long unsigned int&)>}‚Äô
/root/workspace/workspace/i18r_g2_deploy_ros/sp/src/plugins/navigation/src/NavigationNode.cpp:197:15: error: ‚Äòusing element_type = class PathPlanning::Nav {aka class PathPlanning::Nav}‚Äô has no member named ‚ÄòRegisteSetCleanEquipmentCallback‚Äô; did you mean ‚ÄòRegisteCleanedTimeCallback‚Äô?
         ctrl->RegisteSetCleanEquipmentCallback(
               ^~~~~~~~~~~~~~~~~~~~~~~~~~~~~~~~
               RegisteCleanedTimeCallback
/root/workspace/workspace/i18r_g2_deploy_ros/sp/src/plugins/navigation/src/NavigationNode.cpp:200:15: error: ‚Äòusing element_type = class PathPlanning::Nav {aka class PathPlanning::Nav}‚Äô has no member named ‚ÄòRegisteSetCleanIntensity‚Äô
         ctrl->RegisteSetCleanIntensity(
               ^~~~~~~~~~~~~~~~~~~~~~~~
/root/workspace/workspace/i18r_g2_deploy_ros/sp/src/plugins/navigation/src/NavigationNode.cpp: In member function ‚Äòvoid NavigationNode::OnSrvInit(mind_os::ConstPtr<nav_srvs::NavInit::Request>&, mind_os::Ptr<nav_srvs::NavInit::Response>&)‚Äô:
/root/workspace/workspace/i18r_g2_deploy_ros/sp/src/plugins/navigation/src/NavigationNode.cpp:276:15: error: ‚Äòusing element_type = class PathPlanning::Nav {aka class PathPlanning::Nav}‚Äô has no member named ‚ÄòSetObnormalDataPath‚Äô; did you mean ‚ÄòSetLoopCleanPath‚Äô?
         ctrl->SetObnormalDataPath(request->logPath);
               ^~~~~~~~~~~~~~~~~~~
               SetLoopCleanPath
/root/workspace/workspace/i18r_g2_deploy_ros/sp/src/plugins/navigation/src/NavigationNode.cpp: In member function ‚Äòvoid NavigationNode::OnSrvScanOnce(mind_os::ConstPtr<nav_srvs::NavScanOnce::Request>&, mind_os::Ptr<nav_srvs::NavScanOnce::Response>&)‚Äô:
/root/workspace/workspace/i18r_g2_deploy_ros/sp/src/plugins/navigation/src/NavigationNode.cpp:438:29: error: ‚Äòusing element_type = class PathPlanning::Nav {aka class PathPlanning::Nav}‚Äô has no member named ‚ÄòTryScanOnce‚Äô
         uint8_t ret = ctrl->TryScanOnce();
                             ^~~~~~~~~~~
/root/workspace/workspace/i18r_g2_deploy_ros/sp/src/plugins/navigation/src/NavigationNode.cpp: In member function ‚Äòvoid NavigationNode::OnSrvGetCleanPath(mind_os::ConstPtr<nav_srvs::NavGetCleanPath::Request>&, mind_os::Ptr<nav_srvs::NavGetCleanPath::Response>&)‚Äô:
/root/workspace/workspace/i18r_g2_deploy_ros/sp/src/plugins/navigation/src/NavigationNode.cpp:539:20: error: ‚Äòusing element_type = class PathPlanning::Nav {aka class PathPlanning::Nav}‚Äô has no member named ‚ÄòGetCleanPathFromNAV‚Äô; did you mean ‚ÄòSetCleanPathFromSDK‚Äô?
         if (!ctrl->GetCleanPathFromNAV(response->clean_path))
                    ^~~~~~~~~~~~~~~~~~~
                    SetCleanPathFromSDK
/root/workspace/workspace/i18r_g2_deploy_ros/sp/src/plugins/navigation/src/NavigationNode.cpp: In member function ‚Äòvoid NavigationNode::OnSrvVWallEnable(mind_os::ConstPtr<nav_srvs::NavVWallEnable::Request>&, mind_os::Ptr<nav_srvs::NavVWallEnable::Response>&)‚Äô:
/root/workspace/workspace/i18r_g2_deploy_ros/sp/src/plugins/navigation/src/NavigationNode.cpp:560:20: error: ‚Äòusing element_type = class PathPlanning::Nav {aka class PathPlanning::Nav}‚Äô has no member named ‚ÄòSetVirtualWallEnable‚Äô
         if (!ctrl->SetVirtualWallEnable(request->flag, request->mode))
                    ^~~~~~~~~~~~~~~~~~~~
/root/workspace/workspace/i18r_g2_deploy_ros/sp/src/plugins/navigation/src/NavigationNode.cpp: In member function ‚Äòvoid NavigationNode::OnSrvOverWrite(mind_os::ConstPtr<nav_srvs::NavCCPP::Request>&, mind_os::Ptr<nav_srvs::NavCCPP::Response>&)‚Äô:
/root/workspace/workspace/i18r_g2_deploy_ros/sp/src/plugins/navigation/src/NavigationNode.cpp:581:20: error: ‚Äòusing element_type = class PathPlanning::Nav {aka class PathPlanning::Nav}‚Äô has no member named ‚ÄòSetCCPPMethod‚Äô
         if (!ctrl->SetCCPPMethod(request->mode))
                    ^~~~~~~~~~~~~
/root/workspace/workspace/i18r_g2_deploy_ros/sp/src/plugins/navigation/src/NavigationNode.cpp: In member function ‚Äòvoid NavigationNode::OnSrvHomePoint(mind_os::ConstPtr<nav_srvs::NavPoint::Request>&, mind_os::Ptr<nav_srvs::NavPoint::Response>&)‚Äô:
/root/workspace/workspace/i18r_g2_deploy_ros/sp/src/plugins/navigation/src/NavigationNode.cpp:602:20: error: ‚Äòusing element_type = class PathPlanning::Nav {aka class PathPlanning::Nav}‚Äô has no member named ‚ÄòSetHomePoint‚Äô
         if (!ctrl->SetHomePoint(request->x, request->y, request->theta))
                    ^~~~~~~~~~~~
/root/workspace/workspace/i18r_g2_deploy_ros/sp/src/plugins/navigation/src/NavigationNode.cpp: In member function ‚Äòvoid NavigationNode::OnSrvSetUltraEnable(mind_os::ConstPtr<nav_srvs::NavSetEnable::Request>&, mind_os::Ptr<nav_srvs::NavSetEnable::Response>&)‚Äô:
/root/workspace/workspace/i18r_g2_deploy_ros/sp/src/plugins/navigation/src/NavigationNode.cpp:623:20: error: ‚Äòusing element_type = class PathPlanning::Nav {aka class PathPlanning::Nav}‚Äô has no member named ‚ÄòSetUltraEnable‚Äô; did you mean ‚ÄòSetUltra‚Äô?
         if (!ctrl->SetUltraEnable(request->enable))
                    ^~~~~~~~~~~~~~
                    SetUltra
/root/workspace/workspace/i18r_g2_deploy_ros/sp/src/plugins/navigation/src/NavigationNode.cpp: In member function ‚Äòvoid NavigationNode::OnSrvSetCliffEnable(mind_os::ConstPtr<nav_srvs::NavSetEnable::Request>&, mind_os::Ptr<nav_srvs::NavSetEnable::Response>&)‚Äô:
/root/workspace/workspace/i18r_g2_deploy_ros/sp/src/plugins/navigation/src/NavigationNode.cpp:644:20: error: ‚Äòusing element_type = class PathPlanning::Nav {aka class PathPlanning::Nav}‚Äô has no member named ‚ÄòSetCliffEnable‚Äô; did you mean ‚ÄòSetCliff‚Äô?
         if (!ctrl->SetCliffEnable(request->enable))
                    ^~~~~~~~~~~~~~
                    SetCliff
/root/workspace/workspace/i18r_g2_deploy_ros/sp/src/plugins/navigation/src/NavigationNode.cpp: In member function ‚Äòvoid NavigationNode::OnSrvSetEscalatorEnable(mind_os::ConstPtr<nav_srvs::NavSetEnable::Request>&, mind_os::Ptr<nav_srvs::NavSetEnable::Response>&)‚Äô:
/root/workspace/workspace/i18r_g2_deploy_ros/sp/src/plugins/navigation/src/NavigationNode.cpp:665:20: error: ‚Äòusing element_type = class PathPlanning::Nav {aka class PathPlanning::Nav}‚Äô has no member named ‚ÄòSetLiftEnable‚Äô
         if (!ctrl->SetLiftEnable(request->enable))
                    ^~~~~~~~~~~~~
/root/workspace/workspace/i18r_g2_deploy_ros/sp/src/plugins/navigation/src/NavigationNode.cpp: In member function ‚Äòvoid NavigationNode::OnSrvAutoCleanPro(mind_os::ConstPtr<nav_srvs::NavCleanProperty::Request>&, mind_os::Ptr<nav_srvs::NavCleanProperty::Response>&)‚Äô:
/root/workspace/workspace/i18r_g2_deploy_ros/sp/src/plugins/navigation/src/NavigationNode.cpp:686:20: error: ‚Äòusing element_type = class PathPlanning::Nav {aka class PathPlanning::Nav}‚Äô has no member named ‚ÄòSetAutoCleanProperty‚Äô; did you mean ‚ÄòSetLoopCleanPath‚Äô?
         if (!ctrl->SetAutoCleanProperty(request->property))
                    ^~~~~~~~~~~~~~~~~~~~
                    SetLoopCleanPath
/root/workspace/workspace/i18r_g2_deploy_ros/sp/src/plugins/navigation/src/NavigationNode.cpp: In member function ‚Äòvoid NavigationNode::OnSrvTrainCleanPro(mind_os::ConstPtr<nav_srvs::NavCleanProperty::Request>&, mind_os::Ptr<nav_srvs::NavCleanProperty::Response>&)‚Äô:
/root/workspace/workspace/i18r_g2_deploy_ros/sp/src/plugins/navigation/src/NavigationNode.cpp:707:20: error: ‚Äòusing element_type = class PathPlanning::Nav {aka class PathPlanning::Nav}‚Äô has no member named ‚ÄòSetTrCleanProperty‚Äô
         if (!ctrl->SetTrCleanProperty(request->property))
                    ^~~~~~~~~~~~~~~~~~
/root/workspace/workspace/i18r_g2_deploy_ros/sp/src/plugins/navigation/src/NavigationNode.cpp: In member function ‚Äòvoid NavigationNode::OnSrvNarrowCheck(mind_os::ConstPtr<nav_srvs::NavPoses::Request>&, mind_os::Ptr<nav_srvs::NavPoses::Response>&)‚Äô:
/root/workspace/workspace/i18r_g2_deploy_ros/sp/src/plugins/navigation/src/NavigationNode.cpp:729:20: error: ‚Äòusing element_type = class PathPlanning::Nav {aka class PathPlanning::Nav}‚Äô has no member named ‚ÄòNarrowCheck‚Äô
         if (!ctrl->NarrowCheck(vPt))
                    ^~~~~~~~~~~
/root/workspace/workspace/i18r_g2_deploy_ros/sp/src/plugins/navigation/src/NavigationNode.cpp: In member function ‚Äòvoid NavigationNode::OnSrvBackCharging(mind_os::ConstPtr<nav_srvs::NavBackCharging::Request>&, mind_os::Ptr<nav_srvs::NavBackCharging::Response>&)‚Äô:
/root/workspace/workspace/i18r_g2_deploy_ros/sp/src/plugins/navigation/src/NavigationNode.cpp:750:20: error: ‚Äòusing element_type = class PathPlanning::Nav {aka class PathPlanning::Nav}‚Äô has no member named ‚ÄòSetBackCharging‚Äô
         if (!ctrl->SetBackCharging())
                    ^~~~~~~~~~~~~~~
/root/workspace/workspace/i18r_g2_deploy_ros/sp/src/plugins/navigation/src/NavigationNode.cpp: In member function ‚Äòvoid NavigationNode::OnSrvBackChargingResume(mind_os::ConstPtr<nav_srvs::NavBackCharging::Request>&, mind_os::Ptr<nav_srvs::NavBackCharging::Response>&)‚Äô:
/root/workspace/workspace/i18r_g2_deploy_ros/sp/src/plugins/navigation/src/NavigationNode.cpp:771:20: error: ‚Äòusing element_type = class PathPlanning::Nav {aka class PathPlanning::Nav}‚Äô has no member named ‚ÄòSetBackChargingResume‚Äô
         if (!ctrl->SetBackChargingResume())
                    ^~~~~~~~~~~~~~~~~~~~~
/root/workspace/workspace/i18r_g2_deploy_ros/sp/src/plugins/navigation/src/NavigationNode.cpp: In member function ‚Äòvoid NavigationNode::OnSrvLiftRadius(mind_os::ConstPtr<nav_srvs::NavSetRadius::Request>&, mind_os::Ptr<nav_srvs::NavSetRadius::Response>&)‚Äô:
/root/workspace/workspace/i18r_g2_deploy_ros/sp/src/plugins/navigation/src/NavigationNode.cpp:792:20: error: ‚Äòusing element_type = class PathPlanning::Nav {aka class PathPlanning::Nav}‚Äô has no member named ‚ÄòSetLiftInflationRadius‚Äô
         if (!ctrl->SetLiftInflationRadius(request->radius))
                    ^~~~~~~~~~~~~~~~~~~~~~
/root/workspace/workspace/i18r_g2_deploy_ros/sp/src/plugins/navigation/src/NavigationNode.cpp: In member function ‚Äòvoid NavigationNode::OnSrvVirtualWallRadius(mind_os::ConstPtr<nav_srvs::NavSetVWallRadius::Request>&, mind_os::Ptr<nav_srvs::NavSetVWallRadius::Response>&)‚Äô:
/root/workspace/workspace/i18r_g2_deploy_ros/sp/src/plugins/navigation/src/NavigationNode.cpp:813:20: error: ‚Äòusing element_type = class PathPlanning::Nav {aka class PathPlanning::Nav}‚Äô has no member named ‚ÄòSetVirtualWallInflationRadius‚Äô
         if (!ctrl->SetVirtualWallInflationRadius(request->radius, request->mode))
                    ^~~~~~~~~~~~~~~~~~~~~~~~~~~~~
/root/workspace/workspace/i18r_g2_deploy_ros/sp/src/plugins/navigation/src/NavigationNode.cpp: In member function ‚Äòvoid NavigationNode::OnSrvSaveButton(mind_os::ConstPtr<nav_srvs::NavSaveBtn::Request>&, mind_os::Ptr<nav_srvs::NavSaveBtn::Response>&)‚Äô:
/root/workspace/workspace/i18r_g2_deploy_ros/sp/src/plugins/navigation/src/NavigationNode.cpp:834:20: error: ‚Äòusing element_type = class PathPlanning::Nav {aka class PathPlanning::Nav}‚Äô has no member named ‚ÄòSetClickSaveButton‚Äô
         if (!ctrl->SetClickSaveButton())
                    ^~~~~~~~~~~~~~~~~~
/root/workspace/workspace/i18r_g2_deploy_ros/sp/src/plugins/navigation/src/NavigationNode.cpp: In member function ‚Äòvoid NavigationNode::OnSrvVelocity(mind_os::ConstPtr<nav_srvs::NavVelocity::Request>&, mind_os::Ptr<nav_srvs::NavVelocity::Response>&)‚Äô:
/root/workspace/workspace/i18r_g2_deploy_ros/sp/src/plugins/navigation/src/NavigationNode.cpp:855:20: error: ‚Äòusing element_type = class PathPlanning::Nav {aka class PathPlanning::Nav}‚Äô has no member named ‚ÄòSetConfigVelocity‚Äô; did you mean ‚ÄòSetVelocity‚Äô?
         if (!ctrl->SetConfigVelocity(request->normalMaxVel, request->sportMaxVel, request->backVel))
                    ^~~~~~~~~~~~~~~~~
                    SetVelocity
/root/workspace/workspace/i18r_g2_deploy_ros/sp/src/plugins/navigation/src/NavigationNode.cpp: In member function ‚Äòvoid NavigationNode::OnSlamResault(mind_os::ConstPtr<swr::slam_types::SlamResultNew>&)‚Äô:
/root/workspace/workspace/i18r_g2_deploy_ros/sp/src/plugins/navigation/src/NavigationNode.cpp:875:108: error: no matching function for call to ‚ÄòPathPlanning::Nav::SetSlamResault(std::__shared_ptr<const swr::slam_types::SlamResultNew, (__gnu_cxx::_Lock_policy)2>::element_type&)‚Äô
     void OnSlamResault(mind_os::ConstPtr<slam_types::SlamResultNew>& msg) { ctrl->SetSlamResault(*msg.get()); }
                                                                                                            ^
In file included from /root/workspace/workspace/i18r_g2_deploy_ros/sp/src/plugins/navigation/src/NavigationNode.cpp:6:0:
/root/workspace/workspace/i18r_g2_deploy_ros/sp/submodules/I18RNavigationSubmodule/arm64/include/clean_robot/nav.h:140:18: note: candidate: virtual void PathPlanning::Nav::SetSlamResault(const swr::slam_types::SlamResult&)
     virtual void SetSlamResault(const swr::slam_types::SlamResult &_slam_result) = 0;
                  ^~~~~~~~~~~~~~
/root/workspace/workspace/i18r_g2_deploy_ros/sp/submodules/I18RNavigationSubmodule/arm64/include/clean_robot/nav.h:140:18: note:   no known conversion for argument 1 from ‚Äòstd::__shared_ptr<const swr::slam_types::SlamResultNew, (__gnu_cxx::_Lock_policy)2>::element_type {aka const swr::slam_types::SlamResultNew}‚Äô to ‚Äòconst swr::slam_types::SlamResult&‚Äô
/root/workspace/workspace/i18r_g2_deploy_ros/sp/src/plugins/navigation/src/NavigationNode.cpp: In member function ‚Äòvoid NavigationNode::OnPointCloud(mind_os::ConstPtr<swr::sensor_types::PointCloud>&)‚Äô:
/root/workspace/workspace/i18r_g2_deploy_ros/sp/src/plugins/navigation/src/NavigationNode.cpp:881:15: error: ‚Äòusing element_type = class PathPlanning::Nav {aka class PathPlanning::Nav}‚Äô has no member named ‚ÄòSetEdgePointCloud‚Äô
         ctrl->SetEdgePointCloud(msg->header.flag, msg);
               ^~~~~~~~~~~~~~~~~
/root/workspace/workspace/i18r_g2_deploy_ros/sp/src/plugins/navigation/src/NavigationNode.cpp: In member function ‚Äòvoid NavigationNode::OnLiftOb(mind_os::ConstPtr<swr::dl::SenmaticMap>&)‚Äô:
/root/workspace/workspace/i18r_g2_deploy_ros/sp/src/plugins/navigation/src/NavigationNode.cpp:904:68: error: ‚Äòusing element_type = class PathPlanning::Nav {aka class PathPlanning::Nav}‚Äô has no member named ‚ÄòSetLiftOb‚Äô
     void OnLiftOb(mind_os::ConstPtr<dl::SenmaticMap>& msg) { ctrl->SetLiftOb(*msg.get()); }
                                                                    ^~~~~~~~~
/root/workspace/workspace/i18r_g2_deploy_ros/sp/src/plugins/navigation/src/NavigationNode.cpp: In member function ‚Äòvoid NavigationNode::OnCleanEvent(mind_os::ConstPtr<swr::sensor_types::CleanEvent>&)‚Äô:
/root/workspace/workspace/i18r_g2_deploy_ros/sp/src/plugins/navigation/src/NavigationNode.cpp:906:81: error: ‚Äòusing element_type = class PathPlanning::Nav {aka class PathPlanning::Nav}‚Äô has no member named ‚ÄòSetCleanEquipmentStatus‚Äô
     void OnCleanEvent(mind_os::ConstPtr<sensor_types::CleanEvent>& msg) { ctrl->SetCleanEquipmentStatus(*msg.get()); }
                                                                                 ^~~~~~~~~~~~~~~~~~~~~~~
/root/workspace/workspace/i18r_g2_deploy_ros/sp/src/plugins/navigation/src/NavigationNode.cpp: In member function ‚Äòvoid NavigationNode::OnErrorMessage(mind_os::ConstPtr<swr::error_types::ErrorEvent>&)‚Äô:
/root/workspace/workspace/i18r_g2_deploy_ros/sp/src/plugins/navigation/src/NavigationNode.cpp:913:40: error: no matching function for call to ‚ÄòPathPlanning::Nav::SubScribeErrorInfo(swr::error_types::ErrorMessage&)‚Äô
         ctrl->SubScribeErrorInfo(errMsg);
                                        ^
In file included from /root/workspace/workspace/i18r_g2_deploy_ros/sp/src/plugins/navigation/src/NavigationNode.cpp:6:0:
/root/workspace/workspace/i18r_g2_deploy_ros/sp/submodules/I18RNavigationSubmodule/arm64/include/clean_robot/nav.h:184:26: note: candidate: virtual uint8_t PathPlanning::Nav::SubScribeErrorInfo(const swr::base_types::ErrorInfo&)
     virtual std::uint8_t SubScribeErrorInfo(const swr::base_types::ErrorInfo &_error_info) = 0;
                          ^~~~~~~~~~~~~~~~~~
/root/workspace/workspace/i18r_g2_deploy_ros/sp/submodules/I18RNavigationSubmodule/arm64/include/clean_robot/nav.h:184:26: note:   no known conversion for argument 1 from ‚Äòswr::error_types::ErrorMessage‚Äô to ‚Äòconst swr::base_types::ErrorInfo&‚Äô
src/plugins/navigation/CMakeFiles/navigation_plugin.dir/build.make:62: recipe for target 'src/plugins/navigation/CMakeFiles/navigation_plugin.dir/src/NavigationNode.cpp.o' failed
make[2]: *** [src/plugins/navigation/CMakeFiles/navigation_plugin.dir/src/NavigationNode.cpp.o] Error 1
CMakeFiles/Makefile2:85: recipe for target 'src/plugins/navigation/CMakeFiles/navigation_plugin.dir/all' failed
make[1]: *** [src/plugins/navigation/CMakeFiles/navigation_plugin.dir/all] Error 2
Makefile:83: recipe for target 'all' failed
make: *** [all] Error 2
Build step 'Execute shell' marked build as failure
Finished: FAILURE
