Started by user [8mha:////4GZLdJ3zYVtTaCml8iVum++M0lnTj7l+sRg8SaQVn3p2AAAAlR+LCAAAAAAAAP9b85aBtbiIQTGjNKU4P08vOT+vOD8nVc83PyU1x6OyILUoJzMv2y+/JJUBAhiZGBgqihhk0NSjKDWzXb3RdlLBUSYGJk8GtpzUvPSSDB8G5tKinBIGIZ+sxLJE/ZzEvHT94JKizLx0a6BxUmjGOUNodHsLgAy+EgZO/dLi1CL98uJiAKhZb0u+AAAA[0mwangshuaishuai
Rebuilds build #[8mha:////4HQwX7QH29w2v2TWIVHLClR7UxKtvV56YzZtaldh8mcnAAAAqx+LCAAAAAAAAP9b85aBtbiIQTGjNKU4P08vOT+vOD8nVc83PyU1x6OyILUoJzMv2y+/JJUBAhiZGBgqihhk0NSjKDWzXb3RdlLBUSYGJk8GtpzUvPSSDB8G5tKinBIGIZ+sxLJE/ZzEvHT94JKizLx0a6BxUmjGOUNodHsLQIwSBkX9sszUcv2i/GL9rPwk/fTUoqJKXSBPNzc1Jz8lM1nfDABnpJi+1gAAAA==[0m6
Running as SYSTEM
Building remotely on [8mha:////4JiinonVqRVUq+0157MFNdoHlSrLzLyDeg8j8rfRwRzcAAAAmx+LCAAAAAAAAP9b85aBtbiIQTGjNKU4P08vOT+vOD8nVc83PyU1x6OyILUoJzMv2y+/JJUBAhiZGBgqihhk0NSjKDWzXb3RdlLBUSYGJk8GtpzUvPSSDB8G5tKinBIGIZ+sxLJE/ZzEvHT94JKizLx0a6BxUmjGOUNodHsLgAzWEgZ+/eT83ILSktQi/WRjUzMzABiYJ1zEAAAA[0mc3566 (car8) in workspace /root/workspace/workspace/gerry-ros-melodic
[WS-CLEANUP] Deleting project workspace...
[WS-CLEANUP] Deferred wipeout is used...
[WS-CLEANUP] Done
[gerry-ros-melodic] $ /bin/sh -xe /tmp/jenkins5210135538949106142.sh
+ bash -ex /root/myscript/build/build.sh
+++ dirname /root/myscript/build/build.sh
++ cd /root/myscript/build
++ pwd
+ project_path=/root/myscript/build
+ . /root/myscript/build/../sh/cmdb
++ set -x
++ export MYSQL_PWD=123
++ MYSQL_PWD=123
++ export -f cmdb_mysql
+ . /root/myscript/build/../sh/version-update.sh
++ . /root/.bashrc
+++ '[' -z '' ']'
+++ return
+ set -ex
+ export -f public_project_update
+ export -f project_build
+ init_project_env
++ date +%Y%m%d
+ DT=20240727
+ UserName=jenkins
+ API_TOKEN=11b65309c9835de9579d9c9038853d9eb7
+ GIT_PRIVATE_TOKEN=emEDrsaJVjxKK5gSWrf-
+ GIT_HOST=192.168.50.191
++ echo wukong/integration/navigation
++ awk -F/ '{print $1"%2F"$2}'
+ CONVERT_TARGET_PROJECT=wukong%2Fintegration
++ python -c 'import sys, json; print(json.load(sys.stdin)["id"])'
++ curl -XGET -H 'Content-Type: application/json' --header 'PRIVATE-TOKEN: emEDrsaJVjxKK5gSWrf-' http://192.168.50.191:85/api/v4/projects/wukong%2Fintegration
  % Total    % Received % Xferd  Average Speed   Time    Time     Time  Current
                                 Dload  Upload   Total   Spent    Left  Speed
  0     0    0     0    0     0      0      0 --:--:-- --:--:-- --:--:--     0100    35  100    35    0     0    700      0 --:--:-- --:--:-- --:--:--   700
Traceback (most recent call last):
  File "<string>", line 1, in <module>
KeyError: 'id'
+ SUB_PROJECT_ID=
+ true
+ '[' -z ']'
+ SOURCE_DIR=/root/workspace/workspace/gerry-ros-melodic/TCLNAV
+ TARGET_DIR=/root/workspace/workspace/gerry-ros-melodic/navigation
+ prepare_env
++ uname -m
+ system_platform=aarch64
+ :
++ cat /proc/cpuinfo
++ grep processor
++ uniq
++ sort
++ wc -l
+ mt=-j4
+ export COMMIT_ID_FILE=/root/workspace/workspace/gerry-ros-melodic/_last_build_id
+ COMMIT_ID_FILE=/root/workspace/workspace/gerry-ros-melodic/_last_build_id
+ export COMMIT_MSG_FILE=/root/workspace/workspace/gerry-ros-melodic/_commit-msg
+ COMMIT_MSG_FILE=/root/workspace/workspace/gerry-ros-melodic/_commit-msg
+ export COMMIT_MSG_FILE_TMP=/root/workspace/workspace/gerry-ros-melodic/_commit-msg.tmp
+ COMMIT_MSG_FILE_TMP=/root/workspace/workspace/gerry-ros-melodic/_commit-msg.tmp
+ rm -f /root/workspace/workspace/gerry-ros-melodic/_last_build_id
+ rm -f /root/workspace/workspace/gerry-ros-melodic/_commit-msg
+ rm -f /root/workspace/workspace/gerry-ros-melodic/_commit-msg.tmp
+ rm -f /root/workspace/workspace/gerry-ros-melodic/result.log
+ rm -f /root/workspace/workspace/gerry-ros-melodic/no_code_change.log
+ sign_env
+ CONFIG_DIR_SET=/root/system
+ CONFIG_BRANCH=mind_os
+ CLONE_DEPTH=--depth=1
+ CONFIG_DIR=/root/system/i18rconfig
+ CONFIG_REMOTE='git clone ssh://git@192.168.50.191:222/AroundI18RProject/i18rconfig /root/system/i18rconfig -b mind_os --depth=1'
+ [[ aarch64 =~ x86_64 ]]
+ ENCRYPTION_TOOL=/root/system/i18rconfig/encrypt
+ CLONE_DEPTH=--depth=1
+ PUBLICBASETYPES_DIR=/root/system/I18RPublicBaseTypes
+ cmdb_mysql 'insert into prebuild(job_name,source_project,source_branch,target_project,target_branch,time,build_url,node_name,build_user) values ('\''gerry-ros-melodic'\'','\''guoboyang/TCLNAV'\'','\''compile_ros'\'','\''wukong/integration/navigation'\'','\''ros_melodic'\'',now(),'\''http://192.168.50.191:8088/job/gerry-ros-melodic/7/'\'','\''c3566'\'','\''wss'\'')'
+ set +x
+ DOCKER_CONTAINER_I18=build-x64-18.04
+ DOCKER_CONTAINER_RUBBY=c405
+ DOCKER_CONTAINER_RUBBY_INSIDE=c3566
+ DOCKER_CONTAINER_JAVA=node
+ JENKINS_JOB_A=mind
+ JENKINS_JOB_B=rbn
+ JENKINS_JOB_C=mark-check-tools
+ JENKINS_JOB_D=java
+ JENKINS_JOB_E=clean_recorder
+ JENKINS_JOB_F=i18r
+ JENKINS_JOB_G=nodejs
+ JENKINS_JOB_H=_ui
+ JENKINS_JOB_L=i12r
+ [[ gerry-ros-melodic =~ mind ]]
+ '[' true = false ']'
+ source_project_fetch
+ git clone ssh://git@192.168.50.191:222/guoboyang/TCLNAV -b compile_ros --depth=1
Cloning into 'TCLNAV'...
+ target_project_update
+ rm -rf /root/workspace/workspace/gerry-ros-melodic/navigation
+ target_project_fetch
+ git clone ssh://git@192.168.50.191:222/wukong/integration/navigation -b ros_melodic --depth=1
Cloning into 'navigation'...
+ insert_db
+ pushd /root/workspace/workspace/gerry-ros-melodic/TCLNAV
~/workspace/workspace/gerry-ros-melodic/TCLNAV ~/workspace/workspace/gerry-ros-melodic
++ cmdb_mysql 'SELECT first_commit_id FROM prebuild where source_project='\''guoboyang/TCLNAV'\'' and source_branch='\''compile_ros'\'' and target_project='\''wukong/integration/navigation'\'' and target_branch='\''ros_melodic'\'' and status='\''0'\'' and job_name='\''gerry-ros-melodic'\'' order by id desc limit 1;'
++ set +x
+ version='first_commit_id
0dd611f'
++ echo first_commit_id 0dd611f
++ awk -F ' ' '{print $2}'
+ version=0dd611f
++ git log -1 --pretty=format:%h
+ first_commit_id_now=91a5d8d
+ cmdb_mysql 'update prebuild set first_commit_id='\''91a5d8d'\'' where build_url='\''http://192.168.50.191:8088/job/gerry-ros-melodic/7/'\'';'
+ set +x
+ popd
~/workspace/workspace/gerry-ros-melodic
+ [[ aarch64 =~ x86_64 ]]
+ [[ gerry-ros-melodic =~ i18r ]]
+ project_build
+ pushd /root/workspace/workspace/gerry-ros-melodic/TCLNAV
~/workspace/workspace/gerry-ros-melodic/TCLNAV ~/workspace/workspace/gerry-ros-melodic
+ project_init_remote
++ find -type f -name sync_submodules.sh
+ sf=
+ '[' -z ']'
+ git submodule update --init --recursive
+ git submodule update --remote
+ sed -i 's/make -j[0-9].*/make -j4/g' compile_ros.sh
+ '[' -z ']'
+ '[' x91a5d8d == x0dd611f ']'
+ bash -ex compile_ros.sh
+ InstalldDir=./install
+ InstallbkDir=./installbk
+ InstallLibDir=./install/lib/arm64
+ InstallConfigDir=./install/config
+ '[' -d ./installbk ']'
+ '[-d' -d './install]'
compile_ros.sh: line 10: [-d: command not found
+ catkin_make -DCMAKE_BUILD_TYPE=Release
-- The C compiler identification is GNU 7.5.0
-- The CXX compiler identification is GNU 7.5.0
-- Detecting C compiler ABI info
-- Detecting C compiler ABI info - done
-- Check for working C compiler: /usr/bin/cc - skipped
-- Detecting C compile features
-- Detecting C compile features - done
-- Detecting CXX compiler ABI info
-- Detecting CXX compiler ABI info - done
-- Check for working CXX compiler: /usr/bin/c++ - skipped
-- Detecting CXX compile features
-- Detecting CXX compile features - done
-- Using CATKIN_DEVEL_PREFIX: /root/workspace/workspace/gerry-ros-melodic/TCLNAV/devel
-- Using CMAKE_PREFIX_PATH: /opt/ros/melodic
-- This workspace overlays: /opt/ros/melodic
-- Found PythonInterp: /usr/bin/python2 (found suitable version "2.7.17", minimum required is "2") 
-- Using PYTHON_EXECUTABLE: /usr/bin/python2
-- Using Debian Python package layout
-- Using empy: /usr/bin/empy
-- Using CATKIN_ENABLE_TESTING: ON
-- Call enable_testing()
-- Using CATKIN_TEST_RESULTS_DIR: /root/workspace/workspace/gerry-ros-melodic/TCLNAV/build/test_results
-- Found gtest sources under '/usr/src/googletest': gtests will be built
-- Found gmock sources under '/usr/src/googletest': gmock will be built
CMake Deprecation Warning at /usr/src/googletest/CMakeLists.txt:1 (cmake_minimum_required):
  Compatibility with CMake < 2.8.12 will be removed from a future version of
  CMake.

  Update the VERSION argument <min> value or use a ...<max> suffix to tell
  CMake that the project does not need compatibility with older versions.


CMake Deprecation Warning at /usr/src/googletest/googlemock/CMakeLists.txt:41 (cmake_minimum_required):
  Compatibility with CMake < 2.8.12 will be removed from a future version of
  CMake.

  Update the VERSION argument <min> value or use a ...<max> suffix to tell
  CMake that the project does not need compatibility with older versions.


CMake Deprecation Warning at /usr/src/googletest/googletest/CMakeLists.txt:48 (cmake_minimum_required):
  Compatibility with CMake < 2.8.12 will be removed from a future version of
  CMake.

  Update the VERSION argument <min> value or use a ...<max> suffix to tell
  CMake that the project does not need compatibility with older versions.


-- Found PythonInterp: /usr/bin/python2 (found version "2.7.17") 
-- Looking for pthread.h
-- Looking for pthread.h - found
-- Performing Test CMAKE_HAVE_LIBC_PTHREAD
-- Performing Test CMAKE_HAVE_LIBC_PTHREAD - Failed
-- Looking for pthread_create in pthreads
-- Looking for pthread_create in pthreads - not found
-- Looking for pthread_create in pthread
-- Looking for pthread_create in pthread - found
-- Found Threads: TRUE  
-- Using Python nosetests: /usr/bin/nosetests-2.7
-- catkin 0.7.29
-- BUILD_SHARED_LIBS is on
-- BUILD_SHARED_LIBS is on
-- ~~~~~~~~~~~~~~~~~~~~~~~~~~~~~~~~~~~~~~~~~~~~~~~~~
-- ~~  traversing 1 packages in topological order:
-- ~~  - rubbynav
-- ~~~~~~~~~~~~~~~~~~~~~~~~~~~~~~~~~~~~~~~~~~~~~~~~~
-- +++ processing catkin package: 'rubbynav'
-- ==> add_subdirectory(rubbynav)
-- Found OpenCV: /usr/local (found version "3.4.3") 
-- Found Boost: /usr/include (found version "1.65.1") found components: system thread serialization chrono date_time atomic 
-- Using these message generators: gencpp;geneus;genlisp;gennodejs;genpy
-- Configuring done
-- Generating done
-- Build files have been written to: /root/workspace/workspace/gerry-ros-melodic/TCLNAV/build
[  2%] Building CXX object rubbynav/CMakeFiles/nav_plugin.dir/module/common/DebugWithoutRos/UdpServer/UdpServer.cpp.o
[  2%] Building CXX object rubbynav/CMakeFiles/nav_plugin.dir/module/common/DebugWithoutRos/DebugWithoutRos.cpp.o
[  3%] Building CXX object rubbynav/CMakeFiles/nav_plugin.dir/module/common/DebugWithoutRos/debugDataProcess/MsgProcess.cpp.o
[  5%] Building CXX object rubbynav/CMakeFiles/nav_plugin.dir/module/common/Log/Log.cpp.o
[  6%] Building CXX object rubbynav/CMakeFiles/nav_plugin.dir/module/common/Map/Map.cpp.o
[  7%] Building CXX object rubbynav/CMakeFiles/nav_plugin.dir/module/common/Operation/Operation.cpp.o
[  8%] Building CXX object rubbynav/CMakeFiles/nav_plugin.dir/module/common/Operation/pedoperation.cpp.o
[ 10%] Building CXX object rubbynav/CMakeFiles/nav_plugin.dir/module/common/commonSDK/CommonSdk.cpp.o
[ 11%] Building CXX object rubbynav/CMakeFiles/nav_plugin.dir/module/hsm/src/hsmBuildMap.cpp.o
[ 12%] Building CXX object rubbynav/CMakeFiles/nav_plugin.dir/module/hsm/src/hsmCT.cpp.o
[ 13%] Building CXX object rubbynav/CMakeFiles/nav_plugin.dir/module/hsm/src/hsmEnterStation.cpp.o
[ 15%] Building CXX object rubbynav/CMakeFiles/nav_plugin.dir/module/hsm/src/hsmFindPedestrian.cpp.o
[ 16%] Building CXX object rubbynav/CMakeFiles/nav_plugin.dir/module/hsm/src/hsmManualControl.cpp.o
[ 17%] Building CXX object rubbynav/CMakeFiles/nav_plugin.dir/module/hsm/src/hsmNoWork.cpp.o
[ 18%] Building CXX object rubbynav/CMakeFiles/nav_plugin.dir/module/hsm/src/hsmP2P.cpp.o
[ 20%] Building CXX object rubbynav/CMakeFiles/nav_plugin.dir/module/hsm/src/hsmPartSearch.cpp.o
[ 21%] Building CXX object rubbynav/CMakeFiles/nav_plugin.dir/module/hsm/src/hsmRecharge.cpp.o
[ 22%] Building CXX object rubbynav/CMakeFiles/nav_plugin.dir/module/hsm/src/hsmRecovery.cpp.o
[ 23%] Building CXX object rubbynav/CMakeFiles/nav_plugin.dir/module/hsm/src/hsmToSemanticTarget.cpp.o
[ 25%] Building CXX object rubbynav/CMakeFiles/nav_plugin.dir/module/hsm/src/hsmTopLevel.cpp.o
[ 26%] Building CXX object rubbynav/CMakeFiles/nav_plugin.dir/module/motion/BasicAction/BasicAction.cpp.o
[ 27%] Building CXX object rubbynav/CMakeFiles/nav_plugin.dir/module/hsm/src/hsmVisitation.cpp.o
[ 28%] Building CXX object rubbynav/CMakeFiles/nav_plugin.dir/module/motion/Dock/dock.cpp.o
[ 30%] Building CXX object rubbynav/CMakeFiles/nav_plugin.dir/module/motion/Manual/ManualControl.cpp.o
[ 31%] Building CXX object rubbynav/CMakeFiles/nav_plugin.dir/module/motion/MapManage/MotionMapManage.cpp.o
[ 32%] Building CXX object rubbynav/CMakeFiles/nav_plugin.dir/module/motion/ObstacleAvoid/ObstacleAvoid.cpp.o
[ 33%] Building CXX object rubbynav/CMakeFiles/nav_plugin.dir/module/motion/OutDock/OutDock.cpp.o
[ 35%] Building CXX object rubbynav/CMakeFiles/nav_plugin.dir/module/motion/PathTrack/PathTrack.cpp.o
[ 36%] Building CXX object rubbynav/CMakeFiles/nav_plugin.dir/module/motion/PathTrackBow/PathTrackBow.cpp.o
[ 37%] Building CXX object rubbynav/CMakeFiles/nav_plugin.dir/module/motion/PathTrackMPPINav/src/collision_checker.cpp.o
[ 38%] Building CXX object rubbynav/CMakeFiles/nav_plugin.dir/module/motion/PathTrackMPPINav/src/critic_manager.cpp.o
[ 40%] Building CXX object rubbynav/CMakeFiles/nav_plugin.dir/module/motion/PathTrackMPPINav/src/critics/backward_critic.cpp.o
[ 41%] Building CXX object rubbynav/CMakeFiles/nav_plugin.dir/module/motion/PathTrackMPPINav/src/critics/constraint_critic.cpp.o
[ 42%] Building CXX object rubbynav/CMakeFiles/nav_plugin.dir/module/motion/PathTrackMPPINav/src/critics/dist_map_cost_critic.cpp.o
[ 43%] Building CXX object rubbynav/CMakeFiles/nav_plugin.dir/module/motion/PathTrackMPPINav/src/critics/goal_angle_critic.cpp.o
[ 45%] Building CXX object rubbynav/CMakeFiles/nav_plugin.dir/module/motion/PathTrackMPPINav/src/critics/goal_critic.cpp.o
[ 46%] Building CXX object rubbynav/CMakeFiles/nav_plugin.dir/module/motion/PathTrackMPPINav/src/critics/path_angle_align_critic.cpp.o
[ 47%] Building CXX object rubbynav/CMakeFiles/nav_plugin.dir/module/motion/PathTrackMPPINav/src/critics/path_follow_critic.cpp.o
[ 48%] Building CXX object rubbynav/CMakeFiles/nav_plugin.dir/module/motion/PathTrackMPPINav/src/critics/prefer_forward_critic.cpp.o
[ 50%] Building CXX object rubbynav/CMakeFiles/nav_plugin.dir/module/motion/PathTrackMPPINav/src/critics/twirling_critic.cpp.o
[ 51%] Building CXX object rubbynav/CMakeFiles/nav_plugin.dir/module/motion/PathTrackMPPINav/src/local_minima_detector.cpp.o
[ 52%] Building CXX object rubbynav/CMakeFiles/nav_plugin.dir/module/motion/PathTrackMPPINav/src/map_converter.cpp.o
[ 53%] Building CXX object rubbynav/CMakeFiles/nav_plugin.dir/module/motion/PathTrackMPPINav/src/mppi_config.cpp.o
[ 55%] Building CXX object rubbynav/CMakeFiles/nav_plugin.dir/module/motion/PathTrackMPPINav/src/mppi_local_planner.cpp.o
[ 56%] Building CXX object rubbynav/CMakeFiles/nav_plugin.dir/module/motion/PathTrackMPPINav/src/noise_generator.cpp.o
[ 57%] Building CXX object rubbynav/CMakeFiles/nav_plugin.dir/module/motion/PathTrackMPPINav/src/optimizer.cpp.o
[ 58%] Building CXX object rubbynav/CMakeFiles/nav_plugin.dir/module/motion/PathTrackMPPINav/src/path_handler.cpp.o
[ 60%] Building CXX object rubbynav/CMakeFiles/nav_plugin.dir/module/motion/PathTrackMPPINav/src/path_selector.cpp.o
[ 61%] Building CXX object rubbynav/CMakeFiles/nav_plugin.dir/module/motion/PathTrackMPPINav/src/rotation_controller.cpp.o
[ 62%] Building CXX object rubbynav/CMakeFiles/nav_plugin.dir/module/motion/PathTrackMPPINav/src/trajectory_visualizer.cpp.o
[ 63%] Building CXX object rubbynav/CMakeFiles/nav_plugin.dir/module/motion/PathTrackNav/PathTrackNav.cpp.o
[ 65%] Building CXX object rubbynav/CMakeFiles/nav_plugin.dir/module/motion/PathTrackSmoothNav/DWALocalPlanning.cpp.o
[ 66%] Building CXX object rubbynav/CMakeFiles/nav_plugin.dir/module/motion/PathTrackSmoothNav/NavLocalPathPlanning.cpp.o
[ 67%] Building CXX object rubbynav/CMakeFiles/nav_plugin.dir/module/motion/PathTrackSmoothNav/NavLocalPathTracking.cpp.o
[ 68%] Building CXX object rubbynav/CMakeFiles/nav_plugin.dir/module/motion/PathTrackSmoothNav/PathTrackSmoothNav.cpp.o
[ 70%] Building CXX object rubbynav/CMakeFiles/nav_plugin.dir/module/motion/PathTrackSmoothNav/VelocitySmoother.cpp.o
[ 71%] Building CXX object rubbynav/CMakeFiles/nav_plugin.dir/module/motion/Relocation/Relocation.cpp.o
[ 72%] Building CXX object rubbynav/CMakeFiles/nav_plugin.dir/module/motion/motionSDK/motionsdk.cpp.o
[ 73%] Building CXX object rubbynav/CMakeFiles/nav_plugin.dir/module/planning/Clean/CleanPath.cpp.o
[ 75%] Building CXX object rubbynav/CMakeFiles/nav_plugin.dir/module/planning/CleanBox/CleanBox.cpp.o
[ 76%] Building CXX object rubbynav/CMakeFiles/nav_plugin.dir/module/planning/MapManage/PlanningMapManage.cpp.o
[ 77%] Building CXX object rubbynav/CMakeFiles/nav_plugin.dir/module/planning/Nav/Nav.cpp.o
[ 78%] Building CXX object rubbynav/CMakeFiles/nav_plugin.dir/module/planning/Nav/aStar/aStar.cpp.o
[ 80%] Building CXX object rubbynav/CMakeFiles/nav_plugin.dir/module/planning/Nav/aStar/aStarNode.cpp.o
[ 81%] Building CXX object rubbynav/CMakeFiles/nav_plugin.dir/module/planning/Search/Search.cpp.o
[ 82%] Building CXX object rubbynav/CMakeFiles/nav_plugin.dir/module/planning/Segment/mergeroom.cpp.o
[ 83%] Building CXX object rubbynav/CMakeFiles/nav_plugin.dir/module/planning/Segment/rotator.cpp.o
[ 85%] Building CXX object rubbynav/CMakeFiles/nav_plugin.dir/module/planning/Segment/segment.cpp.o
[ 86%] Building CXX object rubbynav/CMakeFiles/nav_plugin.dir/module/planning/Segment/support/src/abstract_voronoi_segmentation.cpp.o
[ 87%] Building CXX object rubbynav/CMakeFiles/nav_plugin.dir/module/planning/Segment/support/src/contains.cpp.o
[ 88%] Building CXX object rubbynav/CMakeFiles/nav_plugin.dir/module/planning/Segment/support/src/distance_segmentation.cpp.o
[ 90%] Building CXX object rubbynav/CMakeFiles/nav_plugin.dir/module/planning/Segment/support/src/meanshift2d.cpp.o
[ 91%] Building CXX object rubbynav/CMakeFiles/nav_plugin.dir/module/planning/Segment/support/src/morphological_segmentation.cpp.o
[ 92%] Building CXX object rubbynav/CMakeFiles/nav_plugin.dir/module/planning/Segment/support/src/room_class.cpp.o
[ 93%] Building CXX object rubbynav/CMakeFiles/nav_plugin.dir/module/planning/Segment/support/src/voronoi_segmentation.cpp.o
[ 95%] Building CXX object rubbynav/CMakeFiles/nav_plugin.dir/module/planning/Segment/support/src/wavefront_region_growing.cpp.o
[ 96%] Building CXX object rubbynav/CMakeFiles/nav_plugin.dir/module/planning/planningSDK/planningsdk.cpp.o
[ 97%] Building CXX object rubbynav/CMakeFiles/nav_plugin.dir/src/LinkLayer.cpp.o
[ 98%] Building CXX object rubbynav/CMakeFiles/nav_plugin.dir/src/Navigation.cpp.o
In file included from /root/workspace/workspace/gerry-ros-melodic/TCLNAV/src/rubbynav/module/planning/planningSDK/planningsdk.cpp:1:0:
/root/workspace/workspace/gerry-ros-melodic/TCLNAV/src/rubbynav/module/planning/planningSDK/planningsdk.h:144:5: error: â€˜rosâ€™ does not name a type; did you mean â€˜cosâ€™?
     ros::Publisher publishGlobalPath;
     ^~~
     cos
/root/workspace/workspace/gerry-ros-melodic/TCLNAV/src/rubbynav/module/planning/planningSDK/planningsdk.h:145:5: error: â€˜rosâ€™ does not name a type; did you mean â€˜cosâ€™?
     ros::Publisher pubObservePersonPose;
     ^~~
     cos
/root/workspace/workspace/gerry-ros-melodic/TCLNAV/src/rubbynav/module/planning/planningSDK/planningsdk.h:146:5: error: â€˜rosâ€™ does not name a type; did you mean â€˜cosâ€™?
     ros::Publisher pubObserveVoicePose;
     ^~~
     cos
/root/workspace/workspace/gerry-ros-melodic/TCLNAV/src/rubbynav/module/planning/planningSDK/planningsdk.cpp: In member function â€˜bool PlanningSdk::planningInit(SensorInfo*, DataDown*)â€™:
/root/workspace/workspace/gerry-ros-melodic/TCLNAV/src/rubbynav/module/planning/planningSDK/planningsdk.cpp:34:5: error: â€˜rosâ€™ has not been declared
     ros::NodeHandle nh;
     ^~~
/root/workspace/workspace/gerry-ros-melodic/TCLNAV/src/rubbynav/module/planning/planningSDK/planningsdk.cpp:35:5: error: â€˜publishGlobalPathâ€™ was not declared in this scope
     publishGlobalPath = nh.advertise<nav_msgs::Path>("/planning_path", 10);
     ^~~~~~~~~~~~~~~~~
/root/workspace/workspace/gerry-ros-melodic/TCLNAV/src/rubbynav/module/planning/planningSDK/planningsdk.cpp:35:25: error: â€˜nhâ€™ was not declared in this scope
     publishGlobalPath = nh.advertise<nav_msgs::Path>("/planning_path", 10);
                         ^~
/root/workspace/workspace/gerry-ros-melodic/TCLNAV/src/rubbynav/module/planning/planningSDK/planningsdk.cpp:35:38: error: â€˜nav_msgsâ€™ has not been declared
     publishGlobalPath = nh.advertise<nav_msgs::Path>("/planning_path", 10);
                                      ^~~~~~~~
/root/workspace/workspace/gerry-ros-melodic/TCLNAV/src/rubbynav/module/planning/planningSDK/planningsdk.cpp:36:5: error: â€˜pubObservePersonPoseâ€™ was not declared in this scope
     pubObservePersonPose = nh.advertise<nav_msgs::Path>("/observe_person_pose", 1);
     ^~~~~~~~~~~~~~~~~~~~
/root/workspace/workspace/gerry-ros-melodic/TCLNAV/src/rubbynav/module/planning/planningSDK/planningsdk.cpp:36:5: note: suggested alternative: â€˜getObservePersonPoseâ€™
     pubObservePersonPose = nh.advertise<nav_msgs::Path>("/observe_person_pose", 1);
     ^~~~~~~~~~~~~~~~~~~~
     getObservePersonPose
/root/workspace/workspace/gerry-ros-melodic/TCLNAV/src/rubbynav/module/planning/planningSDK/planningsdk.cpp:36:41: error: â€˜nav_msgsâ€™ has not been declared
     pubObservePersonPose = nh.advertise<nav_msgs::Path>("/observe_person_pose", 1);
                                         ^~~~~~~~
/root/workspace/workspace/gerry-ros-melodic/TCLNAV/src/rubbynav/module/planning/planningSDK/planningsdk.cpp:37:5: error: â€˜pubObserveVoicePoseâ€™ was not declared in this scope
     pubObserveVoicePose = nh.advertise<nav_msgs::Path>("/observe_voice_pose", 1);
     ^~~~~~~~~~~~~~~~~~~
/root/workspace/workspace/gerry-ros-melodic/TCLNAV/src/rubbynav/module/planning/planningSDK/planningsdk.cpp:37:5: note: suggested alternative: â€˜getObserveVoicePoseâ€™
     pubObserveVoicePose = nh.advertise<nav_msgs::Path>("/observe_voice_pose", 1);
     ^~~~~~~~~~~~~~~~~~~
     getObserveVoicePose
/root/workspace/workspace/gerry-ros-melodic/TCLNAV/src/rubbynav/module/planning/planningSDK/planningsdk.cpp:37:40: error: â€˜nav_msgsâ€™ has not been declared
     pubObserveVoicePose = nh.advertise<nav_msgs::Path>("/observe_voice_pose", 1);
                                        ^~~~~~~~
/root/workspace/workspace/gerry-ros-melodic/TCLNAV/src/rubbynav/module/planning/planningSDK/planningsdk.cpp: In member function â€˜int PlanningSdk::Nav(const PoseStamped&, const PoseStamped&, std::vector<PoseStamped>&)â€™:
/root/workspace/workspace/gerry-ros-melodic/TCLNAV/src/rubbynav/module/planning/planningSDK/planningsdk.cpp:3404:9: error: â€˜nav_msgsâ€™ has not been declared
         nav_msgs::Path guiPath;
         ^~~~~~~~
/root/workspace/workspace/gerry-ros-melodic/TCLNAV/src/rubbynav/module/planning/planningSDK/planningsdk.cpp:3405:9: error: â€˜guiPathâ€™ was not declared in this scope
         guiPath.poses.resize(path.size());
         ^~~~~~~
/root/workspace/workspace/gerry-ros-melodic/TCLNAV/src/rubbynav/module/planning/planningSDK/planningsdk.cpp:3407:32: error: â€˜rosâ€™ has not been declared
         guiPath.header.stamp = ros::Time::now();
                                ^~~
/root/workspace/workspace/gerry-ros-melodic/TCLNAV/src/rubbynav/module/planning/planningSDK/planningsdk.cpp:3418:9: error: â€˜publishGlobalPathâ€™ was not declared in this scope
         publishGlobalPath.publish(guiPath);
         ^~~~~~~~~~~~~~~~~
/root/workspace/workspace/gerry-ros-melodic/TCLNAV/src/rubbynav/module/planning/planningSDK/planningsdk.cpp: In member function â€˜int PlanningSdk::getObservePersonPose(const PoseStamped&, const Point3d&, PoseStamped&)â€™:
/root/workspace/workspace/gerry-ros-melodic/TCLNAV/src/rubbynav/module/planning/planningSDK/planningsdk.cpp:6601:9: error: â€˜nav_msgsâ€™ has not been declared
         nav_msgs::Path guiPath;
         ^~~~~~~~
/root/workspace/workspace/gerry-ros-melodic/TCLNAV/src/rubbynav/module/planning/planningSDK/planningsdk.cpp:6602:9: error: â€˜guiPathâ€™ was not declared in this scope
         guiPath.poses.resize(1);
         ^~~~~~~
/root/workspace/workspace/gerry-ros-melodic/TCLNAV/src/rubbynav/module/planning/planningSDK/planningsdk.cpp:6604:32: error: â€˜rosâ€™ has not been declared
         guiPath.header.stamp = ros::Time::now();
                                ^~~
/root/workspace/workspace/gerry-ros-melodic/TCLNAV/src/rubbynav/module/planning/planningSDK/planningsdk.cpp:6615:9: error: â€˜pubObservePersonPoseâ€™ was not declared in this scope
         pubObservePersonPose.publish(guiPath);
         ^~~~~~~~~~~~~~~~~~~~
/root/workspace/workspace/gerry-ros-melodic/TCLNAV/src/rubbynav/module/planning/planningSDK/planningsdk.cpp:6615:9: note: suggested alternative: â€˜getObservePersonPoseâ€™
         pubObservePersonPose.publish(guiPath);
         ^~~~~~~~~~~~~~~~~~~~
         getObservePersonPose
/root/workspace/workspace/gerry-ros-melodic/TCLNAV/src/rubbynav/module/planning/planningSDK/planningsdk.cpp: In member function â€˜int PlanningSdk::getObserveVoicePose(const PoseStamped&, float, PoseStamped&)â€™:
/root/workspace/workspace/gerry-ros-melodic/TCLNAV/src/rubbynav/module/planning/planningSDK/planningsdk.cpp:6857:9: error: â€˜nav_msgsâ€™ has not been declared
         nav_msgs::Path guiPath;
         ^~~~~~~~
/root/workspace/workspace/gerry-ros-melodic/TCLNAV/src/rubbynav/module/planning/planningSDK/planningsdk.cpp:6858:9: error: â€˜guiPathâ€™ was not declared in this scope
         guiPath.poses.resize(1);
         ^~~~~~~
/root/workspace/workspace/gerry-ros-melodic/TCLNAV/src/rubbynav/module/planning/planningSDK/planningsdk.cpp:6860:32: error: â€˜rosâ€™ has not been declared
         guiPath.header.stamp = ros::Time::now();
                                ^~~
/root/workspace/workspace/gerry-ros-melodic/TCLNAV/src/rubbynav/module/planning/planningSDK/planningsdk.cpp:6871:9: error: â€˜pubObserveVoicePoseâ€™ was not declared in this scope
         pubObserveVoicePose.publish(guiPath);
         ^~~~~~~~~~~~~~~~~~~
/root/workspace/workspace/gerry-ros-melodic/TCLNAV/src/rubbynav/module/planning/planningSDK/planningsdk.cpp:6871:9: note: suggested alternative: â€˜getObserveVoicePoseâ€™
         pubObserveVoicePose.publish(guiPath);
         ^~~~~~~~~~~~~~~~~~~
         getObserveVoicePose
rubbynav/CMakeFiles/nav_plugin.dir/build.make:1139: recipe for target 'rubbynav/CMakeFiles/nav_plugin.dir/module/planning/planningSDK/planningsdk.cpp.o' failed
make[2]: *** [rubbynav/CMakeFiles/nav_plugin.dir/module/planning/planningSDK/planningsdk.cpp.o] Error 1
make[2]: *** Waiting for unfinished jobs....
CMakeFiles/Makefile2:1602: recipe for target 'rubbynav/CMakeFiles/nav_plugin.dir/all' failed
make[1]: *** [rubbynav/CMakeFiles/nav_plugin.dir/all] Error 2
Makefile:145: recipe for target 'all' failed
make: *** [all] Error 2
Base path: /root/workspace/workspace/gerry-ros-melodic/TCLNAV
Source space: /root/workspace/workspace/gerry-ros-melodic/TCLNAV/src
Build space: /root/workspace/workspace/gerry-ros-melodic/TCLNAV/build
Devel space: /root/workspace/workspace/gerry-ros-melodic/TCLNAV/devel
Install space: /root/workspace/workspace/gerry-ros-melodic/TCLNAV/install
####
#### Running command: "cmake /root/workspace/workspace/gerry-ros-melodic/TCLNAV/src -DCMAKE_BUILD_TYPE=Release -DCATKIN_DEVEL_PREFIX=/root/workspace/workspace/gerry-ros-melodic/TCLNAV/devel -DCMAKE_INSTALL_PREFIX=/root/workspace/workspace/gerry-ros-melodic/TCLNAV/install -G Unix Makefiles" in "/root/workspace/workspace/gerry-ros-melodic/TCLNAV/build"
####
####
#### Running command: "make -j4 -l4" in "/root/workspace/workspace/gerry-ros-melodic/TCLNAV/build"
####
Invoking "make -j4 -l4" failed
Build step 'Execute shell' marked build as failure
Finished: FAILURE
