Started by user [8mha:////4FF5KPHqJqbeIDeZ76doXUfMYV02a7OsuJCCP1lw3YyiAAAAmh+LCAAAAAAAAP9b85aBtbiIQTGjNKU4P08vOT+vOD8nVc83PyU1x6OyILUoJzMv2y+/JJUBAhiZGBgqihhk0NSjKDWzXb3RdlLBUSYGJk8GtpzUvPSSDB8G5tKinBIGIZ+sxLJE/ZzEvHT94JKizLx0a6BxUmjGOUNodHsLgAzmEgY+/dLi1CL9ytLkjNK01EwAfQFN6MMAAAA=[0mäºŽæ¥šé£ž
Rebuilds build #[8mha:////4EzJlHpiAWe14+HDJvbmJSmXZFOVmESzUb7m1+szqcvOAAAAsx+LCAAAAAAAAP9b85aBtbiIQTGjNKU4P08vOT+vOD8nVc83PyU1x6OyILUoJzMv2y+/JJUBAhiZGBgqihhk0NSjKDWzXb3RdlLBUSYGJk8GtpzUvPSSDB8G5tKinBIGIZ+sxLJE/ZzEvHT94JKizLx0a6BxUmjGOUNodHsLgAzmEgZ1/bLM1HL9lNSCkgz9rPwk/eTEtLTUovji1NzEvJLM5PjcxAJ9IxMDAKA4FobcAAAA[0m240
Running as SYSTEM
Building remotely on [8mha:////4JiinonVqRVUq+0157MFNdoHlSrLzLyDeg8j8rfRwRzcAAAAmx+LCAAAAAAAAP9b85aBtbiIQTGjNKU4P08vOT+vOD8nVc83PyU1x6OyILUoJzMv2y+/JJUBAhiZGBgqihhk0NSjKDWzXb3RdlLBUSYGJk8GtpzUvPSSDB8G5tKinBIGIZ+sxLJE/ZzEvHT94JKizLx0a6BxUmjGOUNodHsLgAzWEgZ+/eT83ILSktQi/WRjUzMzABiYJ1zEAAAA[0mc3566 (car8) in workspace /root/workspace/workspace/caffer_semantic_map
[WS-CLEANUP] Deleting project workspace...
[WS-CLEANUP] Deferred wipeout is used...
[WS-CLEANUP] Done
[caffer_semantic_map] $ /bin/sh -xe /tmp/jenkins8194041765587672477.sh
+ bash /root/myscript/build/build.sh
++ export MYSQL_PWD=123
++ MYSQL_PWD=123
++ export -f cmdb_mysql
+ . /root/myscript/build/../sh/version-update.sh
++ . /root/.bashrc
+++ '[' -z '' ']'
+++ return
+ set -ex
+ export -f public_project_update
+ export -f project_build
+ init_project_env
++ date +%Y%m%d
+ DT=20240605
+ UserName=jenkins
+ API_TOKEN=11b65309c9835de9579d9c9038853d9eb7
+ GIT_PRIVATE_TOKEN=emEDrsaJVjxKK5gSWrf-
+ GIT_HOST=192.168.50.191
++ echo abby/integration/semanticmap
++ awk -F/ '{print $1"%2F"$2}'
+ CONVERT_TARGET_PROJECT=abby%2Fintegration
++ curl -XGET -H 'Content-Type: application/json' --header 'PRIVATE-TOKEN: emEDrsaJVjxKK5gSWrf-' http://192.168.50.191:85/api/v4/projects/abby%2Fintegration
++ python -c 'import sys, json; print(json.load(sys.stdin)["id"])'
  % Total    % Received % Xferd  Average Speed   Time    Time     Time  Current
                                 Dload  Upload   Total   Spent    Left  Speed
  0     0    0     0    0     0      0      0 --:--:-- --:--:-- --:--:--     0100    35  100    35    0     0    760      0 --:--:-- --:--:-- --:--:--   760
Traceback (most recent call last):
  File "<string>", line 1, in <module>
KeyError: 'id'
+ SUB_PROJECT_ID=
+ true
+ '[' -z ']'
+ SOURCE_DIR=/root/workspace/workspace/caffer_semantic_map/SemanticMap
+ TARGET_DIR=/root/workspace/workspace/caffer_semantic_map/semanticmap
+ prepare_env
++ uname -m
+ system_platform=aarch64
+ :
++ cat /proc/cpuinfo
++ grep processor
++ sort
++ uniq
++ wc -l
+ mt=-j4
+ export COMMIT_ID_FILE=/root/workspace/workspace/caffer_semantic_map/_last_build_id
+ COMMIT_ID_FILE=/root/workspace/workspace/caffer_semantic_map/_last_build_id
+ export COMMIT_MSG_FILE=/root/workspace/workspace/caffer_semantic_map/_commit-msg
+ COMMIT_MSG_FILE=/root/workspace/workspace/caffer_semantic_map/_commit-msg
+ export COMMIT_MSG_FILE_TMP=/root/workspace/workspace/caffer_semantic_map/_commit-msg.tmp
+ COMMIT_MSG_FILE_TMP=/root/workspace/workspace/caffer_semantic_map/_commit-msg.tmp
+ rm -f /root/workspace/workspace/caffer_semantic_map/_last_build_id
+ rm -f /root/workspace/workspace/caffer_semantic_map/_commit-msg
+ rm -f /root/workspace/workspace/caffer_semantic_map/_commit-msg.tmp
+ rm -f /root/workspace/workspace/caffer_semantic_map/result.log
+ rm -f /root/workspace/workspace/caffer_semantic_map/no_code_change.log
+ sign_env
+ CONFIG_DIR_SET=/root/system
+ CONFIG_BRANCH=mind_os
+ CLONE_DEPTH=--depth=1
+ CONFIG_DIR=/root/system/i18rconfig
+ CONFIG_REMOTE='git clone ssh://git@192.168.50.191:222/AroundI18RProject/i18rconfig /root/system/i18rconfig -b mind_os --depth=1'
+ [[ aarch64 =~ x86_64 ]]
+ ENCRYPTION_TOOL=/root/system/i18rconfig/encrypt
+ CLONE_DEPTH=--depth=1
+ PUBLICBASETYPES_DIR=/root/system/I18RPublicBaseTypes
+ cmdb_mysql 'insert into prebuild(job_name,source_project,source_branch,target_project,target_branch,time,build_url,node_name,build_user) values ('\''caffer_semantic_map'\'','\''DepthModules/projects/SemanticMap'\'','\''alg_test'\'','\''abby/integration/semanticmap'\'','\''caffer'\'',now(),'\''http://192.168.50.191:8088/job/caffer_semantic_map/241/'\'','\''c3566'\'','\''yuchufei'\'')'
+ set +x
+ DOCKER_CONTAINER_I18=build-x64-18.04
+ DOCKER_CONTAINER_RUBBY=c405
+ DOCKER_CONTAINER_RUBBY_INSIDE=c3566
+ DOCKER_CONTAINER_JAVA=node
+ JENKINS_JOB_A=mind
+ JENKINS_JOB_B=rbn
+ JENKINS_JOB_C=mark-check-tools
+ JENKINS_JOB_D=java
+ JENKINS_JOB_E=clean_recorder
+ JENKINS_JOB_F=i18r
+ JENKINS_JOB_G=nodejs
+ JENKINS_JOB_H=_ui
+ JENKINS_JOB_L=i12r
+ [[ caffer_semantic_map =~ mind ]]
+ '[' true = false ']'
+ source_project_fetch
+ git clone ssh://git@192.168.50.191:222/DepthModules/projects/SemanticMap -b alg_test --depth=1
Cloning into 'SemanticMap'...
+ target_project_update
+ rm -rf /root/workspace/workspace/caffer_semantic_map/semanticmap
+ target_project_fetch
+ git clone ssh://git@192.168.50.191:222/abby/integration/semanticmap -b caffer --depth=1
Cloning into 'semanticmap'...
+ insert_db
+ pushd /root/workspace/workspace/caffer_semantic_map/SemanticMap
~/workspace/workspace/caffer_semantic_map/SemanticMap ~/workspace/workspace/caffer_semantic_map
++ cmdb_mysql 'SELECT first_commit_id FROM prebuild where source_project='\''DepthModules/projects/SemanticMap'\'' and source_branch='\''alg_test'\'' and target_project='\''abby/integration/semanticmap'\'' and target_branch='\''caffer'\'' and status='\''0'\'' and job_name='\''caffer_semantic_map'\'' order by id desc limit 1;'
++ set +x
+ version='first_commit_id
1525ce2'
++ echo first_commit_id 1525ce2
++ awk -F ' ' '{print $2}'
+ version=1525ce2
++ git log -1 --pretty=format:%h
+ first_commit_id_now=262cac2
+ cmdb_mysql 'update prebuild set first_commit_id='\''262cac2'\'' where build_url='\''http://192.168.50.191:8088/job/caffer_semantic_map/241/'\'';'
+ set +x
+ popd
~/workspace/workspace/caffer_semantic_map
+ [[ aarch64 =~ x86_64 ]]
+ [[ caffer_semantic_map =~ i18r ]]
+ project_build
+ pushd /root/workspace/workspace/caffer_semantic_map/SemanticMap
~/workspace/workspace/caffer_semantic_map/SemanticMap ~/workspace/workspace/caffer_semantic_map
+ project_init_remote
++ find -type f -name sync_submodules.sh
+ sf=
+ '[' -z ']'
+ git submodule update --init --recursive
Submodule 'submodules/abby_msg' (ssh://git@192.168.50.191:222/abby/source/abby_msg.git) registered for path 'submodules/abby_msg'
Cloning into '/root/workspace/workspace/caffer_semantic_map/SemanticMap/submodules/abby_msg'...
Submodule path 'submodules/abby_msg': checked out 'cf3b9ded761e8bbec159e6871e49f22cd075f598'
+ git submodule update --remote
+ sed -i 's/make -j[0-9].*/make -j4/g' scripts/compile.sh
+ '[' -z ']'
+ '[' x262cac2 == x1525ce2 ']'
+ bash -ex scripts/compile.sh
+ main
+ git submodule update --init --recursive
+ git submodule update --remote
++ GetProjectPath
++++ dirname scripts/compile.sh
+++ cd scripts
+++ pwd
++ local scriptsDir=/root/workspace/workspace/caffer_semantic_map/SemanticMap/scripts
+++ dirname /root/workspace/workspace/caffer_semantic_map/SemanticMap/scripts
++ echo /root/workspace/workspace/caffer_semantic_map/SemanticMap
+ local projectPath=/root/workspace/workspace/caffer_semantic_map/SemanticMap
+ cd /root/workspace/workspace/caffer_semantic_map/SemanticMap
+ mkdir build
+ true
+ cd build
+ cmake ..
-- The C compiler identification is GNU 7.5.0
-- The CXX compiler identification is GNU 7.5.0
-- Detecting C compiler ABI info
-- Detecting C compiler ABI info - done
-- Check for working C compiler: /usr/bin/cc - skipped
-- Detecting C compile features
-- Detecting C compile features - done
-- Detecting CXX compiler ABI info
-- Detecting CXX compiler ABI info - done
-- Check for working CXX compiler: /usr/bin/c++ - skipped
-- Detecting CXX compile features
-- Detecting CXX compile features - done
-- PCL_DIR=/root/workspace/workspace/caffer_semantic_map/SemanticMap/thirdparty/arm64/pcl
-- Checking for module 'eigen3'
--   Found eigen3, version 3.3.7
-- Found Eigen: /usr/local/include/eigen3 (Required is at least version "3.1") 
-- Eigen found (include: /usr/local/include/eigen3, version: 3.3.7)
-- Found Boost: /usr/include (found suitable version "1.65.1", minimum required is "1.55.0") found components: system filesystem date_time iostreams serialization regex 
-- Checking for module 'flann'
--   No package 'flann' found
-- Found FLANN: /root/workspace/workspace/caffer_semantic_map/SemanticMap/thirdparty/arm64/flann/lib/libflann.so  
** WARNING ** io features related to pcap will be disabled
** WARNING ** io features related to png will be disabled
CMake Warning (dev) at /usr/local/share/cmake-3.22/Modules/FindPackageHandleStandardArgs.cmake:438 (message):
  The package name passed to `find_package_handle_standard_args` (libusb-1.0)
  does not match the name of the calling package (PCL).  This can lead to
  problems in calling code that expects `find_package` result variables
  (e.g., `_FOUND`) to follow a certain pattern.
Call Stack (most recent call first):
  thirdparty/arm64/pcl/share/pcl-1.10/PCLConfig.cmake:278 (find_package_handle_standard_args)
  thirdparty/arm64/pcl/share/pcl-1.10/PCLConfig.cmake:325 (find_libusb)
  thirdparty/arm64/pcl/share/pcl-1.10/PCLConfig.cmake:521 (find_external_library)
  CMakeLists.txt:29 (find_package)
This warning is for project developers.  Use -Wno-dev to suppress it.

-- LIBUSB_1_LIBRARY (missing: LIBUSB_1_INCLUDE_DIR) 
** WARNING ** io features related to libusb-1.0 will be disabled
-- Found Qhull: /root/workspace/workspace/caffer_semantic_map/SemanticMap/thirdparty/arm64/qhull/lib/*.so  
-- QHULL found (include: /root/workspace/workspace/caffer_semantic_map/SemanticMap/thirdparty/arm64/qhull/include, lib: /root/workspace/workspace/caffer_semantic_map/SemanticMap/thirdparty/arm64/qhull/lib/*.so)
-- looking for PCL_COMMON
CMake Warning (dev) at /usr/local/share/cmake-3.22/Modules/FindPackageHandleStandardArgs.cmake:438 (message):
  The package name passed to `find_package_handle_standard_args` (PCL_COMMON)
  does not match the name of the calling package (PCL).  This can lead to
  problems in calling code that expects `find_package` result variables
  (e.g., `_FOUND`) to follow a certain pattern.
Call Stack (most recent call first):
  thirdparty/arm64/pcl/share/pcl-1.10/PCLConfig.cmake:589 (find_package_handle_standard_args)
  CMakeLists.txt:29 (find_package)
This warning is for project developers.  Use -Wno-dev to suppress it.

-- Found PCL_COMMON: /root/workspace/workspace/caffer_semantic_map/SemanticMap/thirdparty/arm64/pcl/lib/libpcl_common.so  
-- looking for PCL_KDTREE
CMake Warning (dev) at /usr/local/share/cmake-3.22/Modules/FindPackageHandleStandardArgs.cmake:438 (message):
  The package name passed to `find_package_handle_standard_args` (PCL_KDTREE)
  does not match the name of the calling package (PCL).  This can lead to
  problems in calling code that expects `find_package` result variables
  (e.g., `_FOUND`) to follow a certain pattern.
Call Stack (most recent call first):
  thirdparty/arm64/pcl/share/pcl-1.10/PCLConfig.cmake:589 (find_package_handle_standard_args)
  CMakeLists.txt:29 (find_package)
This warning is for project developers.  Use -Wno-dev to suppress it.

-- Found PCL_KDTREE: /root/workspace/workspace/caffer_semantic_map/SemanticMap/thirdparty/arm64/pcl/lib/libpcl_kdtree.so  
-- looking for PCL_OCTREE
CMake Warning (dev) at /usr/local/share/cmake-3.22/Modules/FindPackageHandleStandardArgs.cmake:438 (message):
  The package name passed to `find_package_handle_standard_args` (PCL_OCTREE)
  does not match the name of the calling package (PCL).  This can lead to
  problems in calling code that expects `find_package` result variables
  (e.g., `_FOUND`) to follow a certain pattern.
Call Stack (most recent call first):
  thirdparty/arm64/pcl/share/pcl-1.10/PCLConfig.cmake:589 (find_package_handle_standard_args)
  CMakeLists.txt:29 (find_package)
This warning is for project developers.  Use -Wno-dev to suppress it.

-- Found PCL_OCTREE: /root/workspace/workspace/caffer_semantic_map/SemanticMap/thirdparty/arm64/pcl/lib/libpcl_octree.so  
-- looking for PCL_SEARCH
CMake Warning (dev) at /usr/local/share/cmake-3.22/Modules/FindPackageHandleStandardArgs.cmake:438 (message):
  The package name passed to `find_package_handle_standard_args` (PCL_SEARCH)
  does not match the name of the calling package (PCL).  This can lead to
  problems in calling code that expects `find_package` result variables
  (e.g., `_FOUND`) to follow a certain pattern.
Call Stack (most recent call first):
  thirdparty/arm64/pcl/share/pcl-1.10/PCLConfig.cmake:589 (find_package_handle_standard_args)
  CMakeLists.txt:29 (find_package)
This warning is for project developers.  Use -Wno-dev to suppress it.

-- Found PCL_SEARCH: /root/workspace/workspace/caffer_semantic_map/SemanticMap/thirdparty/arm64/pcl/lib/libpcl_search.so  
-- looking for PCL_SAMPLE_CONSENSUS
CMake Warning (dev) at /usr/local/share/cmake-3.22/Modules/FindPackageHandleStandardArgs.cmake:438 (message):
  The package name passed to `find_package_handle_standard_args`
  (PCL_SAMPLE_CONSENSUS) does not match the name of the calling package
  (PCL).  This can lead to problems in calling code that expects
  `find_package` result variables (e.g., `_FOUND`) to follow a certain
  pattern.
Call Stack (most recent call first):
  thirdparty/arm64/pcl/share/pcl-1.10/PCLConfig.cmake:589 (find_package_handle_standard_args)
  CMakeLists.txt:29 (find_package)
This warning is for project developers.  Use -Wno-dev to suppress it.

-- Found PCL_SAMPLE_CONSENSUS: /root/workspace/workspace/caffer_semantic_map/SemanticMap/thirdparty/arm64/pcl/lib/libpcl_sample_consensus.so  
-- looking for PCL_FILTERS
CMake Warning (dev) at /usr/local/share/cmake-3.22/Modules/FindPackageHandleStandardArgs.cmake:438 (message):
  The package name passed to `find_package_handle_standard_args`
  (PCL_FILTERS) does not match the name of the calling package (PCL).  This
  can lead to problems in calling code that expects `find_package` result
  variables (e.g., `_FOUND`) to follow a certain pattern.
Call Stack (most recent call first):
  thirdparty/arm64/pcl/share/pcl-1.10/PCLConfig.cmake:589 (find_package_handle_standard_args)
  CMakeLists.txt:29 (find_package)
This warning is for project developers.  Use -Wno-dev to suppress it.

-- Found PCL_FILTERS: /root/workspace/workspace/caffer_semantic_map/SemanticMap/thirdparty/arm64/pcl/lib/libpcl_filters.so  
-- looking for PCL_2D
CMake Warning (dev) at /usr/local/share/cmake-3.22/Modules/FindPackageHandleStandardArgs.cmake:438 (message):
  The package name passed to `find_package_handle_standard_args` (PCL_2D)
  does not match the name of the calling package (PCL).  This can lead to
  problems in calling code that expects `find_package` result variables
  (e.g., `_FOUND`) to follow a certain pattern.
Call Stack (most recent call first):
  thirdparty/arm64/pcl/share/pcl-1.10/PCLConfig.cmake:592 (find_package_handle_standard_args)
  CMakeLists.txt:29 (find_package)
This warning is for project developers.  Use -Wno-dev to suppress it.

-- Found PCL_2D: /root/workspace/workspace/caffer_semantic_map/SemanticMap/thirdparty/arm64/pcl/include/pcl-1.10  
-- looking for PCL_GEOMETRY
CMake Warning (dev) at /usr/local/share/cmake-3.22/Modules/FindPackageHandleStandardArgs.cmake:438 (message):
  The package name passed to `find_package_handle_standard_args`
  (PCL_GEOMETRY) does not match the name of the calling package (PCL).  This
  can lead to problems in calling code that expects `find_package` result
  variables (e.g., `_FOUND`) to follow a certain pattern.
Call Stack (most recent call first):
  thirdparty/arm64/pcl/share/pcl-1.10/PCLConfig.cmake:592 (find_package_handle_standard_args)
  CMakeLists.txt:29 (find_package)
This warning is for project developers.  Use -Wno-dev to suppress it.

-- Found PCL_GEOMETRY: /root/workspace/workspace/caffer_semantic_map/SemanticMap/thirdparty/arm64/pcl/include/pcl-1.10  
-- looking for PCL_IO
CMake Warning (dev) at /usr/local/share/cmake-3.22/Modules/FindPackageHandleStandardArgs.cmake:438 (message):
  The package name passed to `find_package_handle_standard_args` (PCL_IO)
  does not match the name of the calling package (PCL).  This can lead to
  problems in calling code that expects `find_package` result variables
  (e.g., `_FOUND`) to follow a certain pattern.
Call Stack (most recent call first):
  thirdparty/arm64/pcl/share/pcl-1.10/PCLConfig.cmake:589 (find_package_handle_standard_args)
  CMakeLists.txt:29 (find_package)
This warning is for project developers.  Use -Wno-dev to suppress it.

-- Found PCL_IO: /root/workspace/workspace/caffer_semantic_map/SemanticMap/thirdparty/arm64/pcl/lib/libpcl_io.so  
-- looking for PCL_ML
CMake Warning (dev) at /usr/local/share/cmake-3.22/Modules/FindPackageHandleStandardArgs.cmake:438 (message):
  The package name passed to `find_package_handle_standard_args` (PCL_ML)
  does not match the name of the calling package (PCL).  This can lead to
  problems in calling code that expects `find_package` result variables
  (e.g., `_FOUND`) to follow a certain pattern.
Call Stack (most recent call first):
  thirdparty/arm64/pcl/share/pcl-1.10/PCLConfig.cmake:589 (find_package_handle_standard_args)
  CMakeLists.txt:29 (find_package)
This warning is for project developers.  Use -Wno-dev to suppress it.

-- Found PCL_ML: /root/workspace/workspace/caffer_semantic_map/SemanticMap/thirdparty/arm64/pcl/lib/libpcl_ml.so  
-- looking for PCL_SURFACE
CMake Warning (dev) at /usr/local/share/cmake-3.22/Modules/FindPackageHandleStandardArgs.cmake:438 (message):
  The package name passed to `find_package_handle_standard_args`
  (PCL_SURFACE) does not match the name of the calling package (PCL).  This
  can lead to problems in calling code that expects `find_package` result
  variables (e.g., `_FOUND`) to follow a certain pattern.
Call Stack (most recent call first):
  thirdparty/arm64/pcl/share/pcl-1.10/PCLConfig.cmake:589 (find_package_handle_standard_args)
  CMakeLists.txt:29 (find_package)
This warning is for project developers.  Use -Wno-dev to suppress it.

-- Found PCL_SURFACE: /root/workspace/workspace/caffer_semantic_map/SemanticMap/thirdparty/arm64/pcl/lib/libpcl_surface.so  
-- Found PCL: pcl_common;pcl_kdtree;pcl_octree;pcl_search;pcl_sample_consensus;pcl_filters;pcl_io;pcl_ml;pcl_surface;/usr/lib/aarch64-linux-gnu/libboost_system.so;/usr/lib/aarch64-linux-gnu/libboost_filesystem.so;/usr/lib/aarch64-linux-gnu/libboost_date_time.so;/usr/lib/aarch64-linux-gnu/libboost_iostreams.so;/usr/lib/aarch64-linux-gnu/libboost_serialization.so;/usr/lib/aarch64-linux-gnu/libboost_regex.so;/root/workspace/workspace/caffer_semantic_map/SemanticMap/thirdparty/arm64/qhull/lib/*.so;FLANN::FLANN (Required is at least version "1.10") 
-- Found Boost: /usr/include (found version "1.65.1") found components: system serialization filesystem 
-- Found Boost: /usr/include (found version "1.65.1") found components: system filesystem 
-- Configuring done
-- Generating done
-- Build files have been written to: /root/workspace/workspace/caffer_semantic_map/SemanticMap/build
+ make
[  5%] Building CXX object source/CMakeFiles/semantic_map.dir/src/basic/get_time.cpp.o
[ 10%] Building CXX object source/CMakeFiles/semantic_map.dir/src/basic/math.cpp.o
[ 15%] Building CXX object source/CMakeFiles/semantic_map.dir/src/internal/occupancy_category.cpp.o
[ 20%] Building CXX object source/CMakeFiles/semantic_map.dir/src/internal/occupancy_map.cpp.o
[ 25%] Building CXX object source/CMakeFiles/semantic_map.dir/src/internal/occupancy_object.cpp.o
[ 30%] Building CXX object source/CMakeFiles/semantic_map.dir/src/internal/point_cloud_extractor.cpp.o
[ 35%] Building CXX object source/CMakeFiles/semantic_map.dir/src/internal/point_cloud_processor.cpp.o
[ 40%] Building CXX object source/CMakeFiles/semantic_map.dir/src/internal/probability_map.cpp.o
[ 45%] Building CXX object source/CMakeFiles/semantic_map.dir/src/internal/trajectory_category.cpp.o
[ 50%] Building CXX object source/CMakeFiles/semantic_map.dir/src/internal/trajectory_map.cpp.o
[ 55%] Building CXX object source/CMakeFiles/semantic_map.dir/src/monitor.cpp.o
[ 60%] Building CXX object source/CMakeFiles/semantic_map.dir/src/recorder.cpp.o
[ 65%] Building CXX object source/CMakeFiles/semantic_map.dir/src/semantic_map.cpp.o
[ 70%] Building CXX object source/CMakeFiles/semantic_map.dir/src/semantic_map_alg.cpp.o
[ 75%] Building CXX object source/CMakeFiles/semantic_map.dir/src/semantic_map_impl.cpp.o
[ 80%] Linking CXX shared library ../../lib/arm/libsemantic_map.so
/usr/bin/ld: cannot find -l*
collect2: error: ld returned 1 exit status
source/CMakeFiles/semantic_map.dir/build.make:368: recipe for target '../lib/arm/libsemantic_map.so' failed
make[2]: *** [../lib/arm/libsemantic_map.so] Error 1
CMakeFiles/Makefile2:133: recipe for target 'source/CMakeFiles/semantic_map.dir/all' failed
make[1]: *** [source/CMakeFiles/semantic_map.dir/all] Error 2
Makefile:90: recipe for target 'all' failed
make: *** [all] Error 2
Build step 'Execute shell' marked build as failure
Finished: FAILURE
